Starting Dynare (version 5.1).
Calling Dynare with arguments: none
Starting preprocessing of the model file ...
Found 67 equation(s).
Evaluating expressions...done
Computing static model derivatives (order 1).
Computing dynamic model derivatives (order 1).
Processing outputs ...
done
Preprocessing completed.


STEADY-STATE RESULTS:

mc        		 0.888889
Pi        		 1
Z         		 0.0397052
w         		 5.04516
R         		 1.015
epsilon   		 1.04845
Q         		 1
Y         		 2.86138
M         		 0.436666
L         		 0.262151
C         		 1.94489
I         		 0.38435
K         		 19.2175
EX        		 0.50822
N         		 3.6833
K_b       		 14.6954
K_h       		 4.52211
D         		 5.62953
D_star    		 4.2711
x         		 0.304722
psi       		 1.59989
phi       		 3.98974
upsilon   		 1.56389
mu        		 0.00724965
mu_star   		 0.0057705
A         		 1
R_star    		 1.01125
Y_star    		 0.484737
Phi       		 0
Theta     		 0.401
chi_h     		 0.0104814
chi_b     		 0.0134408
Ynet      		 2.37964
P_c       		 1
R_dc      		 1
P_dc      		 0.27814
theta_c   		 1
cryp      		 0.918001
DC        		 2.05751
DC_sup    		 0.572276
m         		 2.02547
R_c       		 1
Lambda    		 0.985222
gam       		 0.0315772
trs       		 0.496077
Lambda1   		 1.0178
sigma_Rc  		 0
mu_cryp   		 0.0231117
x_c       		 0.0624686
DE        		 1
logY      		 1.0513
logPi     		 0
logR      		 0.0148886
logI      		 -0.956202
logL      		 -1.33884
logC      		 0.665204
logEX     		 -0.676841
logM      		 -0.828586
logD      		 1.72803
logD_star 		 1.45187
logN      		 1.30381
spread    		 0.00470518
logDC     		 0.721498
logm      		 0.705804
leverage  		 1.38373
TB        		 0.0715536
logcryp   		 -0.0855572

EIGENVALUES:
         Modulus             Real        Imaginary

       4.285e-16        4.285e-16                0
       5.754e-16       -5.754e-16                0
       1.516e-15       -1.516e-15                0
       2.726e-08        2.726e-08                0
       2.726e-08       -2.726e-08                0
          0.4535           0.4535                0
          0.8426           0.8426                0
             0.9              0.9                0
             0.9              0.9                0
          0.9362           0.9362                0
            0.95             0.95                0
            0.95             0.95                0
            0.95             0.95                0
          0.9757           0.9757                0
          0.9845           0.9845                0
           1.024            1.024                0
           1.042            1.042                0
           1.071            1.071                0
            1.16             1.16                0
           1.611            1.611                0
        4.42e+16         4.42e+16                0
             Inf              Inf                0


There are 7 eigenvalue(s) larger than 1 in modulus 
for 7 forward-looking variable(s)

The rank condition is verified.

MODEL_DIAGNOSTICS:  The Jacobian of the static model is singular
MODEL_DIAGNOSTICS:  there is 2 colinear relationships between the variables and the equations
Relation 1
Colinear variables:
Z
w
epsilon
Y
M
L
C
I
K
EX
N
K_b
K_h
D
D_star
x
psi
phi
upsilon
mu
mu_star
R_star
Y_star
chi_h
chi_b
Ynet
P_dc
cryp
DC
DC_sup
m
gam
trs
Lambda1
mu_cryp
x_c
logY
logI
logL
logC
logEX
logM
logD
logD_star
logN
spread
logDC
logm
leverage
TB
logcryp
Relation 2
Colinear variables:
Z
w
epsilon
Y
M
L
C
I
K
EX
N
K_b
K_h
D
D_star
x
psi
phi
upsilon
mu
mu_star
R_star
Y_star
chi_h
chi_b
Ynet
P_dc
cryp
DC
DC_sup
m
gam
trs
Lambda1
mu_cryp
x_c
logY
logI
logL
logC
logEX
logM
logD
logD_star
logN
spread
logDC
logm
leverage
TB
logcryp
Relation 1
Colinear equations
    48    49

Relation 2
Colinear equations
    48    49

MODEL_DIAGNOSTICS:  The presence of a singularity problem typically indicates that there is one
MODEL_DIAGNOSTICS:  redundant equation entered in the model block, while another non-redundant equation
MODEL_DIAGNOSTICS:  is missing. The problem often derives from Walras Law.

MODEL SUMMARY

  Number of variables:         67
  Number of stochastic shocks: 6
  Number of state variables:   15
  Number of jumpers:           7
  Number of static variables:  46


MATRIX OF COVARIANCE OF EXOGENOUS SHOCKS
Variables               varepsilon_R      varepsilon_A  varepsilon_Rstar  varepsilon_Ystar            eps_Rc               vol
varepsilon_R                0.000006          0.000000          0.000000          0.000000          0.000000          0.000000
varepsilon_A                0.000000          0.000100          0.000000          0.000000          0.000000          0.000000
varepsilon_Rstar            0.000000          0.000000          0.000006          0.000000          0.000000          0.000000
varepsilon_Ystar            0.000000          0.000000          0.000000          0.000000          0.000000          0.000000
eps_Rc                      0.000000          0.000000          0.000000          0.000000          0.000000          0.000000
vol                         0.000000          0.000000          0.000000          0.000000          0.000000          0.000000

POLICY AND TRANSITION FUNCTIONS
                                  mc              Pi               Z               w               R         epsilon               Q               Y               M               L               C               I               K              EX               N             K_b             K_h               D          D_star               x             psi             phi         upsilon              mu         mu_star               A          R_star          Y_star             Phi           Theta           chi_h           chi_b            Ynet             P_c            R_dc            P_dc         theta_c            cryp              DC          DC_sup               m             R_c          Lambda             gam             trs         Lambda1        sigma_Rc         mu_cryp             x_c              DE            logY           logPi            logR            logI            logL            logC           logEX            logM            logD       logD_star            logN          spread           logDC            logm        leverage              TB         logcryp
Constant                    0.888889        1.000000        0.039705        5.045163        1.015000        1.048445        1.000000        2.861379        0.436666        0.262151        1.944887        0.384350       19.217501        0.508220        3.683295       14.695392        4.522108        5.629528        4.271096        0.304722        1.599886        3.989741        1.563893        0.007250        0.005770        1.000000        1.011255        0.484737               0        0.401000        0.010481        0.013441        2.379636        1.000000        1.000000        0.278140        1.000000        0.918001        2.057513        0.572276        2.025474        1.000000        0.985222        0.031577        0.496077        1.017805               0        0.023112        0.062469        1.000000        1.051304               0        0.014889       -0.956202       -1.338836        0.665204       -0.676841       -0.828586        1.728026        1.451872        1.303808        0.004705        0.721498        0.705804        1.383726        0.071554       -0.085557
R(-1)                      -2.896627       -1.014055       -0.272878       -8.668367        0.326787       -1.767677       -2.115385      -10.340770       -2.264821       -1.351246       -8.578581       -1.219573       -1.219573       -0.856858      -37.045769      -63.127405       61.907833      -46.219824       -2.264821        1.278263        5.834250       14.549253        5.014831        0.138291        0.000320               0               0               0               0               0        0.287648        0.026594       -7.508586               0        0.115354        0.032084               0       -0.997179       -7.673011       -2.068154      -10.428954               0       -0.772085        0.596354       -0.354885        1.343222               0        0.570177        0.332637       -2.700054       -3.613912       -1.014055        0.321958       -3.173078       -5.154462       -4.410838       -1.685999       -5.186618       -8.210249       -0.530267      -10.057779        0.078353       -3.729265       -5.148895        3.646666        1.407963       -1.086250
K(-1)                      -0.010667       -0.004220       -0.002085       -0.000614       -0.000250        0.022247       -0.022124        0.032946       -0.009478       -0.000096        0.027269       -0.012755        0.967245        0.010784       -0.442403       -0.519534        1.486779       -0.488037       -0.009478        0.023304        0.100206        0.249890        0.087491        0.002585        0.000192               0               0               0               0               0        0.006365        0.001283        0.025521               0       -0.000385       -0.000107               0        0.001988        0.024482        0.006589        0.033053               0       -0.001918       -0.001024        0.001105       -0.029536               0        0.000914        0.003726        0.016999        0.011514       -0.004220       -0.000246       -0.033186       -0.000365        0.014021        0.021219       -0.021706       -0.086692       -0.002219       -0.120111        0.001423        0.011899        0.016319        0.062633        0.020262        0.002165
K_b(-1)                     0.001247        0.000441        0.000121        0.003850        0.000192        0.000527        0.024735        0.004720        0.001113        0.000600        0.005230        0.014260        0.014260        0.000256        1.297757        2.661514       -2.647253        1.721505        0.001113       -0.062493       -0.234366       -0.584453       -0.206323       -0.005385       -0.000875               0               0               0               0               0       -0.012280       -0.002746        0.018348               0       -0.000181       -0.000050               0       -0.000425        0.003766        0.000944        0.007331               0        0.000014        0.000499        0.000447       -0.002924               0       -0.002758       -0.012888        0.000944        0.001650        0.000441        0.000189        0.037102        0.002290        0.002689        0.000503        0.002550        0.305799        0.000261        0.352336       -0.002874        0.001830        0.003619       -0.146489       -0.000858       -0.000463
D(-1)                      -0.001242       -0.000439       -0.000121       -0.003833       -0.000191       -0.000525       -0.024621       -0.004698       -0.001108       -0.000597       -0.005206       -0.014194       -0.014194       -0.000254       -1.291769       -2.649233        2.635038       -1.713561       -0.001108        0.062205        0.233284        0.581756        0.205371        0.005360        0.000871               0               0               0               0               0        0.012223        0.002734       -0.018263               0        0.000180        0.000050               0        0.000423       -0.003748       -0.000940       -0.007297               0       -0.000014       -0.000497       -0.000445        0.002910               0        0.002745        0.012828       -0.000939       -0.001642       -0.000439       -0.000188       -0.036931       -0.002279       -0.002677       -0.000501       -0.002538       -0.304388       -0.000259       -0.350710        0.002861       -0.001822       -0.003602        0.145813        0.000854        0.000461
D_star(-1)                 -0.006468       -0.001299       -0.001350       -0.042885        0.002010        0.042774       -0.057234       -0.076468       -0.032662       -0.006685       -0.092810       -0.032997       -0.032997        0.020734       -1.976800       -3.732113        3.699116       -3.785172        0.978593        0.177079        0.360766        0.899666        0.316893        0.007827        0.003764               0               0               0               0               0        0.017166        0.011439       -0.089506               0        0.003319        0.000923               0       -0.008466       -0.061814       -0.015294       -0.135426               0       -0.002001        0.002568       -0.009204        0.062494               0        0.007734        0.018864        0.039499       -0.026724       -0.001299        0.001980       -0.085850       -0.025501       -0.047720        0.040798       -0.074798       -0.672378        0.229120       -0.536693        0.004136       -0.030043       -0.066861        0.225495        0.053396       -0.009222
A(-1)                      -0.559573       -0.218139        0.010213        0.324426       -0.008700        1.222471        0.939103        2.537289       -0.396828        0.050572        1.413549        0.541416        0.541416        0.592577        6.611413        5.169214       -4.627798        7.488287       -0.396828       -0.066364       -0.806522       -2.011276       -0.710229       -0.017724        0.001546        0.950000               0               0               0               0       -0.021748        0.011496        2.429782               0        0.027044        0.007522               0        0.076258        1.768829        0.507458        1.180648               0       -0.101674       -0.083847       -0.069194       -1.191790               0       -0.023702       -0.075449        0.947846        0.886737       -0.218139       -0.008571        1.408655        0.192913        0.726803        1.165985       -0.908767        1.330180       -0.092910        1.794972       -0.008881        0.859693        0.582900       -0.504112        0.989405        0.083070
R_star(-1)                  0.799691        0.527079       -0.016980       -0.539399        0.559194        6.311317       -4.039217       -3.797933       -2.815340       -0.084083       -5.517890       -2.328710       -2.328710        3.059327      -81.806376     -139.379329      137.050619     -143.257918        1.455756        6.059187       13.897138       34.656204       12.046676        0.305719        0.104430               0        0.900000               0               0               0        0.636588        0.352752       -4.591483               0        0.215610        0.059970               0       -1.802691       -3.174576       -0.759587       -8.585151               0       -0.170083        1.070513       -0.673876        4.538658               0        1.026892        0.722141        6.546771       -1.327309        0.527079        0.550930       -6.058826       -0.320742       -2.837127        6.019693       -6.447349      -25.447591        0.340839      -22.210107        0.162987       -1.542919       -4.238588        8.686330        5.874667       -1.963714
Y_star(-1)                  0.260775        0.091100        0.034728        1.103184        0.005299       -0.481859        0.127740        1.663250        0.582618        0.171967        0.942916        0.073645        0.073645        0.710026        4.747097        8.570674       -8.497029        8.079673       -0.317382       -0.379338       -0.924504       -2.305496       -0.823224       -0.018392       -0.008540               0               0        0.900000               0               0       -0.039429       -0.023908        1.326156               0        0.015175        0.004221               0       -0.011990        1.164760        0.332650        0.803707               0        0.035616       -0.007533       -0.042323       -0.075403               0       -0.004122       -0.045229       -0.368494        0.581276        0.091100        0.005220        0.191610        0.655985        0.484818        1.397084        1.334241        1.435231       -0.074309        1.288818       -0.009630        0.566101        0.396799       -0.577856        0.127408       -0.013061
P_c(-1)                    -0.009212       -0.001281       -0.000657       -0.020869       -0.001567       -0.018923        0.024517       -0.017690        0.000656       -0.003253       -0.008814        0.014135        0.014135       -0.009173        0.393685        2.357566       -2.343432        5.314440        0.000656       -0.061810        0.124890        0.311447       -0.182868       -0.004788       -0.033652               0               0               0               0               0       -0.010871       -0.002967        0.003723               0       -0.000177       -0.000049               0       -2.913104       -0.012356       -0.003538       -0.005948       -1.000000        0.002019       -0.003221        0.000767       -0.005147               0        1.535700       -0.209786       -0.019330       -0.006182       -0.001281       -0.001544        0.036776       -0.012409       -0.004532       -0.018049        0.001503        0.944030        0.000154        0.106884       -0.002567       -0.006005       -0.002937        0.078062       -0.009829       -3.173314
P_dc(-1)                   -0.131534       -0.045525       -0.015079       -0.478992       -0.011451        0.089246        0.058506       -0.663231       -0.203000       -0.074666       -0.744184        0.033730        0.033730        0.043261       -0.058767       -0.648698        0.682428        0.062208       -0.203000        0.007079        0.048505        0.120960        0.047548        0.000878        0.000517               0               0               0               0               0        0.003145        0.000818       -0.493330               0       -0.563251        0.843338               0        0.040096       -6.715421       -0.132646        5.544435               0       -0.009018        0.571612        1.500209       -0.166942               0       -0.016680        0.001831        0.039598       -0.231787       -0.045525       -0.011282        0.087758       -0.284822       -0.382636        0.085123       -0.464886        0.011050       -0.047529       -0.015955        0.000470       -3.263854        2.737351        0.030318        0.246261        0.043678
theta_c(-1)                -0.001593       -0.000184       -0.000140       -0.004456       -0.000160       -0.001591        0.000200       -0.004981       -0.000880       -0.000695       -0.003389        0.000115        0.000115       -0.000771        0.006086        0.159823       -0.159708        0.614242       -0.000880       -0.003900        0.015076        0.037597       -0.033698       -0.000414       -0.005191               0               0               0               0               0       -0.000740       -0.000195       -0.002428       -0.154393        0.000010        0.000003        0.950000       -0.450042       -0.003603       -0.000996       -0.003511       -0.154393        0.000278       -0.000336        0.000004        0.000208               0        0.237145       -0.031317       -0.001702       -0.001741       -0.000184       -0.000157        0.000300       -0.002650       -0.001743       -0.001518       -0.002015        0.109111       -0.000206        0.001652       -0.000168       -0.001751       -0.001733        0.009423        0.000109       -0.490242
cryp(-1)                   -0.001223       -0.000432       -0.000119       -0.003776       -0.000188       -0.000517       -0.024257       -0.004629       -0.001092       -0.000589       -0.005129       -0.013985       -0.013985       -0.000251       -1.272679       -2.610082        2.596097       -1.688238       -0.001092        0.061286        0.229837        0.573159        0.202336        0.005281        0.000858               0               0               0               0               0        0.012042        0.002693       -0.017994               0        0.000177        0.000049               0        0.000417       -0.003693       -0.000926       -0.007189               0       -0.000014       -0.000490       -0.000439        0.002867               0        0.002705        0.012639       -0.000926       -0.001618       -0.000432       -0.000185       -0.036385       -0.002245       -0.002637       -0.000493       -0.002501       -0.299890       -0.000256       -0.345527        0.002819       -0.001795       -0.003549        0.143658        0.000841        0.000454
R_c(-1)                    -0.001123       -0.000397       -0.000109       -0.003466       -0.000173       -0.000475       -0.022268       -0.004249       -0.001002       -0.000540       -0.004708       -0.012838       -0.012838       -0.000230       -1.168320       -2.396057        2.383219       -1.549803       -0.001002        0.056260        0.210990        0.526160        0.185744        0.004848        0.000788               0               0               0               0               0        0.011055        0.002472       -0.016518               0        0.000163        0.000045               0        0.000383       -0.003390       -0.000850       -0.006599               0       -0.000013       -0.000450       -0.000403        0.002632               0        0.002483        0.011602       -0.000850       -0.001485       -0.000397       -0.000170       -0.033402       -0.002061       -0.002421       -0.000453       -0.002296       -0.275299       -0.000235       -0.317194        0.002588       -0.001648       -0.003258        0.131878        0.000772        0.000417
sigma_Rc(-1)                       0               0               0               0               0               0               0               0               0               0               0               0               0               0               0               0               0               0               0               0               0               0               0               0               0               0               0               0               0               0               0               0               0               0               0               0               0               0               0               0               0               0               0               0               0               0        0.950000               0               0               0               0               0               0               0               0               0               0               0               0               0               0               0               0               0               0               0               0
epsilon(-1)                 0.209817        0.073451        0.019764        0.627845       -0.023804        0.128135        0.143678        0.748926        0.163997        0.097870        0.620773        0.082834        0.082834        0.062112        2.169599        3.516664       -3.433830        2.665846        0.163997       -0.067761       -0.329666       -0.822109       -0.281411       -0.007882        0.000328               0               0               0               0               0       -0.015963       -0.000830        0.537825               0       -0.008303       -0.002309               0        0.072573        0.555609        0.149785        0.754282               0        0.056054       -0.043500        0.025588       -0.096356               0       -0.040294       -0.018986       -0.758127        0.261736        0.073451       -0.023452        0.215517        0.373335        0.319182        0.122215        0.375565        0.473547        0.038397        0.589038       -0.004537        0.270039        0.372398       -0.206056       -0.101885        0.079056
varepsilon_R               -3.666358       -1.283495       -0.345366      -10.971021        0.415954       -2.239047       -2.510642      -13.086791       -2.865692       -1.710189      -10.847442       -1.447448       -1.447448       -1.085349      -37.911758      -61.450484       60.003036      -46.583226       -2.865692        1.184064        5.760605       14.365600        4.917392        0.137737       -0.005725               0               0               0               0               0        0.278942        0.014505       -9.398000               0        0.145090        0.040355               0       -1.268150       -9.708757       -2.617358      -13.180389               0       -0.979484        0.760122       -0.447128        1.683732               0        0.704093        0.331760       -3.419083       -4.573596       -1.283495        0.409807       -3.765962       -6.523687       -5.577416       -2.135589       -6.562660       -8.274802       -0.670950      -10.292892        0.079277       -4.718686       -6.507310        3.600635        1.780344       -1.381426
varepsilon_A               -0.589024       -0.229620        0.010750        0.341501       -0.009157        1.286812        0.988529        2.670831       -0.417714        0.053234        1.487946        0.569912        0.569912        0.623765        6.959382        5.441278       -4.871366        7.882408       -0.417714       -0.069857       -0.848970       -2.117133       -0.747609       -0.018657        0.001628        1.000000               0               0               0               0       -0.022893        0.012101        2.557666               0        0.028467        0.007918               0        0.080272        1.861926        0.534166        1.242787               0       -0.107025       -0.088260       -0.072836       -1.254515               0       -0.024950       -0.079420        0.997732        0.933407       -0.229620       -0.009022        1.482794        0.203066        0.765055        1.227352       -0.956597        1.400190       -0.097800        1.889445       -0.009348        0.904940        0.613578       -0.530644        1.041479        0.087442
varepsilon_Rstar            0.918900        0.591737       -0.012531       -0.398080        0.611894        6.811843       -4.219431       -3.861075       -2.974878       -0.062054       -5.695449       -2.432607       -2.432607        3.301950      -81.619157     -137.351694      134.919086     -141.412237       -2.974878        5.901427       13.748244       34.284899       11.898067        0.302959        0.098369               0        1.000000               0               0               0        0.626764        0.338267       -4.681612               0        0.223990        0.062301               0       -1.963262       -3.237221       -0.772215       -8.903526               0       -0.179591        1.177407       -0.705558        4.749679               0        1.104695        0.713853        7.088828       -1.349376        0.591737        0.602851       -6.329146       -0.236710       -2.928422        6.497090       -6.812703      -25.119734       -0.696514      -22.159278        0.161688       -1.573366       -4.395773        8.593265        6.276828       -2.138628
varepsilon_Ystar            0.289750        0.101222        0.038587        1.225760        0.005887       -0.535399        0.141934        1.848056        0.647353        0.191074        1.047685        0.081828        0.081828        0.788918        5.274553        9.522971       -9.441143        8.977415       -0.352647       -0.421486       -1.027227       -2.561662       -0.914693       -0.020436       -0.009489               0               0        1.000000               0               0       -0.043810       -0.026565        1.473507               0        0.016861        0.004690               0       -0.013322        1.294177        0.369611        0.893008               0        0.039574       -0.008370       -0.047025       -0.083782               0       -0.004580       -0.050254       -0.409437        0.645862        0.101222        0.005800        0.212900        0.728873        0.538687        1.552316        1.482490        1.594701       -0.082566        1.432020       -0.010700        0.629001        0.440888       -0.642062        0.141564       -0.014512
eps_Rc                             0               0               0               0               0               0               0               0               0               0               0               0               0               0               0               0               0               0               0               0               0               0               0               0               0               0               0               0               0               0               0               0               0               0               0               0               0               0               0               0               0               0               0               0               0               0        0.030000               0               0               0               0               0               0               0               0               0               0               0               0               0               0               0               0               0               0               0               0
vol                        -0.001677       -0.000194       -0.000148       -0.004691       -0.000168       -0.001675        0.000210       -0.005243       -0.000926       -0.000731       -0.003567        0.000121        0.000121       -0.000812        0.006406        0.168235       -0.168114        0.646571       -0.000926       -0.004106        0.015870        0.039576       -0.035471       -0.000436       -0.005464               0               0               0               0               0       -0.000779       -0.000205       -0.002555       -0.162519        0.000011        0.000003        1.000000       -0.473729       -0.003792       -0.001049       -0.003696       -0.162519        0.000293       -0.000353        0.000005        0.000219               0        0.249627       -0.032965       -0.001792       -0.001832       -0.000194       -0.000166        0.000316       -0.002789       -0.001834       -0.001598       -0.002121        0.114853       -0.000217        0.001739       -0.000177       -0.001843       -0.001825        0.009919        0.000114       -0.516044
[Warning: Aggregate variance and sum of variances by shocks differ by more than 0.01 %] 
[> In <a href="matlab:matlab.internal.language.introspective.errorDocCallback('th_autocovariances', 'C:\dynare\5.1\matlab\th_autocovariances.m', 206)" style="font-weight:bold">th_autocovariances</a> (<a href="matlab: opentoline('C:\dynare\5.1\matlab\th_autocovariances.m',206,0)">line 206</a>)
In <a href="matlab:matlab.internal.language.introspective.errorDocCallback('disp_th_moments', 'C:\dynare\5.1\matlab\disp_th_moments.m', 40)" style="font-weight:bold">disp_th_moments</a> (<a href="matlab: opentoline('C:\dynare\5.1\matlab\disp_th_moments.m',40,0)">line 40</a>)
In <a href="matlab:matlab.internal.language.introspective.errorDocCallback('stoch_simul', 'C:\dynare\5.1\matlab\stoch_simul.m', 210)" style="font-weight:bold">stoch_simul</a> (<a href="matlab: opentoline('C:\dynare\5.1\matlab\stoch_simul.m',210,0)">line 210</a>)
In <a href="matlab:matlab.internal.language.introspective.errorDocCallback('cdbc_quantity.driver', 'D:\crypto2\crypto_storage\cdbc_quantity_1\+cdbc_quantity\driver.m', 848)" style="font-weight:bold">cdbc_quantity.driver</a> (<a href="matlab: opentoline('D:\crypto2\crypto_storage\cdbc_quantity_1\+cdbc_quantity\driver.m',848,0)">line 848</a>)
In <a href="matlab:matlab.internal.language.introspective.errorDocCallback('dynare', 'C:\dynare\5.1\matlab\dynare.m', 281)" style="font-weight:bold">dynare</a> (<a href="matlab: opentoline('C:\dynare\5.1\matlab\dynare.m',281,0)">line 281</a>)
In <a href="matlab:matlab.internal.language.introspective.errorDocCallback('plotfile_sto', 'D:\crypto2\crypto_storage\plotfile_sto.m', 50)" style="font-weight:bold">plotfile_sto</a> (<a href="matlab: opentoline('D:\crypto2\crypto_storage\plotfile_sto.m',50,0)">line 50</a>)] 


THEORETICAL MOMENTS
VARIABLE          MEAN  STD. DEV.   VARIANCE
mc              0.8889     0.0126     0.0002
Pi              1.0000     0.0053     0.0000
Z               0.0397     0.0019     0.0000
w               5.0452     0.0808     0.0065
R               1.0150     0.0050     0.0000
epsilon         1.0484     0.0703     0.0049
Q               1.0000     0.0466     0.0022
Y               2.8614     0.1804     0.0326
M               0.4367     0.0226     0.0005
L               0.2622     0.0126     0.0002
C               1.9449     0.1354     0.0183
I               0.3844     0.0268     0.0007
K              19.2175     0.6338     0.4017
EX              0.5082     0.0341     0.0012
N               3.6833     0.6403     0.4100
K_b            14.6954     1.1392     1.2977
K_h             4.5221     0.9678     0.9366
D               5.6295     1.0727     1.1507
D_star          4.2711     0.1264     0.0160
x               0.3047     0.0417     0.0017
psi             1.5999     0.0991     0.0098
phi             3.9897     0.2471     0.0611
upsilon         1.5639     0.0860     0.0074
mu              0.0072     0.0022     0.0000
mu_star         0.0058     0.0008     0.0000
A               1.0000     0.0320     0.0010
R_star          1.0113     0.0057     0.0000
Y_star          0.4847     0.0000     0.0000
Phi             0.0000     0.0000     0.0000
Theta           0.4010     0.0000     0.0000
chi_h           0.0105     0.0045     0.0000
chi_b           0.0134     0.0025     0.0000
Ynet            2.3796     0.1529     0.0234
P_c             1.0000     0.0000     0.0000
R_dc            1.0000     0.0011     0.0000
P_dc            0.2781     0.0027     0.0000
theta_c         1.0000     0.0000     0.0000
cryp            0.9180     0.0172     0.0003
DC              2.0575     0.1379     0.0190
DC_sup          0.5723     0.0361     0.0013
m               2.0255     0.1480     0.0219
R_c             1.0000     0.0000     0.0000
Lambda          0.9852     0.0039     0.0000
gam             0.0316     0.0119     0.0001
trs             0.4961     0.0034     0.0000
Lambda1         1.0178     0.0724     0.0052
sigma_Rc        0.0000     0.0000     0.0000
mu_cryp         0.0231     0.0087     0.0001
x_c             0.0625     0.0061     0.0000
DE              1.0000     0.0224     0.0005
logY            1.0513     0.0631     0.0040
logPi           0.0000     0.0053     0.0000
logR            0.0149     0.0049     0.0000
logI           -0.9562     0.0698     0.0049
logL           -1.3388     0.0481     0.0023
logC            0.6652     0.0696     0.0048
logEX          -0.6768     0.0671     0.0045
logM           -0.8286     0.0519     0.0027
logD            1.7280     0.1905     0.0363
logD_star       1.4519     0.0296     0.0009
logN            1.3038     0.1738     0.0302
spread          0.0047     0.0012     0.0000
logDC           0.7215     0.0670     0.0045
logm            0.7058     0.0731     0.0053
leverage        1.3837     0.0619     0.0038
TB              0.0716     0.0486     0.0024
logcryp        -0.0856     0.0188     0.0004



VARIANCE DECOMPOSITION (in percent)
                 varepsilon_R      varepsilon_A  varepsilon_Rstar  varepsilon_Ystar            eps_Rc               vol
mc                      66.86             27.90              5.24              0.00              0.00              0.00
Pi                      46.95             29.58             23.47              0.00              0.00              0.00
Z                       25.73             70.94              3.33              0.00              0.00              0.00
w                       14.47             79.00              6.53              0.00              0.00              0.00
R                        5.27             29.86             64.86              0.00              0.00              0.00
epsilon                  1.38             71.97             26.66              0.00              0.00              0.00
Q                        2.83             65.18             31.99              0.00              0.00              0.00
Y                        4.13             87.73              8.15              0.00              0.00              0.00
M                       12.84              4.22             82.94              0.00              0.00              0.00
L                       14.47             79.00              6.53              0.00              0.00              0.00
C                        5.00             76.72             18.28              0.00              0.00              0.00
I                        2.83             65.18             31.99              0.00              0.00              0.00
K                        0.79             74.30             24.92              0.00              0.00              0.00
EX                       1.38             71.97             26.66              0.00              0.00              0.00
N                       13.46             14.33             72.20              0.00              0.00              0.00
K_b                     18.36              7.51             74.14              0.00              0.00              0.00
K_h                     21.10              7.68             71.21              0.00              0.00              0.00
D                        5.57              9.50             84.93              0.00              0.00              0.00
D_star                  31.89              6.77             61.34              0.00              0.00              0.00
x                        2.66              0.43             96.91              0.00              0.00              0.00
psi                     15.94              4.27             79.79              0.00              0.00              0.00
phi                     15.94              4.27             79.79              0.00              0.00              0.00
upsilon                 16.24              4.15             79.61              0.00              0.00              0.00
mu                      18.49              4.26             77.25              0.00              0.00              0.00
mu_star                  1.59              3.13             95.28              0.00              0.00              0.00
A                        0.00            100.00              0.00              0.00              0.00              0.00
R_star                   0.00              0.00            100.00              0.00              0.00              0.00
Y_star                   0.00              0.00              0.00            100.00              0.00              0.00
Phi                      6.77             73.44             19.79              0.00              0.00              0.00
Theta                   13.02              3.57             83.42              0.00              0.00              0.00
chi_h                   21.56              4.69             73.75              0.00              0.00              0.00
chi_b                    1.57              6.63             91.80              0.00              0.00              0.00
Ynet                     3.05             86.36             10.59              0.00              0.00              0.00
P_c                      0.00              0.00              0.00              0.00              0.00            100.00
R_dc                    14.30              9.86             75.84              0.00              0.00              0.00
P_dc                     1.53              8.86             89.62              0.00              0.00              0.00
theta_c                  0.00              0.00              0.00              0.00              0.00            100.00
cryp                     4.17             37.13             58.71              0.00              0.00              0.00
DC                       4.05             79.63             16.32              0.00              0.00              0.00
DC_sup                   4.13             87.73              8.15              0.00              0.00              0.00
m                        6.02             72.86             21.12              0.00              0.00              0.00
R_c                      0.00              0.00              0.00              0.00              0.00            100.00
Lambda                  49.49             25.76             24.75              0.00              0.00              0.00
gam                      3.31             39.84             56.85              0.00              0.00              0.00
trs                     13.02             10.63             76.35              0.00              0.00              0.00
Lambda1                  0.46             72.11             27.44              0.00              0.00              0.00
sigma_Rc                 0.00              0.04              0.00              0.00             99.96              0.00
mu_cryp                  5.50             24.95             69.55              0.00              0.00              0.00
x_c                     14.74             20.18             65.08              0.00              0.00              0.00
DE                      14.89             21.47             63.64              0.00              0.00              0.00
logY                     4.13             87.73              8.15              0.00              0.00              0.00
logPi                   46.95             29.58             23.47              0.00              0.00              0.00
logR                     5.27             29.86             64.86              0.00              0.00              0.00
logI                     2.83             65.18             31.99              0.00              0.00              0.00
logL                    14.47             79.00              6.53              0.00              0.00              0.00
logC                     5.00             76.72             18.28              0.00              0.00              0.00
logEX                    1.38             71.97             26.66              0.00              0.00              0.00
logM                    12.84              4.22             82.94              0.00              0.00              0.00
logD                     5.57              9.50             84.93              0.00              0.00              0.00
logD_star               31.89              6.77             61.34              0.00              0.00              0.00
logN                    13.46             14.33             72.20              0.00              0.00              0.00
spread                  19.16              4.33             76.52              0.00              0.00              0.00
logDC                    4.05             79.63             16.32              0.00              0.00              0.00
logm                     6.02             72.86             21.12              0.00              0.00              0.00
leverage                15.94              4.27             79.79              0.00              0.00              0.00
TB                       1.71             37.39             60.90              0.00              0.00              0.00
logcryp                  4.17             37.13             58.71              0.00              0.00              0.00



MATRIX OF CORRELATIONS
Variables           mc         Pi          Z          w          R    epsilon          Q          Y          M          L          C          I          K         EX          N        K_b        K_h          D     D_star          x        psi        phi    upsilon         mu    mu_star          A     R_star      chi_h      chi_b       Ynet       R_dc       P_dc       cryp         DC     DC_sup          m     Lambda        gam        trs    Lambda1    mu_cryp        x_c         DE       logY      logPi       logR       logI       logL       logC      logEX       logM       logD  logD_star       logN     spread      logDC       logm   leverage         TB    logcryp
mc              1.0000     0.9370     0.2664     0.1825     0.0183     0.0020    -0.1778    -0.0389     0.2229     0.1825    -0.0188    -0.1778    -0.0401     0.0020    -0.0740    -0.0160    -0.0074    -0.1027     0.1368     0.1003     0.0538     0.0538     0.0551     0.0370     0.1417    -0.2738     0.1934    -0.0043     0.0967    -0.0824    -0.2342     0.0040    -0.0519    -0.0372    -0.0389    -0.0003     0.6205     0.0769     0.1806     0.2026     0.0240     0.0882     0.1906    -0.0389     0.9370     0.0183    -0.1778     0.1825    -0.0188     0.0020     0.2229    -0.1027     0.1368    -0.0740     0.0226    -0.0372    -0.0003     0.0538    -0.1025    -0.0519
Pi              0.9370     1.0000     0.0575    -0.0700     0.3648     0.0075    -0.4636    -0.2814    -0.0962    -0.0700    -0.2991    -0.4636    -0.2349     0.0075    -0.3942    -0.3228     0.2261    -0.4280     0.2410     0.3967     0.3538     0.3538     0.3538     0.3251     0.3938    -0.4035     0.4741     0.2441     0.3345    -0.3312    -0.0177     0.2551    -0.3927    -0.3022    -0.2814    -0.2937     0.3106     0.4128    -0.0880     0.4811     0.3706     0.4049     0.2379    -0.2814     1.0000     0.3648    -0.4636    -0.0700    -0.2991     0.0075    -0.0962    -0.4280     0.2410    -0.3942     0.3103    -0.3022    -0.2937     0.3538     0.0501    -0.3927
Z               0.2664     0.0575     1.0000     0.8652    -0.6117     0.6009     0.8052     0.8196     0.2921     0.8652     0.7861     0.8052     0.2553     0.6009     0.4754     0.2994    -0.1853     0.3757    -0.0502    -0.1600    -0.3543    -0.3543    -0.3490    -0.3505     0.0630     0.7836    -0.1297    -0.2048     0.0916     0.8054    -0.3426    -0.0200     0.6355     0.7742     0.8196     0.7918     0.6783    -0.6322     0.4359    -0.6795    -0.5858    -0.5034     0.0975     0.8196     0.0575    -0.6117     0.8052     0.8652     0.7861     0.6009     0.2921     0.3757    -0.0502     0.4754    -0.3579     0.7742     0.7918    -0.3543     0.2856     0.6355
w               0.1825    -0.0700     0.8652     1.0000    -0.7443     0.6884     0.8376     0.9754     0.3454     1.0000     0.9658     0.8376     0.7055     0.6884     0.5870     0.4866    -0.1108     0.5328    -0.3040    -0.2892    -0.4087    -0.4087    -0.4044    -0.3621    -0.1209     0.8281    -0.1910    -0.1651    -0.0128     0.9639    -0.2351    -0.3300     0.7850     0.9663     0.9754     0.9579     0.7244    -0.7991     0.3819    -0.8922    -0.7098    -0.6397     0.0356     0.9754    -0.0700    -0.7443     0.8376     1.0000     0.9658     0.6884     0.3454     0.5328    -0.3040     0.5870    -0.3604     0.9663     0.9579    -0.4087     0.3222     0.7850
R               0.0183     0.3648    -0.6117    -0.7443     1.0000    -0.0716    -0.8925    -0.7605    -0.8273    -0.7443    -0.8520    -0.8925    -0.5825    -0.0716    -0.9215    -0.8561     0.6262    -0.9289     0.3082     0.8209     0.8438     0.8438     0.8401     0.8063     0.6857    -0.5037     0.7971     0.6708     0.6300    -0.7844     0.5663     0.6708    -0.9961    -0.8141    -0.7605    -0.8832    -0.7715     0.9881    -0.7281     0.8741     0.9969     0.9208     0.1632    -0.7605     0.3648     1.0000    -0.8925    -0.7443    -0.8520    -0.0716    -0.8273    -0.9289     0.3082    -0.9215     0.8025    -0.8141    -0.8832     0.8438     0.3354    -0.9961
epsilon         0.0020     0.0075     0.6009     0.6884    -0.0716     1.0000     0.3848     0.6991    -0.4430     0.6884     0.5757     0.3848     0.4700     1.0000    -0.0660    -0.1676     0.5051    -0.1609    -0.1056     0.4317     0.2647     0.2647     0.2671     0.2990     0.5468     0.8254     0.5132     0.4687     0.6647     0.6682     0.2944     0.2519     0.1486     0.6210     0.6991     0.5262     0.0986    -0.1840    -0.2314    -0.4904    -0.0237    -0.0221     0.1590     0.6991     0.0075    -0.0716     0.3848     0.6884     0.5757     1.0000    -0.4430    -0.1609    -0.1056    -0.0660     0.3013     0.6210     0.5262     0.2647     0.9085     0.1486
Q              -0.1778    -0.4636     0.8052     0.8376    -0.8925     0.3848     1.0000     0.8912     0.5374     0.8376     0.9153     1.0000     0.4887     0.3848     0.8225     0.6779    -0.4778     0.7707    -0.2204    -0.5837    -0.7083    -0.7083    -0.7043    -0.6815    -0.3904     0.8037    -0.5648    -0.5153    -0.3271     0.9111    -0.3904    -0.3971     0.9153     0.8969     0.8912     0.9264     0.6027    -0.9205     0.5535    -0.9252    -0.8831    -0.8455    -0.0811     0.8912    -0.4636    -0.8925     1.0000     0.8376     0.9153     0.3848     0.5374     0.7707    -0.2204     0.8225    -0.6788     0.8969     0.9264    -0.7083     0.0196     0.9153
Y              -0.0389    -0.2814     0.8196     0.9754    -0.7605     0.6991     0.8912     1.0000     0.3010     0.9754     0.9858     0.8912     0.7260     0.6991     0.6132     0.4982    -0.1109     0.5646    -0.3396    -0.3164    -0.4275    -0.4275    -0.4233    -0.3763    -0.1547     0.9031    -0.2376    -0.1668    -0.0347     0.9981    -0.1864    -0.3363     0.8095     0.9904     1.0000     0.9736     0.5970    -0.8294     0.3476    -0.9522    -0.7267    -0.6700    -0.0066     1.0000    -0.2814    -0.7605     0.8912     0.9754     0.9858     0.6991     0.3010     0.5646    -0.3396     0.6132    -0.3713     0.9904     0.9736    -0.4275     0.3504     0.8095
M               0.2229    -0.0962     0.2921     0.3454    -0.8273    -0.4430     0.5374     0.3010     1.0000     0.3454     0.4490     0.5374     0.2639    -0.4430     0.8109     0.8183    -0.7903     0.8668    -0.2391    -0.9160    -0.8477    -0.8477    -0.8453    -0.8343    -0.8569    -0.0443    -0.9000    -0.8103    -0.8758     0.3269    -0.6714    -0.7338     0.7781     0.3909     0.3010     0.5032     0.7678    -0.7497     0.7714    -0.4682    -0.8466    -0.7621    -0.1617     0.3010    -0.0962    -0.8273     0.5374     0.3454     0.4490    -0.4430     1.0000     0.8668    -0.2391     0.8109    -0.8353     0.3909     0.5032    -0.8477    -0.7771     0.7781
L               0.1825    -0.0700     0.8652     1.0000    -0.7443     0.6884     0.8376     0.9754     0.3454     1.0000     0.9658     0.8376     0.7055     0.6884     0.5870     0.4866    -0.1108     0.5328    -0.3040    -0.2892    -0.4087    -0.4087    -0.4044    -0.3621    -0.1209     0.8281    -0.1910    -0.1651    -0.0128     0.9639    -0.2351    -0.3300     0.7850     0.9663     0.9754     0.9579     0.7244    -0.7991     0.3819    -0.8922    -0.7098    -0.6397     0.0356     0.9754    -0.0700    -0.7443     0.8376     1.0000     0.9658     0.6884     0.3454     0.5328    -0.3040     0.5870    -0.3604     0.9663     0.9579    -0.4087     0.3222     0.7850
C              -0.0188    -0.2991     0.7861     0.9658    -0.8520     0.5757     0.9153     0.9858     0.4490     0.9658     1.0000     0.9153     0.7566     0.5757     0.7122     0.6144    -0.2277     0.6827    -0.3852    -0.4610    -0.5420    -0.5420    -0.5379    -0.4881    -0.3092     0.8301    -0.3787    -0.2859    -0.1935     0.9893    -0.2688    -0.4664     0.8909     0.9961     0.9858     0.9962     0.6752    -0.9067     0.4402    -0.9781    -0.8235    -0.7587    -0.0403     0.9858    -0.2991    -0.8520     0.9153     0.9658     1.0000     0.5757     0.4490     0.6827    -0.3852     0.7122    -0.4826     0.9961     0.9962    -0.5420     0.1948     0.8909
I              -0.1778    -0.4636     0.8052     0.8376    -0.8925     0.3848     1.0000     0.8912     0.5374     0.8376     0.9153     1.0000     0.4887     0.3848     0.8225     0.6779    -0.4778     0.7707    -0.2204    -0.5837    -0.7083    -0.7083    -0.7043    -0.6815    -0.3904     0.8037    -0.5648    -0.5153    -0.3271     0.9111    -0.3904    -0.3971     0.9153     0.8969     0.8912     0.9264     0.6027    -0.9205     0.5535    -0.9252    -0.8831    -0.8455    -0.0811     0.8912    -0.4636    -0.8925     1.0000     0.8376     0.9153     0.3848     0.5374     0.7707    -0.2204     0.8225    -0.6788     0.8969     0.9264    -0.7083     0.0196     0.9153
K              -0.0401    -0.2349     0.2553     0.7055    -0.5825     0.4700     0.4887     0.7260     0.2639     0.7055     0.7566     0.4887     1.0000     0.4700     0.4744     0.5283     0.0331     0.5113    -0.5166    -0.3472    -0.3030    -0.3030    -0.3019    -0.2184    -0.3366     0.4932    -0.2027    -0.0439    -0.1688     0.7252     0.0245    -0.6166     0.6272     0.7737     0.7260     0.7338     0.4374    -0.6589     0.1288    -0.7688    -0.5534    -0.5360    -0.0748     0.7260    -0.2349    -0.5825     0.4887     0.7055     0.7566     0.4700     0.2639     0.5113    -0.5166     0.4744    -0.2044     0.7737     0.7338    -0.3030     0.2069     0.6272
EX              0.0020     0.0075     0.6009     0.6884    -0.0716     1.0000     0.3848     0.6991    -0.4430     0.6884     0.5757     0.3848     0.4700     1.0000    -0.0660    -0.1676     0.5051    -0.1609    -0.1056     0.4317     0.2647     0.2647     0.2671     0.2990     0.5468     0.8254     0.5132     0.4687     0.6647     0.6682     0.2944     0.2519     0.1486     0.6210     0.6991     0.5262     0.0986    -0.1840    -0.2314    -0.4904    -0.0237    -0.0221     0.1590     0.6991     0.0075    -0.0716     0.3848     0.6884     0.5757     1.0000    -0.4430    -0.1609    -0.1056    -0.0660     0.3013     0.6210     0.5262     0.2647     0.9085     0.1486
N              -0.0740    -0.3942     0.4754     0.5870    -0.9215    -0.0660     0.8225     0.6132     0.8109     0.5870     0.7122     0.8225     0.4744    -0.0660     1.0000     0.9698    -0.8309     0.9786    -0.1518    -0.8952    -0.9745    -0.9745    -0.9736    -0.9546    -0.7443     0.3743    -0.8350    -0.8671    -0.7097     0.6478    -0.4531    -0.7015     0.9081     0.6799     0.6132     0.7388     0.6681    -0.9069     0.6145    -0.7514    -0.9476    -0.9952    -0.1337     0.6132    -0.3942    -0.9215     0.8225     0.5870     0.7122    -0.0660     0.8109     0.9786    -0.1518     1.0000    -0.9509     0.6799     0.7388    -0.9745    -0.4243     0.9081
K_b            -0.0160    -0.3228     0.2994     0.4866    -0.8561    -0.1676     0.6779     0.4982     0.8183     0.4866     0.6144     0.6779     0.5283    -0.1676     0.9698     1.0000    -0.8311     0.9665    -0.1568    -0.9140    -0.9608    -0.9608    -0.9612    -0.9359    -0.8013     0.2052    -0.8265    -0.8715    -0.7613     0.5323    -0.3979    -0.7876     0.8365     0.5843     0.4982     0.6395     0.6465    -0.8372     0.5521    -0.6582    -0.8886    -0.9637    -0.1407     0.4982    -0.3228    -0.8561     0.6779     0.4866     0.6144    -0.1676     0.8183     0.9665    -0.1568     0.9698    -0.9306     0.5843     0.6395    -0.9608    -0.4991     0.8365
K_h            -0.0074     0.2261    -0.1853    -0.1108     0.6262     0.5051    -0.4778    -0.1109    -0.7903    -0.1108    -0.2277    -0.4778     0.0331     0.5051    -0.8309    -0.8311     1.0000    -0.8028    -0.1537     0.8485     0.9325     0.9325     0.9337     0.9587     0.7228     0.0816     0.8401     0.9970     0.7855    -0.1516     0.4844     0.5233    -0.5739    -0.1811    -0.1109    -0.2722    -0.4745     0.5540    -0.5655     0.2712     0.6836     0.7834     0.1166    -0.1109     0.2261     0.6262    -0.4778    -0.1108    -0.2277     0.5051    -0.7903    -0.8028    -0.1537    -0.8309     0.9616    -0.1811    -0.2722     0.9325     0.7230    -0.5739
D              -0.1027    -0.4280     0.3757     0.5328    -0.9289    -0.1609     0.7707     0.5646     0.8668     0.5328     0.6827     0.7707     0.5113    -0.1609     0.9786     0.9665    -0.8028     1.0000    -0.3042    -0.9553    -0.9576    -0.9576    -0.9565    -0.9274    -0.8550     0.2923    -0.8872    -0.8419    -0.8130     0.6018    -0.4524    -0.8025     0.9128     0.6490     0.5646     0.7109     0.6497    -0.9118     0.6169    -0.7421    -0.9517    -0.9668    -0.1599     0.5646    -0.4280    -0.9289     0.7707     0.5328     0.6827    -0.1609     0.8668     1.0000    -0.3042     0.9786    -0.9214     0.6490     0.7109    -0.9576    -0.5171     0.9128
D_star          0.1368     0.2410    -0.0502    -0.3040     0.3082    -0.1056    -0.2204    -0.3396    -0.2391    -0.3040    -0.3852    -0.2204    -0.5166    -0.1056    -0.1518    -0.1568    -0.1537    -0.3042     1.0000     0.3287     0.0640     0.0640     0.0621    -0.0073     0.4761    -0.2019     0.1468    -0.1139     0.3646    -0.3450    -0.1768     0.5942    -0.3376    -0.4068    -0.3396    -0.3607    -0.1457     0.3705     0.0660     0.4390     0.2785     0.1659    -0.0249    -0.3396     0.2410     0.3082    -0.2204    -0.3040    -0.3852    -0.1056    -0.2391    -0.3042     1.0000    -0.1518    -0.0204    -0.4068    -0.3607     0.0640     0.0374    -0.3376
x               0.1003     0.3967    -0.1600    -0.2892     0.8209     0.4317    -0.5837    -0.3164    -0.9160    -0.2892    -0.4610    -0.5837    -0.3472     0.4317    -0.8952    -0.9140     0.8485    -0.9553     0.3287     1.0000     0.9297     0.9297     0.9293     0.9078     0.9586    -0.0287     0.9445     0.8749     0.9481    -0.3589     0.4647     0.8340    -0.7862    -0.4201    -0.3164    -0.4980    -0.5550     0.7781    -0.6008     0.5427     0.8533     0.8594     0.1800    -0.3164     0.3967     0.8209    -0.5837    -0.2892    -0.4610     0.4317    -0.9160    -0.9553     0.3287    -0.8952     0.9022    -0.4201    -0.4980     0.9297     0.7301    -0.7862
psi             0.0538     0.3538    -0.3543    -0.4087     0.8438     0.2647    -0.7083    -0.4275    -0.8477    -0.4087    -0.5420    -0.7083    -0.3030     0.2647    -0.9745    -0.9608     0.9325    -0.9576     0.0640     0.9297     1.0000     1.0000     1.0000     0.9955     0.7925    -0.1896     0.8845     0.9555     0.7932    -0.4669     0.4801     0.6845    -0.8138    -0.5027    -0.4275    -0.5769    -0.6128     0.8056    -0.6177     0.5896     0.8836     0.9514     0.1382    -0.4275     0.3538     0.8438    -0.7083    -0.4087    -0.5420     0.2647    -0.8477    -0.9576     0.0640    -0.9745     0.9937    -0.5027    -0.5769     1.0000     0.5810    -0.8138
phi             0.0538     0.3538    -0.3543    -0.4087     0.8438     0.2647    -0.7083    -0.4275    -0.8477    -0.4087    -0.5420    -0.7083    -0.3030     0.2647    -0.9745    -0.9608     0.9325    -0.9576     0.0640     0.9297     1.0000     1.0000     1.0000     0.9955     0.7925    -0.1896     0.8845     0.9555     0.7932    -0.4669     0.4801     0.6845    -0.8138    -0.5027    -0.4275    -0.5769    -0.6128     0.8056    -0.6177     0.5896     0.8836     0.9514     0.1382    -0.4275     0.3538     0.8438    -0.7083    -0.4087    -0.5420     0.2647    -0.8477    -0.9576     0.0640    -0.9745     0.9937    -0.5027    -0.5769     1.0000     0.5810    -0.8138
upsilon         0.0551     0.3538    -0.3490    -0.4044     0.8401     0.2671    -0.7043    -0.4233    -0.8453    -0.4044    -0.5379    -0.7043    -0.3019     0.2671    -0.9736    -0.9612     0.9337    -0.9565     0.0621     0.9293     1.0000     1.0000     1.0000     0.9957     0.7927    -0.1858     0.8832     0.9566     0.7935    -0.4628     0.4758     0.6850    -0.8100    -0.4989    -0.4233    -0.5725    -0.6089     0.8020    -0.6131     0.5859     0.8803     0.9505     0.1375    -0.4233     0.3538     0.8401    -0.7043    -0.4044    -0.5379     0.2671    -0.8453    -0.9565     0.0621    -0.9736     0.9938    -0.4989    -0.5725     1.0000     0.5815    -0.8100
mu              0.0370     0.3251    -0.3505    -0.3621     0.8063     0.2990    -0.6815    -0.3763    -0.8343    -0.3621    -0.4881    -0.6815    -0.2184     0.2990    -0.9546    -0.9359     0.9587    -0.9274    -0.0073     0.9078     0.9955     0.9955     0.9957     1.0000     0.7614    -0.1554     0.8745     0.9751     0.7781    -0.4157     0.4926     0.6307    -0.7718    -0.4466    -0.3763    -0.5255    -0.5940     0.7604    -0.6182     0.5310     0.8502     0.9267     0.1297    -0.3763     0.3251     0.8063    -0.6815    -0.3621    -0.4881     0.2990    -0.8343    -0.9274    -0.0073    -0.9546     0.9998    -0.4466    -0.5255     0.9955     0.5989    -0.7718
mu_star         0.1417     0.3938     0.0630    -0.1209     0.6857     0.5468    -0.3904    -0.1547    -0.8569    -0.1209    -0.3092    -0.3904    -0.3366     0.5468    -0.7443    -0.8013     0.7228    -0.8550     0.4761     0.9586     0.7925     0.7925     0.7927     0.7614     1.0000     0.1404     0.8884     0.7484     0.9829    -0.1973     0.3595     0.8775    -0.6497    -0.2743    -0.1547    -0.3415    -0.4153     0.6454    -0.4799     0.4145     0.7151     0.7028     0.1874    -0.1547     0.3938     0.6857    -0.3904    -0.1209    -0.3092     0.5468    -0.8569    -0.8550     0.4761    -0.7443     0.7529    -0.2743    -0.3415     0.7925     0.7833    -0.6497
A              -0.2738    -0.4035     0.7836     0.8281    -0.5037     0.8254     0.8037     0.9031    -0.0443     0.8281     0.8301     0.8037     0.4932     0.8254     0.3743     0.2052     0.0816     0.2923    -0.2019    -0.0287    -0.1896    -0.1896    -0.1858    -0.1554     0.1404     1.0000     0.0000     0.0435     0.2457     0.9013    -0.0008    -0.0017     0.5690     0.8501     0.9031     0.8038     0.2565    -0.5955     0.1283    -0.8121    -0.4676    -0.4401     0.0288     0.9031    -0.4035    -0.5037     0.8037     0.8281     0.8301     0.8254    -0.0443     0.2923    -0.2019     0.3743    -0.1511     0.8501     0.8038    -0.1896     0.6001     0.5690
R_star          0.1934     0.4741    -0.1297    -0.1910     0.7971     0.5132    -0.5648    -0.2376    -0.9000    -0.1910    -0.3787    -0.5648    -0.2027     0.5132    -0.8350    -0.8265     0.8401    -0.8872     0.1468     0.9445     0.8845     0.8845     0.8832     0.8745     0.8884     0.0000     1.0000     0.8554     0.9075    -0.2835     0.6177     0.6756    -0.7542    -0.3226    -0.2376    -0.4315    -0.4787     0.7299    -0.7232     0.4761     0.8257     0.7865     0.2655    -0.2376     0.4741     0.7971    -0.5648    -0.1910    -0.3787     0.5132    -0.9000    -0.8872     0.1468    -0.8350     0.8708    -0.3226    -0.4315     0.8845     0.7798    -0.7542
chi_h          -0.0043     0.2441    -0.2048    -0.1651     0.6708     0.4687    -0.5153    -0.1668    -0.8103    -0.1651    -0.2859    -0.5153    -0.0439     0.4687    -0.8671    -0.8715     0.9970    -0.8419    -0.1139     0.8749     0.9555     0.9555     0.9566     0.9751     0.7484     0.0435     0.8554     1.0000     0.7982    -0.2074     0.4824     0.5705    -0.6220    -0.2406    -0.1668    -0.3286    -0.5080     0.6045    -0.5752     0.3303     0.7259     0.8243     0.1223    -0.1668     0.2441     0.6708    -0.5153    -0.1651    -0.2859     0.4687    -0.8103    -0.8419    -0.1139    -0.8671     0.9769    -0.2406    -0.3286     0.9555     0.7068    -0.6220
chi_b           0.0967     0.3345     0.0916    -0.0128     0.6300     0.6647    -0.3271    -0.0347    -0.8758    -0.0128    -0.1935    -0.3271    -0.1688     0.6647    -0.7097    -0.7613     0.7855    -0.8130     0.3646     0.9481     0.7932     0.7932     0.7935     0.7781     0.9829     0.2457     0.9075     0.7982     1.0000    -0.0782     0.4218     0.8027    -0.5811    -0.1504    -0.0347    -0.2349    -0.3977     0.5676    -0.5173     0.2934     0.6665     0.6537     0.1867    -0.0347     0.3345     0.6300    -0.3271    -0.0128    -0.1935     0.6647    -0.8758    -0.8130     0.3646    -0.7097     0.7727    -0.1504    -0.2349     0.7932     0.8749    -0.5811
Ynet           -0.0824    -0.3312     0.8054     0.9639    -0.7844     0.6682     0.9111     0.9981     0.3269     0.9639     0.9893     0.9111     0.7252     0.6682     0.6478     0.5323    -0.1516     0.6018    -0.3450    -0.3589    -0.4669    -0.4669    -0.4628    -0.4157    -0.1973     0.9013    -0.2835    -0.2074    -0.0782     1.0000    -0.1958    -0.3632     0.8321     0.9926     0.9981     0.9783     0.5867    -0.8522     0.3621    -0.9667    -0.7533    -0.7025    -0.0213     0.9981    -0.3312    -0.7844     0.9111     0.9639     0.9893     0.6682     0.3269     0.6018    -0.3450     0.6478    -0.4102     0.9926     0.9783    -0.4669     0.3167     0.8321
R_dc           -0.2342    -0.0177    -0.3426    -0.2351     0.5663     0.2944    -0.3904    -0.1864    -0.6714    -0.2351    -0.2688    -0.3904     0.0245     0.2944    -0.4531    -0.3979     0.4844    -0.4524    -0.1768     0.4647     0.4801     0.4801     0.4758     0.4926     0.3595    -0.0008     0.6177     0.4824     0.4218    -0.1958     1.0000     0.0547    -0.5204    -0.1834    -0.1864    -0.3514    -0.5878     0.4482    -0.9772     0.2530     0.5645     0.4051     0.3731    -0.1864    -0.0177     0.5663    -0.3904    -0.2351    -0.2688     0.2944    -0.6714    -0.4524    -0.1768    -0.4531     0.5005    -0.1834    -0.3514     0.4801     0.5196    -0.5204
P_dc            0.0040     0.2551    -0.0200    -0.3300     0.6708     0.2519    -0.3971    -0.3363    -0.7338    -0.3300    -0.4664    -0.3971    -0.6166     0.2519    -0.7015    -0.7876     0.5233    -0.8025     0.5942     0.8340     0.6845     0.6845     0.6850     0.6307     0.8775    -0.0017     0.6756     0.5705     0.8027    -0.3632     0.0547     1.0000    -0.6580    -0.4631    -0.3363    -0.4660    -0.4983     0.6835    -0.2197     0.5299     0.6864     0.6935     0.0047    -0.3363     0.2551     0.6708    -0.3971    -0.3300    -0.4664     0.2519    -0.7338    -0.8025     0.5942    -0.7015     0.6198    -0.4631    -0.4660     0.6845     0.5189    -0.6580
cryp           -0.0519    -0.3927     0.6355     0.7850    -0.9961     0.1486     0.9153     0.8095     0.7781     0.7850     0.8909     0.9153     0.6272     0.1486     0.9081     0.8365    -0.5739     0.9128    -0.3376    -0.7862    -0.8138    -0.8138    -0.8100    -0.7718    -0.6497     0.5690    -0.7542    -0.6220    -0.5811     0.8321    -0.5204    -0.6580     1.0000     0.8583     0.8095     0.9164     0.7499    -0.9966     0.6889    -0.9133    -0.9891    -0.9153    -0.1542     0.8095    -0.3927    -0.9961     0.9153     0.7850     0.8909     0.1486     0.7781     0.9128    -0.3376     0.9081    -0.7670     0.8583     0.9164    -0.8138    -0.2584     1.0000
DC             -0.0372    -0.3022     0.7742     0.9663    -0.8141     0.6210     0.8969     0.9904     0.3909     0.9663     0.9961     0.8969     0.7737     0.6210     0.6799     0.5843    -0.1811     0.6490    -0.4068    -0.4201    -0.5027    -0.5027    -0.4989    -0.4466    -0.2743     0.8501    -0.3226    -0.2406    -0.1504     0.9926    -0.1834    -0.4631     0.8583     1.0000     0.9904     0.9846     0.6349    -0.8808     0.3593    -0.9738    -0.7846    -0.7322    -0.0069     0.9904    -0.3022    -0.8141     0.8969     0.9663     0.9961     0.6210     0.3909     0.6490    -0.4068     0.6799    -0.4403     1.0000     0.9846    -0.5027     0.2537     0.8583
DC_sup         -0.0389    -0.2814     0.8196     0.9754    -0.7605     0.6991     0.8912     1.0000     0.3010     0.9754     0.9858     0.8912     0.7260     0.6991     0.6132     0.4982    -0.1109     0.5646    -0.3396    -0.3164    -0.4275    -0.4275    -0.4233    -0.3763    -0.1547     0.9031    -0.2376    -0.1668    -0.0347     0.9981    -0.1864    -0.3363     0.8095     0.9904     1.0000     0.9736     0.5970    -0.8294     0.3476    -0.9522    -0.7267    -0.6700    -0.0066     1.0000    -0.2814    -0.7605     0.8912     0.9754     0.9858     0.6991     0.3010     0.5646    -0.3396     0.6132    -0.3713     0.9904     0.9736    -0.4275     0.3504     0.8095
m              -0.0003    -0.2937     0.7918     0.9579    -0.8832     0.5262     0.9264     0.9736     0.5032     0.9579     0.9962     0.9264     0.7338     0.5262     0.7388     0.6395    -0.2722     0.7109    -0.3607    -0.4980    -0.5769    -0.5769    -0.5725    -0.5255    -0.3415     0.8038    -0.4315    -0.3286    -0.2349     0.9783    -0.3514    -0.4660     0.9164     0.9846     0.9736     1.0000     0.7100    -0.9254     0.5171    -0.9748    -0.8557    -0.7793    -0.0730     0.9736    -0.2937    -0.8832     0.9264     0.9579     0.9962     0.5262     0.5032     0.7109    -0.3607     0.7388    -0.5208     0.9846     1.0000    -0.5769     0.1348     0.9164
Lambda          0.6205     0.3106     0.6783     0.7244    -0.7715     0.0986     0.6027     0.5970     0.7678     0.7244     0.6752     0.6027     0.4374     0.0986     0.6681     0.6465    -0.4745     0.6497    -0.1457    -0.5550    -0.6128    -0.6128    -0.6089    -0.5940    -0.4153     0.2565    -0.4787    -0.5080    -0.3977     0.5867    -0.5878    -0.4983     0.7499     0.6349     0.5970     0.7100     1.0000    -0.7283     0.6810    -0.5714    -0.7633    -0.6616    -0.0017     0.5970     0.3106    -0.7715     0.6027     0.7244     0.6752     0.0986     0.7678     0.6497    -0.1457     0.6681    -0.6004     0.6349     0.7100    -0.6128    -0.2887     0.7499
gam             0.0769     0.4128    -0.6322    -0.7991     0.9881    -0.1840    -0.9205    -0.8294    -0.7497    -0.7991    -0.9067    -0.9205    -0.6589    -0.1840    -0.9069    -0.8372     0.5540    -0.9118     0.3705     0.7781     0.8056     0.8056     0.8020     0.7604     0.6454    -0.5955     0.7299     0.6045     0.5676    -0.8522     0.4482     0.6835    -0.9966    -0.8808    -0.8294    -0.9254    -0.7283     1.0000    -0.6269     0.9317     0.9810     0.9191     0.1255    -0.8294     0.4128     0.9881    -0.9205    -0.7991    -0.9067    -0.1840    -0.7497    -0.9118     0.3705    -0.9069     0.7546    -0.8808    -0.9254     0.8056     0.2203    -0.9966
trs             0.1806    -0.0880     0.4359     0.3819    -0.7281    -0.2314     0.5535     0.3476     0.7714     0.3819     0.4402     0.5535     0.1288    -0.2314     0.6145     0.5521    -0.5655     0.6169     0.0660    -0.6008    -0.6177    -0.6177    -0.6131    -0.6182    -0.4799     0.1283    -0.7232    -0.5752    -0.5173     0.3621    -0.9772    -0.2197     0.6889     0.3593     0.3476     0.5171     0.6810    -0.6269     1.0000    -0.4350    -0.7261    -0.5742    -0.3558     0.3476    -0.0880    -0.7281     0.5535     0.3819     0.4402    -0.2314     0.7714     0.6169     0.0660     0.6145    -0.6237     0.3593     0.5171    -0.6177    -0.5221     0.6889
Lambda1         0.2026     0.4811    -0.6795    -0.8922     0.8741    -0.4904    -0.9252    -0.9522    -0.4682    -0.8922    -0.9781    -0.9252    -0.7688    -0.4904    -0.7514    -0.6582     0.2712    -0.7421     0.4390     0.5427     0.5896     0.5896     0.5859     0.5310     0.4145    -0.8121     0.4761     0.3303     0.2934    -0.9667     0.2530     0.5299    -0.9133    -0.9738    -0.9522    -0.9748    -0.5714     0.9317    -0.4350     1.0000     0.8497     0.7942     0.0968    -0.9522     0.4811     0.8741    -0.9252    -0.8922    -0.9781    -0.4904    -0.4682    -0.7421     0.4390    -0.7514     0.5222    -0.9738    -0.9748     0.5896    -0.1260    -0.9133
mu_cryp         0.0240     0.3706    -0.5858    -0.7098     0.9969    -0.0237    -0.8831    -0.7267    -0.8466    -0.7098    -0.8235    -0.8831    -0.5534    -0.0237    -0.9476    -0.8886     0.6836    -0.9517     0.2785     0.8533     0.8836     0.8836     0.8803     0.8502     0.7151    -0.4676     0.8257     0.7259     0.6665    -0.7533     0.5645     0.6864    -0.9891    -0.7846    -0.7267    -0.8557    -0.7633     0.9810    -0.7261     0.8497     1.0000     0.9437     0.1627    -0.7267     0.3706     0.9969    -0.8831    -0.7098    -0.8235    -0.0237    -0.8466    -0.9517     0.2785    -0.9476     0.8465    -0.7846    -0.8557     0.8836     0.3780    -0.9891
x_c             0.0882     0.4049    -0.5034    -0.6397     0.9208    -0.0221    -0.8455    -0.6700    -0.7621    -0.6397    -0.7587    -0.8455    -0.5360    -0.0221    -0.9952    -0.9637     0.7834    -0.9668     0.1659     0.8594     0.9514     0.9514     0.9505     0.9267     0.7028    -0.4401     0.7865     0.8243     0.6537    -0.7025     0.4051     0.6935    -0.9153    -0.7322    -0.6700    -0.7793    -0.6616     0.9191    -0.5742     0.7942     0.9437     1.0000     0.1217    -0.6700     0.4049     0.9208    -0.8455    -0.6397    -0.7587    -0.0221    -0.7621    -0.9668     0.1659    -0.9952     0.9221    -0.7322    -0.7793     0.9514     0.3398    -0.9153
DE              0.1906     0.2379     0.0975     0.0356     0.1632     0.1590    -0.0811    -0.0066    -0.1617     0.0356    -0.0403    -0.0811    -0.0748     0.1590    -0.1337    -0.1407     0.1166    -0.1599    -0.0249     0.1800     0.1382     0.1382     0.1375     0.1297     0.1874     0.0288     0.2655     0.1223     0.1867    -0.0213     0.3731     0.0047    -0.1542    -0.0069    -0.0066    -0.0730    -0.0017     0.1255    -0.3558     0.0968     0.1627     0.1217     1.0000    -0.0066     0.2379     0.1632    -0.0811     0.0356    -0.0403     0.1590    -0.1617    -0.1599    -0.0249    -0.1337     0.1266    -0.0069    -0.0730     0.1382     0.1870    -0.1542
logY           -0.0389    -0.2814     0.8196     0.9754    -0.7605     0.6991     0.8912     1.0000     0.3010     0.9754     0.9858     0.8912     0.7260     0.6991     0.6132     0.4982    -0.1109     0.5646    -0.3396    -0.3164    -0.4275    -0.4275    -0.4233    -0.3763    -0.1547     0.9031    -0.2376    -0.1668    -0.0347     0.9981    -0.1864    -0.3363     0.8095     0.9904     1.0000     0.9736     0.5970    -0.8294     0.3476    -0.9522    -0.7267    -0.6700    -0.0066     1.0000    -0.2814    -0.7605     0.8912     0.9754     0.9858     0.6991     0.3010     0.5646    -0.3396     0.6132    -0.3713     0.9904     0.9736    -0.4275     0.3504     0.8095
logPi           0.9370     1.0000     0.0575    -0.0700     0.3648     0.0075    -0.4636    -0.2814    -0.0962    -0.0700    -0.2991    -0.4636    -0.2349     0.0075    -0.3942    -0.3228     0.2261    -0.4280     0.2410     0.3967     0.3538     0.3538     0.3538     0.3251     0.3938    -0.4035     0.4741     0.2441     0.3345    -0.3312    -0.0177     0.2551    -0.3927    -0.3022    -0.2814    -0.2937     0.3106     0.4128    -0.0880     0.4811     0.3706     0.4049     0.2379    -0.2814     1.0000     0.3648    -0.4636    -0.0700    -0.2991     0.0075    -0.0962    -0.4280     0.2410    -0.3942     0.3103    -0.3022    -0.2937     0.3538     0.0501    -0.3927
logR            0.0183     0.3648    -0.6117    -0.7443     1.0000    -0.0716    -0.8925    -0.7605    -0.8273    -0.7443    -0.8520    -0.8925    -0.5825    -0.0716    -0.9215    -0.8561     0.6262    -0.9289     0.3082     0.8209     0.8438     0.8438     0.8401     0.8063     0.6857    -0.5037     0.7971     0.6708     0.6300    -0.7844     0.5663     0.6708    -0.9961    -0.8141    -0.7605    -0.8832    -0.7715     0.9881    -0.7281     0.8741     0.9969     0.9208     0.1632    -0.7605     0.3648     1.0000    -0.8925    -0.7443    -0.8520    -0.0716    -0.8273    -0.9289     0.3082    -0.9215     0.8025    -0.8141    -0.8832     0.8438     0.3354    -0.9961
logI           -0.1778    -0.4636     0.8052     0.8376    -0.8925     0.3848     1.0000     0.8912     0.5374     0.8376     0.9153     1.0000     0.4887     0.3848     0.8225     0.6779    -0.4778     0.7707    -0.2204    -0.5837    -0.7083    -0.7083    -0.7043    -0.6815    -0.3904     0.8037    -0.5648    -0.5153    -0.3271     0.9111    -0.3904    -0.3971     0.9153     0.8969     0.8912     0.9264     0.6027    -0.9205     0.5535    -0.9252    -0.8831    -0.8455    -0.0811     0.8912    -0.4636    -0.8925     1.0000     0.8376     0.9153     0.3848     0.5374     0.7707    -0.2204     0.8225    -0.6788     0.8969     0.9264    -0.7083     0.0196     0.9153
logL            0.1825    -0.0700     0.8652     1.0000    -0.7443     0.6884     0.8376     0.9754     0.3454     1.0000     0.9658     0.8376     0.7055     0.6884     0.5870     0.4866    -0.1108     0.5328    -0.3040    -0.2892    -0.4087    -0.4087    -0.4044    -0.3621    -0.1209     0.8281    -0.1910    -0.1651    -0.0128     0.9639    -0.2351    -0.3300     0.7850     0.9663     0.9754     0.9579     0.7244    -0.7991     0.3819    -0.8922    -0.7098    -0.6397     0.0356     0.9754    -0.0700    -0.7443     0.8376     1.0000     0.9658     0.6884     0.3454     0.5328    -0.3040     0.5870    -0.3604     0.9663     0.9579    -0.4087     0.3222     0.7850
logC           -0.0188    -0.2991     0.7861     0.9658    -0.8520     0.5757     0.9153     0.9858     0.4490     0.9658     1.0000     0.9153     0.7566     0.5757     0.7122     0.6144    -0.2277     0.6827    -0.3852    -0.4610    -0.5420    -0.5420    -0.5379    -0.4881    -0.3092     0.8301    -0.3787    -0.2859    -0.1935     0.9893    -0.2688    -0.4664     0.8909     0.9961     0.9858     0.9962     0.6752    -0.9067     0.4402    -0.9781    -0.8235    -0.7587    -0.0403     0.9858    -0.2991    -0.8520     0.9153     0.9658     1.0000     0.5757     0.4490     0.6827    -0.3852     0.7122    -0.4826     0.9961     0.9962    -0.5420     0.1948     0.8909
logEX           0.0020     0.0075     0.6009     0.6884    -0.0716     1.0000     0.3848     0.6991    -0.4430     0.6884     0.5757     0.3848     0.4700     1.0000    -0.0660    -0.1676     0.5051    -0.1609    -0.1056     0.4317     0.2647     0.2647     0.2671     0.2990     0.5468     0.8254     0.5132     0.4687     0.6647     0.6682     0.2944     0.2519     0.1486     0.6210     0.6991     0.5262     0.0986    -0.1840    -0.2314    -0.4904    -0.0237    -0.0221     0.1590     0.6991     0.0075    -0.0716     0.3848     0.6884     0.5757     1.0000    -0.4430    -0.1609    -0.1056    -0.0660     0.3013     0.6210     0.5262     0.2647     0.9085     0.1486
logM            0.2229    -0.0962     0.2921     0.3454    -0.8273    -0.4430     0.5374     0.3010     1.0000     0.3454     0.4490     0.5374     0.2639    -0.4430     0.8109     0.8183    -0.7903     0.8668    -0.2391    -0.9160    -0.8477    -0.8477    -0.8453    -0.8343    -0.8569    -0.0443    -0.9000    -0.8103    -0.8758     0.3269    -0.6714    -0.7338     0.7781     0.3909     0.3010     0.5032     0.7678    -0.7497     0.7714    -0.4682    -0.8466    -0.7621    -0.1617     0.3010    -0.0962    -0.8273     0.5374     0.3454     0.4490    -0.4430     1.0000     0.8668    -0.2391     0.8109    -0.8353     0.3909     0.5032    -0.8477    -0.7771     0.7781
logD           -0.1027    -0.4280     0.3757     0.5328    -0.9289    -0.1609     0.7707     0.5646     0.8668     0.5328     0.6827     0.7707     0.5113    -0.1609     0.9786     0.9665    -0.8028     1.0000    -0.3042    -0.9553    -0.9576    -0.9576    -0.9565    -0.9274    -0.8550     0.2923    -0.8872    -0.8419    -0.8130     0.6018    -0.4524    -0.8025     0.9128     0.6490     0.5646     0.7109     0.6497    -0.9118     0.6169    -0.7421    -0.9517    -0.9668    -0.1599     0.5646    -0.4280    -0.9289     0.7707     0.5328     0.6827    -0.1609     0.8668     1.0000    -0.3042     0.9786    -0.9214     0.6490     0.7109    -0.9576    -0.5171     0.9128
logD_star       0.1368     0.2410    -0.0502    -0.3040     0.3082    -0.1056    -0.2204    -0.3396    -0.2391    -0.3040    -0.3852    -0.2204    -0.5166    -0.1056    -0.1518    -0.1568    -0.1537    -0.3042     1.0000     0.3287     0.0640     0.0640     0.0621    -0.0073     0.4761    -0.2019     0.1468    -0.1139     0.3646    -0.3450    -0.1768     0.5942    -0.3376    -0.4068    -0.3396    -0.3607    -0.1457     0.3705     0.0660     0.4390     0.2785     0.1659    -0.0249    -0.3396     0.2410     0.3082    -0.2204    -0.3040    -0.3852    -0.1056    -0.2391    -0.3042     1.0000    -0.1518    -0.0204    -0.4068    -0.3607     0.0640     0.0374    -0.3376
logN           -0.0740    -0.3942     0.4754     0.5870    -0.9215    -0.0660     0.8225     0.6132     0.8109     0.5870     0.7122     0.8225     0.4744    -0.0660     1.0000     0.9698    -0.8309     0.9786    -0.1518    -0.8952    -0.9745    -0.9745    -0.9736    -0.9546    -0.7443     0.3743    -0.8350    -0.8671    -0.7097     0.6478    -0.4531    -0.7015     0.9081     0.6799     0.6132     0.7388     0.6681    -0.9069     0.6145    -0.7514    -0.9476    -0.9952    -0.1337     0.6132    -0.3942    -0.9215     0.8225     0.5870     0.7122    -0.0660     0.8109     0.9786    -0.1518     1.0000    -0.9509     0.6799     0.7388    -0.9745    -0.4243     0.9081
spread          0.0226     0.3103    -0.3579    -0.3604     0.8025     0.3013    -0.6788    -0.3713    -0.8353    -0.3604    -0.4826    -0.6788    -0.2044     0.3013    -0.9509    -0.9306     0.9616    -0.9214    -0.0204     0.9022     0.9937     0.9937     0.9938     0.9998     0.7529    -0.1511     0.8708     0.9769     0.7727    -0.4102     0.5005     0.6198    -0.7670    -0.4403    -0.3713    -0.5208    -0.6004     0.7546    -0.6237     0.5222     0.8465     0.9221     0.1266    -0.3713     0.3103     0.8025    -0.6788    -0.3604    -0.4826     0.3013    -0.8353    -0.9214    -0.0204    -0.9509     1.0000    -0.4403    -0.5208     0.9937     0.6009    -0.7670
logDC          -0.0372    -0.3022     0.7742     0.9663    -0.8141     0.6210     0.8969     0.9904     0.3909     0.9663     0.9961     0.8969     0.7737     0.6210     0.6799     0.5843    -0.1811     0.6490    -0.4068    -0.4201    -0.5027    -0.5027    -0.4989    -0.4466    -0.2743     0.8501    -0.3226    -0.2406    -0.1504     0.9926    -0.1834    -0.4631     0.8583     1.0000     0.9904     0.9846     0.6349    -0.8808     0.3593    -0.9738    -0.7846    -0.7322    -0.0069     0.9904    -0.3022    -0.8141     0.8969     0.9663     0.9961     0.6210     0.3909     0.6490    -0.4068     0.6799    -0.4403     1.0000     0.9846    -0.5027     0.2537     0.8583
logm           -0.0003    -0.2937     0.7918     0.9579    -0.8832     0.5262     0.9264     0.9736     0.5032     0.9579     0.9962     0.9264     0.7338     0.5262     0.7388     0.6395    -0.2722     0.7109    -0.3607    -0.4980    -0.5769    -0.5769    -0.5725    -0.5255    -0.3415     0.8038    -0.4315    -0.3286    -0.2349     0.9783    -0.3514    -0.4660     0.9164     0.9846     0.9736     1.0000     0.7100    -0.9254     0.5171    -0.9748    -0.8557    -0.7793    -0.0730     0.9736    -0.2937    -0.8832     0.9264     0.9579     0.9962     0.5262     0.5032     0.7109    -0.3607     0.7388    -0.5208     0.9846     1.0000    -0.5769     0.1348     0.9164
leverage        0.0538     0.3538    -0.3543    -0.4087     0.8438     0.2647    -0.7083    -0.4275    -0.8477    -0.4087    -0.5420    -0.7083    -0.3030     0.2647    -0.9745    -0.9608     0.9325    -0.9576     0.0640     0.9297     1.0000     1.0000     1.0000     0.9955     0.7925    -0.1896     0.8845     0.9555     0.7932    -0.4669     0.4801     0.6845    -0.8138    -0.5027    -0.4275    -0.5769    -0.6128     0.8056    -0.6177     0.5896     0.8836     0.9514     0.1382    -0.4275     0.3538     0.8438    -0.7083    -0.4087    -0.5420     0.2647    -0.8477    -0.9576     0.0640    -0.9745     0.9937    -0.5027    -0.5769     1.0000     0.5810    -0.8138
TB             -0.1025     0.0501     0.2856     0.3222     0.3354     0.9085     0.0196     0.3504    -0.7771     0.3222     0.1948     0.0196     0.2069     0.9085    -0.4243    -0.4991     0.7230    -0.5171     0.0374     0.7301     0.5810     0.5810     0.5815     0.5989     0.7833     0.6001     0.7798     0.7068     0.8749     0.3167     0.5196     0.5189    -0.2584     0.2537     0.3504     0.1348    -0.2887     0.2203    -0.5221    -0.1260     0.3780     0.3398     0.1870     0.3504     0.0501     0.3354     0.0196     0.3222     0.1948     0.9085    -0.7771    -0.5171     0.0374    -0.4243     0.6009     0.2537     0.1348     0.5810     1.0000    -0.2584
logcryp        -0.0519    -0.3927     0.6355     0.7850    -0.9961     0.1486     0.9153     0.8095     0.7781     0.7850     0.8909     0.9153     0.6272     0.1486     0.9081     0.8365    -0.5739     0.9128    -0.3376    -0.7862    -0.8138    -0.8138    -0.8100    -0.7718    -0.6497     0.5690    -0.7542    -0.6220    -0.5811     0.8321    -0.5204    -0.6580     1.0000     0.8583     0.8095     0.9164     0.7499    -0.9966     0.6889    -0.9133    -0.9891    -0.9153    -0.1542     0.8095    -0.3927    -0.9961     0.9153     0.7850     0.8909     0.1486     0.7781     0.9128    -0.3376     0.9081    -0.7670     0.8583     0.9164    -0.8138    -0.2584     1.0000



COEFFICIENTS OF AUTOCORRELATION
Order              1        2        3        4        5
mc            0.4635   0.2195   0.1080   0.0568   0.0330
Pi            0.5762   0.3753   0.2763   0.2241   0.1939
Z             0.8426   0.7437   0.6731   0.6168   0.5685
w             0.9118   0.8552   0.8137   0.7798   0.7499
R             0.9185   0.8491   0.7880   0.7333   0.6839
epsilon       0.9476   0.8982   0.8520   0.8088   0.7684
Q             0.9380   0.8761   0.8168   0.7609   0.7087
Y             0.9627   0.9272   0.8933   0.8608   0.8298
M             0.8481   0.7444   0.6659   0.6019   0.5472
L             0.9118   0.8552   0.8137   0.7798   0.7499
C             0.9579   0.9202   0.8856   0.8532   0.8225
I             0.9380   0.8761   0.8168   0.7609   0.7087
K             0.9993   0.9973   0.9941   0.9897   0.9845
EX            0.9476   0.8982   0.8520   0.8088   0.7684
N             0.9297   0.8651   0.8056   0.7509   0.7005
K_b           0.9426   0.8891   0.8394   0.7933   0.7503
K_h           0.9225   0.8510   0.7852   0.7246   0.6687
D             0.9347   0.8746   0.8192   0.7683   0.7215
D_star        0.9945   0.9863   0.9768   0.9665   0.9558
x             0.9322   0.8701   0.8131   0.7608   0.7128
psi           0.9226   0.8516   0.7865   0.7266   0.6716
phi           0.9226   0.8516   0.7865   0.7266   0.6716
upsilon       0.9231   0.8525   0.7877   0.7281   0.6732
mu            0.9192   0.8452   0.7774   0.7152   0.6580
mu_star       0.9468   0.8986   0.8544   0.8136   0.7759
A             0.9500   0.9025   0.8574   0.8145   0.7738
R_star        0.9000   0.8100   0.7290   0.6561   0.5905
chi_h         0.9223   0.8507   0.7847   0.7240   0.6680
chi_b         0.9388   0.8826   0.8310   0.7836   0.7399
Ynet          0.9655   0.9305   0.8961   0.8629   0.8310
R_dc          0.6962   0.4894   0.3405   0.2292   0.1443
P_dc          0.9940   0.9797   0.9595   0.9353   0.9083
cryp          0.9306   0.8690   0.8135   0.7631   0.7171
DC            0.9662   0.9340   0.9029   0.8730   0.8442
DC_sup        0.9627   0.9272   0.8933   0.8608   0.8298
m             0.9460   0.9007   0.8608   0.8247   0.7915
Lambda        0.6506   0.4785   0.3880   0.3357   0.3017
gam           0.9466   0.8961   0.8485   0.8038   0.7617
trs           0.7262   0.5348   0.3938   0.2864   0.2032
Lambda1       0.9683   0.9350   0.9020   0.8702   0.8397
mu_cryp       0.9179   0.8471   0.7843   0.7280   0.6770
x_c           0.9364   0.8776   0.8233   0.7729   0.7263
DE           -0.0341  -0.0257  -0.0208  -0.0176  -0.0153
logY          0.9627   0.9272   0.8933   0.8608   0.8298
logPi         0.5762   0.3753   0.2763   0.2241   0.1939
logR          0.9185   0.8491   0.7880   0.7333   0.6839
logI          0.9380   0.8761   0.8168   0.7609   0.7087
logL          0.9118   0.8552   0.8137   0.7798   0.7499
logC          0.9579   0.9202   0.8856   0.8532   0.8225
logEX         0.9476   0.8982   0.8520   0.8088   0.7684
logM          0.8481   0.7444   0.6659   0.6019   0.5472
logD          0.9347   0.8746   0.8192   0.7683   0.7215
logD_star     0.9945   0.9863   0.9768   0.9665   0.9558
logN          0.9297   0.8651   0.8056   0.7509   0.7005
spread        0.9179   0.8431   0.7747   0.7119   0.6544
logDC         0.9662   0.9340   0.9029   0.8730   0.8442
logm          0.9460   0.9007   0.8608   0.8247   0.7915
leverage      0.9226   0.8516   0.7865   0.7266   0.6716
TB            0.9146   0.8425   0.7793   0.7227   0.6715
logcryp       0.9306   0.8690   0.8135   0.7631   0.7171
Total computing time : 0h00m00s
Note: warning(s) encountered in MATLAB/Octave code
