Starting Dynare (version 5.1).
Calling Dynare with arguments: none
Starting preprocessing of the model file ...
Found 67 equation(s).
Evaluating expressions...done
Computing static model derivatives (order 1).
Computing dynamic model derivatives (order 1).
Processing outputs ...
done
Preprocessing completed.


STEADY-STATE RESULTS:

mc        		 0.888889
Pi        		 1
Z         		 0.0397052
w         		 5.04516
R         		 1.015
epsilon   		 1.04844
Q         		 1
Y         		 2.86138
M         		 0.436668
L         		 0.262151
C         		 1.94489
I         		 0.38435
K         		 19.2175
EX        		 0.508221
N         		 3.6833
K_b       		 14.6954
K_h       		 4.52213
D         		 5.62944
D_star    		 4.27123
x         		 0.304731
psi       		 1.59989
phi       		 3.98974
upsilon   		 1.56389
mu        		 0.00724967
mu_star   		 0.00577078
A         		 1
R_star    		 1.01125
Y_star    		 0.484739
Phi       		 0
Theta     		 0.401
chi_h     		 0.0104815
chi_b     		 0.0134416
Ynet      		 2.37964
P_c       		 1
R_dc      		 1
P_dc      		 0.290083
theta_c   		 1
cryp      		 0.91795
DC        		 1.9728
DC_sup    		 0.572277
m         		 1.9545
R_c       		 1
Lambda    		 0.985222
gam       		 0.030408
trs       		 0.49767
Lambda1   		 1.01897
sigma_Rc  		 0
mu_cryp   		 0.0231117
x_c       		 0.0624652
DE        		 1
logY      		 1.05131
logPi     		 0
logR      		 0.0148886
logI      		 -0.956201
logL      		 -1.33883
logC      		 0.665205
logEX     		 -0.676838
logM      		 -0.828583
logD      		 1.72801
logD_star 		 1.4519
logN      		 1.30381
spread    		 0.0047052
logDC     		 0.679454
logm      		 0.670136
leverage  		 1.38373
TB        		 0.0715536
logcryp   		 -0.0856119

EIGENVALUES:
         Modulus             Real        Imaginary

       5.407e-17       -5.407e-17                0
       1.786e-15        1.786e-15                0
       9.119e-14       -9.119e-14                0
       7.034e-09        4.315e-14        7.034e-09
       7.034e-09        4.315e-14       -7.034e-09
          0.4583           0.4583                0
          0.7695           0.7695                0
             0.9              0.9                0
             0.9              0.9                0
          0.9363           0.9363                0
            0.95             0.95                0
            0.95             0.95                0
            0.95             0.95                0
          0.9757           0.9757                0
          0.9845           0.9845                0
           1.024            1.024                0
           1.042            1.042                0
           1.071            1.071                0
           1.161            1.161                0
           1.601            1.601                0
             Inf              Inf                0
             Inf              Inf                0


There are 7 eigenvalue(s) larger than 1 in modulus 
for 7 forward-looking variable(s)

The rank condition is verified.

MODEL_DIAGNOSTICS:  The Jacobian of the static model is singular
MODEL_DIAGNOSTICS:  there is 2 colinear relationships between the variables and the equations
Relation 1
Colinear variables:
Z
w
epsilon
Y
M
L
C
I
K
EX
N
K_b
K_h
D
D_star
x
psi
phi
upsilon
mu
mu_star
R_star
Y_star
chi_h
chi_b
Ynet
P_dc
cryp
DC
DC_sup
m
gam
trs
Lambda1
mu_cryp
x_c
logY
logI
logL
logC
logEX
logM
logD
logD_star
logN
spread
logDC
logm
leverage
TB
logcryp
Relation 2
Colinear variables:
Z
w
epsilon
Y
M
L
C
I
K
EX
N
K_b
K_h
D
D_star
x
psi
phi
upsilon
mu
mu_star
R_star
Y_star
chi_h
chi_b
Ynet
P_dc
cryp
DC
DC_sup
m
gam
trs
Lambda1
mu_cryp
x_c
logY
logI
logL
logC
logEX
logM
logD
logD_star
logN
spread
logDC
logm
leverage
TB
logcryp
Relation 1
Colinear equations
    48    49

Relation 2
Colinear equations
    48    49

MODEL_DIAGNOSTICS:  The presence of a singularity problem typically indicates that there is one
MODEL_DIAGNOSTICS:  redundant equation entered in the model block, while another non-redundant equation
MODEL_DIAGNOSTICS:  is missing. The problem often derives from Walras Law.

MODEL SUMMARY

  Number of variables:         67
  Number of stochastic shocks: 6
  Number of state variables:   15
  Number of jumpers:           7
  Number of static variables:  46


MATRIX OF COVARIANCE OF EXOGENOUS SHOCKS
Variables               varepsilon_R      varepsilon_A  varepsilon_Rstar  varepsilon_Ystar            eps_Rc               vol
varepsilon_R                0.000006          0.000000          0.000000          0.000000          0.000000          0.000000
varepsilon_A                0.000000          0.000100          0.000000          0.000000          0.000000          0.000000
varepsilon_Rstar            0.000000          0.000000          0.000006          0.000000          0.000000          0.000000
varepsilon_Ystar            0.000000          0.000000          0.000000          0.000000          0.000000          0.000000
eps_Rc                      0.000000          0.000000          0.000000          0.000000          0.000000          0.000000
vol                         0.000000          0.000000          0.000000          0.000000          0.000000          0.000000

POLICY AND TRANSITION FUNCTIONS
                                  mc              Pi               Z               w               R         epsilon               Q               Y               M               L               C               I               K              EX               N             K_b             K_h               D          D_star               x             psi             phi         upsilon              mu         mu_star               A          R_star          Y_star             Phi           Theta           chi_h           chi_b            Ynet             P_c            R_dc            P_dc         theta_c            cryp              DC          DC_sup               m             R_c          Lambda             gam             trs         Lambda1        sigma_Rc         mu_cryp             x_c              DE            logY           logPi            logR            logI            logL            logC           logEX            logM            logD       logD_star            logN          spread           logDC            logm        leverage              TB         logcryp
Constant                    0.888889        1.000000        0.039705        5.045165        1.015000        1.048443        1.000000        2.861383        0.436668        0.262151        1.944888        0.384350       19.217522        0.508221        3.683297       14.695395        4.522128        5.629441        4.271235        0.304731        1.599885        3.989739        1.563892        0.007250        0.005771        1.000000        1.011255        0.484739               0        0.401000        0.010482        0.013442        2.379639        1.000000        1.000000        0.290083        1.000000        0.917950        1.972800        0.572277        1.954502        1.000000        0.985222        0.030408        0.497670        1.018974               0        0.023112        0.062465        1.000000        1.051305               0        0.014889       -0.956201       -1.338835        0.665205       -0.676838       -0.828583        1.728011        1.451904        1.303808        0.004705        0.679454        0.670136        1.383726        0.071554       -0.085612
R(-1)                      -2.861808       -1.008938       -0.269198       -8.551463        0.328425       -1.771664       -2.121612      -10.187652       -2.222693       -1.333024       -8.419640       -1.223164       -1.223164       -0.858794      -37.030905      -63.031793       61.808629      -46.252381       -2.222693        1.280068        5.828232       14.534245        5.008933        0.138151        0.000339               0               0               0               0               0        0.287191        0.026755       -7.397602               0        0.178207        0.051695               0       -1.002116       -7.375514       -2.037530       -9.673038               0       -0.775279        0.514436       -0.302619        1.351348               0        0.572576        0.332261       -2.698742       -3.560394       -1.008938        0.323571       -3.182418       -5.084946       -4.329112       -1.689804       -5.090124       -8.216158       -0.520386      -10.053738        0.078295       -3.738601       -4.949105        3.642906        1.363898       -1.091688
K(-1)                      -0.010689       -0.004240       -0.002088       -0.000705       -0.000255        0.022283       -0.022103        0.032811       -0.009525       -0.000110        0.027102       -0.012743        0.967257        0.010801       -0.442432       -0.519766        1.487023       -0.488057       -0.009525        0.023311        0.100227        0.249942        0.087511        0.002585        0.000192               0               0               0               0               0        0.006366        0.001284        0.025417               0       -0.000585       -0.000170               0        0.002007        0.023775        0.006562        0.031101               0       -0.001929       -0.000798        0.000965       -0.029658               0        0.000906        0.003727        0.017013        0.011467       -0.004240       -0.000251       -0.033154       -0.000419        0.013935        0.021253       -0.021812       -0.086697       -0.002230       -0.120118        0.001424        0.012052        0.015913        0.062646        0.020326        0.002186
K_b(-1)                     0.001224        0.000437        0.000119        0.003773        0.000190        0.000527        0.024739        0.004620        0.001087        0.000588        0.005128        0.014262        0.014262        0.000255        1.297752        2.661464       -2.647202        1.721540        0.001087       -0.062497       -0.234362       -0.584445       -0.206319       -0.005385       -0.000875               0               0               0               0               0       -0.012279       -0.002747        0.018276               0       -0.000254       -0.000074               0       -0.000421        0.003686        0.000924        0.006730               0        0.000016        0.000552        0.000394       -0.002931               0       -0.002760       -0.012887        0.000940        0.001615        0.000437        0.000188        0.037108        0.002244        0.002637        0.000503        0.002489        0.305810        0.000254        0.352334       -0.002874        0.001868        0.003443       -0.146487       -0.000831       -0.000459
D(-1)                      -0.001218       -0.000435       -0.000118       -0.003756       -0.000189       -0.000525       -0.024624       -0.004599       -0.001082       -0.000585       -0.005104       -0.014197       -0.014197       -0.000254       -1.291763       -2.649184        2.634987       -1.713596       -0.001082        0.062209        0.233281        0.581748        0.205367        0.005360        0.000871               0               0               0               0               0        0.012223        0.002734       -0.018192               0        0.000253        0.000073               0        0.000419       -0.003669       -0.000920       -0.006699               0       -0.000016       -0.000549       -0.000392        0.002918               0        0.002747        0.012827       -0.000936       -0.001607       -0.000435       -0.000187       -0.036937       -0.002233       -0.002624       -0.000500       -0.002477       -0.304399       -0.000253       -0.350708        0.002861       -0.001860       -0.003427        0.145811        0.000827        0.000457
D_star(-1)                 -0.005921       -0.001170       -0.001291       -0.041015        0.002050        0.042645       -0.057376       -0.073986       -0.031961       -0.006394       -0.090177       -0.033079       -0.033079        0.020672       -1.976602       -3.730343        3.697264       -3.785761        0.979294        0.177101        0.360644        0.899361        0.316769        0.007824        0.003764               0               0               0               0               0        0.017157        0.011440       -0.087697               0        0.004912        0.001425               0       -0.008590       -0.060701       -0.014797       -0.122629               0       -0.002016        0.000957       -0.007993        0.062825               0        0.007793        0.018856        0.039505       -0.025857       -0.001170        0.002019       -0.086065       -0.024389       -0.046366        0.040675       -0.073193       -0.672493        0.229276       -0.536639        0.004135       -0.030769       -0.062742        0.225419        0.052633       -0.009358
A(-1)                      -0.553512       -0.217488        0.010836        0.344235       -0.008440        1.222848        0.938352        2.562723       -0.390129        0.053660        1.439226        0.540984        0.540984        0.592762        6.612249        5.179606       -4.638622        7.478720       -0.390129       -0.065764       -0.806953       -2.012353       -0.710695       -0.017738        0.001558        0.950000               0               0               0               0       -0.021798        0.011549        2.448022               0        0.038242        0.011093               0        0.075595        1.691442        0.512545        1.205473               0       -0.102445       -0.091538       -0.060152       -1.195217               0       -0.023314       -0.075487        0.948859        0.895624       -0.217488       -0.008315        1.407528        0.204692        0.740004        1.166346       -0.893423        1.328501       -0.091339        1.795199       -0.008885        0.857381        0.616767       -0.504382        0.982891        0.082352
R_star(-1)                  0.846609        0.540010       -0.011844       -0.376255        0.562959        6.294782       -4.053892       -3.578858       -2.751985       -0.058652       -5.281554       -2.337173       -2.337173        3.051326      -81.788180     -139.206780      136.869607     -143.303979        1.519250        6.059990       13.884519       34.624735       12.034053        0.305480        0.104352               0        0.900000               0               0               0        0.635756        0.352788       -4.430830               0        0.338054        0.098064               0       -1.814721       -3.134380       -0.715772       -7.619968               0       -0.169864        0.915931       -0.577457        4.574274               0        1.032421        0.721459        6.543942       -1.250744        0.540010        0.554640       -6.080839       -0.223732       -2.715608        6.003932       -6.302241      -25.456164        0.355693      -22.205154        0.162868       -1.588797       -3.898674        8.678445        5.803310       -1.976928
Y_star(-1)                  0.262980        0.091847        0.034970        1.110865        0.005525       -0.482659        0.126994        1.673577        0.585612        0.173164        0.954108        0.073215        0.073215        0.709636        4.748250        8.579615       -8.506399        8.077536       -0.314388       -0.379326       -0.925224       -2.307291       -0.823951       -0.018405       -0.008546               0               0        0.900000               0               0       -0.039473       -0.023909        1.333740               0        0.022547        0.006541               0       -0.012686        1.109378        0.334715        0.811558               0        0.035718       -0.014190       -0.036777       -0.074418               0       -0.003789       -0.045265       -0.368510        0.584884        0.091847        0.005443        0.190491        0.660552        0.490572        1.396312        1.341094        1.434873       -0.073606        1.289130       -0.009637        0.562337        0.415225       -0.578306        0.124023       -0.013820
P_c(-1)                    -0.009322       -0.001297       -0.000669       -0.021238       -0.001572       -0.018911        0.024536       -0.018173        0.000523       -0.003311       -0.009315        0.014145        0.014145       -0.009167        0.393630        2.357154       -2.343009        5.314269        0.000523       -0.061815        0.124899        0.311469       -0.182841       -0.004787       -0.033650               0               0               0               0               0       -0.010869       -0.002967        0.003372               0       -0.000328       -0.000095               0       -2.912929       -0.011883       -0.003635       -0.006829       -1.000000        0.002029       -0.002960        0.000632       -0.005175               0        1.535692       -0.209773       -0.019334       -0.006351       -0.001297       -0.001549        0.036803       -0.012629       -0.004790       -0.018037        0.001199        0.944014        0.000123        0.106869       -0.002566       -0.006024       -0.003494        0.078068       -0.009690       -3.173297
P_dc(-1)                   -0.204435       -0.063581       -0.022904       -0.727590       -0.017122        0.105197        0.078401       -0.992533       -0.295711       -0.113419       -1.093507        0.045200        0.045200        0.050993       -0.073857       -0.867330        0.912531        0.162744       -0.295711        0.003572        0.063088        0.157326        0.062587        0.001168        0.000578               0               0               0               0               0        0.004206        0.000576       -0.733214               0       -0.784009        0.772572               0        0.057210       -5.938421       -0.198507        3.924374               0       -0.007497        0.760127        1.254476       -0.186079               0       -0.025067        0.002682        0.036755       -0.346872       -0.063581       -0.016869        0.117602       -0.432646       -0.562247        0.100337       -0.677198        0.028909       -0.069233       -0.020052        0.000605       -3.010148        2.007864        0.039433        0.346704        0.062324
theta_c(-1)                -0.001603       -0.000185       -0.000141       -0.004487       -0.000160       -0.001592        0.000201       -0.005020       -0.000890       -0.000699       -0.003429        0.000116        0.000116       -0.000772        0.006084        0.159799       -0.159683        0.614221       -0.000890       -0.003901        0.015076        0.037596       -0.033695       -0.000414       -0.005190               0               0               0               0               0       -0.000740       -0.000195       -0.002456       -0.154393        0.000008        0.000002        0.950000       -0.450017       -0.003476       -0.001004       -0.003447       -0.154393        0.000280       -0.000321               0        0.000211               0        0.237145       -0.031315       -0.001703       -0.001754       -0.000185       -0.000158        0.000301       -0.002668       -0.001763       -0.001518       -0.002039        0.109109       -0.000208        0.001652       -0.000168       -0.001762       -0.001764        0.009423        0.000119       -0.490241
cryp(-1)                   -0.001200       -0.000429       -0.000116       -0.003700       -0.000187       -0.000517       -0.024260       -0.004531       -0.001066       -0.000577       -0.005029       -0.013987       -0.013987       -0.000251       -1.272673       -2.610033        2.596046       -1.688272       -0.001066        0.061290        0.229833        0.573151        0.202332        0.005281        0.000859               0               0               0               0               0        0.012042        0.002693       -0.017923               0        0.000249        0.000072               0        0.000413       -0.003615       -0.000906       -0.006600               0       -0.000016       -0.000541       -0.000386        0.002874               0        0.002707        0.012638       -0.000922       -0.001583       -0.000429       -0.000184       -0.036391       -0.002200       -0.002586       -0.000493       -0.002441       -0.299900       -0.000250       -0.345526        0.002819       -0.001832       -0.003377        0.143656        0.000815        0.000450
R_c(-1)                    -0.001102       -0.000394       -0.000107       -0.003396       -0.000171       -0.000474       -0.022270       -0.004159       -0.000978       -0.000529       -0.004616       -0.012839       -0.012839       -0.000230       -1.168251       -2.395881        2.383042       -1.549750       -0.000978        0.056261        0.210976        0.526124        0.185731        0.004848        0.000788               0               0               0               0               0        0.011054        0.002472       -0.016453               0        0.000228        0.000066               0        0.000379       -0.003318       -0.000832       -0.006058               0       -0.000015       -0.000497       -0.000354        0.002639               0        0.002485        0.011601       -0.000846       -0.001453       -0.000394       -0.000169       -0.033405       -0.002020       -0.002374       -0.000452       -0.002240       -0.275294       -0.000229       -0.317175        0.002588       -0.001682       -0.003100        0.131869        0.000748        0.000413
sigma_Rc(-1)                       0               0               0               0               0               0               0               0               0               0               0               0               0               0               0               0               0               0               0               0               0               0               0               0               0               0               0               0               0               0               0               0               0               0               0               0               0               0               0               0               0               0               0               0               0               0        0.950000               0               0               0               0               0               0               0               0               0               0               0               0               0               0               0               0               0               0               0               0
epsilon(-1)                 0.207299        0.073081        0.019498        0.619389       -0.023922        0.128425        0.144129        0.737850        0.160949        0.096552        0.609275        0.083094        0.083094        0.062253        2.168534        3.509764       -3.426670        2.668211        0.160949       -0.067891       -0.329232       -0.821027       -0.280985       -0.007872        0.000326               0               0               0               0               0       -0.015930       -0.000842        0.529797               0       -0.012837       -0.003724               0        0.072930        0.534041        0.147570        0.699639               0        0.056285       -0.037573        0.021815       -0.096943               0       -0.040467       -0.018959       -0.758222        0.257865        0.073081       -0.023569        0.216193        0.368307        0.313270        0.122491        0.368584        0.473974        0.037682        0.588748       -0.004533        0.270702        0.357963       -0.205785       -0.098696        0.079449
varepsilon_R               -3.622347       -1.277028       -0.340714      -10.823242        0.418023       -2.244107       -2.518518      -12.893224       -2.812429       -1.687154      -10.646500       -1.451990       -1.451990       -1.087806      -37.893078      -61.329807       59.877816      -46.624471       -2.812429        1.186333        5.753018       14.346679        4.909955        0.137561       -0.005701               0               0               0               0               0        0.278365        0.014707       -9.257694               0        0.224322        0.065072               0       -1.274385       -9.331865       -2.578645      -12.225528               0       -0.983522        0.656555       -0.381191        1.693993               0        0.707124        0.331292       -3.417445       -4.505941       -1.277028        0.411845       -3.777777       -6.435811       -5.474093       -2.140418       -6.440663       -8.282255       -0.658458      -10.287815        0.079205       -4.730263       -6.255059        3.595894        1.724624       -1.388294
varepsilon_A               -0.582644       -0.228935        0.011407        0.362353       -0.008884        1.287209        0.987739        2.697603       -0.410662        0.056484        1.514974        0.569457        0.569457        0.623960        6.960263        5.452217       -4.882760        7.872337       -0.410662       -0.069225       -0.849425       -2.118266       -0.748100       -0.018671        0.001639        1.000000               0               0               0               0       -0.022945        0.012157        2.576865               0        0.040255        0.011677               0        0.079573        1.780465        0.539521        1.268919               0       -0.107837       -0.096356       -0.063318       -1.258123               0       -0.024541       -0.079460        0.998799        0.942762       -0.228935       -0.008752        1.481608        0.215466        0.778952        1.227733       -0.940446        1.398422       -0.096146        1.889683       -0.009352        0.902507        0.649229       -0.530928        1.034622        0.086686
varepsilon_Rstar            0.968465        0.605500       -0.007101       -0.225577        0.615891        6.794069       -4.235057       -3.629291       -2.907768       -0.035164       -5.445194       -2.441619       -2.441619        3.293350      -81.599563     -137.167704      134.726084     -141.460074       -2.907768        5.902186       13.734742       34.251226       11.884572        0.302704        0.098284               0        1.000000               0               0               0        0.625876        0.338297       -4.511584               0        0.352562        0.102272               0       -1.976042       -3.197774       -0.725858       -7.891134               0       -0.179276        1.013210       -0.604107        4.787688               0        1.110563        0.713131        7.085649       -1.268369        0.605500        0.606789       -6.352586       -0.134135       -2.799747        6.480149       -6.658996      -25.128617       -0.680779      -22.153946        0.161561       -1.620931       -4.037413        8.584828        6.201118       -2.152668
varepsilon_Ystar            0.292200        0.102052        0.038855        1.234294        0.006139       -0.536287        0.141105        1.859530        0.650680        0.192405        1.060120        0.081350        0.081350        0.788484        5.275834        9.532905       -9.451555        8.975040       -0.349320       -0.421473       -1.028026       -2.563656       -0.915501       -0.020450       -0.009496               0               0        1.000000               0               0       -0.043859       -0.026566        1.481933               0        0.025052        0.007267               0       -0.014096        1.232643        0.371906        0.901732               0        0.039686       -0.015767       -0.040864       -0.082687               0       -0.004210       -0.050294       -0.409456        0.649871        0.102052        0.006048        0.211657        0.733947        0.545080        1.551458        1.490104        1.594304       -0.081784        1.432367       -0.010708        0.624819        0.461361       -0.642562        0.137804       -0.015355
eps_Rc                             0               0               0               0               0               0               0               0               0               0               0               0               0               0               0               0               0               0               0               0               0               0               0               0               0               0               0               0               0               0               0               0               0               0               0               0               0               0               0               0               0               0               0               0               0               0        0.030000               0               0               0               0               0               0               0               0               0               0               0               0               0               0               0               0               0               0               0               0
vol                        -0.001687       -0.000195       -0.000149       -0.004723       -0.000168       -0.001676        0.000211       -0.005284       -0.000937       -0.000736       -0.003609        0.000122        0.000122       -0.000812        0.006404        0.168210       -0.168088        0.646549       -0.000937       -0.004106        0.015869        0.039575       -0.035469       -0.000435       -0.005463               0               0               0               0               0       -0.000779       -0.000206       -0.002585       -0.162519        0.000008        0.000002        1.000000       -0.473702       -0.003659       -0.001057       -0.003629       -0.162519        0.000295       -0.000338               0        0.000222               0        0.249626       -0.032963       -0.001793       -0.001847       -0.000195       -0.000166        0.000317       -0.002808       -0.001856       -0.001598       -0.002146        0.114851       -0.000219        0.001739       -0.000177       -0.001855       -0.001857        0.009919        0.000125       -0.516043
[Warning: Aggregate variance and sum of variances by shocks differ by more than 0.01 %] 
[> In <a href="matlab:matlab.internal.language.introspective.errorDocCallback('th_autocovariances', 'C:\dynare\5.1\matlab\th_autocovariances.m', 206)" style="font-weight:bold">th_autocovariances</a> (<a href="matlab: opentoline('C:\dynare\5.1\matlab\th_autocovariances.m',206,0)">line 206</a>)
In <a href="matlab:matlab.internal.language.introspective.errorDocCallback('disp_th_moments', 'C:\dynare\5.1\matlab\disp_th_moments.m', 40)" style="font-weight:bold">disp_th_moments</a> (<a href="matlab: opentoline('C:\dynare\5.1\matlab\disp_th_moments.m',40,0)">line 40</a>)
In <a href="matlab:matlab.internal.language.introspective.errorDocCallback('stoch_simul', 'C:\dynare\5.1\matlab\stoch_simul.m', 210)" style="font-weight:bold">stoch_simul</a> (<a href="matlab: opentoline('C:\dynare\5.1\matlab\stoch_simul.m',210,0)">line 210</a>)
In <a href="matlab:matlab.internal.language.introspective.errorDocCallback('cdbc_quantity.driver', 'D:\crypto2\crypto_liquidity\cdbc_quantity_6\+cdbc_quantity\driver.m', 852)" style="font-weight:bold">cdbc_quantity.driver</a> (<a href="matlab: opentoline('D:\crypto2\crypto_liquidity\cdbc_quantity_6\+cdbc_quantity\driver.m',852,0)">line 852</a>)
In <a href="matlab:matlab.internal.language.introspective.errorDocCallback('dynare', 'C:\dynare\5.1\matlab\dynare.m', 281)" style="font-weight:bold">dynare</a> (<a href="matlab: opentoline('C:\dynare\5.1\matlab\dynare.m',281,0)">line 281</a>)
In <a href="matlab:matlab.internal.language.introspective.errorDocCallback('plotfile_sto', 'D:\crypto2\crypto_liquidity\plotfile_sto.m', 54)" style="font-weight:bold">plotfile_sto</a> (<a href="matlab: opentoline('D:\crypto2\crypto_liquidity\plotfile_sto.m',54,0)">line 54</a>)] 


THEORETICAL MOMENTS
VARIABLE          MEAN  STD. DEV.   VARIANCE
mc              0.8889     0.0125     0.0002
Pi              1.0000     0.0053     0.0000
Z               0.0397     0.0019     0.0000
w               5.0452     0.0807     0.0065
R               1.0150     0.0050     0.0000
epsilon         1.0484     0.0703     0.0049
Q               1.0000     0.0466     0.0022
Y               2.8614     0.1803     0.0325
M               0.4367     0.0225     0.0005
L               0.2622     0.0126     0.0002
C               1.9449     0.1352     0.0183
I               0.3844     0.0269     0.0007
K              19.2175     0.6347     0.4029
EX              0.5082     0.0341     0.0012
N               3.6833     0.6397     0.4092
K_b            14.6954     1.1371     1.2931
K_h             4.5221     0.9658     0.9328
D               5.6294     1.0739     1.1532
D_star          4.2712     0.1277     0.0163
x               0.3047     0.0418     0.0017
psi             1.5999     0.0990     0.0098
phi             3.9897     0.2468     0.0609
upsilon         1.5639     0.0858     0.0074
mu              0.0072     0.0022     0.0000
mu_star         0.0058     0.0008     0.0000
A               1.0000     0.0320     0.0010
R_star          1.0113     0.0057     0.0000
Y_star          0.4847     0.0000     0.0000
Phi             0.0000     0.0000     0.0000
Theta           0.4010     0.0000     0.0000
chi_h           0.0105     0.0045     0.0000
chi_b           0.0134     0.0025     0.0000
Ynet            2.3796     0.1529     0.0234
P_c             1.0000     0.0000     0.0000
R_dc            1.0000     0.0015     0.0000
P_dc            0.2901     0.0032     0.0000
theta_c         1.0000     0.0000     0.0000
cryp            0.9180     0.0173     0.0003
DC              1.9728     0.1342     0.0180
DC_sup          0.5723     0.0361     0.0013
m               1.9545     0.1397     0.0195
R_c             1.0000     0.0000     0.0000
Lambda          0.9852     0.0039     0.0000
gam             0.0304     0.0114     0.0001
trs             0.4977     0.0026     0.0000
Lambda1         1.0190     0.0727     0.0053
sigma_Rc        0.0000     0.0000     0.0000
mu_cryp         0.0231     0.0087     0.0001
x_c             0.0625     0.0060     0.0000
DE              1.0000     0.0224     0.0005
logY            1.0513     0.0630     0.0040
logPi           0.0000     0.0053     0.0000
logR            0.0149     0.0050     0.0000
logI           -0.9562     0.0699     0.0049
logL           -1.3388     0.0480     0.0023
logC            0.6652     0.0695     0.0048
logEX          -0.6768     0.0671     0.0045
logM           -0.8286     0.0516     0.0027
logD            1.7280     0.1908     0.0364
logD_star       1.4519     0.0299     0.0009
logN            1.3038     0.1737     0.0302
spread          0.0047     0.0012     0.0000
logDC           0.6795     0.0680     0.0046
logm            0.6701     0.0715     0.0051
leverage        1.3837     0.0619     0.0038
TB              0.0716     0.0485     0.0024
logcryp        -0.0856     0.0188     0.0004



VARIANCE DECOMPOSITION (in percent)
                 varepsilon_R      varepsilon_A  varepsilon_Rstar  varepsilon_Ystar            eps_Rc               vol
mc                      66.43             27.79              5.78              0.00              0.00              0.00
Pi                      46.63             29.54             23.83              0.00              0.00              0.00
Z                       25.37             71.35              3.29              0.00              0.00              0.00
w                       14.21             79.23              6.55              0.00              0.00              0.00
R                        5.29             29.79             64.93              0.00              0.00              0.00
epsilon                  1.37             72.04             26.59              0.00              0.00              0.00
Q                        2.83             65.11             32.06              0.00              0.00              0.00
Y                        4.04             87.83              8.13              0.00              0.00              0.00
M                       12.61              4.15             83.24              0.00              0.00              0.00
L                       14.21             79.23              6.55              0.00              0.00              0.00
C                        4.87             76.90             18.23              0.00              0.00              0.00
I                        2.83             65.11             32.06              0.00              0.00              0.00
K                        0.78             74.24             24.97              0.00              0.00              0.00
EX                       1.37             72.04             26.59              0.00              0.00              0.00
N                       13.45             14.37             72.18              0.00              0.00              0.00
K_b                     18.36              7.53             74.11              0.00              0.00              0.00
K_h                     21.11              7.76             71.13              0.00              0.00              0.00
D                        5.56              9.52             84.93              0.00              0.00              0.00
D_star                  30.83              6.91             62.26              0.00              0.00              0.00
x                        2.66              0.44             96.91              0.00              0.00              0.00
psi                     15.94              4.28             79.78              0.00              0.00              0.00
phi                     15.94              4.28             79.78              0.00              0.00              0.00
upsilon                 16.25              4.16             79.59              0.00              0.00              0.00
mu                      18.49              4.29             77.22              0.00              0.00              0.00
mu_star                  1.56              3.14             95.30              0.00              0.00              0.00
A                        0.00            100.00              0.00              0.00              0.00              0.00
R_star                   0.00              0.00            100.00              0.00              0.00              0.00
Y_star                   0.00              0.00              0.00            100.00              0.00              0.00
Phi                     14.60             19.81             65.59              0.00              0.00              0.00
Theta                    6.99             10.74             82.27              0.00              0.00              0.00
chi_h                   21.57              4.74             73.68              0.00              0.00              0.00
chi_b                    1.54              6.56             91.90              0.00              0.00              0.00
Ynet                     2.98             86.44             10.57              0.00              0.00              0.00
P_c                      0.00              0.00              0.00              0.00              0.00            100.00
R_dc                    16.64              9.35             74.01              0.00              0.00              0.00
P_dc                     1.82              8.96             89.22              0.00              0.00              0.00
theta_c                  0.00              0.00              0.00              0.00              0.00            100.00
cryp                     4.18             37.04             58.78              0.00              0.00              0.00
DC                       4.02             78.71             17.27              0.00              0.00              0.00
DC_sup                   4.04             87.83              8.13              0.00              0.00              0.00
m                        5.80             74.43             19.77              0.00              0.00              0.00
R_c                      0.00              0.00              0.00              0.00              0.00            100.00
Lambda                  49.39             25.69             24.92              0.00              0.00              0.00
gam                      2.90             40.14             56.96              0.00              0.00              0.00
trs                     16.12              9.60             74.27              0.00              0.00              0.00
Lambda1                  0.45             71.99             27.56              0.00              0.00              0.00
sigma_Rc                 0.00              0.15              0.00              0.00             99.85              0.00
mu_cryp                  5.50             24.91             69.59              0.00              0.00              0.00
x_c                     14.73             20.24             65.03              0.00              0.00              0.00
DE                      14.89             21.53             63.59              0.00              0.00              0.00
logY                     4.04             87.83              8.13              0.00              0.00              0.00
logPi                   46.63             29.54             23.83              0.00              0.00              0.00
logR                     5.29             29.79             64.93              0.00              0.00              0.00
logI                     2.83             65.11             32.06              0.00              0.00              0.00
logL                    14.21             79.23              6.55              0.00              0.00              0.00
logC                     4.87             76.90             18.23              0.00              0.00              0.00
logEX                    1.37             72.04             26.59              0.00              0.00              0.00
logM                    12.61              4.15             83.24              0.00              0.00              0.00
logD                     5.56              9.52             84.93              0.00              0.00              0.00
logD_star               30.83              6.91             62.26              0.00              0.00              0.00
logN                    13.45             14.37             72.18              0.00              0.00              0.00
spread                  19.16              4.35             76.49              0.00              0.00              0.00
logDC                    4.02             78.71             17.27              0.00              0.00              0.00
logm                     5.80             74.43             19.77              0.00              0.00              0.00
leverage                15.94              4.28             79.78              0.00              0.00              0.00
TB                       1.65             37.58             60.77              0.00              0.00              0.00
logcryp                  4.18             37.04             58.78              0.00              0.00              0.00



MATRIX OF CORRELATIONS
Variables           mc         Pi          Z          w          R    epsilon          Q          Y          M          L          C          I          K         EX          N        K_b        K_h          D     D_star          x        psi        phi    upsilon         mu    mu_star          A     R_star      chi_h      chi_b       Ynet       R_dc       P_dc       cryp         DC     DC_sup          m     Lambda        gam        trs    Lambda1    mu_cryp        x_c         DE       logY      logPi       logR       logI       logL       logC      logEX       logM       logD  logD_star       logN     spread      logDC       logm   leverage         TB    logcryp
mc              1.0000     0.9383     0.2602     0.1773     0.0246     0.0051    -0.1826    -0.0432     0.2134     0.1773    -0.0245    -0.1826    -0.0405     0.0051    -0.0799    -0.0214    -0.0014    -0.1086     0.1347     0.1061     0.0601     0.0601     0.0613     0.0433     0.1462    -0.2745     0.2009     0.0017     0.1019    -0.0866    -0.2200    -0.0007    -0.0578    -0.0399    -0.0432    -0.0090     0.6151     0.0913     0.1974     0.2063     0.0304     0.0938     0.1980    -0.0432     0.9383     0.0246    -0.1826     0.1773    -0.0245     0.0051     0.2134    -0.1086     0.1347    -0.0799     0.0289    -0.0399    -0.0090     0.0601    -0.0956    -0.0578
Pi              0.9383     1.0000     0.0537    -0.0735     0.3672     0.0078    -0.4656    -0.2840    -0.1013    -0.0735    -0.3024    -0.4656    -0.2354     0.0078    -0.3965    -0.3249     0.2278    -0.4301     0.2421     0.3986     0.3561     0.3561     0.3561     0.3274     0.3948    -0.4041     0.4766     0.2459     0.3360    -0.3336    -0.0321     0.2741    -0.3951    -0.3076    -0.2840    -0.2957     0.3075     0.4219    -0.0197     0.4828     0.3730     0.4072     0.2422    -0.2840     1.0000     0.3672    -0.4656    -0.0735    -0.3024     0.0078    -0.1013    -0.4301     0.2421    -0.3965     0.3125    -0.3076    -0.2957     0.3561     0.0525    -0.3951
Z               0.2602     0.0537     1.0000     0.8644    -0.6087     0.6058     0.8048     0.8194     0.2841     0.8644     0.7848     0.8048     0.2557     0.6058     0.4736     0.2970    -0.1816     0.3729    -0.0519    -0.1563    -0.3516    -0.3516    -0.3464    -0.3478     0.0664     0.7867    -0.1255    -0.2013     0.0953     0.8053    -0.3297    -0.0894     0.6329     0.7736     0.8194     0.7920     0.6731    -0.6235     0.3793    -0.6792    -0.5829    -0.5020     0.1023     0.8194     0.0537    -0.6087     0.8048     0.8644     0.7848     0.6058     0.2841     0.3729    -0.0519     0.4736    -0.3553     0.7736     0.7920    -0.3516     0.2942     0.6329
w               0.1773    -0.0735     0.8644     1.0000    -0.7416     0.6916     0.8368     0.9756     0.3409     1.0000     0.9658     0.8368     0.7071     0.6916     0.5857     0.4854    -0.1068     0.5315    -0.3103    -0.2879    -0.4066    -0.4066    -0.4022    -0.3595    -0.1210     0.8299    -0.1881    -0.1614    -0.0125     0.9642    -0.2171    -0.3779     0.7829     0.9652     0.9756     0.9615     0.7195    -0.7974     0.2914    -0.8923    -0.7073    -0.6389     0.0388     0.9756    -0.0735    -0.7416     0.8368     1.0000     0.9658     0.6916     0.3409     0.5315    -0.3103     0.5857    -0.3577     0.9652     0.9615    -0.4066     0.3281     0.7829
R               0.0246     0.3672    -0.6087    -0.7416     1.0000    -0.0712    -0.8926    -0.7584    -0.8277    -0.7416    -0.8497    -0.8926    -0.5819    -0.0712    -0.9215    -0.8560     0.6254    -0.9289     0.3156     0.8212     0.8438     0.8438     0.8401     0.8062     0.6861    -0.5029     0.7977     0.6702     0.6313    -0.7824     0.5076     0.7450    -0.9961    -0.8236    -0.7584    -0.8715    -0.7719     0.9828    -0.5963     0.8739     0.9969     0.9206     0.1645    -0.7584     0.3672     1.0000    -0.8926    -0.7416    -0.8497    -0.0712    -0.8277    -0.9289     0.3156    -0.9215     0.8024    -0.8236    -0.8715     0.8438     0.3343    -0.9961
epsilon         0.0051     0.0078     0.6058     0.6916    -0.0712     1.0000     0.3849     0.7009    -0.4433     0.6916     0.5782     0.3849     0.4693     1.0000    -0.0652    -0.1671     0.5051    -0.1602    -0.1035     0.4305     0.2642     0.2642     0.2666     0.2986     0.5445     0.8259     0.5126     0.4687     0.6626     0.6698     0.2454     0.2559     0.1481     0.6077     0.7009     0.5458     0.0964    -0.1903    -0.2222    -0.4899    -0.0236    -0.0230     0.1587     0.7009     0.0078    -0.0712     0.3849     0.6916     0.5782     1.0000    -0.4433    -0.1602    -0.1035    -0.0652     0.3009     0.6077     0.5458     0.2642     0.9093     0.1481
Q              -0.1826    -0.4656     0.8048     0.8368    -0.8926     0.3849     1.0000     0.8902     0.5375     0.8368     0.9144     1.0000     0.4887     0.3849     0.8231     0.6784    -0.4776     0.7710    -0.2254    -0.5841    -0.7088    -0.7088    -0.7048    -0.6820    -0.3910     0.8032    -0.5654    -0.5152    -0.3284     0.9103    -0.3583    -0.4707     0.9153     0.9012     0.8902     0.9230     0.6026    -0.9180     0.4437    -0.9250    -0.8833    -0.8461    -0.0820     0.8902    -0.4656    -0.8926     1.0000     0.8368     0.9144     0.3849     0.5375     0.7710    -0.2254     0.8231    -0.6792     0.9012     0.9230    -0.7088     0.0212     0.9153
Y              -0.0432    -0.2840     0.8194     0.9756    -0.7584     0.7009     0.8902     1.0000     0.2984     0.9756     0.9859     0.8902     0.7268     0.7009     0.6124     0.4975    -0.1081     0.5638    -0.3450    -0.3160    -0.4262    -0.4262    -0.4220    -0.3746    -0.1554     0.9037    -0.2358    -0.1643    -0.0355     0.9981    -0.1713    -0.3834     0.8076     0.9887     1.0000     0.9781     0.5932    -0.8299     0.2517    -0.9518    -0.7248    -0.6695    -0.0048     1.0000    -0.2840    -0.7584     0.8902     0.9756     0.9859     0.7009     0.2984     0.5638    -0.3450     0.6124    -0.3696     0.9887     0.9781    -0.4262     0.3544     0.8076
M               0.2134    -0.1013     0.2841     0.3409    -0.8277    -0.4433     0.5375     0.2984     1.0000     0.3409     0.4459     0.5375     0.2666    -0.4433     0.8117     0.8198    -0.7900     0.8682    -0.2504    -0.9176    -0.8485    -0.8485    -0.8461    -0.8348    -0.8589    -0.0451    -0.9006    -0.8104    -0.8780     0.3248    -0.5887    -0.8020     0.7787     0.4068     0.2984     0.4828     0.7675    -0.7419     0.6508    -0.4697    -0.8470    -0.7629    -0.1584     0.2984    -0.1013    -0.8277     0.5375     0.3409     0.4459    -0.4433     1.0000     0.8682    -0.2504     0.8117    -0.8356     0.4068     0.4828    -0.8485    -0.7762     0.7787
L               0.1773    -0.0735     0.8644     1.0000    -0.7416     0.6916     0.8368     0.9756     0.3409     1.0000     0.9658     0.8368     0.7071     0.6916     0.5857     0.4854    -0.1068     0.5315    -0.3103    -0.2879    -0.4066    -0.4066    -0.4022    -0.3595    -0.1210     0.8299    -0.1881    -0.1614    -0.0125     0.9642    -0.2171    -0.3779     0.7829     0.9652     0.9756     0.9615     0.7195    -0.7974     0.2914    -0.8923    -0.7073    -0.6389     0.0388     0.9756    -0.0735    -0.7416     0.8368     1.0000     0.9658     0.6916     0.3409     0.5315    -0.3103     0.5857    -0.3577     0.9652     0.9615    -0.4066     0.3281     0.7829
C              -0.0245    -0.3024     0.7848     0.9658    -0.8497     0.5782     0.9144     0.9859     0.4459     0.9658     1.0000     0.9144     0.7583     0.5782     0.7112     0.6136    -0.2241     0.6818    -0.3926    -0.4602    -0.5403    -0.5403    -0.5362    -0.4859    -0.3097     0.8312    -0.3764    -0.2826    -0.1940     0.9894    -0.2394    -0.5181     0.8890     0.9975     0.9859     0.9975     0.6711    -0.9065     0.3268    -0.9782    -0.8213    -0.7581    -0.0377     0.9859    -0.3024    -0.8497     0.9144     0.9658     1.0000     0.5782     0.4459     0.6818    -0.3926     0.7112    -0.4803     0.9975     0.9975    -0.5403     0.1996     0.8890
I              -0.1826    -0.4656     0.8048     0.8368    -0.8926     0.3849     1.0000     0.8902     0.5375     0.8368     0.9144     1.0000     0.4887     0.3849     0.8231     0.6784    -0.4776     0.7710    -0.2254    -0.5841    -0.7088    -0.7088    -0.7048    -0.6820    -0.3910     0.8032    -0.5654    -0.5152    -0.3284     0.9103    -0.3583    -0.4707     0.9153     0.9012     0.8902     0.9230     0.6026    -0.9180     0.4437    -0.9250    -0.8833    -0.8461    -0.0820     0.8902    -0.4656    -0.8926     1.0000     0.8368     0.9144     0.3849     0.5375     0.7710    -0.2254     0.8231    -0.6792     0.9012     0.9230    -0.7088     0.0212     0.9153
K              -0.0405    -0.2354     0.2557     0.7071    -0.5819     0.4693     0.4887     0.7268     0.2666     0.7071     0.7583     0.4887     1.0000     0.4693     0.4746     0.5286     0.0348     0.5125    -0.5248    -0.3496    -0.3029    -0.3029    -0.3018    -0.2177    -0.3405     0.4930    -0.2029    -0.0425    -0.1729     0.7260     0.0406    -0.6103     0.6267     0.7725     0.7268     0.7403     0.4361    -0.6678     0.0337    -0.7692    -0.5529    -0.5362    -0.0750     0.7268    -0.2354    -0.5819     0.4887     0.7071     0.7583     0.4693     0.2666     0.5125    -0.5248     0.4746    -0.2036     0.7725     0.7403    -0.3029     0.2063     0.6267
EX              0.0051     0.0078     0.6058     0.6916    -0.0712     1.0000     0.3849     0.7009    -0.4433     0.6916     0.5782     0.3849     0.4693     1.0000    -0.0652    -0.1671     0.5051    -0.1602    -0.1035     0.4305     0.2642     0.2642     0.2666     0.2986     0.5445     0.8259     0.5126     0.4687     0.6626     0.6698     0.2454     0.2559     0.1481     0.6077     0.7009     0.5458     0.0964    -0.1903    -0.2222    -0.4899    -0.0236    -0.0230     0.1587     0.7009     0.0078    -0.0712     0.3849     0.6916     0.5782     1.0000    -0.4433    -0.1602    -0.1035    -0.0652     0.3009     0.6077     0.5458     0.2642     0.9093     0.1481
N              -0.0799    -0.3965     0.4736     0.5857    -0.9215    -0.0652     0.8231     0.6124     0.8117     0.5857     0.7112     0.8231     0.4746    -0.0652     1.0000     0.9697    -0.8299     0.9784    -0.1618    -0.8950    -0.9744    -0.9744    -0.9735    -0.9544    -0.7442     0.3748    -0.8349    -0.8663    -0.7103     0.6472    -0.3934    -0.7597     0.9083     0.6908     0.6124     0.7281     0.6684    -0.9058     0.4806    -0.7522    -0.9475    -0.9952    -0.1344     0.6124    -0.3965    -0.9215     0.8231     0.5857     0.7112    -0.0652     0.8117     0.9784    -0.1618     1.0000    -0.9506     0.6908     0.7281    -0.9744    -0.4228     0.9083
K_b            -0.0214    -0.3249     0.2970     0.4854    -0.8560    -0.1671     0.6784     0.4975     0.8198     0.4854     0.6136     0.6784     0.5286    -0.1671     0.9697     1.0000    -0.8300     0.9665    -0.1683    -0.9142    -0.9607    -0.9607    -0.9611    -0.9356    -0.8019     0.2055    -0.8264    -0.8706    -0.7624     0.5318    -0.3349    -0.8294     0.8367     0.5957     0.4975     0.6284     0.6468    -0.8380     0.4181    -0.6592    -0.8884    -0.9636    -0.1413     0.4975    -0.3249    -0.8560     0.6784     0.4854     0.6136    -0.1671     0.8198     0.9665    -0.1683     0.9697    -0.9302     0.5957     0.6284    -0.9607    -0.4982     0.8367
K_h            -0.0014     0.2278    -0.1816    -0.1068     0.6254     0.5051    -0.4776    -0.1081    -0.7900    -0.1068    -0.2241    -0.4776     0.0348     0.5051    -0.8299    -0.8300     1.0000    -0.8012    -0.1467     0.8466     0.9320     0.9320     0.9332     0.9584     0.7203     0.0820     0.8396     0.9970     0.7839    -0.1491     0.4210     0.5754    -0.5732    -0.1937    -0.1081    -0.2534    -0.4750     0.5478    -0.4701     0.2707     0.6826     0.7822     0.1170    -0.1081     0.2278     0.6254    -0.4776    -0.1068    -0.2241     0.5051    -0.7900    -0.8012    -0.1467    -0.8299     0.9613    -0.1937    -0.2534     0.9320     0.7222    -0.5732
D              -0.1086    -0.4301     0.3729     0.5315    -0.9289    -0.1602     0.7710     0.5638     0.8682     0.5315     0.6818     0.7710     0.5125    -0.1602     0.9784     0.9665    -0.8012     1.0000    -0.3150    -0.9555    -0.9572    -0.9572    -0.9561    -0.9267    -0.8554     0.2923    -0.8868    -0.8405    -0.8140     0.6012    -0.3894    -0.8528     0.9129     0.6609     0.5638     0.6993     0.6502    -0.9112     0.4782    -0.7432    -0.9515    -0.9666    -0.1604     0.5638    -0.4301    -0.9289     0.7710     0.5315     0.6818    -0.1602     0.8682     1.0000    -0.3150     0.9784    -0.9206     0.6609     0.6993    -0.9572    -0.5159     0.9129
D_star          0.1347     0.2421    -0.0519    -0.3103     0.3156    -0.1035    -0.2254    -0.3450    -0.2504    -0.3103    -0.3926    -0.2254    -0.5248    -0.1035    -0.1618    -0.1683    -0.1467    -0.3150     1.0000     0.3394     0.0737     0.0737     0.0718     0.0015     0.4861    -0.2020     0.1544    -0.1061     0.3743    -0.3506    -0.1588     0.5522    -0.3451    -0.4094    -0.3450    -0.3738    -0.1521     0.3864     0.1081     0.4455     0.2866     0.1760    -0.0238    -0.3450     0.2421     0.3156    -0.2254    -0.3103    -0.3926    -0.1035    -0.2504    -0.3150     1.0000    -0.1618    -0.0117    -0.4094    -0.3738     0.0737     0.0435    -0.3451
x               0.1061     0.3986    -0.1563    -0.2879     0.8212     0.4305    -0.5841    -0.3160    -0.9176    -0.2879    -0.4602    -0.5841    -0.3496     0.4305    -0.8950    -0.9142     0.8466    -0.9555     0.3394     1.0000     0.9292     0.9292     0.9289     0.9070     0.9587    -0.0290     0.9438     0.8734     0.9485    -0.3586     0.3966     0.8744    -0.7868    -0.4348    -0.3160    -0.4833    -0.5564     0.7768    -0.4723     0.5444     0.8533     0.8593     0.1802    -0.3160     0.3986     0.8212    -0.5841    -0.2879    -0.4602     0.4305    -0.9176    -0.9555     0.3394    -0.8950     0.9013    -0.4348    -0.4833     0.9292     0.7290    -0.7868
psi             0.0601     0.3561    -0.3516    -0.4066     0.8438     0.2642    -0.7088    -0.4262    -0.8485    -0.4066    -0.5403    -0.7088    -0.3029     0.2642    -0.9744    -0.9607     0.9320    -0.9572     0.0737     0.9292     1.0000     1.0000     1.0000     0.9955     0.7919    -0.1898     0.8845     0.9551     0.7933    -0.4658     0.4156     0.7409    -0.8140    -0.5152    -0.4262    -0.5627    -0.6135     0.8030    -0.4919     0.5903     0.8834     0.9512     0.1387    -0.4262     0.3561     0.8438    -0.7088    -0.4066    -0.5403     0.2642    -0.8485    -0.9572     0.0737    -0.9744     0.9936    -0.5152    -0.5627     1.0000     0.5799    -0.8140
phi             0.0601     0.3561    -0.3516    -0.4066     0.8438     0.2642    -0.7088    -0.4262    -0.8485    -0.4066    -0.5403    -0.7088    -0.3029     0.2642    -0.9744    -0.9607     0.9320    -0.9572     0.0737     0.9292     1.0000     1.0000     1.0000     0.9955     0.7919    -0.1898     0.8845     0.9551     0.7933    -0.4658     0.4156     0.7409    -0.8140    -0.5152    -0.4262    -0.5627    -0.6135     0.8030    -0.4919     0.5903     0.8834     0.9512     0.1387    -0.4262     0.3561     0.8438    -0.7088    -0.4066    -0.5403     0.2642    -0.8485    -0.9572     0.0737    -0.9744     0.9936    -0.5152    -0.5627     1.0000     0.5799    -0.8140
upsilon         0.0613     0.3561    -0.3464    -0.4022     0.8401     0.2666    -0.7048    -0.4220    -0.8461    -0.4022    -0.5362    -0.7048    -0.3018     0.2666    -0.9735    -0.9611     0.9332    -0.9561     0.0718     0.9289     1.0000     1.0000     1.0000     0.9956     0.7921    -0.1860     0.8831     0.9562     0.7936    -0.4617     0.4113     0.7407    -0.8102    -0.5113    -0.4220    -0.5583    -0.6095     0.7996    -0.4875     0.5866     0.8801     0.9504     0.1380    -0.4220     0.3561     0.8401    -0.7048    -0.4022    -0.5362     0.2666    -0.8461    -0.9561     0.0718    -0.9735     0.9937    -0.5113    -0.5583     1.0000     0.5804    -0.8102
mu              0.0433     0.3274    -0.3478    -0.3595     0.8062     0.2986    -0.6820    -0.3746    -0.8348    -0.3595    -0.4859    -0.6820    -0.2177     0.2986    -0.9544    -0.9356     0.9584    -0.9267     0.0015     0.9070     0.9955     0.9955     0.9956     1.0000     0.7602    -0.1556     0.8744     0.9749     0.7777    -0.4143     0.4286     0.6893    -0.7719    -0.4591    -0.3746    -0.5103    -0.5947     0.7567    -0.4993     0.5314     0.8499     0.9264     0.1303    -0.3746     0.3274     0.8062    -0.6820    -0.3595    -0.4859     0.2986    -0.8348    -0.9267     0.0015    -0.9544     0.9998    -0.4591    -0.5103     0.9955     0.5977    -0.7719
mu_star         0.1462     0.3948     0.0664    -0.1210     0.6861     0.5445    -0.3910    -0.1554    -0.8589    -0.1210    -0.3097    -0.3910    -0.3405     0.5445    -0.7442    -0.8019     0.7203    -0.8554     0.4861     0.9587     0.7919     0.7919     0.7921     0.7602     1.0000     0.1395     0.8870     0.7464     0.9829    -0.1981     0.2962     0.8938    -0.6505    -0.2893    -0.1554    -0.3286    -0.4172     0.6466    -0.3627     0.4170     0.7152     0.7029     0.1869    -0.1554     0.3948     0.6861    -0.3910    -0.1210    -0.3097     0.5445    -0.8589    -0.8554     0.4861    -0.7442     0.7516    -0.2893    -0.3286     0.7919     0.7819    -0.6505
A              -0.2745    -0.4041     0.7867     0.8299    -0.5029     0.8259     0.8032     0.9037    -0.0451     0.8299     0.8312     0.8032     0.4930     0.8259     0.3748     0.2055     0.0820     0.2923    -0.2020    -0.0290    -0.1898    -0.1898    -0.1860    -0.1556     0.1395     1.0000     0.0000     0.0439     0.2446     0.9018    -0.0149    -0.0414     0.5681     0.8439     0.9037     0.8143     0.2547    -0.5983     0.0751    -0.8113    -0.4671    -0.4407     0.0288     0.9037    -0.4041    -0.5029     0.8032     0.8299     0.8312     0.8259    -0.0451     0.2923    -0.2020     0.3748    -0.1513     0.8439     0.8143    -0.1898     0.6019     0.5681
R_star          0.2009     0.4766    -0.1255    -0.1881     0.7977     0.5126    -0.5654    -0.2358    -0.9006    -0.1881    -0.3764    -0.5654    -0.2029     0.5126    -0.8349    -0.8264     0.8396    -0.8868     0.1544     0.9438     0.8845     0.8845     0.8831     0.8744     0.8870     0.0000     1.0000     0.8550     0.9069    -0.2820     0.5375     0.7443    -0.7548    -0.3394    -0.2358    -0.4114    -0.4805     0.7237    -0.6013     0.4769     0.8261     0.7863     0.2661    -0.2358     0.4766     0.7977    -0.5654    -0.1881    -0.3764     0.5126    -0.9006    -0.8868     0.1544    -0.8349     0.8707    -0.3394    -0.4114     0.8845     0.7788    -0.7548
chi_h           0.0017     0.2459    -0.2013    -0.1614     0.6702     0.4687    -0.5152    -0.1643    -0.8104    -0.1614    -0.2826    -0.5152    -0.0425     0.4687    -0.8663    -0.8706     0.9970    -0.8405    -0.1061     0.8734     0.9551     0.9551     0.9562     0.9749     0.7464     0.0439     0.8550     1.0000     0.7970    -0.2051     0.4177     0.6224    -0.6215    -0.2533    -0.1643    -0.3105    -0.5085     0.5993    -0.4726     0.3300     0.7252     0.8234     0.1228    -0.1643     0.2459     0.6702    -0.5152    -0.1614    -0.2826     0.4687    -0.8104    -0.8405    -0.1061    -0.8663     0.9768    -0.2533    -0.3105     0.9551     0.7060    -0.6215
chi_b           0.1019     0.3360     0.0953    -0.0125     0.6313     0.6626    -0.3284    -0.0355    -0.8780    -0.0125    -0.1940    -0.3284    -0.1729     0.6626    -0.7103    -0.7624     0.7839    -0.8140     0.3743     0.9485     0.7933     0.7933     0.7936     0.7777     0.9829     0.2446     0.9069     0.7970     1.0000    -0.0791     0.3559     0.8270    -0.5828    -0.1673    -0.0355    -0.2196    -0.4004     0.5669    -0.4115     0.2966     0.6675     0.6544     0.1865    -0.0355     0.3360     0.6313    -0.3284    -0.0125    -0.1940     0.6626    -0.8780    -0.8140     0.3743    -0.7103     0.7722    -0.1673    -0.2196     0.7933     0.8738    -0.5828
Ynet           -0.0866    -0.3336     0.8053     0.9642    -0.7824     0.6698     0.9103     0.9981     0.3248     0.9642     0.9894     0.9103     0.7260     0.6698     0.6472     0.5318    -0.1491     0.6012    -0.3506    -0.3586    -0.4658    -0.4658    -0.4617    -0.4143    -0.1981     0.9018    -0.2820    -0.2051    -0.0791     1.0000    -0.1785    -0.4117     0.8304     0.9915     0.9981     0.9823     0.5833    -0.8530     0.2617    -0.9664    -0.7517    -0.7022    -0.0198     0.9981    -0.3336    -0.7824     0.9103     0.9642     0.9894     0.6698     0.3248     0.6012    -0.3506     0.6472    -0.4087     0.9915     0.9823    -0.4658     0.3203     0.8304
R_dc           -0.2200    -0.0321    -0.3297    -0.2171     0.5076     0.2454    -0.3583    -0.1713    -0.5887    -0.2171    -0.2394    -0.3583     0.0406     0.2454    -0.3934    -0.3349     0.4210    -0.3894    -0.1588     0.3966     0.4156     0.4156     0.4113     0.4286     0.2962    -0.0149     0.5375     0.4177     0.3559    -0.1785     1.0000     0.0692    -0.4664    -0.1699    -0.1713    -0.3077    -0.5424     0.3554    -0.9943     0.2262     0.5038     0.3496     0.4134    -0.1713    -0.0321     0.5076    -0.3583    -0.2171    -0.2394     0.2454    -0.5887    -0.3894    -0.1588    -0.3934     0.4365    -0.1699    -0.3077     0.4156     0.4460    -0.4664
P_dc           -0.0007     0.2741    -0.0894    -0.3779     0.7450     0.2559    -0.4707    -0.3834    -0.8020    -0.3779    -0.5181    -0.4707    -0.6103     0.2559    -0.7597    -0.8294     0.5754    -0.8528     0.5522     0.8744     0.7409     0.7409     0.7407     0.6893     0.8938    -0.0414     0.7443     0.6224     0.8270    -0.4117     0.0692     1.0000    -0.7291    -0.5177    -0.3834    -0.5159    -0.5627     0.7609    -0.1571     0.5791     0.7594     0.7480     0.0208    -0.3834     0.2741     0.7450    -0.4707    -0.3779    -0.5181     0.2559    -0.8020    -0.8528     0.5522    -0.7597     0.6795    -0.5177    -0.5159     0.7409     0.5524    -0.7291
cryp           -0.0578    -0.3951     0.6329     0.7829    -0.9961     0.1481     0.9153     0.8076     0.7787     0.7829     0.8890     0.9153     0.6267     0.1481     0.9083     0.8367    -0.5732     0.9129    -0.3451    -0.7868    -0.8140    -0.8140    -0.8102    -0.7719    -0.6505     0.5681    -0.7548    -0.6215    -0.5828     0.8304    -0.4664    -0.7291     1.0000     0.8667     0.8076     0.9068     0.7502    -0.9926     0.5574    -0.9132    -0.9892    -0.9154    -0.1555     0.8076    -0.3951    -0.9961     0.9153     0.7829     0.8890     0.1481     0.7787     0.9129    -0.3451     0.9083    -0.7671     0.8667     0.9068    -0.8140    -0.2574     1.0000
DC             -0.0399    -0.3076     0.7736     0.9652    -0.8236     0.6077     0.9012     0.9887     0.4068     0.9652     0.9975     0.9012     0.7725     0.6077     0.6908     0.5957    -0.1937     0.6609    -0.4094    -0.4348    -0.5152    -0.5152    -0.5113    -0.4591    -0.2893     0.8439    -0.3394    -0.2533    -0.1673     0.9915    -0.1699    -0.5177     0.8667     1.0000     0.9887     0.9899     0.6409    -0.8924     0.2587    -0.9758    -0.7949    -0.7418    -0.0079     0.9887    -0.3076    -0.8236     0.9012     0.9652     0.9975     0.6077     0.4068     0.6609    -0.4094     0.6908    -0.4528     1.0000     0.9899    -0.5152     0.2385     0.8667
DC_sup         -0.0432    -0.2840     0.8194     0.9756    -0.7584     0.7009     0.8902     1.0000     0.2984     0.9756     0.9859     0.8902     0.7268     0.7009     0.6124     0.4975    -0.1081     0.5638    -0.3450    -0.3160    -0.4262    -0.4262    -0.4220    -0.3746    -0.1554     0.9037    -0.2358    -0.1643    -0.0355     0.9981    -0.1713    -0.3834     0.8076     0.9887     1.0000     0.9781     0.5932    -0.8299     0.2517    -0.9518    -0.7248    -0.6695    -0.0048     1.0000    -0.2840    -0.7584     0.8902     0.9756     0.9859     0.7009     0.2984     0.5638    -0.3450     0.6124    -0.3696     0.9887     0.9781    -0.4262     0.3544     0.8076
m              -0.0090    -0.2957     0.7920     0.9615    -0.8715     0.5458     0.9230     0.9781     0.4828     0.9615     0.9975     0.9230     0.7403     0.5458     0.7281     0.6284    -0.2534     0.6993    -0.3738    -0.4833    -0.5627    -0.5627    -0.5583    -0.5103    -0.3286     0.8143    -0.4114    -0.3105    -0.2196     0.9823    -0.3077    -0.5159     0.9068     0.9899     0.9781     1.0000     0.6979    -0.9159     0.3931    -0.9757    -0.8436    -0.7707    -0.0673     0.9781    -0.2957    -0.8715     0.9230     0.9615     0.9975     0.5458     0.4828     0.6993    -0.3738     0.7281    -0.5053     0.9899     1.0000    -0.5627     0.1598     0.9068
Lambda          0.6151     0.3075     0.6731     0.7195    -0.7719     0.0964     0.6026     0.5932     0.7675     0.7195     0.6711     0.6026     0.4361     0.0964     0.6684     0.6468    -0.4750     0.6502    -0.1521    -0.5564    -0.6135    -0.6135    -0.6095    -0.5947    -0.4172     0.2547    -0.4805    -0.5085    -0.4004     0.5833    -0.5424    -0.5627     0.7502     0.6409     0.5932     0.6979     1.0000    -0.7181     0.5977    -0.5707    -0.7639    -0.6616    -0.0020     0.5932     0.3075    -0.7719     0.6026     0.7195     0.6711     0.0964     0.7675     0.6502    -0.1521     0.6684    -0.6010     0.6409     0.6979    -0.6135    -0.2886     0.7502
gam             0.0913     0.4219    -0.6235    -0.7974     0.9828    -0.1903    -0.9180    -0.8299    -0.7419    -0.7974    -0.9065    -0.9180    -0.6678    -0.1903    -0.9058    -0.8380     0.5478    -0.9112     0.3864     0.7768     0.8030     0.8030     0.7996     0.7567     0.6466    -0.5983     0.7237     0.5993     0.5669    -0.8530     0.3554     0.7609    -0.9926    -0.8924    -0.8299    -0.9159    -0.7181     1.0000    -0.4523     0.9339     0.9760     0.9192     0.1076    -0.8299     0.4219     0.9828    -0.9180    -0.7974    -0.9065    -0.1903    -0.7419    -0.9112     0.3864    -0.9058     0.7506    -0.8924    -0.9159     0.8030     0.2107    -0.9926
trs             0.1974    -0.0197     0.3793     0.2914    -0.5963    -0.2222     0.4437     0.2517     0.6508     0.2914     0.3268     0.4437     0.0337    -0.2222     0.4806     0.4181    -0.4701     0.4782     0.1081    -0.4723    -0.4919    -0.4919    -0.4875    -0.4993    -0.3627     0.0751    -0.6013    -0.4726    -0.4115     0.2617    -0.9943    -0.1571     0.5574     0.2587     0.2517     0.3931     0.5977    -0.4523     1.0000    -0.3185    -0.5925    -0.4396    -0.4072     0.2517    -0.0197    -0.5963     0.4437     0.2914     0.3268    -0.2222     0.6508     0.4782     0.1081     0.4806    -0.5062     0.2587     0.3931    -0.4919    -0.4585     0.5574
Lambda1         0.2063     0.4828    -0.6792    -0.8923     0.8739    -0.4899    -0.9250    -0.9518    -0.4697    -0.8923    -0.9782    -0.9250    -0.7692    -0.4899    -0.7522    -0.6592     0.2707    -0.7432     0.4455     0.5444     0.5903     0.5903     0.5866     0.5314     0.4170    -0.8113     0.4769     0.3300     0.2966    -0.9664     0.2262     0.5791    -0.9132    -0.9758    -0.9518    -0.9757    -0.5707     0.9339    -0.3185     1.0000     0.8498     0.7950     0.0976    -0.9518     0.4828     0.8739    -0.9250    -0.8923    -0.9782    -0.4899    -0.4697    -0.7432     0.4455    -0.7522     0.5226    -0.9758    -0.9757     0.5903    -0.1265    -0.9132
mu_cryp         0.0304     0.3730    -0.5829    -0.7073     0.9969    -0.0236    -0.8833    -0.7248    -0.8470    -0.7073    -0.8213    -0.8833    -0.5529    -0.0236    -0.9475    -0.8884     0.6826    -0.9515     0.2866     0.8533     0.8834     0.8834     0.8801     0.8499     0.7152    -0.4671     0.8261     0.7252     0.6675    -0.7517     0.5038     0.7594    -0.9892    -0.7949    -0.7248    -0.8436    -0.7639     0.9760    -0.5925     0.8498     1.0000     0.9434     0.1640    -0.7248     0.3730     0.9969    -0.8833    -0.7073    -0.8213    -0.0236    -0.8470    -0.9515     0.2866    -0.9475     0.8463    -0.7949    -0.8436     0.8834     0.3767    -0.9892
x_c             0.0938     0.4072    -0.5020    -0.6389     0.9206    -0.0230    -0.8461    -0.6695    -0.7629    -0.6389    -0.7581    -0.8461    -0.5362    -0.0230    -0.9952    -0.9636     0.7822    -0.9666     0.1760     0.8593     0.9512     0.9512     0.9504     0.9264     0.7029    -0.4407     0.7863     0.8234     0.6544    -0.7022     0.3496     0.7480    -0.9154    -0.7418    -0.6695    -0.7707    -0.6616     0.9192    -0.4396     0.7950     0.9434     1.0000     0.1222    -0.6695     0.4072     0.9206    -0.8461    -0.6389    -0.7581    -0.0230    -0.7629    -0.9666     0.1760    -0.9952     0.9217    -0.7418    -0.7707     0.9512     0.3381    -0.9154
DE              0.1980     0.2422     0.1023     0.0388     0.1645     0.1587    -0.0820    -0.0048    -0.1584     0.0388    -0.0377    -0.0820    -0.0750     0.1587    -0.1344    -0.1413     0.1170    -0.1604    -0.0238     0.1802     0.1387     0.1387     0.1380     0.1303     0.1869     0.0288     0.2661     0.1228     0.1865    -0.0198     0.4134     0.0208    -0.1555    -0.0079    -0.0048    -0.0673    -0.0020     0.1076    -0.4072     0.0976     0.1640     0.1222     1.0000    -0.0048     0.2422     0.1645    -0.0820     0.0388    -0.0377     0.1587    -0.1584    -0.1604    -0.0238    -0.1344     0.1272    -0.0079    -0.0673     0.1387     0.1852    -0.1555
logY           -0.0432    -0.2840     0.8194     0.9756    -0.7584     0.7009     0.8902     1.0000     0.2984     0.9756     0.9859     0.8902     0.7268     0.7009     0.6124     0.4975    -0.1081     0.5638    -0.3450    -0.3160    -0.4262    -0.4262    -0.4220    -0.3746    -0.1554     0.9037    -0.2358    -0.1643    -0.0355     0.9981    -0.1713    -0.3834     0.8076     0.9887     1.0000     0.9781     0.5932    -0.8299     0.2517    -0.9518    -0.7248    -0.6695    -0.0048     1.0000    -0.2840    -0.7584     0.8902     0.9756     0.9859     0.7009     0.2984     0.5638    -0.3450     0.6124    -0.3696     0.9887     0.9781    -0.4262     0.3544     0.8076
logPi           0.9383     1.0000     0.0537    -0.0735     0.3672     0.0078    -0.4656    -0.2840    -0.1013    -0.0735    -0.3024    -0.4656    -0.2354     0.0078    -0.3965    -0.3249     0.2278    -0.4301     0.2421     0.3986     0.3561     0.3561     0.3561     0.3274     0.3948    -0.4041     0.4766     0.2459     0.3360    -0.3336    -0.0321     0.2741    -0.3951    -0.3076    -0.2840    -0.2957     0.3075     0.4219    -0.0197     0.4828     0.3730     0.4072     0.2422    -0.2840     1.0000     0.3672    -0.4656    -0.0735    -0.3024     0.0078    -0.1013    -0.4301     0.2421    -0.3965     0.3125    -0.3076    -0.2957     0.3561     0.0525    -0.3951
logR            0.0246     0.3672    -0.6087    -0.7416     1.0000    -0.0712    -0.8926    -0.7584    -0.8277    -0.7416    -0.8497    -0.8926    -0.5819    -0.0712    -0.9215    -0.8560     0.6254    -0.9289     0.3156     0.8212     0.8438     0.8438     0.8401     0.8062     0.6861    -0.5029     0.7977     0.6702     0.6313    -0.7824     0.5076     0.7450    -0.9961    -0.8236    -0.7584    -0.8715    -0.7719     0.9828    -0.5963     0.8739     0.9969     0.9206     0.1645    -0.7584     0.3672     1.0000    -0.8926    -0.7416    -0.8497    -0.0712    -0.8277    -0.9289     0.3156    -0.9215     0.8024    -0.8236    -0.8715     0.8438     0.3343    -0.9961
logI           -0.1826    -0.4656     0.8048     0.8368    -0.8926     0.3849     1.0000     0.8902     0.5375     0.8368     0.9144     1.0000     0.4887     0.3849     0.8231     0.6784    -0.4776     0.7710    -0.2254    -0.5841    -0.7088    -0.7088    -0.7048    -0.6820    -0.3910     0.8032    -0.5654    -0.5152    -0.3284     0.9103    -0.3583    -0.4707     0.9153     0.9012     0.8902     0.9230     0.6026    -0.9180     0.4437    -0.9250    -0.8833    -0.8461    -0.0820     0.8902    -0.4656    -0.8926     1.0000     0.8368     0.9144     0.3849     0.5375     0.7710    -0.2254     0.8231    -0.6792     0.9012     0.9230    -0.7088     0.0212     0.9153
logL            0.1773    -0.0735     0.8644     1.0000    -0.7416     0.6916     0.8368     0.9756     0.3409     1.0000     0.9658     0.8368     0.7071     0.6916     0.5857     0.4854    -0.1068     0.5315    -0.3103    -0.2879    -0.4066    -0.4066    -0.4022    -0.3595    -0.1210     0.8299    -0.1881    -0.1614    -0.0125     0.9642    -0.2171    -0.3779     0.7829     0.9652     0.9756     0.9615     0.7195    -0.7974     0.2914    -0.8923    -0.7073    -0.6389     0.0388     0.9756    -0.0735    -0.7416     0.8368     1.0000     0.9658     0.6916     0.3409     0.5315    -0.3103     0.5857    -0.3577     0.9652     0.9615    -0.4066     0.3281     0.7829
logC           -0.0245    -0.3024     0.7848     0.9658    -0.8497     0.5782     0.9144     0.9859     0.4459     0.9658     1.0000     0.9144     0.7583     0.5782     0.7112     0.6136    -0.2241     0.6818    -0.3926    -0.4602    -0.5403    -0.5403    -0.5362    -0.4859    -0.3097     0.8312    -0.3764    -0.2826    -0.1940     0.9894    -0.2394    -0.5181     0.8890     0.9975     0.9859     0.9975     0.6711    -0.9065     0.3268    -0.9782    -0.8213    -0.7581    -0.0377     0.9859    -0.3024    -0.8497     0.9144     0.9658     1.0000     0.5782     0.4459     0.6818    -0.3926     0.7112    -0.4803     0.9975     0.9975    -0.5403     0.1996     0.8890
logEX           0.0051     0.0078     0.6058     0.6916    -0.0712     1.0000     0.3849     0.7009    -0.4433     0.6916     0.5782     0.3849     0.4693     1.0000    -0.0652    -0.1671     0.5051    -0.1602    -0.1035     0.4305     0.2642     0.2642     0.2666     0.2986     0.5445     0.8259     0.5126     0.4687     0.6626     0.6698     0.2454     0.2559     0.1481     0.6077     0.7009     0.5458     0.0964    -0.1903    -0.2222    -0.4899    -0.0236    -0.0230     0.1587     0.7009     0.0078    -0.0712     0.3849     0.6916     0.5782     1.0000    -0.4433    -0.1602    -0.1035    -0.0652     0.3009     0.6077     0.5458     0.2642     0.9093     0.1481
logM            0.2134    -0.1013     0.2841     0.3409    -0.8277    -0.4433     0.5375     0.2984     1.0000     0.3409     0.4459     0.5375     0.2666    -0.4433     0.8117     0.8198    -0.7900     0.8682    -0.2504    -0.9176    -0.8485    -0.8485    -0.8461    -0.8348    -0.8589    -0.0451    -0.9006    -0.8104    -0.8780     0.3248    -0.5887    -0.8020     0.7787     0.4068     0.2984     0.4828     0.7675    -0.7419     0.6508    -0.4697    -0.8470    -0.7629    -0.1584     0.2984    -0.1013    -0.8277     0.5375     0.3409     0.4459    -0.4433     1.0000     0.8682    -0.2504     0.8117    -0.8356     0.4068     0.4828    -0.8485    -0.7762     0.7787
logD           -0.1086    -0.4301     0.3729     0.5315    -0.9289    -0.1602     0.7710     0.5638     0.8682     0.5315     0.6818     0.7710     0.5125    -0.1602     0.9784     0.9665    -0.8012     1.0000    -0.3150    -0.9555    -0.9572    -0.9572    -0.9561    -0.9267    -0.8554     0.2923    -0.8868    -0.8405    -0.8140     0.6012    -0.3894    -0.8528     0.9129     0.6609     0.5638     0.6993     0.6502    -0.9112     0.4782    -0.7432    -0.9515    -0.9666    -0.1604     0.5638    -0.4301    -0.9289     0.7710     0.5315     0.6818    -0.1602     0.8682     1.0000    -0.3150     0.9784    -0.9206     0.6609     0.6993    -0.9572    -0.5159     0.9129
logD_star       0.1347     0.2421    -0.0519    -0.3103     0.3156    -0.1035    -0.2254    -0.3450    -0.2504    -0.3103    -0.3926    -0.2254    -0.5248    -0.1035    -0.1618    -0.1683    -0.1467    -0.3150     1.0000     0.3394     0.0737     0.0737     0.0718     0.0015     0.4861    -0.2020     0.1544    -0.1061     0.3743    -0.3506    -0.1588     0.5522    -0.3451    -0.4094    -0.3450    -0.3738    -0.1521     0.3864     0.1081     0.4455     0.2866     0.1760    -0.0238    -0.3450     0.2421     0.3156    -0.2254    -0.3103    -0.3926    -0.1035    -0.2504    -0.3150     1.0000    -0.1618    -0.0117    -0.4094    -0.3738     0.0737     0.0435    -0.3451
logN           -0.0799    -0.3965     0.4736     0.5857    -0.9215    -0.0652     0.8231     0.6124     0.8117     0.5857     0.7112     0.8231     0.4746    -0.0652     1.0000     0.9697    -0.8299     0.9784    -0.1618    -0.8950    -0.9744    -0.9744    -0.9735    -0.9544    -0.7442     0.3748    -0.8349    -0.8663    -0.7103     0.6472    -0.3934    -0.7597     0.9083     0.6908     0.6124     0.7281     0.6684    -0.9058     0.4806    -0.7522    -0.9475    -0.9952    -0.1344     0.6124    -0.3965    -0.9215     0.8231     0.5857     0.7112    -0.0652     0.8117     0.9784    -0.1618     1.0000    -0.9506     0.6908     0.7281    -0.9744    -0.4228     0.9083
spread          0.0289     0.3125    -0.3553    -0.3577     0.8024     0.3009    -0.6792    -0.3696    -0.8356    -0.3577    -0.4803    -0.6792    -0.2036     0.3009    -0.9506    -0.9302     0.9613    -0.9206    -0.0117     0.9013     0.9936     0.9936     0.9937     0.9998     0.7516    -0.1513     0.8707     0.9768     0.7722    -0.4087     0.4365     0.6795    -0.7671    -0.4528    -0.3696    -0.5053    -0.6010     0.7506    -0.5062     0.5226     0.8463     0.9217     0.1272    -0.3696     0.3125     0.8024    -0.6792    -0.3577    -0.4803     0.3009    -0.8356    -0.9206    -0.0117    -0.9506     1.0000    -0.4528    -0.5053     0.9936     0.5997    -0.7671
logDC          -0.0399    -0.3076     0.7736     0.9652    -0.8236     0.6077     0.9012     0.9887     0.4068     0.9652     0.9975     0.9012     0.7725     0.6077     0.6908     0.5957    -0.1937     0.6609    -0.4094    -0.4348    -0.5152    -0.5152    -0.5113    -0.4591    -0.2893     0.8439    -0.3394    -0.2533    -0.1673     0.9915    -0.1699    -0.5177     0.8667     1.0000     0.9887     0.9899     0.6409    -0.8924     0.2587    -0.9758    -0.7949    -0.7418    -0.0079     0.9887    -0.3076    -0.8236     0.9012     0.9652     0.9975     0.6077     0.4068     0.6609    -0.4094     0.6908    -0.4528     1.0000     0.9899    -0.5152     0.2385     0.8667
logm           -0.0090    -0.2957     0.7920     0.9615    -0.8715     0.5458     0.9230     0.9781     0.4828     0.9615     0.9975     0.9230     0.7403     0.5458     0.7281     0.6284    -0.2534     0.6993    -0.3738    -0.4833    -0.5627    -0.5627    -0.5583    -0.5103    -0.3286     0.8143    -0.4114    -0.3105    -0.2196     0.9823    -0.3077    -0.5159     0.9068     0.9899     0.9781     1.0000     0.6979    -0.9159     0.3931    -0.9757    -0.8436    -0.7707    -0.0673     0.9781    -0.2957    -0.8715     0.9230     0.9615     0.9975     0.5458     0.4828     0.6993    -0.3738     0.7281    -0.5053     0.9899     1.0000    -0.5627     0.1598     0.9068
leverage        0.0601     0.3561    -0.3516    -0.4066     0.8438     0.2642    -0.7088    -0.4262    -0.8485    -0.4066    -0.5403    -0.7088    -0.3029     0.2642    -0.9744    -0.9607     0.9320    -0.9572     0.0737     0.9292     1.0000     1.0000     1.0000     0.9955     0.7919    -0.1898     0.8845     0.9551     0.7933    -0.4658     0.4156     0.7409    -0.8140    -0.5152    -0.4262    -0.5627    -0.6135     0.8030    -0.4919     0.5903     0.8834     0.9512     0.1387    -0.4262     0.3561     0.8438    -0.7088    -0.4066    -0.5403     0.2642    -0.8485    -0.9572     0.0737    -0.9744     0.9936    -0.5152    -0.5627     1.0000     0.5799    -0.8140
TB             -0.0956     0.0525     0.2942     0.3281     0.3343     0.9093     0.0212     0.3544    -0.7762     0.3281     0.1996     0.0212     0.2063     0.9093    -0.4228    -0.4982     0.7222    -0.5159     0.0435     0.7290     0.5799     0.5799     0.5804     0.5977     0.7819     0.6019     0.7788     0.7060     0.8738     0.3203     0.4460     0.5524    -0.2574     0.2385     0.3544     0.1598    -0.2886     0.2107    -0.4585    -0.1265     0.3767     0.3381     0.1852     0.3544     0.0525     0.3343     0.0212     0.3281     0.1996     0.9093    -0.7762    -0.5159     0.0435    -0.4228     0.5997     0.2385     0.1598     0.5799     1.0000    -0.2574
logcryp        -0.0578    -0.3951     0.6329     0.7829    -0.9961     0.1481     0.9153     0.8076     0.7787     0.7829     0.8890     0.9153     0.6267     0.1481     0.9083     0.8367    -0.5732     0.9129    -0.3451    -0.7868    -0.8140    -0.8140    -0.8102    -0.7719    -0.6505     0.5681    -0.7548    -0.6215    -0.5828     0.8304    -0.4664    -0.7291     1.0000     0.8667     0.8076     0.9068     0.7502    -0.9926     0.5574    -0.9132    -0.9892    -0.9154    -0.1555     0.8076    -0.3951    -0.9961     0.9153     0.7829     0.8890     0.1481     0.7787     0.9129    -0.3451     0.9083    -0.7671     0.8667     0.9068    -0.8140    -0.2574     1.0000



COEFFICIENTS OF AUTOCORRELATION
Order              1        2        3        4        5
mc            0.4679   0.2233   0.1106   0.0584   0.0339
Pi            0.5785   0.3772   0.2774   0.2247   0.1942
Z             0.8459   0.7480   0.6774   0.6209   0.5724
w             0.9140   0.8581   0.8168   0.7828   0.7528
R             0.9182   0.8482   0.7866   0.7316   0.6820
epsilon       0.9477   0.8985   0.8524   0.8092   0.7689
Q             0.9379   0.8759   0.8164   0.7604   0.7082
Y             0.9635   0.9282   0.8944   0.8620   0.8310
M             0.8528   0.7507   0.6725   0.6083   0.5533
L             0.9140   0.8581   0.8168   0.7828   0.7528
C             0.9592   0.9223   0.8879   0.8556   0.8250
I             0.9379   0.8759   0.8164   0.7604   0.7082
K             0.9993   0.9973   0.9941   0.9898   0.9845
EX            0.9477   0.8985   0.8524   0.8092   0.7689
N             0.9296   0.8649   0.8054   0.7506   0.7002
K_b           0.9425   0.8891   0.8394   0.7932   0.7502
K_h           0.9224   0.8509   0.7850   0.7244   0.6686
D             0.9348   0.8747   0.8194   0.7686   0.7218
D_star        0.9947   0.9869   0.9776   0.9676   0.9572
x             0.9325   0.8705   0.8137   0.7616   0.7137
psi           0.9225   0.8515   0.7863   0.7264   0.6713
phi           0.9225   0.8515   0.7863   0.7264   0.6713
upsilon       0.9230   0.8524   0.7875   0.7279   0.6730
mu            0.9191   0.8450   0.7771   0.7148   0.6576
mu_star       0.9473   0.8995   0.8557   0.8152   0.7777
A             0.9500   0.9025   0.8574   0.8145   0.7738
R_star        0.9000   0.8100   0.7290   0.6561   0.5905
chi_h         0.9222   0.8505   0.7845   0.7238   0.6678
chi_b         0.9392   0.8833   0.8319   0.7846   0.7411
Ynet          0.9661   0.9313   0.8971   0.8639   0.8321
R_dc          0.6260   0.3863   0.2270   0.1184   0.0436
P_dc          0.9904   0.9688   0.9398   0.9065   0.8708
cryp          0.9303   0.8682   0.8123   0.7617   0.7156
DC            0.9672   0.9352   0.9040   0.8737   0.8443
DC_sup        0.9635   0.9282   0.8944   0.8620   0.8310
m             0.9482   0.9043   0.8656   0.8306   0.7983
Lambda        0.6519   0.4789   0.3873   0.3343   0.2999
gam           0.9561   0.9111   0.8664   0.8228   0.7808
trs           0.6389   0.4049   0.2476   0.1394   0.0642
Lambda1       0.9682   0.9349   0.9019   0.8700   0.8396
mu_cryp       0.9176   0.8463   0.7831   0.7265   0.6754
x_c           0.9364   0.8775   0.8231   0.7728   0.7262
DE           -0.0338  -0.0253  -0.0205  -0.0174  -0.0151
logY          0.9635   0.9282   0.8944   0.8620   0.8310
logPi         0.5785   0.3772   0.2774   0.2247   0.1942
logR          0.9182   0.8482   0.7866   0.7316   0.6820
logI          0.9379   0.8759   0.8164   0.7604   0.7082
logL          0.9140   0.8581   0.8168   0.7828   0.7528
logC          0.9592   0.9223   0.8879   0.8556   0.8250
logEX         0.9477   0.8985   0.8524   0.8092   0.7689
logM          0.8528   0.7507   0.6725   0.6083   0.5533
logD          0.9348   0.8747   0.8194   0.7686   0.7218
logD_star     0.9947   0.9869   0.9776   0.9676   0.9572
logN          0.9296   0.8649   0.8054   0.7506   0.7002
spread        0.9178   0.8428   0.7743   0.7115   0.6539
logDC         0.9672   0.9352   0.9040   0.8737   0.8443
logm          0.9482   0.9043   0.8656   0.8306   0.7983
leverage      0.9225   0.8515   0.7863   0.7264   0.6713
TB            0.9165   0.8452   0.7822   0.7257   0.6745
logcryp       0.9303   0.8682   0.8123   0.7617   0.7156
Total computing time : 0h00m00s
Note: warning(s) encountered in MATLAB/Octave code
