Starting Dynare (version 5.1).
Calling Dynare with arguments: none
Starting preprocessing of the model file ...
Found 65 equation(s).
Evaluating expressions...done
Computing static model derivatives (order 1).
Computing dynamic model derivatives (order 1).
Processing outputs ...
done
Preprocessing completed.


STEADY-STATE RESULTS:

mc        		 0.888889
Pi        		 1
Z         		 0.0397052
w         		 5.04516
R         		 1.015
epsilon   		 1.04845
Q         		 1
Y         		 2.86138
M         		 0.436666
L         		 0.262151
C         		 1.94489
I         		 0.38435
K         		 19.2175
EX        		 0.50822
N         		 3.6833
K_b       		 14.6954
K_h       		 4.52211
D         		 5.62953
D_star    		 4.2711
x         		 0.304722
psi       		 1.59989
phi       		 3.98974
upsilon   		 1.56389
mu        		 0.00724965
mu_star   		 0.0057705
A         		 1
R_star    		 1.01125
Y_star    		 0.484737
Phi       		 0
Theta     		 0.401
chi_h     		 0.0104814
chi_b     		 0.0134408
Ynet      		 2.37964
P_c       		 1
R_dc      		 1
theta_c   		 1
cryp      		 0.918001
DC        		 2.05751
m         		 2.02547
R_c       		 1
Lambda    		 0.985222
gam       		 0.0315772
trs       		 0.496077
Lambda1   		 1.0178
sigma_Rc  		 0
mu_cryp   		 0.0231117
x_c       		 0.0624686
DE        		 1
logY      		 1.0513
logPi     		 0
logR      		 0.0148886
logI      		 -0.956202
logL      		 -1.33884
logC      		 0.665204
logEX     		 -0.676841
logM      		 -0.828586
logD      		 1.72803
logD_star 		 1.45187
logN      		 1.30381
spread    		 0.00470518
logDC     		 0.721498
logm      		 0.705804
leverage  		 1.38373
TB        		 0.0715536
logcryp   		 -0.0855572

EIGENVALUES:
         Modulus             Real        Imaginary

       2.344e-16        2.344e-16                0
       1.069e-15        1.069e-15                0
       1.749e-15       -1.749e-15                0
       2.086e-08       -2.086e-08                0
       2.086e-08        2.086e-08                0
          0.4484           0.4484                0
             0.9              0.9                0
             0.9              0.9                0
          0.9363           0.9363                0
            0.95             0.95                0
            0.95             0.95                0
            0.95             0.95                0
          0.9757           0.9757                0
          0.9845           0.9845                0
           1.024            1.024                0
           1.042            1.042                0
           1.071            1.071                0
           1.159            1.159                0
           1.623            1.623                0
       1.841e+18       -1.841e+18                0
             Inf              Inf                0


There are 7 eigenvalue(s) larger than 1 in modulus 
for 7 forward-looking variable(s)

The rank condition is verified.

MODEL_DIAGNOSTICS:  The Jacobian of the static model is singular
MODEL_DIAGNOSTICS:  there is 2 colinear relationships between the variables and the equations
Relation 1
Colinear variables:
Z
w
epsilon
Y
M
L
C
I
K
EX
N
K_b
K_h
D
D_star
x
psi
phi
upsilon
mu
mu_star
R_star
Y_star
chi_h
chi_b
Ynet
cryp
DC
m
gam
trs
Lambda1
mu_cryp
x_c
logY
logI
logL
logC
logEX
logM
logD
logD_star
logN
spread
logDC
logm
leverage
TB
logcryp
Relation 2
Colinear variables:
Z
w
epsilon
Y
M
L
C
I
K
EX
N
K_b
K_h
D
D_star
x
psi
phi
upsilon
mu
mu_star
R_star
Y_star
chi_h
chi_b
Ynet
cryp
DC
m
gam
Lambda1
mu_cryp
x_c
logY
logI
logL
logC
logEX
logM
logD
logD_star
logN
spread
logDC
logm
leverage
TB
logcryp
Relation 1
Colinear equations
    46    47

Relation 2
Colinear equations
    46    47

MODEL_DIAGNOSTICS:  The presence of a singularity problem typically indicates that there is one
MODEL_DIAGNOSTICS:  redundant equation entered in the model block, while another non-redundant equation
MODEL_DIAGNOSTICS:  is missing. The problem often derives from Walras Law.

MODEL SUMMARY

  Number of variables:         65
  Number of stochastic shocks: 6
  Number of state variables:   14
  Number of jumpers:           7
  Number of static variables:  45


MATRIX OF COVARIANCE OF EXOGENOUS SHOCKS
Variables               varepsilon_R      varepsilon_A  varepsilon_Rstar  varepsilon_Ystar            eps_Rc               vol
varepsilon_R                0.000006          0.000000          0.000000          0.000000          0.000000          0.000000
varepsilon_A                0.000000          0.000100          0.000000          0.000000          0.000000          0.000000
varepsilon_Rstar            0.000000          0.000000          0.000006          0.000000          0.000000          0.000000
varepsilon_Ystar            0.000000          0.000000          0.000000          0.000000          0.000000          0.000000
eps_Rc                      0.000000          0.000000          0.000000          0.000000          0.000000          0.000000
vol                         0.000000          0.000000          0.000000          0.000000          0.000000          0.000000

POLICY AND TRANSITION FUNCTIONS
                                  mc              Pi               Z               w               R         epsilon               Q               Y               M               L               C               I               K              EX               N             K_b             K_h               D          D_star               x             psi             phi         upsilon              mu         mu_star               A          R_star          Y_star             Phi           Theta           chi_h           chi_b            Ynet             P_c            R_dc         theta_c            cryp              DC               m             R_c          Lambda             gam             trs         Lambda1        sigma_Rc         mu_cryp             x_c              DE            logY           logPi            logR            logI            logL            logC           logEX            logM            logD       logD_star            logN          spread           logDC            logm        leverage              TB         logcryp
Constant                    0.888889        1.000000        0.039705        5.045163        1.015000        1.048445        1.000000        2.861379        0.436666        0.262151        1.944887        0.384350       19.217501        0.508220        3.683295       14.695392        4.522108        5.629528        4.271096        0.304722        1.599886        3.989741        1.563893        0.007250        0.005770        1.000000        1.011255        0.484737               0        0.401000        0.010481        0.013441        2.379636        1.000000        1.000000        1.000000        0.918001        2.057513        2.025474        1.000000        0.985222        0.031577        0.496077        1.017805               0        0.023112        0.062469        1.000000        1.051304               0        0.014889       -0.956202       -1.338836        0.665204       -0.676841       -0.828586        1.728026        1.451872        1.303808        0.004705        0.721498        0.705804        1.383726        0.071554       -0.085557
R(-1)                      -2.946573       -1.022497       -0.278170       -8.836457        0.324079       -1.761182       -2.105519      -10.561319       -2.325720       -1.377448       -8.808404       -1.213885       -1.213885       -0.853709      -37.063923      -63.264902       62.051018      -46.166492       -2.325720        1.275650        5.842951       14.570951        5.023506        0.138487        0.000309               0               0               0               0               0        0.288309        0.026370       -7.668560               0               0               0       -0.988984       -9.130635       -9.373639               0       -0.768257        0.713432       -0.047539        1.333652               0        0.566195        0.333163       -2.702301       -3.690990       -1.022497        0.319290       -3.158279       -5.254413       -4.529006       -1.679803       -5.326081       -8.200775       -0.544525      -10.062708        0.078436       -4.437705       -4.627873        3.652105        1.472010       -1.077324
K(-1)                      -0.010640       -0.004179       -0.002081       -0.000471       -0.000241        0.022143       -0.022180        0.033181       -0.009385       -0.000073        0.027591       -0.012787        0.967213        0.010733       -0.442431       -0.519126        1.486338       -0.488048       -0.009385        0.023289        0.100173        0.249808        0.087458        0.002584        0.000191               0               0               0               0               0        0.006363        0.001282        0.025708               0               0               0        0.001956        0.028872        0.029073               0       -0.001892       -0.001411        0.000080       -0.029380               0        0.000927        0.003725        0.016940        0.011596       -0.004179       -0.000237       -0.033270       -0.000280        0.014186        0.021120       -0.021493       -0.086694       -0.002197       -0.120118        0.001423        0.014032        0.014353        0.062613        0.020119        0.002131
K_b(-1)                     0.001298        0.000455        0.000127        0.004032        0.000195        0.000501        0.024716        0.004967        0.001187        0.000628        0.005502        0.014250        0.014250        0.000243        1.297778        2.661728       -2.647479        1.721471        0.001187       -0.062495       -0.234381       -0.584491       -0.206338       -0.005385       -0.000875               0               0               0               0               0       -0.012281       -0.002746        0.018531               0               0               0       -0.000438        0.005954        0.005587               0        0.000015        0.000316       -0.000034       -0.002883               0       -0.002753       -0.012889        0.000933        0.001736        0.000455        0.000193        0.037074        0.002397        0.002829        0.000478        0.002718        0.305793        0.000278        0.352342       -0.002875        0.002894        0.002759       -0.146499       -0.000944       -0.000477
D(-1)                      -0.001292       -0.000453       -0.000126       -0.004013       -0.000195       -0.000499       -0.024602       -0.004944       -0.001182       -0.000626       -0.005476       -0.014184       -0.014184       -0.000242       -1.291790       -2.649446        2.635263       -1.713528       -0.001182        0.062206        0.233300        0.581794        0.205386        0.005361        0.000871               0               0               0               0               0        0.012224        0.002734       -0.018445               0               0               0        0.000436       -0.005926       -0.005562               0       -0.000015       -0.000314        0.000034        0.002869               0        0.002740        0.012829       -0.000929       -0.001728       -0.000453       -0.000192       -0.036903       -0.002386       -0.002816       -0.000476       -0.002706       -0.304382       -0.000277       -0.350716        0.002861       -0.002880       -0.002746        0.145823        0.000940        0.000475
D_star(-1)                 -0.007348       -0.001581       -0.001450       -0.046047        0.001937        0.043286       -0.056869       -0.080808       -0.033970       -0.007178       -0.097630       -0.032787       -0.032787        0.020982       -1.977055       -3.735951        3.703164       -3.784456        0.977285        0.177103        0.361042        0.900354        0.317166        0.007832        0.003767               0               0               0               0               0        0.017184        0.011442       -0.092720               0               0               0       -0.008221       -0.101853       -0.103201               0       -0.002042        0.005930       -0.000362        0.061701               0        0.007627        0.018874        0.039705       -0.028241       -0.001581        0.001908       -0.085304       -0.027381       -0.050198        0.041286       -0.077793       -0.672251        0.228814       -0.536763        0.004138       -0.049503       -0.050951        0.225667        0.054952       -0.008955
A(-1)                      -0.570948       -0.220306        0.009003        0.285996       -0.009388        1.224243        0.941666        2.486725       -0.410871        0.044582        1.360549        0.542894        0.542894        0.593435        6.608807        5.138455       -4.595561        7.502825       -0.410871       -0.066994       -0.804638       -2.006579       -0.708311       -0.017682        0.001546        0.950000               0               0               0               0       -0.021599        0.011447        2.393068               0               0               0        0.078335        1.428001        1.429008               0       -0.100976       -0.056511        0.002869       -1.194043               0       -0.024719       -0.075337        0.947368        0.869065       -0.220306       -0.009250        1.412499        0.170061        0.699552        1.167675       -0.940926        1.332763       -0.096198        1.794265       -0.008863        0.694042        0.705518       -0.502935        1.004306        0.085332
R_star(-1)                  0.738898        0.506375       -0.023795       -0.755885        0.553460        6.342845       -4.013459       -4.093361       -2.903419       -0.117829       -5.844724       -2.313860       -2.313860        3.074610      -81.807293     -139.614355      137.300495     -143.174073        1.367677        6.059091       13.913159       34.696156       12.063100        0.306004        0.104602               0        0.900000               0               0               0        0.637739        0.352874       -4.809605               0               0               0       -1.784307       -5.790552       -6.505456               0       -0.173486        1.287135       -0.099362        4.494459               0        1.018431        0.722782        6.556138       -1.430556        0.506375        0.545281       -6.020189       -0.449471       -3.005175        6.049763       -6.649058      -25.432697        0.320217      -22.210356        0.163138       -2.814345       -3.211818        8.696343        5.978029       -1.943688
Y_star(-1)                  0.256250        0.089242        0.034224        1.087178        0.004744       -0.479724        0.129927        1.641504        0.576187        0.169472        0.918805        0.074906        0.074906        0.711061        4.749637        8.556433       -8.481527        8.090961       -0.323813       -0.379547       -0.923659       -2.303388       -0.822262       -0.018379       -0.008527               0               0        0.900000               0               0       -0.039358       -0.023910        1.310150               0               0               0       -0.010297        0.979370        0.949032               0        0.035171        0.007426       -0.001862       -0.077673               0       -0.004950       -0.045190       -0.368315        0.573676        0.089242        0.004674        0.194891        0.646468        0.472421        1.399120        1.319514        1.437236       -0.075815        1.289508       -0.009623        0.475997        0.468548       -0.577328        0.134873       -0.011217
P_c(-1)                    -0.009162       -0.001266       -0.000651       -0.020692       -0.001563       -0.018949        0.024498       -0.017448        0.000728       -0.003225       -0.008548        0.014124        0.014124       -0.009185        0.393706        2.357780       -2.343656        5.314405        0.000728       -0.061811        0.124874        0.311408       -0.182884       -0.004788       -0.033652               0               0               0               0               0       -0.010872       -0.002967        0.003901               0               0               0       -2.913118       -0.010208       -0.007660       -1.000000        0.002020       -0.003400        0.000295       -0.005107               0        1.535706       -0.209786       -0.019339       -0.006098       -0.001266       -0.001540        0.036748       -0.012304       -0.004395       -0.018073        0.001668        0.944023        0.000171        0.106890       -0.002567       -0.004962       -0.003782        0.078052       -0.009913       -3.173328
theta_c(-1)                -0.001597       -0.000185       -0.000141       -0.004470       -0.000160       -0.001590        0.000202       -0.004999       -0.000885       -0.000697       -0.003409        0.000116        0.000116       -0.000771        0.006089        0.159816       -0.159700        0.614254       -0.000885       -0.003901        0.015077        0.037597       -0.033697       -0.000414       -0.005191               0               0               0               0               0       -0.000740       -0.000195       -0.002441       -0.154393               0        0.950000       -0.450041       -0.003732       -0.003416       -0.154393        0.000278       -0.000326        0.000032        0.000208               0        0.237145       -0.031317       -0.001702       -0.001747       -0.000185       -0.000158        0.000302       -0.002658       -0.001753       -0.001517       -0.002027        0.109113       -0.000207        0.001653       -0.000168       -0.001814       -0.001687        0.009424        0.000114       -0.490241
cryp(-1)                   -0.001273       -0.000446       -0.000124       -0.003954       -0.000192       -0.000491       -0.024239       -0.004871       -0.001164       -0.000616       -0.005395       -0.013974       -0.013974       -0.000238       -1.272699       -2.610292        2.596318       -1.688205       -0.001164        0.061287        0.229852        0.573197        0.202351        0.005281        0.000859               0               0               0               0               0        0.012043        0.002693       -0.018173               0               0               0        0.000429       -0.005839       -0.005479               0       -0.000015       -0.000310        0.000033        0.002827               0        0.002699        0.012639       -0.000915       -0.001702       -0.000446       -0.000189       -0.036358       -0.002351       -0.002774       -0.000469       -0.002666       -0.299884       -0.000273       -0.345533        0.002819       -0.002838       -0.002705        0.143668        0.000926        0.000468
R_c(-1)                    -0.001169       -0.000410       -0.000114       -0.003630       -0.000176       -0.000451       -0.022251       -0.004472       -0.001069       -0.000566       -0.004953       -0.012828       -0.012828       -0.000219       -1.168339       -2.396250        2.383422       -1.549773       -0.001069        0.056261        0.211004        0.526195        0.185758        0.004848        0.000788               0               0               0               0               0        0.011056        0.002472       -0.016682               0               0               0        0.000394       -0.005360       -0.005030               0       -0.000013       -0.000284        0.000030        0.002595               0        0.002478        0.011603       -0.000840       -0.001563       -0.000410       -0.000173       -0.033377       -0.002158       -0.002547       -0.000430       -0.002447       -0.275294       -0.000250       -0.317199        0.002588       -0.002605       -0.002483        0.131887        0.000850        0.000429
sigma_Rc(-1)                       0               0               0               0               0               0               0               0               0               0               0               0               0               0               0               0               0               0               0               0               0               0               0               0               0               0               0               0               0               0               0               0               0               0               0               0               0               0               0               0               0               0               0               0        0.950000               0               0               0               0               0               0               0               0               0               0               0               0               0               0               0               0               0               0               0               0
epsilon(-1)                 0.213423        0.074059        0.020146        0.639977       -0.023609        0.127674        0.142969        0.764840        0.168389        0.099761        0.637351        0.082425        0.082425        0.061888        2.170909        3.526561       -3.444136        2.661988        0.168389       -0.067571       -0.330291       -0.823669       -0.282034       -0.007896        0.000329               0               0               0               0               0       -0.016011       -0.000814        0.549367               0               0               0        0.071983        0.660566        0.678357               0        0.055775       -0.051927        0.003465       -0.095678               0       -0.040007       -0.019024       -0.757960        0.267298        0.074059       -0.023260        0.214454        0.380549        0.327706        0.121775        0.385624        0.472862        0.039425        0.589393       -0.004543        0.321051        0.334913       -0.206447       -0.106501        0.078413
varepsilon_R               -3.729371       -1.294105       -0.352039      -11.183015        0.412545       -2.230989       -2.498255      -13.364881       -2.942442       -1.743235      -11.137126       -1.440306       -1.440306       -1.081442      -37.934646      -61.623430       60.183124      -46.515797       -2.942442        1.180742        5.771536       14.392859        4.928291        0.137984       -0.005741               0               0               0               0               0        0.279773        0.014220       -9.599688               0               0               0       -1.257841      -11.542791      -11.853668               0       -0.974622        0.907380       -0.060552        1.671879               0        0.699080        0.332423       -3.422007       -4.670784       -1.294105        0.406448       -3.747382       -6.649745       -5.726362       -2.127902       -6.738424       -8.262824       -0.688920      -10.299106        0.079382       -5.610070       -5.852292        3.607467        1.861000       -1.370196
varepsilon_A               -0.600998       -0.231901        0.009477        0.301048       -0.009883        1.288677        0.991227        2.617605       -0.432495        0.046928        1.432156        0.571467        0.571467        0.624669        6.956639        5.408899       -4.837432        7.897711       -0.432495       -0.070520       -0.846988       -2.112189       -0.745591       -0.018613        0.001628        1.000000               0               0               0               0       -0.022736        0.012049        2.519019               0               0               0        0.082458        1.503158        1.504219               0       -0.106291       -0.059485        0.003020       -1.256887               0       -0.026021       -0.079302        0.997230        0.914806       -0.231901       -0.009737        1.486841        0.179012        0.736370        1.229131       -0.990448        1.402908       -0.101261        1.888700       -0.009329        0.730571        0.742650       -0.529405        1.057164        0.089824
varepsilon_Rstar            0.855483        0.570057       -0.019637       -0.623782        0.605867        6.844472       -4.192521       -4.168961       -3.066607       -0.097237       -6.035976       -2.417093       -2.417093        3.317767      -81.618978     -137.594822      135.177728     -141.322436       -3.066607        5.901207       13.764750       34.326060       11.915033        0.303251        0.098548               0        1.000000               0               0               0        0.627954        0.338387       -4.908883               0               0               0       -1.943985       -5.955968       -6.743979               0       -0.183179        1.402319       -0.108703        4.704289               0        1.095797        0.714517        7.098268       -1.456976        0.570057        0.596913       -6.288781       -0.370919       -3.103510        6.528212       -7.022770      -25.103782       -0.717991      -22.159229        0.161843       -2.894742       -3.329580        8.603582        6.384373       -2.117629
varepsilon_Ystar            0.284722        0.099158        0.038027        1.207976        0.005271       -0.533027        0.144364        1.823893        0.640208        0.188302        1.020894        0.083229        0.083229        0.790067        5.277375        9.507148       -9.423919        8.989956       -0.359792       -0.421719       -1.026287       -2.559320       -0.913625       -0.020421       -0.009474               0               0        1.000000               0               0       -0.043731       -0.026567        1.455723               0               0               0       -0.011442        1.088189        1.054481               0        0.039079        0.008251       -0.002069       -0.086303               0       -0.005500       -0.050211       -0.409239        0.637418        0.099158        0.005193        0.216545        0.718297        0.524912        1.554578        1.466127        1.596929       -0.084239        1.432786       -0.010692        0.528886        0.520609       -0.641475        0.149859       -0.012464
eps_Rc                             0               0               0               0               0               0               0               0               0               0               0               0               0               0               0               0               0               0               0               0               0               0               0               0               0               0               0               0               0               0               0               0               0               0               0               0               0               0               0               0               0               0               0               0        0.030000               0               0               0               0               0               0               0               0               0               0               0               0               0               0               0               0               0               0               0               0
vol                        -0.001681       -0.000195       -0.000148       -0.004705       -0.000169       -0.001674        0.000212       -0.005262       -0.000932       -0.000733       -0.003588        0.000122        0.000122       -0.000811        0.006410        0.168227       -0.168105        0.646583       -0.000932       -0.004106        0.015870        0.039576       -0.035471       -0.000436       -0.005464               0               0               0               0               0       -0.000779       -0.000205       -0.002569       -0.162519               0        1.000000       -0.473728       -0.003928       -0.003596       -0.162519        0.000293       -0.000343        0.000033        0.000219               0        0.249626       -0.032965       -0.001792       -0.001839       -0.000195       -0.000166        0.000318       -0.002798       -0.001845       -0.001597       -0.002134        0.114856       -0.000218        0.001740       -0.000177       -0.001909       -0.001775        0.009920        0.000120       -0.516043


THEORETICAL MOMENTS
VARIABLE          MEAN  STD. DEV.   VARIANCE
mc              0.8889     0.0127     0.0002
Pi              1.0000     0.0053     0.0000
Z               0.0397     0.0019     0.0000
w               5.0452     0.0810     0.0066
R               1.0150     0.0050     0.0000
epsilon         1.0484     0.0704     0.0049
Q               1.0000     0.0465     0.0022
Y               2.8614     0.1806     0.0326
M               0.4367     0.0229     0.0005
L               0.2622     0.0126     0.0002
C               1.9449     0.1357     0.0184
I               0.3844     0.0268     0.0007
K              19.2175     0.6331     0.4009
EX              0.5082     0.0341     0.0012
N               3.6833     0.6409     0.4108
K_b            14.6954     1.1421     1.3044
K_h             4.5221     0.9714     0.9437
D               5.6295     1.0709     1.1469
D_star          4.2711     0.1254     0.0157
x               0.3047     0.0415     0.0017
psi             1.5999     0.0993     0.0099
phi             3.9897     0.2477     0.0613
upsilon         1.5639     0.0861     0.0074
mu              0.0072     0.0022     0.0000
mu_star         0.0058     0.0008     0.0000
A               1.0000     0.0320     0.0010
R_star          1.0113     0.0057     0.0000
Y_star          0.4847     0.0000     0.0000
Phi             0.0000     0.0000     0.0000
Theta           0.4010     0.0000     0.0000
chi_h           0.0105     0.0045     0.0000
chi_b           0.0134     0.0025     0.0000
Ynet            2.3796     0.1530     0.0234
P_c             1.0000     0.0000     0.0000
R_dc            1.0000     0.0000     0.0000
theta_c         1.0000     0.0000     0.0000
cryp            0.9180     0.0171     0.0003
DC              2.0575     0.1407     0.0198
m               2.0255     0.1445     0.0209
R_c             1.0000     0.0000     0.0000
Lambda          0.9852     0.0039     0.0000
gam             0.0316     0.0124     0.0002
trs             0.4961     0.0009     0.0000
Lambda1         1.0178     0.0722     0.0052
sigma_Rc        0.0000     0.0000     0.0000
mu_cryp         0.0231     0.0087     0.0001
x_c             0.0625     0.0061     0.0000
DE              1.0000     0.0224     0.0005
logY            1.0513     0.0631     0.0040
logPi           0.0000     0.0053     0.0000
logR            0.0149     0.0049     0.0000
logI           -0.9562     0.0697     0.0049
logL           -1.3388     0.0482     0.0023
logC            0.6652     0.0698     0.0049
logEX          -0.6768     0.0671     0.0045
logM           -0.8286     0.0524     0.0027
logD            1.7280     0.1902     0.0362
logD_star       1.4519     0.0294     0.0009
logN            1.3038     0.1740     0.0303
spread          0.0047     0.0012     0.0000
logDC           0.7215     0.0684     0.0047
logm            0.7058     0.0713     0.0051
leverage        1.3837     0.0621     0.0039
TB              0.0716     0.0488     0.0024
logcryp        -0.0856     0.0187     0.0003



VARIANCE DECOMPOSITION (in percent)
                 varepsilon_R      varepsilon_A  varepsilon_Rstar  varepsilon_Ystar            eps_Rc               vol
mc                      67.25             28.22              4.53              0.00              0.00              0.00
Pi                      47.43             29.87             22.70              0.00              0.00              0.00
Z                       26.31             70.24              3.46              0.00              0.00              0.00
w                       14.86             78.61              6.53              0.00              0.00              0.00
R                        5.25             30.26             64.49              0.00              0.00              0.00
epsilon                  1.38             71.81             26.80              0.00              0.00              0.00
Q                        2.82             65.45             31.73              0.00              0.00              0.00
Y                        4.27             87.56              8.18              0.00              0.00              0.00
M                       13.17              4.41             82.42              0.00              0.00              0.00
L                       14.86             78.61              6.53              0.00              0.00              0.00
C                        5.21             76.41             18.38              0.00              0.00              0.00
I                        2.82             65.45             31.73              0.00              0.00              0.00
K                        0.79             74.41             24.80              0.00              0.00              0.00
EX                       1.38             71.81             26.80              0.00              0.00              0.00
N                       13.49             14.26             72.25              0.00              0.00              0.00
K_b                     18.35              7.44             74.21              0.00              0.00              0.00
K_h                     21.06              7.62             71.33              0.00              0.00              0.00
D                        5.58              9.54             84.88              0.00              0.00              0.00
D_star                  32.92              7.02             60.05              0.00              0.00              0.00
x                        2.67              0.43             96.90              0.00              0.00              0.00
psi                     15.94              4.22             79.84              0.00              0.00              0.00
phi                     15.94              4.22             79.84              0.00              0.00              0.00
upsilon                 16.24              4.10             79.66              0.00              0.00              0.00
mu                      18.48              4.21             77.31              0.00              0.00              0.00
mu_star                  1.63              3.12             95.25              0.00              0.00              0.00
A                        0.00            100.00              0.00              0.00              0.00              0.00
R_star                   0.00              0.00            100.00              0.00              0.00              0.00
Y_star                   0.00              0.00              0.00            100.00              0.00              0.00
Phi                     15.16             39.40             45.44              0.00              0.00              0.00
Theta                   16.87             27.43             55.70              0.00              0.00              0.00
chi_h                   21.51              4.65             73.84              0.00              0.00              0.00
chi_b                    1.60              6.64             91.76              0.00              0.00              0.00
Ynet                     3.15             86.21             10.64              0.00              0.00              0.00
P_c                      0.00              0.00              0.00              0.00              0.00            100.00
R_dc                     9.52             26.48             64.00              0.00              0.00              0.00
theta_c                  0.00              0.00              0.00              0.00              0.00            100.00
cryp                     4.14             37.55             58.31              0.00              0.00              0.00
DC                       5.21             77.26             17.53              0.00              0.00              0.00
m                        5.21             75.50             19.29              0.00              0.00              0.00
R_c                      0.00              0.00              0.00              0.00              0.00            100.00
Lambda                  49.63             26.06             24.31              0.00              0.00              0.00
gam                      4.14             37.55             58.31              0.00              0.00              0.00
trs                      3.72             29.33             66.95              0.00              0.00              0.00
Lambda1                  0.45             72.28             27.27              0.00              0.00              0.00
sigma_Rc                 0.00              0.00              0.00              0.00            100.00              0.00
mu_cryp                  5.49             25.23             69.28              0.00              0.00              0.00
x_c                     14.76             20.05             65.19              0.00              0.00              0.00
DE                      14.88             21.41             63.71              0.00              0.00              0.00
logY                     4.27             87.56              8.18              0.00              0.00              0.00
logPi                   47.43             29.87             22.70              0.00              0.00              0.00
logR                     5.25             30.26             64.49              0.00              0.00              0.00
logI                     2.82             65.45             31.73              0.00              0.00              0.00
logL                    14.86             78.61              6.53              0.00              0.00              0.00
logC                     5.21             76.41             18.38              0.00              0.00              0.00
logEX                    1.38             71.81             26.80              0.00              0.00              0.00
logM                    13.17              4.41             82.42              0.00              0.00              0.00
logD                     5.58              9.54             84.88              0.00              0.00              0.00
logD_star               32.92              7.02             60.05              0.00              0.00              0.00
logN                    13.49             14.26             72.25              0.00              0.00              0.00
spread                  19.15              4.27             76.58              0.00              0.00              0.00
logDC                    5.21             77.26             17.53              0.00              0.00              0.00
logm                     5.21             75.50             19.29              0.00              0.00              0.00
leverage                15.94              4.22             79.84              0.00              0.00              0.00
TB                       1.80             37.11             61.09              0.00              0.00              0.00
logcryp                  4.14             37.55             58.31              0.00              0.00              0.00



MATRIX OF CORRELATIONS
Variables           mc         Pi          Z          w          R    epsilon          Q          Y          M          L          C          I          K         EX          N        K_b        K_h          D     D_star          x        psi        phi    upsilon         mu    mu_star          A     R_star      chi_h      chi_b       Ynet       cryp         DC          m     Lambda        gam        trs    Lambda1    mu_cryp        x_c         DE       logY      logPi       logR       logI       logL       logC      logEX       logM       logD  logD_star       logN     spread      logDC       logm   leverage         TB    logcryp
mc              1.0000     0.9358     0.2762     0.1907     0.0100    -0.0037    -0.1719    -0.0326     0.2386     0.1907    -0.0097    -0.1719    -0.0393    -0.0037    -0.0653    -0.0079    -0.0163    -0.0941     0.1396     0.0914     0.0446     0.0446     0.0459     0.0277     0.1343    -0.2737     0.1820    -0.0133     0.0886    -0.0762    -0.0443    -0.0087    -0.0108     0.6278     0.0443    -0.0504     0.1978     0.0155     0.0801     0.1798    -0.0326     0.9358     0.0100    -0.1719     0.1907    -0.0097    -0.0037     0.2386    -0.0941     0.1396    -0.0653     0.0134    -0.0087    -0.0108     0.0446    -0.1145    -0.0443
Pi              0.9358     1.0000     0.0648    -0.0638     0.3600     0.0048    -0.4599    -0.2771    -0.0843    -0.0638    -0.2931    -0.4599    -0.2344     0.0048    -0.3891    -0.3180     0.2211    -0.4233     0.2398     0.3922     0.3483     0.3483     0.3484     0.3197     0.3907    -0.4037     0.4677     0.2389     0.3304    -0.3271    -0.3882    -0.2894    -0.2968     0.3170     0.3882    -0.3980     0.4780     0.3657     0.4002     0.2297    -0.2771     1.0000     0.3600    -0.4599    -0.0638    -0.2931     0.0048    -0.0843    -0.4233     0.2398    -0.3891     0.3049    -0.2894    -0.2968     0.3483     0.0429    -0.3882
Z               0.2762     0.0648     1.0000     0.8663    -0.6179     0.5923     0.8056     0.8193     0.3039     0.8663     0.7876     0.8056     0.2545     0.5923     0.4780     0.3027    -0.1901     0.3803    -0.0498    -0.1664    -0.3579    -0.3579    -0.3527    -0.3540     0.0566     0.7779    -0.1364    -0.2095     0.0848     0.8051     0.6405     0.7895     0.7856     0.6884    -0.6405     0.5925    -0.6785    -0.5916    -0.5050     0.0906     0.8193     0.0648    -0.6179     0.8056     0.8663     0.7876     0.5923     0.3039     0.3803    -0.0498     0.4780    -0.3615     0.7895     0.7856    -0.3579     0.2716     0.6405
w               0.1907    -0.0638     0.8663     1.0000    -0.7502     0.6828     0.8388     0.9749     0.3521     1.0000     0.9658     0.8388     0.7035     0.6828     0.5885     0.4879    -0.1151     0.5355    -0.3004    -0.2928    -0.4112    -0.4112    -0.4067    -0.3648    -0.1236     0.8247    -0.1955    -0.1690    -0.0158     0.9634     0.7899     0.9679     0.9635     0.7334    -0.7900     0.7318    -0.8917    -0.7151    -0.6404     0.0308     0.9749    -0.0638    -0.7502     0.8388     1.0000     0.9658     0.6828     0.3521     0.5355    -0.3004     0.5885    -0.3632     0.9679     0.9635    -0.4112     0.3124     0.7899
R               0.0100     0.3600    -0.6179    -0.7502     1.0000    -0.0752    -0.8931    -0.7661    -0.8240    -0.7502    -0.8577    -0.8931    -0.5848    -0.0752    -0.9210    -0.8553     0.6244    -0.9287     0.3000     0.8199     0.8424     0.8424     0.8388     0.8047     0.6850    -0.5078     0.7944     0.6690     0.6275    -0.7896    -0.9961    -0.8510    -0.8645    -0.7704     0.9961    -0.9990     0.8754     0.9968     0.9210     0.1613    -0.7661     0.3600     1.0000    -0.8931    -0.7502    -0.8577    -0.0752    -0.8240    -0.9287     0.3000    -0.9210     0.8009    -0.8510    -0.8645     0.8424     0.3339    -0.9961
epsilon        -0.0037     0.0048     0.5923     0.6828    -0.0752     1.0000     0.3861     0.6960    -0.4435     0.6828     0.5708     0.3861     0.4713     1.0000    -0.0674    -0.1692     0.5061    -0.1610    -0.1168     0.4321     0.2661     0.2661     0.2685     0.3005     0.5476     0.8246     0.5143     0.4697     0.6659     0.6654     0.1522     0.5811     0.5600     0.1033    -0.1522     0.0597    -0.4916    -0.0263    -0.0201     0.1591     0.6960     0.0048    -0.0752     0.3861     0.6828     0.5708     1.0000    -0.4435    -0.1610    -0.1168    -0.0674     0.3029     0.5811     0.5600     0.2661     0.9073     0.1522
Q              -0.1719    -0.4599     0.8056     0.8388    -0.8931     0.3861     1.0000     0.8930     0.5344     0.8388     0.9166     1.0000     0.4892     0.3861     0.8208     0.6759    -0.4759     0.7700    -0.2161    -0.5829    -0.7062    -0.7062    -0.7022    -0.6792    -0.3897     0.8053    -0.5625    -0.5131    -0.3253     0.9128     0.9156     0.9138     0.9193     0.6030    -0.9156     0.8912    -0.9250    -0.8834    -0.8440    -0.0797     0.8930    -0.4599    -0.8931     1.0000     0.8388     0.9166     0.3861     0.5344     0.7700    -0.2161     0.8208    -0.6764     0.9138     0.9193    -0.7062     0.0194     0.9156
Y              -0.0326    -0.2771     0.8193     0.9749    -0.7661     0.6960     0.8930     1.0000     0.3043     0.9749     0.9855     0.8930     0.7251     0.6960     0.6140     0.4985    -0.1135     0.5666    -0.3374    -0.3188    -0.4287    -0.4287    -0.4245    -0.3777    -0.1563     0.9017    -0.2403    -0.1691    -0.0361     0.9981     0.8143     0.9874     0.9834     0.6043    -0.8143     0.7566    -0.9527    -0.7316    -0.6702    -0.0094     1.0000    -0.2771    -0.7661     0.8930     0.9749     0.9855     0.6960     0.3043     0.5666    -0.3374     0.6140    -0.3728     0.9874     0.9834    -0.4287     0.3440     0.8143
M               0.2386    -0.0843     0.3039     0.3521    -0.8240    -0.4435     0.5344     0.3043     1.0000     0.3521     0.4536     0.5344     0.2592    -0.4435     0.8084     0.8153    -0.7896     0.8633    -0.2188    -0.9126    -0.8453    -0.8453    -0.8430    -0.8325    -0.8532    -0.0447    -0.8987    -0.8091    -0.8724     0.3293     0.7741     0.4429     0.4646     0.7674    -0.7741     0.8214    -0.4640    -0.8437    -0.7599    -0.1661     0.3043    -0.0843    -0.8240     0.5344     0.3521     0.4536    -0.4435     1.0000     0.8633    -0.2188     0.8084    -0.8335     0.4429     0.4646    -0.8453    -0.7792     0.7741
L               0.1907    -0.0638     0.8663     1.0000    -0.7502     0.6828     0.8388     0.9749     0.3521     1.0000     0.9658     0.8388     0.7035     0.6828     0.5885     0.4879    -0.1151     0.5355    -0.3004    -0.2928    -0.4112    -0.4112    -0.4067    -0.3648    -0.1236     0.8247    -0.1955    -0.1690    -0.0158     0.9634     0.7899     0.9679     0.9635     0.7334    -0.7900     0.7318    -0.8917    -0.7151    -0.6404     0.0308     0.9749    -0.0638    -0.7502     0.8388     1.0000     0.9658     0.6828     0.3521     0.5355    -0.3004     0.5885    -0.3632     0.9679     0.9635    -0.4112     0.3124     0.7899
C              -0.0097    -0.2931     0.7876     0.9658    -0.8577     0.5708     0.9166     0.9855     0.4536     0.9658     1.0000     0.9166     0.7542     0.5708     0.7136     0.6152    -0.2317     0.6850    -0.3790    -0.4640    -0.5441    -0.5441    -0.5399    -0.4905    -0.3114     0.8275    -0.3829    -0.2894    -0.1959     0.9889     0.8955     0.9999     0.9999     0.6830    -0.8955     0.8497    -0.9776    -0.8286    -0.7593    -0.0442     0.9855    -0.2931    -0.8577     0.9166     0.9658     1.0000     0.5708     0.4536     0.6850    -0.3790     0.7136    -0.4851     0.9999     0.9999    -0.5441     0.1865     0.8955
I              -0.1719    -0.4599     0.8056     0.8388    -0.8931     0.3861     1.0000     0.8930     0.5344     0.8388     0.9166     1.0000     0.4892     0.3861     0.8208     0.6759    -0.4759     0.7700    -0.2161    -0.5829    -0.7062    -0.7062    -0.7022    -0.6792    -0.3897     0.8053    -0.5625    -0.5131    -0.3253     0.9128     0.9156     0.9138     0.9193     0.6030    -0.9156     0.8912    -0.9250    -0.8834    -0.8440    -0.0797     0.8930    -0.4599    -0.8931     1.0000     0.8388     0.9166     0.3861     0.5344     0.7700    -0.2161     0.8208    -0.6764     0.9138     0.9193    -0.7062     0.0194     0.9156
K              -0.0393    -0.2344     0.2545     0.7035    -0.5848     0.4713     0.4892     0.7251     0.2592     0.7035     0.7542     0.4892     1.0000     0.4713     0.4736     0.5266     0.0326     0.5103    -0.5117    -0.3453    -0.3020    -0.3020    -0.3009    -0.2178    -0.3341     0.4938    -0.2017    -0.0441    -0.1655     0.7244     0.6292     0.7555     0.7528     0.4392    -0.6292     0.5861    -0.7695    -0.5551    -0.5349    -0.0746     0.7251    -0.2344    -0.5848     0.4892     0.7035     0.7542     0.4713     0.2592     0.5103    -0.5117     0.4736    -0.2039     0.7555     0.7528    -0.3020     0.2080     0.6292
EX             -0.0037     0.0048     0.5923     0.6828    -0.0752     1.0000     0.3861     0.6960    -0.4435     0.6828     0.5708     0.3861     0.4713     1.0000    -0.0674    -0.1692     0.5061    -0.1610    -0.1168     0.4321     0.2661     0.2661     0.2685     0.3005     0.5476     0.8246     0.5143     0.4697     0.6659     0.6654     0.1522     0.5811     0.5600     0.1033    -0.1522     0.0597    -0.4916    -0.0263    -0.0201     0.1591     0.6960     0.0048    -0.0752     0.3861     0.6828     0.5708     1.0000    -0.4435    -0.1610    -0.1168    -0.0674     0.3029     0.5811     0.5600     0.2661     0.9073     0.1522
N              -0.0653    -0.3891     0.4780     0.5885    -0.9210    -0.0674     0.8208     0.6140     0.8084     0.5885     0.7136     0.8208     0.4736    -0.0674     1.0000     0.9699    -0.8317     0.9789    -0.1374    -0.8958    -0.9745    -0.9745    -0.9736    -0.9547    -0.7449     0.3733    -0.8351    -0.8676    -0.7098     0.6484     0.9071     0.7058     0.7216     0.6668    -0.9071     0.9240    -0.7495    -0.9476    -0.9953    -0.1324     0.6140    -0.3891    -0.9210     0.8208     0.5885     0.7136    -0.0674     0.8084     0.9789    -0.1374     1.0000    -0.9510     0.7058     0.7216    -0.9745    -0.4263     0.9071
K_b            -0.0079    -0.3180     0.3027     0.4879    -0.8553    -0.1692     0.6759     0.4985     0.8153     0.4879     0.6152     0.6759     0.5266    -0.1692     0.9699     1.0000    -0.8325     0.9665    -0.1401    -0.9142    -0.9610    -0.9610    -0.9614    -0.9364    -0.8014     0.2038    -0.8269    -0.8725    -0.7610     0.5325     0.8351     0.6069     0.6237     0.6447    -0.8351     0.8595    -0.6560    -0.8884    -0.9638    -0.1394     0.4985    -0.3180    -0.8553     0.6759     0.4879     0.6152    -0.1692     0.8153     0.9665    -0.1401     0.9699    -0.9312     0.6069     0.6237    -0.9610    -0.5007     0.8351
K_h            -0.0163     0.2211    -0.1901    -0.1151     0.6244     0.5061    -0.4759    -0.1135    -0.7896    -0.1151    -0.2317    -0.4759     0.0326     0.5061    -0.8317    -0.8325     1.0000    -0.8037    -0.1688     0.8498     0.9330     0.9330     0.9342     0.9590     0.7245     0.0822     0.8407     0.9971     0.7868    -0.1539    -0.5718    -0.2211    -0.2426    -0.4718     0.5718    -0.6285     0.2697     0.6827     0.7845     0.1153    -0.1135     0.2211     0.6244    -0.4759    -0.1151    -0.2317     0.5061    -0.7896    -0.8037    -0.1688    -0.8317     0.9619    -0.2211    -0.2426     0.9330     0.7242    -0.5718
D              -0.0941    -0.4233     0.3803     0.5355    -0.9287    -0.1610     0.7700     0.5666     0.8633     0.5355     0.6850     0.7700     0.5103    -0.1610     0.9789     0.9665    -0.8037     1.0000    -0.2889    -0.9553    -0.9576    -0.9576    -0.9566    -0.9277    -0.8548     0.2929    -0.8871    -0.8425    -0.8122     0.6035     0.9121     0.6763     0.6939     0.6481    -0.9121     0.9359    -0.7410    -0.9518    -0.9672    -0.1590     0.5666    -0.4233    -0.9287     0.7700     0.5355     0.6850    -0.1610     0.8633     1.0000    -0.2889     0.9789    -0.9217     0.6763     0.6939    -0.9576    -0.5175     0.9121
D_star          0.1396     0.2398    -0.0498    -0.3004     0.3000    -0.1168    -0.2161    -0.3374    -0.2188    -0.3004    -0.3790    -0.2161    -0.5117    -0.1168    -0.1374    -0.1401    -0.1688    -0.2889     1.0000     0.3115     0.0480     0.0480     0.0460    -0.0228     0.4596    -0.2073     0.1323    -0.1295     0.3477    -0.3422    -0.3303    -0.3792    -0.3787    -0.1382     0.3303    -0.3112     0.4358     0.2688     0.1521    -0.0250    -0.3374     0.2398     0.3000    -0.2161    -0.3004    -0.3790    -0.1168    -0.2188    -0.2889     1.0000    -0.1374    -0.0357    -0.3792    -0.3787     0.0480     0.0209    -0.3303
x               0.0914     0.3922    -0.1664    -0.2928     0.8199     0.4321    -0.5829    -0.3188    -0.9126    -0.2928    -0.4640    -0.5829    -0.3453     0.4321    -0.8958    -0.9142     0.8498    -0.9553     0.3115     1.0000     0.9302     0.9302     0.9299     0.9087     0.9586    -0.0295     0.9451     0.8759     0.9477    -0.3610    -0.7847    -0.4532    -0.4750    -0.5522     0.7847    -0.8317     0.5413     0.8528     0.8603     0.1796    -0.3188     0.3922     0.8199    -0.5829    -0.2928    -0.4640     0.4321    -0.9126    -0.9553     0.3115    -0.8958     0.9031    -0.4532    -0.4750     0.9302     0.7302    -0.7847
psi             0.0446     0.3483    -0.3579    -0.4112     0.8424     0.2661    -0.7062    -0.4287    -0.8453    -0.4112    -0.5441    -0.7062    -0.3020     0.2661    -0.9745    -0.9610     0.9330    -0.9576     0.0480     0.9302     1.0000     1.0000     1.0000     0.9956     0.7931    -0.1886     0.8847     0.9558     0.7935    -0.4678    -0.8120    -0.5346    -0.5538    -0.6106     0.8120    -0.8471     0.5874     0.8828     0.9515     0.1369    -0.4287     0.3483     0.8424    -0.7062    -0.4112    -0.5441     0.2661    -0.8453    -0.9576     0.0480    -0.9745     0.9938    -0.5346    -0.5538     1.0000     0.5826    -0.8120
phi             0.0446     0.3483    -0.3579    -0.4112     0.8424     0.2661    -0.7062    -0.4287    -0.8453    -0.4112    -0.5441    -0.7062    -0.3020     0.2661    -0.9745    -0.9610     0.9330    -0.9576     0.0480     0.9302     1.0000     1.0000     1.0000     0.9956     0.7931    -0.1886     0.8847     0.9558     0.7935    -0.4678    -0.8120    -0.5346    -0.5538    -0.6106     0.8120    -0.8471     0.5874     0.8828     0.9515     0.1369    -0.4287     0.3483     0.8424    -0.7062    -0.4112    -0.5441     0.2661    -0.8453    -0.9576     0.0480    -0.9745     0.9938    -0.5346    -0.5538     1.0000     0.5826    -0.8120
upsilon         0.0459     0.3484    -0.3527    -0.4067     0.8388     0.2685    -0.7022    -0.4245    -0.8430    -0.4067    -0.5399    -0.7022    -0.3009     0.2685    -0.9736    -0.9614     0.9342    -0.9566     0.0460     0.9299     1.0000     1.0000     1.0000     0.9957     0.7933    -0.1848     0.8834     0.9569     0.7938    -0.4637    -0.8082    -0.5305    -0.5496    -0.6067     0.8082    -0.8435     0.5837     0.8796     0.9507     0.1363    -0.4245     0.3484     0.8388    -0.7022    -0.4067    -0.5399     0.2685    -0.8430    -0.9566     0.0460    -0.9736     0.9939    -0.5305    -0.5496     1.0000     0.5832    -0.8082
mu              0.0277     0.3197    -0.3540    -0.3648     0.8047     0.3005    -0.6792    -0.3777    -0.8325    -0.3648    -0.4905    -0.6792    -0.2178     0.3005    -0.9547    -0.9364     0.9590    -0.9277    -0.0228     0.9087     0.9956     0.9956     0.9957     1.0000     0.7625    -0.1542     0.8747     0.9753     0.7788    -0.4168    -0.7698    -0.4809    -0.5004    -0.5916     0.7698    -0.8084     0.5288     0.8493     0.9271     0.1283    -0.3777     0.3197     0.8047    -0.6792    -0.3648    -0.4905     0.3005    -0.8325    -0.9277    -0.0228    -0.9547     0.9998    -0.4809    -0.5004     0.9956     0.6006    -0.7698
mu_star         0.1343     0.3907     0.0566    -0.1236     0.6850     0.5476    -0.3897    -0.1563    -0.8532    -0.1236    -0.3114    -0.3897    -0.3341     0.5476    -0.7449    -0.8014     0.7245    -0.8548     0.4596     0.9586     0.7931     0.7931     0.7933     0.7625     1.0000     0.1398     0.8900     0.7498     0.9828    -0.1987    -0.6486    -0.3007    -0.3225    -0.4122     0.6485    -0.7026     0.4133     0.7149     0.7037     0.1882    -0.1563     0.3907     0.6850    -0.3897    -0.1236    -0.3114     0.5476    -0.8532    -0.8548     0.4596    -0.7449     0.7541    -0.3007    -0.3225     0.7931     0.7831    -0.6486
A              -0.2737    -0.4037     0.7779     0.8247    -0.5078     0.8246     0.8053     0.9017    -0.0447     0.8247     0.8275     0.8053     0.4938     0.8246     0.3733     0.2038     0.0822     0.2929    -0.2073    -0.0295    -0.1886    -0.1886    -0.1848    -0.1542     0.1398     1.0000     0.0000     0.0443     0.2457     0.9002     0.5727     0.8323     0.8224     0.2608    -0.5727     0.5037    -0.8131    -0.4708    -0.4387     0.0287     0.9017    -0.4037    -0.5078     0.8053     0.8247     0.8275     0.8246    -0.0447     0.2929    -0.2073     0.3733    -0.1499     0.8323     0.8224    -0.1886     0.5976     0.5727
R_star          0.1820     0.4677    -0.1364    -0.1955     0.7944     0.5143    -0.5625    -0.2403    -0.8987    -0.1955    -0.3829    -0.5625    -0.2017     0.5143    -0.8351    -0.8269     0.8407    -0.8871     0.1323     0.9451     0.8847     0.8847     0.8834     0.8747     0.8900     0.0000     1.0000     0.8558     0.9084    -0.2859    -0.7512    -0.3710    -0.3951    -0.4749     0.7512    -0.8091     0.4738     0.8238     0.7870     0.2642    -0.2403     0.4677     0.7944    -0.5625    -0.1955    -0.3829     0.5143    -0.8987    -0.8871     0.1323    -0.8351     0.8710    -0.3710    -0.3951     0.8847     0.7812    -0.7512
chi_h          -0.0133     0.2389    -0.2095    -0.1690     0.6690     0.4697    -0.5131    -0.1691    -0.8091    -0.1690    -0.2894    -0.5131    -0.0441     0.4697    -0.8676    -0.8725     0.9971    -0.8425    -0.1295     0.8759     0.9558     0.9558     0.9569     0.9753     0.7498     0.0443     0.8558     1.0000     0.7992    -0.2093    -0.6198    -0.2790    -0.3002    -0.5052     0.6198    -0.6731     0.3286     0.7249     0.8252     0.1210    -0.1691     0.2389     0.6690    -0.5131    -0.1690    -0.2894     0.4697    -0.8091    -0.8425    -0.1295    -0.8676     0.9771    -0.2790    -0.3002     0.9558     0.7080    -0.6198
chi_b           0.0886     0.3304     0.0848    -0.0158     0.6275     0.6659    -0.3253    -0.0361    -0.8724    -0.0158    -0.1959    -0.3253    -0.1655     0.6659    -0.7098    -0.7610     0.7868    -0.8122     0.3477     0.9477     0.7935     0.7935     0.7938     0.7788     0.9828     0.2457     0.9084     0.7992     1.0000    -0.0793    -0.5783    -0.1842    -0.2080    -0.3933     0.5783    -0.6438     0.2911     0.6648     0.6540     0.1870    -0.0361     0.3304     0.6275    -0.3253    -0.0158    -0.1959     0.6659    -0.8724    -0.8122     0.3477    -0.7098     0.7734    -0.1842    -0.2080     0.7935     0.8748    -0.5783
Ynet           -0.0762    -0.3271     0.8051     0.9634    -0.7896     0.6654     0.9128     0.9981     0.3293     0.9634     0.9889     0.9128     0.7244     0.6654     0.6484     0.5325    -0.1539     0.6035    -0.3422    -0.3610    -0.4678    -0.4678    -0.4637    -0.4168    -0.1987     0.9002    -0.2859    -0.2093    -0.0793     1.0000     0.8366     0.9903     0.9874     0.5933    -0.8366     0.7822    -0.9671    -0.7579    -0.7026    -0.0236     0.9981    -0.3271    -0.7896     0.9128     0.9634     0.9889     0.6654     0.3293     0.6035    -0.3422     0.6484    -0.4114     0.9903     0.9874    -0.4678     0.3109     0.8366
cryp           -0.0443    -0.3882     0.6405     0.7899    -0.9961     0.1522     0.9156     0.8143     0.7741     0.7899     0.8955     0.9156     0.6292     0.1522     0.9071     0.8351    -0.5718     0.9121    -0.3303    -0.7847    -0.8120    -0.8120    -0.8082    -0.7698    -0.6486     0.5727    -0.7512    -0.6198    -0.5783     0.8366     1.0000     0.8897     0.9014     0.7490    -1.0000     0.9956    -0.9144    -0.9889    -0.9149    -0.1524     0.8143    -0.3882    -0.9961     0.9156     0.7899     0.8955     0.1522     0.7741     0.9121    -0.3303     0.9071    -0.7650     0.8897     0.9014    -0.8120    -0.2567     1.0000
DC             -0.0087    -0.2894     0.7895     0.9679    -0.8510     0.5811     0.9138     0.9874     0.4429     0.9679     0.9999     0.9138     0.7555     0.5811     0.7058     0.6069    -0.2211     0.6763    -0.3792    -0.4532    -0.5346    -0.5346    -0.5305    -0.4809    -0.3007     0.8323    -0.3710    -0.2790    -0.1842     0.9903     0.8897     1.0000     0.9997     0.6789    -0.8897     0.8428    -0.9764    -0.8214    -0.7524    -0.0410     0.9874    -0.2894    -0.8510     0.9138     0.9679     0.9999     0.5811     0.4429     0.6763    -0.3792     0.7058    -0.4755     1.0000     0.9997    -0.5346     0.1987     0.8897
m              -0.0108    -0.2968     0.7856     0.9635    -0.8645     0.5600     0.9193     0.9834     0.4646     0.9635     0.9999     0.9193     0.7528     0.5600     0.7216     0.6237    -0.2426     0.6939    -0.3787    -0.4750    -0.5538    -0.5538    -0.5496    -0.5004    -0.3225     0.8224    -0.3951    -0.3002    -0.2080     0.9874     0.9014     0.9997     1.0000     0.6870    -0.9014     0.8567    -0.9787    -0.8359    -0.7663    -0.0476     0.9834    -0.2968    -0.8645     0.9193     0.9635     0.9999     0.5600     0.4646     0.6939    -0.3787     0.7216    -0.4950     0.9997     1.0000    -0.5538     0.1737     0.9014
Lambda          0.6278     0.3170     0.6884     0.7334    -0.7704     0.1033     0.6030     0.6043     0.7674     0.7334     0.6830     0.6030     0.4392     0.1033     0.6668     0.6447    -0.4718     0.6481    -0.1382    -0.5522    -0.6106    -0.6106    -0.6067    -0.5916    -0.4122     0.2608    -0.4749    -0.5052    -0.3933     0.5933     0.7490     0.6789     0.6870     1.0000    -0.7490     0.7431    -0.5725    -0.7622    -0.6610    -0.0035     0.6043     0.3170    -0.7704     0.6030     0.7334     0.6830     0.1033     0.7674     0.6481    -0.1382     0.6668    -0.5979     0.6789     0.6870    -0.6106    -0.2877     0.7490
gam             0.0443     0.3882    -0.6405    -0.7900     0.9961    -0.1522    -0.9156    -0.8143    -0.7741    -0.7900    -0.8955    -0.9156    -0.6292    -0.1522    -0.9071    -0.8351     0.5718    -0.9121     0.3303     0.7847     0.8120     0.8120     0.8082     0.7698     0.6485    -0.5727     0.7512     0.6198     0.5783    -0.8366    -1.0000    -0.8897    -0.9014    -0.7490     1.0000    -0.9956     0.9144     0.9889     0.9149     0.1524    -0.8143     0.3882     0.9961    -0.9156    -0.7900    -0.8955    -0.1522    -0.7741    -0.9121     0.3303    -0.9071     0.7650    -0.8897    -0.9014     0.8120     0.2567    -1.0000
trs            -0.0504    -0.3980     0.5925     0.7318    -0.9990     0.0597     0.8912     0.7566     0.8214     0.7318     0.8497     0.8912     0.5861     0.0597     0.9240     0.8595    -0.6285     0.9359    -0.3112    -0.8317    -0.8471    -0.8471    -0.8435    -0.8084    -0.7026     0.5037    -0.8091    -0.6731    -0.6438     0.7822     0.9956     0.8428     0.8567     0.7431    -0.9956     1.0000    -0.8768    -0.9966    -0.9235    -0.1712     0.7566    -0.3980    -0.9990     0.8912     0.7318     0.8497     0.0597     0.8214     0.9359    -0.3112     0.9240    -0.8038     0.8428     0.8567    -0.8471    -0.3435     0.9956
Lambda1         0.1978     0.4780    -0.6785    -0.8917     0.8754    -0.4916    -0.9250    -0.9527    -0.4640    -0.8917    -0.9776    -0.9250    -0.7695    -0.4916    -0.7495    -0.6560     0.2697    -0.7410     0.4358     0.5413     0.5874     0.5874     0.5837     0.5288     0.4133    -0.8131     0.4738     0.3286     0.2911    -0.9671    -0.9144    -0.9764    -0.9787    -0.5725     0.9144    -0.8768     1.0000     0.8505     0.7923     0.0953    -0.9527     0.4780     0.8754    -0.9250    -0.8917    -0.9776    -0.4916    -0.4640    -0.7410     0.4358    -0.7495     0.5200    -0.9764    -0.9787     0.5874    -0.1262    -0.9144
mu_cryp         0.0155     0.3657    -0.5916    -0.7151     0.9968    -0.0263    -0.8834    -0.7316    -0.8437    -0.7151    -0.8286    -0.8834    -0.5551    -0.0263    -0.9476    -0.8884     0.6827    -0.9518     0.2688     0.8528     0.8828     0.8828     0.8796     0.8493     0.7149    -0.4708     0.8238     0.7249     0.6648    -0.7579    -0.9889    -0.8214    -0.8359    -0.7622     0.9889    -0.9966     0.8505     1.0000     0.9442     0.1610    -0.7316     0.3657     0.9968    -0.8834    -0.7151    -0.8286    -0.0263    -0.8437    -0.9518     0.2688    -0.9476     0.8456    -0.8214    -0.8359     0.8828     0.3773    -0.9889
x_c             0.0801     0.4002    -0.5050    -0.6404     0.9210    -0.0201    -0.8440    -0.6702    -0.7599    -0.6404    -0.7593    -0.8440    -0.5349    -0.0201    -0.9953    -0.9638     0.7845    -0.9672     0.1521     0.8603     0.9515     0.9515     0.9507     0.9271     0.7037    -0.4387     0.7870     0.8252     0.6540    -0.7026    -0.9149    -0.7524    -0.7663    -0.6610     0.9149    -0.9235     0.7923     0.9442     1.0000     0.1205    -0.6702     0.4002     0.9210    -0.8440    -0.6404    -0.7593    -0.0201    -0.7599    -0.9672     0.1521    -0.9953     0.9225    -0.7524    -0.7663     0.9515     0.3423    -0.9149
DE              0.1798     0.2297     0.0906     0.0308     0.1613     0.1591    -0.0797    -0.0094    -0.1661     0.0308    -0.0442    -0.0797    -0.0746     0.1591    -0.1324    -0.1394     0.1153    -0.1590    -0.0250     0.1796     0.1369     0.1369     0.1363     0.1283     0.1882     0.0287     0.2642     0.1210     0.1870    -0.0236    -0.1524    -0.0410    -0.0476    -0.0035     0.1524    -0.1712     0.0953     0.1610     0.1205     1.0000    -0.0094     0.2297     0.1613    -0.0797     0.0308    -0.0442     0.1591    -0.1661    -0.1590    -0.0250    -0.1324     0.1252    -0.0410    -0.0476     0.1369     0.1892    -0.1524
logY           -0.0326    -0.2771     0.8193     0.9749    -0.7661     0.6960     0.8930     1.0000     0.3043     0.9749     0.9855     0.8930     0.7251     0.6960     0.6140     0.4985    -0.1135     0.5666    -0.3374    -0.3188    -0.4287    -0.4287    -0.4245    -0.3777    -0.1563     0.9017    -0.2403    -0.1691    -0.0361     0.9981     0.8143     0.9874     0.9834     0.6043    -0.8143     0.7566    -0.9527    -0.7316    -0.6702    -0.0094     1.0000    -0.2771    -0.7661     0.8930     0.9749     0.9855     0.6960     0.3043     0.5666    -0.3374     0.6140    -0.3728     0.9874     0.9834    -0.4287     0.3440     0.8143
logPi           0.9358     1.0000     0.0648    -0.0638     0.3600     0.0048    -0.4599    -0.2771    -0.0843    -0.0638    -0.2931    -0.4599    -0.2344     0.0048    -0.3891    -0.3180     0.2211    -0.4233     0.2398     0.3922     0.3483     0.3483     0.3484     0.3197     0.3907    -0.4037     0.4677     0.2389     0.3304    -0.3271    -0.3882    -0.2894    -0.2968     0.3170     0.3882    -0.3980     0.4780     0.3657     0.4002     0.2297    -0.2771     1.0000     0.3600    -0.4599    -0.0638    -0.2931     0.0048    -0.0843    -0.4233     0.2398    -0.3891     0.3049    -0.2894    -0.2968     0.3483     0.0429    -0.3882
logR            0.0100     0.3600    -0.6179    -0.7502     1.0000    -0.0752    -0.8931    -0.7661    -0.8240    -0.7502    -0.8577    -0.8931    -0.5848    -0.0752    -0.9210    -0.8553     0.6244    -0.9287     0.3000     0.8199     0.8424     0.8424     0.8388     0.8047     0.6850    -0.5078     0.7944     0.6690     0.6275    -0.7896    -0.9961    -0.8510    -0.8645    -0.7704     0.9961    -0.9990     0.8754     0.9968     0.9210     0.1613    -0.7661     0.3600     1.0000    -0.8931    -0.7502    -0.8577    -0.0752    -0.8240    -0.9287     0.3000    -0.9210     0.8009    -0.8510    -0.8645     0.8424     0.3339    -0.9961
logI           -0.1719    -0.4599     0.8056     0.8388    -0.8931     0.3861     1.0000     0.8930     0.5344     0.8388     0.9166     1.0000     0.4892     0.3861     0.8208     0.6759    -0.4759     0.7700    -0.2161    -0.5829    -0.7062    -0.7062    -0.7022    -0.6792    -0.3897     0.8053    -0.5625    -0.5131    -0.3253     0.9128     0.9156     0.9138     0.9193     0.6030    -0.9156     0.8912    -0.9250    -0.8834    -0.8440    -0.0797     0.8930    -0.4599    -0.8931     1.0000     0.8388     0.9166     0.3861     0.5344     0.7700    -0.2161     0.8208    -0.6764     0.9138     0.9193    -0.7062     0.0194     0.9156
logL            0.1907    -0.0638     0.8663     1.0000    -0.7502     0.6828     0.8388     0.9749     0.3521     1.0000     0.9658     0.8388     0.7035     0.6828     0.5885     0.4879    -0.1151     0.5355    -0.3004    -0.2928    -0.4112    -0.4112    -0.4067    -0.3648    -0.1236     0.8247    -0.1955    -0.1690    -0.0158     0.9634     0.7899     0.9679     0.9635     0.7334    -0.7900     0.7318    -0.8917    -0.7151    -0.6404     0.0308     0.9749    -0.0638    -0.7502     0.8388     1.0000     0.9658     0.6828     0.3521     0.5355    -0.3004     0.5885    -0.3632     0.9679     0.9635    -0.4112     0.3124     0.7899
logC           -0.0097    -0.2931     0.7876     0.9658    -0.8577     0.5708     0.9166     0.9855     0.4536     0.9658     1.0000     0.9166     0.7542     0.5708     0.7136     0.6152    -0.2317     0.6850    -0.3790    -0.4640    -0.5441    -0.5441    -0.5399    -0.4905    -0.3114     0.8275    -0.3829    -0.2894    -0.1959     0.9889     0.8955     0.9999     0.9999     0.6830    -0.8955     0.8497    -0.9776    -0.8286    -0.7593    -0.0442     0.9855    -0.2931    -0.8577     0.9166     0.9658     1.0000     0.5708     0.4536     0.6850    -0.3790     0.7136    -0.4851     0.9999     0.9999    -0.5441     0.1865     0.8955
logEX          -0.0037     0.0048     0.5923     0.6828    -0.0752     1.0000     0.3861     0.6960    -0.4435     0.6828     0.5708     0.3861     0.4713     1.0000    -0.0674    -0.1692     0.5061    -0.1610    -0.1168     0.4321     0.2661     0.2661     0.2685     0.3005     0.5476     0.8246     0.5143     0.4697     0.6659     0.6654     0.1522     0.5811     0.5600     0.1033    -0.1522     0.0597    -0.4916    -0.0263    -0.0201     0.1591     0.6960     0.0048    -0.0752     0.3861     0.6828     0.5708     1.0000    -0.4435    -0.1610    -0.1168    -0.0674     0.3029     0.5811     0.5600     0.2661     0.9073     0.1522
logM            0.2386    -0.0843     0.3039     0.3521    -0.8240    -0.4435     0.5344     0.3043     1.0000     0.3521     0.4536     0.5344     0.2592    -0.4435     0.8084     0.8153    -0.7896     0.8633    -0.2188    -0.9126    -0.8453    -0.8453    -0.8430    -0.8325    -0.8532    -0.0447    -0.8987    -0.8091    -0.8724     0.3293     0.7741     0.4429     0.4646     0.7674    -0.7741     0.8214    -0.4640    -0.8437    -0.7599    -0.1661     0.3043    -0.0843    -0.8240     0.5344     0.3521     0.4536    -0.4435     1.0000     0.8633    -0.2188     0.8084    -0.8335     0.4429     0.4646    -0.8453    -0.7792     0.7741
logD           -0.0941    -0.4233     0.3803     0.5355    -0.9287    -0.1610     0.7700     0.5666     0.8633     0.5355     0.6850     0.7700     0.5103    -0.1610     0.9789     0.9665    -0.8037     1.0000    -0.2889    -0.9553    -0.9576    -0.9576    -0.9566    -0.9277    -0.8548     0.2929    -0.8871    -0.8425    -0.8122     0.6035     0.9121     0.6763     0.6939     0.6481    -0.9121     0.9359    -0.7410    -0.9518    -0.9672    -0.1590     0.5666    -0.4233    -0.9287     0.7700     0.5355     0.6850    -0.1610     0.8633     1.0000    -0.2889     0.9789    -0.9217     0.6763     0.6939    -0.9576    -0.5175     0.9121
logD_star       0.1396     0.2398    -0.0498    -0.3004     0.3000    -0.1168    -0.2161    -0.3374    -0.2188    -0.3004    -0.3790    -0.2161    -0.5117    -0.1168    -0.1374    -0.1401    -0.1688    -0.2889     1.0000     0.3115     0.0480     0.0480     0.0460    -0.0228     0.4596    -0.2073     0.1323    -0.1295     0.3477    -0.3422    -0.3303    -0.3792    -0.3787    -0.1382     0.3303    -0.3112     0.4358     0.2688     0.1521    -0.0250    -0.3374     0.2398     0.3000    -0.2161    -0.3004    -0.3790    -0.1168    -0.2188    -0.2889     1.0000    -0.1374    -0.0357    -0.3792    -0.3787     0.0480     0.0209    -0.3303
logN           -0.0653    -0.3891     0.4780     0.5885    -0.9210    -0.0674     0.8208     0.6140     0.8084     0.5885     0.7136     0.8208     0.4736    -0.0674     1.0000     0.9699    -0.8317     0.9789    -0.1374    -0.8958    -0.9745    -0.9745    -0.9736    -0.9547    -0.7449     0.3733    -0.8351    -0.8676    -0.7098     0.6484     0.9071     0.7058     0.7216     0.6668    -0.9071     0.9240    -0.7495    -0.9476    -0.9953    -0.1324     0.6140    -0.3891    -0.9210     0.8208     0.5885     0.7136    -0.0674     0.8084     0.9789    -0.1374     1.0000    -0.9510     0.7058     0.7216    -0.9745    -0.4263     0.9071
spread          0.0134     0.3049    -0.3615    -0.3632     0.8009     0.3029    -0.6764    -0.3728    -0.8335    -0.3632    -0.4851    -0.6764    -0.2039     0.3029    -0.9510    -0.9312     0.9619    -0.9217    -0.0357     0.9031     0.9938     0.9938     0.9939     0.9998     0.7541    -0.1499     0.8710     0.9771     0.7734    -0.4114    -0.7650    -0.4755    -0.4950    -0.5979     0.7650    -0.8038     0.5200     0.8456     0.9225     0.1252    -0.3728     0.3049     0.8009    -0.6764    -0.3632    -0.4851     0.3029    -0.8335    -0.9217    -0.0357    -0.9510     1.0000    -0.4755    -0.4950     0.9938     0.6028    -0.7650
logDC          -0.0087    -0.2894     0.7895     0.9679    -0.8510     0.5811     0.9138     0.9874     0.4429     0.9679     0.9999     0.9138     0.7555     0.5811     0.7058     0.6069    -0.2211     0.6763    -0.3792    -0.4532    -0.5346    -0.5346    -0.5305    -0.4809    -0.3007     0.8323    -0.3710    -0.2790    -0.1842     0.9903     0.8897     1.0000     0.9997     0.6789    -0.8897     0.8428    -0.9764    -0.8214    -0.7524    -0.0410     0.9874    -0.2894    -0.8510     0.9138     0.9679     0.9999     0.5811     0.4429     0.6763    -0.3792     0.7058    -0.4755     1.0000     0.9997    -0.5346     0.1987     0.8897
logm           -0.0108    -0.2968     0.7856     0.9635    -0.8645     0.5600     0.9193     0.9834     0.4646     0.9635     0.9999     0.9193     0.7528     0.5600     0.7216     0.6237    -0.2426     0.6939    -0.3787    -0.4750    -0.5538    -0.5538    -0.5496    -0.5004    -0.3225     0.8224    -0.3951    -0.3002    -0.2080     0.9874     0.9014     0.9997     1.0000     0.6870    -0.9014     0.8567    -0.9787    -0.8359    -0.7663    -0.0476     0.9834    -0.2968    -0.8645     0.9193     0.9635     0.9999     0.5600     0.4646     0.6939    -0.3787     0.7216    -0.4950     0.9997     1.0000    -0.5538     0.1737     0.9014
leverage        0.0446     0.3483    -0.3579    -0.4112     0.8424     0.2661    -0.7062    -0.4287    -0.8453    -0.4112    -0.5441    -0.7062    -0.3020     0.2661    -0.9745    -0.9610     0.9330    -0.9576     0.0480     0.9302     1.0000     1.0000     1.0000     0.9956     0.7931    -0.1886     0.8847     0.9558     0.7935    -0.4678    -0.8120    -0.5346    -0.5538    -0.6106     0.8120    -0.8471     0.5874     0.8828     0.9515     0.1369    -0.4287     0.3483     0.8424    -0.7062    -0.4112    -0.5441     0.2661    -0.8453    -0.9576     0.0480    -0.9745     0.9938    -0.5346    -0.5538     1.0000     0.5826    -0.8120
TB             -0.1145     0.0429     0.2716     0.3124     0.3339     0.9073     0.0194     0.3440    -0.7792     0.3124     0.1865     0.0194     0.2080     0.9073    -0.4263    -0.5007     0.7242    -0.5175     0.0209     0.7302     0.5826     0.5826     0.5832     0.6006     0.7831     0.5976     0.7812     0.7080     0.8748     0.3109    -0.2567     0.1987     0.1737    -0.2877     0.2567    -0.3435    -0.1262     0.3773     0.3423     0.1892     0.3440     0.0429     0.3339     0.0194     0.3124     0.1865     0.9073    -0.7792    -0.5175     0.0209    -0.4263     0.6028     0.1987     0.1737     0.5826     1.0000    -0.2567
logcryp        -0.0443    -0.3882     0.6405     0.7899    -0.9961     0.1522     0.9156     0.8143     0.7741     0.7899     0.8955     0.9156     0.6292     0.1522     0.9071     0.8351    -0.5718     0.9121    -0.3303    -0.7847    -0.8120    -0.8120    -0.8082    -0.7698    -0.6486     0.5727    -0.7512    -0.6198    -0.5783     0.8366     1.0000     0.8897     0.9014     0.7490    -1.0000     0.9956    -0.9144    -0.9889    -0.9149    -0.1524     0.8143    -0.3882    -0.9961     0.9156     0.7899     0.8955     0.1522     0.7741     0.9121    -0.3303     0.9071    -0.7650     0.8897     0.9014    -0.8120    -0.2567     1.0000



COEFFICIENTS OF AUTOCORRELATION
Order              1        2        3        4        5
mc            0.4581   0.2144   0.1043   0.0544   0.0313
Pi            0.5719   0.3712   0.2732   0.2219   0.1923
Z             0.8376   0.7373   0.6664   0.6103   0.5624
w             0.9085   0.8509   0.8091   0.7752   0.7453
R             0.9189   0.8501   0.7897   0.7357   0.6868
epsilon       0.9473   0.8976   0.8511   0.8076   0.7671
Q             0.9381   0.8764   0.8173   0.7617   0.7096
Y             0.9618   0.9258   0.8917   0.8592   0.8281
M             0.8417   0.7354   0.6559   0.5916   0.5369
L             0.9085   0.8509   0.8091   0.7752   0.7453
C             0.9559   0.9174   0.8823   0.8496   0.8189
I             0.9381   0.8764   0.8173   0.7617   0.7096
K             0.9993   0.9973   0.9941   0.9898   0.9845
EX            0.9473   0.8976   0.8511   0.8076   0.7671
N             0.9298   0.8654   0.8061   0.7515   0.7011
K_b           0.9427   0.8893   0.8396   0.7934   0.7504
K_h           0.9228   0.8515   0.7858   0.7253   0.6695
D             0.9346   0.8744   0.8190   0.7681   0.7212
D_star        0.9942   0.9857   0.9757   0.9651   0.9541
x             0.9318   0.8693   0.8120   0.7596   0.7115
psi           0.9228   0.8519   0.7869   0.7271   0.6721
phi           0.9228   0.8519   0.7869   0.7271   0.6721
upsilon       0.9233   0.8528   0.7880   0.7285   0.6737
mu            0.9195   0.8458   0.7781   0.7160   0.6590
mu_star       0.9460   0.8971   0.8523   0.8111   0.7731
A             0.9500   0.9025   0.8574   0.8145   0.7738
R_star        0.9000   0.8100   0.7290   0.6561   0.5905
chi_h         0.9226   0.8512   0.7854   0.7247   0.6688
chi_b         0.9381   0.8813   0.8293   0.7815   0.7376
Ynet          0.9648   0.9294   0.8949   0.8616   0.8296
cryp          0.9310   0.8700   0.8152   0.7654   0.7199
DC            0.9564   0.9183   0.8835   0.8512   0.8206
m             0.9554   0.9165   0.8810   0.8480   0.8169
Lambda        0.6473   0.4758   0.3867   0.3356   0.3024
gam           0.9310   0.8700   0.8152   0.7654   0.7199
trs           0.9250   0.8586   0.7989   0.7449   0.6958
Lambda1       0.9684   0.9353   0.9025   0.8709   0.8406
mu_cryp       0.9182   0.8480   0.7859   0.7301   0.6795
x_c           0.9365   0.8779   0.8235   0.7733   0.7267
DE           -0.0344  -0.0262  -0.0213  -0.0181  -0.0157
logY          0.9618   0.9258   0.8917   0.8592   0.8281
logPi         0.5719   0.3712   0.2732   0.2219   0.1923
logR          0.9189   0.8501   0.7897   0.7357   0.6868
logI          0.9381   0.8764   0.8173   0.7617   0.7096
logL          0.9085   0.8509   0.8091   0.7752   0.7453
logC          0.9559   0.9174   0.8823   0.8496   0.8189
logEX         0.9473   0.8976   0.8511   0.8076   0.7671
logM          0.8417   0.7354   0.6559   0.5916   0.5369
logD          0.9346   0.8744   0.8190   0.7681   0.7212
logD_star     0.9942   0.9857   0.9757   0.9651   0.9541
logN          0.9298   0.8654   0.8061   0.7515   0.7011
spread        0.9182   0.8436   0.7754   0.7128   0.6554
logDC         0.9564   0.9183   0.8835   0.8512   0.8206
logm          0.9554   0.9165   0.8810   0.8480   0.8169
leverage      0.9228   0.8519   0.7869   0.7271   0.6721
TB            0.9120   0.8384   0.7743   0.7173   0.6659
logcryp       0.9310   0.8700   0.8152   0.7654   0.7199
Total computing time : 0h00m01s
