 
STEADY-STATE RESULTS:
 
Y           		 3.02452
C           		 2.05317
Pi          		 1
N           		 3.74587
m           		 2.05317
D_star      		 5.48116
totutility1 		 -8.14298
mc          		 0.888889
Z           		 0.040297
w           		 5.11559
R           		 1.015
epsilon     		 0.982753
Q           		 1
M           		 0.492415
L           		 0.273282
I           		 0.400296
K           		 20.0148
EX          		 0.537789
K_b         		 14.7127
K_h         		 5.30214
D           		 5.59961
x           		 0.366121
psi         		 1.57501
phi         		 3.92771
upsilon     		 1.54051
mu          		 0.00803954
mu_star     		 0.00758873
utility     		 -0.12034
A           		 1
R_star      		 1.01
Y_star      		 0.547227
Phi         		 0
Theta       		 0.401
chi_h       		 0.0138353
chi_b       		 0.0194258
Ynet        		 2.50733
P_c         		 1
R_dc        		 1
theta_c     		 1
cryp        		 0
DC          		 0
R_c         		 1
Lambda      		 0.985222
gam         		 0.0285747
trs         		 1
Lambda1     		 0.966776
sigma_Rc    		 0
mu_cryp     		 0.0227662
x_c         		 0
DE          		 1
logY        		 1.10675
logPi       		 0
logR        		 0.0148886
logI        		 -0.91555
logL        		 -1.29725
logC        		 0.719385
logEX       		 -0.620289
logM        		 -0.708433
logD        		 1.7227
logD_star   		 1.70132
logN        		 1.32065
spread      		 0.00529703
logm        		 0.719385
leverage    		 1.36806
TB          		 0.0453736
 
EIGENVALUES:
         Modulus             Real        Imaginary

       5.893e-16       -5.893e-16                0
       1.624e-15        1.624e-15                0
       3.929e-15        3.929e-15                0
         5.6e-09          5.6e-09                0
         5.6e-09         -5.6e-09                0
          0.4499           0.4499                0
             0.9              0.9                0
             0.9              0.9                0
          0.9368           0.9368                0
            0.95             0.95                0
            0.95             0.95                0
            0.95             0.95                0
          0.9768           0.9768                0
          0.9834           0.9834                0
           1.015            1.015                0
           1.024            1.024                0
           1.042            1.042                0
           1.071            1.071                0
           1.154            1.154                0
            1.62             1.62                0
             Inf              Inf                0
             Inf              Inf                0


There are 8 eigenvalue(s) larger than 1 in modulus 
for 8 forward-looking variable(s)
 
The rank condition is verified.
 
Total computing time : 0h00m02s
