Starting Dynare (version 5.1).
Calling Dynare with arguments: none
Starting preprocessing of the model file ...
Found 65 equation(s).
Evaluating expressions...done
Computing static model derivatives (order 1).
Computing dynamic model derivatives (order 1).
Processing outputs ...
done
Preprocessing completed.


STEADY-STATE RESULTS:

mc        		 0.888889
Pi        		 1
Z         		 0.0397045
w         		 5.04467
R         		 1.015
epsilon   		 1.04877
Q         		 1
Y         		 2.86027
M         		 0.43636
L         		 0.262074
C         		 1.94436
I         		 0.384207
K         		 19.2104
EX        		 0.507914
N         		 3.68203
K_b       		 14.6906
K_h       		 4.51973
D         		 5.64301
D_star    		 4.24788
x         		 0.303258
psi       		 1.59992
phi       		 3.98982
upsilon   		 1.56392
mu        		 0.00724866
mu_star   		 0.00572546
A         		 1
R_star    		 1.01128
Y_star    		 0.484294
Phi       		 0
Theta     		 0.401
chi_h     		 0.0104743
chi_b     		 0.0133077
Ynet      		 2.37884
P_c       		 1
R_dc      		 1
theta_c   		 1
cryp      		 0.923849
DC        		 3.59239
m         		 1.38425
R_c       		 1
Lambda    		 0.985222
gam       		 0.15867
trs       		 0.27815
Lambda1   		 0.890865
sigma_Rc  		 0
mu_cryp   		 0.0231121
x_c       		 0.0628869
DE        		 1
logY      		 1.05091
logPi     		 0
logR      		 0.0148886
logI      		 -0.956573
logL      		 -1.33913
logC      		 0.664934
logEX     		 -0.677443
logM      		 -0.829287
logD      		 1.73042
logD_star 		 1.44642
logN      		 1.30347
spread    		 0.00470445
logDC     		 1.27882
logm      		 0.32516
leverage  		 1.38375
TB        		 0.0715536
logcryp   		 -0.0792061

EIGENVALUES:
         Modulus             Real        Imaginary

       1.379e-15        1.379e-15                0
       2.804e-15       -2.804e-15                0
       6.966e-15       -6.966e-15                0
       1.025e-08         7.54e-15        1.025e-08
       1.025e-08         7.54e-15       -1.025e-08
          0.4445           0.4445                0
             0.9              0.9                0
             0.9              0.9                0
          0.9363           0.9363                0
            0.95             0.95                0
            0.95             0.95                0
            0.95             0.95                0
          0.9757           0.9757                0
          0.9845           0.9845                0
           1.024            1.024                0
           1.042            1.042                0
           1.071            1.071                0
           1.153            1.153                0
           1.645            1.645                0
       8.479e+16       -8.479e+16                0
             Inf              Inf                0


There are 7 eigenvalue(s) larger than 1 in modulus 
for 7 forward-looking variable(s)

The rank condition is verified.

MODEL_DIAGNOSTICS:  The Jacobian of the static model is singular
MODEL_DIAGNOSTICS:  there is 2 colinear relationships between the variables and the equations
Relation 1
Colinear variables:
Z
w
epsilon
Y
M
L
C
I
K
EX
N
K_b
K_h
D
D_star
x
psi
phi
upsilon
mu
mu_star
R_star
Y_star
chi_h
chi_b
Ynet
cryp
DC
m
gam
trs
Lambda1
mu_cryp
x_c
logY
logI
logL
logC
logEX
logM
logD
logD_star
logN
spread
logDC
logm
leverage
TB
logcryp
Relation 2
Colinear variables:
Z
w
epsilon
Y
M
L
C
I
K
EX
N
K_b
K_h
D
D_star
x
psi
phi
upsilon
mu
mu_star
R_star
Y_star
chi_h
chi_b
Ynet
cryp
DC
m
gam
trs
Lambda1
mu_cryp
x_c
logY
logI
logL
logC
logEX
logM
logD
logD_star
logN
spread
logDC
logm
leverage
TB
logcryp
Relation 1
Colinear equations
    46    47

Relation 2
Colinear equations
    46    47

MODEL_DIAGNOSTICS:  The presence of a singularity problem typically indicates that there is one
MODEL_DIAGNOSTICS:  redundant equation entered in the model block, while another non-redundant equation
MODEL_DIAGNOSTICS:  is missing. The problem often derives from Walras Law.

MODEL SUMMARY

  Number of variables:         65
  Number of stochastic shocks: 6
  Number of state variables:   14
  Number of jumpers:           7
  Number of static variables:  45


MATRIX OF COVARIANCE OF EXOGENOUS SHOCKS
Variables               varepsilon_R      varepsilon_A  varepsilon_Rstar  varepsilon_Ystar            eps_Rc               vol
varepsilon_R                0.000006          0.000000          0.000000          0.000000          0.000000          0.000000
varepsilon_A                0.000000          0.000100          0.000000          0.000000          0.000000          0.000000
varepsilon_Rstar            0.000000          0.000000          0.000006          0.000000          0.000000          0.000000
varepsilon_Ystar            0.000000          0.000000          0.000000          0.000000          0.000000          0.000000
eps_Rc                      0.000000          0.000000          0.000000          0.000000          0.000000          0.000000
vol                         0.000000          0.000000          0.000000          0.000000          0.000000          0.000000

POLICY AND TRANSITION FUNCTIONS
                                  mc              Pi               Z               w               R         epsilon               Q               Y               M               L               C               I               K              EX               N             K_b             K_h               D          D_star               x             psi             phi         upsilon              mu         mu_star               A          R_star          Y_star             Phi           Theta           chi_h           chi_b            Ynet             P_c            R_dc         theta_c            cryp              DC               m             R_c          Lambda             gam             trs         Lambda1        sigma_Rc         mu_cryp             x_c              DE            logY           logPi            logR            logI            logL            logC           logEX            logM            logD       logD_star            logN          spread           logDC            logm        leverage              TB         logcryp
Constant                    0.888889        1.000000        0.039704        5.044672        1.015000        1.048772        1.000000        2.860265        0.436360        0.262074        1.944362        0.384207       19.210374        0.507914        3.682035       14.690641        4.519733        5.643006        4.247882        0.303258        1.599916        3.989816        1.563921        0.007249        0.005725        1.000000        1.011284        0.484294               0        0.401000        0.010474        0.013308        2.378841        1.000000        1.000000        1.000000        0.923849        3.592386        1.384252        1.000000        0.985222        0.158670        0.278150        0.890865               0        0.023112        0.062887        1.000000        1.050914               0        0.014889       -0.956573       -1.339128        0.664934       -0.677443       -0.829287        1.730417        1.446422        1.303466        0.004704        1.278817        0.325160        1.383745        0.071554       -0.079206
R(-1)                      -2.995449       -1.032459       -0.283400       -9.001879        0.321018       -1.751772       -2.094463      -10.777055       -2.385767       -1.402961       -9.037260       -1.207063       -1.207063       -0.848373      -37.145882      -63.548308       62.341245      -46.216347       -2.385767        1.270133        5.868780       14.635362        5.046743        0.139011       -0.000067               0               0               0               0               0        0.289605        0.026034       -7.826166               0               0               0       -0.985607      -31.244206       -4.057988               0       -0.765812        1.008022        1.157672        1.150721               0        0.561900        0.336658       -2.702767       -3.767852       -1.032459        0.316274       -3.141695       -5.353299       -4.647931       -1.670308       -5.467424       -8.190023       -0.561637      -10.088411        0.078695       -8.697341       -2.931539        3.668180        1.537394       -1.066848
K(-1)                      -0.010779       -0.004201       -0.002095       -0.000898       -0.000251        0.022120       -0.022151        0.032648       -0.009514       -0.000140        0.027078       -0.012766        0.967234        0.010713       -0.441762       -0.518148        1.485382       -0.486510       -0.009514        0.023131        0.100084        0.249586        0.087380        0.002583        0.000184               0               0               0               0               0        0.006357        0.001266        0.025350               0               0               0        0.001989        0.046527        0.019850               0       -0.001877       -0.005044        0.000279       -0.025560               0        0.000911        0.003746        0.016891        0.011414       -0.004201       -0.000247       -0.033227       -0.000534        0.013926        0.021091       -0.021803       -0.086215       -0.002240       -0.119978        0.001422        0.012952        0.014340        0.062556        0.020227        0.002152
K_b(-1)                     0.001303        0.000455        0.000126        0.004017        0.000199        0.000561        0.024704        0.004918        0.001157        0.000626        0.005401        0.014237        0.014237        0.000272        1.297275        2.660790       -2.646553        1.720573        0.001157       -0.062174       -0.234388       -0.584508       -0.206345       -0.005385       -0.000860               0               0               0               0               0       -0.012274       -0.002718        0.018452               0               0               0       -0.000452        0.002713        0.005032               0        0.000011        0.000035        0.000578       -0.002506               0       -0.002748       -0.012974        0.000990        0.001719        0.000455        0.000196        0.037056        0.002389        0.002778        0.000535        0.002651        0.304904        0.000272        0.352326       -0.002874        0.000755        0.003635       -0.146500       -0.000885       -0.000489
D(-1)                      -0.001297       -0.000453       -0.000126       -0.003999       -0.000198       -0.000558       -0.024590       -0.004895       -0.001151       -0.000623       -0.005376       -0.014172       -0.014172       -0.000270       -1.291290       -2.648515        2.634343       -1.712635       -0.001151        0.061887        0.233306        0.581812        0.205393        0.005360        0.000856               0               0               0               0               0        0.012218        0.002705       -0.018367               0               0               0        0.000449       -0.002700       -0.005009               0       -0.000011       -0.000035       -0.000576        0.002494               0        0.002735        0.012915       -0.000985       -0.001711       -0.000453       -0.000195       -0.036885       -0.002378       -0.002765       -0.000532       -0.002638       -0.303497       -0.000271       -0.350700        0.002861       -0.000752       -0.003618        0.145824        0.000881        0.000486
D_star(-1)                 -0.007483       -0.001613       -0.001464       -0.046505        0.001927        0.043335       -0.056863       -0.081391       -0.034121       -0.007248       -0.098153       -0.032771       -0.032771        0.020987       -1.976735       -3.736070        3.703299       -3.784002        0.977163        0.176658        0.361069        0.900421        0.317192        0.007834        0.003744               0               0               0               0               0        0.017182        0.011363       -0.093062               0               0               0       -0.008230       -0.243095       -0.059793               0       -0.002039        0.014151        0.004914        0.053691               0        0.007613        0.019009        0.039707       -0.028456       -0.001613        0.001899       -0.085295       -0.027656       -0.050481        0.041320       -0.078194       -0.670565        0.230035       -0.536859        0.004140       -0.067669       -0.043195        0.225680        0.055107       -0.008908
A(-1)                      -0.577477       -0.221051        0.008353        0.265324       -0.009765        1.222837        0.942721        2.459948       -0.416982        0.041351        1.335003        0.543301        0.543301        0.592212        6.633800        5.173510       -4.630210        7.563447       -0.416982       -0.068863       -0.810809       -2.021967       -0.713719       -0.017772        0.001539        0.950000               0               0               0               0       -0.021757        0.011188        2.374238               0               0               0        0.079484        2.414567        0.958919               0       -0.100096       -0.204502        0.004136       -1.036253               0       -0.025371       -0.076021        0.944919        0.860042       -0.221051       -0.009620        1.414082        0.157785        0.686602        1.165970       -0.955590        1.340322       -0.098162        1.801667       -0.008910        0.672135        0.692735       -0.506782        1.009194        0.086035
R_star(-1)                  0.712659        0.494591       -0.026854       -0.852991        0.550377        6.365884       -3.985923       -4.227735       -2.943772       -0.132940       -5.997510       -2.297132       -2.297132        3.082959      -81.453640     -139.073548      136.776415     -142.453164        1.304110        6.013486       13.869950       34.588404       12.025987        0.304859        0.103150               0        0.900000               0               0               0        0.635202        0.348747       -4.902157               0               0               0       -1.783004      -30.040110       -1.173279               0       -0.177212        2.009671        1.508795        3.857998               0        1.013218        0.724631        6.564437       -1.478092        0.494591        0.542244       -5.978885       -0.507263       -3.084565        6.069846       -6.746196      -25.244200        0.307002      -22.121909        0.162527       -8.362161       -0.847591        8.669173        6.026731       -1.929972
Y_star(-1)                  0.258468        0.089364        0.034444        1.094063        0.004826       -0.479218        0.130000        1.649580        0.577930        0.170512        0.925807        0.074921        0.074921        0.711812        4.742777        8.546949       -8.472029        8.074315       -0.322070       -0.377419       -0.922016       -2.299292       -0.820808       -0.018362       -0.008445               0               0        0.900000               0               0       -0.039308       -0.023652        1.315535               0               0               0       -0.010568        1.875927        0.632094               0        0.034784       -0.003642       -0.013164       -0.068652               0       -0.004804       -0.045482       -0.367569        0.576723        0.089364        0.004755        0.195000        0.650625        0.476150        1.401443        1.324433        1.430854       -0.075819        1.288086       -0.009614        0.522195        0.456633       -0.576290        0.133882       -0.011439
P_c(-1)                    -0.009012       -0.001243       -0.000634       -0.020136       -0.001562       -0.019071        0.024604       -0.016669        0.000968       -0.003138       -0.007719        0.014179        0.014179       -0.009236        0.395475        2.372612       -2.358432        5.347308        0.000968       -0.061884        0.125917        0.314007       -0.184095       -0.004819       -0.033880               0               0               0               0               0       -0.010939       -0.002955        0.004532               0               0               0       -2.931684        0.034911       -0.013526       -1.000000        0.002012       -0.004501       -0.003913       -0.004436               0        1.535718       -0.211265       -0.019427       -0.005828       -0.001243       -0.001539        0.036906       -0.011975       -0.003970       -0.018184        0.002218        0.947599        0.000228        0.107407       -0.002584        0.009718       -0.009772        0.078702       -0.010204       -3.173335
theta_c(-1)                -0.001580       -0.000184       -0.000139       -0.004406       -0.000160       -0.001601        0.000200       -0.004910       -0.000859       -0.000687       -0.003310        0.000115        0.000115       -0.000775        0.006105        0.160908       -0.160793        0.618150       -0.000859       -0.003906        0.015191        0.037882       -0.033938       -0.000417       -0.005226               0               0               0               0               0       -0.000745       -0.000194       -0.002372       -0.154393               0        0.950000       -0.452908       -0.001577       -0.003098       -0.154393        0.000276       -0.000345       -0.000361        0.000175               0        0.237145       -0.031531       -0.001710       -0.001717       -0.000184       -0.000158        0.000300       -0.002620       -0.001703       -0.001526       -0.001968        0.109543       -0.000202        0.001658       -0.000170       -0.000439       -0.002238        0.009495        0.000083       -0.490240
cryp(-1)                   -0.001278       -0.000446       -0.000124       -0.003940       -0.000195       -0.000550       -0.024227       -0.004823       -0.001134       -0.000614       -0.005297       -0.013962       -0.013962       -0.000266       -1.272207       -2.609374        2.595412       -1.687325       -0.001134        0.060972        0.229859        0.573213        0.202358        0.005281        0.000843               0               0               0               0               0        0.012037        0.002665       -0.018095               0               0               0        0.000443       -0.002660       -0.004935               0       -0.000010       -0.000035       -0.000567        0.002457               0        0.002694        0.012724       -0.000971       -0.001686       -0.000446       -0.000192       -0.036340       -0.002343       -0.002724       -0.000524       -0.002599       -0.299012       -0.000267       -0.345517        0.002819       -0.000741       -0.003565        0.143669        0.000868        0.000479
R_c(-1)                    -0.001181       -0.000412       -0.000115       -0.003640       -0.000180       -0.000508       -0.022382       -0.004456       -0.001048       -0.000567       -0.004893       -0.012899       -0.012899       -0.000246       -1.175328       -2.410669        2.397770       -1.558835       -0.001048        0.056329        0.212355        0.529563        0.186948        0.004879        0.000779               0               0               0               0               0        0.011121        0.002462       -0.016718               0               0               0        0.000409       -0.002458       -0.004559               0       -0.000010       -0.000032       -0.000524        0.002270               0        0.002489        0.011755       -0.000897       -0.001558       -0.000412       -0.000178       -0.033573       -0.002164       -0.002517       -0.000485       -0.002401       -0.276242       -0.000247       -0.319206        0.002604       -0.000684       -0.003293        0.132729        0.000802        0.000443
sigma_Rc(-1)                       0               0               0               0               0               0               0               0               0               0               0               0               0               0               0               0               0               0               0               0               0               0               0               0               0               0               0               0               0               0               0               0               0               0               0               0               0               0               0               0               0               0               0               0        0.950000               0               0               0               0               0               0               0               0               0               0               0               0               0               0               0               0               0               0               0               0
epsilon(-1)                 0.216901        0.074758        0.020520        0.651787       -0.023381        0.126927        0.142103        0.780276        0.172706        0.101582        0.653799        0.081896        0.081896        0.061470        2.175138        3.543856       -3.461960        2.663485        0.172706       -0.067218       -0.331835       -0.827520       -0.283432       -0.007927        0.000350               0               0               0               0               0       -0.016091       -0.000798        0.560650               0               0               0        0.071722        2.266768        0.292527               0        0.055582       -0.073181       -0.084262       -0.082519               0       -0.039682       -0.019225       -0.757714        0.272798        0.074758       -0.023035        0.213155        0.387609        0.336254        0.121024        0.395788        0.471998        0.040657        0.590743       -0.004557        0.630992        0.211325       -0.207408       -0.111236        0.077633
varepsilon_R               -3.791327       -1.306736       -0.358675      -11.392928        0.408688       -2.218623       -2.483897      -13.638860       -3.018821       -1.775611      -11.428103       -1.431498       -1.431498       -1.074466      -38.020389      -61.944936       60.513438      -46.556476       -3.018821        1.174947        5.800328       14.464659        4.954262        0.138558       -0.006122               0               0               0               0               0        0.281256        0.013950       -9.799892               0               0               0       -1.253659      -39.622039       -5.113243               0       -0.971549        1.279177        1.472857        1.442385               0        0.693619        0.336038       -3.422185       -4.768390       -1.306736        0.402648       -3.725846       -6.775224       -5.877560       -2.115448       -6.918184       -8.250298       -0.710665      -10.325918        0.079662      -11.029449       -3.693868        3.625395        1.944355       -1.356995
varepsilon_A               -0.607871       -0.232686        0.008793        0.279289       -0.010279        1.287197        0.992338        2.589419       -0.438928        0.043528        1.405267        0.571896        0.571896        0.623382        6.982948        5.445801       -4.873905        7.961524       -0.438928       -0.072487       -0.853483       -2.128386       -0.751283       -0.018708        0.001620        1.000000               0               0               0               0       -0.022902        0.011777        2.499198               0               0               0        0.083667        2.541649        1.009388               0       -0.105364       -0.215265        0.004354       -1.090792               0       -0.026706       -0.080022        0.994651        0.905307       -0.232686       -0.010127        1.488507        0.166089        0.722739        1.227337       -1.005885        1.410866       -0.103329        1.896491       -0.009378        0.707510        0.729194       -0.533455        1.062310        0.090564
varepsilon_Rstar            0.826768        0.557072       -0.023005       -0.730722        0.602536        6.870952       -4.163411       -4.317614       -3.111610       -0.113884       -6.205802       -2.399421       -2.399421        3.327561      -81.278220     -137.089167      134.689746     -140.620584       -3.111610        5.857151       13.725874       34.229113       11.881808        0.302169        0.097136               0        1.000000               0               0               0        0.625586        0.334462       -5.012503               0               0               0       -1.942705      -32.243327       -1.024579               0       -0.187387        2.166920        1.653504        4.036077               0        1.090266        0.716427        7.108499       -1.509515        0.557072        0.593632       -6.245117       -0.434551       -3.191691        6.551427       -7.130827      -24.919448       -0.732509      -22.074267        0.161263       -8.975463       -0.740168        8.579121        6.439171       -2.102837
varepsilon_Ystar            0.287187        0.099293        0.038271        1.215626        0.005362       -0.532465        0.144445        1.832867        0.642144        0.189458        1.028675        0.083245        0.083245        0.790902        5.269753        9.496610       -9.413365        8.971461       -0.357856       -0.419355       -1.024462       -2.554769       -0.912009       -0.020403       -0.009383               0               0        1.000000               0               0       -0.043676       -0.026280        1.461706               0               0               0       -0.011742        2.084364        0.702327               0        0.038649       -0.004046       -0.014627       -0.076279               0       -0.005338       -0.050536       -0.408410        0.640803        0.099293        0.005283        0.216667        0.722916        0.529055        1.557159        1.471592        1.589837       -0.084243        1.431207       -0.010683        0.580217        0.507369       -0.640322        0.148758       -0.012710
eps_Rc                             0               0               0               0               0               0               0               0               0               0               0               0               0               0               0               0               0               0               0               0               0               0               0               0               0               0               0               0               0               0               0               0               0               0               0               0               0               0               0               0               0               0               0               0        0.030000               0               0               0               0               0               0               0               0               0               0               0               0               0               0               0               0               0               0               0               0
vol                        -0.001663       -0.000194       -0.000146       -0.004638       -0.000169       -0.001685        0.000210       -0.005169       -0.000904       -0.000723       -0.003485        0.000121        0.000121       -0.000816        0.006427        0.169377       -0.169256        0.650684       -0.000904       -0.004112        0.015990        0.039876       -0.035724       -0.000439       -0.005502               0               0               0               0               0       -0.000785       -0.000205       -0.002496       -0.162519               0        1.000000       -0.476746       -0.001660       -0.003261       -0.162519        0.000291       -0.000363       -0.000380        0.000184               0        0.249627       -0.033191       -0.001800       -0.001807       -0.000194       -0.000166        0.000315       -0.002758       -0.001792       -0.001606       -0.002071        0.115308       -0.000213        0.001745       -0.000179       -0.000462       -0.002356        0.009994        0.000088       -0.516042
[Warning: Aggregate variance and sum of variances by shocks differ by more than 0.01 %] 
[> In <a href="matlab:matlab.internal.language.introspective.errorDocCallback('th_autocovariances', 'C:\dynare\5.1\matlab\th_autocovariances.m', 206)" style="font-weight:bold">th_autocovariances</a> (<a href="matlab: opentoline('C:\dynare\5.1\matlab\th_autocovariances.m',206,0)">line 206</a>)
In <a href="matlab:matlab.internal.language.introspective.errorDocCallback('disp_th_moments', 'C:\dynare\5.1\matlab\disp_th_moments.m', 40)" style="font-weight:bold">disp_th_moments</a> (<a href="matlab: opentoline('C:\dynare\5.1\matlab\disp_th_moments.m',40,0)">line 40</a>)
In <a href="matlab:matlab.internal.language.introspective.errorDocCallback('stoch_simul', 'C:\dynare\5.1\matlab\stoch_simul.m', 210)" style="font-weight:bold">stoch_simul</a> (<a href="matlab: opentoline('C:\dynare\5.1\matlab\stoch_simul.m',210,0)">line 210</a>)
In <a href="matlab:matlab.internal.language.introspective.errorDocCallback('cdbc_fix.driver', 'D:\crypto2\crypto_storage\cdbc_fix_0.8\+cdbc_fix\driver.m', 834)" style="font-weight:bold">cdbc_fix.driver</a> (<a href="matlab: opentoline('D:\crypto2\crypto_storage\cdbc_fix_0.8\+cdbc_fix\driver.m',834,0)">line 834</a>)
In <a href="matlab:matlab.internal.language.introspective.errorDocCallback('dynare', 'C:\dynare\5.1\matlab\dynare.m', 281)" style="font-weight:bold">dynare</a> (<a href="matlab: opentoline('C:\dynare\5.1\matlab\dynare.m',281,0)">line 281</a>)
In <a href="matlab:matlab.internal.language.introspective.errorDocCallback('plotfile_sto', 'D:\crypto2\crypto_storage\plotfile_sto.m', 14)" style="font-weight:bold">plotfile_sto</a> (<a href="matlab: opentoline('D:\crypto2\crypto_storage\plotfile_sto.m',14,0)">line 14</a>)] 


THEORETICAL MOMENTS
VARIABLE          MEAN  STD. DEV.   VARIANCE
mc              0.8889     0.0129     0.0002
Pi              1.0000     0.0053     0.0000
Z               0.0397     0.0019     0.0000
w               5.0447     0.0812     0.0066
R               1.0150     0.0049     0.0000
epsilon         1.0488     0.0704     0.0049
Q               1.0000     0.0462     0.0021
Y               2.8603     0.1806     0.0326
M               0.4364     0.0231     0.0005
L               0.2621     0.0127     0.0002
C               1.9444     0.1360     0.0185
I               0.3842     0.0266     0.0007
K              19.2104     0.6286     0.3951
EX              0.5079     0.0341     0.0012
N               3.6820     0.6397     0.4092
K_b            14.6906     1.1419     1.3040
K_h             4.5197     0.9711     0.9430
D               5.6430     1.0620     1.1277
D_star          4.2479     0.1197     0.0143
x               0.3033     0.0409     0.0017
psi             1.5999     0.0993     0.0099
phi             3.9898     0.2476     0.0613
upsilon         1.5639     0.0861     0.0074
mu              0.0072     0.0022     0.0000
mu_star         0.0057     0.0007     0.0000
A               1.0000     0.0320     0.0010
R_star          1.0113     0.0057     0.0000
Y_star          0.4843     0.0000     0.0000
Phi             0.0000     0.0000     0.0000
Theta           0.4010     0.0000     0.0000
chi_h           0.0105     0.0045     0.0000
chi_b           0.0133     0.0024     0.0000
Ynet            2.3788     0.1530     0.0234
P_c             1.0000     0.0000     0.0000
R_dc            1.0000     0.0000     0.0000
theta_c         1.0000     0.0000     0.0000
cryp            0.9238     0.0170     0.0003
DC              3.5924     0.4168     0.1738
m               1.3843     0.0728     0.0053
R_c             1.0000     0.0000     0.0000
Lambda          0.9852     0.0038     0.0000
gam             0.1587     0.0223     0.0005
trs             0.2781     0.0143     0.0002
Lambda1         0.8909     0.0622     0.0039
sigma_Rc        0.0000     0.0000     0.0000
mu_cryp         0.0231     0.0086     0.0001
x_c             0.0629     0.0061     0.0000
DE              1.0000     0.0224     0.0005
logY            1.0509     0.0631     0.0040
logPi           0.0000     0.0053     0.0000
logR            0.0149     0.0049     0.0000
logI           -0.9566     0.0693     0.0048
logL           -1.3391     0.0483     0.0023
logC            0.6649     0.0700     0.0049
logEX          -0.6774     0.0671     0.0045
logM           -0.8293     0.0528     0.0028
logD            1.7304     0.1882     0.0354
logD_star       1.4464     0.0282     0.0008
logN            1.3035     0.1737     0.0302
spread          0.0047     0.0012     0.0000
logDC           1.2788     0.1160     0.0135
logm            0.3252     0.0526     0.0028
leverage        1.3837     0.0621     0.0039
TB              0.0716     0.0489     0.0024
logcryp        -0.0792     0.0184     0.0003



VARIANCE DECOMPOSITION (in percent)
                 varepsilon_R      varepsilon_A  varepsilon_Rstar  varepsilon_Ystar            eps_Rc               vol
mc                      67.72             28.12              4.16              0.00              0.00              0.00
Pi                      48.17             29.84             21.99              0.00              0.00              0.00
Z                       26.85             69.61              3.54              0.00              0.00              0.00
w                       15.28             78.27              6.45              0.00              0.00              0.00
R                        5.24             30.46             64.30              0.00              0.00              0.00
epsilon                  1.38             71.54             27.07              0.00              0.00              0.00
Q                        2.81             65.83             31.36              0.00              0.00              0.00
Y                        4.42             87.46              8.12              0.00              0.00              0.00
M                       13.58              4.47             81.95              0.00              0.00              0.00
L                       15.28             78.27              6.45              0.00              0.00              0.00
C                        5.44             76.21             18.36              0.00              0.00              0.00
I                        2.81             65.83             31.36              0.00              0.00              0.00
K                        0.79             74.81             24.40              0.00              0.00              0.00
EX                       1.38             71.54             27.07              0.00              0.00              0.00
N                       13.66             14.37             71.97              0.00              0.00              0.00
K_b                     18.55              7.51             73.94              0.00              0.00              0.00
K_h                     21.35              7.45             71.21              0.00              0.00              0.00
D                        5.68              9.61             84.71              0.00              0.00              0.00
D_star                  37.42              6.32             56.26              0.00              0.00              0.00
x                        2.71              0.39             96.89              0.00              0.00              0.00
psi                     16.13              4.30             79.57              0.00              0.00              0.00
phi                     16.13              4.30             79.57              0.00              0.00              0.00
upsilon                 16.43              4.19             79.38              0.00              0.00              0.00
mu                      18.71              4.23             77.06              0.00              0.00              0.00
mu_star                  1.81              3.16             95.03              0.00              0.00              0.00
A                        0.00            100.00              0.00              0.00              0.00              0.00
R_star                   0.00              0.00            100.00              0.00              0.00              0.00
Y_star                   0.00              0.00              0.00            100.00              0.00              0.00
Phi                      6.28             27.14             66.58              0.00              0.00              0.00
Theta                   30.13             46.52             23.34              0.00              0.00              0.00
chi_h                   21.78              4.53             73.69              0.00              0.00              0.00
chi_b                    1.72              6.91             91.37              0.00              0.00              0.00
Ynet                     3.26             86.17             10.57              0.00              0.00              0.00
P_c                      0.00              0.00              0.00              0.00              0.00            100.00
R_dc                     7.61             53.46             38.94              0.00              0.00              0.00
theta_c                  0.00              0.00              0.00              0.00              0.00            100.00
cryp                     4.14             37.79             58.07              0.00              0.00              0.00
DC                       6.94             58.91             34.15              0.00              0.00              0.00
m                        3.81             87.76              8.43              0.00              0.00              0.00
R_c                      0.00              0.00              0.00              0.00              0.00            100.00
Lambda                  49.86             26.09             24.05              0.00              0.00              0.00
gam                      2.53             51.53             45.94              0.00              0.00              0.00
trs                      8.16             31.84             60.00              0.00              0.00              0.00
Lambda1                  0.46             72.90             26.64              0.00              0.00              0.00
sigma_Rc                 0.00              0.06              0.00              0.00             99.94              0.00
mu_cryp                  5.48             25.39             69.13              0.00              0.00              0.00
x_c                     14.93             20.16             64.91              0.00              0.00              0.00
DE                      14.87             21.27             63.86              0.00              0.00              0.00
logY                     4.42             87.46              8.12              0.00              0.00              0.00
logPi                   48.17             29.84             21.99              0.00              0.00              0.00
logR                     5.24             30.46             64.30              0.00              0.00              0.00
logI                     2.81             65.83             31.36              0.00              0.00              0.00
logL                    15.28             78.27              6.45              0.00              0.00              0.00
logC                     5.44             76.21             18.36              0.00              0.00              0.00
logEX                    1.38             71.54             27.07              0.00              0.00              0.00
logM                    13.58              4.47             81.95              0.00              0.00              0.00
logD                     5.68              9.61             84.71              0.00              0.00              0.00
logD_star               37.42              6.32             56.26              0.00              0.00              0.00
logN                    13.66             14.37             71.97              0.00              0.00              0.00
spread                  19.38              4.29             76.33              0.00              0.00              0.00
logDC                    6.94             58.91             34.15              0.00              0.00              0.00
logm                     3.81             87.76              8.43              0.00              0.00              0.00
leverage                16.13              4.30             79.57              0.00              0.00              0.00
TB                       1.90             36.66             61.43              0.00              0.00              0.00
logcryp                  4.14             37.79             58.07              0.00              0.00              0.00



MATRIX OF CORRELATIONS
Variables           mc         Pi          Z          w          R    epsilon          Q          Y          M          L          C          I          K         EX          N        K_b        K_h          D     D_star          x        psi        phi    upsilon         mu    mu_star          A     R_star      chi_h      chi_b       Ynet       cryp         DC          m     Lambda        gam        trs    Lambda1    mu_cryp        x_c         DE       logY      logPi       logR       logI       logL       logC      logEX       logM       logD  logD_star       logN     spread      logDC       logm   leverage         TB    logcryp
mc              1.0000     0.9365     0.2856     0.1990     0.0048    -0.0056    -0.1673    -0.0261     0.2498     0.1990    -0.0013    -0.1673    -0.0384    -0.0056    -0.0588    -0.0017    -0.0229    -0.0882     0.1457     0.0859     0.0379     0.0379     0.0392     0.0208     0.1317    -0.2719     0.1752    -0.0199     0.0842    -0.0699    -0.0392     0.0248    -0.0256     0.6330     0.0946    -0.0594     0.1944     0.0100     0.0736     0.1765    -0.0261     0.9365     0.0048    -0.1673     0.1990    -0.0013    -0.0056     0.2498    -0.0882     0.1457    -0.0588     0.0065     0.0248    -0.0256     0.0379    -0.1217    -0.0392
Pi              0.9365     1.0000     0.0740    -0.0540     0.3532     0.0047    -0.4537    -0.2696    -0.0718    -0.0540    -0.2838    -0.4537    -0.2311     0.0047    -0.3811    -0.3100     0.2149    -0.4162     0.2362     0.3857     0.3407     0.3407     0.3408     0.3121     0.3862    -0.4017     0.4608     0.2323     0.3243    -0.3198    -0.3814    -0.2964    -0.2604     0.3255     0.4197     0.2912     0.4724     0.3587     0.3921     0.2268    -0.2696     1.0000     0.3532    -0.4537    -0.0540    -0.2838     0.0047    -0.0718    -0.4162     0.2362    -0.3811     0.2973    -0.2964    -0.2604     0.3407     0.0372    -0.3814
Z               0.2856     0.0740     1.0000     0.8690    -0.6229     0.5848     0.8067     0.8211     0.3172     0.8690     0.7915     0.8067     0.2565     0.5848     0.4818     0.3073    -0.1953     0.3872    -0.0504    -0.1732    -0.3631    -0.3631    -0.3579    -0.3584     0.0549     0.7736    -0.1406    -0.2147     0.0794     0.8067     0.6452     0.7615     0.7869     0.6963    -0.6756    -0.6608    -0.6817    -0.5965    -0.5080     0.0889     0.8211     0.0740    -0.6229     0.8067     0.8690     0.7915     0.5848     0.3172     0.3872    -0.0504     0.4818    -0.3657     0.7615     0.7869    -0.3631     0.2581     0.6452
w               0.1990    -0.0540     0.8690     1.0000    -0.7524     0.6779     0.8393     0.9745     0.3585     1.0000     0.9657     0.8393     0.7010     0.6779     0.5908     0.4899    -0.1223     0.5370    -0.2795    -0.2911    -0.4153    -0.4153    -0.4110    -0.3694    -0.1137     0.8225    -0.1978    -0.1756    -0.0092     0.9628     0.7917     0.9174     0.9712     0.7385    -0.8485    -0.7788    -0.8914    -0.7174    -0.6420     0.0305     0.9745    -0.0540    -0.7524     0.8393     1.0000     0.9657     0.6779     0.3585     0.5370    -0.2795     0.5908    -0.3679     0.9174     0.9712    -0.4153     0.3035     0.7917
R               0.0048     0.3532    -0.6229    -0.7524     1.0000    -0.0743    -0.8925    -0.7686    -0.8232    -0.7524    -0.8604    -0.8925    -0.5835    -0.0743    -0.9199    -0.8532     0.6257    -0.9284     0.2767     0.8181     0.8418     0.8418     0.8382     0.8043     0.6794    -0.5102     0.7938     0.6696     0.6221    -0.7917    -0.9961    -0.9479    -0.7431    -0.7693     0.9705     0.9975     0.8741     0.9967     0.9197     0.1608    -0.7686     0.3532     1.0000    -0.8925    -0.7524    -0.8604    -0.0743    -0.8232    -0.9284     0.2767    -0.9199     0.8005    -0.9479    -0.7431     0.8418     0.3365    -0.9961
epsilon        -0.0056     0.0047     0.5848     0.6779    -0.0743     1.0000     0.3862     0.6928    -0.4432     0.6779     0.5663     0.3862     0.4738     1.0000    -0.0673    -0.1683     0.5046    -0.1622    -0.1159     0.4376     0.2651     0.2651     0.2674     0.2998     0.5600     0.8228     0.5167     0.4682     0.6753     0.6626     0.1515     0.3839     0.7136     0.1031    -0.2874    -0.0986    -0.4945    -0.0252    -0.0203     0.1594     0.6928     0.0047    -0.0743     0.3862     0.6779     0.5663     1.0000    -0.4432    -0.1622    -0.1159    -0.0673     0.3023     0.3839     0.7136     0.2651     0.9062     0.1515
Q              -0.1673    -0.4537     0.8067     0.8393    -0.8925     0.3862     1.0000     0.8945     0.5331     0.8393     0.9179     1.0000     0.4885     0.3862     0.8190     0.6732    -0.4755     0.7697    -0.2021    -0.5806    -0.7048    -0.7048    -0.7009    -0.6776    -0.3823     0.8076    -0.5592    -0.5122    -0.3195     0.9142     0.9153     0.9371     0.8621     0.6019    -0.9386    -0.8918    -0.9256    -0.8826    -0.8420    -0.0783     0.8945    -0.4537    -0.8925     1.0000     0.8393     0.9179     0.3862     0.5331     0.7697    -0.2021     0.8190    -0.6748     0.9371     0.8621    -0.7048     0.0178     0.9153
Y              -0.0261    -0.2696     0.8211     0.9745    -0.7686     0.6928     0.8945     1.0000     0.3085     0.9745     0.9854     0.8945     0.7238     0.6928     0.6162     0.5001    -0.1195     0.5680    -0.3185    -0.3166    -0.4324    -0.4324    -0.4282    -0.3816    -0.1462     0.9013    -0.2419    -0.1745    -0.0287     0.9981     0.8165     0.9301     0.9965     0.6083    -0.8872    -0.7809    -0.9538    -0.7341    -0.6718    -0.0093     1.0000    -0.2696    -0.7686     0.8945     0.9745     0.9854     0.6928     0.3085     0.5680    -0.3185     0.6162    -0.3768     0.9301     0.9965    -0.4324     0.3375     0.8165
M               0.2498    -0.0718     0.3172     0.3585    -0.8232    -0.4432     0.5331     0.3085     1.0000     0.3585     0.4585     0.5331     0.2530    -0.4432     0.8059     0.8111    -0.7900     0.8608    -0.1937    -0.9107    -0.8431    -0.8431    -0.8407    -0.8311    -0.8498    -0.0419    -0.8974    -0.8087    -0.8687     0.3326     0.7730     0.6312     0.2781     0.7697    -0.6696    -0.8245    -0.4590    -0.8428    -0.7571    -0.1652     0.3085    -0.0718    -0.8232     0.5331     0.3585     0.4585    -0.4432     1.0000     0.8608    -0.1937     0.8059    -0.8325     0.6312     0.2781    -0.8431    -0.7806     0.7730
L               0.1990    -0.0540     0.8690     1.0000    -0.7524     0.6779     0.8393     0.9745     0.3585     1.0000     0.9657     0.8393     0.7010     0.6779     0.5908     0.4899    -0.1223     0.5370    -0.2795    -0.2911    -0.4153    -0.4153    -0.4110    -0.3694    -0.1137     0.8225    -0.1978    -0.1756    -0.0092     0.9628     0.7917     0.9174     0.9712     0.7385    -0.8485    -0.7788    -0.8914    -0.7174    -0.6420     0.0305     0.9745    -0.0540    -0.7524     0.8393     1.0000     0.9657     0.6779     0.3585     0.5370    -0.2795     0.5908    -0.3679     0.9174     0.9712    -0.4153     0.3035     0.7917
C              -0.0013    -0.2838     0.7915     0.9657    -0.8604     0.5663     0.9179     0.9854     0.4585     0.9657     1.0000     0.9179     0.7510     0.5663     0.7159     0.6167    -0.2391     0.6865    -0.3550    -0.4623    -0.5482    -0.5482    -0.5441    -0.4952    -0.3019     0.8266    -0.3856    -0.2961    -0.1890     0.9887     0.8977     0.9772     0.9801     0.6877    -0.9478    -0.8699    -0.9772    -0.8314    -0.7610    -0.0442     0.9854    -0.2838    -0.8604     0.9179     0.9657     1.0000     0.5663     0.4585     0.6865    -0.3550     0.7159    -0.4900     0.9772     0.9801    -0.5482     0.1786     0.8977
I              -0.1673    -0.4537     0.8067     0.8393    -0.8925     0.3862     1.0000     0.8945     0.5331     0.8393     0.9179     1.0000     0.4885     0.3862     0.8190     0.6732    -0.4755     0.7697    -0.2021    -0.5806    -0.7048    -0.7048    -0.7009    -0.6776    -0.3823     0.8076    -0.5592    -0.5122    -0.3195     0.9142     0.9153     0.9371     0.8621     0.6019    -0.9386    -0.8918    -0.9256    -0.8826    -0.8420    -0.0783     0.8945    -0.4537    -0.8925     1.0000     0.8393     0.9179     0.3862     0.5331     0.7697    -0.2021     0.8190    -0.6748     0.9371     0.8621    -0.7048     0.0178     0.9153
K              -0.0384    -0.2311     0.2565     0.7010    -0.5835     0.4738     0.4885     0.7238     0.2530     0.7010     0.7510     0.4885     1.0000     0.4738     0.4739     0.5267     0.0279     0.5056    -0.4745    -0.3343    -0.3030    -0.3030    -0.3020    -0.2201    -0.3154     0.4959    -0.2008    -0.0482    -0.1467     0.7230     0.6277     0.7020     0.7658     0.4376    -0.6941    -0.5793    -0.7676    -0.5539    -0.5356    -0.0737     0.7238    -0.2311    -0.5835     0.4885     0.7010     0.7510     0.4738     0.2530     0.5056    -0.4745     0.4739    -0.2065     0.7020     0.7658    -0.3030     0.2110     0.6277
EX             -0.0056     0.0047     0.5848     0.6779    -0.0743     1.0000     0.3862     0.6928    -0.4432     0.6779     0.5663     0.3862     0.4738     1.0000    -0.0673    -0.1683     0.5046    -0.1622    -0.1159     0.4376     0.2651     0.2651     0.2674     0.2998     0.5600     0.8228     0.5167     0.4682     0.6753     0.6626     0.1515     0.3839     0.7136     0.1031    -0.2874    -0.0986    -0.4945    -0.0252    -0.0203     0.1594     0.6928     0.0047    -0.0743     0.3862     0.6779     0.5663     1.0000    -0.4432    -0.1622    -0.1159    -0.0673     0.3023     0.3839     0.7136     0.2651     0.9062     0.1515
N              -0.0588    -0.3811     0.4818     0.5908    -0.9199    -0.0673     0.8190     0.6162     0.8059     0.5908     0.7159     0.8190     0.4739    -0.0673     1.0000     0.9698    -0.8338     0.9795    -0.1064    -0.8949    -0.9747    -0.9747    -0.9739    -0.9553    -0.7398     0.3749    -0.8333    -0.8692    -0.7049     0.6501     0.9060     0.8238     0.5856     0.6657    -0.8639    -0.9114    -0.7470    -0.9469    -0.9953    -0.1304     0.6162    -0.3811    -0.9199     0.8190     0.5908     0.7159    -0.0673     0.8059     0.9795    -0.1064     1.0000    -0.9516     0.8238     0.5856    -0.9747    -0.4270     0.9060
K_b            -0.0017    -0.3100     0.3073     0.4899    -0.8532    -0.1683     0.6732     0.5001     0.8111     0.4899     0.6167     0.6732     0.5267    -0.1683     0.9698     1.0000    -0.8350     0.9659    -0.1020    -0.9117    -0.9611    -0.9611    -0.9615    -0.9372    -0.7946     0.2052    -0.8250    -0.8744    -0.7539     0.5335     0.8330     0.7346     0.4811     0.6430    -0.7808    -0.8432    -0.6519    -0.8870    -0.9639    -0.1372     0.5001    -0.3100    -0.8532     0.6732     0.4899     0.6167    -0.1683     0.8111     0.9659    -0.1020     0.9698    -0.9320     0.7346     0.4811    -0.9611    -0.4999     0.8330
K_h            -0.0229     0.2149    -0.1953    -0.1223     0.6257     0.5046    -0.4755    -0.1195    -0.7900    -0.1223    -0.2391    -0.4755     0.0279     0.5046    -0.8338    -0.8350     1.0000    -0.8085    -0.1872     0.8557     0.9341     0.9341     0.9353     0.9596     0.7303     0.0798     0.8402     0.9971     0.7916    -0.1594    -0.5732    -0.4095    -0.0700    -0.4729     0.4689     0.6165     0.2698     0.6845     0.7868     0.1136    -0.1195     0.2149     0.6257    -0.4755    -0.1223    -0.2391     0.5046    -0.7900    -0.8085    -0.1872    -0.8338     0.9624    -0.4095    -0.0700     0.9341     0.7245    -0.5732
D              -0.0882    -0.4162     0.3872     0.5370    -0.9284    -0.1622     0.7697     0.5680     0.8608     0.5370     0.6865     0.7697     0.5056    -0.1622     0.9795     0.9659    -0.8085     1.0000    -0.2548    -0.9539    -0.9591    -0.9591    -0.9580    -0.9301    -0.8492     0.2952    -0.8877    -0.8464    -0.8066     0.6046     0.9114     0.8069     0.5457     0.6471    -0.8631    -0.9133    -0.7372    -0.9520    -0.9676    -0.1577     0.5680    -0.4162    -0.9284     0.7697     0.5370     0.6865    -0.1622     0.8608     1.0000    -0.2548     0.9795    -0.9243     0.8069     0.5457    -0.9591    -0.5191     0.9114
D_star          0.1457     0.2362    -0.0504    -0.2795     0.2767    -0.1159    -0.2021    -0.3185    -0.1937    -0.2795    -0.3550    -0.2021    -0.4745    -0.1159    -0.1064    -0.1020    -0.1872    -0.2548     1.0000     0.2792     0.0195     0.0195     0.0174    -0.0481     0.4300    -0.2056     0.1155    -0.1510     0.3192    -0.3227    -0.3065    -0.3251    -0.3684    -0.1160     0.3522     0.2581     0.4129     0.2440     0.1198    -0.0285    -0.3185     0.2362     0.2767    -0.2021    -0.2795    -0.3550    -0.1159    -0.1937    -0.2548     1.0000    -0.1064    -0.0603    -0.3251    -0.3684     0.0195     0.0105    -0.3065
x               0.0859     0.3857    -0.1732    -0.2911     0.8181     0.4376    -0.5806    -0.3166    -0.9107    -0.2911    -0.4623    -0.5806    -0.3343     0.4376    -0.8949    -0.9117     0.8557    -0.9539     0.2792     1.0000     0.9310     0.9310     0.9306     0.9110     0.9570    -0.0287     0.9479     0.8805     0.9461    -0.3585    -0.7821    -0.6213    -0.2946    -0.5496     0.7020     0.7961     0.5330     0.8517     0.8586     0.1792    -0.3166     0.3857     0.8181    -0.5806    -0.2911    -0.4623     0.4376    -0.9107    -0.9539     0.2792    -0.8949     0.9058    -0.6213    -0.2946     0.9310     0.7347    -0.7821
psi             0.0379     0.3407    -0.3631    -0.4153     0.8418     0.2651    -0.7048    -0.4324    -0.8431    -0.4153    -0.5482    -0.7048    -0.3030     0.2651    -0.9747    -0.9611     0.9341    -0.9591     0.0195     0.9310     1.0000     1.0000     1.0000     0.9957     0.7911    -0.1910     0.8830     0.9564     0.7911    -0.4709    -0.8114    -0.6881    -0.3948    -0.6099     0.7415     0.8311     0.5852     0.8827     0.9519     0.1349    -0.4324     0.3407     0.8418    -0.7048    -0.4153    -0.5482     0.2651    -0.8431    -0.9591     0.0195    -0.9747     0.9940    -0.6881    -0.3948     1.0000     0.5825    -0.8114
phi             0.0379     0.3407    -0.3631    -0.4153     0.8418     0.2651    -0.7048    -0.4324    -0.8431    -0.4153    -0.5482    -0.7048    -0.3030     0.2651    -0.9747    -0.9611     0.9341    -0.9591     0.0195     0.9310     1.0000     1.0000     1.0000     0.9957     0.7911    -0.1910     0.8830     0.9564     0.7911    -0.4709    -0.8114    -0.6881    -0.3948    -0.6099     0.7415     0.8311     0.5852     0.8827     0.9519     0.1349    -0.4324     0.3407     0.8418    -0.7048    -0.4153    -0.5482     0.2651    -0.8431    -0.9591     0.0195    -0.9747     0.9940    -0.6881    -0.3948     1.0000     0.5825    -0.8114
upsilon         0.0392     0.3408    -0.3579    -0.4110     0.8382     0.2674    -0.7009    -0.4282    -0.8407    -0.4110    -0.5441    -0.7009    -0.3020     0.2674    -0.9739    -0.9615     0.9353    -0.9580     0.0174     0.9306     1.0000     1.0000     1.0000     0.9959     0.7913    -0.1872     0.8817     0.9575     0.7913    -0.4669    -0.8077    -0.6840    -0.3908    -0.6061     0.7377     0.8273     0.5816     0.8795     0.9511     0.1343    -0.4282     0.3408     0.8382    -0.7009    -0.4110    -0.5441     0.2674    -0.8407    -0.9580     0.0174    -0.9739     0.9941    -0.6840    -0.3908     1.0000     0.5829    -0.8077
mu              0.0208     0.3121    -0.3584    -0.3694     0.8043     0.2998    -0.6776    -0.3816    -0.8311    -0.3694    -0.4952    -0.6776    -0.2201     0.2998    -0.9553    -0.9372     0.9596    -0.9301    -0.0481     0.9110     0.9957     0.9957     0.9959     1.0000     0.7628    -0.1560     0.8730     0.9756     0.7786    -0.4202    -0.7695    -0.6407    -0.3388    -0.5913     0.6926     0.7952     0.5271     0.8494     0.9277     0.1263    -0.3816     0.3121     0.8043    -0.6776    -0.3694    -0.4952     0.2998    -0.8311    -0.9301    -0.0481    -0.9553     0.9998    -0.6407    -0.3388     0.9957     0.6010    -0.7695
mu_star         0.1317     0.3862     0.0549    -0.1137     0.6794     0.5600    -0.3823    -0.1462    -0.8498    -0.1137    -0.3019    -0.3823    -0.3154     0.5600    -0.7398    -0.7946     0.7303    -0.8492     0.4300     0.9570     0.7911     0.7911     0.7913     0.7628     1.0000     0.1469     0.8948     0.7537     0.9827    -0.1883    -0.6415    -0.4611    -0.1406    -0.4050     0.5600     0.6486     0.3982     0.7101     0.6971     0.1891    -0.1462     0.3862     0.6794    -0.3823    -0.1137    -0.3019     0.5600    -0.8498    -0.8492     0.4300    -0.7398     0.7548    -0.4611    -0.1406     0.7911     0.7913    -0.6415
A              -0.2719    -0.4017     0.7736     0.8225    -0.5102     0.8228     0.8076     0.9013    -0.0419     0.8225     0.8266     0.8076     0.4959     0.8228     0.3749     0.2052     0.0798     0.2952    -0.2056    -0.0287    -0.1910    -0.1910    -0.1872    -0.1560     0.1469     1.0000     0.0000     0.0420     0.2502     0.9001     0.5753     0.7198     0.8925     0.2627    -0.6803    -0.5146    -0.8174    -0.4729    -0.4399     0.0288     0.9013    -0.4017    -0.5102     0.8076     0.8225     0.8266     0.8228    -0.0419     0.2952    -0.2056     0.3749    -0.1515     0.7198     0.8925    -0.1910     0.5934     0.5753
R_star          0.1752     0.4608    -0.1406    -0.1978     0.7938     0.5167    -0.5592    -0.2419    -0.8974    -0.1978    -0.3856    -0.5592    -0.2008     0.5167    -0.8333    -0.8250     0.8402    -0.8877     0.1155     0.9479     0.8830     0.8830     0.8817     0.8730     0.8948     0.0000     1.0000     0.8549     0.9113    -0.2870    -0.7503    -0.5626    -0.2043    -0.4738     0.6572     0.7672     0.4699     0.8233     0.7851     0.2631    -0.2419     0.4608     0.7938    -0.5592    -0.1978    -0.3856     0.5167    -0.8974    -0.8877     0.1155    -0.8333     0.8694    -0.5626    -0.2043     0.8830     0.7835    -0.7503
chi_h          -0.0199     0.2323    -0.2147    -0.1756     0.6696     0.4682    -0.5122    -0.1745    -0.8087    -0.1756    -0.2961    -0.5122    -0.0482     0.4682    -0.8692    -0.8744     0.9971    -0.8464    -0.1510     0.8805     0.9564     0.9564     0.9575     0.9756     0.7537     0.0420     0.8549     1.0000     0.8022    -0.2143    -0.6205    -0.4626    -0.1283    -0.5058     0.5213     0.6601     0.3280     0.7261     0.8269     0.1191    -0.1745     0.2323     0.6696    -0.5122    -0.1756    -0.2961     0.4682    -0.8087    -0.8464    -0.1510    -0.8692     0.9774    -0.4626    -0.1283     0.9564     0.7078    -0.6205
chi_b           0.0842     0.3243     0.0794    -0.0092     0.6221     0.6753    -0.3195    -0.0287    -0.8687    -0.0092    -0.1890    -0.3195    -0.1467     0.6753    -0.7049    -0.7539     0.7916    -0.8066     0.3192     0.9461     0.7911     0.7911     0.7913     0.7786     0.9827     0.2502     0.9113     0.8022     1.0000    -0.0715    -0.5716    -0.3695    -0.0124    -0.3875     0.4691     0.5939     0.2769     0.6601     0.6478     0.1872    -0.0287     0.3243     0.6221    -0.3195    -0.0092    -0.1890     0.6753    -0.8687    -0.8066     0.3192    -0.7049     0.7738    -0.3695    -0.0124     0.7911     0.8805    -0.5716
Ynet           -0.0699    -0.3198     0.8067     0.9628    -0.7917     0.6626     0.9142     0.9981     0.3326     0.9628     0.9887     0.9142     0.7230     0.6626     0.6501     0.5335    -0.1594     0.6046    -0.3227    -0.3585    -0.4709    -0.4709    -0.4669    -0.4202    -0.1883     0.9001    -0.2870    -0.2143    -0.0715     1.0000     0.8385     0.9405     0.9930     0.5967    -0.9064    -0.8004    -0.9681    -0.7600    -0.7038    -0.0233     0.9981    -0.3198    -0.7917     0.9142     0.9628     0.9887     0.6626     0.3326     0.6046    -0.3227     0.6501    -0.4148     0.9405     0.9930    -0.4709     0.3051     0.8385
cryp           -0.0392    -0.3814     0.6452     0.7917    -0.9961     0.1515     0.9153     0.8165     0.7730     0.7917     0.8977     0.9153     0.6277     0.1515     0.9060     0.8330    -0.5732     0.9114    -0.3065    -0.7821    -0.8114    -0.8114    -0.8077    -0.7695    -0.6415     0.5753    -0.7503    -0.6205    -0.5716     0.8385     1.0000     0.9685     0.7946     0.7480    -0.9879    -0.9930    -0.9133    -0.9888    -0.9136    -0.1518     0.8165    -0.3814    -0.9961     0.9153     0.7917     0.8977     0.1515     0.7730     0.9114    -0.3065     0.9060    -0.7647     0.9685     0.7946    -0.8114    -0.2589     1.0000
DC              0.0248    -0.2964     0.7615     0.9174    -0.9479     0.3839     0.9371     0.9301     0.6312     0.9174     0.9772     0.9371     0.7020     0.3839     0.8238     0.7346    -0.4095     0.8069    -0.3251    -0.6213    -0.6881    -0.6881    -0.6840    -0.6407    -0.4611     0.7198    -0.5626    -0.4626    -0.3695     0.9405     0.9685     1.0000     0.9157     0.7630    -0.9874    -0.9548    -0.9628    -0.9285    -0.8512    -0.0889     0.9301    -0.2964    -0.9479     0.9371     0.9174     0.9772     0.3839     0.6312     0.8069    -0.3251     0.8238    -0.6364     1.0000     0.9157    -0.6881    -0.0300     0.9685
m              -0.0256    -0.2604     0.7869     0.9712    -0.7431     0.7136     0.8621     0.9965     0.2781     0.9712     0.9801     0.8621     0.7658     0.7136     0.5856     0.4811    -0.0700     0.5457    -0.3684    -0.2946    -0.3948    -0.3948    -0.3908    -0.3388    -0.1406     0.8925    -0.2043    -0.1283    -0.0124     0.9930     0.7946     0.9157     1.0000     0.5889    -0.8718    -0.7548    -0.9504    -0.7063    -0.6453    -0.0006     0.9965    -0.2604    -0.7431     0.8621     0.9712     0.9801     0.7136     0.2781     0.5457    -0.3684     0.5856    -0.3329     0.9157     1.0000    -0.3948     0.3663     0.7946
Lambda          0.6330     0.3255     0.6963     0.7385    -0.7693     0.1031     0.6019     0.6083     0.7697     0.7385     0.6877     0.6019     0.4376     0.1031     0.6657     0.6430    -0.4729     0.6471    -0.1160    -0.5496    -0.6099    -0.6099    -0.6061    -0.5913    -0.4050     0.2627    -0.4738    -0.5058    -0.3875     0.5967     0.7480     0.7630     0.5889     1.0000    -0.6992    -0.8098    -0.5708    -0.7611    -0.6599    -0.0039     0.6083     0.3255    -0.7693     0.6019     0.7385     0.6877     0.1031     0.7697     0.6471    -0.1160     0.6657    -0.5976     0.7630     0.5889    -0.6099    -0.2912     0.7480
gam             0.0946     0.4197    -0.6756    -0.8485     0.9705    -0.2874    -0.9386    -0.8872    -0.6696    -0.8485    -0.9478    -0.9386    -0.6941    -0.2874    -0.8639    -0.7808     0.4689    -0.8631     0.3522     0.7020     0.7415     0.7415     0.7377     0.6926     0.5600    -0.6803     0.6572     0.5213     0.4691    -0.9064    -0.9879    -0.9874    -0.8718    -0.6992     1.0000     0.9667     0.9654     0.9561     0.8852     0.1317    -0.8872     0.4197     0.9705    -0.9386    -0.8485    -0.9478    -0.2874    -0.6696    -0.8631     0.3522    -0.8639     0.6863    -0.9874    -0.8718     0.7415     0.1155    -0.9879
trs            -0.0594     0.2912    -0.6608    -0.7788     0.9975    -0.0986    -0.8918    -0.7809    -0.8245    -0.7788    -0.8699    -0.8918    -0.5793    -0.0986    -0.9114    -0.8432     0.6165    -0.9133     0.2581     0.7961     0.8311     0.8311     0.8273     0.7952     0.6486    -0.5146     0.7672     0.6601     0.5939    -0.8004    -0.9930    -0.9548    -0.7548    -0.8098     0.9667     1.0000     0.8684     0.9929     0.9119     0.1446    -0.7809     0.2912     0.9975    -0.8918    -0.7788    -0.8699    -0.0986    -0.8245    -0.9133     0.2581    -0.9114     0.7925    -0.9548    -0.7548     0.8311     0.3201    -0.9930
Lambda1         0.1944     0.4724    -0.6817    -0.8914     0.8741    -0.4945    -0.9256    -0.9538    -0.4590    -0.8914    -0.9772    -0.9256    -0.7676    -0.4945    -0.7470    -0.6519     0.2698    -0.7372     0.4129     0.5330     0.5852     0.5852     0.5816     0.5271     0.3982    -0.8174     0.4699     0.3280     0.2769    -0.9681    -0.9133    -0.9628    -0.9504    -0.5708     0.9654     0.8684     1.0000     0.8489     0.7899     0.0938    -0.9538     0.4724     0.8741    -0.9256    -0.8914    -0.9772    -0.4945    -0.4590    -0.7372     0.4129    -0.7470     0.5184    -0.9628    -0.9504     0.5852    -0.1282    -0.9133
mu_cryp         0.0100     0.3587    -0.5965    -0.7174     0.9967    -0.0252    -0.8826    -0.7341    -0.8428    -0.7174    -0.8314    -0.8826    -0.5539    -0.0252    -0.9469    -0.8870     0.6845    -0.9520     0.2440     0.8517     0.8827     0.8827     0.8795     0.8494     0.7101    -0.4729     0.8233     0.7261     0.6601    -0.7600    -0.9888    -0.9285    -0.7063    -0.7611     0.9561     0.9929     0.8489     1.0000     0.9434     0.1602    -0.7341     0.3587     0.9967    -0.8826    -0.7174    -0.8314    -0.0252    -0.8428    -0.9520     0.2440    -0.9469     0.8458    -0.9285    -0.7063     0.8827     0.3800    -0.9888
x_c             0.0736     0.3921    -0.5080    -0.6420     0.9197    -0.0203    -0.8420    -0.6718    -0.7571    -0.6420    -0.7610    -0.8420    -0.5356    -0.0203    -0.9953    -0.9639     0.7868    -0.9676     0.1198     0.8586     0.9519     0.9519     0.9511     0.9277     0.6971    -0.4399     0.7851     0.8269     0.6478    -0.7038    -0.9136    -0.8512    -0.6453    -0.6599     0.8852     0.9119     0.7899     0.9434     1.0000     0.1184    -0.6718     0.3921     0.9197    -0.8420    -0.6420    -0.7610    -0.0203    -0.7571    -0.9676     0.1198    -0.9953     0.9231    -0.8512    -0.6453     0.9519     0.3429    -0.9136
DE              0.1765     0.2268     0.0889     0.0305     0.1608     0.1594    -0.0783    -0.0093    -0.1652     0.0305    -0.0442    -0.0783    -0.0737     0.1594    -0.1304    -0.1372     0.1136    -0.1577    -0.0285     0.1792     0.1349     0.1349     0.1343     0.1263     0.1891     0.0288     0.2631     0.1191     0.1872    -0.0233    -0.1518    -0.0889    -0.0006    -0.0039     0.1317     0.1446     0.0938     0.1602     0.1184     1.0000    -0.0093     0.2268     0.1608    -0.0783     0.0305    -0.0442     0.1594    -0.1652    -0.1577    -0.0285    -0.1304     0.1233    -0.0889    -0.0006     0.1349     0.1891    -0.1518
logY           -0.0261    -0.2696     0.8211     0.9745    -0.7686     0.6928     0.8945     1.0000     0.3085     0.9745     0.9854     0.8945     0.7238     0.6928     0.6162     0.5001    -0.1195     0.5680    -0.3185    -0.3166    -0.4324    -0.4324    -0.4282    -0.3816    -0.1462     0.9013    -0.2419    -0.1745    -0.0287     0.9981     0.8165     0.9301     0.9965     0.6083    -0.8872    -0.7809    -0.9538    -0.7341    -0.6718    -0.0093     1.0000    -0.2696    -0.7686     0.8945     0.9745     0.9854     0.6928     0.3085     0.5680    -0.3185     0.6162    -0.3768     0.9301     0.9965    -0.4324     0.3375     0.8165
logPi           0.9365     1.0000     0.0740    -0.0540     0.3532     0.0047    -0.4537    -0.2696    -0.0718    -0.0540    -0.2838    -0.4537    -0.2311     0.0047    -0.3811    -0.3100     0.2149    -0.4162     0.2362     0.3857     0.3407     0.3407     0.3408     0.3121     0.3862    -0.4017     0.4608     0.2323     0.3243    -0.3198    -0.3814    -0.2964    -0.2604     0.3255     0.4197     0.2912     0.4724     0.3587     0.3921     0.2268    -0.2696     1.0000     0.3532    -0.4537    -0.0540    -0.2838     0.0047    -0.0718    -0.4162     0.2362    -0.3811     0.2973    -0.2964    -0.2604     0.3407     0.0372    -0.3814
logR            0.0048     0.3532    -0.6229    -0.7524     1.0000    -0.0743    -0.8925    -0.7686    -0.8232    -0.7524    -0.8604    -0.8925    -0.5835    -0.0743    -0.9199    -0.8532     0.6257    -0.9284     0.2767     0.8181     0.8418     0.8418     0.8382     0.8043     0.6794    -0.5102     0.7938     0.6696     0.6221    -0.7917    -0.9961    -0.9479    -0.7431    -0.7693     0.9705     0.9975     0.8741     0.9967     0.9197     0.1608    -0.7686     0.3532     1.0000    -0.8925    -0.7524    -0.8604    -0.0743    -0.8232    -0.9284     0.2767    -0.9199     0.8005    -0.9479    -0.7431     0.8418     0.3365    -0.9961
logI           -0.1673    -0.4537     0.8067     0.8393    -0.8925     0.3862     1.0000     0.8945     0.5331     0.8393     0.9179     1.0000     0.4885     0.3862     0.8190     0.6732    -0.4755     0.7697    -0.2021    -0.5806    -0.7048    -0.7048    -0.7009    -0.6776    -0.3823     0.8076    -0.5592    -0.5122    -0.3195     0.9142     0.9153     0.9371     0.8621     0.6019    -0.9386    -0.8918    -0.9256    -0.8826    -0.8420    -0.0783     0.8945    -0.4537    -0.8925     1.0000     0.8393     0.9179     0.3862     0.5331     0.7697    -0.2021     0.8190    -0.6748     0.9371     0.8621    -0.7048     0.0178     0.9153
logL            0.1990    -0.0540     0.8690     1.0000    -0.7524     0.6779     0.8393     0.9745     0.3585     1.0000     0.9657     0.8393     0.7010     0.6779     0.5908     0.4899    -0.1223     0.5370    -0.2795    -0.2911    -0.4153    -0.4153    -0.4110    -0.3694    -0.1137     0.8225    -0.1978    -0.1756    -0.0092     0.9628     0.7917     0.9174     0.9712     0.7385    -0.8485    -0.7788    -0.8914    -0.7174    -0.6420     0.0305     0.9745    -0.0540    -0.7524     0.8393     1.0000     0.9657     0.6779     0.3585     0.5370    -0.2795     0.5908    -0.3679     0.9174     0.9712    -0.4153     0.3035     0.7917
logC           -0.0013    -0.2838     0.7915     0.9657    -0.8604     0.5663     0.9179     0.9854     0.4585     0.9657     1.0000     0.9179     0.7510     0.5663     0.7159     0.6167    -0.2391     0.6865    -0.3550    -0.4623    -0.5482    -0.5482    -0.5441    -0.4952    -0.3019     0.8266    -0.3856    -0.2961    -0.1890     0.9887     0.8977     0.9772     0.9801     0.6877    -0.9478    -0.8699    -0.9772    -0.8314    -0.7610    -0.0442     0.9854    -0.2838    -0.8604     0.9179     0.9657     1.0000     0.5663     0.4585     0.6865    -0.3550     0.7159    -0.4900     0.9772     0.9801    -0.5482     0.1786     0.8977
logEX          -0.0056     0.0047     0.5848     0.6779    -0.0743     1.0000     0.3862     0.6928    -0.4432     0.6779     0.5663     0.3862     0.4738     1.0000    -0.0673    -0.1683     0.5046    -0.1622    -0.1159     0.4376     0.2651     0.2651     0.2674     0.2998     0.5600     0.8228     0.5167     0.4682     0.6753     0.6626     0.1515     0.3839     0.7136     0.1031    -0.2874    -0.0986    -0.4945    -0.0252    -0.0203     0.1594     0.6928     0.0047    -0.0743     0.3862     0.6779     0.5663     1.0000    -0.4432    -0.1622    -0.1159    -0.0673     0.3023     0.3839     0.7136     0.2651     0.9062     0.1515
logM            0.2498    -0.0718     0.3172     0.3585    -0.8232    -0.4432     0.5331     0.3085     1.0000     0.3585     0.4585     0.5331     0.2530    -0.4432     0.8059     0.8111    -0.7900     0.8608    -0.1937    -0.9107    -0.8431    -0.8431    -0.8407    -0.8311    -0.8498    -0.0419    -0.8974    -0.8087    -0.8687     0.3326     0.7730     0.6312     0.2781     0.7697    -0.6696    -0.8245    -0.4590    -0.8428    -0.7571    -0.1652     0.3085    -0.0718    -0.8232     0.5331     0.3585     0.4585    -0.4432     1.0000     0.8608    -0.1937     0.8059    -0.8325     0.6312     0.2781    -0.8431    -0.7806     0.7730
logD           -0.0882    -0.4162     0.3872     0.5370    -0.9284    -0.1622     0.7697     0.5680     0.8608     0.5370     0.6865     0.7697     0.5056    -0.1622     0.9795     0.9659    -0.8085     1.0000    -0.2548    -0.9539    -0.9591    -0.9591    -0.9580    -0.9301    -0.8492     0.2952    -0.8877    -0.8464    -0.8066     0.6046     0.9114     0.8069     0.5457     0.6471    -0.8631    -0.9133    -0.7372    -0.9520    -0.9676    -0.1577     0.5680    -0.4162    -0.9284     0.7697     0.5370     0.6865    -0.1622     0.8608     1.0000    -0.2548     0.9795    -0.9243     0.8069     0.5457    -0.9591    -0.5191     0.9114
logD_star       0.1457     0.2362    -0.0504    -0.2795     0.2767    -0.1159    -0.2021    -0.3185    -0.1937    -0.2795    -0.3550    -0.2021    -0.4745    -0.1159    -0.1064    -0.1020    -0.1872    -0.2548     1.0000     0.2792     0.0195     0.0195     0.0174    -0.0481     0.4300    -0.2056     0.1155    -0.1510     0.3192    -0.3227    -0.3065    -0.3251    -0.3684    -0.1160     0.3522     0.2581     0.4129     0.2440     0.1198    -0.0285    -0.3185     0.2362     0.2767    -0.2021    -0.2795    -0.3550    -0.1159    -0.1937    -0.2548     1.0000    -0.1064    -0.0603    -0.3251    -0.3684     0.0195     0.0105    -0.3065
logN           -0.0588    -0.3811     0.4818     0.5908    -0.9199    -0.0673     0.8190     0.6162     0.8059     0.5908     0.7159     0.8190     0.4739    -0.0673     1.0000     0.9698    -0.8338     0.9795    -0.1064    -0.8949    -0.9747    -0.9747    -0.9739    -0.9553    -0.7398     0.3749    -0.8333    -0.8692    -0.7049     0.6501     0.9060     0.8238     0.5856     0.6657    -0.8639    -0.9114    -0.7470    -0.9469    -0.9953    -0.1304     0.6162    -0.3811    -0.9199     0.8190     0.5908     0.7159    -0.0673     0.8059     0.9795    -0.1064     1.0000    -0.9516     0.8238     0.5856    -0.9747    -0.4270     0.9060
spread          0.0065     0.2973    -0.3657    -0.3679     0.8005     0.3023    -0.6748    -0.3768    -0.8325    -0.3679    -0.4900    -0.6748    -0.2065     0.3023    -0.9516    -0.9320     0.9624    -0.9243    -0.0603     0.9058     0.9940     0.9940     0.9941     0.9998     0.7548    -0.1515     0.8694     0.9774     0.7738    -0.4148    -0.7647    -0.6364    -0.3329    -0.5976     0.6863     0.7925     0.5184     0.8458     0.9231     0.1233    -0.3768     0.2973     0.8005    -0.6748    -0.3679    -0.4900     0.3023    -0.8325    -0.9243    -0.0603    -0.9516     1.0000    -0.6364    -0.3329     0.9940     0.6034    -0.7647
logDC           0.0248    -0.2964     0.7615     0.9174    -0.9479     0.3839     0.9371     0.9301     0.6312     0.9174     0.9772     0.9371     0.7020     0.3839     0.8238     0.7346    -0.4095     0.8069    -0.3251    -0.6213    -0.6881    -0.6881    -0.6840    -0.6407    -0.4611     0.7198    -0.5626    -0.4626    -0.3695     0.9405     0.9685     1.0000     0.9157     0.7630    -0.9874    -0.9548    -0.9628    -0.9285    -0.8512    -0.0889     0.9301    -0.2964    -0.9479     0.9371     0.9174     0.9772     0.3839     0.6312     0.8069    -0.3251     0.8238    -0.6364     1.0000     0.9157    -0.6881    -0.0300     0.9685
logm           -0.0256    -0.2604     0.7869     0.9712    -0.7431     0.7136     0.8621     0.9965     0.2781     0.9712     0.9801     0.8621     0.7658     0.7136     0.5856     0.4811    -0.0700     0.5457    -0.3684    -0.2946    -0.3948    -0.3948    -0.3908    -0.3388    -0.1406     0.8925    -0.2043    -0.1283    -0.0124     0.9930     0.7946     0.9157     1.0000     0.5889    -0.8718    -0.7548    -0.9504    -0.7063    -0.6453    -0.0006     0.9965    -0.2604    -0.7431     0.8621     0.9712     0.9801     0.7136     0.2781     0.5457    -0.3684     0.5856    -0.3329     0.9157     1.0000    -0.3948     0.3663     0.7946
leverage        0.0379     0.3407    -0.3631    -0.4153     0.8418     0.2651    -0.7048    -0.4324    -0.8431    -0.4153    -0.5482    -0.7048    -0.3030     0.2651    -0.9747    -0.9611     0.9341    -0.9591     0.0195     0.9310     1.0000     1.0000     1.0000     0.9957     0.7911    -0.1910     0.8830     0.9564     0.7911    -0.4709    -0.8114    -0.6881    -0.3948    -0.6099     0.7415     0.8311     0.5852     0.8827     0.9519     0.1349    -0.4324     0.3407     0.8418    -0.7048    -0.4153    -0.5482     0.2651    -0.8431    -0.9591     0.0195    -0.9747     0.9940    -0.6881    -0.3948     1.0000     0.5825    -0.8114
TB             -0.1217     0.0372     0.2581     0.3035     0.3365     0.9062     0.0178     0.3375    -0.7806     0.3035     0.1786     0.0178     0.2110     0.9062    -0.4270    -0.4999     0.7245    -0.5191     0.0105     0.7347     0.5825     0.5825     0.5829     0.6010     0.7913     0.5934     0.7835     0.7078     0.8805     0.3051    -0.2589    -0.0300     0.3663    -0.2912     0.1155     0.3201    -0.1282     0.3800     0.3429     0.1891     0.3375     0.0372     0.3365     0.0178     0.3035     0.1786     0.9062    -0.7806    -0.5191     0.0105    -0.4270     0.6034    -0.0300     0.3663     0.5825     1.0000    -0.2589
logcryp        -0.0392    -0.3814     0.6452     0.7917    -0.9961     0.1515     0.9153     0.8165     0.7730     0.7917     0.8977     0.9153     0.6277     0.1515     0.9060     0.8330    -0.5732     0.9114    -0.3065    -0.7821    -0.8114    -0.8114    -0.8077    -0.7695    -0.6415     0.5753    -0.7503    -0.6205    -0.5716     0.8385     1.0000     0.9685     0.7946     0.7480    -0.9879    -0.9930    -0.9133    -0.9888    -0.9136    -0.1518     0.8165    -0.3814    -0.9961     0.9153     0.7917     0.8977     0.1515     0.7730     0.9114    -0.3065     0.9060    -0.7647     0.9685     0.7946    -0.8114    -0.2589     1.0000



COEFFICIENTS OF AUTOCORRELATION
Order              1        2        3        4        5
mc            0.4539   0.2104   0.1015   0.0524   0.0300
Pi            0.5666   0.3653   0.2679   0.2173   0.1883
Z             0.8333   0.7316   0.6606   0.6047   0.5570
w             0.9054   0.8466   0.8044   0.7703   0.7405
R             0.9182   0.8491   0.7887   0.7346   0.6857
epsilon       0.9471   0.8973   0.8506   0.8070   0.7664
Q             0.9378   0.8761   0.8169   0.7612   0.7092
Y             0.9608   0.9243   0.8899   0.8572   0.8260
M             0.8374   0.7295   0.6494   0.5849   0.5301
L             0.9054   0.8466   0.8044   0.7703   0.7405
C             0.9542   0.9147   0.8791   0.8461   0.8151
I             0.9378   0.8761   0.8169   0.7612   0.7092
K             0.9993   0.9973   0.9940   0.9897   0.9844
EX            0.9471   0.8973   0.8506   0.8070   0.7664
N             0.9299   0.8655   0.8064   0.7519   0.7016
K_b           0.9429   0.8896   0.8401   0.7940   0.7511
K_h           0.9230   0.8520   0.7864   0.7261   0.6704
D             0.9339   0.8732   0.8174   0.7661   0.7189
D_star        0.9936   0.9841   0.9733   0.9618   0.9499
x             0.9307   0.8673   0.8092   0.7560   0.7072
psi           0.9229   0.8522   0.7873   0.7276   0.6727
phi           0.9229   0.8522   0.7873   0.7276   0.6727
upsilon       0.9234   0.8531   0.7885   0.7290   0.6743
mu            0.9197   0.8463   0.7789   0.7170   0.6601
mu_star       0.9446   0.8945   0.8486   0.8065   0.7676
A             0.9500   0.9025   0.8574   0.8145   0.7738
R_star        0.9000   0.8100   0.7290   0.6561   0.5905
chi_h         0.9229   0.8518   0.7861   0.7256   0.6699
chi_b         0.9368   0.8790   0.8260   0.7773   0.7326
Ynet          0.9641   0.9283   0.8934   0.8599   0.8278
cryp          0.9303   0.8691   0.8141   0.7642   0.7186
DC            0.9355   0.8833   0.8381   0.7977   0.7606
m             0.9661   0.9342   0.9039   0.8749   0.8471
Lambda        0.6435   0.4717   0.3831   0.3325   0.2998
gam           0.9487   0.9000   0.8543   0.8118   0.7723
trs           0.9051   0.8311   0.7692   0.7153   0.6670
Lambda1       0.9682   0.9349   0.9020   0.8702   0.8398
mu_cryp       0.9176   0.8471   0.7849   0.7291   0.6785
x_c           0.9367   0.8782   0.8240   0.7738   0.7274
DE           -0.0345  -0.0264  -0.0216  -0.0184  -0.0160
logY          0.9608   0.9243   0.8899   0.8572   0.8260
logPi         0.5666   0.3653   0.2679   0.2173   0.1883
logR          0.9182   0.8491   0.7887   0.7346   0.6857
logI          0.9378   0.8761   0.8169   0.7612   0.7092
logL          0.9054   0.8466   0.8044   0.7703   0.7405
logC          0.9542   0.9147   0.8791   0.8461   0.8151
logEX         0.9471   0.8973   0.8506   0.8070   0.7664
logM          0.8374   0.7295   0.6494   0.5849   0.5301
logD          0.9339   0.8732   0.8174   0.7661   0.7189
logD_star     0.9936   0.9841   0.9733   0.9618   0.9499
logN          0.9299   0.8655   0.8064   0.7519   0.7016
spread        0.9184   0.8441   0.7761   0.7138   0.6565
logDC         0.9355   0.8833   0.8381   0.7977   0.7606
logm          0.9661   0.9342   0.9039   0.8749   0.8471
leverage      0.9229   0.8522   0.7873   0.7276   0.6727
TB            0.9104   0.8361   0.7716   0.7142   0.6626
logcryp       0.9303   0.8691   0.8141   0.7642   0.7186
Total computing time : 0h00m01s
Note: warning(s) encountered in MATLAB/Octave code
