Starting Dynare (version 5.1).
Calling Dynare with arguments: none
Starting preprocessing of the model file ...
Found 65 equation(s).
Evaluating expressions...done
Computing static model derivatives (order 1).
Computing dynamic model derivatives (order 1).
Processing outputs ...
done
Preprocessing completed.


STEADY-STATE RESULTS:

mc        		 0.888889
Pi        		 1
Z         		 0.0397045
w         		 5.04467
R         		 1.015
epsilon   		 1.04877
Q         		 1
Y         		 2.86027
M         		 0.43636
L         		 0.262074
C         		 1.94436
I         		 0.384207
K         		 19.2104
EX        		 0.507914
N         		 3.68203
K_b       		 14.6906
K_h       		 4.51973
D         		 5.64301
D_star    		 4.24788
x         		 0.303258
psi       		 1.59992
phi       		 3.98982
upsilon   		 1.56392
mu        		 0.00724866
mu_star   		 0.00572546
A         		 1
R_star    		 1.01128
Y_star    		 0.484294
Phi       		 0
Theta     		 0.401
chi_h     		 0.0104743
chi_b     		 0.0133077
Ynet      		 2.37884
P_c       		 1
R_dc      		 1
theta_c   		 1
cryp      		 0.923849
DC        		 3.59239
m         		 1.38425
R_c       		 1
Lambda    		 0.985222
gam       		 0.15867
trs       		 0.27815
Lambda1   		 0.890865
sigma_Rc  		 0
mu_cryp   		 0.0231121
x_c       		 0.0628869
DE        		 1
logY      		 1.05091
logPi     		 0
logR      		 0.0148886
logI      		 -0.956573
logL      		 -1.33913
logC      		 0.664934
logEX     		 -0.677443
logM      		 -0.829287
logD      		 1.73042
logD_star 		 1.44642
logN      		 1.30347
spread    		 0.00470445
logDC     		 1.27882
logm      		 0.32516
leverage  		 1.38375
TB        		 0.0715536
logcryp   		 -0.0792061

EIGENVALUES:
         Modulus             Real        Imaginary

       2.708e-16       -2.708e-16                0
       2.963e-16        2.963e-16                0
       5.253e-16       -5.253e-16                0
       1.723e-08        1.723e-08                0
       1.723e-08       -1.723e-08                0
          0.2428           0.1824           0.1602
          0.2428           0.1824          -0.1602
             0.9              0.9                0
             0.9              0.9                0
          0.9361           0.9361                0
            0.95             0.95                0
            0.95             0.95                0
            0.95             0.95                0
          0.9768           0.9768                0
          0.9825           0.9825                0
           1.026            1.026                0
            1.04             1.04                0
            1.07             1.07                0
             1.2              1.2                0
           1.539            1.539                0
       4.301e+16        4.301e+16                0
       1.841e+18        1.841e+18                0


There are 7 eigenvalue(s) larger than 1 in modulus 
for 7 forward-looking variable(s)

The rank condition is verified.

MODEL_DIAGNOSTICS:  The Jacobian of the static model is singular
MODEL_DIAGNOSTICS:  there is 2 colinear relationships between the variables and the equations
Relation 1
Colinear variables:
Z
w
epsilon
Y
M
L
C
I
K
EX
N
K_b
K_h
D
D_star
x
psi
phi
upsilon
mu
mu_star
R_star
Y_star
chi_h
chi_b
Ynet
cryp
DC
m
gam
trs
Lambda1
mu_cryp
x_c
logY
logI
logL
logC
logEX
logM
logD
logD_star
logN
spread
logDC
logm
leverage
TB
logcryp
Relation 2
Colinear variables:
Z
w
epsilon
Y
M
L
C
I
K
EX
N
K_b
K_h
D
D_star
x
psi
phi
upsilon
mu
mu_star
R_star
Y_star
chi_h
chi_b
Ynet
cryp
DC
m
gam
trs
Lambda1
mu_cryp
x_c
logY
logI
logL
logC
logEX
logM
logD
logD_star
logN
spread
logDC
logm
leverage
TB
logcryp
Relation 1
Colinear equations
    46    47

Relation 2
Colinear equations
    46    47

MODEL_DIAGNOSTICS:  The presence of a singularity problem typically indicates that there is one
MODEL_DIAGNOSTICS:  redundant equation entered in the model block, while another non-redundant equation
MODEL_DIAGNOSTICS:  is missing. The problem often derives from Walras Law.

MODEL SUMMARY

  Number of variables:         65
  Number of stochastic shocks: 6
  Number of state variables:   15
  Number of jumpers:           7
  Number of static variables:  44


MATRIX OF COVARIANCE OF EXOGENOUS SHOCKS
Variables               varepsilon_R      varepsilon_A  varepsilon_Rstar  varepsilon_Ystar            eps_Rc               vol
varepsilon_R                0.000006          0.000000          0.000000          0.000000          0.000000          0.000000
varepsilon_A                0.000000          0.000100          0.000000          0.000000          0.000000          0.000000
varepsilon_Rstar            0.000000          0.000000          0.000006          0.000000          0.000000          0.000000
varepsilon_Ystar            0.000000          0.000000          0.000000          0.000000          0.000000          0.000000
eps_Rc                      0.000000          0.000000          0.000000          0.000000          0.000000          0.000000
vol                         0.000000          0.000000          0.000000          0.000000          0.000000          0.000000

POLICY AND TRANSITION FUNCTIONS
                                  mc              Pi               Z               w               R         epsilon               Q               Y               M               L               C               I               K              EX               N             K_b             K_h               D          D_star               x             psi             phi         upsilon              mu         mu_star               A          R_star          Y_star             Phi           Theta           chi_h           chi_b            Ynet             P_c            R_dc         theta_c            cryp              DC               m             R_c          Lambda             gam             trs         Lambda1        sigma_Rc         mu_cryp             x_c              DE            logY           logPi            logR            logI            logL            logC           logEX            logM            logD       logD_star            logN          spread           logDC            logm        leverage              TB         logcryp
Constant                    0.888889        1.000000        0.039704        5.044672        1.015000        1.048772        1.000000        2.860265        0.436360        0.262074        1.944362        0.384207       19.210374        0.507914        3.682035       14.690641        4.519733        5.643006        4.247882        0.303258        1.599916        3.989816        1.563921        0.007249        0.005725        1.000000        1.011284        0.484294               0        0.401000        0.010474        0.013308        2.378841        1.000000        1.000000        1.000000        0.923849        3.592386        1.384252        1.000000        0.985222        0.158670        0.278150        0.890865               0        0.023112        0.062887        1.000000        1.050914               0        0.014889       -0.956573       -1.339128        0.664934       -0.677443       -0.829287        1.730417        1.446422        1.303466        0.004704        1.278817        0.325160        1.383745        0.071554       -0.079206
R(-1)                      -6.184263       -1.614562       -0.624671      -19.841973        0.145045       -1.119276       -1.378633      -25.100879       -6.399568       -3.092412      -24.116056       -0.794521       -0.794521       -0.542059      -38.333675      -73.123401       72.328879      -43.129081       -6.399568        1.147052        6.487373       16.177986        5.658856        0.152521        0.000545               0               0               0               0               0        0.335672        0.016085      -18.252541               0       -4.312393               0       -0.431317     -243.386514       15.305235               0       -0.561530        9.143818       15.823140        0.236587               0        0.303813        0.370361       -2.681787       -8.775717       -1.614562        0.142902       -2.067949      -11.799760      -12.403070       -1.067226      -14.665788       -7.642927       -1.506532      -10.411003        0.084647      -67.750656       11.056684        4.054820        5.857509       -0.466869
K(-1)                      -0.020598       -0.005704       -0.003120       -0.033467       -0.000780        0.022461       -0.020231       -0.009623       -0.020925       -0.005216       -0.016477       -0.011659        0.968341        0.010878       -0.440635       -0.535594        1.503935       -0.467809       -0.020925        0.022192        0.100767        0.251288        0.088169        0.002602        0.000172               0               0               0               0               0        0.006443        0.001193       -0.005114               0       -0.008623               0        0.003369       -0.397205        0.048171               0       -0.000971        0.011675        0.029187       -0.022509               0        0.000119        0.003794        0.015713       -0.003364       -0.005704       -0.000768       -0.030347       -0.019902       -0.008474        0.021417       -0.047953       -0.082901       -0.004926       -0.119672        0.001428       -0.110568        0.034800        0.062982        0.031803        0.003647
K_b(-1)                     0.002124        0.000555        0.000213        0.006779        0.000229        0.000454        0.024631        0.008540        0.002156        0.001056        0.009132        0.014195        0.014195        0.000220        1.298548        2.664325       -2.650129        1.721308        0.002156       -0.062184       -0.234673       -0.585218       -0.206607       -0.005392       -0.000860               0               0               0               0               0       -0.012291       -0.002716        0.021087               0        0.001475               0       -0.000590        0.073787       -0.002794               0       -0.000077       -0.002696       -0.004529       -0.001492               0       -0.002705       -0.012994        0.000988        0.002986        0.000555        0.000226        0.036947        0.004031        0.004697        0.000433        0.004942        0.305034        0.000508        0.352671       -0.002877        0.020540       -0.002019       -0.146678       -0.001936       -0.000638
D(-1)                      -0.002114       -0.000553       -0.000212       -0.006747       -0.000228       -0.000452       -0.024518       -0.008501       -0.002146       -0.001052       -0.009090       -0.014130       -0.014130       -0.000219       -1.292557       -2.652033        2.637903       -1.713367       -0.002146        0.061897        0.233590        0.582518        0.205654        0.005367        0.000856               0               0               0               0               0        0.012234        0.002704       -0.020990               0       -0.001469               0        0.000587       -0.073447        0.002781               0        0.000077        0.002684        0.004508        0.001486               0        0.002693        0.012934       -0.000984       -0.002972       -0.000553       -0.000225       -0.036776       -0.004013       -0.004675       -0.000431       -0.004919       -0.303627       -0.000505       -0.351044        0.002864       -0.020445        0.002009        0.146001        0.001928        0.000635
D_star(-1)                 -0.014741       -0.002931       -0.002248       -0.071417        0.001557        0.045249       -0.055436       -0.114536       -0.043537       -0.011131       -0.133187       -0.031949       -0.031949        0.021914       -1.984174       -3.765888        3.733939       -3.785152        0.967747        0.176723        0.363337        0.906076        0.319336        0.007882        0.003752               0               0               0               0               0        0.017324        0.011361       -0.117306               0       -0.013596               0       -0.006755       -0.895084        0.011181               0       -0.001596        0.039307        0.051649        0.045550               0        0.007082        0.019147        0.040214       -0.040044       -0.002931        0.001534       -0.083154       -0.042471       -0.068499        0.043145       -0.099773       -0.670769        0.227819       -0.538880        0.004163       -0.249161        0.008077        0.227097        0.065451       -0.007312
A(-1)                      -1.048955       -0.284165       -0.040274       -1.279274       -0.034104        1.200838        1.021350        0.473997       -0.942255       -0.199378       -0.684538        0.588615        0.588615        0.581558        6.723056        4.516576       -3.927960        8.551940       -0.942255       -0.123007       -0.795338       -1.983386       -0.691813       -0.017132        0.000684        0.950000               0               0               0               0       -0.018527        0.006888        0.949849               0       -0.349893               0        0.139945      -15.988426        1.917424               0       -0.048569        0.481095        1.171729       -0.834966               0       -0.061994       -0.074038        0.860830        0.165718       -0.284165       -0.033600        1.532025       -0.760768       -0.352063        1.144994       -2.159351        1.515494       -0.221818        1.825908       -0.008806       -4.450642        1.385170       -0.497112        1.523814        0.151481
R_star(-1)                  1.328337        0.607738        0.038697        1.229163        0.585874        6.265194       -4.131427       -1.486640       -2.181460        0.191568       -3.119139       -2.380988       -2.380988        3.034196      -81.410162     -137.544514      135.163526     -143.372260        2.066422        6.051355       13.784788       34.376029       11.937642        0.302949        0.103276               0        0.900000               0               0               0        0.627772        0.351519       -2.911960               0        0.708761               0       -1.884891        5.342545       -4.034426               0       -0.217372        0.658620       -0.883785        3.841690               0        1.065798        0.720301        6.581577       -0.519756        0.607738        0.577216       -6.197140        0.730967       -1.604197        5.973839       -4.999216      -25.407073        0.486459      -22.110101        0.161745        1.487186       -2.914517        8.615944        5.215655       -2.040257
Y_star(-1)                  0.564872        0.149933        0.067507        2.144294        0.022433       -0.557154        0.055534        3.045505        0.973733        0.334193        2.406705        0.032005        0.032005        0.674069        4.881570        9.563275       -9.531270        7.832348        0.073733       -0.370096       -0.990779       -2.470769       -0.888237       -0.019818       -0.008643               0               0        0.900000               0               0       -0.044194       -0.023079        2.334674               0        0.460219               0       -0.068498       24.307113       -1.530340               0        0.019114       -0.866788       -1.580525        0.072796               0        0.020927       -0.049093       -0.381311        1.064763        0.149933        0.022101        0.083301        1.275183        1.237786        1.327132        2.231488        1.387974        0.017358        1.325780       -0.010281        6.766286       -1.105536       -0.619269       -0.299664       -0.074144
P_c(-1)                    -0.014583       -0.001869       -0.001221       -0.038790       -0.001759       -0.018531        0.025595       -0.041047       -0.005711       -0.006045       -0.032960        0.014751        0.014751       -0.008975        0.394719        2.360222       -2.345472        5.354345       -0.005711       -0.062250        0.126482        0.315416       -0.183531       -0.004803       -0.033886               0               0               0               0               0       -0.010879       -0.002985       -0.013108               0       -0.005995               0       -2.931112       -0.270302        0.010737       -1.000000        0.002653        0.007155        0.016665       -0.004443               0        1.535426       -0.211236       -0.019539       -0.014351       -0.001869       -0.001733        0.038392       -0.023068       -0.016951       -0.017669       -0.013087        0.948846       -0.001344        0.107201       -0.002578       -0.075243        0.007756        0.079055       -0.003264       -3.172716
R_dc(-1)                    0.120952        0.015931        0.012807        0.406803        0.004931       -0.015321       -0.022098        0.533407        0.147127        0.063401        0.554535       -0.012735       -0.012735       -0.007420        0.038506        0.315305       -0.328040       -0.121166        0.147127        0.006266       -0.017748       -0.044260       -0.017384       -0.000442        0.000086               0               0               0               0               0       -0.001513        0.000541        0.386762               0        0.146446               0       -0.015354        7.330661       -0.635164               0       -0.012205       -0.280517       -0.501848        0.021993               0        0.007229       -0.001005        0.001323        0.186489        0.015931        0.004859       -0.033147        0.241920        0.285201       -0.014608        0.337168       -0.021472        0.034635        0.010458       -0.000176        2.040611       -0.458850       -0.011093       -0.154547       -0.016620
theta_c(-1)                -0.002576       -0.000298       -0.000244       -0.007748       -0.000196       -0.001494        0.000366       -0.009283       -0.002059       -0.001208       -0.007838        0.000211        0.000211       -0.000724        0.005772        0.158381       -0.158170        0.619094       -0.002059       -0.003960        0.015327        0.038222       -0.033806       -0.000413       -0.005227               0               0               0               0               0       -0.000733       -0.000199       -0.005539       -0.154393       -0.001184        0.950000       -0.452797       -0.061125        0.002038       -0.154393        0.000390        0.001933        0.003712       -0.000010               0        0.237094       -0.031523       -0.001722       -0.003245       -0.000298       -0.000193        0.000549       -0.004608       -0.004031       -0.001425       -0.004719        0.109710       -0.000485        0.001568       -0.000168       -0.017015        0.001472        0.009580        0.001335       -0.490120
cryp(-1)                   -0.002083       -0.000545       -0.000209       -0.006648       -0.000225       -0.000445       -0.024155       -0.008375       -0.002115       -0.001036       -0.008956       -0.013921       -0.013921       -0.000216       -1.273455       -2.612840        2.598919       -1.688046       -0.002115        0.060982        0.230138        0.573910        0.202615        0.005288        0.000843               0               0               0               0               0        0.012053        0.002664       -0.020680               0       -0.001447               0        0.000578       -0.072361        0.002740               0        0.000076        0.002644        0.004442        0.001464               0        0.002653        0.012743       -0.000969       -0.002928       -0.000545       -0.000222       -0.036233       -0.003953       -0.004606       -0.000425       -0.004846       -0.299140       -0.000498       -0.345856        0.002822       -0.020143        0.001980        0.143844        0.001899        0.000626
R_c(-1)                    -0.001924       -0.000503       -0.000193       -0.006142       -0.000208       -0.000412       -0.022316       -0.007737       -0.001954       -0.000957       -0.008274       -0.012861       -0.012861       -0.000199       -1.176481       -2.413871        2.401010       -1.559501       -0.001954        0.056338        0.212613        0.530206        0.187186        0.004885        0.000779               0               0               0               0               0        0.011136        0.002461       -0.019105               0       -0.001337               0        0.000534       -0.066851        0.002532               0        0.000070        0.002443        0.004104        0.001352               0        0.002451        0.011773       -0.000896       -0.002705       -0.000503       -0.000205       -0.033474       -0.003652       -0.004255       -0.000392       -0.004477       -0.276360       -0.000460       -0.319519        0.002607       -0.018609        0.001829        0.132890        0.001754        0.000578
sigma_Rc(-1)                       0               0               0               0               0               0               0               0               0               0               0               0               0               0               0               0               0               0               0               0               0               0               0               0               0               0               0               0               0               0               0               0               0               0               0               0               0               0               0               0               0               0               0               0        0.950000               0               0               0               0               0               0               0               0               0               0               0               0               0               0               0               0               0               0               0               0
epsilon(-1)                 0.448031        0.116970        0.045256        1.437505       -0.010620        0.081060        0.090174        1.818514        0.463646        0.224038        1.746793        0.051968        0.051968        0.039257        2.260842        4.237443       -4.185475        2.439101        0.463646       -0.058280       -0.376622       -0.939206       -0.327757       -0.008905        0.000306               0               0               0               0               0       -0.019428       -0.000076        1.316388               0        0.312422               0        0.031544       17.636546       -1.109806               0        0.040790       -0.662620       -1.146702       -0.016573               0       -0.020966       -0.021663       -0.759236        0.635785        0.116970       -0.010463        0.135261        0.854865        0.898389        0.077290        1.062530        0.432234        0.109148        0.614020       -0.004988        4.909424       -0.801737       -0.235401       -0.424389        0.034144
varepsilon_R               -7.831373       -2.044576       -0.791053      -25.126908        0.185636       -1.416892       -1.576198      -31.786778       -8.104311       -3.916080      -30.533128       -0.908381       -0.908381       -0.686192      -39.518465      -74.068520       73.160139      -42.634348       -8.104311        1.018716        6.583168       16.416877        5.729039        0.155655       -0.005347               0               0               0               0               0        0.339587        0.001336      -23.009852               0       -5.460988               0       -0.551373     -308.278565       19.398897               0       -0.712983       11.582289       20.043808        0.289691               0        0.366468        0.378659       -3.395577      -11.113227       -2.044576        0.182893       -2.364298      -14.942641      -15.703418       -1.351001      -18.572520       -7.555255       -1.907848      -10.732778        0.087192      -85.814430       14.013995        4.114695        7.418119       -0.596821
varepsilon_A               -1.104163       -0.299121       -0.042394       -1.346604       -0.035899        1.264040        1.075105        0.498944       -0.991847       -0.209871       -0.720566        0.619595        0.619595        0.612167        7.076901        4.754290       -4.134695        9.002042       -0.991847       -0.129481       -0.837197       -2.087774       -0.728224       -0.018033        0.000720        1.000000               0               0               0               0       -0.019502        0.007250        0.999841               0       -0.368309               0        0.147311      -16.829922        2.018341               0       -0.051126        0.506416        1.233399       -0.878911               0       -0.065257       -0.077934        0.906136        0.174440       -0.299121       -0.035368        1.612658       -0.800808       -0.370593        1.205257       -2.273001        1.595257       -0.233492        1.922008       -0.009269       -4.684887        1.458074       -0.523276        1.604014        0.159453
varepsilon_Rstar            1.544730        0.688943        0.053490        1.699055        0.643706        6.750140       -4.331742       -1.117258       -2.220648        0.264801       -2.844102       -2.496431       -2.496431        3.269052      -81.195194     -135.251073      132.754642     -141.636437       -2.220648        5.898927       13.620665       33.966746       11.773641        0.299821        0.097242               0        1.000000               0               0               0        0.616670        0.337553       -2.688020               0        0.850969               0       -2.062794       10.113698       -4.534878               0       -0.234076        0.548345       -1.223040        4.055952               0        1.151166        0.710970        7.125176       -0.390613        0.688943        0.634194       -6.497613        1.010406       -1.462743        6.436233       -5.089025      -25.099467       -0.522766      -22.051718        0.160288        2.815315       -3.276050        8.513362        5.489701       -2.232825
varepsilon_Ystar            0.627636        0.166592        0.075008        2.382548        0.024925       -0.619060        0.061704        3.383894        1.081925        0.371325        2.674116        0.035561        0.035561        0.748965        5.423966       10.625861      -10.590300        8.702608        0.081925       -0.411217       -1.100865       -2.745299       -0.986930       -0.022020       -0.009604               0               0        1.000000               0               0       -0.049105       -0.025644        2.594083               0        0.511355               0       -0.076108       27.007903       -1.700378               0        0.021238       -0.963098       -1.756139        0.080884               0        0.023252       -0.054548       -0.423679        1.183070        0.166592        0.024557        0.092557        1.416870        1.375318        1.474591        2.479431        1.542194        0.019286        1.473089       -0.011424        7.518096       -1.228373       -0.688077       -0.332960       -0.082382
eps_Rc                             0               0               0               0               0               0               0               0               0               0               0               0               0               0               0               0               0               0               0               0               0               0               0               0               0               0               0               0               0               0               0               0               0               0               0               0               0               0               0               0               0               0               0               0        0.030000               0               0               0               0               0               0               0               0               0               0               0               0               0               0               0               0               0               0               0               0
vol                        -0.002712       -0.000313       -0.000257       -0.008156       -0.000206       -0.001573        0.000386       -0.009771       -0.002167       -0.001271       -0.008250        0.000222        0.000222       -0.000762        0.006075        0.166717       -0.166494        0.651678       -0.002167       -0.004168        0.016134        0.040233       -0.035585       -0.000435       -0.005503               0               0               0               0               0       -0.000772       -0.000210       -0.005830       -0.162519       -0.001247        1.000000       -0.476628       -0.064342        0.002146       -0.162519        0.000410        0.002035        0.003907       -0.000011               0        0.249572       -0.033182       -0.001813       -0.003416       -0.000313       -0.000203        0.000578       -0.004850       -0.004243       -0.001500       -0.004967        0.115484       -0.000510        0.001650       -0.000177       -0.017911        0.001550        0.010084        0.001406       -0.515915
[Warning: Aggregate variance and sum of variances by shocks differ by more than 0.01 %] 
[> In <a href="matlab:matlab.internal.language.introspective.errorDocCallback('th_autocovariances', 'C:\dynare\5.1\matlab\th_autocovariances.m', 206)" style="font-weight:bold">th_autocovariances</a> (<a href="matlab: opentoline('C:\dynare\5.1\matlab\th_autocovariances.m',206,0)">line 206</a>)
In <a href="matlab:matlab.internal.language.introspective.errorDocCallback('disp_th_moments', 'C:\dynare\5.1\matlab\disp_th_moments.m', 40)" style="font-weight:bold">disp_th_moments</a> (<a href="matlab: opentoline('C:\dynare\5.1\matlab\disp_th_moments.m',40,0)">line 40</a>)
In <a href="matlab:matlab.internal.language.introspective.errorDocCallback('stoch_simul', 'C:\dynare\5.1\matlab\stoch_simul.m', 210)" style="font-weight:bold">stoch_simul</a> (<a href="matlab: opentoline('C:\dynare\5.1\matlab\stoch_simul.m',210,0)">line 210</a>)
In <a href="matlab:matlab.internal.language.introspective.errorDocCallback('cdbc_flex.driver', 'D:\crypto2\crypto_storage\cdbc_flex_0.8\+cdbc_flex\driver.m', 834)" style="font-weight:bold">cdbc_flex.driver</a> (<a href="matlab: opentoline('D:\crypto2\crypto_storage\cdbc_flex_0.8\+cdbc_flex\driver.m',834,0)">line 834</a>)
In <a href="matlab:matlab.internal.language.introspective.errorDocCallback('dynare', 'C:\dynare\5.1\matlab\dynare.m', 281)" style="font-weight:bold">dynare</a> (<a href="matlab: opentoline('C:\dynare\5.1\matlab\dynare.m',281,0)">line 281</a>)
In <a href="matlab:matlab.internal.language.introspective.errorDocCallback('plotfile_sto', 'D:\crypto2\crypto_storage\plotfile_sto.m', 27)" style="font-weight:bold">plotfile_sto</a> (<a href="matlab: opentoline('D:\crypto2\crypto_storage\plotfile_sto.m',27,0)">line 27</a>)] 


THEORETICAL MOMENTS
VARIABLE          MEAN  STD. DEV.   VARIANCE
mc              0.8889     0.0239     0.0006
Pi              1.0000     0.0067     0.0000
Z               0.0397     0.0028     0.0000
w               5.0447     0.1021     0.0104
R               1.0150     0.0046     0.0000
epsilon         1.0488     0.0668     0.0045
Q               1.0000     0.0440     0.0019
Y               2.8603     0.1966     0.0387
M               0.4364     0.0317     0.0010
L               0.2621     0.0159     0.0003
C               1.9444     0.1600     0.0256
I               0.3842     0.0254     0.0006
K              19.2104     0.5722     0.3274
EX              0.5079     0.0324     0.0010
N               3.6820     0.6469     0.4185
K_b            14.6906     1.1838     1.4013
K_h             4.5197     0.9967     0.9935
D               5.6430     1.0465     1.0951
D_star          4.2479     0.1955     0.0382
x               0.3033     0.0420     0.0018
psi             1.5999     0.1016     0.0103
phi             3.9898     0.2533     0.0642
upsilon         1.5639     0.0883     0.0078
mu              0.0072     0.0022     0.0000
mu_star         0.0057     0.0008     0.0000
A               1.0000     0.0320     0.0010
R_star          1.0113     0.0057     0.0000
Y_star          0.4843     0.0000     0.0000
Phi             0.0000     0.0000     0.0000
Theta           0.4010     0.0000     0.0000
chi_h           0.0105     0.0047     0.0000
chi_b           0.0133     0.0027     0.0000
Ynet            2.3788     0.1629     0.0265
P_c             1.0000     0.0000     0.0000
R_dc            1.0000     0.0209     0.0004
theta_c         1.0000     0.0000     0.0000
cryp            0.9238     0.0155     0.0002
DC              3.5924     1.2906     1.6655
m               1.3843     0.0637     0.0041
R_c             1.0000     0.0000     0.0000
Lambda          0.9852     0.0031     0.0000
gam             0.1587     0.0535     0.0029
trs             0.2781     0.0799     0.0064
Lambda1         0.8909     0.0468     0.0022
sigma_Rc        0.0000     0.0000     0.0000
mu_cryp         0.0231     0.0082     0.0001
x_c             0.0629     0.0062     0.0000
DE              1.0000     0.0219     0.0005
logY            1.0509     0.0687     0.0047
logPi           0.0000     0.0067     0.0000
logR            0.0149     0.0046     0.0000
logI           -0.9566     0.0660     0.0044
logL           -1.3391     0.0607     0.0037
logC            0.6649     0.0823     0.0068
logEX          -0.6774     0.0637     0.0041
logM           -0.8293     0.0727     0.0053
logD            1.7304     0.1854     0.0344
logD_star       1.4464     0.0460     0.0021
logN            1.3035     0.1757     0.0309
spread          0.0047     0.0012     0.0000
logDC           1.2788     0.3592     0.1291
logm            0.3252     0.0460     0.0021
leverage        1.3837     0.0635     0.0040
TB              0.0716     0.0517     0.0027
logcryp        -0.0792     0.0168     0.0003



VARIANCE DECOMPOSITION (in percent)
                 varepsilon_R      varepsilon_A  varepsilon_Rstar  varepsilon_Ystar            eps_Rc               vol
mc                      73.67             23.18              3.15              0.00              0.00              0.00
Pi                      62.18             22.67             15.15              0.00              0.00              0.00
Z                       55.94             42.12              1.94              0.00              0.00              0.00
w                       41.38             54.19              4.43              0.00              0.00              0.00
R                        1.31             22.23             76.47              0.00              0.00              0.00
epsilon                  1.77             67.94             30.28              0.00              0.00              0.00
Q                        1.24             63.23             35.53              0.00              0.00              0.00
Y                       17.91             75.28              6.81              0.00              0.00              0.00
M                       45.97             12.34             41.70              0.00              0.00              0.00
L                       41.38             54.19              4.43              0.00              0.00              0.00
C                       25.17             61.77             13.06              0.00              0.00              0.00
I                        1.24             63.23             35.53              0.00              0.00              0.00
K                        0.41             70.65             28.95              0.00              0.00              0.00
EX                       1.77             67.94             30.28              0.00              0.00              0.00
N                       17.37             13.48             69.15              0.00              0.00              0.00
K_b                     24.99              8.10             66.92              0.00              0.00              0.00
K_h                     32.06              3.07             64.87              0.00              0.00              0.00
D                        5.11              7.18             87.71              0.00              0.00              0.00
D_star                  59.84             21.57             18.59              0.00              0.00              0.00
x                        3.31              3.02             93.68              0.00              0.00              0.00
psi                     21.41              4.18             74.40              0.00              0.00              0.00
phi                     21.41              4.18             74.40              0.00              0.00              0.00
upsilon                 21.98              4.10             73.91              0.00              0.00              0.00
mu                      25.75              3.38             70.87              0.00              0.00              0.00
mu_star                  9.84              8.45             81.71              0.00              0.00              0.00
A                        0.00            100.00              0.00              0.00              0.00              0.00
R_star                   0.00              0.00            100.00              0.00              0.00              0.00
Y_star                   0.00              0.00              0.00            100.00              0.00              0.00
Phi                      2.83             16.85             80.32              0.00              0.00              0.00
Theta                   20.21             59.17             20.63              0.00              0.00              0.00
chi_h                   31.97              1.61             66.42              0.00              0.00              0.00
chi_b                    7.82             15.41             76.76              0.00              0.00              0.00
Ynet                    13.74             77.10              9.16              0.00              0.00              0.00
P_c                      0.00              0.00              0.00              0.00              0.00            100.00
R_dc                    48.43             49.12              2.45              0.00              0.00              0.00
theta_c                  0.00              0.00              0.00              0.00              0.00            100.00
cryp                     1.21             27.02             71.77              0.00              0.00              0.00
DC                      40.00             54.05              5.95              0.00              0.00              0.00
m                       68.18             26.82              5.00              0.00              0.00              0.00
R_c                      0.00              0.00              0.00              0.00              0.00            100.00
Lambda                  33.79             23.25             42.95              0.00              0.00              0.00
gam                     32.93             56.59             10.48              0.00              0.00              0.00
trs                     44.30             51.26              4.45              0.00              0.00              0.00
Lambda1                  1.47             57.81             40.72              0.00              0.00              0.00
sigma_Rc                 0.00              0.03              0.00              0.00             99.97              0.00
mu_cryp                  1.42             19.03             79.55              0.00              0.00              0.00
x_c                     19.84             19.49             60.67              0.00              0.00              0.00
DE                      15.04             18.17             66.79              0.00              0.00              0.00
logY                    17.91             75.28              6.81              0.00              0.00              0.00
logPi                   62.18             22.67             15.15              0.00              0.00              0.00
logR                     1.31             22.23             76.47              0.00              0.00              0.00
logI                     1.24             63.23             35.53              0.00              0.00              0.00
logL                    41.38             54.19              4.43              0.00              0.00              0.00
logC                    25.17             61.77             13.06              0.00              0.00              0.00
logEX                    1.77             67.94             30.28              0.00              0.00              0.00
logM                    45.97             12.34             41.70              0.00              0.00              0.00
logD                     5.11              7.18             87.71              0.00              0.00              0.00
logD_star               59.84             21.57             18.59              0.00              0.00              0.00
logN                    17.37             13.48             69.15              0.00              0.00              0.00
spread                  26.39              3.32             70.29              0.00              0.00              0.00
logDC                   40.00             54.05              5.95              0.00              0.00              0.00
logm                    68.18             26.82              5.00              0.00              0.00              0.00
leverage                21.41              4.18             74.40              0.00              0.00              0.00
TB                      16.23             30.12             53.65              0.00              0.00              0.00
logcryp                  1.21             27.02             71.77              0.00              0.00              0.00



MATRIX OF CORRELATIONS
Variables           mc         Pi          Z          w          R    epsilon          Q          Y          M          L          C          I          K         EX          N        K_b        K_h          D     D_star          x        psi        phi    upsilon         mu    mu_star          A     R_star      chi_h      chi_b       Ynet       R_dc       cryp         DC          m     Lambda        gam        trs    Lambda1    mu_cryp        x_c         DE       logY      logPi       logR       logI       logL       logC      logEX       logM       logD  logD_star       logN     spread      logDC       logm   leverage         TB    logcryp
mc              1.0000     0.9616     0.6890     0.5872     0.0824    -0.0008    -0.1478     0.3013     0.6550     0.5872     0.3948    -0.1478    -0.0222    -0.0008    -0.0021     0.0576    -0.0811    -0.0538     0.1573     0.0654    -0.0235    -0.0235    -0.0249    -0.0394     0.1048    -0.1956     0.1269    -0.0790     0.0805     0.2309     0.6756    -0.0985     0.5725    -0.8893     0.4776    -0.4904    -0.6194     0.1835     0.0672     0.0021     0.2499     0.3013     0.9616     0.0824    -0.1478     0.5872     0.3948    -0.0008     0.6550    -0.0538     0.1573    -0.0021    -0.0481     0.5725    -0.8893    -0.0235    -0.4024    -0.0985
Pi              0.9616     1.0000     0.5642     0.4349     0.3462     0.0625    -0.3601     0.1368     0.4298     0.4349     0.2042    -0.3601    -0.1513     0.0625    -0.2482    -0.1744     0.1203    -0.3138     0.1866     0.3068     0.2159     0.2159     0.2137     0.1914     0.3071    -0.2722     0.3731     0.1296     0.2728     0.0580     0.5552    -0.3586     0.4087    -0.8326     0.2346    -0.3058    -0.4650     0.4022     0.3329     0.2406     0.3017     0.1368     1.0000     0.3462    -0.3601     0.4349     0.2042     0.0625     0.4298    -0.3138     0.1866    -0.2482     0.1818     0.4087    -0.8326     0.2159    -0.2246    -0.3586
Z               0.6890     0.5642     1.0000     0.9327    -0.3889     0.4057     0.5444     0.8297     0.6834     0.9327     0.8561     0.5444     0.2157     0.4057     0.3609     0.2609    -0.1860     0.2817     0.0542    -0.1201    -0.2903    -0.2903    -0.2887    -0.2848     0.0345     0.5273    -0.0700    -0.1992     0.0582     0.7938     0.9401     0.4009     0.9252    -0.8821     0.7641    -0.8945    -0.9368    -0.4385    -0.3818    -0.3854     0.1976     0.8297     0.5642    -0.3889     0.5444     0.9327     0.8561     0.4057     0.6834     0.2817     0.0542     0.3609    -0.2907     0.9252    -0.8821    -0.2903    -0.1653     0.4009
w               0.5872     0.4349     0.9327     1.0000    -0.5175     0.5171     0.6280     0.9487     0.6608     1.0000     0.9670     0.6280     0.5532     0.5171     0.4808     0.4175    -0.1783     0.3963     0.0942    -0.1732    -0.3656    -0.3656    -0.3645    -0.3377    -0.0021     0.6308    -0.1343    -0.2141     0.0660     0.9225     0.9859     0.5395     0.9985    -0.8424     0.8221    -0.9862    -0.9984    -0.6238    -0.5049    -0.5262     0.1508     0.9487     0.4349    -0.5175     0.6280     1.0000     0.9670     0.5171     0.6608     0.3963     0.0942     0.4808    -0.3387     0.9985    -0.8424    -0.3656    -0.0816     0.5395
R               0.0824     0.3462    -0.3889    -0.5175     1.0000     0.0877    -0.8832    -0.6418    -0.6535    -0.5175    -0.6969    -0.8832    -0.5260     0.0877    -0.8920    -0.8043     0.6533    -0.9356     0.1241     0.8305     0.8356     0.8356     0.8319     0.7974     0.6778    -0.4617     0.8688     0.6840     0.6259    -0.6866    -0.3751    -0.9980    -0.5548     0.0616    -0.8264     0.6469     0.5078     0.9067     0.9961     0.8758     0.1895    -0.6418     0.3462     1.0000    -0.8832    -0.5175    -0.6969     0.0877    -0.6535    -0.9356     0.1241    -0.8920     0.7925    -0.5548     0.0616     0.8356     0.4559    -0.9980
epsilon        -0.0008     0.0625     0.4057     0.5171     0.0877     1.0000     0.2853     0.6095    -0.3008     0.5171     0.4769     0.2853     0.4600     1.0000    -0.0934    -0.1536     0.4465    -0.2597     0.2598     0.5455     0.2611     0.2611     0.2599     0.2821     0.6636     0.7938     0.5478     0.4125     0.7495     0.5937     0.5476    -0.0321     0.4904    -0.4086     0.0093    -0.4603    -0.4897    -0.2923     0.1173    -0.0072     0.1755     0.6095     0.0625     0.0877     0.2853     0.5171     0.4769     1.0000    -0.3008    -0.2597     0.2598    -0.0934     0.2843     0.4904    -0.4086     0.2611     0.8109    -0.0321
Q              -0.1478    -0.3601     0.5444     0.6280    -0.8832     0.2853     1.0000     0.7975     0.4495     0.6280     0.7849     1.0000     0.4690     0.2853     0.8040     0.6497    -0.5024     0.7767    -0.0652    -0.5863    -0.7075    -0.7075    -0.7042    -0.6771    -0.3871     0.7880    -0.5958    -0.5304    -0.3271     0.8401     0.5032     0.9016     0.6517    -0.1581     0.7237    -0.7283    -0.6063    -0.9359    -0.8749    -0.8184    -0.0906     0.7975    -0.3601    -0.8832     1.0000     0.6280     0.7849     0.2853     0.4495     0.7767    -0.0652     0.8040    -0.6737     0.6517    -0.1581    -0.7075    -0.0971     0.9016
Y               0.3013     0.1368     0.8297     0.9487    -0.6418     0.6095     0.7975     1.0000     0.5226     0.9487     0.9850     0.7975     0.6603     0.6095     0.5672     0.4693    -0.1783     0.4878     0.0495    -0.2296    -0.4215    -0.4215    -0.4197    -0.3824    -0.0434     0.8194    -0.2078    -0.2214     0.0463     0.9965     0.8976     0.6740     0.9527    -0.6451     0.7820    -0.9703    -0.9343    -0.8065    -0.6210    -0.6207     0.0801     1.0000     0.1368    -0.6418     0.7975     0.9487     0.9850     0.6095     0.5226     0.4878     0.0495     0.5672    -0.3803     0.9527    -0.6451    -0.4215     0.0611     0.6740
M               0.6550     0.4298     0.6834     0.6608    -0.6535    -0.3008     0.4495     0.5226     1.0000     0.6608     0.6592     0.4495     0.2130    -0.3008     0.6176     0.5999    -0.5902     0.6692    -0.1228    -0.6714    -0.6363    -0.6363    -0.6340    -0.6237    -0.5843     0.0067    -0.6300    -0.6003    -0.5837     0.5071     0.6183     0.6293     0.6825    -0.5803     0.9079    -0.6952    -0.6829    -0.4387    -0.6654    -0.5799     0.0141     0.5226     0.4298    -0.6535     0.4495     0.6608     0.6592    -0.3008     1.0000     0.6692    -0.1228     0.6176    -0.6268     0.6825    -0.5803    -0.6363    -0.8020     0.6293
L               0.5872     0.4349     0.9327     1.0000    -0.5175     0.5171     0.6280     0.9487     0.6608     1.0000     0.9670     0.6280     0.5532     0.5171     0.4808     0.4175    -0.1783     0.3963     0.0942    -0.1732    -0.3656    -0.3656    -0.3645    -0.3377    -0.0021     0.6308    -0.1343    -0.2141     0.0660     0.9225     0.9859     0.5395     0.9985    -0.8424     0.8221    -0.9862    -0.9984    -0.6238    -0.5049    -0.5262     0.1508     0.9487     0.4349    -0.5175     0.6280     1.0000     0.9670     0.5171     0.6608     0.3963     0.0942     0.4808    -0.3387     0.9985    -0.8424    -0.3656    -0.0816     0.5395
C               0.3948     0.2042     0.8561     0.9670    -0.6969     0.4769     0.7849     0.9850     0.6592     0.9670     1.0000     0.7849     0.6476     0.4769     0.6240     0.5401    -0.2697     0.5665     0.0163    -0.3388    -0.4975    -0.4975    -0.4955    -0.4587    -0.1605     0.7168    -0.3095    -0.3112    -0.0781     0.9788     0.9134     0.7209     0.9752    -0.6813     0.8692    -0.9938    -0.9588    -0.8019    -0.6807    -0.6646     0.0711     0.9850     0.2042    -0.6969     0.7849     0.9670     1.0000     0.4769     0.6592     0.5665     0.0163     0.6240    -0.4570     0.9752    -0.6813    -0.4975    -0.1058     0.7209
I              -0.1478    -0.3601     0.5444     0.6280    -0.8832     0.2853     1.0000     0.7975     0.4495     0.6280     0.7849     1.0000     0.4690     0.2853     0.8040     0.6497    -0.5024     0.7767    -0.0652    -0.5863    -0.7075    -0.7075    -0.7042    -0.6771    -0.3871     0.7880    -0.5958    -0.5304    -0.3271     0.8401     0.5032     0.9016     0.6517    -0.1581     0.7237    -0.7283    -0.6063    -0.9359    -0.8749    -0.8184    -0.0906     0.7975    -0.3601    -0.8832     1.0000     0.6280     0.7849     0.2853     0.4495     0.7767    -0.0652     0.8040    -0.6737     0.6517    -0.1581    -0.7075    -0.0971     0.9016
K              -0.0222    -0.1513     0.2157     0.5532    -0.5260     0.4600     0.4690     0.6603     0.2130     0.5532     0.6476     0.4690     1.0000     0.4600     0.4891     0.5427    -0.0705     0.4440     0.1238    -0.2120    -0.3396    -0.3396    -0.3403    -0.2766    -0.1019     0.5060    -0.2237    -0.1371     0.0281     0.6745     0.4929     0.5579     0.5673    -0.2283     0.4700    -0.6084    -0.5383    -0.6977    -0.5084    -0.5543    -0.0554     0.6603    -0.1513    -0.5260     0.4690     0.5532     0.6476     0.4600     0.2130     0.4440     0.1238     0.4891    -0.2657     0.5673    -0.2283    -0.3396     0.1574     0.5579
EX             -0.0008     0.0625     0.4057     0.5171     0.0877     1.0000     0.2853     0.6095    -0.3008     0.5171     0.4769     0.2853     0.4600     1.0000    -0.0934    -0.1536     0.4465    -0.2597     0.2598     0.5455     0.2611     0.2611     0.2599     0.2821     0.6636     0.7938     0.5478     0.4125     0.7495     0.5937     0.5476    -0.0321     0.4904    -0.4086     0.0093    -0.4603    -0.4897    -0.2923     0.1173    -0.0072     0.1755     0.6095     0.0625     0.0877     0.2853     0.5171     0.4769     1.0000    -0.3008    -0.2597     0.2598    -0.0934     0.2843     0.4904    -0.4086     0.2611     0.8109    -0.0321
N              -0.0021    -0.2482     0.3609     0.4808    -0.8920    -0.0934     0.8040     0.5672     0.6176     0.4808     0.6240     0.8040     0.4891    -0.0934     1.0000     0.9692    -0.8703     0.9565     0.1483    -0.8134    -0.9801    -0.9801    -0.9797    -0.9651    -0.5870     0.3620    -0.8173    -0.8971    -0.5538     0.6099     0.3639     0.8834     0.5173    -0.1232     0.7623    -0.5932    -0.4811    -0.7627    -0.9265    -0.9941    -0.1234     0.5672    -0.2482    -0.8920     0.8040     0.4808     0.6240    -0.0934     0.6176     0.9565     0.1483     1.0000    -0.9622     0.5173    -0.1232    -0.9801    -0.4374     0.8834
K_b             0.0576    -0.1744     0.2609     0.4175    -0.8043    -0.1536     0.6497     0.4693     0.5999     0.4175     0.5401     0.6497     0.5427    -0.1536     0.9692     1.0000    -0.8761     0.9139     0.2453    -0.7778    -0.9628    -0.9628    -0.9638    -0.9494    -0.5593     0.2043    -0.7840    -0.9064    -0.5263     0.5060     0.3174     0.7908     0.4541    -0.1275     0.7059    -0.5206    -0.4245    -0.6496    -0.8483    -0.9664    -0.1196     0.4693    -0.1744    -0.8043     0.6497     0.4175     0.5401    -0.1536     0.5999     0.9139     0.2453     0.9692    -0.9461     0.4541    -0.1275    -0.9628    -0.4643     0.7908
K_h            -0.0811     0.1203    -0.1860    -0.1783     0.6533     0.4465    -0.5024    -0.1783    -0.5902    -0.1783    -0.2697    -0.5024    -0.0705     0.4465    -0.8703    -0.8761     1.0000    -0.8305    -0.2202     0.8020     0.9485     0.9485     0.9494     0.9688     0.6057     0.0478     0.8027     0.9978     0.6411    -0.2137    -0.0940    -0.6190    -0.2136     0.0203    -0.5685     0.2690     0.1951     0.3709     0.7156     0.8295     0.1102    -0.1783     0.1203     0.6533    -0.5024    -0.1783    -0.2697     0.4465    -0.5902    -0.8305    -0.2202    -0.8703     0.9711    -0.2136     0.0203     0.9485     0.6418    -0.6190
D              -0.0538    -0.3138     0.2817     0.3963    -0.9356    -0.2597     0.7767     0.4878     0.6692     0.3963     0.5665     0.7767     0.4440    -0.2597     0.9565     0.9139    -0.8305     1.0000    -0.1176    -0.9375    -0.9490    -0.9490    -0.9472    -0.9223    -0.7891     0.2663    -0.9053    -0.8544    -0.7521     0.5353     0.2644     0.9239     0.4376    -0.0059     0.7603    -0.5265    -0.3956    -0.7821    -0.9589    -0.9301    -0.1542     0.4878    -0.3138    -0.9356     0.7767     0.3963     0.5665    -0.2597     0.6692     1.0000    -0.1176     0.9565    -0.9175     0.4376    -0.0059    -0.9490    -0.5733     0.9239
D_star          0.1573     0.1866     0.0542     0.0942     0.1241     0.2598    -0.0652     0.0495    -0.1228     0.0942     0.0163    -0.0652     0.1238     0.2598     0.1483     0.2453    -0.2202    -0.1176     1.0000     0.3301    -0.1444    -0.1444    -0.1489    -0.1877     0.5738     0.0276     0.1108    -0.2270     0.5367     0.0360     0.1350    -0.1337     0.0875    -0.2480    -0.0099    -0.0536    -0.1076     0.1780     0.0833    -0.1930    -0.0270     0.0495     0.1866     0.1241    -0.0652     0.0942     0.0163     0.2598    -0.1228    -0.1176     1.0000     0.1483    -0.1944     0.0875    -0.2480    -0.1444     0.2381    -0.1337
x               0.0654     0.3068    -0.1201    -0.1732     0.8305     0.5455    -0.5863    -0.2296    -0.6714    -0.1732    -0.3388    -0.5863    -0.2120     0.5455    -0.8134    -0.7778     0.8020    -0.9375     0.3301     1.0000     0.8575     0.8575     0.8550     0.8353     0.9449     0.0053     0.9348     0.8106     0.9338    -0.2762    -0.0477    -0.8061    -0.2165    -0.1462    -0.6399     0.3047     0.1785     0.6001     0.8535     0.7551     0.1703    -0.2296     0.3068     0.8305    -0.5863    -0.1732    -0.3388     0.5455    -0.6714    -0.9375     0.3301    -0.8134     0.8311    -0.2165    -0.1462     0.8575     0.7536    -0.8061
psi            -0.0235     0.2159    -0.2903    -0.3656     0.8356     0.2611    -0.7075    -0.4215    -0.6363    -0.3656    -0.4975    -0.7075    -0.3396     0.2611    -0.9801    -0.9628     0.9485    -0.9490    -0.1444     0.8575     1.0000     1.0000     1.0000     0.9965     0.6464    -0.1965     0.8539     0.9646     0.6379    -0.4635    -0.2553    -0.8161    -0.4037     0.0695    -0.7122     0.4762     0.3724     0.6378     0.8811     0.9575     0.1268    -0.4215     0.2159     0.8356    -0.7075    -0.3656    -0.4975     0.2611    -0.6363    -0.9490    -0.1444    -0.9801     0.9952    -0.4037     0.0695     1.0000     0.5540    -0.8161
phi            -0.0235     0.2159    -0.2903    -0.3656     0.8356     0.2611    -0.7075    -0.4215    -0.6363    -0.3656    -0.4975    -0.7075    -0.3396     0.2611    -0.9801    -0.9628     0.9485    -0.9490    -0.1444     0.8575     1.0000     1.0000     1.0000     0.9965     0.6464    -0.1965     0.8539     0.9646     0.6379    -0.4635    -0.2553    -0.8161    -0.4037     0.0695    -0.7122     0.4762     0.3724     0.6378     0.8811     0.9575     0.1268    -0.4215     0.2159     0.8356    -0.7075    -0.3656    -0.4975     0.2611    -0.6363    -0.9490    -0.1444    -0.9801     0.9952    -0.4037     0.0695     1.0000     0.5540    -0.8161
upsilon        -0.0249     0.2137    -0.2887    -0.3645     0.8319     0.2599    -0.7042    -0.4197    -0.6340    -0.3645    -0.4955    -0.7042    -0.3403     0.2599    -0.9797    -0.9638     0.9494    -0.9472    -0.1489     0.8550     1.0000     1.0000     1.0000     0.9967     0.6432    -0.1944     0.8507     0.9656     0.6348    -0.4616    -0.2550    -0.8124    -0.4026     0.0706    -0.7095     0.4746     0.3714     0.6344     0.8778     0.9575     0.1254    -0.4197     0.2137     0.8319    -0.7042    -0.3645    -0.4955     0.2599    -0.6340    -0.9472    -0.1489    -0.9797     0.9954    -0.4026     0.0706     1.0000     0.5518    -0.8124
mu             -0.0394     0.1914    -0.2848    -0.3377     0.7974     0.2821    -0.6771    -0.3824    -0.6237    -0.3377    -0.4587    -0.6771    -0.2766     0.2821    -0.9651    -0.9494     0.9688    -0.9223    -0.1877     0.8353     0.9965     0.9965     0.9967     1.0000     0.6169    -0.1629     0.8376     0.9806     0.6195    -0.4229    -0.2336    -0.7750    -0.3747     0.0722    -0.6860     0.4426     0.3465     0.5831     0.8476     0.9401     0.1202    -0.3824     0.1914     0.7974    -0.6771    -0.3377    -0.4587     0.2821    -0.6237    -0.9223    -0.1877    -0.9651     0.9999    -0.3747     0.0722     0.9965     0.5594    -0.7750
mu_star         0.1048     0.3071     0.0345    -0.0021     0.6778     0.6636    -0.3871    -0.0434    -0.5843    -0.0021    -0.1605    -0.3871    -0.1019     0.6636    -0.5870    -0.5593     0.6057    -0.7891     0.5738     0.9449     0.6464     0.6464     0.6432     0.6169     1.0000     0.1718     0.8362     0.6083     0.9889    -0.0855     0.1100    -0.6530    -0.0425    -0.2681    -0.4757     0.1256     0.0074     0.4569     0.6878     0.5153     0.1628    -0.0434     0.3071     0.6778    -0.3871    -0.0021    -0.1605     0.6636    -0.5843    -0.7891     0.5738    -0.5870     0.6111    -0.0425    -0.2681     0.6464     0.7742    -0.6530
A              -0.1956    -0.2722     0.5273     0.6308    -0.4617     0.7938     0.7880     0.8194     0.0067     0.6308     0.7168     0.7880     0.5060     0.7938     0.3620     0.2043     0.0478     0.2663     0.0276     0.0053    -0.1965    -0.1965    -0.1944    -0.1629     0.1718     1.0000     0.0000     0.0136     0.2607     0.8407     0.5678     0.5102     0.6282    -0.2538     0.3722    -0.6622    -0.5962    -0.7500    -0.4295    -0.4290     0.0320     0.8194    -0.2722    -0.4617     0.7880     0.6308     0.7168     0.7938     0.0067     0.2663     0.0276     0.3620    -0.1590     0.6282    -0.2538    -0.1965     0.4931     0.5102
R_star          0.1269     0.3731    -0.0700    -0.1343     0.8688     0.5478    -0.5958    -0.2078    -0.6300    -0.1343    -0.3095    -0.5958    -0.2237     0.5478    -0.8173    -0.7840     0.8027    -0.9053     0.1108     0.9348     0.8539     0.8539     0.8507     0.8376     0.8362     0.0000     1.0000     0.8121     0.8398    -0.2572     0.0009    -0.8388    -0.1799    -0.1927    -0.6434     0.2740     0.1400     0.5982     0.8858     0.7589     0.2734    -0.2078     0.3731     0.8688    -0.5958    -0.1343    -0.3095     0.5478    -0.6300    -0.9053     0.1108    -0.8173     0.8348    -0.1799    -0.1927     0.8539     0.7296    -0.8388
chi_h          -0.0790     0.1296    -0.1992    -0.2141     0.6840     0.4125    -0.5304    -0.2214    -0.6003    -0.2141    -0.3112    -0.5304    -0.1371     0.4125    -0.8971    -0.9064     0.9978    -0.8544    -0.2270     0.8106     0.9646     0.9646     0.9656     0.9806     0.6083     0.0136     0.8121     1.0000     0.6348    -0.2574    -0.1264    -0.6521    -0.2502     0.0355    -0.5961     0.3080     0.2298     0.4151     0.7447     0.8609     0.1132    -0.2214     0.1296     0.6840    -0.5304    -0.2141    -0.3112     0.4125    -0.6003    -0.8544    -0.2270    -0.8971     0.9821    -0.2502     0.0355     0.9646     0.6267    -0.6521
chi_b           0.0805     0.2728     0.0582     0.0660     0.6259     0.7495    -0.3271     0.0463    -0.5837     0.0660    -0.0781    -0.3271     0.0281     0.7495    -0.5538    -0.5263     0.6411    -0.7521     0.5367     0.9338     0.6379     0.6379     0.6348     0.6195     0.9889     0.2607     0.8398     0.6348     1.0000     0.0063     0.1711    -0.5938     0.0263    -0.2860    -0.4384     0.0514    -0.0568     0.3601     0.6417     0.4719     0.1661     0.0463     0.2728     0.6259    -0.3271     0.0660    -0.0781     0.7495    -0.5837    -0.7521     0.5367    -0.5538     0.6157     0.0263    -0.2860     0.6379     0.8276    -0.5938
Ynet            0.2309     0.0580     0.7938     0.9225    -0.6866     0.5937     0.8401     0.9965     0.5071     0.9225     0.9788     0.8401     0.6745     0.5937     0.6099     0.5060    -0.2137     0.5353     0.0360    -0.2762    -0.4635    -0.4635    -0.4616    -0.4229    -0.0855     0.8407    -0.2572    -0.2574     0.0063     1.0000     0.8597     0.7190     0.9293    -0.5831     0.7809    -0.9563    -0.9060    -0.8492    -0.6664    -0.6617     0.0563     0.9965     0.0580    -0.6866     0.8401     0.9225     0.9788     0.5937     0.5071     0.5353     0.0360     0.6099    -0.4200     0.9293    -0.5831    -0.4635     0.0607     0.7190
R_dc            0.6756     0.5552     0.9401     0.9859    -0.3751     0.5476     0.5032     0.8976     0.6183     0.9859     0.9134     0.5032     0.4929     0.5476     0.3639     0.3174    -0.0940     0.2644     0.1350    -0.0477    -0.2553    -0.2553    -0.2550    -0.2336     0.1100     0.5678     0.0009    -0.1264     0.1711     0.8597     1.0000     0.3971     0.9789    -0.9140     0.7443    -0.9474    -0.9890    -0.4932    -0.3645    -0.4137     0.1891     0.8976     0.5552    -0.3751     0.5032     0.9859     0.9134     0.5476     0.6183     0.2644     0.1350     0.3639    -0.2359     0.9789    -0.9140    -0.2553    -0.0364     0.3971
cryp           -0.0985    -0.3586     0.4009     0.5395    -0.9980    -0.0321     0.9016     0.6740     0.6293     0.5395     0.7209     0.9016     0.5579    -0.0321     0.8834     0.7908    -0.6190     0.9239    -0.1337    -0.8061    -0.8161    -0.8161    -0.8124    -0.7750    -0.6530     0.5102    -0.8388    -0.6521    -0.5938     0.7190     0.3971     1.0000     0.5757    -0.0696     0.8203    -0.6677    -0.5275    -0.9314    -0.9912    -0.8727    -0.1816     0.6740    -0.3586    -0.9980     0.9016     0.5395     0.7209    -0.0321     0.6293     0.9239    -0.1337     0.8834    -0.7696     0.5757    -0.0696    -0.8161    -0.4062     1.0000
DC              0.5725     0.4087     0.9252     0.9985    -0.5548     0.4904     0.6517     0.9527     0.6825     0.9985     0.9752     0.6517     0.5673     0.4904     0.5173     0.4541    -0.2136     0.4376     0.0875    -0.2165    -0.4037    -0.4037    -0.4026    -0.3747    -0.0425     0.6282    -0.1799    -0.2502     0.0263     0.9293     0.9789     0.5757     1.0000    -0.8263     0.8416    -0.9927    -0.9979    -0.6504    -0.5432    -0.5602     0.1298     0.9527     0.4087    -0.5548     0.6517     0.9985     0.9752     0.4904     0.6825     0.4376     0.0875     0.5173    -0.3755     1.0000    -0.8263    -0.4037    -0.1116     0.5757
m              -0.8893    -0.8326    -0.8821    -0.8424     0.0616    -0.4086    -0.1581    -0.6451    -0.5803    -0.8424    -0.6813    -0.1581    -0.2283    -0.4086    -0.1232    -0.1275     0.0203    -0.0059    -0.2480    -0.1462     0.0695     0.0695     0.0706     0.0722    -0.2681    -0.2538    -0.1927     0.0355    -0.2860    -0.5831    -0.9140    -0.0696    -0.8263     1.0000    -0.5720     0.7547     0.8612     0.1108     0.0644     0.1619    -0.2483    -0.6451    -0.8326     0.0616    -0.1581    -0.8424    -0.6813    -0.4086    -0.5803    -0.0059    -0.2480    -0.1232     0.0789    -0.8263     1.0000     0.0695     0.1001    -0.0696
Lambda          0.4776     0.2346     0.7641     0.8221    -0.8264     0.0093     0.7237     0.7820     0.9079     0.8221     0.8692     0.7237     0.4700     0.0093     0.7623     0.7059    -0.5685     0.7603    -0.0099    -0.6399    -0.7122    -0.7122    -0.7095    -0.6860    -0.4757     0.3722    -0.6434    -0.5961    -0.4384     0.7809     0.7443     0.8203     0.8416    -0.5720     1.0000    -0.8745    -0.8255    -0.7195    -0.8266    -0.7553     0.0070     0.7820     0.2346    -0.8264     0.7237     0.8221     0.8692     0.0093     0.9079     0.7603    -0.0099     0.7623    -0.6868     0.8416    -0.5720    -0.7122    -0.5513     0.8203
gam            -0.4904    -0.3058    -0.8945    -0.9862     0.6469    -0.4603    -0.7283    -0.9703    -0.6952    -0.9862    -0.9938    -0.7283    -0.6084    -0.4603    -0.5932    -0.5206     0.2690    -0.5265    -0.0536     0.3047     0.4762     0.4762     0.4746     0.4426     0.1256    -0.6622     0.2740     0.3080     0.0514    -0.9563    -0.9474    -0.6677    -0.9927     0.7547    -0.8745     1.0000     0.9830     0.7351     0.6342     0.6327    -0.0914    -0.9703    -0.3058     0.6469    -0.7283    -0.9862    -0.9938    -0.4603    -0.6952    -0.5265    -0.0536    -0.5932     0.4421    -0.9927     0.7547     0.4762     0.1382    -0.6677
trs            -0.6194    -0.4650    -0.9368    -0.9984     0.5078    -0.4897    -0.6063    -0.9343    -0.6829    -0.9984    -0.9588    -0.6063    -0.5383    -0.4897    -0.4811    -0.4245     0.1951    -0.3956    -0.1076     0.1785     0.3724     0.3724     0.3714     0.3465     0.0074    -0.5962     0.1400     0.2298    -0.0568    -0.9060    -0.9890    -0.5275    -0.9979     0.8612    -0.8255     0.9830     1.0000     0.5997     0.4976     0.5243    -0.1458    -0.9343    -0.4650     0.5078    -0.6063    -0.9984    -0.9588    -0.4897    -0.6829    -0.3956    -0.1076    -0.4811     0.3479    -0.9979     0.8612     0.3724     0.1123    -0.5275
Lambda1         0.1835     0.4022    -0.4385    -0.6238     0.9067    -0.2923    -0.9359    -0.8065    -0.4387    -0.6238    -0.8019    -0.9359    -0.6977    -0.2923    -0.7627    -0.6496     0.3709    -0.7821     0.1780     0.6001     0.6378     0.6378     0.6344     0.5831     0.4569    -0.7500     0.5982     0.4151     0.3601    -0.8492    -0.4932    -0.9314    -0.6504     0.1108    -0.7195     0.7351     0.5997     1.0000     0.8839     0.7848     0.1215    -0.8065     0.4022     0.9067    -0.9359    -0.6238    -0.8019    -0.2923    -0.4387    -0.7821     0.1780    -0.7627     0.5751    -0.6504     0.1108     0.6378     0.0861    -0.9314
mu_cryp         0.0672     0.3329    -0.3818    -0.5049     0.9961     0.1173    -0.8749    -0.6210    -0.6654    -0.5049    -0.6807    -0.8749    -0.5084     0.1173    -0.9265    -0.8483     0.7156    -0.9589     0.0833     0.8535     0.8811     0.8811     0.8778     0.8476     0.6878    -0.4295     0.8858     0.7447     0.6417    -0.6664    -0.3645    -0.9912    -0.5432     0.0644    -0.8266     0.6342     0.4976     0.8839     1.0000     0.9090     0.1836    -0.6210     0.3329     0.9961    -0.8749    -0.5049    -0.6807     0.1173    -0.6654    -0.9589     0.0833    -0.9265     0.8431    -0.5432     0.0644     0.8811     0.4817    -0.9912
x_c             0.0021     0.2406    -0.3854    -0.5262     0.8758    -0.0072    -0.8184    -0.6207    -0.5799    -0.5262    -0.6646    -0.8184    -0.5543    -0.0072    -0.9941    -0.9664     0.8295    -0.9301    -0.1930     0.7551     0.9575     0.9575     0.9575     0.9401     0.5153    -0.4290     0.7589     0.8609     0.4719    -0.6617    -0.4137    -0.8727    -0.5602     0.1619    -0.7553     0.6327     0.5243     0.7848     0.9090     1.0000     0.1066    -0.6207     0.2406     0.8758    -0.8184    -0.5262    -0.6646    -0.0072    -0.5799    -0.9301    -0.1930    -0.9941     0.9368    -0.5602     0.1619     0.9575     0.3513    -0.8727
DE              0.2499     0.3017     0.1976     0.1508     0.1895     0.1755    -0.0906     0.0801     0.0141     0.1508     0.0711    -0.0906    -0.0554     0.1755    -0.1234    -0.1196     0.1102    -0.1542    -0.0270     0.1703     0.1268     0.1268     0.1254     0.1202     0.1628     0.0320     0.2734     0.1132     0.1661     0.0563     0.1891    -0.1816     0.1298    -0.2483     0.0070    -0.0914    -0.1458     0.1215     0.1836     0.1066     1.0000     0.0801     0.3017     0.1895    -0.0906     0.1508     0.0711     0.1755     0.0141    -0.1542    -0.0270    -0.1234     0.1179     0.1298    -0.2483     0.1268     0.1013    -0.1816
logY            0.3013     0.1368     0.8297     0.9487    -0.6418     0.6095     0.7975     1.0000     0.5226     0.9487     0.9850     0.7975     0.6603     0.6095     0.5672     0.4693    -0.1783     0.4878     0.0495    -0.2296    -0.4215    -0.4215    -0.4197    -0.3824    -0.0434     0.8194    -0.2078    -0.2214     0.0463     0.9965     0.8976     0.6740     0.9527    -0.6451     0.7820    -0.9703    -0.9343    -0.8065    -0.6210    -0.6207     0.0801     1.0000     0.1368    -0.6418     0.7975     0.9487     0.9850     0.6095     0.5226     0.4878     0.0495     0.5672    -0.3803     0.9527    -0.6451    -0.4215     0.0611     0.6740
logPi           0.9616     1.0000     0.5642     0.4349     0.3462     0.0625    -0.3601     0.1368     0.4298     0.4349     0.2042    -0.3601    -0.1513     0.0625    -0.2482    -0.1744     0.1203    -0.3138     0.1866     0.3068     0.2159     0.2159     0.2137     0.1914     0.3071    -0.2722     0.3731     0.1296     0.2728     0.0580     0.5552    -0.3586     0.4087    -0.8326     0.2346    -0.3058    -0.4650     0.4022     0.3329     0.2406     0.3017     0.1368     1.0000     0.3462    -0.3601     0.4349     0.2042     0.0625     0.4298    -0.3138     0.1866    -0.2482     0.1818     0.4087    -0.8326     0.2159    -0.2246    -0.3586
logR            0.0824     0.3462    -0.3889    -0.5175     1.0000     0.0877    -0.8832    -0.6418    -0.6535    -0.5175    -0.6969    -0.8832    -0.5260     0.0877    -0.8920    -0.8043     0.6533    -0.9356     0.1241     0.8305     0.8356     0.8356     0.8319     0.7974     0.6778    -0.4617     0.8688     0.6840     0.6259    -0.6866    -0.3751    -0.9980    -0.5548     0.0616    -0.8264     0.6469     0.5078     0.9067     0.9961     0.8758     0.1895    -0.6418     0.3462     1.0000    -0.8832    -0.5175    -0.6969     0.0877    -0.6535    -0.9356     0.1241    -0.8920     0.7925    -0.5548     0.0616     0.8356     0.4559    -0.9980
logI           -0.1478    -0.3601     0.5444     0.6280    -0.8832     0.2853     1.0000     0.7975     0.4495     0.6280     0.7849     1.0000     0.4690     0.2853     0.8040     0.6497    -0.5024     0.7767    -0.0652    -0.5863    -0.7075    -0.7075    -0.7042    -0.6771    -0.3871     0.7880    -0.5958    -0.5304    -0.3271     0.8401     0.5032     0.9016     0.6517    -0.1581     0.7237    -0.7283    -0.6063    -0.9359    -0.8749    -0.8184    -0.0906     0.7975    -0.3601    -0.8832     1.0000     0.6280     0.7849     0.2853     0.4495     0.7767    -0.0652     0.8040    -0.6737     0.6517    -0.1581    -0.7075    -0.0971     0.9016
logL            0.5872     0.4349     0.9327     1.0000    -0.5175     0.5171     0.6280     0.9487     0.6608     1.0000     0.9670     0.6280     0.5532     0.5171     0.4808     0.4175    -0.1783     0.3963     0.0942    -0.1732    -0.3656    -0.3656    -0.3645    -0.3377    -0.0021     0.6308    -0.1343    -0.2141     0.0660     0.9225     0.9859     0.5395     0.9985    -0.8424     0.8221    -0.9862    -0.9984    -0.6238    -0.5049    -0.5262     0.1508     0.9487     0.4349    -0.5175     0.6280     1.0000     0.9670     0.5171     0.6608     0.3963     0.0942     0.4808    -0.3387     0.9985    -0.8424    -0.3656    -0.0816     0.5395
logC            0.3948     0.2042     0.8561     0.9670    -0.6969     0.4769     0.7849     0.9850     0.6592     0.9670     1.0000     0.7849     0.6476     0.4769     0.6240     0.5401    -0.2697     0.5665     0.0163    -0.3388    -0.4975    -0.4975    -0.4955    -0.4587    -0.1605     0.7168    -0.3095    -0.3112    -0.0781     0.9788     0.9134     0.7209     0.9752    -0.6813     0.8692    -0.9938    -0.9588    -0.8019    -0.6807    -0.6646     0.0711     0.9850     0.2042    -0.6969     0.7849     0.9670     1.0000     0.4769     0.6592     0.5665     0.0163     0.6240    -0.4570     0.9752    -0.6813    -0.4975    -0.1058     0.7209
logEX          -0.0008     0.0625     0.4057     0.5171     0.0877     1.0000     0.2853     0.6095    -0.3008     0.5171     0.4769     0.2853     0.4600     1.0000    -0.0934    -0.1536     0.4465    -0.2597     0.2598     0.5455     0.2611     0.2611     0.2599     0.2821     0.6636     0.7938     0.5478     0.4125     0.7495     0.5937     0.5476    -0.0321     0.4904    -0.4086     0.0093    -0.4603    -0.4897    -0.2923     0.1173    -0.0072     0.1755     0.6095     0.0625     0.0877     0.2853     0.5171     0.4769     1.0000    -0.3008    -0.2597     0.2598    -0.0934     0.2843     0.4904    -0.4086     0.2611     0.8109    -0.0321
logM            0.6550     0.4298     0.6834     0.6608    -0.6535    -0.3008     0.4495     0.5226     1.0000     0.6608     0.6592     0.4495     0.2130    -0.3008     0.6176     0.5999    -0.5902     0.6692    -0.1228    -0.6714    -0.6363    -0.6363    -0.6340    -0.6237    -0.5843     0.0067    -0.6300    -0.6003    -0.5837     0.5071     0.6183     0.6293     0.6825    -0.5803     0.9079    -0.6952    -0.6829    -0.4387    -0.6654    -0.5799     0.0141     0.5226     0.4298    -0.6535     0.4495     0.6608     0.6592    -0.3008     1.0000     0.6692    -0.1228     0.6176    -0.6268     0.6825    -0.5803    -0.6363    -0.8020     0.6293
logD           -0.0538    -0.3138     0.2817     0.3963    -0.9356    -0.2597     0.7767     0.4878     0.6692     0.3963     0.5665     0.7767     0.4440    -0.2597     0.9565     0.9139    -0.8305     1.0000    -0.1176    -0.9375    -0.9490    -0.9490    -0.9472    -0.9223    -0.7891     0.2663    -0.9053    -0.8544    -0.7521     0.5353     0.2644     0.9239     0.4376    -0.0059     0.7603    -0.5265    -0.3956    -0.7821    -0.9589    -0.9301    -0.1542     0.4878    -0.3138    -0.9356     0.7767     0.3963     0.5665    -0.2597     0.6692     1.0000    -0.1176     0.9565    -0.9175     0.4376    -0.0059    -0.9490    -0.5733     0.9239
logD_star       0.1573     0.1866     0.0542     0.0942     0.1241     0.2598    -0.0652     0.0495    -0.1228     0.0942     0.0163    -0.0652     0.1238     0.2598     0.1483     0.2453    -0.2202    -0.1176     1.0000     0.3301    -0.1444    -0.1444    -0.1489    -0.1877     0.5738     0.0276     0.1108    -0.2270     0.5367     0.0360     0.1350    -0.1337     0.0875    -0.2480    -0.0099    -0.0536    -0.1076     0.1780     0.0833    -0.1930    -0.0270     0.0495     0.1866     0.1241    -0.0652     0.0942     0.0163     0.2598    -0.1228    -0.1176     1.0000     0.1483    -0.1944     0.0875    -0.2480    -0.1444     0.2381    -0.1337
logN           -0.0021    -0.2482     0.3609     0.4808    -0.8920    -0.0934     0.8040     0.5672     0.6176     0.4808     0.6240     0.8040     0.4891    -0.0934     1.0000     0.9692    -0.8703     0.9565     0.1483    -0.8134    -0.9801    -0.9801    -0.9797    -0.9651    -0.5870     0.3620    -0.8173    -0.8971    -0.5538     0.6099     0.3639     0.8834     0.5173    -0.1232     0.7623    -0.5932    -0.4811    -0.7627    -0.9265    -0.9941    -0.1234     0.5672    -0.2482    -0.8920     0.8040     0.4808     0.6240    -0.0934     0.6176     0.9565     0.1483     1.0000    -0.9622     0.5173    -0.1232    -0.9801    -0.4374     0.8834
spread         -0.0481     0.1818    -0.2907    -0.3387     0.7925     0.2843    -0.6737    -0.3803    -0.6268    -0.3387    -0.4570    -0.6737    -0.2657     0.2843    -0.9622    -0.9461     0.9711    -0.9175    -0.1944     0.8311     0.9952     0.9952     0.9954     0.9999     0.6111    -0.1590     0.8348     0.9821     0.6157    -0.4200    -0.2359    -0.7696    -0.3755     0.0789    -0.6868     0.4421     0.3479     0.5751     0.8431     0.9368     0.1179    -0.3803     0.1818     0.7925    -0.6737    -0.3387    -0.4570     0.2843    -0.6268    -0.9175    -0.1944    -0.9622     1.0000    -0.3755     0.0789     0.9952     0.5627    -0.7696
logDC           0.5725     0.4087     0.9252     0.9985    -0.5548     0.4904     0.6517     0.9527     0.6825     0.9985     0.9752     0.6517     0.5673     0.4904     0.5173     0.4541    -0.2136     0.4376     0.0875    -0.2165    -0.4037    -0.4037    -0.4026    -0.3747    -0.0425     0.6282    -0.1799    -0.2502     0.0263     0.9293     0.9789     0.5757     1.0000    -0.8263     0.8416    -0.9927    -0.9979    -0.6504    -0.5432    -0.5602     0.1298     0.9527     0.4087    -0.5548     0.6517     0.9985     0.9752     0.4904     0.6825     0.4376     0.0875     0.5173    -0.3755     1.0000    -0.8263    -0.4037    -0.1116     0.5757
logm           -0.8893    -0.8326    -0.8821    -0.8424     0.0616    -0.4086    -0.1581    -0.6451    -0.5803    -0.8424    -0.6813    -0.1581    -0.2283    -0.4086    -0.1232    -0.1275     0.0203    -0.0059    -0.2480    -0.1462     0.0695     0.0695     0.0706     0.0722    -0.2681    -0.2538    -0.1927     0.0355    -0.2860    -0.5831    -0.9140    -0.0696    -0.8263     1.0000    -0.5720     0.7547     0.8612     0.1108     0.0644     0.1619    -0.2483    -0.6451    -0.8326     0.0616    -0.1581    -0.8424    -0.6813    -0.4086    -0.5803    -0.0059    -0.2480    -0.1232     0.0789    -0.8263     1.0000     0.0695     0.1001    -0.0696
leverage       -0.0235     0.2159    -0.2903    -0.3656     0.8356     0.2611    -0.7075    -0.4215    -0.6363    -0.3656    -0.4975    -0.7075    -0.3396     0.2611    -0.9801    -0.9628     0.9485    -0.9490    -0.1444     0.8575     1.0000     1.0000     1.0000     0.9965     0.6464    -0.1965     0.8539     0.9646     0.6379    -0.4635    -0.2553    -0.8161    -0.4037     0.0695    -0.7122     0.4762     0.3724     0.6378     0.8811     0.9575     0.1268    -0.4215     0.2159     0.8356    -0.7075    -0.3656    -0.4975     0.2611    -0.6363    -0.9490    -0.1444    -0.9801     0.9952    -0.4037     0.0695     1.0000     0.5540    -0.8161
TB             -0.4024    -0.2246    -0.1653    -0.0816     0.4559     0.8109    -0.0971     0.0611    -0.8020    -0.0816    -0.1058    -0.0971     0.1574     0.8109    -0.4374    -0.4643     0.6418    -0.5733     0.2381     0.7536     0.5540     0.5540     0.5518     0.5594     0.7742     0.4931     0.7296     0.6267     0.8276     0.0607    -0.0364    -0.4062    -0.1116     0.1001    -0.5513     0.1382     0.1123     0.0861     0.4817     0.3513     0.1013     0.0611    -0.2246     0.4559    -0.0971    -0.0816    -0.1058     0.8109    -0.8020    -0.5733     0.2381    -0.4374     0.5627    -0.1116     0.1001     0.5540     1.0000    -0.4062
logcryp        -0.0985    -0.3586     0.4009     0.5395    -0.9980    -0.0321     0.9016     0.6740     0.6293     0.5395     0.7209     0.9016     0.5579    -0.0321     0.8834     0.7908    -0.6190     0.9239    -0.1337    -0.8061    -0.8161    -0.8161    -0.8124    -0.7750    -0.6530     0.5102    -0.8388    -0.6521    -0.5938     0.7190     0.3971     1.0000     0.5757    -0.0696     0.8203    -0.6677    -0.5275    -0.9314    -0.9912    -0.8727    -0.1816     0.6740    -0.3586    -0.9980     0.9016     0.5395     0.7209    -0.0321     0.6293     0.9239    -0.1337     0.8834    -0.7696     0.5757    -0.0696    -0.8161    -0.4062     1.0000



COEFFICIENTS OF AUTOCORRELATION
Order              1        2        3        4        5
mc            0.2905   0.0514   0.0056   0.0026   0.0040
Pi            0.3452   0.1504   0.1115   0.1030   0.0970
Z             0.5428   0.3649   0.3109   0.2866   0.2668
w             0.6606   0.5269   0.4848   0.4644   0.4473
R             0.9225   0.8507   0.7857   0.7267   0.6731
epsilon       0.9462   0.8963   0.8501   0.8073   0.7676
Q             0.9316   0.8639   0.8009   0.7426   0.6887
Y             0.8573   0.7839   0.7446   0.7147   0.6870
M             0.5722   0.3965   0.3358   0.3044   0.2789
L             0.6606   0.5269   0.4848   0.4644   0.4473
C             0.7990   0.7050   0.6633   0.6354   0.6103
I             0.9316   0.8639   0.8009   0.7426   0.6887
K             0.9992   0.9969   0.9934   0.9886   0.9827
EX            0.9462   0.8963   0.8501   0.8073   0.7676
N             0.9306   0.8671   0.8086   0.7547   0.7050
K_b           0.9445   0.8922   0.8436   0.7982   0.7560
K_h           0.9236   0.8523   0.7866   0.7260   0.6702
D             0.9313   0.8681   0.8101   0.7567   0.7076
D_star        0.9917   0.9788   0.9652   0.9515   0.9378
x             0.9334   0.8723   0.8161   0.7646   0.7173
psi           0.9244   0.8550   0.7911   0.7324   0.6783
phi           0.9244   0.8550   0.7911   0.7324   0.6783
upsilon       0.9250   0.8560   0.7925   0.7340   0.6801
mu            0.9221   0.8505   0.7847   0.7242   0.6685
mu_star       0.9541   0.9120   0.8729   0.8366   0.8029
A             0.9500   0.9025   0.8574   0.8145   0.7738
R_star        0.9000   0.8100   0.7290   0.6561   0.5905
chi_h         0.9244   0.8540   0.7889   0.7290   0.6737
chi_b         0.9484   0.9007   0.8567   0.8161   0.7787
Ynet          0.8900   0.8263   0.7867   0.7543   0.7241
R_dc          0.6211   0.4492   0.3981   0.3792   0.3654
cryp          0.9286   0.8610   0.7994   0.7434   0.6923
DC            0.6882   0.5476   0.5007   0.4785   0.4604
m             0.4594   0.2050   0.1399   0.1271   0.1226
Lambda        0.6303   0.5352   0.4958   0.4629   0.4313
gam           0.7456   0.6245   0.5783   0.5526   0.5306
trs           0.6552   0.5001   0.4513   0.4307   0.4146
Lambda1       0.9570   0.9129   0.8713   0.8323   0.7958
mu_cryp       0.9204   0.8479   0.7822   0.7226   0.6683
x_c           0.9381   0.8809   0.8278   0.7787   0.7331
DE           -0.0340  -0.0245  -0.0211  -0.0189  -0.0170
logY          0.8573   0.7839   0.7446   0.7147   0.6870
logPi         0.3452   0.1504   0.1115   0.1030   0.0970
logR          0.9225   0.8507   0.7857   0.7267   0.6731
logI          0.9316   0.8639   0.8009   0.7426   0.6887
logL          0.6606   0.5269   0.4848   0.4644   0.4473
logC          0.7990   0.7050   0.6633   0.6354   0.6103
logEX         0.9462   0.8963   0.8501   0.8073   0.7676
logM          0.5722   0.3965   0.3358   0.3044   0.2789
logD          0.9313   0.8681   0.8101   0.7567   0.7076
logD_star     0.9917   0.9788   0.9652   0.9515   0.9378
logN          0.9306   0.8671   0.8086   0.7547   0.7050
spread        0.9208   0.8487   0.7825   0.7216   0.6656
logDC         0.6882   0.5476   0.5007   0.4785   0.4604
logm          0.4594   0.2050   0.1399   0.1271   0.1226
leverage      0.9244   0.8550   0.7911   0.7324   0.6783
TB            0.7969   0.6900   0.6299   0.5841   0.5437
logcryp       0.9286   0.8610   0.7994   0.7434   0.6923
Total computing time : 0h00m01s
Note: warning(s) encountered in MATLAB/Octave code
