Starting Dynare (version 5.2).
Calling Dynare with arguments: none
Starting preprocessing of the model file ...
Found 64 equation(s).
Evaluating expressions...done
Computing static model derivatives (order 1).
Computing dynamic model derivatives (order 1).
Processing outputs ...
done
Preprocessing completed.


STEADY-STATE RESULTS:

mc        		 0.888889
Pi        		 1
Z         		 0.039703
w         		 5.04492
R         		 1.015
epsilon   		 1.04869
Q         		 1
Y         		 2.86082
M         		 0.436479
L         		 0.262112
C         		 1.94469
I         		 0.384296
K         		 19.2148
EX        		 0.508033
N         		 3.6831
K_b       		 14.6954
K_h       		 4.51938
D         		 5.64143
D_star    		 4.2521
x         		 0.303437
psi       		 1.59998
phi       		 3.98997
upsilon   		 1.56398
mu        		 0.00724668
mu_star   		 0.00573106
A         		 1
R_star    		 1.01128
Y_star    		 0.484446
Phi       		 0
Theta     		 0.401
chi_h     		 0.0104702
chi_b     		 0.0133277
Ynet      		 2.37929
P_c       		 1
R_dc      		 1
theta_c   		 1
cryp      		 0.9251
DC        		 0
m         		 1.94469
R_c       		 1
Lambda    		 0.985222
gam       		 0.183429
trs       		 1
Lambda1   		 0.865953
sigma_Rc  		 0
mu_cryp   		 0.023113
x_c       		 0.0629515
DE        		 1
logY      		 1.05111
logPi     		 0
logR      		 0.0148886
logI      		 -0.956342
logL      		 -1.33898
logC      		 0.665104
logEX     		 -0.677209
logM      		 -0.829014
logD      		 1.73014
logD_star 		 1.44741
logN      		 1.30375
spread    		 0.004703
logm      		 0.665104
leverage  		 1.38378
TB        		 0.0715536
logcryp   		 -0.0778539

EIGENVALUES:
         Modulus             Real        Imaginary

       4.983e-15        4.983e-15                0
        5.11e-15        -5.11e-15                0
       2.334e-14       -2.334e-14                0
       1.787e-09        1.004e-14        1.787e-09
       1.787e-09        1.004e-14       -1.787e-09
          0.4619           0.4619                0
             0.9              0.9                0
             0.9              0.9                0
          0.9363           0.9363                0
            0.95             0.95                0
            0.95             0.95                0
            0.95             0.95                0
          0.9756           0.9756                0
          0.9849           0.9849                0
           1.025            1.025                0
           1.042            1.042                0
           1.071            1.071                0
           1.188            1.188                0
           1.535            1.535                0
       4.146e+16       -4.146e+16                0
       4.542e+19        4.542e+19                0


There are 7 eigenvalue(s) larger than 1 in modulus 
for 7 forward-looking variable(s)

The rank condition is verified.

MODEL_DIAGNOSTICS:  The Jacobian of the static model is singular
MODEL_DIAGNOSTICS:  there is 2 colinear relationships between the variables and the equations
Relation 1
Colinear variables:
Z
w
epsilon
Y
M
L
C
I
K
EX
N
K_b
K_h
D
D_star
x
psi
phi
upsilon
mu
mu_star
R_star
Y_star
chi_h
chi_b
Ynet
cryp
m
gam
Lambda1
mu_cryp
x_c
logY
logI
logL
logC
logEX
logM
logD
logD_star
logN
spread
logm
leverage
TB
logcryp
Relation 2
Colinear variables:
Z
w
epsilon
Y
M
L
C
I
K
EX
N
K_b
K_h
D
D_star
x
psi
phi
upsilon
mu
mu_star
R_star
Y_star
chi_h
chi_b
Ynet
cryp
m
gam
Lambda1
mu_cryp
x_c
logY
logI
logL
logC
logEX
logM
logD
logD_star
logN
spread
logm
leverage
TB
logcryp
Relation 1
Colinear equations
    46    47

Relation 2
Colinear equations
    46    47

MODEL_DIAGNOSTICS:  The presence of a singularity problem typically indicates that there is one
MODEL_DIAGNOSTICS:  redundant equation entered in the model block, while another non-redundant equation
MODEL_DIAGNOSTICS:  is missing. The problem often derives from Walras Law.

MODEL SUMMARY

  Number of variables:         64
  Number of stochastic shocks: 6
  Number of state variables:   14
  Number of jumpers:           7
  Number of static variables:  44


MATRIX OF COVARIANCE OF EXOGENOUS SHOCKS
Variables               varepsilon_R      varepsilon_A  varepsilon_Rstar  varepsilon_Ystar            eps_Rc               vol
varepsilon_R                0.000006          0.000000          0.000000          0.000000          0.000000          0.000000
varepsilon_A                0.000000          0.000100          0.000000          0.000000          0.000000          0.000000
varepsilon_Rstar            0.000000          0.000000          0.000006          0.000000          0.000000          0.000000
varepsilon_Ystar            0.000000          0.000000          0.000000          0.000000          0.000000          0.000000
eps_Rc                      0.000000          0.000000          0.000000          0.000000          0.000000          0.000000
vol                         0.000000          0.000000          0.000000          0.000000          0.000000          0.000000

POLICY AND TRANSITION FUNCTIONS
                                  mc              Pi               Z               w               R         epsilon               Q               Y               M               L               C               I               K              EX               N             K_b             K_h               D          D_star               x             psi             phi         upsilon              mu         mu_star               A          R_star          Y_star             Phi           Theta           chi_h           chi_b            Ynet             P_c            R_dc         theta_c            cryp              DC               m             R_c          Lambda             gam             trs         Lambda1        sigma_Rc         mu_cryp             x_c              DE            logY           logPi            logR            logI            logL            logC           logEX            logM            logD       logD_star            logN          spread            logm        leverage              TB         logcryp
Constant                    0.888889        1.000000        0.039703        5.044917        1.015000        1.048689        1.000000        2.860820        0.436479        0.262112        1.944693        0.384296       19.214806        0.508033        3.683096       14.695431        4.519376        5.641431        4.252101        0.303437        1.599977        3.989966        1.563978        0.007247        0.005731        1.000000        1.011281        0.484446               0        0.401000        0.010470        0.013328        2.379291        1.000000        1.000000        1.000000        0.925100               0        1.944693        1.000000        0.985222        0.183429        1.000000        0.865953               0        0.023113        0.062952        1.000000        1.051108               0        0.014889       -0.956342       -1.338982        0.665104       -0.677209       -0.829014        1.730138        1.447414        1.303754        0.004703        0.665104        1.383783        0.071554       -0.077854
R(-1)                      -2.782506       -0.988961       -0.260487       -8.274785        0.334043       -1.801044       -2.146655       -9.814246       -2.114073       -1.289767       -8.017167       -1.237427       -1.237427       -0.872508      -37.068982      -62.871840       61.634413      -46.418881       -2.114073        1.277581        5.823345       14.522057        5.001555        0.138026       -0.000163               0               0               0               0               0        0.286257        0.026599       -7.123977               0               0               0       -1.028168               0       -8.017167               0       -0.776063        0.476091               0        1.187162               0        0.581022        0.334497       -2.706385       -3.430571       -0.988961        0.329106       -3.219982       -4.920667       -4.122587       -1.717424       -4.843465       -8.228211       -0.497183      -10.064624        0.078242       -4.122587        3.639644        1.241565       -1.111413
K(-1)                      -0.010227       -0.004133       -0.002040        0.000829       -0.000216        0.022284       -0.022239        0.034796       -0.008988        0.000129        0.029184       -0.012819        0.967181        0.010795       -0.442624       -0.518897        1.486078       -0.489075       -0.008988        0.023269        0.100203        0.249884        0.087474        0.002585        0.000187               0               0               0               0               0        0.006359        0.001277        0.026859               0               0               0        0.001940               0        0.029184               0       -0.001949       -0.005612               0       -0.025807               0        0.000965        0.003755        0.017117        0.012163       -0.004133       -0.000213       -0.033358        0.000493        0.015007        0.021249       -0.020592       -0.086693       -0.002114       -0.120177        0.001424        0.015007        0.062628        0.019783        0.002097
K_b(-1)                     0.001343        0.000489        0.000132        0.004204        0.000205        0.000450        0.024644        0.005215        0.001268        0.000655        0.005786        0.014206        0.014206        0.000218        1.297301        2.661167       -2.646961        1.720527        0.001268       -0.062206       -0.234395       -0.584527       -0.206354       -0.005384       -0.000862               0               0               0               0               0       -0.012272       -0.002723        0.018684               0               0               0       -0.000472               0        0.005786               0        0.000031       -0.000364               0       -0.002367               0       -0.002739       -0.012983        0.000918        0.001823        0.000489        0.000202        0.036966        0.002500        0.002975        0.000429        0.002905        0.304981        0.000298        0.352231       -0.002874        0.002975       -0.146499       -0.001050       -0.000511
D(-1)                      -0.001337       -0.000486       -0.000132       -0.004185       -0.000204       -0.000448       -0.024530       -0.005191       -0.001262       -0.000652       -0.005760       -0.014140       -0.014140       -0.000217       -1.291318       -2.648893        2.634753       -1.712591       -0.001262        0.061919        0.233314        0.581831        0.205402        0.005360        0.000858               0               0               0               0               0        0.012216        0.002710       -0.018598               0               0               0        0.000470               0       -0.005760               0       -0.000031        0.000362               0        0.002356               0        0.002726        0.012923       -0.000913       -0.001814       -0.000486       -0.000201       -0.036795       -0.002489       -0.002962       -0.000427       -0.002891       -0.303574       -0.000297       -0.350607        0.002861       -0.002962        0.145824        0.001045        0.000508
D_star(-1)                 -0.007023       -0.001531       -0.001413       -0.044884        0.001945        0.043120       -0.056885       -0.079205       -0.033480       -0.006996       -0.095831       -0.032791       -0.032791        0.020889       -1.975296       -3.732305        3.699514       -3.781975        0.977800        0.176581        0.360717        0.899543        0.316873        0.007825        0.003744               0               0               0               0               0        0.017160        0.011369       -0.091443               0               0               0       -0.008380               0       -0.095831               0       -0.002063        0.012732               0        0.053932               0        0.007635        0.018999        0.039587       -0.027686       -0.001531        0.001916       -0.085328       -0.026690       -0.049278        0.041118       -0.076705       -0.670393        0.229957       -0.536314        0.004135       -0.049278        0.225451        0.054370       -0.009059
A(-1)                      -0.549270       -0.217996        0.011122        0.353309       -0.008059        1.232881        0.938860        2.569187       -0.390871        0.055069        1.440604        0.541201        0.541201        0.597264        6.597601        5.138280       -4.597079        7.439980       -0.390871       -0.062143       -0.804480       -2.006184       -0.708675       -0.017663        0.001659        0.950000               0               0               0               0       -0.021595        0.011714        2.450843               0               0               0        0.076937               0        1.440604               0       -0.104141       -0.228292               0       -1.052167               0       -0.022708       -0.075878        0.957644        0.898059       -0.217996       -0.007940        1.408290        0.210098        0.740787        1.175640       -0.895509        1.318811       -0.091924        1.791319       -0.008835        0.740787       -0.502807        0.988135        0.083167
R_star(-1)                  0.851353        0.555420       -0.009853       -0.313004        0.563102        6.201755       -4.068251       -3.449995       -2.689582       -0.048787       -5.086465       -2.345119       -2.345119        3.004414      -81.342291     -138.096496      135.751377     -142.361702        1.562519        5.991895       13.791493       34.392750       11.950830        0.303413        0.102246               0        0.900000               0               0               0        0.630281        0.346894       -4.313573               0               0               0       -1.839388               0       -5.086465               0       -0.155508        1.244164               0        4.086025               0        1.031455        0.722506        6.469237       -1.205946        0.555420        0.554780       -6.102376       -0.186131       -2.615562        5.913816       -6.161990      -25.235034        0.367470      -22.085300        0.161716       -2.615562        8.619809        5.693996       -1.988313
Y_star(-1)                  0.252063        0.090183        0.033875        1.076088        0.004767       -0.485355        0.128111        1.629623        0.574418        0.167727        0.910273        0.073849        0.073849        0.708692        4.741684        8.556802       -8.482953        8.089844       -0.325582       -0.379228       -0.923235       -2.302331       -0.821911       -0.018367       -0.008502               0               0        0.900000               0               0       -0.039346       -0.023845        1.302275               0               0               0       -0.010708               0        0.910273               0        0.036897       -0.009694               0       -0.060899               0       -0.004910       -0.045449       -0.372638        0.569635        0.090183        0.004697        0.192167        0.639904        0.468081        1.394973        1.316026        1.434006       -0.076570        1.287418       -0.009624        0.468081       -0.577030        0.134274       -0.011575
P_c(-1)                    -0.010178       -0.001393       -0.000756       -0.024019       -0.001612       -0.019000        0.024820       -0.021726       -0.000405       -0.003744       -0.012924        0.014307        0.014307       -0.009204        0.395682        2.372858       -2.358551        5.355656       -0.000405       -0.062053        0.126170        0.314638       -0.184160       -0.004820       -0.033916               0               0               0               0               0       -0.010936       -0.002968        0.000896               0               0               0       -2.935493               0       -0.012924       -1.000000        0.002137       -0.002042               0       -0.004524               0        1.535696       -0.211483       -0.019510       -0.007594       -0.001393       -0.001589        0.037230       -0.014283       -0.006646       -0.018117       -0.000927        0.949344       -0.000095        0.107432       -0.002585       -0.006646        0.078857       -0.008800       -3.173165
theta_c(-1)                -0.001744       -0.000200       -0.000156       -0.004946       -0.000167       -0.001610        0.000221       -0.005604       -0.001041       -0.000771       -0.004010        0.000128        0.000128       -0.000780        0.006106        0.160850       -0.160723        0.619240       -0.001041       -0.003929        0.015214        0.037940       -0.033964       -0.000417       -0.005232               0               0               0               0               0       -0.000745       -0.000196       -0.002868       -0.154393               0        0.950000       -0.453504               0       -0.004010       -0.154393        0.000298       -0.000069               0        0.000203               0        0.237144       -0.031563       -0.001735       -0.001959       -0.000200       -0.000164        0.000332       -0.002941       -0.002062       -0.001535       -0.002386        0.109767       -0.000245        0.001658       -0.000170       -0.002062        0.009509        0.000261       -0.490222
cryp(-1)                   -0.001317       -0.000479       -0.000130       -0.004123       -0.000201       -0.000441       -0.024168       -0.005114       -0.001243       -0.000643       -0.005674       -0.013931       -0.013931       -0.000214       -1.272235       -2.609747        2.595816       -1.687282       -0.001243        0.061004        0.229866        0.573232        0.202367        0.005280        0.000845               0               0               0               0               0        0.012035        0.002670       -0.018323               0               0               0        0.000463               0       -0.005674               0       -0.000030        0.000357               0        0.002322               0        0.002686        0.012732       -0.000900       -0.001788       -0.000479       -0.000198       -0.036252       -0.002452       -0.002918       -0.000421       -0.002848       -0.299088       -0.000292       -0.345425        0.002818       -0.002918        0.143668        0.001030        0.000501
R_c(-1)                    -0.001218       -0.000443       -0.000120       -0.003814       -0.000186       -0.000408       -0.022358       -0.004731       -0.001150       -0.000595       -0.005249       -0.012888       -0.012888       -0.000198       -1.176944       -2.414276        2.401388       -1.560904       -0.001150        0.056435        0.212649        0.530297        0.187209        0.004885        0.000782               0               0               0               0               0        0.011134        0.002470       -0.016951               0               0               0        0.000429               0       -0.005249               0       -0.000028        0.000330               0        0.002148               0        0.002485        0.011779       -0.000832       -0.001654       -0.000443       -0.000183       -0.033536       -0.002268       -0.002699       -0.000389       -0.002635       -0.276686       -0.000270       -0.319553        0.002607       -0.002699        0.132908        0.000953        0.000463
sigma_Rc(-1)                       0               0               0               0               0               0               0               0               0               0               0               0               0               0               0               0               0               0               0               0               0               0               0               0               0               0               0               0               0               0               0               0               0               0               0               0               0               0               0               0               0               0               0               0        0.950000               0               0               0               0               0               0               0               0               0               0               0               0               0               0               0               0               0               0               0
epsilon(-1)                 0.201445        0.071593        0.018856        0.598983       -0.024331        0.130558        0.145930        0.710328        0.152953        0.093362        0.579647        0.084120        0.084120        0.063248        2.169862        3.495176       -3.411055        2.678608        0.152953       -0.067758       -0.328587       -0.819418       -0.280194       -0.007857        0.000358               0               0               0               0               0       -0.015851       -0.000837        0.509630               0               0               0        0.074825               0        0.579647               0        0.056323       -0.034414               0       -0.085226               0       -0.041077       -0.019067       -0.757482        0.248295        0.071593       -0.023971        0.218895        0.356190        0.298066        0.124497        0.350424        0.474810        0.035971        0.589141       -0.004525        0.298066       -0.205370       -0.089704        0.080883
varepsilon_R               -3.520879       -1.251314       -0.329564      -10.469122        0.425253       -2.281918       -2.550586      -12.415219       -2.673331       -1.631792      -10.131165       -1.470270       -1.470270       -1.105465      -37.925169      -61.089211       59.618940      -46.817123       -2.673331        1.184291        5.743087       14.321912        4.897271        0.137326       -0.006257               0               0               0               0               0        0.277045        0.014637       -8.907398               0               0               0       -1.307803               0      -10.131165               0       -0.984414        0.601486               0        1.489595               0        0.717947        0.333260       -3.427286       -4.339741       -1.251314        0.418969       -3.825879       -6.225547       -5.209647       -2.175972       -6.124758       -8.298803       -0.628708      -10.297088        0.079096       -5.209647        3.589482        1.567866       -1.413689
varepsilon_A               -0.578179       -0.229469        0.011707        0.371905       -0.008483        1.297769        0.988274        2.704407       -0.411443        0.057968        1.516425        0.569685        0.569685        0.628699        6.944843        5.408716       -4.839031        7.831558       -0.411443       -0.065413       -0.846821       -2.111773       -0.745973       -0.018592        0.001746        1.000000               0               0               0               0       -0.022732        0.012330        2.579835               0               0               0        0.080987               0        1.516425               0       -0.109622       -0.240308               0       -1.107544               0       -0.023903       -0.079872        1.008047        0.945326       -0.229469       -0.008358        1.482411        0.221156        0.779776        1.237516       -0.942641        1.388222       -0.096762        1.885599       -0.009300        0.779776       -0.529271        1.040142        0.087544
varepsilon_Rstar            0.978760        0.624286       -0.004347       -0.138093        0.616584        6.689388       -4.254518       -3.463296       -2.832010       -0.021524       -5.203919       -2.452492       -2.452492        3.240646      -81.152025     -136.003764      133.551272     -140.510832       -2.832010        5.832700       13.638664       34.011630       11.798315        0.300569        0.096116               0        1.000000               0               0               0        0.620145        0.332325       -4.365648               0               0               0       -2.004612               0       -5.203919               0       -0.163150        1.322924               0        4.288066               0        1.110391        0.714024        7.003096       -1.210595        0.624286        0.607472       -6.381777       -0.082118       -2.675959        6.378810       -6.488300      -24.906949       -0.666026      -22.033641        0.160365       -2.675959        8.524290        6.072656       -2.166915
varepsilon_Ystar            0.280070        0.100203        0.037639        1.195653        0.005297       -0.539283        0.142346        1.810692        0.638243        0.186363        1.011415        0.082055        0.082055        0.787436        5.268538        9.507558       -9.425504        8.988715       -0.361757       -0.421365       -1.025816       -2.558145       -0.913234       -0.020407       -0.009446               0               0        1.000000               0               0       -0.043718       -0.026495        1.446973               0               0               0       -0.011898               0        1.011415               0        0.040996       -0.010771               0       -0.067665               0       -0.005455       -0.050498       -0.414042        0.632928        0.100203        0.005218        0.213519        0.711005        0.520090        1.549970        1.462251        1.593340       -0.085077        1.430464       -0.010694        0.520090       -0.641145        0.149193       -0.012861
eps_Rc                             0               0               0               0               0               0               0               0               0               0               0               0               0               0               0               0               0               0               0               0               0               0               0               0               0               0               0               0               0               0               0               0               0               0               0               0               0               0               0               0               0               0               0               0        0.030000               0               0               0               0               0               0               0               0               0               0               0               0               0               0               0               0               0               0               0
vol                        -0.001836       -0.000211       -0.000164       -0.005206       -0.000175       -0.001695        0.000233       -0.005899       -0.001096       -0.000811       -0.004221        0.000134        0.000134       -0.000821        0.006427        0.169316       -0.169182        0.651832       -0.001096       -0.004135        0.016015        0.039937       -0.035752       -0.000439       -0.005508               0               0               0               0               0       -0.000784       -0.000207       -0.003019       -0.162519               0        1.000000       -0.477373               0       -0.004221       -0.162519        0.000314       -0.000073               0        0.000213               0        0.249625       -0.033224       -0.001827       -0.002062       -0.000211       -0.000173        0.000349       -0.003096       -0.002171       -0.001616       -0.002512        0.115544       -0.000258        0.001745       -0.000179       -0.002171        0.010009        0.000275       -0.516023


THEORETICAL MOMENTS
VARIABLE          MEAN  STD. DEV.   VARIANCE
mc              0.8889     0.0123     0.0002
Pi              1.0000     0.0053     0.0000
Z               0.0397     0.0019     0.0000
w               5.0449     0.0803     0.0064
R               1.0150     0.0052     0.0000
epsilon         1.0487     0.0702     0.0049
Q               1.0000     0.0472     0.0022
Y               2.8608     0.1799     0.0324
M               0.4365     0.0219     0.0005
L               0.2621     0.0125     0.0002
C               1.9447     0.1341     0.0180
I               0.3843     0.0272     0.0007
K              19.2148     0.6475     0.4193
EX              0.5080     0.0340     0.0012
N               3.6831     0.6361     0.4046
K_b            14.6954     1.1216     1.2580
K_h             4.5194     0.9558     0.9135
D               5.6414     1.0828     1.1724
D_star          4.2521     0.1464     0.0214
x               0.3034     0.0421     0.0018
psi             1.6000     0.0979     0.0096
phi             3.9900     0.2442     0.0596
upsilon         1.5640     0.0848     0.0072
mu              0.0072     0.0021     0.0000
mu_star         0.0057     0.0008     0.0000
A               1.0000     0.0320     0.0010
R_star          1.0113     0.0057     0.0000
Y_star          0.4844     0.0000     0.0000
Phi             0.0000     0.0000     0.0000
Theta           0.4010     0.0000     0.0000
chi_h           0.0105     0.0044     0.0000
chi_b           0.0133     0.0025     0.0000
Ynet            2.3793     0.1526     0.0233
P_c             1.0000     0.0000     0.0000
R_dc            1.0000     0.0000     0.0000
theta_c         1.0000     0.0000     0.0000
cryp            0.9251     0.0180     0.0003
DC              0.0000     0.0000     0.0000
m               1.9447     0.1341     0.0180
R_c             1.0000     0.0000     0.0000
Lambda          0.9852     0.0040     0.0000
gam             0.1834     0.0170     0.0003
trs             1.0000     0.0000     0.0000
Lambda1         0.8660     0.0654     0.0043
sigma_Rc        0.0000     0.0000     0.0000
mu_cryp         0.0231     0.0089     0.0001
x_c             0.0630     0.0060     0.0000
DE              1.0000     0.0222     0.0005
logY            1.0511     0.0629     0.0040
logPi           0.0000     0.0053     0.0000
logR            0.0149     0.0051     0.0000
logI           -0.9563     0.0709     0.0050
logL           -1.3390     0.0477     0.0023
logC            0.6651     0.0689     0.0048
logEX          -0.6772     0.0670     0.0045
logM           -0.8290     0.0501     0.0025
logD            1.7301     0.1919     0.0368
logD_star       1.4474     0.0344     0.0012
logN            1.3038     0.1727     0.0298
spread          0.0047     0.0011     0.0000
logm            0.6651     0.0689     0.0048
leverage        1.3838     0.0612     0.0037
TB              0.0716     0.0478     0.0023
logcryp        -0.0779     0.0195     0.0004



VARIANCE DECOMPOSITION (in percent)
                 varepsilon_R      varepsilon_A  varepsilon_Rstar  varepsilon_Ystar            eps_Rc               vol
mc                      65.30             28.48              6.22              0.00              0.00              0.00
Pi                      44.66             29.88             25.46              0.00              0.00              0.00
Z                       24.50             72.44              3.06              0.00              0.00              0.00
w                       13.49             79.92              6.59              0.00              0.00              0.00
R                        5.24             29.69             65.06              0.00              0.00              0.00
epsilon                  1.40             73.33             25.27              0.00              0.00              0.00
Q                        2.87             64.52             32.61              0.00              0.00              0.00
Y                        3.77             88.10              8.12              0.00              0.00              0.00
M                       12.08              4.45             83.46              0.00              0.00              0.00
L                       13.49             79.92              6.59              0.00              0.00              0.00
C                        4.49             77.67             17.84              0.00              0.00              0.00
I                        2.87             64.52             32.61              0.00              0.00              0.00
K                        0.80             73.46             25.74              0.00              0.00              0.00
EX                       1.40             73.33             25.27              0.00              0.00              0.00
N                       13.53             14.45             72.01              0.00              0.00              0.00
K_b                     18.64              7.43             73.93              0.00              0.00              0.00
K_h                     21.16              8.72             70.11              0.00              0.00              0.00
D                        5.56             10.02             84.42              0.00              0.00              0.00
D_star                  21.07             10.86             68.08              0.00              0.00              0.00
x                        2.63              0.76             96.62              0.00              0.00              0.00
psi                     16.13              4.31             79.56              0.00              0.00              0.00
phi                     16.13              4.31             79.56              0.00              0.00              0.00
upsilon                 16.45              4.19             79.35              0.00              0.00              0.00
mu                      18.67              4.43             76.90              0.00              0.00              0.00
mu_star                  1.32              3.82             94.86              0.00              0.00              0.00
A                        0.00            100.00              0.00              0.00              0.00              0.00
R_star                   0.00              0.00            100.00              0.00              0.00              0.00
Y_star                   0.00              0.00              0.00            100.00              0.00              0.00
Phi                      1.47             82.70             15.83              0.00              0.00              0.00
Theta                    0.73             57.60             41.66              0.00              0.00              0.00
chi_h                   21.73              5.42             72.85              0.00              0.00              0.00
chi_b                    1.34              5.94             92.72              0.00              0.00              0.00
Ynet                     2.79             86.70             10.51              0.00              0.00              0.00
P_c                      0.00              0.00              0.00              0.00              0.00            100.00
R_dc                    28.65             28.98             42.37              0.00              0.00              0.00
theta_c                  0.00              0.00              0.00              0.00              0.00            100.00
cryp                     4.10             36.88             59.01              0.00              0.00              0.00
DC                        NaN               NaN               NaN               NaN               NaN               NaN
m                        4.49             77.67             17.84              0.00              0.00              0.00
R_c                      0.00              0.00              0.00              0.00              0.00            100.00
Lambda                  48.63             26.02             25.35              0.00              0.00              0.00
gam                      0.99             63.08             35.93              0.00              0.00              0.00
trs                      3.88             63.48             32.64              0.00              0.00              0.00
Lambda1                  0.43             70.50             29.07              0.00              0.00              0.00
sigma_Rc                 0.00              0.02              0.00              0.00             99.98              0.00
mu_cryp                  5.51             24.95             69.54              0.00              0.00              0.00
x_c                     14.86             20.32             64.82              0.00              0.00              0.00
DE                      15.13             22.18             62.68              0.00              0.00              0.00
logY                     3.77             88.10              8.12              0.00              0.00              0.00
logPi                   44.66             29.88             25.46              0.00              0.00              0.00
logR                     5.24             29.69             65.06              0.00              0.00              0.00
logI                     2.87             64.52             32.61              0.00              0.00              0.00
logL                    13.49             79.92              6.59              0.00              0.00              0.00
logC                     4.49             77.67             17.84              0.00              0.00              0.00
logEX                    1.40             73.33             25.27              0.00              0.00              0.00
logM                    12.08              4.45             83.46              0.00              0.00              0.00
logD                     5.56             10.02             84.42              0.00              0.00              0.00
logD_star               21.07             10.86             68.08              0.00              0.00              0.00
logN                    13.53             14.45             72.01              0.00              0.00              0.00
spread                  19.34              4.52             76.14              0.00              0.00              0.00
logm                     4.49             77.67             17.84              0.00              0.00              0.00
leverage                16.13              4.31             79.56              0.00              0.00              0.00
TB                       1.48             39.61             58.91              0.00              0.00              0.00
logcryp                  4.10             36.88             59.01              0.00              0.00              0.00



MATRIX OF CORRELATIONS
Variables           mc         Pi          Z          w          R    epsilon          Q          Y          M          L          C          I          K         EX          N        K_b        K_h          D     D_star          x        psi        phi    upsilon         mu    mu_star          A     R_star      chi_h      chi_b       Ynet       cryp          m     Lambda        gam    Lambda1    mu_cryp        x_c         DE       logY      logPi       logR       logI       logL       logC      logEX       logM       logD  logD_star       logN     spread       logm   leverage         TB    logcryp
mc              1.0000     0.9341     0.2456     0.1634     0.0321     0.0034    -0.1899    -0.0543     0.2031     0.1634    -0.0375    -0.1899    -0.0424     0.0034    -0.0892    -0.0289     0.0052    -0.1161     0.1213     0.1123     0.0691     0.0691     0.0704     0.0519     0.1485    -0.2795     0.2101     0.0086     0.1059    -0.0973    -0.0659    -0.0375     0.6064     0.1791     0.2117     0.0381     0.1033     0.1949    -0.0543     0.9341     0.0321    -0.1899     0.1634    -0.0375     0.0034     0.2031    -0.1161     0.1213    -0.0892     0.0372    -0.0375     0.0691    -0.0904    -0.0659
Pi              0.9341     1.0000     0.0375    -0.0938     0.3854     0.0016    -0.4811    -0.3001    -0.1213    -0.0938    -0.3205    -0.4811    -0.2453     0.0016    -0.4147    -0.3418     0.2350    -0.4472     0.2502     0.4146     0.3726     0.3726     0.3725     0.3419     0.4045    -0.4101     0.4927     0.2549     0.3509    -0.3493    -0.4133    -0.3205     0.2855     0.4846     0.4976     0.3911     0.4253     0.2422    -0.3001     1.0000     0.3854    -0.4811    -0.0938    -0.3205     0.0016    -0.1213    -0.4472     0.2502    -0.4147     0.3265    -0.3205     0.3726     0.0566    -0.4133
Z               0.2456     0.0375     1.0000     0.8562    -0.5950     0.6257     0.7989     0.8126     0.2515     0.8562     0.7739     0.7989     0.2471     0.6257     0.4665     0.2864    -0.1687     0.3593    -0.0495    -0.1398    -0.3425    -0.3425    -0.3371    -0.3390     0.0858     0.7927    -0.1145    -0.1887     0.1102     0.7986     0.6188     0.7739     0.6580    -0.6631    -0.6639    -0.5706    -0.4961     0.1007     0.8126     0.0375    -0.5950     0.7989     0.8562     0.7739     0.6257     0.2515     0.3593    -0.0495     0.4665    -0.3464     0.7739    -0.3425     0.3302     0.6188
w               0.1634    -0.0938     0.8562     1.0000    -0.7386     0.7071     0.8349     0.9762     0.3254     1.0000     0.9666     0.8349     0.7121     0.7071     0.5818     0.4807    -0.0816     0.5353    -0.3667    -0.2983    -0.3979    -0.3979    -0.3933    -0.3457    -0.1417     0.8324    -0.1816    -0.1386    -0.0353     0.9651     0.7804     0.9666     0.7144    -0.8771    -0.8903    -0.7047    -0.6356     0.0338     0.9762    -0.0938    -0.7386     0.8349     1.0000     0.9666     0.7071     0.3254     0.5353    -0.3667     0.5818    -0.3431     0.9666    -0.3979     0.3543     0.7804
R               0.0321     0.3854    -0.5950    -0.7386     1.0000    -0.0860    -0.8939    -0.7547    -0.8240    -0.7386    -0.8434    -0.8939    -0.5889    -0.0860    -0.9232    -0.8596     0.6097    -0.9316     0.3677     0.8269     0.8431     0.8431     0.8392     0.8015     0.6891    -0.5000     0.7962     0.6577     0.6442    -0.7787    -0.9961    -0.8434    -0.7741     0.9212     0.8787     0.9971     0.9226     0.1628    -0.7547     0.3854     1.0000    -0.8939    -0.7386    -0.8434    -0.0860    -0.8240    -0.9316     0.3677    -0.9232     0.7970    -0.8434     0.8431     0.3154    -0.9961
epsilon         0.0034     0.0016     0.6257     0.7071    -0.0860     1.0000     0.3962     0.7150    -0.4384     0.7071     0.5984     0.3962     0.4676     1.0000    -0.0506    -0.1573     0.5013    -0.1377    -0.1311     0.4018     0.2524     0.2524     0.2551     0.2893     0.5033     0.8342     0.4998     0.4649     0.6261     0.6845     0.1623     0.5984     0.1091    -0.4172    -0.4902    -0.0399    -0.0371     0.1567     0.7150     0.0016    -0.0860     0.3962     0.7071     0.5984     1.0000    -0.4384    -0.1377    -0.1311    -0.0506     0.2919     0.5984     0.2524     0.9117     0.1623
Q              -0.1899    -0.4811     0.7989     0.8349    -0.8939     0.3962     1.0000     0.8867     0.5314     0.8349     0.9098     1.0000     0.4918     0.3962     0.8285     0.6843    -0.4698     0.7746    -0.2581    -0.5897    -0.7127    -0.7127    -0.7085    -0.6831    -0.3936     0.7999    -0.5699    -0.5099    -0.3399     0.9068     0.9157     0.9098     0.6063    -0.9352    -0.9225    -0.8854    -0.8517    -0.0829     0.8867    -0.4811    -0.8939     1.0000     0.8349     0.9098     0.3962     0.5314     0.7746    -0.2581     0.8285    -0.6799     0.9098    -0.7127     0.0390     0.9157
Y              -0.0543    -0.3001     0.8126     0.9762    -0.7547     0.7150     0.8867     1.0000     0.2848     0.9762     0.9866     0.8867     0.7300     0.7150     0.6085     0.4929    -0.0838     0.5673    -0.3978    -0.3266    -0.4179    -0.4179    -0.4135    -0.3613    -0.1761     0.9039    -0.2299    -0.1422    -0.0589     0.9982     0.8043     0.9866     0.5898    -0.9271    -0.9476    -0.7216    -0.6660    -0.0086     1.0000    -0.3001    -0.7547     0.8867     0.9762     0.9866     0.7150     0.2848     0.5673    -0.3978     0.6085    -0.3554     0.9866    -0.4179     0.3785     0.8043
M               0.2031    -0.1213     0.2515     0.3254    -0.8240    -0.4384     0.5314     0.2848     1.0000     0.3254     0.4285     0.5314     0.2798    -0.4384     0.8072     0.8213    -0.7742     0.8645    -0.2908    -0.9164    -0.8434    -0.8434    -0.8410    -0.8264    -0.8532    -0.0575    -0.8991    -0.7978    -0.8821     0.3114     0.7749     0.4285     0.7621    -0.5571    -0.4762    -0.8425    -0.7584    -0.1666     0.2848    -0.1213    -0.8240     0.5314     0.3254     0.4285    -0.4384     1.0000     0.8645    -0.2908     0.8072    -0.8265     0.4285    -0.8434    -0.7689     0.7749
L               0.1634    -0.0938     0.8562     1.0000    -0.7386     0.7071     0.8349     0.9762     0.3254     1.0000     0.9666     0.8349     0.7121     0.7071     0.5818     0.4807    -0.0816     0.5353    -0.3667    -0.2983    -0.3979    -0.3979    -0.3933    -0.3457    -0.1417     0.8324    -0.1816    -0.1386    -0.0353     0.9651     0.7804     0.9666     0.7144    -0.8771    -0.8903    -0.7047    -0.6356     0.0338     0.9762    -0.0938    -0.7386     0.8349     1.0000     0.9666     0.7071     0.3254     0.5353    -0.3667     0.5818    -0.3431     0.9666    -0.3979     0.3543     0.7804
C              -0.0375    -0.3205     0.7739     0.9666    -0.8434     0.5984     0.9098     0.9866     0.4285     0.9666     1.0000     0.9098     0.7663     0.5984     0.7030     0.6054    -0.1913     0.6815    -0.4534    -0.4664    -0.5265    -0.5265    -0.5221    -0.4662    -0.3258     0.8332    -0.3646    -0.2527    -0.2132     0.9899     0.8838     1.0000     0.6651    -0.9694    -0.9772    -0.8149    -0.7509    -0.0420     0.9866    -0.3205    -0.8434     0.9098     0.9666     1.0000     0.5984     0.4285     0.6815    -0.4534     0.7030    -0.4595     1.0000    -0.5265     0.2298     0.8838
I              -0.1899    -0.4811     0.7989     0.8349    -0.8939     0.3962     1.0000     0.8867     0.5314     0.8349     0.9098     1.0000     0.4918     0.3962     0.8285     0.6843    -0.4698     0.7746    -0.2581    -0.5897    -0.7127    -0.7127    -0.7085    -0.6831    -0.3936     0.7999    -0.5699    -0.5099    -0.3399     0.9068     0.9157     0.9098     0.6063    -0.9352    -0.9225    -0.8854    -0.8517    -0.0829     0.8867    -0.4811    -0.8939     1.0000     0.8349     0.9098     0.3962     0.5314     0.7746    -0.2581     0.8285    -0.6799     0.9098    -0.7127     0.0390     0.9157
K              -0.0424    -0.2453     0.2471     0.7121    -0.5889     0.4676     0.4918     0.7300     0.2798     0.7121     0.7663     0.4918     1.0000     0.4676     0.4721     0.5258     0.0605     0.5308    -0.6219    -0.3853    -0.2969    -0.2969    -0.2954    -0.2039    -0.3966     0.4875    -0.2031    -0.0192    -0.2307     0.7294     0.6346     0.7663     0.4456    -0.7537    -0.7765    -0.5594    -0.5321    -0.0790     0.7300    -0.2453    -0.5889     0.4918     0.7121     0.7663     0.4676     0.2798     0.5308    -0.6219     0.4721    -0.1886     0.7663    -0.2969     0.2047     0.6346
EX              0.0034     0.0016     0.6257     0.7071    -0.0860     1.0000     0.3962     0.7150    -0.4384     0.7071     0.5984     0.3962     0.4676     1.0000    -0.0506    -0.1573     0.5013    -0.1377    -0.1311     0.4018     0.2524     0.2524     0.2551     0.2893     0.5033     0.8342     0.4998     0.4649     0.6261     0.6845     0.1623     0.5984     0.1091    -0.4172    -0.4902    -0.0399    -0.0371     0.1567     0.7150     0.0016    -0.0860     0.3962     0.7071     0.5984     1.0000    -0.4384    -0.1377    -0.1311    -0.0506     0.2919     0.5984     0.2524     0.9117     0.1623
N              -0.0892    -0.4147     0.4665     0.5818    -0.9232    -0.0506     0.8285     0.6085     0.8072     0.5818     0.7030     0.8285     0.4721    -0.0506     1.0000     0.9693    -0.8176     0.9758    -0.2173    -0.8935    -0.9735    -0.9735    -0.9725    -0.9512    -0.7353     0.3760    -0.8346    -0.8566    -0.7142     0.6432     0.9098     0.7030     0.6718    -0.8072    -0.7581    -0.9482    -0.9952    -0.1364     0.6085    -0.4147    -0.9232     0.8285     0.5818     0.7030    -0.0506     0.8072     0.9758    -0.2173     1.0000    -0.9469     0.7030    -0.9735    -0.4049     0.9098
K_b            -0.0289    -0.3418     0.2864     0.4807    -0.8596    -0.1573     0.6843     0.4929     0.8213     0.4807     0.6054     0.6843     0.5258    -0.1573     0.9693     1.0000    -0.8173     0.9667    -0.2388    -0.9182    -0.9598    -0.9598    -0.9601    -0.9317    -0.8011     0.2040    -0.8267    -0.8606    -0.7741     0.5272     0.8401     0.6054     0.6522    -0.7206    -0.6679    -0.8906    -0.9628    -0.1447     0.4929    -0.3418    -0.8596     0.6843     0.4807     0.6054    -0.1573     0.8213     0.9667    -0.2388     0.9693    -0.9257     0.6054    -0.9598    -0.4873     0.8401
K_h             0.0052     0.2350    -0.1687    -0.0816     0.6097     0.5013    -0.4698    -0.0838    -0.7742    -0.0816    -0.1913    -0.4698     0.0605     0.5013    -0.8176    -0.8173     1.0000    -0.7748    -0.1411     0.8164     0.9252     0.9252     0.9265     0.9552     0.6714     0.0909     0.8326     0.9968     0.7521    -0.1245    -0.5559    -0.1913    -0.4634     0.3351     0.2577     0.6661     0.7693     0.1163    -0.0838     0.2350     0.6097    -0.4698    -0.0816    -0.1913     0.5013    -0.7742    -0.7748    -0.1411    -0.8176     0.9586    -0.1913     0.9252     0.7105    -0.5559
D              -0.1161    -0.4472     0.3593     0.5353    -0.9316    -0.1377     0.7746     0.5673     0.8645     0.5353     0.6815     0.7746     0.5308    -0.1377     0.9758     0.9667    -0.7748     1.0000    -0.3833    -0.9570    -0.9500    -0.9500    -0.9488    -0.9142    -0.8548     0.2954    -0.8794    -0.8185    -0.8220     0.6042     0.9169     0.6815     0.6553    -0.8093    -0.7586    -0.9523    -0.9652    -0.1617     0.5673    -0.4472    -0.9316     0.7746     0.5353     0.6815    -0.1377     0.8645     1.0000    -0.3833     0.9758    -0.9071     0.6815    -0.9500    -0.4930     0.9169
D_star          0.1213     0.2502    -0.0495    -0.3667     0.3677    -0.1311    -0.2581    -0.3978    -0.2908    -0.3667    -0.4534    -0.2581    -0.6219    -0.1311    -0.2173    -0.2388    -0.1411    -0.3833     1.0000     0.4042     0.1161     0.1161     0.1142     0.0323     0.5564    -0.2183     0.1743    -0.0917     0.4329    -0.4037    -0.4001    -0.4534    -0.2055     0.4882     0.5065     0.3394     0.2361    -0.0102    -0.3978     0.2502     0.3677    -0.2581    -0.3667    -0.4534    -0.1311    -0.2908    -0.3833     1.0000    -0.2173     0.0170    -0.4534     0.1161     0.0397    -0.4001
x               0.1123     0.4146    -0.1398    -0.2983     0.8269     0.4018    -0.5897    -0.3266    -0.9164    -0.2983    -0.4664    -0.5897    -0.3853     0.4018    -0.8935    -0.9182     0.8164    -0.9570     0.4042     1.0000     0.9212     0.9212     0.9208     0.8927     0.9557    -0.0361     0.9332     0.8485     0.9511    -0.3685    -0.7948    -0.4664    -0.5635     0.6346     0.5706     0.8563     0.8602     0.1809    -0.3266     0.4146     0.8269    -0.5897    -0.2983    -0.4664     0.4018    -0.9164    -0.9570     0.4042    -0.8935     0.8858    -0.4664     0.9212     0.7046    -0.7948
psi             0.0691     0.3726    -0.3425    -0.3979     0.8431     0.2524    -0.7127    -0.4179    -0.8434    -0.3979    -0.5265    -0.7127    -0.2969     0.2524    -0.9735    -0.9598     0.9252    -0.9500     0.1161     0.9212     1.0000     1.0000     1.0000     0.9947     0.7720    -0.1890     0.8841     0.9504     0.7877    -0.4575    -0.8127    -0.5265    -0.6143     0.6572     0.5942     0.8817     0.9503     0.1406    -0.4179     0.3726     0.8431    -0.7127    -0.3979    -0.5265     0.2524    -0.8434    -0.9500     0.1161    -0.9735     0.9926    -0.5265     1.0000     0.5650    -0.8127
phi             0.0691     0.3726    -0.3425    -0.3979     0.8431     0.2524    -0.7127    -0.4179    -0.8434    -0.3979    -0.5265    -0.7127    -0.2969     0.2524    -0.9735    -0.9598     0.9252    -0.9500     0.1161     0.9212     1.0000     1.0000     1.0000     0.9947     0.7720    -0.1890     0.8841     0.9504     0.7877    -0.4575    -0.8127    -0.5265    -0.6143     0.6572     0.5942     0.8817     0.9503     0.1406    -0.4179     0.3726     0.8431    -0.7127    -0.3979    -0.5265     0.2524    -0.8434    -0.9500     0.1161    -0.9735     0.9926    -0.5265     1.0000     0.5650    -0.8127
upsilon         0.0704     0.3725    -0.3371    -0.3933     0.8392     0.2551    -0.7085    -0.4135    -0.8410    -0.3933    -0.5221    -0.7085    -0.2954     0.2551    -0.9725    -0.9601     0.9265    -0.9488     0.1142     0.9208     1.0000     1.0000     1.0000     0.9949     0.7721    -0.1850     0.8827     0.9516     0.7880    -0.4532    -0.8087    -0.5221    -0.6102     0.6532     0.5903     0.8782     0.9493     0.1399    -0.4135     0.3725     0.8392    -0.7085    -0.3933    -0.5221     0.2551    -0.8410    -0.9488     0.1142    -0.9725     0.9927    -0.5221     1.0000     0.5658    -0.8087
mu              0.0519     0.3419    -0.3390    -0.3457     0.8015     0.2893    -0.6831    -0.3613    -0.8264    -0.3457    -0.4662    -0.6831    -0.2039     0.2893    -0.9512    -0.9317     0.9552    -0.9142     0.0323     0.8927     0.9947     0.9947     0.9949     1.0000     0.7314    -0.1526     0.8733     0.9730     0.7645    -0.4010    -0.7661    -0.4662    -0.5922     0.5959     0.5295     0.8444     0.9229     0.1314    -0.3613     0.3419     0.8015    -0.6831    -0.3457    -0.4662     0.2893    -0.8264    -0.9142     0.0323    -0.9512     0.9997    -0.4662     0.9947     0.5835    -0.7661
mu_star         0.1485     0.4045     0.0858    -0.1417     0.6891     0.5033    -0.3936    -0.1761    -0.8532    -0.1417    -0.3258    -0.3936    -0.3966     0.5033    -0.7353    -0.8011     0.6714    -0.8548     0.5564     0.9557     0.7720     0.7720     0.7721     0.7314     1.0000     0.1267     0.8619     0.7042     0.9823    -0.2172    -0.6580    -0.3258    -0.4239     0.5097     0.4521     0.7143     0.6982     0.1859    -0.1761     0.4045     0.6891    -0.3936    -0.1417    -0.3258     0.5033    -0.8532    -0.8548     0.5564    -0.7353     0.7211    -0.3258     0.7720     0.7480    -0.6580
A              -0.2795    -0.4101     0.7927     0.8324    -0.5000     0.8342     0.7999     0.9039    -0.0575     0.8324     0.8332     0.7999     0.4875     0.8342     0.3760     0.2040     0.0909     0.2954    -0.2183    -0.0361    -0.1890    -0.1890    -0.1850    -0.1526     0.1267     1.0000     0.0000     0.0521     0.2296     0.9019     0.5646     0.8332     0.2548    -0.7540    -0.7993    -0.4657    -0.4420     0.0281     0.9039    -0.4101    -0.5000     0.7999     0.8324     0.8332     0.8342    -0.0575     0.2954    -0.2183     0.3760    -0.1479     0.8332    -0.1890     0.6197     0.5646
R_star          0.2101     0.4927    -0.1145    -0.1816     0.7962     0.4998    -0.5699    -0.2299    -0.8991    -0.1816    -0.3646    -0.5699    -0.2031     0.4998    -0.8346    -0.8267     0.8326    -0.8794     0.1743     0.9332     0.8841     0.8841     0.8827     0.8733     0.8619     0.0000     1.0000     0.8501     0.8949    -0.2759    -0.7533    -0.3646    -0.4789     0.5582     0.4846     0.8240     0.7861     0.2675    -0.2299     0.4927     0.7962    -0.5699    -0.1816    -0.3646     0.4998    -0.8991    -0.8794     0.1743    -0.8346     0.8693    -0.3646     0.8841     0.7664    -0.7533
chi_h           0.0086     0.2549    -0.1887    -0.1386     0.6577     0.4649    -0.5099    -0.1422    -0.7978    -0.1386    -0.2527    -0.5099    -0.0192     0.4649    -0.8566    -0.8606     0.9968    -0.8185    -0.0917     0.8485     0.9504     0.9504     0.9516     0.9730     0.7042     0.0521     0.8501     1.0000     0.7718    -0.1829    -0.6075    -0.2527    -0.4998     0.3958     0.3201     0.7118     0.8130     0.1228    -0.1422     0.2549     0.6577    -0.5099    -0.1386    -0.2527     0.4649    -0.7978    -0.8185    -0.0917    -0.8566     0.9752    -0.2527     0.9504     0.6953    -0.6075
chi_b           0.1059     0.3509     0.1102    -0.0353     0.6442     0.6261    -0.3399    -0.0589    -0.8821    -0.0353    -0.2132    -0.3399    -0.2307     0.6261    -0.7142    -0.7741     0.7521    -0.8220     0.4329     0.9511     0.7877     0.7877     0.7880     0.7645     0.9823     0.2296     0.8949     0.7718     1.0000    -0.1017    -0.5995    -0.2132    -0.4129     0.4074     0.3378     0.6770     0.6621     0.1867    -0.0589     0.3509     0.6442    -0.3399    -0.0353    -0.2132     0.6261    -0.8821    -0.8220     0.4329    -0.7142     0.7576    -0.2132     0.7877     0.8485    -0.5995
Ynet           -0.0973    -0.3493     0.7986     0.9651    -0.7787     0.6845     0.9068     0.9982     0.3114     0.9651     0.9899     0.9068     0.7294     0.6845     0.6432     0.5272    -0.1245     0.6042    -0.4037    -0.3685    -0.4575    -0.4575    -0.4532    -0.4010    -0.2172     0.9019    -0.2759    -0.1829    -0.1017     1.0000     0.8272     0.9899     0.5806    -0.9442    -0.9626    -0.7484    -0.6987    -0.0232     0.9982    -0.3493    -0.7787     0.9068     0.9651     0.9899     0.6845     0.3114     0.6042    -0.4037     0.6432    -0.3945     0.9899    -0.4575     0.3446     0.8272
cryp           -0.0659    -0.4133     0.6188     0.7804    -0.9961     0.1623     0.9157     0.8043     0.7749     0.7804     0.8838     0.9157     0.6346     0.1623     0.9098     0.8401    -0.5559     0.9169    -0.4001    -0.7948    -0.8127    -0.8127    -0.8087    -0.7661    -0.6580     0.5646    -0.7533    -0.6075    -0.5995     0.8272     1.0000     0.8838     0.7522    -0.9519    -0.9174    -0.9894    -0.9170    -0.1543     0.8043    -0.4133    -0.9961     0.9157     0.7804     0.8838     0.1623     0.7749     0.9169    -0.4001     0.9098    -0.7604     0.8838    -0.8127    -0.2387     1.0000
m              -0.0375    -0.3205     0.7739     0.9666    -0.8434     0.5984     0.9098     0.9866     0.4285     0.9666     1.0000     0.9098     0.7663     0.5984     0.7030     0.6054    -0.1913     0.6815    -0.4534    -0.4664    -0.5265    -0.5265    -0.5221    -0.4662    -0.3258     0.8332    -0.3646    -0.2527    -0.2132     0.9899     0.8838     1.0000     0.6651    -0.9694    -0.9772    -0.8149    -0.7509    -0.0420     0.9866    -0.3205    -0.8434     0.9098     0.9666     1.0000     0.5984     0.4285     0.6815    -0.4534     0.7030    -0.4595     1.0000    -0.5265     0.2298     0.8838
Lambda          0.6064     0.2855     0.6580     0.7144    -0.7741     0.1091     0.6063     0.5898     0.7621     0.7144     0.6651     0.6063     0.4456     0.1091     0.6718     0.6522    -0.4634     0.6553    -0.2055    -0.5635    -0.6143    -0.6143    -0.6102    -0.5922    -0.4239     0.2548    -0.4789    -0.4998    -0.4129     0.5806     0.7522     0.6651     1.0000    -0.6297    -0.5779    -0.7663    -0.6653    -0.0002     0.5898     0.2855    -0.7741     0.6063     0.7144     0.6651     0.1091     0.7621     0.6553    -0.2055     0.6718    -0.5981     0.6651    -0.6143    -0.2707     0.7522
gam             0.1791     0.4846    -0.6631    -0.8771     0.9212    -0.4172    -0.9352    -0.9271    -0.5571    -0.8771    -0.9694    -0.9352    -0.7537    -0.4172    -0.8072    -0.7206     0.3351    -0.8093     0.4882     0.6346     0.6572     0.6572     0.6532     0.5959     0.5097    -0.7540     0.5582     0.3958     0.4074    -0.9442    -0.9519    -0.9694    -0.6297     1.0000     0.9952     0.9017     0.8413     0.1155    -0.9271     0.4846     0.9212    -0.9352    -0.8771    -0.9694    -0.4172    -0.5571    -0.8093     0.4882    -0.8072     0.5869    -0.9694     0.6572    -0.0422    -0.9519
Lambda1         0.2117     0.4976    -0.6639    -0.8903     0.8787    -0.4902    -0.9225    -0.9476    -0.4762    -0.8903    -0.9772    -0.9225    -0.7765    -0.4902    -0.7581    -0.6679     0.2577    -0.7586     0.5065     0.5706     0.5942     0.5942     0.5903     0.5295     0.4521    -0.7993     0.4846     0.3201     0.3378    -0.9626    -0.9174    -0.9772    -0.5779     0.9952     1.0000     0.8555     0.8001     0.1007    -0.9476     0.4976     0.8787    -0.9225    -0.8903    -0.9772    -0.4902    -0.4762    -0.7586     0.5065    -0.7581     0.5196    -0.9772     0.5942    -0.1311    -0.9174
mu_cryp         0.0381     0.3911    -0.5706    -0.7047     0.9971    -0.0399    -0.8854    -0.7216    -0.8425    -0.7047    -0.8149    -0.8854    -0.5594    -0.0399    -0.9482    -0.8906     0.6661    -0.9523     0.3394     0.8563     0.8817     0.8817     0.8782     0.8444     0.7143    -0.4657     0.8240     0.7118     0.6770    -0.7484    -0.9894    -0.8149    -0.7663     0.9017     0.8555     1.0000     0.9445     0.1628    -0.7216     0.3911     0.9971    -0.8854    -0.7047    -0.8149    -0.0399    -0.8425    -0.9523     0.3394    -0.9482     0.8400    -0.8149     0.8817     0.3567    -0.9894
x_c             0.1033     0.4253    -0.4961    -0.6356     0.9226    -0.0371    -0.8517    -0.6660    -0.7584    -0.6356    -0.7509    -0.8517    -0.5321    -0.0371    -0.9952    -0.9628     0.7693    -0.9652     0.2361     0.8602     0.9503     0.9503     0.9493     0.9229     0.6982    -0.4420     0.7861     0.8130     0.6621    -0.6987    -0.9170    -0.7509    -0.6653     0.8413     0.8001     0.9445     1.0000     0.1247    -0.6660     0.4253     0.9226    -0.8517    -0.6356    -0.7509    -0.0371    -0.7584    -0.9652     0.2361    -0.9952     0.9176    -0.7509     0.9503     0.3202    -0.9170
DE              0.1949     0.2422     0.1007     0.0338     0.1628     0.1567    -0.0829    -0.0086    -0.1666     0.0338    -0.0420    -0.0829    -0.0790     0.1567    -0.1364    -0.1447     0.1163    -0.1617    -0.0102     0.1809     0.1406     0.1406     0.1399     0.1314     0.1859     0.0281     0.2675     0.1228     0.1867    -0.0232    -0.1543    -0.0420    -0.0002     0.1155     0.1007     0.1628     0.1247     1.0000    -0.0086     0.2422     0.1628    -0.0829     0.0338    -0.0420     0.1567    -0.1666    -0.1617    -0.0102    -0.1364     0.1280    -0.0420     0.1406     0.1876    -0.1543
logY           -0.0543    -0.3001     0.8126     0.9762    -0.7547     0.7150     0.8867     1.0000     0.2848     0.9762     0.9866     0.8867     0.7300     0.7150     0.6085     0.4929    -0.0838     0.5673    -0.3978    -0.3266    -0.4179    -0.4179    -0.4135    -0.3613    -0.1761     0.9039    -0.2299    -0.1422    -0.0589     0.9982     0.8043     0.9866     0.5898    -0.9271    -0.9476    -0.7216    -0.6660    -0.0086     1.0000    -0.3001    -0.7547     0.8867     0.9762     0.9866     0.7150     0.2848     0.5673    -0.3978     0.6085    -0.3554     0.9866    -0.4179     0.3785     0.8043
logPi           0.9341     1.0000     0.0375    -0.0938     0.3854     0.0016    -0.4811    -0.3001    -0.1213    -0.0938    -0.3205    -0.4811    -0.2453     0.0016    -0.4147    -0.3418     0.2350    -0.4472     0.2502     0.4146     0.3726     0.3726     0.3725     0.3419     0.4045    -0.4101     0.4927     0.2549     0.3509    -0.3493    -0.4133    -0.3205     0.2855     0.4846     0.4976     0.3911     0.4253     0.2422    -0.3001     1.0000     0.3854    -0.4811    -0.0938    -0.3205     0.0016    -0.1213    -0.4472     0.2502    -0.4147     0.3265    -0.3205     0.3726     0.0566    -0.4133
logR            0.0321     0.3854    -0.5950    -0.7386     1.0000    -0.0860    -0.8939    -0.7547    -0.8240    -0.7386    -0.8434    -0.8939    -0.5889    -0.0860    -0.9232    -0.8596     0.6097    -0.9316     0.3677     0.8269     0.8431     0.8431     0.8392     0.8015     0.6891    -0.5000     0.7962     0.6577     0.6442    -0.7787    -0.9961    -0.8434    -0.7741     0.9212     0.8787     0.9971     0.9226     0.1628    -0.7547     0.3854     1.0000    -0.8939    -0.7386    -0.8434    -0.0860    -0.8240    -0.9316     0.3677    -0.9232     0.7970    -0.8434     0.8431     0.3154    -0.9961
logI           -0.1899    -0.4811     0.7989     0.8349    -0.8939     0.3962     1.0000     0.8867     0.5314     0.8349     0.9098     1.0000     0.4918     0.3962     0.8285     0.6843    -0.4698     0.7746    -0.2581    -0.5897    -0.7127    -0.7127    -0.7085    -0.6831    -0.3936     0.7999    -0.5699    -0.5099    -0.3399     0.9068     0.9157     0.9098     0.6063    -0.9352    -0.9225    -0.8854    -0.8517    -0.0829     0.8867    -0.4811    -0.8939     1.0000     0.8349     0.9098     0.3962     0.5314     0.7746    -0.2581     0.8285    -0.6799     0.9098    -0.7127     0.0390     0.9157
logL            0.1634    -0.0938     0.8562     1.0000    -0.7386     0.7071     0.8349     0.9762     0.3254     1.0000     0.9666     0.8349     0.7121     0.7071     0.5818     0.4807    -0.0816     0.5353    -0.3667    -0.2983    -0.3979    -0.3979    -0.3933    -0.3457    -0.1417     0.8324    -0.1816    -0.1386    -0.0353     0.9651     0.7804     0.9666     0.7144    -0.8771    -0.8903    -0.7047    -0.6356     0.0338     0.9762    -0.0938    -0.7386     0.8349     1.0000     0.9666     0.7071     0.3254     0.5353    -0.3667     0.5818    -0.3431     0.9666    -0.3979     0.3543     0.7804
logC           -0.0375    -0.3205     0.7739     0.9666    -0.8434     0.5984     0.9098     0.9866     0.4285     0.9666     1.0000     0.9098     0.7663     0.5984     0.7030     0.6054    -0.1913     0.6815    -0.4534    -0.4664    -0.5265    -0.5265    -0.5221    -0.4662    -0.3258     0.8332    -0.3646    -0.2527    -0.2132     0.9899     0.8838     1.0000     0.6651    -0.9694    -0.9772    -0.8149    -0.7509    -0.0420     0.9866    -0.3205    -0.8434     0.9098     0.9666     1.0000     0.5984     0.4285     0.6815    -0.4534     0.7030    -0.4595     1.0000    -0.5265     0.2298     0.8838
logEX           0.0034     0.0016     0.6257     0.7071    -0.0860     1.0000     0.3962     0.7150    -0.4384     0.7071     0.5984     0.3962     0.4676     1.0000    -0.0506    -0.1573     0.5013    -0.1377    -0.1311     0.4018     0.2524     0.2524     0.2551     0.2893     0.5033     0.8342     0.4998     0.4649     0.6261     0.6845     0.1623     0.5984     0.1091    -0.4172    -0.4902    -0.0399    -0.0371     0.1567     0.7150     0.0016    -0.0860     0.3962     0.7071     0.5984     1.0000    -0.4384    -0.1377    -0.1311    -0.0506     0.2919     0.5984     0.2524     0.9117     0.1623
logM            0.2031    -0.1213     0.2515     0.3254    -0.8240    -0.4384     0.5314     0.2848     1.0000     0.3254     0.4285     0.5314     0.2798    -0.4384     0.8072     0.8213    -0.7742     0.8645    -0.2908    -0.9164    -0.8434    -0.8434    -0.8410    -0.8264    -0.8532    -0.0575    -0.8991    -0.7978    -0.8821     0.3114     0.7749     0.4285     0.7621    -0.5571    -0.4762    -0.8425    -0.7584    -0.1666     0.2848    -0.1213    -0.8240     0.5314     0.3254     0.4285    -0.4384     1.0000     0.8645    -0.2908     0.8072    -0.8265     0.4285    -0.8434    -0.7689     0.7749
logD           -0.1161    -0.4472     0.3593     0.5353    -0.9316    -0.1377     0.7746     0.5673     0.8645     0.5353     0.6815     0.7746     0.5308    -0.1377     0.9758     0.9667    -0.7748     1.0000    -0.3833    -0.9570    -0.9500    -0.9500    -0.9488    -0.9142    -0.8548     0.2954    -0.8794    -0.8185    -0.8220     0.6042     0.9169     0.6815     0.6553    -0.8093    -0.7586    -0.9523    -0.9652    -0.1617     0.5673    -0.4472    -0.9316     0.7746     0.5353     0.6815    -0.1377     0.8645     1.0000    -0.3833     0.9758    -0.9071     0.6815    -0.9500    -0.4930     0.9169
logD_star       0.1213     0.2502    -0.0495    -0.3667     0.3677    -0.1311    -0.2581    -0.3978    -0.2908    -0.3667    -0.4534    -0.2581    -0.6219    -0.1311    -0.2173    -0.2388    -0.1411    -0.3833     1.0000     0.4042     0.1161     0.1161     0.1142     0.0323     0.5564    -0.2183     0.1743    -0.0917     0.4329    -0.4037    -0.4001    -0.4534    -0.2055     0.4882     0.5065     0.3394     0.2361    -0.0102    -0.3978     0.2502     0.3677    -0.2581    -0.3667    -0.4534    -0.1311    -0.2908    -0.3833     1.0000    -0.2173     0.0170    -0.4534     0.1161     0.0397    -0.4001
logN           -0.0892    -0.4147     0.4665     0.5818    -0.9232    -0.0506     0.8285     0.6085     0.8072     0.5818     0.7030     0.8285     0.4721    -0.0506     1.0000     0.9693    -0.8176     0.9758    -0.2173    -0.8935    -0.9735    -0.9735    -0.9725    -0.9512    -0.7353     0.3760    -0.8346    -0.8566    -0.7142     0.6432     0.9098     0.7030     0.6718    -0.8072    -0.7581    -0.9482    -0.9952    -0.1364     0.6085    -0.4147    -0.9232     0.8285     0.5818     0.7030    -0.0506     0.8072     0.9758    -0.2173     1.0000    -0.9469     0.7030    -0.9735    -0.4049     0.9098
spread          0.0372     0.3265    -0.3464    -0.3431     0.7970     0.2919    -0.6799    -0.3554    -0.8265    -0.3431    -0.4595    -0.6799    -0.1886     0.2919    -0.9469    -0.9257     0.9586    -0.9071     0.0170     0.8858     0.9926     0.9926     0.9927     0.9997     0.7211    -0.1479     0.8693     0.9752     0.7576    -0.3945    -0.7604    -0.4595    -0.5981     0.5869     0.5196     0.8400     0.9176     0.1280    -0.3554     0.3265     0.7970    -0.6799    -0.3431    -0.4595     0.2919    -0.8265    -0.9071     0.0170    -0.9469     1.0000    -0.4595     0.9926     0.5854    -0.7604
logm           -0.0375    -0.3205     0.7739     0.9666    -0.8434     0.5984     0.9098     0.9866     0.4285     0.9666     1.0000     0.9098     0.7663     0.5984     0.7030     0.6054    -0.1913     0.6815    -0.4534    -0.4664    -0.5265    -0.5265    -0.5221    -0.4662    -0.3258     0.8332    -0.3646    -0.2527    -0.2132     0.9899     0.8838     1.0000     0.6651    -0.9694    -0.9772    -0.8149    -0.7509    -0.0420     0.9866    -0.3205    -0.8434     0.9098     0.9666     1.0000     0.5984     0.4285     0.6815    -0.4534     0.7030    -0.4595     1.0000    -0.5265     0.2298     0.8838
leverage        0.0691     0.3726    -0.3425    -0.3979     0.8431     0.2524    -0.7127    -0.4179    -0.8434    -0.3979    -0.5265    -0.7127    -0.2969     0.2524    -0.9735    -0.9598     0.9252    -0.9500     0.1161     0.9212     1.0000     1.0000     1.0000     0.9947     0.7720    -0.1890     0.8841     0.9504     0.7877    -0.4575    -0.8127    -0.5265    -0.6143     0.6572     0.5942     0.8817     0.9503     0.1406    -0.4179     0.3726     0.8431    -0.7127    -0.3979    -0.5265     0.2524    -0.8434    -0.9500     0.1161    -0.9735     0.9926    -0.5265     1.0000     0.5650    -0.8127
TB             -0.0904     0.0566     0.3302     0.3543     0.3154     0.9117     0.0390     0.3785    -0.7689     0.3543     0.2298     0.0390     0.2047     0.9117    -0.4049    -0.4873     0.7105    -0.4930     0.0397     0.7046     0.5650     0.5650     0.5658     0.5835     0.7480     0.6197     0.7664     0.6953     0.8485     0.3446    -0.2387     0.2298    -0.2707    -0.0422    -0.1311     0.3567     0.3202     0.1876     0.3785     0.0566     0.3154     0.0390     0.3543     0.2298     0.9117    -0.7689    -0.4930     0.0397    -0.4049     0.5854     0.2298     0.5650     1.0000    -0.2387
logcryp        -0.0659    -0.4133     0.6188     0.7804    -0.9961     0.1623     0.9157     0.8043     0.7749     0.7804     0.8838     0.9157     0.6346     0.1623     0.9098     0.8401    -0.5559     0.9169    -0.4001    -0.7948    -0.8127    -0.8127    -0.8087    -0.7661    -0.6580     0.5646    -0.7533    -0.6075    -0.5995     0.8272     1.0000     0.8838     0.7522    -0.9519    -0.9174    -0.9894    -0.9170    -0.1543     0.8043    -0.4133    -0.9961     0.9157     0.7804     0.8838     0.1623     0.7749     0.9169    -0.4001     0.9098    -0.7604     0.8838    -0.8127    -0.2387     1.0000



COEFFICIENTS OF AUTOCORRELATION
Order              1        2        3        4        5
mc            0.4729   0.2286   0.1149   0.0617   0.0364
Pi            0.5897   0.3912   0.2914   0.2378   0.2062
Z             0.8515   0.7555   0.6854   0.6289   0.5800
w             0.9185   0.8648   0.8244   0.7910   0.7613
R             0.9217   0.8541   0.7942   0.7403   0.6915
epsilon       0.9481   0.8992   0.8534   0.8106   0.7706
Q             0.9390   0.8779   0.8190   0.7635   0.7115
Y             0.9651   0.9309   0.8978   0.8659   0.8353
M             0.8542   0.7530   0.6756   0.6122   0.5581
L             0.9185   0.8648   0.8244   0.7910   0.7613
C             0.9617   0.9264   0.8933   0.8620   0.8322
I             0.9390   0.8779   0.8190   0.7635   0.7115
K             0.9993   0.9973   0.9942   0.9899   0.9847
EX            0.9481   0.8992   0.8534   0.8106   0.7706
N             0.9294   0.8643   0.8045   0.7494   0.6986
K_b           0.9418   0.8877   0.8375   0.7908   0.7475
K_h           0.9219   0.8500   0.7838   0.7229   0.6668
D             0.9366   0.8782   0.8243   0.7747   0.7291
D_star        0.9960   0.9899   0.9826   0.9745   0.9659
x             0.9352   0.8758   0.8213   0.7713   0.7254
psi           0.9218   0.8501   0.7842   0.7238   0.6682
phi           0.9218   0.8501   0.7842   0.7238   0.6682
upsilon       0.9222   0.8509   0.7853   0.7251   0.6698
mu            0.9182   0.8433   0.7746   0.7116   0.6537
mu_star       0.9515   0.9078   0.8677   0.8308   0.7966
A             0.9500   0.9025   0.8574   0.8145   0.7738
R_star        0.9000   0.8100   0.7290   0.6561   0.5905
chi_h         0.9214   0.8491   0.7825   0.7212   0.6647
chi_b         0.9423   0.8894   0.8408   0.7961   0.7550
Ynet          0.9673   0.9335   0.8999   0.8673   0.8359
cryp          0.9336   0.8739   0.8197   0.7702   0.7249
m             0.9617   0.9264   0.8933   0.8620   0.8322
Lambda        0.6614   0.4916   0.4008   0.3477   0.3129
gam           0.9644   0.9274   0.8911   0.8563   0.8233
Lambda1       0.9692   0.9368   0.9047   0.8736   0.8438
mu_cryp       0.9207   0.8514   0.7897   0.7340   0.6835
x_c           0.9358   0.8764   0.8215   0.7707   0.7237
DE           -0.0338  -0.0251  -0.0200  -0.0167  -0.0143
logY          0.9651   0.9309   0.8978   0.8659   0.8353
logPi         0.5897   0.3912   0.2914   0.2378   0.2062
logR          0.9217   0.8541   0.7942   0.7403   0.6915
logI          0.9390   0.8779   0.8190   0.7635   0.7115
logL          0.9185   0.8648   0.8244   0.7910   0.7613
logC          0.9617   0.9264   0.8933   0.8620   0.8322
logEX         0.9481   0.8992   0.8534   0.8106   0.7706
logM          0.8542   0.7530   0.6756   0.6122   0.5581
logD          0.9366   0.8782   0.8243   0.7747   0.7291
logD_star     0.9960   0.9899   0.9826   0.9745   0.9659
logN          0.9294   0.8643   0.8045   0.7494   0.6986
spread        0.9170   0.8412   0.7719   0.7084   0.6502
logm          0.9617   0.9264   0.8933   0.8620   0.8322
leverage      0.9218   0.8501   0.7842   0.7238   0.6682
TB            0.9173   0.8466   0.7844   0.7287   0.6782
logcryp       0.9336   0.8739   0.8197   0.7702   0.7249
Total computing time : 0h00m01s
