Starting Dynare (version 5.1).
Calling Dynare with arguments: none
Starting preprocessing of the model file ...
Found 65 equation(s).
Evaluating expressions...done
Computing static model derivatives (order 1).
Computing dynamic model derivatives (order 1).
Processing outputs ...
done
Preprocessing completed.


STEADY-STATE RESULTS:

mc        		 0.888889
Pi        		 1
Z         		 0.0397052
w         		 5.04516
R         		 1.015
epsilon   		 1.04844
Q         		 1
Y         		 2.86138
M         		 0.436668
L         		 0.262151
C         		 1.94489
I         		 0.38435
K         		 19.2175
EX        		 0.508221
N         		 3.6833
K_b       		 14.6954
K_h       		 4.52213
D         		 5.62944
D_star    		 4.27123
x         		 0.304731
psi       		 1.59989
phi       		 3.98974
upsilon   		 1.56389
mu        		 0.00724967
mu_star   		 0.00577078
A         		 1
R_star    		 1.01125
Y_star    		 0.484739
Phi       		 0
Theta     		 0.401
chi_h     		 0.0104815
chi_b     		 0.0134416
Ynet      		 2.37964
P_c       		 1
R_dc      		 1
theta_c   		 1
cryp      		 0.91795
DC        		 1.9728
m         		 1.9545
R_c       		 1
Lambda    		 0.985222
gam       		 0.030408
trs       		 0.49767
Lambda1   		 1.01897
sigma_Rc  		 0
mu_cryp   		 0.0231117
x_c       		 0.0624652
DE        		 1
logY      		 1.05131
logPi     		 0
logR      		 0.0148886
logI      		 -0.956201
logL      		 -1.33883
logC      		 0.665205
logEX     		 -0.676838
logM      		 -0.828583
logD      		 1.72801
logD_star 		 1.4519
logN      		 1.30381
spread    		 0.0047052
logDC     		 0.679454
logm      		 0.670136
leverage  		 1.38373
TB        		 0.0715536
logcryp   		 -0.0856119

EIGENVALUES:
         Modulus             Real        Imaginary

       2.347e-16        2.347e-16                0
       3.304e-15        3.304e-15                0
       1.002e-14        1.002e-14                0
       6.366e-09        6.366e-09                0
       6.366e-09       -6.366e-09                0
          0.4589           0.4589                0
             0.9              0.9                0
             0.9              0.9                0
          0.9363           0.9363                0
            0.95             0.95                0
            0.95             0.95                0
            0.95             0.95                0
          0.9756           0.9756                0
          0.9848           0.9848                0
           1.025            1.025                0
           1.042            1.042                0
           1.071            1.071                0
            1.18             1.18                0
           1.555            1.555                0
       1.841e+18       -1.841e+18                0
             Inf             -Inf                0


There are 7 eigenvalue(s) larger than 1 in modulus 
for 7 forward-looking variable(s)

The rank condition is verified.

MODEL_DIAGNOSTICS:  The Jacobian of the static model is singular
MODEL_DIAGNOSTICS:  there is 2 colinear relationships between the variables and the equations
Relation 1
Colinear variables:
Z
w
epsilon
Y
M
L
C
I
K
EX
N
K_b
K_h
D
D_star
x
psi
phi
upsilon
mu
mu_star
R_star
Y_star
chi_h
chi_b
Ynet
cryp
DC
m
gam
Lambda1
mu_cryp
x_c
logY
logI
logL
logC
logEX
logM
logD
logD_star
logN
spread
logDC
logm
leverage
TB
logcryp
Relation 2
Colinear variables:
Z
w
epsilon
Y
M
L
C
I
K
EX
N
K_b
K_h
D
D_star
x
psi
phi
upsilon
mu
mu_star
R_star
Y_star
chi_h
chi_b
Ynet
cryp
DC
m
gam
trs
Lambda1
mu_cryp
x_c
logY
logI
logL
logC
logEX
logM
logD
logD_star
logN
spread
logDC
logm
leverage
TB
logcryp
Relation 1
Colinear equations
    46    47

Relation 2
Colinear equations
    46    47

MODEL_DIAGNOSTICS:  The presence of a singularity problem typically indicates that there is one
MODEL_DIAGNOSTICS:  redundant equation entered in the model block, while another non-redundant equation
MODEL_DIAGNOSTICS:  is missing. The problem often derives from Walras Law.

MODEL SUMMARY

  Number of variables:         65
  Number of stochastic shocks: 6
  Number of state variables:   14
  Number of jumpers:           7
  Number of static variables:  45


MATRIX OF COVARIANCE OF EXOGENOUS SHOCKS
Variables               varepsilon_R      varepsilon_A  varepsilon_Rstar  varepsilon_Ystar            eps_Rc               vol
varepsilon_R                0.000006          0.000000          0.000000          0.000000          0.000000          0.000000
varepsilon_A                0.000000          0.000100          0.000000          0.000000          0.000000          0.000000
varepsilon_Rstar            0.000000          0.000000          0.000006          0.000000          0.000000          0.000000
varepsilon_Ystar            0.000000          0.000000          0.000000          0.000000          0.000000          0.000000
eps_Rc                      0.000000          0.000000          0.000000          0.000000          0.000000          0.000000
vol                         0.000000          0.000000          0.000000          0.000000          0.000000          0.000000

POLICY AND TRANSITION FUNCTIONS
                                  mc              Pi               Z               w               R         epsilon               Q               Y               M               L               C               I               K              EX               N             K_b             K_h               D          D_star               x             psi             phi         upsilon              mu         mu_star               A          R_star          Y_star             Phi           Theta           chi_h           chi_b            Ynet             P_c            R_dc         theta_c            cryp              DC               m             R_c          Lambda             gam             trs         Lambda1        sigma_Rc         mu_cryp             x_c              DE            logY           logPi            logR            logI            logL            logC           logEX            logM            logD       logD_star            logN          spread           logDC            logm        leverage              TB         logcryp
Constant                    0.888889        1.000000        0.039705        5.045165        1.015000        1.048443        1.000000        2.861383        0.436668        0.262151        1.944888        0.384350       19.217522        0.508221        3.683297       14.695395        4.522128        5.629441        4.271235        0.304731        1.599885        3.989739        1.563892        0.007250        0.005771        1.000000        1.011255        0.484739               0        0.401000        0.010482        0.013442        2.379639        1.000000        1.000000        1.000000        0.917950        1.972800        1.954502        1.000000        0.985222        0.030408        0.497670        1.018974               0        0.023112        0.062465        1.000000        1.051305               0        0.014889       -0.956201       -1.338835        0.665205       -0.676838       -0.828583        1.728011        1.451904        1.303808        0.004705        0.679454        0.670136        1.383726        0.071554       -0.085612
R(-1)                      -2.818482       -0.996324       -0.264392       -8.398783        0.331914       -1.790946       -2.137019       -9.980746       -2.161802       -1.309223       -8.193619       -1.232046       -1.232046       -0.868141      -37.017050      -62.861436       61.629390      -46.292421       -2.161802        1.279970        5.816111       14.504017        4.996845        0.137923        0.000240               0               0               0               0               0        0.286365        0.026695       -7.245231               0        0.331914               0       -1.013530       -6.199425      -10.430772               0       -0.774415        0.365548       -0.548574        1.383569               0        0.577694        0.331723       -2.704519       -3.488085       -0.996324        0.327009       -3.205529       -4.994158       -4.212899       -1.708195       -4.950681       -8.223271       -0.506131      -10.049977        0.078179       -3.142449       -5.336791        3.635330        1.293661       -1.104122
K(-1)                      -0.010315       -0.004142       -0.002049        0.000543       -0.000221        0.022255       -0.022231        0.034438       -0.009081        0.000085        0.028815       -0.012817        0.967183        0.010788       -0.442909       -0.519553        1.486736       -0.489520       -0.009081        0.023369        0.100251        0.250004        0.087521        0.002585        0.000193               0               0               0               0               0        0.006364        0.001288        0.026589               0       -0.000221               0        0.001929        0.027763        0.030482               0       -0.001936       -0.001115        0.000381       -0.030146               0        0.000958        0.003728        0.017085        0.012035       -0.004142       -0.000217       -0.033347        0.000323        0.014816        0.021227       -0.020796       -0.086957       -0.002126       -0.120248        0.001424        0.014073        0.015596        0.062662        0.019869        0.002101
K_b(-1)                     0.001325        0.000477        0.000131        0.004153        0.000199        0.000435        0.024682        0.005157        0.001257        0.000647        0.005746        0.014230        0.014230        0.000211        1.297767        2.661996       -2.647766        1.721469        0.001257       -0.062506       -0.234401       -0.584542       -0.206358       -0.005386       -0.000876               0               0               0               0               0       -0.012282       -0.002748        0.018679               0        0.000199               0       -0.000451        0.007104        0.004447               0        0.000027        0.000110       -0.000331       -0.002840               0       -0.002747       -0.012888        0.000891        0.001802        0.000477        0.000196        0.037023        0.002470        0.002954        0.000415        0.002878        0.305797        0.000294        0.352338       -0.002875        0.003601        0.002275       -0.146511       -0.001046       -0.000491
D(-1)                      -0.001319       -0.000474       -0.000130       -0.004134       -0.000198       -0.000433       -0.024568       -0.005133       -0.001251       -0.000644       -0.005719       -0.014164       -0.014164       -0.000210       -1.291778       -2.649713        2.635548       -1.713526       -0.001251        0.062217        0.233320        0.581845        0.205406        0.005361        0.000872               0               0               0               0               0        0.012225        0.002735       -0.018593               0       -0.000198               0        0.000449       -0.007071       -0.004427               0       -0.000027       -0.000110        0.000330        0.002827               0        0.002734        0.012828       -0.000887       -0.001794       -0.000474       -0.000196       -0.036852       -0.002458       -0.002941       -0.000413       -0.002865       -0.304386       -0.000293       -0.350712        0.002861       -0.003584       -0.002265        0.145835        0.001041        0.000489
D_star(-1)                 -0.007071       -0.001531       -0.001419       -0.045065        0.001947        0.043153       -0.056895       -0.079473       -0.033575       -0.007025       -0.096203       -0.032801       -0.032801        0.020918       -1.976128       -3.733731        3.700930       -3.783306        0.977680        0.177057        0.360839        0.899849        0.316983        0.007827        0.003766               0               0               0               0               0        0.017174        0.011440       -0.091729               0        0.001947               0       -0.008309       -0.085086       -0.109679               0       -0.002056        0.003786       -0.003247        0.063125               0        0.007640        0.018859        0.039628       -0.027774       -0.001531        0.001919       -0.085342       -0.026797       -0.049465        0.041159       -0.076888       -0.672057        0.228899       -0.536511        0.004136       -0.043130       -0.056116        0.225541        0.054492       -0.009051
A(-1)                      -0.554179       -0.218556        0.010642        0.338072       -0.008373        1.230713        0.939511        2.550889       -0.395539        0.052699        1.422414        0.541652        0.541652        0.596574        6.586744        5.117742       -4.576090        7.430427       -0.395539       -0.062934       -0.800756       -1.996899       -0.705193       -0.017621        0.001622        0.950000               0               0               0               0       -0.021509        0.011758        2.437927               0       -0.008373               0        0.076843        1.387528        1.486967               0       -0.103449       -0.044847        0.014365       -1.228733               0       -0.023132       -0.075211        0.955292        0.891488       -0.218556       -0.008249        1.409266        0.201027        0.731360        1.173848       -0.905811        1.319923       -0.092605        1.788274       -0.008820        0.703329        0.760791       -0.500509        0.992113        0.083712
R_star(-1)                  0.827434        0.544942       -0.012946       -0.411260        0.561500        6.238644       -4.064884       -3.596545       -2.740722       -0.064108       -5.262905       -2.343510       -2.343510        3.024113      -81.694556     -138.929368      136.585858     -143.051910        1.530512        6.042074       13.856468       34.554783       12.009444        0.304993        0.103935               0        0.900000               0               0               0        0.634444        0.351314       -4.433024               0        0.561500               0       -1.818036       -1.740768       -9.031166               0       -0.159814        0.690265       -0.934558        4.749088               0        1.029843        0.720741        6.495329       -1.256925        0.544942        0.553202       -6.097327       -0.244547       -2.706019        5.950387       -6.276449      -25.411387        0.358330      -22.179736        0.162578       -0.882384       -4.620698        8.660913        5.764836       -1.980539
Y_star(-1)                  0.252909        0.089928        0.033943        1.078260        0.004752       -0.483903        0.128562        1.632027        0.574842        0.168082        0.912286        0.074119        0.074119        0.709032        4.748434        8.563775       -8.489655        8.098883       -0.325158       -0.380605       -0.924519       -2.305534       -0.823059       -0.018386       -0.008560               0               0        0.900000               0               0       -0.039396       -0.024016        1.304053               0        0.004752               0       -0.010513        0.957235        0.883659               0        0.036494        0.002456       -0.008275       -0.073247               0       -0.004950       -0.045148       -0.371616        0.570363        0.089928        0.004681        0.192843        0.641164        0.469068        1.395126        1.316430        1.438666       -0.076127        1.289180       -0.009631        0.485216        0.452114       -0.577866        0.134190       -0.011453
P_c(-1)                    -0.009898       -0.001360       -0.000729       -0.023152       -0.001594       -0.018888        0.024618       -0.020659       -0.000149       -0.003609       -0.011863        0.014193        0.014193       -0.009156        0.393424        2.355794       -2.341601        5.314860       -0.000149       -0.061853        0.124972        0.311651       -0.182770       -0.004785       -0.033651               0               0               0               0               0       -0.010863       -0.002971        0.001578               0       -0.001594               0       -2.912862       -0.022268       -0.001275       -1.000000        0.002098       -0.001715        0.002659       -0.005272               0        1.535660       -0.209767       -0.019375       -0.007220       -0.001360       -0.001571        0.036927       -0.013767       -0.006100       -0.018015       -0.000341        0.944118       -0.000035        0.106813       -0.002566       -0.011288       -0.000652        0.078113       -0.009007       -3.173224
theta_c(-1)                -0.001702       -0.000196       -0.000151       -0.004812       -0.000164       -0.001595        0.000215       -0.005439       -0.001002       -0.000750       -0.003855        0.000124        0.000124       -0.000773        0.006081        0.159630       -0.159506        0.614384       -0.001002       -0.003911        0.015082        0.037611       -0.033689       -0.000413       -0.005190               0               0               0               0               0       -0.000739       -0.000196       -0.002757       -0.154393       -0.000164        0.950000       -0.450006       -0.004966       -0.002775       -0.154393        0.000292       -0.000153        0.000274        0.000231               0        0.237139       -0.031314       -0.001717       -0.001901       -0.000196       -0.000162        0.000323       -0.002861       -0.001982       -0.001521       -0.002294        0.109138       -0.000235        0.001651       -0.000168       -0.002517       -0.001420        0.009427        0.000229       -0.490229
cryp(-1)                   -0.001299       -0.000467       -0.000128       -0.004073       -0.000196       -0.000427       -0.024205       -0.005057       -0.001232       -0.000635       -0.005635       -0.013955       -0.013955       -0.000207       -1.272688       -2.610554        2.596599       -1.688203       -0.001232        0.061298        0.229872        0.573246        0.202370        0.005282        0.000859               0               0               0               0               0        0.012045        0.002694       -0.018318               0       -0.000196               0        0.000442       -0.006967       -0.004361               0       -0.000027       -0.000108        0.000325        0.002785               0        0.002694        0.012639       -0.000874       -0.001767       -0.000467       -0.000193       -0.036308       -0.002422       -0.002897       -0.000407       -0.002822       -0.299888       -0.000289       -0.345530        0.002819       -0.003531       -0.002231        0.143680        0.001026        0.000482
R_c(-1)                    -0.001193       -0.000429       -0.000118       -0.003739       -0.000179       -0.000392       -0.022219       -0.004642       -0.001131       -0.000583       -0.005172       -0.012810       -0.012810       -0.000190       -1.168264       -2.396359        2.383550       -1.549686       -0.001131        0.056268        0.211011        0.526212        0.185766        0.004848        0.000789               0               0               0               0               0        0.011056        0.002473       -0.016815               0       -0.000179               0        0.000406       -0.006395       -0.004004               0       -0.000024       -0.000099        0.000298        0.002557               0        0.002473        0.011602       -0.000802       -0.001622       -0.000429       -0.000177       -0.033329       -0.002223       -0.002659       -0.000373       -0.002591       -0.275282       -0.000265       -0.317179        0.002588       -0.003242       -0.002048        0.131891        0.000941        0.000442
sigma_Rc(-1)                       0               0               0               0               0               0               0               0               0               0               0               0               0               0               0               0               0               0               0               0               0               0               0               0               0               0               0               0               0               0               0               0               0               0               0               0               0               0               0               0               0               0               0               0        0.950000               0               0               0               0               0               0               0               0               0               0               0               0               0               0               0               0               0               0               0               0
epsilon(-1)                 0.204112        0.072150        0.019144        0.608151       -0.024179        0.129862        0.145270        0.722611        0.156460        0.094800        0.592616        0.083752        0.083752        0.062949        2.167522        3.497182       -3.413430        2.671147        0.156460       -0.067881       -0.328336       -0.818794       -0.280092       -0.007855        0.000334               0               0               0               0               0       -0.015869       -0.000837        0.518572               0       -0.024179               0        0.073771        0.447278        0.755571               0        0.056218       -0.026586        0.039963       -0.099319               0       -0.040844       -0.018920       -0.757784        0.252539        0.072150       -0.023822        0.217906        0.361624        0.304705        0.123862        0.358304        0.474496        0.036631        0.588473       -0.004524        0.226722        0.386580       -0.205225       -0.093510        0.080365
varepsilon_R               -3.566668       -1.260748       -0.334532      -10.626865        0.422513       -2.269216       -2.538462      -12.626951       -2.733984       -1.656542      -10.355408       -1.463489       -1.463489       -1.099977      -37.875395      -61.109945       59.646457      -46.675769       -2.733984        1.186150        5.737365       14.307644        4.894349        0.137266       -0.005831               0               0               0               0               0        0.277299        0.014624       -9.061553               0        0.422513               0       -1.289076       -7.815763      -13.202891               0       -0.982349        0.464560       -0.698324        1.735509               0        0.713709        0.330604       -3.425115       -4.412884       -1.260748        0.416269       -3.807693       -6.319039       -5.324423       -2.164367       -6.261019       -8.291368       -0.640092      -10.283014        0.079055       -3.961761       -6.755116        3.586110        1.634007       -1.404298
varepsilon_A               -0.583347       -0.230059        0.011203        0.355865       -0.008814        1.295487        0.988958        2.685146       -0.416356        0.055473        1.497277        0.570160        0.570160        0.627973        6.933415        5.387097       -4.816937        7.821502       -0.416356       -0.066246       -0.842901       -2.101999       -0.742308       -0.018548        0.001707        1.000000               0               0               0               0       -0.022641        0.012376        2.566239               0       -0.008814               0        0.080888        1.460556        1.565228               0       -0.108894       -0.047207        0.015121       -1.293403               0       -0.024349       -0.079170        1.005570        0.938408       -0.230059       -0.008684        1.483438        0.211608        0.769853        1.235629       -0.953486        1.389392       -0.097479        1.882394       -0.009285        0.740346        0.800832       -0.526851        1.044329        0.088118
varepsilon_Rstar            0.952555        0.612674       -0.007727       -0.245465        0.614751        6.729310       -4.249530       -3.623194       -2.887682       -0.038264       -5.396190       -2.449963       -2.449963        3.261958      -81.497763     -136.843569      134.393606     -141.191515       -2.887682        5.882486       13.702657       34.171214       11.856227        0.302147        0.097810               0        1.000000               0               0               0        0.624339        0.336661       -4.495096               0        0.614751               0       -1.981047       -1.534877       -9.519905               0       -0.167924        0.749193       -1.023162        4.980518               0        1.108413        0.712316        7.031057       -1.266239        0.612674        0.605666       -6.374295       -0.145960       -2.774550        6.418382       -6.612996      -25.080911       -0.676077      -22.126307        0.161231       -0.778019       -4.870756        8.564774        6.149640       -2.158120
varepsilon_Ystar            0.281010        0.099920        0.037715        1.198067        0.005280       -0.537670        0.142847        1.813363        0.638714        0.186758        1.013651        0.082355        0.082355        0.787814        5.276038        9.515305       -9.432950        8.998759       -0.361286       -0.422895       -1.027243       -2.561704       -0.914510       -0.020429       -0.009511               0               0        1.000000               0               0       -0.043773       -0.026684        1.448948               0        0.005280               0       -0.011681        1.063594        0.981843               0        0.040549        0.002729       -0.009195       -0.081385               0       -0.005500       -0.050164       -0.412907        0.633736        0.099920        0.005202        0.214270        0.712405        0.521187        1.550140        1.462700        1.598517       -0.084586        1.432423       -0.010701        0.539129        0.502349       -0.642073        0.149100       -0.012725
eps_Rc                             0               0               0               0               0               0               0               0               0               0               0               0               0               0               0               0               0               0               0               0               0               0               0               0               0               0               0               0               0               0               0               0               0               0               0               0               0               0               0               0               0               0               0               0        0.030000               0               0               0               0               0               0               0               0               0               0               0               0               0               0               0               0               0               0               0               0
vol                        -0.001791       -0.000206       -0.000159       -0.005066       -0.000173       -0.001679        0.000227       -0.005726       -0.001055       -0.000790       -0.004058        0.000131        0.000131       -0.000814        0.006401        0.168032       -0.167901        0.646720       -0.001055       -0.004117        0.015876        0.039590       -0.035462       -0.000435       -0.005464               0               0               0               0               0       -0.000778       -0.000206       -0.002902       -0.162519       -0.000173        1.000000       -0.473691       -0.005228       -0.002921       -0.162519        0.000307       -0.000162        0.000289        0.000243               0        0.249620       -0.032962       -0.001807       -0.002001       -0.000206       -0.000170        0.000340       -0.003012       -0.002086       -0.001601       -0.002415        0.114882       -0.000247        0.001738       -0.000177       -0.002650       -0.001495        0.009923        0.000241       -0.516031
[Warning: Aggregate variance and sum of variances by shocks differ by more than 0.01 %] 
[> In <a href="matlab:matlab.internal.language.introspective.errorDocCallback('th_autocovariances', 'C:\dynare\5.1\matlab\th_autocovariances.m', 206)" style="font-weight:bold">th_autocovariances</a> (<a href="matlab: opentoline('C:\dynare\5.1\matlab\th_autocovariances.m',206,0)">line 206</a>)
In <a href="matlab:matlab.internal.language.introspective.errorDocCallback('disp_th_moments', 'C:\dynare\5.1\matlab\disp_th_moments.m', 40)" style="font-weight:bold">disp_th_moments</a> (<a href="matlab: opentoline('C:\dynare\5.1\matlab\disp_th_moments.m',40,0)">line 40</a>)
In <a href="matlab:matlab.internal.language.introspective.errorDocCallback('stoch_simul', 'C:\dynare\5.1\matlab\stoch_simul.m', 210)" style="font-weight:bold">stoch_simul</a> (<a href="matlab: opentoline('C:\dynare\5.1\matlab\stoch_simul.m',210,0)">line 210</a>)
In <a href="matlab:matlab.internal.language.introspective.errorDocCallback('cdbc_markdown.driver', 'D:\crypto2\crypto_liquidity\cdbc_markdown_6\+cdbc_markdown\driver.m', 838)" style="font-weight:bold">cdbc_markdown.driver</a> (<a href="matlab: opentoline('D:\crypto2\crypto_liquidity\cdbc_markdown_6\+cdbc_markdown\driver.m',838,0)">line 838</a>)
In <a href="matlab:matlab.internal.language.introspective.errorDocCallback('dynare', 'C:\dynare\5.1\matlab\dynare.m', 281)" style="font-weight:bold">dynare</a> (<a href="matlab: opentoline('C:\dynare\5.1\matlab\dynare.m',281,0)">line 281</a>)
In <a href="matlab:matlab.internal.language.introspective.errorDocCallback('plotfile_sto', 'D:\crypto2\crypto_liquidity\plotfile_sto.m', 40)" style="font-weight:bold">plotfile_sto</a> (<a href="matlab: opentoline('D:\crypto2\crypto_liquidity\plotfile_sto.m',40,0)">line 40</a>)] 


THEORETICAL MOMENTS
VARIABLE          MEAN  STD. DEV.   VARIANCE
mc              0.8889     0.0124     0.0002
Pi              1.0000     0.0053     0.0000
Z               0.0397     0.0019     0.0000
w               5.0452     0.0805     0.0065
R               1.0150     0.0051     0.0000
epsilon         1.0484     0.0703     0.0049
Q               1.0000     0.0471     0.0022
Y               2.8614     0.1802     0.0325
M               0.4367     0.0221     0.0005
L               0.2622     0.0125     0.0002
C               1.9449     0.1345     0.0181
I               0.3844     0.0272     0.0007
K              19.2175     0.6450     0.4160
EX              0.5082     0.0341     0.0012
N               3.6833     0.6385     0.4076
K_b            14.6954     1.1290     1.2747
K_h             4.5221     0.9615     0.9245
D               5.6294     1.0837     1.1743
D_star          4.2712     0.1424     0.0203
x               0.3047     0.0423     0.0018
psi             1.5999     0.0984     0.0097
phi             3.9897     0.2454     0.0602
upsilon         1.5639     0.0853     0.0073
mu              0.0072     0.0022     0.0000
mu_star         0.0058     0.0008     0.0000
A               1.0000     0.0320     0.0010
R_star          1.0113     0.0057     0.0000
Y_star          0.4847     0.0000     0.0000
Phi             0.0000     0.0000     0.0000
Theta           0.4010     0.0000     0.0000
chi_h           0.0105     0.0045     0.0000
chi_b           0.0134     0.0025     0.0000
Ynet            2.3796     0.1527     0.0233
P_c             1.0000     0.0000     0.0000
R_dc            1.0000     0.0051     0.0000
theta_c         1.0000     0.0000     0.0000
cryp            0.9180     0.0177     0.0003
DC              1.9728     0.1100     0.0121
m               1.9545     0.1652     0.0273
R_c             1.0000     0.0000     0.0000
Lambda          0.9852     0.0039     0.0000
gam             0.0304     0.0071     0.0001
trs             0.4977     0.0086     0.0001
Lambda1         1.0190     0.0760     0.0058
sigma_Rc        0.0000     0.0000     0.0000
mu_cryp         0.0231     0.0089     0.0001
x_c             0.0625     0.0060     0.0000
DE              1.0000     0.0223     0.0005
logY            1.0513     0.0630     0.0040
logPi           0.0000     0.0053     0.0000
logR            0.0149     0.0051     0.0000
logI           -0.9562     0.0707     0.0050
logL           -1.3388     0.0479     0.0023
logC            0.6652     0.0692     0.0048
logEX          -0.6768     0.0670     0.0045
logM           -0.8286     0.0507     0.0026
logD            1.7280     0.1925     0.0371
logD_star       1.4519     0.0333     0.0011
logN            1.3038     0.1733     0.0300
spread          0.0047     0.0012     0.0000
logDC           0.6795     0.0557     0.0031
logm            0.6701     0.0845     0.0071
leverage        1.3837     0.0615     0.0038
TB              0.0716     0.0481     0.0023
logcryp        -0.0856     0.0193     0.0004



VARIANCE DECOMPOSITION (in percent)
                 varepsilon_R      varepsilon_A  varepsilon_Rstar  varepsilon_Ystar            eps_Rc               vol
mc                      65.74             28.44              5.82              0.00              0.00              0.00
Pi                      45.25             29.88             24.87              0.00              0.00              0.00
Z                       24.91             71.94              3.15              0.00              0.00              0.00
w                       13.78             79.61              6.61              0.00              0.00              0.00
R                        5.24             29.78             64.98              0.00              0.00              0.00
epsilon                  1.39             72.95             25.66              0.00              0.00              0.00
Q                        2.85             64.64             32.51              0.00              0.00              0.00
Y                        3.88             87.95              8.17              0.00              0.00              0.00
M                       12.29              4.43             83.28              0.00              0.00              0.00
L                       13.78             79.61              6.61              0.00              0.00              0.00
C                        4.64             77.31             18.04              0.00              0.00              0.00
I                        2.85             64.64             32.51              0.00              0.00              0.00
K                        0.79             73.57             25.64              0.00              0.00              0.00
EX                       1.39             72.95             25.66              0.00              0.00              0.00
N                       13.43             14.32             72.25              0.00              0.00              0.00
K_b                     18.43              7.40             74.17              0.00              0.00              0.00
K_h                     20.98              8.41             70.61              0.00              0.00              0.00
D                        5.51              9.81             84.69              0.00              0.00              0.00
D_star                  23.03              9.86             67.11              0.00              0.00              0.00
x                        2.61              0.66             96.73              0.00              0.00              0.00
psi                     15.96              4.23             79.81              0.00              0.00              0.00
phi                     15.96              4.23             79.81              0.00              0.00              0.00
upsilon                 16.28              4.11             79.61              0.00              0.00              0.00
mu                      18.49              4.33             77.18              0.00              0.00              0.00
mu_star                  1.35              3.53             95.12              0.00              0.00              0.00
A                        0.00            100.00              0.00              0.00              0.00              0.00
R_star                   0.00              0.00            100.00              0.00              0.00              0.00
Y_star                   0.00              0.00              0.00            100.00              0.00              0.00
Phi                     10.48             28.46             61.06              0.00              0.00              0.00
Theta                    7.96              3.06             88.98              0.00              0.00              0.00
chi_h                   21.51              5.20             73.29              0.00              0.00              0.00
chi_b                    1.38              6.03             92.59              0.00              0.00              0.00
Ynet                     2.87             86.54             10.59              0.00              0.00              0.00
P_c                      0.00              0.00              0.00              0.00              0.00            100.00
R_dc                     5.24             29.78             64.98              0.00              0.00              0.00
theta_c                  0.00              0.00              0.00              0.00              0.00            100.00
cryp                     4.11             36.98             58.91              0.00              0.00              0.00
DC                       3.97             86.25              9.78              0.00              0.00              0.00
m                        5.00             69.24             25.76              0.00              0.00              0.00
R_c                      0.00              0.00              0.00              0.00              0.00            100.00
Lambda                  48.82             26.02             25.15              0.00              0.00              0.00
gam                      3.32             42.50             54.17              0.00              0.00              0.00
trs                      5.18             29.75             65.07              0.00              0.00              0.00
Lambda1                  0.43             70.77             28.80              0.00              0.00              0.00
sigma_Rc                 0.00              0.03              0.00              0.00             99.97              0.00
mu_cryp                  5.49             24.96             69.55              0.00              0.00              0.00
x_c                     14.73             20.16             65.11              0.00              0.00              0.00
DE                      15.05             21.98             62.96              0.00              0.00              0.00
logY                     3.88             87.95              8.17              0.00              0.00              0.00
logPi                   45.25             29.88             24.87              0.00              0.00              0.00
logR                     5.24             29.78             64.98              0.00              0.00              0.00
logI                     2.85             64.64             32.51              0.00              0.00              0.00
logL                    13.78             79.61              6.61              0.00              0.00              0.00
logC                     4.64             77.31             18.04              0.00              0.00              0.00
logEX                    1.39             72.95             25.66              0.00              0.00              0.00
logM                    12.29              4.43             83.28              0.00              0.00              0.00
logD                     5.51              9.81             84.69              0.00              0.00              0.00
logD_star               23.03              9.86             67.11              0.00              0.00              0.00
logN                    13.43             14.32             72.25              0.00              0.00              0.00
spread                  19.15              4.42             76.43              0.00              0.00              0.00
logDC                    3.97             86.25              9.78              0.00              0.00              0.00
logm                     5.00             69.24             25.76              0.00              0.00              0.00
leverage                15.96              4.23             79.81              0.00              0.00              0.00
TB                       1.55             38.97             59.48              0.00              0.00              0.00
logcryp                  4.11             36.98             58.91              0.00              0.00              0.00



MATRIX OF CORRELATIONS
Variables           mc         Pi          Z          w          R    epsilon          Q          Y          M          L          C          I          K         EX          N        K_b        K_h          D     D_star          x        psi        phi    upsilon         mu    mu_star          A     R_star      chi_h      chi_b       Ynet       R_dc       cryp         DC          m     Lambda        gam        trs    Lambda1    mu_cryp        x_c         DE       logY      logPi       logR       logI       logL       logC      logEX       logM       logD  logD_star       logN     spread      logDC       logm   leverage         TB    logcryp
mc              1.0000     0.9343     0.2523     0.1693     0.0273     0.0020    -0.1861    -0.0497     0.2105     0.1693    -0.0315    -0.1861    -0.0418     0.0020    -0.0843    -0.0249     0.0012    -0.1116     0.1246     0.1079     0.0640     0.0640     0.0653     0.0471     0.1449    -0.2783     0.2038     0.0045     0.1022    -0.0928     0.0273    -0.0612    -0.0305    -0.0318     0.6109     0.0860    -0.0288     0.2086     0.0332     0.0986     0.1916    -0.0497     0.9343     0.0273    -0.1861     0.1693    -0.0315     0.0020     0.2105    -0.1116     0.1246    -0.0843     0.0326    -0.0305    -0.0318     0.0640    -0.0955    -0.0612
Pi              0.9343     1.0000     0.0433    -0.0876     0.3802     0.0028    -0.4769    -0.2954    -0.1141    -0.0876    -0.3151    -0.4769    -0.2432     0.0028    -0.4099    -0.3377     0.2334    -0.4425     0.2484     0.4102     0.3680     0.3680     0.3680     0.3381     0.4022    -0.4087     0.4875     0.2528     0.3470    -0.3449     0.3802    -0.4082    -0.2766    -0.3369     0.2918     0.4268    -0.3816     0.4937     0.3860     0.4207     0.2395    -0.2954     1.0000     0.3802    -0.4769    -0.0876    -0.3151     0.0028    -0.1141    -0.4425     0.2484    -0.4099     0.3229    -0.2766    -0.3369     0.3680     0.0545    -0.4082
Z               0.2523     0.0433     1.0000     0.8583    -0.6001     0.6178     0.8002     0.8139     0.2634     0.8583     0.7766     0.8002     0.2485     0.6178     0.4682     0.2895    -0.1733     0.3627    -0.0491    -0.1454    -0.3448    -0.3448    -0.3394    -0.3417     0.0763     0.7894    -0.1197    -0.1931     0.1041     0.7998    -0.6001     0.6235     0.7841     0.7598     0.6649    -0.6377     0.5992    -0.6668    -0.5750    -0.4972     0.0983     0.8139     0.0433    -0.6001     0.8002     0.8583     0.7766     0.6178     0.2634     0.3627    -0.0491     0.4682    -0.3493     0.7841     0.7598    -0.3448     0.3164     0.6235
w               0.1693    -0.0876     0.8583     1.0000    -0.7413     0.7011     0.8356     0.9759     0.3318     1.0000     0.9664     0.8356     0.7102     0.7011     0.5828     0.4820    -0.0896     0.5344    -0.3538    -0.2972    -0.4002    -0.4002    -0.3955    -0.3499    -0.1406     0.8306    -0.1851    -0.1458    -0.0319     0.9647    -0.7413     0.7826     0.9772     0.9444     0.7188    -0.8091     0.7407    -0.8906    -0.7070    -0.6362     0.0331     0.9759    -0.0876    -0.7413     0.8356     1.0000     0.9664     0.7011     0.3318     0.5344    -0.3538     0.5828    -0.3476     0.9772     0.9444    -0.4002     0.3439     0.7826
R               0.0273     0.3802    -0.6001    -0.7413     1.0000    -0.0826    -0.8940    -0.7573    -0.8243    -0.7413    -0.8469    -0.8940    -0.5882    -0.0826    -0.9230    -0.8592     0.6143    -0.9308     0.3558     0.8255     0.8432     0.8432     0.8394     0.8029     0.6909    -0.5014     0.7960     0.6615     0.6414    -0.7814     1.0000    -0.9961    -0.7514    -0.9004    -0.7735     0.9883    -1.0000     0.8782     0.9970     0.9227     0.1626    -0.7573     0.3802     1.0000    -0.8940    -0.7413    -0.8469    -0.0826    -0.8243    -0.9308     0.3558    -0.9230     0.7986    -0.7514    -0.9004     0.8432     0.3207    -0.9961
epsilon         0.0020     0.0028     0.6178     0.7011    -0.0826     1.0000     0.3925     0.7100    -0.4401     0.7011     0.5911     0.3925     0.4675     1.0000    -0.0566    -0.1619     0.5037    -0.1453    -0.1262     0.4094     0.2579     0.2579     0.2605     0.2936     0.5123     0.8318     0.5036     0.4673     0.6350     0.6793    -0.0826     0.1589     0.7088     0.5007     0.1072    -0.2146     0.0820    -0.4889    -0.0356    -0.0309     0.1574     0.7100     0.0028    -0.0826     0.3925     0.7011     0.5911     1.0000    -0.4401    -0.1453    -0.1262    -0.0566     0.2960     0.7088     0.5007     0.2579     0.9107     0.1589
Q              -0.1861    -0.4769     0.8002     0.8356    -0.8940     0.3925     1.0000     0.8880     0.5330     0.8356     0.9114     1.0000     0.4913     0.3925     0.8268     0.6829    -0.4723     0.7732    -0.2505    -0.5886    -0.7110    -0.7110    -0.7070    -0.6827    -0.3966     0.8005    -0.5691    -0.5116    -0.3381     0.9081    -0.8940     0.9159     0.8631     0.9312     0.6059    -0.9275     0.8939    -0.9230    -0.8852    -0.8500    -0.0825     0.8880    -0.4769    -0.8940     1.0000     0.8356     0.9114     0.3925     0.5330     0.7732    -0.2505     0.8268    -0.6797     0.8631     0.9312    -0.7110     0.0328     0.9159
Y              -0.0497    -0.2954     0.8139     0.9759    -0.7573     0.7100     0.8880     1.0000     0.2897     0.9759     0.9863     0.8880     0.7290     0.7100     0.6092     0.4940    -0.0911     0.5662    -0.3861    -0.3250    -0.4197    -0.4197    -0.4153    -0.3650    -0.1746     0.9033    -0.2326    -0.1488    -0.0550     0.9981    -0.7573     0.8066     0.9971     0.9641     0.5933    -0.8390     0.7570    -0.9486    -0.7238    -0.6665    -0.0088     1.0000    -0.2954    -0.7573     0.8880     0.9759     0.9863     0.7100     0.2897     0.5662    -0.3861     0.6092    -0.3595     0.9971     0.9641    -0.4197     0.3696     0.8066
M               0.2105    -0.1141     0.2634     0.3318    -0.8243    -0.4401     0.5330     0.2897     1.0000     0.3318     0.4349     0.5330     0.2760    -0.4401     0.8087     0.8212    -0.7792     0.8652    -0.2786    -0.9159    -0.8451    -0.8451    -0.8427    -0.8290    -0.8548    -0.0544    -0.8993    -0.8018    -0.8803     0.3162    -0.8243     0.7752     0.2929     0.5268     0.7634    -0.7350     0.8243    -0.4746    -0.8432    -0.7602    -0.1666     0.2897    -0.1141    -0.8243     0.5330     0.3318     0.4349    -0.4401     1.0000     0.8652    -0.2786     0.8087    -0.8293     0.2929     0.5268    -0.8451    -0.7717     0.7752
L               0.1693    -0.0876     0.8583     1.0000    -0.7413     0.7011     0.8356     0.9759     0.3318     1.0000     0.9664     0.8356     0.7102     0.7011     0.5828     0.4820    -0.0896     0.5344    -0.3538    -0.2972    -0.4002    -0.4002    -0.3955    -0.3499    -0.1406     0.8306    -0.1851    -0.1458    -0.0319     0.9647    -0.7413     0.7826     0.9772     0.9444     0.7188    -0.8091     0.7407    -0.8906    -0.7070    -0.6362     0.0331     0.9759    -0.0876    -0.7413     0.8356     1.0000     0.9664     0.7011     0.3318     0.5344    -0.3538     0.5828    -0.3476     0.9772     0.9444    -0.4002     0.3439     0.7826
C              -0.0315    -0.3151     0.7766     0.9664    -0.8469     0.5911     0.9114     0.9863     0.4349     0.9664     1.0000     0.9114     0.7638     0.5911     0.7053     0.6080    -0.2015     0.6819    -0.4393    -0.4664    -0.5303    -0.5303    -0.5259    -0.4722    -0.3258     0.8315    -0.3694    -0.2621    -0.2108     0.9897    -0.8469     0.8867     0.9872     0.9939     0.6695    -0.9116     0.8467    -0.9774    -0.8182    -0.7528    -0.0426     0.9863    -0.3151    -0.8469     0.9114     0.9664     1.0000     0.5911     0.4349     0.6819    -0.4393     0.7053    -0.4659     0.9872     0.9939    -0.5303     0.2186     0.8867
I              -0.1861    -0.4769     0.8002     0.8356    -0.8940     0.3925     1.0000     0.8880     0.5330     0.8356     0.9114     1.0000     0.4913     0.3925     0.8268     0.6829    -0.4723     0.7732    -0.2505    -0.5886    -0.7110    -0.7110    -0.7070    -0.6827    -0.3966     0.8005    -0.5691    -0.5116    -0.3381     0.9081    -0.8940     0.9159     0.8631     0.9312     0.6059    -0.9275     0.8939    -0.9230    -0.8852    -0.8500    -0.0825     0.8880    -0.4769    -0.8940     1.0000     0.8356     0.9114     0.3925     0.5330     0.7732    -0.2505     0.8268    -0.6797     0.8631     0.9312    -0.7110     0.0328     0.9159
K              -0.0418    -0.2432     0.2485     0.7102    -0.5882     0.4675     0.4913     0.7290     0.2760     0.7102     0.7638     0.4913     1.0000     0.4675     0.4725     0.5261     0.0530     0.5261    -0.6017    -0.3771    -0.2982    -0.2982    -0.2968    -0.2077    -0.3843     0.4885    -0.2031    -0.0259    -0.2178     0.7284    -0.5882     0.6335     0.7716     0.7470     0.4443    -0.6639     0.5883    -0.7751    -0.5585    -0.5328    -0.0779     0.7290    -0.2432    -0.5882     0.4913     0.7102     0.7638     0.4675     0.2760     0.5261    -0.6017     0.4725    -0.1928     0.7716     0.7470    -0.2982     0.2041     0.6335
EX              0.0020     0.0028     0.6178     0.7011    -0.0826     1.0000     0.3925     0.7100    -0.4401     0.7011     0.5911     0.3925     0.4675     1.0000    -0.0566    -0.1619     0.5037    -0.1453    -0.1262     0.4094     0.2579     0.2579     0.2605     0.2936     0.5123     0.8318     0.5036     0.4673     0.6350     0.6793    -0.0826     0.1589     0.7088     0.5007     0.1072    -0.2146     0.0820    -0.4889    -0.0356    -0.0309     0.1574     0.7100     0.0028    -0.0826     0.3925     0.7011     0.5911     1.0000    -0.4401    -0.1453    -0.1262    -0.0566     0.2960     0.7088     0.5007     0.2579     0.9107     0.1589
N              -0.0843    -0.4099     0.4682     0.5828    -0.9230    -0.0566     0.8268     0.6092     0.8087     0.5828     0.7053     0.8268     0.4725    -0.0566     1.0000     0.9696    -0.8216     0.9765    -0.2048    -0.8948    -0.9737    -0.9737    -0.9727    -0.9522    -0.7415     0.3741    -0.8357    -0.8598    -0.7152     0.6441    -0.9230     0.9095     0.5988     0.7686     0.6708    -0.8949     0.9232    -0.7565    -0.9483    -0.9953    -0.1361     0.6092    -0.4099    -0.9230     0.8268     0.5828     0.7053    -0.0566     0.8087     0.9765    -0.2048     1.0000    -0.9481     0.5988     0.7686    -0.9737    -0.4121     0.9095
K_b            -0.0249    -0.3377     0.2895     0.4820    -0.8592    -0.1619     0.6829     0.4940     0.8212     0.4820     0.6080     0.6829     0.5261    -0.1619     0.9696     1.0000    -0.8213     0.9669    -0.2231    -0.9180    -0.9602    -0.9602    -0.9605    -0.9330    -0.8047     0.2032    -0.8278    -0.8638    -0.7730     0.5285    -0.8592     0.8395     0.4970     0.6757     0.6507    -0.8208     0.8594    -0.6660    -0.8905    -0.9632    -0.1441     0.4940    -0.3377    -0.8592     0.6829     0.4820     0.6080    -0.1619     0.8212     0.9669    -0.2231     0.9696    -0.9272     0.4970     0.6757    -0.9602    -0.4924     0.8395
K_h             0.0012     0.2334    -0.1733    -0.0896     0.6143     0.5037    -0.4723    -0.0911    -0.7792    -0.0896    -0.2015    -0.4723     0.0530     0.5037    -0.8216    -0.8213     1.0000    -0.7825    -0.1416     0.8250     0.9275     0.9275     0.9288     0.9563     0.6871     0.0891     0.8358     0.9969     0.7616    -0.1320     0.6143    -0.5608    -0.0661    -0.2923    -0.4660     0.5185    -0.6145     0.2621     0.6711     0.7736     0.1169    -0.0911     0.2334     0.6143    -0.4723    -0.0896    -0.2015     0.5037    -0.7792    -0.7825    -0.1416    -0.8216     0.9595    -0.0661    -0.2923     0.9275     0.7151    -0.5608
D              -0.1116    -0.4425     0.3627     0.5344    -0.9308    -0.1453     0.7732     0.5662     0.8652     0.5344     0.6819     0.7732     0.5261    -0.1453     0.9765     0.9669    -0.7825     1.0000    -0.3674    -0.9571    -0.9519    -0.9519    -0.9508    -0.9177    -0.8578     0.2932    -0.8818    -0.8249    -0.8214     0.6033    -0.9308     0.9156     0.5673     0.7511     0.6535    -0.8998     0.9311    -0.7547    -0.9521    -0.9657    -0.1615     0.5662    -0.4425    -0.9308     0.7732     0.5344     0.6819    -0.1453     0.8652     1.0000    -0.3674     0.9765    -0.9109     0.5673     0.7511    -0.9519    -0.5009     0.9156
D_star          0.1246     0.2484    -0.0491    -0.3538     0.3558    -0.1262    -0.2505    -0.3861    -0.2786    -0.3538    -0.4393    -0.2505    -0.6017    -0.1262    -0.2048    -0.2231    -0.1416    -0.3674     1.0000     0.3883     0.1065     0.1065     0.1046     0.0256     0.5377    -0.2152     0.1681    -0.0942     0.4180    -0.3919     0.3558    -0.3877    -0.4384    -0.4334    -0.1933     0.4094    -0.3562     0.4935     0.3272     0.2227    -0.0134    -0.3861     0.2484     0.3558    -0.2505    -0.3538    -0.4393    -0.1262    -0.2786    -0.3674     1.0000    -0.2048     0.0109    -0.4384    -0.4334     0.1065     0.0388    -0.3877
x               0.1079     0.4102    -0.1454    -0.2972     0.8255     0.4094    -0.5886    -0.3250    -0.9159    -0.2972    -0.4664    -0.5886    -0.3771     0.4094    -0.8948    -0.9180     0.8250    -0.9571     0.3883     1.0000     0.9239     0.9239     0.9235     0.8970     0.9576    -0.0342     0.9359     0.8557     0.9507    -0.3673     0.8255    -0.7928    -0.3314    -0.5529    -0.5611     0.7647    -0.8259     0.5650     0.8557     0.8611     0.1807    -0.3250     0.4102     0.8255    -0.5886    -0.2972    -0.4664     0.4094    -0.9159    -0.9571     0.3883    -0.8948     0.8904    -0.3314    -0.5529     0.9239     0.7113    -0.7928
psi             0.0640     0.3680    -0.3448    -0.4002     0.8432     0.2579    -0.7110    -0.4197    -0.8451    -0.4002    -0.5303    -0.7110    -0.2982     0.2579    -0.9737    -0.9602     0.9275    -0.9519     0.1065     0.9239     1.0000     1.0000     1.0000     0.9950     0.7806    -0.1874     0.8853     0.9520     0.7909    -0.4594     0.8432    -0.8127    -0.4054    -0.6088    -0.6135     0.7862    -0.8434     0.5930     0.8821     0.9505     0.1404    -0.4197     0.3680     0.8432    -0.7110    -0.4002    -0.5303     0.2579    -0.8451    -0.9519     0.1065    -0.9737     0.9929    -0.4054    -0.6088     1.0000     0.5714    -0.8127
phi             0.0640     0.3680    -0.3448    -0.4002     0.8432     0.2579    -0.7110    -0.4197    -0.8451    -0.4002    -0.5303    -0.7110    -0.2982     0.2579    -0.9737    -0.9602     0.9275    -0.9519     0.1065     0.9239     1.0000     1.0000     1.0000     0.9950     0.7806    -0.1874     0.8853     0.9520     0.7909    -0.4594     0.8432    -0.8127    -0.4054    -0.6088    -0.6135     0.7862    -0.8434     0.5930     0.8821     0.9505     0.1404    -0.4197     0.3680     0.8432    -0.7110    -0.4002    -0.5303     0.2579    -0.8451    -0.9519     0.1065    -0.9737     0.9929    -0.4054    -0.6088     1.0000     0.5714    -0.8127
upsilon         0.0653     0.3680    -0.3394    -0.3955     0.8394     0.2605    -0.7070    -0.4153    -0.8427    -0.3955    -0.5259    -0.7070    -0.2968     0.2605    -0.9727    -0.9605     0.9288    -0.9508     0.1046     0.9235     1.0000     1.0000     1.0000     0.9951     0.7808    -0.1834     0.8839     0.9532     0.7912    -0.4551     0.8394    -0.8088    -0.4012    -0.6045    -0.6095     0.7822    -0.8396     0.5891     0.8788     0.9496     0.1397    -0.4153     0.3680     0.8394    -0.7070    -0.3955    -0.5259     0.2605    -0.8427    -0.9508     0.1046    -0.9727     0.9930    -0.4012    -0.6045     1.0000     0.5722    -0.8088
mu              0.0471     0.3381    -0.3417    -0.3499     0.8029     0.2936    -0.6827    -0.3650    -0.8290    -0.3499    -0.4722    -0.6827    -0.2077     0.2936    -0.9522    -0.9330     0.9563    -0.9177     0.0256     0.8970     0.9950     0.9950     0.9951     1.0000     0.7423    -0.1522     0.8747     0.9737     0.7695    -0.4048     0.8029    -0.7676    -0.3454    -0.5529    -0.5924     0.7377    -0.8031     0.5303     0.8461     0.9241     0.1314    -0.3650     0.3381     0.8029    -0.6827    -0.3499    -0.4722     0.2936    -0.8290    -0.9177     0.0256    -0.9522     0.9997    -0.3454    -0.5529     0.9950     0.5893    -0.7676
mu_star         0.1449     0.4022     0.0763    -0.1406     0.6909     0.5123    -0.3966    -0.1746    -0.8548    -0.1406    -0.3258    -0.3966    -0.3843     0.5123    -0.7415    -0.8047     0.6871    -0.8578     0.5377     0.9576     0.7806     0.7806     0.7808     0.7423     1.0000     0.1274     0.8694     0.7182     0.9826    -0.2163     0.6909    -0.6588    -0.1972    -0.4100    -0.4240     0.6317    -0.6916     0.4469     0.7174     0.7037     0.1863    -0.1746     0.4022     0.6909    -0.3966    -0.1406    -0.3258     0.5123    -0.8548    -0.8578     0.5377    -0.7415     0.7325    -0.1972    -0.4100     0.7806     0.7560    -0.6588
A              -0.2783    -0.4087     0.7894     0.8306    -0.5014     0.8318     0.8005     0.9033    -0.0544     0.8306     0.8315     0.8005     0.4885     0.8318     0.3741     0.2032     0.0891     0.2932    -0.2152    -0.0342    -0.1874    -0.1874    -0.1834    -0.1522     0.1274     1.0000     0.0000     0.0506     0.2328     0.9013    -0.5014     0.5660     0.8816     0.7844     0.2561    -0.6110     0.5013    -0.8016    -0.4663    -0.4401     0.0282     0.9033    -0.4087    -0.5014     0.8005     0.8306     0.8315     0.8318    -0.0544     0.2932    -0.2152     0.3741    -0.1478     0.8816     0.7844    -0.1874     0.6142     0.5660
R_star          0.2038     0.4875    -0.1197    -0.1851     0.7960     0.5036    -0.5691    -0.2326    -0.8993    -0.1851    -0.3694    -0.5691    -0.2031     0.5036    -0.8357    -0.8278     0.8358    -0.8818     0.1681     0.9359     0.8853     0.8853     0.8839     0.8747     0.8694     0.0000     1.0000     0.8527     0.8980    -0.2788     0.7960    -0.7531    -0.2198    -0.4674    -0.4784     0.7177    -0.7966     0.4831     0.8242     0.7875     0.2670    -0.2326     0.4875     0.7960    -0.5691    -0.1851    -0.3694     0.5036    -0.8993    -0.8818     0.1681    -0.8357     0.8708    -0.2198    -0.4674     0.8853     0.7704    -0.7531
chi_h           0.0045     0.2528    -0.1931    -0.1458     0.6615     0.4673    -0.5116    -0.1488    -0.8018    -0.1458    -0.2621    -0.5116    -0.0259     0.4673    -0.8598    -0.8638     0.9969    -0.8249    -0.0942     0.8557     0.9520     0.9520     0.9532     0.9737     0.7182     0.0506     0.8527     1.0000     0.7796    -0.1897     0.6615    -0.6115    -0.1271    -0.3517    -0.5016     0.5715    -0.6616     0.3236     0.7159     0.8165     0.1232    -0.1488     0.2528     0.6615    -0.5116    -0.1458    -0.2621     0.4673    -0.8018    -0.8249    -0.0942    -0.8598     0.9757    -0.1271    -0.3517     0.9520     0.6998    -0.6115
chi_b           0.1022     0.3470     0.1041    -0.0319     0.6414     0.6350    -0.3381    -0.0550    -0.8803    -0.0319    -0.2108    -0.3381    -0.2178     0.6350    -0.7152    -0.7730     0.7616    -0.8214     0.4180     0.9507     0.7909     0.7909     0.7912     0.7695     0.9826     0.2328     0.8980     0.7796     1.0000    -0.0980     0.6414    -0.5958    -0.0694    -0.3056    -0.4092     0.5591    -0.6420     0.3293     0.6753     0.6624     0.1867    -0.0550     0.3470     0.6414    -0.3381    -0.0319    -0.2108     0.6350    -0.8803    -0.8214     0.4180    -0.7152     0.7628    -0.0694    -0.3056     0.7909     0.8547    -0.5958
Ynet           -0.0928    -0.3449     0.7998     0.9647    -0.7814     0.6793     0.9081     0.9981     0.3162     0.9647     0.9897     0.9081     0.7284     0.6793     0.6441     0.5285    -0.1320     0.6033    -0.3919    -0.3673    -0.4594    -0.4594    -0.4551    -0.4048    -0.2163     0.9013    -0.2788    -0.1897    -0.0980     1.0000    -0.7814     0.8294     0.9940     0.9719     0.5837    -0.8608     0.7812    -0.9635    -0.7506    -0.6993    -0.0235     0.9981    -0.3449    -0.7814     0.9081     0.9647     0.9897     0.6793     0.3162     0.6033    -0.3919     0.6441    -0.3986     0.9940     0.9719    -0.4594     0.3357     0.8294
R_dc            0.0273     0.3802    -0.6001    -0.7413     1.0000    -0.0826    -0.8940    -0.7573    -0.8243    -0.7413    -0.8469    -0.8940    -0.5882    -0.0826    -0.9230    -0.8592     0.6143    -0.9308     0.3558     0.8255     0.8432     0.8432     0.8394     0.8029     0.6909    -0.5014     0.7960     0.6615     0.6414    -0.7814     1.0000    -0.9961    -0.7514    -0.9004    -0.7735     0.9883    -1.0000     0.8782     0.9970     0.9227     0.1626    -0.7573     0.3802     1.0000    -0.8940    -0.7413    -0.8469    -0.0826    -0.8243    -0.9308     0.3558    -0.9230     0.7986    -0.7514    -0.9004     0.8432     0.3207    -0.9961
cryp           -0.0612    -0.4082     0.6235     0.7826    -0.9961     0.1589     0.9159     0.8066     0.7752     0.7826     0.8867     0.9159     0.6335     0.1589     0.9095     0.8395    -0.5608     0.9156    -0.3877    -0.7928    -0.8127    -0.8127    -0.8088    -0.7676    -0.6588     0.5660    -0.7531    -0.6115    -0.5958     0.8294    -0.9961     1.0000     0.8019     0.9321     0.7516    -0.9979     0.9961    -0.9170    -0.9893    -0.9170    -0.1540     0.8066    -0.4082    -0.9961     0.9159     0.7826     0.8867     0.1589     0.7752     0.9156    -0.3877     0.9095    -0.7622     0.8019     0.9321    -0.8127    -0.2440     1.0000
DC             -0.0305    -0.2766     0.7841     0.9772    -0.7514     0.7088     0.8631     0.9971     0.2929     0.9772     0.9872     0.8631     0.7716     0.7088     0.5988     0.4970    -0.0661     0.5673    -0.4384    -0.3314    -0.4054    -0.4054    -0.4012    -0.3454    -0.1972     0.8816    -0.2198    -0.1271    -0.0694     0.9940    -0.7514     0.8019     1.0000     0.9636     0.5994    -0.8351     0.7511    -0.9497    -0.7166    -0.6577    -0.0041     0.9971    -0.2766    -0.7514     0.8631     0.9772     0.9872     0.7088     0.2929     0.5673    -0.4384     0.5988    -0.3390     1.0000     0.9636    -0.4054     0.3673     0.8019
m              -0.0318    -0.3369     0.7598     0.9444    -0.9004     0.5007     0.9312     0.9641     0.5268     0.9444     0.9939     0.9312     0.7470     0.5007     0.7686     0.6757    -0.2923     0.7511    -0.4334    -0.5529    -0.6088    -0.6088    -0.6045    -0.5529    -0.4100     0.7844    -0.4674    -0.3517    -0.3056     0.9719    -0.9004     0.9321     0.9636     1.0000     0.7080    -0.9509     0.9002    -0.9819    -0.8763    -0.8074    -0.0687     0.9641    -0.3369    -0.9004     0.9312     0.9444     0.9939     0.5007     0.5268     0.7511    -0.4334     0.7686    -0.5469     0.9636     1.0000    -0.6088     0.1123     0.9321
Lambda          0.6109     0.2918     0.6649     0.7188    -0.7735     0.1072     0.6059     0.5933     0.7634     0.7188     0.6695     0.6059     0.4443     0.1072     0.6708     0.6507    -0.4660     0.6535    -0.1933    -0.5611    -0.6135    -0.6135    -0.6095    -0.5924    -0.4240     0.2561    -0.4784    -0.5016    -0.4092     0.5837    -0.7735     0.7516     0.5994     0.7080     1.0000    -0.7318     0.7725    -0.5771    -0.7655    -0.6646    -0.0011     0.5933     0.2918    -0.7735     0.6059     0.7188     0.6695     0.1072     0.7634     0.6535    -0.1933     0.6708    -0.5984     0.5994     0.7080    -0.6135    -0.2753     0.7516
gam             0.0860     0.4268    -0.6377    -0.8091     0.9883    -0.2146    -0.9275    -0.8390    -0.7350    -0.8091    -0.9116    -0.9275    -0.6639    -0.2146    -0.8949    -0.8208     0.5185    -0.8998     0.4094     0.7647     0.7862     0.7862     0.7822     0.7377     0.6317    -0.6110     0.7177     0.5715     0.5591    -0.8608     0.9883    -0.9979    -0.8351    -0.9509    -0.7318     1.0000    -0.9883     0.9410     0.9786     0.9082     0.1469    -0.8390     0.4268     0.9883    -0.9275    -0.8091    -0.9116    -0.2146    -0.7350    -0.8998     0.4094    -0.8949     0.7316    -0.8351    -0.9509     0.7862     0.1861    -0.9979
trs            -0.0288    -0.3816     0.5992     0.7407    -1.0000     0.0820     0.8939     0.7570     0.8243     0.7407     0.8467     0.8939     0.5883     0.0820     0.9232     0.8594    -0.6145     0.9311    -0.3562    -0.8259    -0.8434    -0.8434    -0.8396    -0.8031    -0.6916     0.5013    -0.7966    -0.6616    -0.6420     0.7812    -1.0000     0.9961     0.7511     0.9002     0.7725    -0.9883     1.0000    -0.8783    -0.9971    -0.9228    -0.1630     0.7570    -0.3816    -1.0000     0.8939     0.7407     0.8467     0.0820     0.8243     0.9311    -0.3562     0.9232    -0.7987     0.7511     0.9002    -0.8434    -0.3211     0.9961
Lambda1         0.2086     0.4937    -0.6668    -0.8906     0.8782    -0.4889    -0.9230    -0.9486    -0.4746    -0.8906    -0.9774    -0.9230    -0.7751    -0.4889    -0.7565    -0.6660     0.2621    -0.7547     0.4935     0.5650     0.5930     0.5930     0.5891     0.5303     0.4469    -0.8016     0.4831     0.3236     0.3293    -0.9635     0.8782    -0.9170    -0.9497    -0.9819    -0.5771     0.9410    -0.8783     1.0000     0.8546     0.7987     0.0997    -0.9486     0.4937     0.8782    -0.9230    -0.8906    -0.9774    -0.4889    -0.4746    -0.7547     0.4935    -0.7565     0.5208    -0.9497    -0.9819     0.5930    -0.1279    -0.9170
mu_cryp         0.0332     0.3860    -0.5750    -0.7070     0.9970    -0.0356    -0.8852    -0.7238    -0.8432    -0.7070    -0.8182    -0.8852    -0.5585    -0.0356    -0.9483    -0.8905     0.6711    -0.9521     0.3272     0.8557     0.8821     0.8821     0.8788     0.8461     0.7174    -0.4663     0.8242     0.7159     0.6753    -0.7506     0.9970    -0.9893    -0.7166    -0.8763    -0.7655     0.9786    -0.9971     0.8546     1.0000     0.9448     0.1626    -0.7238     0.3860     0.9970    -0.8852    -0.7070    -0.8182    -0.0356    -0.8432    -0.9521     0.3272    -0.9483     0.8420    -0.7166    -0.8763     0.8821     0.3627    -0.9893
x_c             0.0986     0.4207    -0.4972    -0.6362     0.9227    -0.0309    -0.8500    -0.6665    -0.7602    -0.6362    -0.7528    -0.8500    -0.5328    -0.0309    -0.9953    -0.9632     0.7736    -0.9657     0.2227     0.8611     0.9505     0.9505     0.9496     0.9241     0.7037    -0.4401     0.7875     0.8165     0.6624    -0.6993     0.9227    -0.9170    -0.6577    -0.8074    -0.6646     0.9082    -0.9228     0.7987     0.9448     1.0000     0.1244    -0.6665     0.4207     0.9227    -0.8500    -0.6362    -0.7528    -0.0309    -0.7602    -0.9657     0.2227    -0.9953     0.9191    -0.6577    -0.8074     0.9505     0.3278    -0.9170
DE              0.1916     0.2395     0.0983     0.0331     0.1626     0.1574    -0.0825    -0.0088    -0.1666     0.0331    -0.0426    -0.0825    -0.0779     0.1574    -0.1361    -0.1441     0.1169    -0.1615    -0.0134     0.1807     0.1404     0.1404     0.1397     0.1314     0.1863     0.0282     0.2670     0.1232     0.1867    -0.0235     0.1626    -0.1540    -0.0041    -0.0687    -0.0011     0.1469    -0.1630     0.0997     0.1626     0.1244     1.0000    -0.0088     0.2395     0.1626    -0.0825     0.0331    -0.0426     0.1574    -0.1666    -0.1615    -0.0134    -0.1361     0.1281    -0.0041    -0.0687     0.1404     0.1881    -0.1540
logY           -0.0497    -0.2954     0.8139     0.9759    -0.7573     0.7100     0.8880     1.0000     0.2897     0.9759     0.9863     0.8880     0.7290     0.7100     0.6092     0.4940    -0.0911     0.5662    -0.3861    -0.3250    -0.4197    -0.4197    -0.4153    -0.3650    -0.1746     0.9033    -0.2326    -0.1488    -0.0550     0.9981    -0.7573     0.8066     0.9971     0.9641     0.5933    -0.8390     0.7570    -0.9486    -0.7238    -0.6665    -0.0088     1.0000    -0.2954    -0.7573     0.8880     0.9759     0.9863     0.7100     0.2897     0.5662    -0.3861     0.6092    -0.3595     0.9971     0.9641    -0.4197     0.3696     0.8066
logPi           0.9343     1.0000     0.0433    -0.0876     0.3802     0.0028    -0.4769    -0.2954    -0.1141    -0.0876    -0.3151    -0.4769    -0.2432     0.0028    -0.4099    -0.3377     0.2334    -0.4425     0.2484     0.4102     0.3680     0.3680     0.3680     0.3381     0.4022    -0.4087     0.4875     0.2528     0.3470    -0.3449     0.3802    -0.4082    -0.2766    -0.3369     0.2918     0.4268    -0.3816     0.4937     0.3860     0.4207     0.2395    -0.2954     1.0000     0.3802    -0.4769    -0.0876    -0.3151     0.0028    -0.1141    -0.4425     0.2484    -0.4099     0.3229    -0.2766    -0.3369     0.3680     0.0545    -0.4082
logR            0.0273     0.3802    -0.6001    -0.7413     1.0000    -0.0826    -0.8940    -0.7573    -0.8243    -0.7413    -0.8469    -0.8940    -0.5882    -0.0826    -0.9230    -0.8592     0.6143    -0.9308     0.3558     0.8255     0.8432     0.8432     0.8394     0.8029     0.6909    -0.5014     0.7960     0.6615     0.6414    -0.7814     1.0000    -0.9961    -0.7514    -0.9004    -0.7735     0.9883    -1.0000     0.8782     0.9970     0.9227     0.1626    -0.7573     0.3802     1.0000    -0.8940    -0.7413    -0.8469    -0.0826    -0.8243    -0.9308     0.3558    -0.9230     0.7986    -0.7514    -0.9004     0.8432     0.3207    -0.9961
logI           -0.1861    -0.4769     0.8002     0.8356    -0.8940     0.3925     1.0000     0.8880     0.5330     0.8356     0.9114     1.0000     0.4913     0.3925     0.8268     0.6829    -0.4723     0.7732    -0.2505    -0.5886    -0.7110    -0.7110    -0.7070    -0.6827    -0.3966     0.8005    -0.5691    -0.5116    -0.3381     0.9081    -0.8940     0.9159     0.8631     0.9312     0.6059    -0.9275     0.8939    -0.9230    -0.8852    -0.8500    -0.0825     0.8880    -0.4769    -0.8940     1.0000     0.8356     0.9114     0.3925     0.5330     0.7732    -0.2505     0.8268    -0.6797     0.8631     0.9312    -0.7110     0.0328     0.9159
logL            0.1693    -0.0876     0.8583     1.0000    -0.7413     0.7011     0.8356     0.9759     0.3318     1.0000     0.9664     0.8356     0.7102     0.7011     0.5828     0.4820    -0.0896     0.5344    -0.3538    -0.2972    -0.4002    -0.4002    -0.3955    -0.3499    -0.1406     0.8306    -0.1851    -0.1458    -0.0319     0.9647    -0.7413     0.7826     0.9772     0.9444     0.7188    -0.8091     0.7407    -0.8906    -0.7070    -0.6362     0.0331     0.9759    -0.0876    -0.7413     0.8356     1.0000     0.9664     0.7011     0.3318     0.5344    -0.3538     0.5828    -0.3476     0.9772     0.9444    -0.4002     0.3439     0.7826
logC           -0.0315    -0.3151     0.7766     0.9664    -0.8469     0.5911     0.9114     0.9863     0.4349     0.9664     1.0000     0.9114     0.7638     0.5911     0.7053     0.6080    -0.2015     0.6819    -0.4393    -0.4664    -0.5303    -0.5303    -0.5259    -0.4722    -0.3258     0.8315    -0.3694    -0.2621    -0.2108     0.9897    -0.8469     0.8867     0.9872     0.9939     0.6695    -0.9116     0.8467    -0.9774    -0.8182    -0.7528    -0.0426     0.9863    -0.3151    -0.8469     0.9114     0.9664     1.0000     0.5911     0.4349     0.6819    -0.4393     0.7053    -0.4659     0.9872     0.9939    -0.5303     0.2186     0.8867
logEX           0.0020     0.0028     0.6178     0.7011    -0.0826     1.0000     0.3925     0.7100    -0.4401     0.7011     0.5911     0.3925     0.4675     1.0000    -0.0566    -0.1619     0.5037    -0.1453    -0.1262     0.4094     0.2579     0.2579     0.2605     0.2936     0.5123     0.8318     0.5036     0.4673     0.6350     0.6793    -0.0826     0.1589     0.7088     0.5007     0.1072    -0.2146     0.0820    -0.4889    -0.0356    -0.0309     0.1574     0.7100     0.0028    -0.0826     0.3925     0.7011     0.5911     1.0000    -0.4401    -0.1453    -0.1262    -0.0566     0.2960     0.7088     0.5007     0.2579     0.9107     0.1589
logM            0.2105    -0.1141     0.2634     0.3318    -0.8243    -0.4401     0.5330     0.2897     1.0000     0.3318     0.4349     0.5330     0.2760    -0.4401     0.8087     0.8212    -0.7792     0.8652    -0.2786    -0.9159    -0.8451    -0.8451    -0.8427    -0.8290    -0.8548    -0.0544    -0.8993    -0.8018    -0.8803     0.3162    -0.8243     0.7752     0.2929     0.5268     0.7634    -0.7350     0.8243    -0.4746    -0.8432    -0.7602    -0.1666     0.2897    -0.1141    -0.8243     0.5330     0.3318     0.4349    -0.4401     1.0000     0.8652    -0.2786     0.8087    -0.8293     0.2929     0.5268    -0.8451    -0.7717     0.7752
logD           -0.1116    -0.4425     0.3627     0.5344    -0.9308    -0.1453     0.7732     0.5662     0.8652     0.5344     0.6819     0.7732     0.5261    -0.1453     0.9765     0.9669    -0.7825     1.0000    -0.3674    -0.9571    -0.9519    -0.9519    -0.9508    -0.9177    -0.8578     0.2932    -0.8818    -0.8249    -0.8214     0.6033    -0.9308     0.9156     0.5673     0.7511     0.6535    -0.8998     0.9311    -0.7547    -0.9521    -0.9657    -0.1615     0.5662    -0.4425    -0.9308     0.7732     0.5344     0.6819    -0.1453     0.8652     1.0000    -0.3674     0.9765    -0.9109     0.5673     0.7511    -0.9519    -0.5009     0.9156
logD_star       0.1246     0.2484    -0.0491    -0.3538     0.3558    -0.1262    -0.2505    -0.3861    -0.2786    -0.3538    -0.4393    -0.2505    -0.6017    -0.1262    -0.2048    -0.2231    -0.1416    -0.3674     1.0000     0.3883     0.1065     0.1065     0.1046     0.0256     0.5377    -0.2152     0.1681    -0.0942     0.4180    -0.3919     0.3558    -0.3877    -0.4384    -0.4334    -0.1933     0.4094    -0.3562     0.4935     0.3272     0.2227    -0.0134    -0.3861     0.2484     0.3558    -0.2505    -0.3538    -0.4393    -0.1262    -0.2786    -0.3674     1.0000    -0.2048     0.0109    -0.4384    -0.4334     0.1065     0.0388    -0.3877
logN           -0.0843    -0.4099     0.4682     0.5828    -0.9230    -0.0566     0.8268     0.6092     0.8087     0.5828     0.7053     0.8268     0.4725    -0.0566     1.0000     0.9696    -0.8216     0.9765    -0.2048    -0.8948    -0.9737    -0.9737    -0.9727    -0.9522    -0.7415     0.3741    -0.8357    -0.8598    -0.7152     0.6441    -0.9230     0.9095     0.5988     0.7686     0.6708    -0.8949     0.9232    -0.7565    -0.9483    -0.9953    -0.1361     0.6092    -0.4099    -0.9230     0.8268     0.5828     0.7053    -0.0566     0.8087     0.9765    -0.2048     1.0000    -0.9481     0.5988     0.7686    -0.9737    -0.4121     0.9095
spread          0.0326     0.3229    -0.3493    -0.3476     0.7986     0.2960    -0.6797    -0.3595    -0.8293    -0.3476    -0.4659    -0.6797    -0.1928     0.2960    -0.9481    -0.9272     0.9595    -0.9109     0.0109     0.8904     0.9929     0.9929     0.9930     0.9997     0.7325    -0.1478     0.8708     0.9757     0.7628    -0.3986     0.7986    -0.7622    -0.3390    -0.5469    -0.5984     0.7316    -0.7987     0.5208     0.8420     0.9191     0.1281    -0.3595     0.3229     0.7986    -0.6797    -0.3476    -0.4659     0.2960    -0.8293    -0.9109     0.0109    -0.9481     1.0000    -0.3390    -0.5469     0.9929     0.5911    -0.7622
logDC          -0.0305    -0.2766     0.7841     0.9772    -0.7514     0.7088     0.8631     0.9971     0.2929     0.9772     0.9872     0.8631     0.7716     0.7088     0.5988     0.4970    -0.0661     0.5673    -0.4384    -0.3314    -0.4054    -0.4054    -0.4012    -0.3454    -0.1972     0.8816    -0.2198    -0.1271    -0.0694     0.9940    -0.7514     0.8019     1.0000     0.9636     0.5994    -0.8351     0.7511    -0.9497    -0.7166    -0.6577    -0.0041     0.9971    -0.2766    -0.7514     0.8631     0.9772     0.9872     0.7088     0.2929     0.5673    -0.4384     0.5988    -0.3390     1.0000     0.9636    -0.4054     0.3673     0.8019
logm           -0.0318    -0.3369     0.7598     0.9444    -0.9004     0.5007     0.9312     0.9641     0.5268     0.9444     0.9939     0.9312     0.7470     0.5007     0.7686     0.6757    -0.2923     0.7511    -0.4334    -0.5529    -0.6088    -0.6088    -0.6045    -0.5529    -0.4100     0.7844    -0.4674    -0.3517    -0.3056     0.9719    -0.9004     0.9321     0.9636     1.0000     0.7080    -0.9509     0.9002    -0.9819    -0.8763    -0.8074    -0.0687     0.9641    -0.3369    -0.9004     0.9312     0.9444     0.9939     0.5007     0.5268     0.7511    -0.4334     0.7686    -0.5469     0.9636     1.0000    -0.6088     0.1123     0.9321
leverage        0.0640     0.3680    -0.3448    -0.4002     0.8432     0.2579    -0.7110    -0.4197    -0.8451    -0.4002    -0.5303    -0.7110    -0.2982     0.2579    -0.9737    -0.9602     0.9275    -0.9519     0.1065     0.9239     1.0000     1.0000     1.0000     0.9950     0.7806    -0.1874     0.8853     0.9520     0.7909    -0.4594     0.8432    -0.8127    -0.4054    -0.6088    -0.6135     0.7862    -0.8434     0.5930     0.8821     0.9505     0.1404    -0.4197     0.3680     0.8432    -0.7110    -0.4002    -0.5303     0.2579    -0.8451    -0.9519     0.1065    -0.9737     0.9929    -0.4054    -0.6088     1.0000     0.5714    -0.8127
TB             -0.0955     0.0545     0.3164     0.3439     0.3207     0.9107     0.0328     0.3696    -0.7717     0.3439     0.2186     0.0328     0.2041     0.9107    -0.4121    -0.4924     0.7151    -0.5009     0.0388     0.7113     0.5714     0.5714     0.5722     0.5893     0.7560     0.6142     0.7704     0.6998     0.8547     0.3357     0.3207    -0.2440     0.3673     0.1123    -0.2753     0.1861    -0.3211    -0.1279     0.3627     0.3278     0.1881     0.3696     0.0545     0.3207     0.0328     0.3439     0.2186     0.9107    -0.7717    -0.5009     0.0388    -0.4121     0.5911     0.3673     0.1123     0.5714     1.0000    -0.2440
logcryp        -0.0612    -0.4082     0.6235     0.7826    -0.9961     0.1589     0.9159     0.8066     0.7752     0.7826     0.8867     0.9159     0.6335     0.1589     0.9095     0.8395    -0.5608     0.9156    -0.3877    -0.7928    -0.8127    -0.8127    -0.8088    -0.7676    -0.6588     0.5660    -0.7531    -0.6115    -0.5958     0.8294    -0.9961     1.0000     0.8019     0.9321     0.7516    -0.9979     0.9961    -0.9170    -0.9893    -0.9170    -0.1540     0.8066    -0.4082    -0.9961     0.9159     0.7826     0.8867     0.1589     0.7752     0.9156    -0.3877     0.9095    -0.7622     0.8019     0.9321    -0.8127    -0.2440     1.0000



COEFFICIENTS OF AUTOCORRELATION
Order              1        2        3        4        5
mc            0.4696   0.2254   0.1125   0.0600   0.0352
Pi            0.5859   0.3870   0.2875   0.2345   0.2033
Z             0.8485   0.7515   0.6813   0.6248   0.5761
w             0.9164   0.8618   0.8212   0.7876   0.7579
R             0.9211   0.8533   0.7933   0.7394   0.6905
epsilon       0.9479   0.8988   0.8529   0.8099   0.7698
Q             0.9388   0.8775   0.8186   0.7630   0.7110
Y             0.9644   0.9298   0.8965   0.8645   0.8338
M             0.8517   0.7495   0.6717   0.6082   0.5539
L             0.9164   0.8618   0.8212   0.7876   0.7579
C             0.9605   0.9245   0.8909   0.8593   0.8294
I             0.9388   0.8775   0.8186   0.7630   0.7110
K             0.9993   0.9973   0.9941   0.9899   0.9847
EX            0.9479   0.8988   0.8529   0.8099   0.7698
N             0.9295   0.8646   0.8049   0.7499   0.6993
K_b           0.9420   0.8881   0.8380   0.7914   0.7482
K_h           0.9221   0.8503   0.7841   0.7233   0.6672
D             0.9362   0.8774   0.8233   0.7735   0.7276
D_star        0.9957   0.9892   0.9814   0.9729   0.9639
x             0.9346   0.8746   0.8195   0.7691   0.7227
psi           0.9221   0.8506   0.7850   0.7247   0.6693
phi           0.9221   0.8506   0.7850   0.7247   0.6693
upsilon       0.9225   0.8514   0.7861   0.7260   0.6709
mu            0.9185   0.8439   0.7755   0.7127   0.6550
mu_star       0.9503   0.9053   0.8642   0.8263   0.7912
A             0.9500   0.9025   0.8574   0.8145   0.7738
R_star        0.9000   0.8100   0.7290   0.6561   0.5905
chi_h         0.9217   0.8495   0.7831   0.7219   0.6655
chi_b         0.9415   0.8878   0.8386   0.7933   0.7516
Ynet          0.9668   0.9326   0.8989   0.8661   0.8346
R_dc          0.9211   0.8533   0.7933   0.7394   0.6905
cryp          0.9331   0.8731   0.8187   0.7692   0.7239
DC            0.9666   0.9350   0.9050   0.8763   0.8487
m             0.9545   0.9137   0.8764   0.8416   0.8090
Lambda        0.6585   0.4883   0.3980   0.3453   0.3108
gam           0.9412   0.8868   0.8365   0.7902   0.7476
trs           0.9214   0.8536   0.7937   0.7398   0.6909
Lambda1       0.9690   0.9365   0.9042   0.8730   0.8431
mu_cryp       0.9202   0.8507   0.7889   0.7332   0.6827
x_c           0.9360   0.8768   0.8220   0.7713   0.7244
DE           -0.0340  -0.0253  -0.0203  -0.0170  -0.0146
logY          0.9644   0.9298   0.8965   0.8645   0.8338
logPi         0.5859   0.3870   0.2875   0.2345   0.2033
logR          0.9211   0.8533   0.7933   0.7394   0.6905
logI          0.9388   0.8775   0.8186   0.7630   0.7110
logL          0.9164   0.8618   0.8212   0.7876   0.7579
logC          0.9605   0.9245   0.8909   0.8593   0.8294
logEX         0.9479   0.8988   0.8529   0.8099   0.7698
logM          0.8517   0.7495   0.6717   0.6082   0.5539
logD          0.9362   0.8774   0.8233   0.7735   0.7276
logD_star     0.9957   0.9892   0.9814   0.9729   0.9639
logN          0.9295   0.8646   0.8049   0.7499   0.6993
spread        0.9173   0.8418   0.7728   0.7095   0.6514
logDC         0.9666   0.9350   0.9050   0.8763   0.8487
logm          0.9545   0.9137   0.8764   0.8416   0.8090
leverage      0.9221   0.8506   0.7850   0.7247   0.6693
TB            0.9161   0.8449   0.7823   0.7262   0.6756
logcryp       0.9331   0.8731   0.8187   0.7692   0.7239
Total computing time : 0h00m00s
Note: warning(s) encountered in MATLAB/Octave code
