Starting Dynare (version 5.1).
Calling Dynare with arguments: none
Starting preprocessing of the model file ...
Found 65 equation(s).
Evaluating expressions...done
Computing static model derivatives (order 1).
Computing dynamic model derivatives (order 1).
Processing outputs ...
done
Preprocessing completed.


STEADY-STATE RESULTS:

mc        		 0.888889
Pi        		 1
Z         		 0.0397052
w         		 5.04516
R         		 1.015
epsilon   		 1.04844
Q         		 1
Y         		 2.86138
M         		 0.436668
L         		 0.262151
C         		 1.94489
I         		 0.38435
K         		 19.2175
EX        		 0.508221
N         		 3.6833
K_b       		 14.6954
K_h       		 4.52213
D         		 5.62944
D_star    		 4.27123
x         		 0.304731
psi       		 1.59989
phi       		 3.98974
upsilon   		 1.56389
mu        		 0.00724967
mu_star   		 0.00577078
A         		 1
R_star    		 1.01125
Y_star    		 0.484739
Phi       		 0
Theta     		 0.401
chi_h     		 0.0104815
chi_b     		 0.0134416
Ynet      		 2.37964
P_c       		 1
R_dc      		 1
theta_c   		 1
cryp      		 0.91795
DC        		 1.9728
m         		 1.9545
R_c       		 1
Lambda    		 0.985222
gam       		 0.030408
trs       		 0.49767
Lambda1   		 1.01897
sigma_Rc  		 0
mu_cryp   		 0.0231117
x_c       		 0.0624652
DE        		 1
logY      		 1.05131
logPi     		 0
logR      		 0.0148886
logI      		 -0.956201
logL      		 -1.33883
logC      		 0.665205
logEX     		 -0.676838
logM      		 -0.828583
logD      		 1.72801
logD_star 		 1.4519
logN      		 1.30381
spread    		 0.0047052
logDC     		 0.679454
logm      		 0.670136
leverage  		 1.38373
TB        		 0.0715536
logcryp   		 -0.0856119

EIGENVALUES:
         Modulus             Real        Imaginary

       8.711e-16        8.711e-16                0
       1.043e-15       -1.043e-15                0
       1.635e-15        1.635e-15                0
       1.557e-08       -8.771e-16        1.557e-08
       1.557e-08       -8.771e-16       -1.557e-08
          0.1347           0.1347                0
          0.3342           0.3342                0
             0.9              0.9                0
             0.9              0.9                0
          0.9362           0.9362                0
            0.95             0.95                0
            0.95             0.95                0
            0.95             0.95                0
          0.9761           0.9761                0
          0.9837           0.9837                0
           1.025            1.025                0
           1.041            1.041                0
           1.071            1.071                0
           1.182            1.182                0
           1.569            1.569                0
             Inf              Inf                0
             Inf              Inf                0


There are 7 eigenvalue(s) larger than 1 in modulus 
for 7 forward-looking variable(s)

The rank condition is verified.

MODEL_DIAGNOSTICS:  The Jacobian of the static model is singular
MODEL_DIAGNOSTICS:  there is 2 colinear relationships between the variables and the equations
Relation 1
Colinear variables:
Z
w
epsilon
Y
M
L
C
I
K
EX
N
K_b
K_h
D
D_star
x
psi
phi
upsilon
mu
mu_star
R_star
Y_star
chi_h
chi_b
Ynet
cryp
DC
m
gam
trs
Lambda1
mu_cryp
x_c
logY
logI
logL
logC
logEX
logM
logD
logD_star
logN
spread
logDC
logm
leverage
TB
logcryp
Relation 2
Colinear variables:
Z
w
epsilon
Y
M
L
C
I
K
EX
N
K_b
K_h
D
D_star
x
psi
phi
upsilon
mu
mu_star
R_star
Y_star
chi_h
chi_b
Ynet
cryp
DC
m
gam
trs
Lambda1
mu_cryp
x_c
logY
logI
logL
logC
logEX
logM
logD
logD_star
logN
spread
logDC
logm
leverage
TB
logcryp
Relation 1
Colinear equations
    46    47

Relation 2
Colinear equations
    46    47

MODEL_DIAGNOSTICS:  The presence of a singularity problem typically indicates that there is one
MODEL_DIAGNOSTICS:  redundant equation entered in the model block, while another non-redundant equation
MODEL_DIAGNOSTICS:  is missing. The problem often derives from Walras Law.

MODEL SUMMARY

  Number of variables:         65
  Number of stochastic shocks: 6
  Number of state variables:   15
  Number of jumpers:           7
  Number of static variables:  44


MATRIX OF COVARIANCE OF EXOGENOUS SHOCKS
Variables               varepsilon_R      varepsilon_A  varepsilon_Rstar  varepsilon_Ystar            eps_Rc               vol
varepsilon_R                0.000006          0.000000          0.000000          0.000000          0.000000          0.000000
varepsilon_A                0.000000          0.000100          0.000000          0.000000          0.000000          0.000000
varepsilon_Rstar            0.000000          0.000000          0.000006          0.000000          0.000000          0.000000
varepsilon_Ystar            0.000000          0.000000          0.000000          0.000000          0.000000          0.000000
eps_Rc                      0.000000          0.000000          0.000000          0.000000          0.000000          0.000000
vol                         0.000000          0.000000          0.000000          0.000000          0.000000          0.000000

POLICY AND TRANSITION FUNCTIONS
                                  mc              Pi               Z               w               R         epsilon               Q               Y               M               L               C               I               K              EX               N             K_b             K_h               D          D_star               x             psi             phi         upsilon              mu         mu_star               A          R_star          Y_star             Phi           Theta           chi_h           chi_b            Ynet             P_c            R_dc         theta_c            cryp              DC               m             R_c          Lambda             gam             trs         Lambda1        sigma_Rc         mu_cryp             x_c              DE            logY           logPi            logR            logI            logL            logC           logEX            logM            logD       logD_star            logN          spread           logDC            logm        leverage              TB         logcryp
Constant                    0.888889        1.000000        0.039705        5.045165        1.015000        1.048443        1.000000        2.861383        0.436668        0.262151        1.944888        0.384350       19.217522        0.508221        3.683297       14.695395        4.522128        5.629441        4.271235        0.304731        1.599885        3.989739        1.563892        0.007250        0.005771        1.000000        1.011255        0.484739               0        0.401000        0.010482        0.013442        2.379639        1.000000        1.000000        1.000000        0.917950        1.972800        1.954502        1.000000        0.985222        0.030408        0.497670        1.018974               0        0.023112        0.062465        1.000000        1.051305               0        0.014889       -0.956201       -1.338835        0.665205       -0.676838       -0.828583        1.728011        1.451904        1.303808        0.004705        0.679454        0.670136        1.383726        0.071554       -0.085612
R(-1)                      -3.999738       -1.238061       -0.391518      -12.437132        0.259770       -1.512276       -1.847032      -15.339674       -3.675970       -1.938731      -13.870086       -1.064861       -1.064861       -0.733059      -37.472289      -66.621914       65.557053      -45.169202       -3.675970        1.242548        6.068393       15.133150        5.246999        0.143214        0.000945               0               0               0               0               0        0.304481        0.023852      -11.153598               0       -2.979468               0       -0.786098      -32.355132        5.082181               0       -0.718093        3.585931        4.750110        0.916738               0        0.471876        0.345070       -2.680462       -5.360930       -1.238061        0.255931       -2.770548       -7.395476       -7.131560       -1.442401       -8.418234       -8.023745       -0.860634      -10.173572        0.080592      -16.400611        2.600243        3.793017        2.942911       -0.856362
K(-1)                      -0.013962       -0.004737       -0.002427       -0.011457       -0.000442        0.022188       -0.021483        0.018953       -0.013207       -0.001786        0.012943       -0.012385        0.967615        0.010755       -0.441397       -0.524025        1.491640       -0.480441       -0.013207        0.022919        0.100306        0.250140        0.087646        0.002588        0.000187               0               0               0               0               0        0.006387        0.001254        0.015471               0       -0.004909               0        0.002451       -0.017249        0.044605               0       -0.001613        0.003305        0.007891       -0.027480               0        0.000624        0.003736        0.016425        0.006624       -0.004737       -0.000436       -0.032224       -0.006813        0.006655        0.021162       -0.030246       -0.085344       -0.003092       -0.119838        0.001424       -0.008743        0.022821        0.062696        0.023963        0.002670
K_b(-1)                     0.001591        0.000495        0.000158        0.005023        0.000207        0.000450        0.024694        0.006274        0.001552        0.000783        0.006854        0.014237        0.014237        0.000218        1.298361        2.663220       -2.648983        1.721942        0.001552       -0.062509       -0.234508       -0.584807       -0.206454       -0.005388       -0.000876               0               0               0               0               0       -0.012288       -0.002747        0.019485               0        0.001203               0       -0.000496        0.014409       -0.000869               0       -0.000013       -0.000883       -0.001937       -0.002314               0       -0.002737       -0.012897        0.000925        0.002193        0.000495        0.000204        0.037041        0.002987        0.003524        0.000430        0.003553        0.305882        0.000363        0.352500       -0.002876        0.007304       -0.000444       -0.146578       -0.001333       -0.000540
D(-1)                      -0.001584       -0.000493       -0.000157       -0.005000       -0.000206       -0.000448       -0.024580       -0.006246       -0.001544       -0.000779       -0.006822       -0.014171       -0.014171       -0.000217       -1.292370       -2.650931        2.636760       -1.713996       -0.001544        0.062221        0.233426        0.582109        0.205501        0.005363        0.000872               0               0               0               0               0        0.012231        0.002734       -0.019395               0       -0.001198               0        0.000494       -0.014342        0.000865               0        0.000013        0.000879        0.001928        0.002303               0        0.002724        0.012837       -0.000920       -0.002183       -0.000493       -0.000203       -0.036870       -0.002973       -0.003508       -0.000428       -0.003537       -0.304470       -0.000362       -0.350873        0.002863       -0.007270        0.000442        0.145901        0.001327        0.000538
D_star(-1)                 -0.009741       -0.002068       -0.001711       -0.054342        0.001804        0.044076       -0.056377       -0.091922       -0.037171       -0.008471       -0.109470       -0.032503       -0.032503        0.021366       -1.980237       -3.747406        3.714903       -3.786087        0.974084        0.177195        0.361964        0.902652        0.318031        0.007851        0.003771               0               0               0               0               0        0.017239        0.011447       -0.100883               0       -0.010520               0       -0.007654       -0.175305       -0.043165               0       -0.001939        0.016050        0.016694        0.057436               0        0.007439        0.018930        0.039972       -0.032125       -0.002068        0.001778       -0.084566       -0.032313       -0.056286        0.042040       -0.085124       -0.672551        0.228057       -0.537626        0.004148       -0.088861       -0.022085        0.226243        0.058536       -0.008338
A(-1)                      -0.732501       -0.243618       -0.007539       -0.239483       -0.018787        1.209091        0.969639        1.814669       -0.586486       -0.037331        0.680646        0.559022        0.559022        0.586093        6.675996        4.982705       -4.423683        7.916149       -0.586486       -0.089223       -0.806023       -2.010032       -0.706356       -0.017607        0.001206        0.950000               0               0               0               0       -0.020812        0.009720        1.912688               0       -0.182253               0        0.100103       -0.437771        1.857533               0       -0.083979        0.116392        0.293066       -1.073323               0       -0.038957       -0.074937        0.909606        0.634193       -0.243618       -0.018509        1.454459       -0.142403        0.349967        1.153224       -1.343096        1.406205       -0.137311        1.812506       -0.008901       -0.221903        0.950387       -0.503800        1.172580        0.109050
R_star(-1)                  0.968219        0.555419        0.000830        0.026372        0.568436        6.292150       -4.076049       -3.056924       -2.611496        0.004111       -4.745560       -2.349947       -2.349947        3.050050      -81.807083     -139.013414      136.663467     -143.540075        1.659739        6.071990       13.878333       34.609309       12.026693        0.305281        0.104546               0        0.900000               0               0               0        0.634807        0.353726       -4.055030               0        0.505821               0       -1.827075       -1.556717       -8.156852               0       -0.183248        0.753350       -0.846050        4.495309               0        1.040627        0.721181        6.556840       -1.068338        0.555419        0.560036       -6.114074        0.015682       -2.440017        6.001421       -5.980513      -25.498103        0.388585      -22.210286        0.162825       -0.789090       -4.173365        8.674579        5.661546       -1.990385
Y_star(-1)                  0.358286        0.112237        0.045339        1.440258        0.011258       -0.512231        0.102184        2.114046        0.711967        0.224511        1.424843        0.058912        0.058912        0.695301        4.801598        8.928951       -8.870039        8.022203       -0.188033       -0.378590       -0.950057       -2.369220       -0.848101       -0.018915       -0.008656               0               0        0.900000               0               0       -0.041151       -0.023858        1.656273               0        0.330581               0       -0.032073        3.484064       -0.688817               0        0.032145       -0.314988       -0.529607       -0.006726               0        0.004556       -0.046519       -0.376326        0.738820        0.112237        0.011092        0.153276        0.856419        0.732609        1.368106        1.630455        1.425044       -0.044023        1.303614       -0.009878        1.766050       -0.352426       -0.593828       -0.016666       -0.034940
P_c(-1)                    -0.011270       -0.001518       -0.000874       -0.027758       -0.001642       -0.018731        0.024888       -0.026693       -0.001809       -0.004327       -0.018134        0.014348        0.014348       -0.009079        0.393466        2.352987       -2.338638        5.316909       -0.001809       -0.061950        0.125080        0.311920       -0.182659       -0.004782       -0.033652               0               0               0               0               0       -0.010849       -0.002978       -0.002790               0       -0.004312               0       -2.912733       -0.045368        0.009833       -1.000000        0.002252        0.000968        0.007007       -0.005038               0        1.535588       -0.209764       -0.019383       -0.009329       -0.001518       -0.001618        0.037332       -0.016506       -0.009324       -0.017865       -0.004143        0.944483       -0.000424        0.106825       -0.002565       -0.022997        0.005031        0.078180       -0.007271       -3.173084
R_dc(-1)                    0.042569        0.006035        0.004518        0.143509        0.001855       -0.006031       -0.008140        0.188536        0.052196        0.022371        0.196524       -0.004693       -0.004693       -0.002924        0.014020        0.114474       -0.119168       -0.042191        0.052196        0.002078       -0.006650       -0.016584       -0.006525       -0.000161        0.000022               0               0               0               0               0       -0.000550        0.000179        0.136816               0        0.104034               0       -0.005762        0.840100       -0.469010               0       -0.003983       -0.102136       -0.166448        0.010009               0        0.002719       -0.000370        0.000282        0.065890        0.006035        0.001828       -0.012210        0.085335        0.101046       -0.005753        0.119532       -0.007495        0.012220        0.003806       -0.000066        0.425841       -0.239964       -0.004157       -0.055119       -0.006277
theta_c(-1)                -0.001968       -0.000230       -0.000180       -0.005714       -0.000174       -0.001549        0.000265       -0.006628       -0.001333       -0.000891       -0.005097        0.000153        0.000153       -0.000751        0.005959        0.158847       -0.158695        0.614566       -0.001333       -0.003920        0.015129        0.037728       -0.033644       -0.000412       -0.005191               0               0               0               0               0       -0.000736       -0.000197       -0.003621       -0.154393       -0.000869        0.950000       -0.449973       -0.010569        0.000493       -0.154393        0.000319        0.000543        0.001402        0.000122               0        0.237124       -0.031312       -0.001707       -0.002316       -0.000230       -0.000171        0.000397       -0.003398       -0.002621       -0.001477       -0.003053        0.109170       -0.000312        0.001618       -0.000168       -0.005357        0.000252        0.009456        0.000583       -0.490193
cryp(-1)                   -0.001560       -0.000486       -0.000155       -0.004926       -0.000203       -0.000442       -0.024217       -0.006153       -0.001522       -0.000768       -0.006721       -0.013961       -0.013961       -0.000214       -1.273271       -2.611755        2.597793       -1.688666       -0.001522        0.061301        0.229976        0.573506        0.202464        0.005284        0.000859               0               0               0               0               0        0.012050        0.002694       -0.019109               0       -0.001180               0        0.000486       -0.014130        0.000852               0        0.000013        0.000866        0.001900        0.002269               0        0.002684        0.012647       -0.000907       -0.002150       -0.000486       -0.000200       -0.036325       -0.002929       -0.003456       -0.000421       -0.003484       -0.299971       -0.000356       -0.345688        0.002820       -0.007163        0.000436        0.143745        0.001307        0.000530
R_c(-1)                    -0.001432       -0.000446       -0.000142       -0.004522       -0.000186       -0.000405       -0.022230       -0.005648       -0.001397       -0.000705       -0.006170       -0.012816       -0.012816       -0.000197       -1.168800       -2.397461        2.384645       -1.550112       -0.001397        0.056272        0.211107        0.526450        0.185852        0.004850        0.000788               0               0               0               0               0        0.011061        0.002473       -0.017541               0       -0.001083               0        0.000446       -0.012971        0.000782               0        0.000012        0.000795        0.001744        0.002083               0        0.002464        0.011610       -0.000832       -0.001974       -0.000446       -0.000184       -0.033344       -0.002689       -0.003172       -0.000387       -0.003199       -0.275358       -0.000327       -0.317324        0.002589       -0.006575        0.000400        0.131951        0.001200        0.000486
sigma_Rc(-1)                       0               0               0               0               0               0               0               0               0               0               0               0               0               0               0               0               0               0               0               0               0               0               0               0               0               0               0               0               0               0               0               0               0               0               0               0               0               0               0               0               0               0               0               0        0.950000               0               0               0               0               0               0               0               0               0               0               0               0               0               0               0               0               0               0               0               0
epsilon(-1)                 0.289774        0.089694        0.028364        0.901017       -0.018944        0.109622        0.124210        1.111262        0.266282        0.140453        1.004327        0.071610        0.071610        0.053138        2.200337        3.769730       -3.698120        2.589403        0.266282       -0.065162       -0.346611       -0.864367       -0.298217       -0.008239        0.000282               0               0               0               0               0       -0.017182       -0.000631        0.802026               0        0.215850               0        0.057275        2.343454       -0.368657               0        0.052144       -0.260012       -0.344118       -0.065635               0       -0.033165       -0.019885       -0.759544        0.388366        0.089694       -0.018664        0.186316        0.535771        0.516393        0.104557        0.609804        0.459975        0.062343        0.597382       -0.004699        1.187882       -0.188619       -0.216648       -0.213143        0.062395
varepsilon_R               -5.063524       -1.567321       -0.495631      -15.744426        0.331034       -1.915546       -2.170458      -19.418262       -4.653020       -2.454281      -17.549666       -1.251325       -1.251325       -0.928540      -38.448814      -65.872477       64.621152      -45.247372       -4.653020        1.138647        6.056704       15.104001        5.211058        0.143962       -0.004936               0               0               0               0               0        0.300244        0.011024      -14.014646               0       -3.771772               0       -1.000835      -40.949651        6.441933               0       -0.911171        4.543464        6.013135        1.146904               0        0.579524        0.347474       -3.394359       -6.786320       -1.567321        0.326142       -3.255688       -9.362089       -9.023483       -1.827038      -10.655747       -8.037631       -1.089385      -10.438695        0.082108      -20.757118        3.295945        3.785711        3.724480       -1.090293
varepsilon_A               -0.771054       -0.256440       -0.007936       -0.252087       -0.019775        1.272727        1.020673        1.910178       -0.617354       -0.039296        0.716469        0.588444        0.588444        0.616940        7.027365        5.244953       -4.656509        8.332788       -0.617354       -0.093919       -0.848445       -2.115823       -0.743532       -0.018533        0.001269        1.000000               0               0               0               0       -0.021907        0.010232        2.013356               0       -0.191845               0        0.105371       -0.460811        1.955298               0       -0.088399        0.122518        0.308491       -1.129813               0       -0.041008       -0.078881        0.957480        0.667572       -0.256440       -0.019483        1.531010       -0.149898        0.368386        1.213920       -1.413785        1.480216       -0.144538        1.907901       -0.009369       -0.233582        1.000407       -0.530316        1.234294        0.114790
varepsilon_Rstar            1.121515        0.626838        0.008951        0.284327        0.623128        6.784428       -4.264365       -2.965191       -2.727220        0.044322       -4.759101       -2.458516       -2.458516        3.288676      -81.603510     -136.872779      134.414263     -141.720873       -2.727220        5.915080       13.721675       34.218641       11.870473        0.302357        0.098463               0        1.000000               0               0               0        0.624440        0.339310       -4.032146               0        0.611392               0       -1.994163       -0.906978       -8.860598               0       -0.194507        0.761732       -1.018400        4.725239               0        1.121340        0.712475        7.097791       -1.036279        0.626838        0.613919       -6.396548        0.169069       -2.446979        6.470953       -6.245528      -25.174944       -0.638509      -22.155017        0.161451       -0.459741       -4.533429        8.576661        6.015896       -2.172409
varepsilon_Ystar            0.398096        0.124708        0.050377        1.600286        0.012509       -0.569146        0.113538        2.348940        0.791074        0.249457        1.583158        0.065457        0.065457        0.772556        5.335109        9.921056       -9.855599        8.913559       -0.208926       -0.420655       -1.055619       -2.632467       -0.942334       -0.021016       -0.009618               0               0        1.000000               0               0       -0.045723       -0.026509        1.840303               0        0.367312               0       -0.035637        3.871182       -0.765352               0        0.035717       -0.349987       -0.588453       -0.007473               0        0.005063       -0.051688       -0.418140        0.820911        0.124708        0.012324        0.170307        0.951576        0.814010        1.520118        1.811617        1.583382       -0.048915        1.448460       -0.010975        1.962278       -0.391584       -0.659809       -0.018518       -0.038822
eps_Rc                             0               0               0               0               0               0               0               0               0               0               0               0               0               0               0               0               0               0               0               0               0               0               0               0               0               0               0               0               0               0               0               0               0               0               0               0               0               0               0               0               0               0               0               0        0.030000               0               0               0               0               0               0               0               0               0               0               0               0               0               0               0               0               0               0               0               0
vol                        -0.002071       -0.000242       -0.000189       -0.006015       -0.000183       -0.001630        0.000279       -0.006977       -0.001403       -0.000938       -0.005366        0.000161        0.000161       -0.000790        0.006272        0.167208       -0.167047        0.646911       -0.001403       -0.004126        0.015925        0.039713       -0.035415       -0.000434       -0.005464               0               0               0               0               0       -0.000774       -0.000207       -0.003812       -0.162519       -0.000915        1.000000       -0.473656       -0.011125        0.000519       -0.162519        0.000336        0.000572        0.001476        0.000128               0        0.249605       -0.032960       -0.001797       -0.002438       -0.000242       -0.000180        0.000418       -0.003577       -0.002759       -0.001555       -0.003214        0.114916       -0.000329        0.001703       -0.000177       -0.005639        0.000265        0.009954        0.000613       -0.515993


THEORETICAL MOMENTS
VARIABLE          MEAN  STD. DEV.   VARIANCE
mc              0.8889     0.0164     0.0003
Pi              1.0000     0.0058     0.0000
Z               0.0397     0.0022     0.0000
w               5.0452     0.0867     0.0075
R               1.0150     0.0048     0.0000
epsilon         1.0484     0.0686     0.0047
Q               1.0000     0.0454     0.0021
Y               2.8614     0.1845     0.0340
M               0.4367     0.0252     0.0006
L               0.2622     0.0135     0.0002
C               1.9449     0.1423     0.0202
I               0.3844     0.0262     0.0007
K              19.2175     0.6060     0.3672
EX              0.5082     0.0333     0.0011
N               3.6833     0.6435     0.4141
K_b            14.6954     1.1575     1.3398
K_h             4.5221     0.9749     0.9505
D               5.6294     1.0617     1.1271
D_star          4.2712     0.1449     0.0210
x               0.3047     0.0417     0.0017
psi             1.5999     0.1001     0.0100
phi             3.9897     0.2496     0.0623
upsilon         1.5639     0.0869     0.0075
mu              0.0072     0.0022     0.0000
mu_star         0.0058     0.0008     0.0000
A               1.0000     0.0320     0.0010
R_star          1.0113     0.0057     0.0000
Y_star          0.4847     0.0000     0.0000
Phi             0.0000     0.0000     0.0000
Theta           0.4010     0.0000     0.0000
chi_h           0.0105     0.0045     0.0000
chi_b           0.0134     0.0026     0.0000
Ynet            2.3796     0.1554     0.0242
P_c             1.0000     0.0000     0.0000
R_dc            1.0000     0.0175     0.0003
theta_c         1.0000     0.0000     0.0000
cryp            0.9180     0.0164     0.0003
DC              1.9728     0.2440     0.0595
m               1.9545     0.0700     0.0049
R_c             1.0000     0.0000     0.0000
Lambda          0.9852     0.0036     0.0000
gam             0.0304     0.0259     0.0007
trs             0.4977     0.0279     0.0008
Lambda1         1.0190     0.0633     0.0040
sigma_Rc        0.0000     0.0000     0.0000
mu_cryp         0.0231     0.0085     0.0001
x_c             0.0625     0.0061     0.0000
DE              1.0000     0.0221     0.0005
logY            1.0513     0.0645     0.0042
logPi           0.0000     0.0058     0.0000
logR            0.0149     0.0048     0.0000
logI           -0.9562     0.0681     0.0046
logL           -1.3388     0.0516     0.0027
logC            0.6652     0.0731     0.0054
logEX          -0.6768     0.0655     0.0043
logM           -0.8286     0.0576     0.0033
logD            1.7280     0.1886     0.0356
logD_star       1.4519     0.0339     0.0012
logN            1.3038     0.1747     0.0305
spread          0.0047     0.0012     0.0000
logDC           0.6795     0.1237     0.0153
logm            0.6701     0.0358     0.0013
leverage        1.3837     0.0626     0.0039
TB              0.0716     0.0488     0.0024
logcryp        -0.0856     0.0178     0.0003



VARIANCE DECOMPOSITION (in percent)
                 varepsilon_R      varepsilon_A  varepsilon_Rstar  varepsilon_Ystar            eps_Rc               vol
mc                      70.05             25.89              4.06              0.00              0.00              0.00
Pi                      53.77             26.29             19.94              0.00              0.00              0.00
Z                       38.63             58.77              2.61              0.00              0.00              0.00
w                       24.26             69.98              5.75              0.00              0.00              0.00
R                        3.31             26.25             70.44              0.00              0.00              0.00
epsilon                  1.43             70.43             28.14              0.00              0.00              0.00
Q                        2.12             64.13             33.75              0.00              0.00              0.00
Y                        8.14             84.10              7.76              0.00              0.00              0.00
M                       25.89              7.57             66.54              0.00              0.00              0.00
L                       24.26             69.98              5.75              0.00              0.00              0.00
C                       11.24             72.27             16.49              0.00              0.00              0.00
I                        2.12             64.13             33.75              0.00              0.00              0.00
K                        0.60             72.41             26.99              0.00              0.00              0.00
EX                       1.43             70.43             28.14              0.00              0.00              0.00
N                       14.79             14.04             71.17              0.00              0.00              0.00
K_b                     20.74              7.91             71.35              0.00              0.00              0.00
K_h                     25.31              5.23             69.46              0.00              0.00              0.00
D                        5.29              8.01             86.71              0.00              0.00              0.00
D_star                  50.79              6.12             43.10              0.00              0.00              0.00
x                        2.62              0.63             96.75              0.00              0.00              0.00
psi                     17.91              4.27             77.83              0.00              0.00              0.00
phi                     17.91              4.27             77.83              0.00              0.00              0.00
upsilon                 18.32              4.16             77.52              0.00              0.00              0.00
mu                      21.14              3.84             75.03              0.00              0.00              0.00
mu_star                  4.02              3.27             92.71              0.00              0.00              0.00
A                        0.00            100.00              0.00              0.00              0.00              0.00
R_star                   0.00              0.00            100.00              0.00              0.00              0.00
Y_star                   0.00              0.00              0.00            100.00              0.00              0.00
Phi                     16.43             16.85             66.72              0.00              0.00              0.00
Theta                    3.43             46.26             50.31              0.00              0.00              0.00
chi_h                   25.54              3.00             71.46              0.00              0.00              0.00
chi_b                    3.47              9.52             87.01              0.00              0.00              0.00
Ynet                     6.06             83.74             10.20              0.00              0.00              0.00
P_c                      0.00              0.00              0.00              0.00              0.00            100.00
R_dc                    36.16             61.14              2.70              0.00              0.00              0.00
theta_c                  0.00              0.00              0.00              0.00              0.00            100.00
cryp                     2.68             32.35             64.96              0.00              0.00              0.00
DC                      21.43             70.76              7.81              0.00              0.00              0.00
m                        8.61             34.87             56.52              0.00              0.00              0.00
R_c                      0.00              0.00              0.00              0.00              0.00            100.00
Lambda                  45.68             24.10             30.22              0.00              0.00              0.00
gam                     23.49             61.24             15.27              0.00              0.00              0.00
trs                     36.36             60.95              2.68              0.00              0.00              0.00
Lambda1                  0.56             65.93             33.51              0.00              0.00              0.00
sigma_Rc                 0.00              0.03              0.00              0.00             99.97              0.00
mu_cryp                  3.61             22.10             74.29              0.00              0.00              0.00
x_c                     16.53             20.04             63.43              0.00              0.00              0.00
DE                      14.86             20.05             65.08              0.00              0.00              0.00
logY                     8.14             84.10              7.76              0.00              0.00              0.00
logPi                   53.77             26.29             19.94              0.00              0.00              0.00
logR                     3.31             26.25             70.44              0.00              0.00              0.00
logI                     2.12             64.13             33.75              0.00              0.00              0.00
logL                    24.26             69.98              5.75              0.00              0.00              0.00
logC                    11.24             72.27             16.49              0.00              0.00              0.00
logEX                    1.43             70.43             28.14              0.00              0.00              0.00
logM                    25.89              7.57             66.54              0.00              0.00              0.00
logD                     5.29              8.01             86.71              0.00              0.00              0.00
logD_star               50.79              6.12             43.10              0.00              0.00              0.00
logN                    14.79             14.04             71.17              0.00              0.00              0.00
spread                  21.79              3.83             74.38              0.00              0.00              0.00
logDC                   21.43             70.76              7.81              0.00              0.00              0.00
logm                     8.61             34.87             56.52              0.00              0.00              0.00
leverage                17.91              4.27             77.83              0.00              0.00              0.00
TB                       5.45             34.43             60.12              0.00              0.00              0.00
logcryp                  2.68             32.35             64.96              0.00              0.00              0.00



MATRIX OF CORRELATIONS
Variables           mc         Pi          Z          w          R    epsilon          Q          Y          M          L          C          I          K         EX          N        K_b        K_h          D     D_star          x        psi        phi    upsilon         mu    mu_star          A     R_star      chi_h      chi_b       Ynet       R_dc       cryp         DC          m     Lambda        gam        trs    Lambda1    mu_cryp        x_c         DE       logY      logPi       logR       logI       logL       logC      logEX       logM       logD  logD_star       logN     spread      logDC       logm   leverage         TB    logcryp
mc              1.0000     0.9475     0.4655     0.3579     0.0345     0.0028    -0.1582     0.0948     0.4236     0.3579     0.1512    -0.1582    -0.0310     0.0028    -0.0384     0.0192    -0.0420    -0.0771     0.1548     0.0811     0.0165     0.0165     0.0167     0.0001     0.1240    -0.2386     0.1609    -0.0396     0.0869     0.0398     0.5269    -0.0606     0.3229    -0.5380     0.5966    -0.3372    -0.5306     0.1886     0.0325     0.0470     0.2126     0.0948     0.9475     0.0345    -0.1582     0.3579     0.1512     0.0028     0.4236    -0.0771     0.1548    -0.0384    -0.0123     0.3229    -0.5380     0.0165    -0.2166    -0.0606
Pi              0.9475     1.0000     0.2882     0.1451     0.3494     0.0395    -0.4153    -0.1170     0.1282     0.1451    -0.0964    -0.4153    -0.1964     0.0395    -0.3318    -0.2605     0.1873    -0.3789     0.2124     0.3590     0.2971     0.2971     0.2963     0.2710     0.3606    -0.3446     0.4345     0.2008     0.3097    -0.1792     0.3537    -0.3706     0.1014    -0.7712     0.3149    -0.0815    -0.3599     0.4443     0.3483     0.3348     0.2638    -0.1170     1.0000     0.3494    -0.4153     0.1451    -0.0964     0.0395     0.1282    -0.3789     0.2124    -0.3318     0.2580     0.1014    -0.7712     0.2971    -0.0392    -0.3706
Z               0.4655     0.2882     1.0000     0.8943    -0.5429     0.5300     0.7134     0.8200     0.4647     0.8943     0.8133     0.7134     0.2472     0.5300     0.4350     0.2887    -0.1891     0.3445     0.0030    -0.1486    -0.3332    -0.3332    -0.3293    -0.3285     0.0489     0.6865    -0.1049    -0.2063     0.0759     0.7971     0.9003     0.5603     0.8768     0.2258     0.7644    -0.8674    -0.8994    -0.5971    -0.5213    -0.4611     0.1360     0.8200     0.2882    -0.5429     0.7134     0.8943     0.8133     0.5300     0.4647     0.3445     0.0030     0.4350    -0.3361     0.8768     0.2258    -0.3332     0.1217     0.5603
w               0.3579     0.1451     0.8943     1.0000    -0.6742     0.6322     0.7700     0.9635     0.4746     1.0000     0.9655     0.7700     0.6544     0.6322     0.5547     0.4678    -0.1486     0.4822    -0.0667    -0.2388    -0.4008    -0.4008    -0.3977    -0.3632    -0.0586     0.7617    -0.1710    -0.1957     0.0337     0.9464     0.9729     0.7058     0.9983     0.4226     0.8009    -0.9813    -0.9709    -0.8018    -0.6456    -0.6050     0.0786     0.9635     0.1451    -0.6742     0.7700     1.0000     0.9655     0.6322     0.4746     0.4822    -0.0667     0.5547    -0.3635     0.9983     0.4226    -0.4008     0.1863     0.7058
R               0.0345     0.3494    -0.5429    -0.6742     1.0000    -0.0035    -0.8900    -0.7286    -0.8002    -0.6742    -0.8137    -0.8900    -0.5589    -0.0035    -0.9171    -0.8448     0.6557    -0.9345     0.1917     0.8268     0.8511     0.8511     0.8477     0.8158     0.6867    -0.4865     0.8317     0.6937     0.6277    -0.7591    -0.5166    -0.9971    -0.7049    -0.8507    -0.7784     0.7942     0.5083     0.8892     0.9968     0.9109     0.1691    -0.7286     0.3494     1.0000    -0.8900    -0.6742    -0.8137    -0.0035    -0.8002    -0.9345     0.1917    -0.9171     0.8116    -0.7049    -0.8507     0.8511     0.4105    -0.9971
epsilon         0.0028     0.0395     0.5300     0.6322    -0.0035     1.0000     0.3415     0.6731    -0.3819     0.6322     0.5492     0.3415     0.4674     1.0000    -0.0788    -0.1619     0.4827    -0.2046     0.1053     0.4838     0.2641     0.2641     0.2648     0.2930     0.6079     0.8133     0.5276     0.4467     0.7106     0.6463     0.6588     0.0710     0.6163     0.0646     0.0656    -0.4859    -0.6624    -0.4105     0.0372    -0.0152     0.1676     0.6731     0.0395    -0.0035     0.3415     0.6322     0.5492     1.0000    -0.3819    -0.2046     0.1053    -0.0788     0.2953     0.6163     0.0646     0.2641     0.8790     0.0710
Q              -0.1582    -0.4153     0.7134     0.7700    -0.8900     0.3415     1.0000     0.8663     0.5306     0.7700     0.8823     1.0000     0.4797     0.3415     0.8184     0.6716    -0.4992     0.7742    -0.1280    -0.5863    -0.7136    -0.7136    -0.7102    -0.6871    -0.3928     0.7961    -0.5803    -0.5322    -0.3272     0.8934     0.6175     0.9108     0.7906     0.8271     0.6375    -0.8260    -0.6109    -0.9324    -0.8804    -0.8383    -0.0829     0.8663    -0.4153    -0.8900     1.0000     0.7700     0.8823     0.3415     0.5306     0.7742    -0.1280     0.8184    -0.6843     0.7906     0.8271    -0.7136    -0.0408     0.9108
Y               0.0948    -0.1170     0.8200     0.9635    -0.7286     0.6731     0.8663     1.0000     0.3846     0.9635     0.9860     0.8663     0.7066     0.6731     0.6023     0.4932    -0.1464     0.5362    -0.1155    -0.2778    -0.4320    -0.4320    -0.4288    -0.3873    -0.0980     0.8805    -0.2284    -0.1973     0.0110     0.9976     0.8862     0.7698     0.9717     0.6048     0.6828    -0.9496    -0.8829    -0.9089    -0.6976    -0.6585     0.0228     1.0000    -0.1170    -0.7286     0.8663     0.9635     0.9860     0.6731     0.3846     0.5362    -0.1155     0.6023    -0.3840     0.9717     0.6048    -0.4320     0.2607     0.7698
M               0.4236     0.1282     0.4647     0.4746    -0.8002    -0.3819     0.5306     0.3846     1.0000     0.4746     0.5278     0.5306     0.2497    -0.3819     0.7511     0.7419    -0.7256     0.8076    -0.1992    -0.8344    -0.7780    -0.7780    -0.7752    -0.7660    -0.7604    -0.0153    -0.8033    -0.7409    -0.7670     0.3947     0.4121     0.7612     0.4906     0.4306     0.8808    -0.6185    -0.4056    -0.4901    -0.8123    -0.7043    -0.0967     0.3846     0.1282    -0.8002     0.5306     0.4746     0.5278    -0.3819     1.0000     0.8076    -0.1992     0.7511    -0.7690     0.4906     0.4306    -0.7780    -0.7763     0.7612
L               0.3579     0.1451     0.8943     1.0000    -0.6742     0.6322     0.7700     0.9635     0.4746     1.0000     0.9655     0.7700     0.6544     0.6322     0.5547     0.4678    -0.1486     0.4822    -0.0667    -0.2388    -0.4008    -0.4008    -0.3977    -0.3632    -0.0586     0.7617    -0.1710    -0.1957     0.0337     0.9464     0.9729     0.7058     0.9983     0.4226     0.8009    -0.9813    -0.9709    -0.8018    -0.6456    -0.6050     0.0786     0.9635     0.1451    -0.6742     0.7700     1.0000     0.9655     0.6322     0.4746     0.4822    -0.0667     0.5547    -0.3635     0.9983     0.4226    -0.4008     0.1863     0.7058
C               0.1512    -0.0964     0.8133     0.9655    -0.8137     0.5492     0.8823     0.9860     0.5278     0.9655     1.0000     0.8823     0.7229     0.5492     0.6888     0.5942    -0.2561     0.6423    -0.1543    -0.4100    -0.5346    -0.5346    -0.5313    -0.4885    -0.2377     0.7995    -0.3556    -0.3078    -0.1337     0.9862     0.8814     0.8454     0.9774     0.6426     0.7776    -0.9794    -0.8772    -0.9289    -0.7870    -0.7333    -0.0014     0.9860    -0.0964    -0.8137     0.8823     0.9655     1.0000     0.5492     0.5278     0.6423    -0.1543     0.6888    -0.4853     0.9774     0.6426    -0.5346     0.1023     0.8454
I              -0.1582    -0.4153     0.7134     0.7700    -0.8900     0.3415     1.0000     0.8663     0.5306     0.7700     0.8823     1.0000     0.4797     0.3415     0.8184     0.6716    -0.4992     0.7742    -0.1280    -0.5863    -0.7136    -0.7136    -0.7102    -0.6871    -0.3928     0.7961    -0.5803    -0.5322    -0.3272     0.8934     0.6175     0.9108     0.7906     0.8271     0.6375    -0.8260    -0.6109    -0.9324    -0.8804    -0.8383    -0.0829     0.8663    -0.4153    -0.8900     1.0000     0.7700     0.8823     0.3415     0.5306     0.7742    -0.1280     0.8184    -0.6843     0.7906     0.8271    -0.7136    -0.0408     0.9108
K              -0.0310    -0.1964     0.2472     0.6544    -0.5589     0.4674     0.4797     0.7066     0.2497     0.6544     0.7229     0.4797     1.0000     0.4674     0.4834     0.5393    -0.0187     0.4801    -0.1531    -0.2837    -0.3226    -0.3226    -0.3224    -0.2491    -0.2249     0.4987    -0.2126    -0.0915    -0.0707     0.7101     0.5799     0.5979     0.6813     0.5559     0.4436    -0.6627    -0.5768    -0.7417    -0.5341    -0.5475    -0.0661     0.7066    -0.1964    -0.5589     0.4797     0.6544     0.7229     0.4674     0.2497     0.4801    -0.1531     0.4834    -0.2367     0.6813     0.5559    -0.3226     0.1900     0.5979
EX              0.0028     0.0395     0.5300     0.6322    -0.0035     1.0000     0.3415     0.6731    -0.3819     0.6322     0.5492     0.3415     0.4674     1.0000    -0.0788    -0.1619     0.4827    -0.2046     0.1053     0.4838     0.2641     0.2641     0.2648     0.2930     0.6079     0.8133     0.5276     0.4467     0.7106     0.6463     0.6588     0.0710     0.6163     0.0646     0.0656    -0.4859    -0.6624    -0.4105     0.0372    -0.0152     0.1676     0.6731     0.0395    -0.0035     0.3415     0.6322     0.5492     1.0000    -0.3819    -0.2046     0.1053    -0.0788     0.2953     0.6163     0.0646     0.2641     0.8790     0.0710
N              -0.0384    -0.3318     0.4350     0.5547    -0.9171    -0.0788     0.8184     0.6023     0.7511     0.5547     0.6888     0.8184     0.4834    -0.0788     1.0000     0.9698    -0.8510     0.9725    -0.0028    -0.8674    -0.9772    -0.9772    -0.9766    -0.9602    -0.6931     0.3701    -0.8291    -0.8828    -0.6515     0.6392     0.4101     0.9066     0.5843     0.7650     0.7016    -0.6810    -0.4021    -0.7681    -0.9444    -0.9947    -0.1304     0.6023    -0.3318    -0.9171     0.8184     0.5547     0.6888    -0.0788     0.7511     0.9725    -0.0028     1.0000    -0.9569     0.5843     0.7650    -0.9772    -0.4412     0.9066
K_b             0.0192    -0.2605     0.2887     0.4678    -0.8448    -0.1619     0.6716     0.4932     0.7419     0.4678     0.5942     0.6716     0.5393    -0.1619     0.9698     1.0000    -0.8521     0.9485     0.0462    -0.8637    -0.9615    -0.9615    -0.9623    -0.9421    -0.7140     0.2073    -0.8105    -0.8879    -0.6687     0.5277     0.3429     0.8289     0.4990     0.6783     0.6708    -0.6005    -0.3354    -0.6700    -0.8794    -0.9650    -0.1339     0.4932    -0.2605    -0.8448     0.6716     0.4678     0.5942    -0.1619     0.7419     0.9485     0.0462     0.9698    -0.9377     0.4990     0.6783    -0.9615    -0.4931     0.8289
K_h            -0.0420     0.1873    -0.1891    -0.1486     0.6557     0.4827    -0.4992    -0.1464    -0.7256    -0.1486    -0.2561    -0.4992    -0.0187     0.4827    -0.8510    -0.8521     1.0000    -0.8277    -0.1500     0.8490     0.9411     0.9411     0.9420     0.9637     0.7079     0.0638     0.8301     0.9973     0.7500    -0.1852    -0.0467    -0.6125    -0.1689    -0.4598    -0.5206     0.3010     0.0397     0.3345     0.7121     0.8055     0.1179    -0.1464     0.1873     0.6557    -0.4992    -0.1486    -0.2561     0.4827    -0.7256    -0.8277    -0.1500    -0.8510     0.9662    -0.1689    -0.4598     0.9411     0.7035    -0.6125
D              -0.0771    -0.3789     0.3445     0.4822    -0.9345    -0.2046     0.7742     0.5362     0.8076     0.4822     0.6423     0.7742     0.4801    -0.2046     0.9725     0.9485    -0.8277     1.0000    -0.1964    -0.9485    -0.9593    -0.9593    -0.9581    -0.9331    -0.8325     0.2796    -0.8974    -0.8593    -0.7877     0.5769     0.3241     0.9201     0.5186     0.8084     0.6827    -0.6275    -0.3154    -0.7608    -0.9566    -0.9546    -0.1570     0.5362    -0.3789    -0.9345     0.7742     0.4822     0.6423    -0.2046     0.8076     1.0000    -0.1964     0.9725    -0.9280     0.5186     0.8084    -0.9593    -0.5562     0.9201
D_star          0.1548     0.2124     0.0030    -0.0667     0.1917     0.1053    -0.1280    -0.1155    -0.1992    -0.0667    -0.1543    -0.1280    -0.1531     0.1053    -0.0028     0.0462    -0.1500    -0.1964     1.0000     0.3139    -0.0270    -0.0270    -0.0299    -0.0773     0.5018    -0.0676     0.1408    -0.1382     0.4402    -0.1268    -0.0032    -0.2068    -0.0917    -0.3137    -0.0460     0.0929     0.0009     0.2649     0.1618    -0.0154    -0.0383    -0.1155     0.2124     0.1917    -0.1280    -0.0667    -0.1543     0.1053    -0.1992    -0.1964     1.0000    -0.0028    -0.0864    -0.0917    -0.3137    -0.0270     0.1746    -0.2068
x               0.0811     0.3590    -0.1486    -0.2388     0.8268     0.4838    -0.5863    -0.2778    -0.8344    -0.2388    -0.4100    -0.5863    -0.2837     0.4838    -0.8674    -0.8637     0.8490    -0.9485     0.3139     1.0000     0.9091     0.9091     0.9080     0.8904     0.9556    -0.0113     0.9455     0.8663     0.9416    -0.3222    -0.0880    -0.7960    -0.2773    -0.7111    -0.5771     0.4100     0.0791     0.5639     0.8555     0.8218     0.1751    -0.2778     0.3590     0.8268    -0.5863    -0.2388    -0.4100     0.4838    -0.8344    -0.9485     0.3139    -0.8674     0.8858    -0.2773    -0.7111     0.9091     0.7604    -0.7960
psi             0.0165     0.2971    -0.3332    -0.4008     0.8511     0.2641    -0.7136    -0.4320    -0.7780    -0.4008    -0.5346    -0.7136    -0.3226     0.2641    -0.9772    -0.9615     0.9411    -0.9593    -0.0270     0.9091     1.0000     1.0000     1.0000     0.9962     0.7512    -0.1943     0.8735     0.9608     0.7399    -0.4719    -0.2652    -0.8267    -0.4293    -0.6815    -0.6517     0.5458     0.2571     0.6244     0.8906     0.9540     0.1354    -0.4320     0.2971     0.8511    -0.7136    -0.4008    -0.5346     0.2641    -0.7780    -0.9593    -0.0270    -0.9772     0.9947    -0.4293    -0.6815     1.0000     0.5815    -0.8267
phi             0.0165     0.2971    -0.3332    -0.4008     0.8511     0.2641    -0.7136    -0.4320    -0.7780    -0.4008    -0.5346    -0.7136    -0.3226     0.2641    -0.9772    -0.9615     0.9411    -0.9593    -0.0270     0.9091     1.0000     1.0000     1.0000     0.9962     0.7512    -0.1943     0.8735     0.9608     0.7399    -0.4719    -0.2652    -0.8267    -0.4293    -0.6815    -0.6517     0.5458     0.2571     0.6244     0.8906     0.9540     0.1354    -0.4320     0.2971     0.8511    -0.7136    -0.4008    -0.5346     0.2641    -0.7780    -0.9593    -0.0270    -0.9772     0.9947    -0.4293    -0.6815     1.0000     0.5815    -0.8267
upsilon         0.0167     0.2963    -0.3293    -0.3977     0.8477     0.2648    -0.7102    -0.4288    -0.7752    -0.3977    -0.5313    -0.7102    -0.3224     0.2648    -0.9766    -0.9623     0.9420    -0.9581    -0.0299     0.9080     1.0000     1.0000     1.0000     0.9964     0.7501    -0.1914     0.8714     0.9617     0.7388    -0.4688    -0.2626    -0.8233    -0.4262    -0.6788    -0.6487     0.5426     0.2546     0.6211     0.8877     0.9536     0.1345    -0.4288     0.2963     0.8477    -0.7102    -0.3977    -0.5313     0.2648    -0.7752    -0.9581    -0.0299    -0.9766     0.9948    -0.4262    -0.6788     1.0000     0.5805    -0.8233
mu              0.0001     0.2710    -0.3285    -0.3632     0.8158     0.2930    -0.6871    -0.3873    -0.7660    -0.3632    -0.4885    -0.6871    -0.2491     0.2930    -0.9602    -0.9421     0.9637    -0.9331    -0.0773     0.8904     0.9962     0.9962     0.9964     1.0000     0.7255    -0.1614     0.8619     0.9779     0.7275    -0.4267    -0.2350    -0.7877    -0.3888    -0.6352    -0.6329     0.5079     0.2271     0.5704     0.8594     0.9332     0.1282    -0.3873     0.2710     0.8158    -0.6871    -0.3632    -0.4885     0.2930    -0.7660    -0.9331    -0.0773    -0.9602     0.9998    -0.3888    -0.6352     0.9962     0.5950    -0.7877
mu_star         0.1240     0.3606     0.0489    -0.0586     0.6867     0.6079    -0.3928    -0.0980    -0.7604    -0.0586    -0.2377    -0.3928    -0.2249     0.6079    -0.6931    -0.7140     0.7079    -0.8325     0.5018     0.9556     0.7512     0.7512     0.7501     0.7255     1.0000     0.1607     0.8807     0.7214     0.9857    -0.1418     0.0824    -0.6539    -0.1006    -0.6301    -0.4290     0.2300    -0.0907     0.4247     0.7100     0.6375     0.1772    -0.0980     0.3606     0.6867    -0.3928    -0.0586    -0.2377     0.6079    -0.7604    -0.8325     0.5018    -0.6931     0.7188    -0.1006    -0.6301     0.7512     0.8068    -0.6539
A              -0.2386    -0.3446     0.6865     0.7617    -0.4865     0.8133     0.7961     0.8805    -0.0153     0.7617     0.7995     0.7961     0.4987     0.8133     0.3701     0.2073     0.0638     0.2796    -0.0676    -0.0113    -0.1943    -0.1943    -0.1914    -0.1614     0.1607     1.0000     0.0000     0.0272     0.2594     0.8859     0.6694     0.5442     0.7666     0.5675     0.2936    -0.7009    -0.6676    -0.7885    -0.4514    -0.4370     0.0303     0.8805    -0.3446    -0.4865     0.7961     0.7617     0.7995     0.8133    -0.0153     0.2796    -0.0676     0.3701    -0.1573     0.7666     0.5675    -0.1943     0.5626     0.5442
R_star          0.1609     0.4345    -0.1049    -0.1710     0.8317     0.5276    -0.5803    -0.2284    -0.8033    -0.1710    -0.3556    -0.5803    -0.2126     0.5276    -0.8291    -0.8105     0.8301    -0.8974     0.1408     0.9455     0.8735     0.8735     0.8714     0.8619     0.8807     0.0000     1.0000     0.8423     0.8866    -0.2757    -0.0051    -0.7951    -0.2084    -0.7329    -0.5326     0.3524    -0.0042     0.5331     0.8543     0.7764     0.2694    -0.2284     0.4345     0.8317    -0.5803    -0.1710    -0.3556     0.5276    -0.8033    -0.8974     0.1408    -0.8291     0.8587    -0.2084    -0.7329     0.8735     0.7743    -0.7951
chi_h          -0.0396     0.2008    -0.2063    -0.1957     0.6937     0.4467    -0.5322    -0.1973    -0.7409    -0.1957    -0.3078    -0.5322    -0.0915     0.4467    -0.8828    -0.8879     0.9973    -0.8593    -0.1382     0.8663     0.9608     0.9608     0.9617     0.9779     0.7214     0.0272     0.8423     1.0000     0.7521    -0.2361    -0.0888    -0.6536    -0.2179    -0.4985    -0.5509     0.3481     0.0815     0.3872     0.7482     0.8421     0.1223    -0.1973     0.2008     0.6937    -0.5322    -0.1957    -0.3078     0.4467    -0.7409    -0.8593    -0.1382    -0.8828     0.9796    -0.2179    -0.4985     0.9608     0.6869    -0.6536
chi_b           0.0869     0.3097     0.0759     0.0337     0.6277     0.7106    -0.3272     0.0110    -0.7670     0.0337    -0.1337    -0.3272    -0.0707     0.7106    -0.6515    -0.6687     0.7500    -0.7877     0.4402     0.9416     0.7399     0.7399     0.7388     0.7275     0.9857     0.2594     0.8866     0.7521     1.0000    -0.0322     0.1626    -0.5850    -0.0040    -0.5452    -0.4008     0.1445    -0.1706     0.3117     0.6570     0.5832     0.1768     0.0110     0.3097     0.6277    -0.3272     0.0337    -0.1337     0.7106    -0.7670    -0.7877     0.4402    -0.6515     0.7233    -0.0040    -0.5452     0.7399     0.8803    -0.5850
Ynet            0.0398    -0.1792     0.7971     0.9464    -0.7591     0.6463     0.8934     0.9976     0.3947     0.9464     0.9862     0.8934     0.7101     0.6463     0.6392     0.5277    -0.1852     0.5769    -0.1268    -0.3222    -0.4719    -0.4719    -0.4688    -0.4267    -0.1418     0.8859    -0.2757    -0.2361    -0.0322     1.0000     0.8549     0.7997     0.9578     0.6559     0.6711    -0.9410    -0.8511    -0.9330    -0.7301    -0.6933     0.0047     0.9976    -0.1792    -0.7591     0.8934     0.9464     0.9862     0.6463     0.3947     0.5769    -0.1268     0.6392    -0.4228     0.9578     0.6559    -0.4719     0.2372     0.7997
R_dc            0.5269     0.3537     0.9003     0.9729    -0.5166     0.6588     0.6175     0.8862     0.4121     0.9729     0.8814     0.6175     0.5799     0.6588     0.4101     0.3429    -0.0467     0.3241    -0.0032    -0.0880    -0.2652    -0.2652    -0.2626    -0.2350     0.0824     0.6694    -0.0051    -0.0888     0.1626     0.8549     1.0000     0.5462     0.9613     0.2044     0.7809    -0.9300    -1.0000    -0.6466    -0.4883    -0.4629     0.1300     0.8862     0.3537    -0.5166     0.6175     0.9729     0.8814     0.6588     0.4121     0.3241    -0.0032     0.4101    -0.2378     0.9613     0.2044    -0.2652     0.2367     0.5462
cryp           -0.0606    -0.3706     0.5603     0.7058    -0.9971     0.0710     0.9108     0.7698     0.7612     0.7058     0.8454     0.9108     0.5979     0.0710     0.9066     0.8289    -0.6125     0.9201    -0.2068    -0.7960    -0.8267    -0.8267    -0.8233    -0.7877    -0.6539     0.5442    -0.7951    -0.6536    -0.5850     0.7997     0.5462     1.0000     0.7367     0.8681     0.7636    -0.8159    -0.5380    -0.9214    -0.9905    -0.9072    -0.1610     0.7698    -0.3706    -0.9971     0.9108     0.7058     0.8454     0.0710     0.7612     0.9201    -0.2068     0.9066    -0.7828     0.7367     0.8681    -0.8267    -0.3442     1.0000
DC              0.3229     0.1014     0.8768     0.9983    -0.7049     0.6163     0.7906     0.9717     0.4906     0.9983     0.9774     0.7906     0.6813     0.6163     0.5843     0.4990    -0.1689     0.5186    -0.0917    -0.2773    -0.4293    -0.4293    -0.4262    -0.3888    -0.1006     0.7666    -0.2084    -0.2179    -0.0040     0.9578     0.9613     0.7367     1.0000     0.4662     0.8017    -0.9869    -0.9588    -0.8311    -0.6766    -0.6340     0.0576     0.9717     0.1014    -0.7049     0.7906     0.9983     0.9774     0.6163     0.4906     0.5186    -0.0917     0.5843    -0.3882     1.0000     0.4662    -0.4293     0.1672     0.7367
m              -0.5380    -0.7712     0.2258     0.4226    -0.8507     0.0646     0.8271     0.6048     0.4306     0.4226     0.6426     0.8271     0.5559     0.0646     0.7650     0.6783    -0.4598     0.8084    -0.3137    -0.7111    -0.6815    -0.6815    -0.6788    -0.6352    -0.6301     0.5675    -0.7329    -0.4985    -0.5452     0.6559     0.2044     0.8681     0.4662     1.0000     0.3486    -0.5220    -0.1958    -0.8757    -0.8415    -0.7713    -0.2146     0.6048    -0.7712    -0.8507     0.8271     0.4226     0.6426     0.0646     0.4306     0.8084    -0.3137     0.7650    -0.6241     0.4662     1.0000    -0.6815    -0.1781     0.8681
Lambda          0.5966     0.3149     0.7644     0.8009    -0.7784     0.0656     0.6375     0.6828     0.8808     0.8009     0.7776     0.6375     0.4436     0.0656     0.7016     0.6708    -0.5206     0.6827    -0.0460    -0.5771    -0.6517    -0.6517    -0.6487    -0.6329    -0.4290     0.2936    -0.5326    -0.5509    -0.4008     0.6711     0.7809     0.7636     0.8017     0.3486     1.0000    -0.8741    -0.7767    -0.6166    -0.7742    -0.6963     0.0153     0.6828     0.3149    -0.7784     0.6375     0.8009     0.7776     0.0656     0.8808     0.6827    -0.0460     0.7016    -0.6374     0.8017     0.3486    -0.6517    -0.4096     0.7636
gam            -0.3372    -0.0815    -0.8674    -0.9813     0.7942    -0.4859    -0.8260    -0.9496    -0.6185    -0.9813    -0.9794    -0.8260    -0.6627    -0.4859    -0.6810    -0.6005     0.3010    -0.6275     0.0929     0.4100     0.5458     0.5458     0.5426     0.5079     0.2300    -0.7009     0.3524     0.3481     0.1445    -0.9410    -0.9300    -0.8159    -0.9869    -0.5220    -0.8741     1.0000     0.9264     0.8507     0.7718     0.7177    -0.0191    -0.9496    -0.0815     0.7942    -0.8260    -0.9813    -0.9794    -0.4859    -0.6185    -0.6275     0.0929    -0.6810     0.5077    -0.9869    -0.5220     0.5458    -0.0123    -0.8159
trs            -0.5306    -0.3599    -0.8994    -0.9709     0.5083    -0.6624    -0.6109    -0.8829    -0.4056    -0.9709    -0.8772    -0.6109    -0.5768    -0.6624    -0.4021    -0.3354     0.0397    -0.3154     0.0009     0.0791     0.2571     0.2571     0.2546     0.2271    -0.0907    -0.6676    -0.0042     0.0815    -0.1706    -0.8511    -1.0000    -0.5380    -0.9588    -0.1958    -0.7767     0.9264     1.0000     0.6401     0.4799     0.4552    -0.1327    -0.8829    -0.3599     0.5083    -0.6109    -0.9709    -0.8772    -0.6624    -0.4056    -0.3154     0.0009    -0.4021     0.2300    -0.9588    -0.1958     0.2571    -0.2425    -0.5380
Lambda1         0.1886     0.4443    -0.5971    -0.8018     0.8892    -0.4105    -0.9324    -0.9089    -0.4901    -0.8018    -0.9289    -0.9324    -0.7417    -0.4105    -0.7681    -0.6700     0.3345    -0.7608     0.2649     0.5639     0.6244     0.6244     0.6211     0.5704     0.4247    -0.7885     0.5331     0.3872     0.3117    -0.9330    -0.6466    -0.9214    -0.8311    -0.8757    -0.6166     0.8507     0.6401     1.0000     0.8662     0.8037     0.1045    -0.9089     0.4443     0.8892    -0.9324    -0.8018    -0.9289    -0.4105    -0.4901    -0.7608     0.2649    -0.7681     0.5623    -0.8311    -0.8757     0.6244    -0.0272    -0.9214
mu_cryp         0.0325     0.3483    -0.5213    -0.6456     0.9968     0.0372    -0.8804    -0.6976    -0.8123    -0.6456    -0.7870    -0.8804    -0.5341     0.0372    -0.9444    -0.8794     0.7121    -0.9566     0.1618     0.8555     0.8906     0.8906     0.8877     0.8594     0.7100    -0.4514     0.8543     0.7482     0.6570    -0.7301    -0.4883    -0.9905    -0.6766    -0.8415    -0.7742     0.7718     0.4799     0.8662     1.0000     0.9355     0.1672    -0.6976     0.3483     0.9968    -0.8804    -0.6456    -0.7870     0.0372    -0.8123    -0.9566     0.1618    -0.9444     0.8556    -0.6766    -0.8415     0.8906     0.4444    -0.9905
x_c             0.0470     0.3348    -0.4611    -0.6050     0.9109    -0.0152    -0.8383    -0.6585    -0.7043    -0.6050    -0.7333    -0.8383    -0.5475    -0.0152    -0.9947    -0.9650     0.8055    -0.9546    -0.0154     0.8218     0.9540     0.9540     0.9536     0.9332     0.6375    -0.4370     0.7764     0.8421     0.5832    -0.6933    -0.4629    -0.9072    -0.6340    -0.7713    -0.6963     0.7177     0.4552     0.8037     0.9355     1.0000     0.1169    -0.6585     0.3348     0.9109    -0.8383    -0.6050    -0.7333    -0.0152    -0.7043    -0.9546    -0.0154    -0.9947     0.9292    -0.6340    -0.7713     0.9540     0.3529    -0.9072
DE              0.2126     0.2638     0.1360     0.0786     0.1691     0.1676    -0.0829     0.0228    -0.0967     0.0786    -0.0014    -0.0829    -0.0661     0.1676    -0.1304    -0.1339     0.1179    -0.1570    -0.0383     0.1751     0.1354     0.1354     0.1345     0.1282     0.1772     0.0303     0.2694     0.1223     0.1768     0.0047     0.1300    -0.1610     0.0576    -0.2146     0.0153    -0.0191    -0.1327     0.1045     0.1672     0.1169     1.0000     0.0228     0.2638     0.1691    -0.0829     0.0786    -0.0014     0.1676    -0.0967    -0.1570    -0.0383    -0.1304     0.1253     0.0576    -0.2146     0.1354     0.1642    -0.1610
logY            0.0948    -0.1170     0.8200     0.9635    -0.7286     0.6731     0.8663     1.0000     0.3846     0.9635     0.9860     0.8663     0.7066     0.6731     0.6023     0.4932    -0.1464     0.5362    -0.1155    -0.2778    -0.4320    -0.4320    -0.4288    -0.3873    -0.0980     0.8805    -0.2284    -0.1973     0.0110     0.9976     0.8862     0.7698     0.9717     0.6048     0.6828    -0.9496    -0.8829    -0.9089    -0.6976    -0.6585     0.0228     1.0000    -0.1170    -0.7286     0.8663     0.9635     0.9860     0.6731     0.3846     0.5362    -0.1155     0.6023    -0.3840     0.9717     0.6048    -0.4320     0.2607     0.7698
logPi           0.9475     1.0000     0.2882     0.1451     0.3494     0.0395    -0.4153    -0.1170     0.1282     0.1451    -0.0964    -0.4153    -0.1964     0.0395    -0.3318    -0.2605     0.1873    -0.3789     0.2124     0.3590     0.2971     0.2971     0.2963     0.2710     0.3606    -0.3446     0.4345     0.2008     0.3097    -0.1792     0.3537    -0.3706     0.1014    -0.7712     0.3149    -0.0815    -0.3599     0.4443     0.3483     0.3348     0.2638    -0.1170     1.0000     0.3494    -0.4153     0.1451    -0.0964     0.0395     0.1282    -0.3789     0.2124    -0.3318     0.2580     0.1014    -0.7712     0.2971    -0.0392    -0.3706
logR            0.0345     0.3494    -0.5429    -0.6742     1.0000    -0.0035    -0.8900    -0.7286    -0.8002    -0.6742    -0.8137    -0.8900    -0.5589    -0.0035    -0.9171    -0.8448     0.6557    -0.9345     0.1917     0.8268     0.8511     0.8511     0.8477     0.8158     0.6867    -0.4865     0.8317     0.6937     0.6277    -0.7591    -0.5166    -0.9971    -0.7049    -0.8507    -0.7784     0.7942     0.5083     0.8892     0.9968     0.9109     0.1691    -0.7286     0.3494     1.0000    -0.8900    -0.6742    -0.8137    -0.0035    -0.8002    -0.9345     0.1917    -0.9171     0.8116    -0.7049    -0.8507     0.8511     0.4105    -0.9971
logI           -0.1582    -0.4153     0.7134     0.7700    -0.8900     0.3415     1.0000     0.8663     0.5306     0.7700     0.8823     1.0000     0.4797     0.3415     0.8184     0.6716    -0.4992     0.7742    -0.1280    -0.5863    -0.7136    -0.7136    -0.7102    -0.6871    -0.3928     0.7961    -0.5803    -0.5322    -0.3272     0.8934     0.6175     0.9108     0.7906     0.8271     0.6375    -0.8260    -0.6109    -0.9324    -0.8804    -0.8383    -0.0829     0.8663    -0.4153    -0.8900     1.0000     0.7700     0.8823     0.3415     0.5306     0.7742    -0.1280     0.8184    -0.6843     0.7906     0.8271    -0.7136    -0.0408     0.9108
logL            0.3579     0.1451     0.8943     1.0000    -0.6742     0.6322     0.7700     0.9635     0.4746     1.0000     0.9655     0.7700     0.6544     0.6322     0.5547     0.4678    -0.1486     0.4822    -0.0667    -0.2388    -0.4008    -0.4008    -0.3977    -0.3632    -0.0586     0.7617    -0.1710    -0.1957     0.0337     0.9464     0.9729     0.7058     0.9983     0.4226     0.8009    -0.9813    -0.9709    -0.8018    -0.6456    -0.6050     0.0786     0.9635     0.1451    -0.6742     0.7700     1.0000     0.9655     0.6322     0.4746     0.4822    -0.0667     0.5547    -0.3635     0.9983     0.4226    -0.4008     0.1863     0.7058
logC            0.1512    -0.0964     0.8133     0.9655    -0.8137     0.5492     0.8823     0.9860     0.5278     0.9655     1.0000     0.8823     0.7229     0.5492     0.6888     0.5942    -0.2561     0.6423    -0.1543    -0.4100    -0.5346    -0.5346    -0.5313    -0.4885    -0.2377     0.7995    -0.3556    -0.3078    -0.1337     0.9862     0.8814     0.8454     0.9774     0.6426     0.7776    -0.9794    -0.8772    -0.9289    -0.7870    -0.7333    -0.0014     0.9860    -0.0964    -0.8137     0.8823     0.9655     1.0000     0.5492     0.5278     0.6423    -0.1543     0.6888    -0.4853     0.9774     0.6426    -0.5346     0.1023     0.8454
logEX           0.0028     0.0395     0.5300     0.6322    -0.0035     1.0000     0.3415     0.6731    -0.3819     0.6322     0.5492     0.3415     0.4674     1.0000    -0.0788    -0.1619     0.4827    -0.2046     0.1053     0.4838     0.2641     0.2641     0.2648     0.2930     0.6079     0.8133     0.5276     0.4467     0.7106     0.6463     0.6588     0.0710     0.6163     0.0646     0.0656    -0.4859    -0.6624    -0.4105     0.0372    -0.0152     0.1676     0.6731     0.0395    -0.0035     0.3415     0.6322     0.5492     1.0000    -0.3819    -0.2046     0.1053    -0.0788     0.2953     0.6163     0.0646     0.2641     0.8790     0.0710
logM            0.4236     0.1282     0.4647     0.4746    -0.8002    -0.3819     0.5306     0.3846     1.0000     0.4746     0.5278     0.5306     0.2497    -0.3819     0.7511     0.7419    -0.7256     0.8076    -0.1992    -0.8344    -0.7780    -0.7780    -0.7752    -0.7660    -0.7604    -0.0153    -0.8033    -0.7409    -0.7670     0.3947     0.4121     0.7612     0.4906     0.4306     0.8808    -0.6185    -0.4056    -0.4901    -0.8123    -0.7043    -0.0967     0.3846     0.1282    -0.8002     0.5306     0.4746     0.5278    -0.3819     1.0000     0.8076    -0.1992     0.7511    -0.7690     0.4906     0.4306    -0.7780    -0.7763     0.7612
logD           -0.0771    -0.3789     0.3445     0.4822    -0.9345    -0.2046     0.7742     0.5362     0.8076     0.4822     0.6423     0.7742     0.4801    -0.2046     0.9725     0.9485    -0.8277     1.0000    -0.1964    -0.9485    -0.9593    -0.9593    -0.9581    -0.9331    -0.8325     0.2796    -0.8974    -0.8593    -0.7877     0.5769     0.3241     0.9201     0.5186     0.8084     0.6827    -0.6275    -0.3154    -0.7608    -0.9566    -0.9546    -0.1570     0.5362    -0.3789    -0.9345     0.7742     0.4822     0.6423    -0.2046     0.8076     1.0000    -0.1964     0.9725    -0.9280     0.5186     0.8084    -0.9593    -0.5562     0.9201
logD_star       0.1548     0.2124     0.0030    -0.0667     0.1917     0.1053    -0.1280    -0.1155    -0.1992    -0.0667    -0.1543    -0.1280    -0.1531     0.1053    -0.0028     0.0462    -0.1500    -0.1964     1.0000     0.3139    -0.0270    -0.0270    -0.0299    -0.0773     0.5018    -0.0676     0.1408    -0.1382     0.4402    -0.1268    -0.0032    -0.2068    -0.0917    -0.3137    -0.0460     0.0929     0.0009     0.2649     0.1618    -0.0154    -0.0383    -0.1155     0.2124     0.1917    -0.1280    -0.0667    -0.1543     0.1053    -0.1992    -0.1964     1.0000    -0.0028    -0.0864    -0.0917    -0.3137    -0.0270     0.1746    -0.2068
logN           -0.0384    -0.3318     0.4350     0.5547    -0.9171    -0.0788     0.8184     0.6023     0.7511     0.5547     0.6888     0.8184     0.4834    -0.0788     1.0000     0.9698    -0.8510     0.9725    -0.0028    -0.8674    -0.9772    -0.9772    -0.9766    -0.9602    -0.6931     0.3701    -0.8291    -0.8828    -0.6515     0.6392     0.4101     0.9066     0.5843     0.7650     0.7016    -0.6810    -0.4021    -0.7681    -0.9444    -0.9947    -0.1304     0.6023    -0.3318    -0.9171     0.8184     0.5547     0.6888    -0.0788     0.7511     0.9725    -0.0028     1.0000    -0.9569     0.5843     0.7650    -0.9772    -0.4412     0.9066
spread         -0.0123     0.2580    -0.3361    -0.3635     0.8116     0.2953    -0.6843    -0.3840    -0.7690    -0.3635    -0.4853    -0.6843    -0.2367     0.2953    -0.9569    -0.9377     0.9662    -0.9280    -0.0864     0.8858     0.9947     0.9947     0.9948     0.9998     0.7188    -0.1573     0.8587     0.9796     0.7233    -0.4228    -0.2378    -0.7828    -0.3882    -0.6241    -0.6374     0.5077     0.2300     0.5623     0.8556     0.9292     0.1253    -0.3840     0.2580     0.8116    -0.6843    -0.3635    -0.4853     0.2953    -0.7690    -0.9280    -0.0864    -0.9569     1.0000    -0.3882    -0.6241     0.9947     0.5981    -0.7828
logDC           0.3229     0.1014     0.8768     0.9983    -0.7049     0.6163     0.7906     0.9717     0.4906     0.9983     0.9774     0.7906     0.6813     0.6163     0.5843     0.4990    -0.1689     0.5186    -0.0917    -0.2773    -0.4293    -0.4293    -0.4262    -0.3888    -0.1006     0.7666    -0.2084    -0.2179    -0.0040     0.9578     0.9613     0.7367     1.0000     0.4662     0.8017    -0.9869    -0.9588    -0.8311    -0.6766    -0.6340     0.0576     0.9717     0.1014    -0.7049     0.7906     0.9983     0.9774     0.6163     0.4906     0.5186    -0.0917     0.5843    -0.3882     1.0000     0.4662    -0.4293     0.1672     0.7367
logm           -0.5380    -0.7712     0.2258     0.4226    -0.8507     0.0646     0.8271     0.6048     0.4306     0.4226     0.6426     0.8271     0.5559     0.0646     0.7650     0.6783    -0.4598     0.8084    -0.3137    -0.7111    -0.6815    -0.6815    -0.6788    -0.6352    -0.6301     0.5675    -0.7329    -0.4985    -0.5452     0.6559     0.2044     0.8681     0.4662     1.0000     0.3486    -0.5220    -0.1958    -0.8757    -0.8415    -0.7713    -0.2146     0.6048    -0.7712    -0.8507     0.8271     0.4226     0.6426     0.0646     0.4306     0.8084    -0.3137     0.7650    -0.6241     0.4662     1.0000    -0.6815    -0.1781     0.8681
leverage        0.0165     0.2971    -0.3332    -0.4008     0.8511     0.2641    -0.7136    -0.4320    -0.7780    -0.4008    -0.5346    -0.7136    -0.3226     0.2641    -0.9772    -0.9615     0.9411    -0.9593    -0.0270     0.9091     1.0000     1.0000     1.0000     0.9962     0.7512    -0.1943     0.8735     0.9608     0.7399    -0.4719    -0.2652    -0.8267    -0.4293    -0.6815    -0.6517     0.5458     0.2571     0.6244     0.8906     0.9540     0.1354    -0.4320     0.2971     0.8511    -0.7136    -0.4008    -0.5346     0.2641    -0.7780    -0.9593    -0.0270    -0.9772     0.9947    -0.4293    -0.6815     1.0000     0.5815    -0.8267
TB             -0.2166    -0.0392     0.1217     0.1863     0.4105     0.8790    -0.0408     0.2607    -0.7763     0.1863     0.1023    -0.0408     0.1900     0.8790    -0.4412    -0.4931     0.7035    -0.5562     0.1746     0.7604     0.5815     0.5815     0.5805     0.5950     0.8068     0.5626     0.7743     0.6869     0.8803     0.2372     0.2367    -0.3442     0.1672    -0.1781    -0.4096    -0.0123    -0.2425    -0.0272     0.4444     0.3529     0.1642     0.2607    -0.0392     0.4105    -0.0408     0.1863     0.1023     0.8790    -0.7763    -0.5562     0.1746    -0.4412     0.5981     0.1672    -0.1781     0.5815     1.0000    -0.3442
logcryp        -0.0606    -0.3706     0.5603     0.7058    -0.9971     0.0710     0.9108     0.7698     0.7612     0.7058     0.8454     0.9108     0.5979     0.0710     0.9066     0.8289    -0.6125     0.9201    -0.2068    -0.7960    -0.8267    -0.8267    -0.8233    -0.7877    -0.6539     0.5442    -0.7951    -0.6536    -0.5850     0.7997     0.5462     1.0000     0.7367     0.8681     0.7636    -0.8159    -0.5380    -0.9214    -0.9905    -0.9072    -0.1610     0.7698    -0.3706    -0.9971     0.9108     0.7058     0.8454     0.0710     0.7612     0.9201    -0.2068     0.9066    -0.7828     0.7367     0.8681    -0.8267    -0.3442     1.0000



COEFFICIENTS OF AUTOCORRELATION
Order              1        2        3        4        5
mc            0.3945   0.1464   0.0568   0.0254   0.0143
Pi            0.4869   0.2800   0.1991   0.1640   0.1453
Z             0.7370   0.6027   0.5301   0.4819   0.4436
w             0.8344   0.7485   0.7006   0.6677   0.6408
R             0.9204   0.8509   0.7888   0.7326   0.6814
epsilon       0.9468   0.8971   0.8508   0.8078   0.7677
Q             0.9354   0.8712   0.8102   0.7531   0.7001
Y             0.9385   0.8920   0.8541   0.8205   0.7894
M             0.7558   0.6217   0.5423   0.4864   0.4414
L             0.8344   0.7485   0.7006   0.6677   0.6408
C             0.9188   0.8638   0.8234   0.7896   0.7589
I             0.9354   0.8712   0.8102   0.7531   0.7001
K             0.9993   0.9971   0.9937   0.9892   0.9837
EX            0.9468   0.8971   0.8508   0.8078   0.7677
N             0.9300   0.8658   0.8068   0.7525   0.7023
K_b           0.9434   0.8906   0.8413   0.7955   0.7529
K_h           0.9223   0.8503   0.7840   0.7228   0.6665
D             0.9331   0.8715   0.8149   0.7628   0.7148
D_star        0.9931   0.9822   0.9697   0.9567   0.9433
x             0.9322   0.8700   0.8130   0.7606   0.7126
psi           0.9233   0.8529   0.7882   0.7288   0.6741
phi           0.9233   0.8529   0.7882   0.7288   0.6741
upsilon       0.9238   0.8538   0.7895   0.7303   0.6758
mu            0.9201   0.8470   0.7799   0.7182   0.6616
mu_star       0.9485   0.9018   0.8589   0.8193   0.7826
A             0.9500   0.9025   0.8574   0.8145   0.7738
R_star        0.9000   0.8100   0.7290   0.6561   0.5905
chi_h         0.9227   0.8511   0.7851   0.7242   0.6681
chi_b         0.9422   0.8892   0.8405   0.7957   0.7544
Ynet          0.9495   0.9066   0.8690   0.8345   0.8020
R_dc          0.7665   0.6343   0.5711   0.5361   0.5117
cryp          0.9298   0.8662   0.8085   0.7558   0.7076
DC            0.8616   0.7793   0.7316   0.6983   0.6708
m             0.8695   0.7686   0.7042   0.6575   0.6192
Lambda        0.6237   0.4719   0.4021   0.3620   0.3334
gam           0.8461   0.7536   0.7004   0.6639   0.6342
trs           0.7649   0.6318   0.5682   0.5332   0.5088
Lambda1       0.9639   0.9262   0.8895   0.8545   0.8213
mu_cryp       0.9191   0.8483   0.7848   0.7273   0.6750
x_c           0.9371   0.8790   0.8252   0.7754   0.7293
DE           -0.0354  -0.0260  -0.0212  -0.0183  -0.0161
logY          0.9385   0.8920   0.8541   0.8205   0.7894
logPi         0.4869   0.2800   0.1991   0.1640   0.1453
logR          0.9204   0.8509   0.7888   0.7326   0.6814
logI          0.9354   0.8712   0.8102   0.7531   0.7001
logL          0.8344   0.7485   0.7006   0.6677   0.6408
logC          0.9188   0.8638   0.8234   0.7896   0.7589
logEX         0.9468   0.8971   0.8508   0.8078   0.7677
logM          0.7558   0.6217   0.5423   0.4864   0.4414
logD          0.9331   0.8715   0.8149   0.7628   0.7148
logD_star     0.9931   0.9822   0.9697   0.9567   0.9433
logN          0.9300   0.8658   0.8068   0.7525   0.7023
spread        0.9188   0.8449   0.7772   0.7151   0.6581
logDC         0.8616   0.7793   0.7316   0.6983   0.6708
logm          0.8695   0.7686   0.7042   0.6575   0.6192
leverage      0.9233   0.8529   0.7882   0.7288   0.6741
TB            0.8863   0.8040   0.7394   0.6844   0.6357
logcryp       0.9298   0.8662   0.8085   0.7558   0.7076
Total computing time : 0h00m01s
