Starting Dynare (version 5.1).
Calling Dynare with arguments: none
Starting preprocessing of the model file ...
Found 65 equation(s).
Evaluating expressions...done
Computing static model derivatives (order 1).
Computing dynamic model derivatives (order 1).
Processing outputs ...
done
Preprocessing completed.


STEADY-STATE RESULTS:

mc        		 0.888889
Pi        		 1
Z         		 0.0397026
w         		 5.04443
R         		 1.015
epsilon   		 1.049
Q         		 1
Y         		 2.85972
M         		 0.436181
L         		 0.262036
C         		 1.94416
I         		 0.384152
K         		 19.2076
EX        		 0.507735
N         		 3.68177
K_b       		 14.6903
K_h       		 4.51727
D         		 5.65384
D_star    		 4.23049
x         		 0.302089
psi       		 1.59999
phi       		 3.99001
upsilon   		 1.56399
mu        		 0.00724611
mu_star   		 0.00568957
A         		 1
R_star    		 1.01131
Y_star    		 0.484018
Phi       		 0
Theta     		 0.401
chi_h     		 0.0104644
chi_b     		 0.0132049
Ynet      		 2.37849
P_c       		 1
R_dc      		 1
theta_c   		 1
cryp      		 0.930129
DC        		 5.31366
m         		 1.21698
R_c       		 1
Lambda    		 0.985222
gam       		 0.276685
trs       		 0.186349
Lambda1   		 0.772863
sigma_Rc  		 0
mu_cryp   		 0.0231132
x_c       		 0.0633158
DE        		 1
logY      		 1.05072
logPi     		 0
logR      		 0.0148886
logI      		 -0.956718
logL      		 -1.33927
logC      		 0.66483
logEX     		 -0.677796
logM      		 -0.829697
logD      		 1.73233
logD_star 		 1.44232
logN      		 1.30339
spread    		 0.00470258
logDC     		 1.67028
logm      		 0.196369
leverage  		 1.38379
TB        		 0.0715536
logcryp   		 -0.0724317

EIGENVALUES:
         Modulus             Real        Imaginary

       1.461e-15        1.461e-15                0
       2.026e-15        2.026e-15                0
       2.879e-14       -2.879e-14                0
       1.058e-08        1.288e-14        1.058e-08
       1.058e-08        1.288e-14       -1.058e-08
          0.2712           0.1264             0.24
          0.2712           0.1264            -0.24
             0.9              0.9                0
             0.9              0.9                0
           0.936            0.936                0
            0.95             0.95                0
            0.95             0.95                0
            0.95             0.95                0
          0.9775           0.9775                0
          0.9813           0.9813                0
           1.027            1.027                0
           1.038            1.038                0
            1.07             1.07                0
           1.211            1.211                0
           1.523            1.523                0
       8.329e+16        8.329e+16                0
       1.841e+18       -1.841e+18                0


There are 7 eigenvalue(s) larger than 1 in modulus 
for 7 forward-looking variable(s)

The rank condition is verified.

MODEL_DIAGNOSTICS:  The Jacobian of the static model is singular
MODEL_DIAGNOSTICS:  there is 2 colinear relationships between the variables and the equations
Relation 1
Colinear variables:
Z
w
epsilon
Y
M
L
C
I
K
EX
N
K_b
K_h
D
D_star
x
psi
phi
upsilon
mu
mu_star
R_star
Y_star
chi_h
chi_b
Ynet
cryp
DC
m
gam
trs
Lambda1
mu_cryp
x_c
logY
logI
logL
logC
logEX
logM
logD
logD_star
logN
spread
logDC
logm
leverage
TB
logcryp
Relation 2
Colinear variables:
Z
w
epsilon
Y
M
L
C
I
K
EX
N
K_b
K_h
D
D_star
x
psi
phi
upsilon
mu
mu_star
R_star
Y_star
chi_h
chi_b
Ynet
cryp
DC
m
gam
trs
Lambda1
mu_cryp
x_c
logY
logI
logL
logC
logEX
logM
logD
logD_star
logN
spread
logDC
logm
leverage
TB
logcryp
Relation 1
Colinear equations
    46    47

Relation 2
Colinear equations
    46    47

MODEL_DIAGNOSTICS:  The presence of a singularity problem typically indicates that there is one
MODEL_DIAGNOSTICS:  redundant equation entered in the model block, while another non-redundant equation
MODEL_DIAGNOSTICS:  is missing. The problem often derives from Walras Law.

MODEL SUMMARY

  Number of variables:         65
  Number of stochastic shocks: 6
  Number of state variables:   15
  Number of jumpers:           7
  Number of static variables:  44


MATRIX OF COVARIANCE OF EXOGENOUS SHOCKS
Variables               varepsilon_R      varepsilon_A  varepsilon_Rstar  varepsilon_Ystar            eps_Rc               vol
varepsilon_R                0.000006          0.000000          0.000000          0.000000          0.000000          0.000000
varepsilon_A                0.000000          0.000100          0.000000          0.000000          0.000000          0.000000
varepsilon_Rstar            0.000000          0.000000          0.000006          0.000000          0.000000          0.000000
varepsilon_Ystar            0.000000          0.000000          0.000000          0.000000          0.000000          0.000000
eps_Rc                      0.000000          0.000000          0.000000          0.000000          0.000000          0.000000
vol                         0.000000          0.000000          0.000000          0.000000          0.000000          0.000000

POLICY AND TRANSITION FUNCTIONS
                                  mc              Pi               Z               w               R         epsilon               Q               Y               M               L               C               I               K              EX               N             K_b             K_h               D          D_star               x             psi             phi         upsilon              mu         mu_star               A          R_star          Y_star             Phi           Theta           chi_h           chi_b            Ynet             P_c            R_dc         theta_c            cryp              DC               m             R_c          Lambda             gam             trs         Lambda1        sigma_Rc         mu_cryp             x_c              DE            logY           logPi            logR            logI            logL            logC           logEX            logM            logD       logD_star            logN          spread           logDC            logm        leverage              TB         logcryp
Constant                    0.888889        1.000000        0.039703        5.044429        1.015000        1.049000        1.000000        2.859715        0.436181        0.262036        1.944159        0.384152       19.207588        0.507735        3.681774       14.690313        4.517275        5.653836        4.230485        0.302089        1.599994        3.990010        1.563994        0.007246        0.005690        1.000000        1.011308        0.484018               0        0.401000        0.010464        0.013205        2.378491        1.000000        1.000000        1.000000        0.930129        5.313661        1.216976        1.000000        0.985222        0.276685        0.186349        0.772863               0        0.023113        0.063316        1.000000        1.050722               0        0.014889       -0.956718       -1.339272        0.664830       -0.677796       -0.829697        1.732335        1.442318        1.303395        0.004703        1.670281        0.196369        1.383794        0.071554       -0.072432
R(-1)                      -9.084532       -2.030802       -0.932251      -29.611894        0.016220       -0.718714       -0.826810      -37.922023       -9.943073       -4.614631      -37.474819       -0.476431       -0.476431       -0.347871      -39.367538      -81.036899       80.560468      -40.310238       -9.943073        0.999213        6.958994       17.354099        6.121016        0.163756       -0.001268               0               0               0               0               0        0.373503        0.003594      -27.555345               0       -5.955799               0       -0.030828     -726.201946       12.533498               0       -0.292851       15.924407       22.283389       -0.286085               0        0.115082        0.399524       -2.715944      -13.260769       -2.030802        0.015980       -1.240215      -17.610650      -19.275593       -0.685142      -22.795725       -7.129715       -2.350339      -10.692546        0.089268     -136.666970       10.298886        4.349388        9.595202       -0.033144
K(-1)                      -0.029093       -0.006760       -0.004010       -0.061714       -0.001140        0.022916       -0.018769       -0.046348       -0.030874       -0.009617       -0.054277       -0.010815        0.969185        0.011092       -0.441256       -0.552676        1.521861       -0.454985       -0.030874        0.021430        0.101532        0.253198        0.088967        0.002624        0.000156               0               0               0               0               0        0.006523        0.001129       -0.031609               0       -0.013144               0        0.004408       -1.426236        0.039758               0       -0.000038        0.025321        0.045650       -0.018974               0       -0.000415        0.003871        0.015086       -0.016207       -0.006760       -0.001123       -0.028154       -0.036703       -0.027918        0.021846       -0.070783       -0.080474       -0.007298       -0.119849        0.001435       -0.268409        0.032669        0.063458        0.041966        0.004740
K_b(-1)                     0.002760        0.000616        0.000279        0.008876        0.000252        0.000455        0.024547        0.011249        0.002881        0.001383        0.011866        0.014145        0.014145        0.000220        1.298702        2.665454       -2.651309        1.720394        0.002881       -0.061890       -0.234796       -0.585527       -0.206723       -0.005394       -0.000847               0               0               0               0               0       -0.012291       -0.002691        0.023011               0        0.001785               0       -0.000677        0.193456       -0.001863               0       -0.000161       -0.004416       -0.005752       -0.000969               0       -0.002673       -0.013089        0.001050        0.003934        0.000616        0.000248        0.036821        0.005279        0.006103        0.000434        0.006604        0.304288        0.000681        0.352738       -0.002878        0.036407       -0.001531       -0.146748       -0.002660       -0.000728
D(-1)                      -0.002747       -0.000613       -0.000278       -0.008835       -0.000250       -0.000453       -0.024434       -0.011197       -0.002867       -0.001377       -0.011811       -0.014079       -0.014079       -0.000219       -1.292713       -2.653161        2.639082       -1.712461       -0.002867        0.061605        0.233713        0.582826        0.205770        0.005369        0.000843               0               0               0               0               0        0.012235        0.002678       -0.022905               0       -0.001777               0        0.000674       -0.192564        0.001855               0        0.000160        0.004395        0.005726        0.000965               0        0.002661        0.013028       -0.001045       -0.003915       -0.000613       -0.000247       -0.036651       -0.005254       -0.006075       -0.000432       -0.006574       -0.302885       -0.000678       -0.351112        0.002865       -0.036239        0.001524        0.146071        0.002648        0.000725
D_star(-1)                 -0.021400       -0.003890       -0.002958       -0.093946        0.001271        0.046375       -0.054247       -0.144186       -0.051776       -0.014640       -0.164066       -0.031259       -0.031259        0.022446       -1.987901       -3.786410        3.755151       -3.781094        0.959531        0.176123        0.364693        0.909460        0.320636        0.007914        0.003731               0               0               0               0               0        0.017415        0.011278       -0.138793               0       -0.017392               0       -0.005784       -2.357427        0.007449               0       -0.000992        0.063092        0.068196        0.036284               0        0.006668        0.019361        0.040319       -0.050420       -0.003890        0.001252       -0.081371       -0.055871       -0.084389        0.044209       -0.118704       -0.668766        0.226814       -0.539930        0.004177       -0.443654        0.006121        0.227934        0.074223       -0.006219
A(-1)                      -1.446633       -0.328591       -0.081653       -2.593609       -0.050072        1.205655        1.082939       -1.227246       -1.398376       -0.404180       -2.423763        0.624019        0.624019        0.583559        6.703734        3.784736       -3.160717        9.175280       -1.398376       -0.157625       -0.768342       -1.916065       -0.662723       -0.016223        0.000077        0.950000               0               0               0               0       -0.014984        0.003922       -0.275172               0       -0.553085               0        0.184745      -60.073475        1.566768               0       -0.000726        1.101947        1.909373       -0.677957               0       -0.085809       -0.072304        0.820747       -0.429150       -0.328591       -0.049332        1.624408       -1.542459       -1.246690        1.149338       -3.205950        1.622842       -0.330547        1.820789       -0.008532      -11.305478        1.287427       -0.480216        1.981935        0.198623
R_star(-1)                  1.742970        0.653987        0.082028        2.605526        0.601807        6.249913       -4.186189        0.300900       -1.697579        0.406037       -1.283740       -2.412198       -2.412198        3.025071      -81.071984     -136.152043      133.739846     -143.382281        2.532906        6.045111       13.704710       34.176334       11.861175        0.300728        0.102554               0        0.900000               0               0               0        0.620942        0.350826       -1.616203               0        0.921654               0       -1.940561       36.188090       -3.094043               0       -0.266631        0.399371       -1.418097        3.270961               0        1.088898        0.719775        6.611958        0.105220        0.653987        0.592914       -6.279283        1.549546       -0.660306        5.957971       -3.891909      -25.360178        0.598727      -22.019816        0.160775        6.810387       -2.542402        8.565476        4.722649       -2.086335
Y_star(-1)                  0.838084        0.190629        0.096556        3.066991        0.034838       -0.599728        0.002035        4.258512        1.310157        0.477951        3.673160        0.001173        0.001173        0.653821        4.976259       10.318366      -10.317194        7.565624        0.410157       -0.356220       -1.035460       -2.582194       -0.932181       -0.020884       -0.008485               0               0        0.900000               0               0       -0.047801       -0.021840        3.215389               0        0.617516               0       -0.108570       71.251132       -1.232600               0       -0.004973       -1.514021       -2.186688        0.123676               0        0.039113       -0.051992       -0.381085        1.489139        0.190629        0.034324        0.003053        1.823987        1.889331        1.287721        3.003696        1.338140        0.096953        1.351593       -0.010727       13.409047       -1.012838       -0.647165       -0.656336       -0.116726
P_c(-1)                    -0.018364       -0.002227       -0.001617       -0.051360       -0.001878       -0.018339        0.026347       -0.057386       -0.010138       -0.008004       -0.049784        0.015182        0.015182       -0.008877        0.396111        2.367503       -2.352321        5.394342       -0.010138       -0.062649        0.127873        0.318886       -0.184433       -0.004824       -0.034126               0               0               0               0               0       -0.010907       -0.003001       -0.024844               0       -0.007852               0       -2.950681       -0.784499        0.006251       -1.000000        0.003142        0.014357        0.023164       -0.003992               0        1.535304       -0.212731       -0.019709       -0.020067       -0.002227       -0.001851        0.039521       -0.030545       -0.025607       -0.017483       -0.023243        0.954103       -0.002397        0.107587       -0.002591       -0.147638        0.005137        0.079921        0.001262       -3.172335
R_dc(-1)                    0.218637        0.026746        0.023106        0.733929        0.008325       -0.024949       -0.038345        0.960879        0.264219        0.114373        0.996676       -0.022096       -0.022096       -0.012076        0.066891        0.553764       -0.575859       -0.221007        0.264219        0.011879       -0.030108       -0.075083       -0.029430       -0.000774        0.000191               0               0               0               0               0       -0.002656        0.001030        0.696221               0        0.197036               0       -0.026018       22.373010       -0.509842               0       -0.023541       -0.493223       -0.701925        0.030872               0        0.012203       -0.001730        0.002963        0.336005        0.026746        0.008202       -0.057518        0.436479        0.512652       -0.023783        0.605755       -0.039090        0.062456        0.018168       -0.000301        4.210470       -0.418942       -0.018818       -0.276295       -0.027973
theta_c(-1)                -0.003288       -0.000369       -0.000319       -0.010123       -0.000218       -0.001439        0.000480       -0.012378       -0.002903       -0.001578       -0.011026        0.000277        0.000277       -0.000697        0.005584        0.157796       -0.157520        0.623997       -0.002903       -0.004012        0.015528        0.038722       -0.033969       -0.000414       -0.005265               0               0               0               0               0       -0.000730       -0.000203       -0.007773       -0.154393       -0.001541        0.950000       -0.455803       -0.171361        0.001247       -0.154393        0.000478        0.003484        0.005045       -0.000105               0        0.237068       -0.031738       -0.001740       -0.004328       -0.000369       -0.000215        0.000720       -0.006020       -0.005671       -0.001372       -0.006655        0.110367       -0.000686        0.001517       -0.000169       -0.032249        0.001025        0.009705        0.002206       -0.490042
cryp(-1)                   -0.002706       -0.000604       -0.000274       -0.008704       -0.000247       -0.000446       -0.024073       -0.011032       -0.002825       -0.001356       -0.011637       -0.013871       -0.013871       -0.000216       -1.273609       -2.613952        2.600081       -1.687153       -0.002825        0.060695        0.230260        0.574213        0.202729        0.005290        0.000830               0               0               0               0               0        0.012054        0.002639       -0.022566               0       -0.001751               0        0.000664       -0.189718        0.001827               0        0.000158        0.004331        0.005641        0.000951               0        0.002622        0.012836       -0.001030       -0.003858       -0.000604       -0.000243       -0.036109       -0.005177       -0.005985       -0.000426       -0.006477       -0.298409       -0.000668       -0.345923        0.002823       -0.035704        0.001501        0.143913        0.002609        0.000714
R_c(-1)                    -0.002517       -0.000562       -0.000255       -0.008096       -0.000229       -0.000415       -0.022391       -0.010261       -0.002628       -0.001262       -0.010824       -0.012902       -0.012902       -0.000201       -1.184621       -2.431313        2.418411       -1.569271       -0.002628        0.056454        0.214171        0.534093        0.188564        0.004920        0.000772               0               0               0               0               0        0.011212        0.002454       -0.020989               0       -0.001629               0        0.000618       -0.176462        0.001700               0        0.000147        0.004028        0.005247        0.000884               0        0.002438        0.011939       -0.000958       -0.003588       -0.000562       -0.000226       -0.033586       -0.004815       -0.005567       -0.000396       -0.006024       -0.277559       -0.000621       -0.321753        0.002625       -0.033209        0.001397        0.133857        0.002427        0.000664
sigma_Rc(-1)                       0               0               0               0               0               0               0               0               0               0               0               0               0               0               0               0               0               0               0               0               0               0               0               0               0               0               0               0               0               0               0               0               0               0               0               0               0               0               0               0               0               0               0               0        0.950000               0               0               0               0               0               0               0               0               0               0               0               0               0               0               0               0               0               0               0               0
epsilon(-1)                 0.658146        0.147126        0.067540        2.145337       -0.001278        0.051973        0.050124        2.747441        0.720401        0.334323        2.714739        0.028883        0.028883        0.025156        2.334313        4.808287       -4.779404        2.233049        0.720401       -0.047609       -0.410534       -1.023775       -0.361018       -0.009713        0.000433               0               0               0               0               0       -0.022159        0.000822        1.990408               0        0.431489               0        0.002510       52.621981       -0.908795               0        0.021317       -1.153843       -1.614771        0.021151               0       -0.007276       -0.023727       -0.756618        0.960739        0.147126       -0.001259        0.075186        1.275865        1.396357        0.049546        1.651608        0.394962        0.170288        0.634019       -0.005320        9.903150       -0.746765       -0.256585       -0.695245        0.002698
varepsilon_R              -11.506587       -2.572246       -1.180828      -37.507652        0.022348       -0.908666       -0.876333      -48.034433      -12.595010       -5.845083      -47.462703       -0.504967       -0.504967       -0.439811      -40.811579      -84.064893       83.559926      -39.041151      -12.595010        0.832370        7.177502       17.899006        6.311801        0.169821       -0.007565               0               0               0               0               0        0.387415       -0.014368      -34.798970               0       -7.543861               0       -0.043876     -920.007813       15.888768               0       -0.372686       20.173027       28.231584       -0.369788               0        0.127205        0.414822       -3.438467      -16.796929       -2.572246        0.022018       -1.314500      -22.306379      -24.412973       -0.866221      -28.875618       -6.905250       -2.977202      -11.084760        0.093011     -173.140104       13.055941        4.485956       12.155199       -0.047172
varepsilon_A               -1.522772       -0.345885       -0.085950       -2.730115       -0.052708        1.269111        1.139936       -1.291838       -1.471975       -0.425453       -2.551329        0.656862        0.656862        0.614273        7.056562        3.983933       -3.327071        9.658189       -1.471975       -0.165921       -0.808781       -2.016910       -0.697604       -0.017077        0.000081        1.000000               0               0               0               0       -0.015772        0.004128       -0.289655               0       -0.582194               0        0.194469      -63.235237        1.649229               0       -0.000765        1.159945        2.009866       -0.713639               0       -0.090326       -0.076109        0.863944       -0.451737       -0.345885       -0.051929        1.709903       -1.623641       -1.312305        1.209829       -3.374684        1.708254       -0.347945        1.916620       -0.008981      -11.900503        1.355186       -0.505490        2.086247        0.209077
varepsilon_Rstar            2.036101        0.744731        0.104889        3.331687        0.662767        6.728797       -4.399181        1.004506       -1.645543        0.519200       -0.663803       -2.534930       -2.534930        3.256859      -80.840255     -133.680886      131.145956     -141.739191       -1.645543        5.898172       13.532368       33.746553       11.688775        0.297358        0.096606               0        1.000000               0               0               0        0.608991        0.337388       -1.150674               0        1.104899               0       -2.129295       51.166267       -3.472447               0       -0.291644        0.150496       -1.892638        3.465755               0        1.178893        0.709762        7.159217        0.351261        0.744731        0.652972       -6.598771        1.981406       -0.341434        6.414486       -3.772611      -25.069563       -0.388973      -21.956877        0.159226        9.629193       -2.853340        8.457762        4.902403       -2.289246
varepsilon_Ystar            0.931204        0.211810        0.107284        3.407768        0.038709       -0.666364        0.002262        4.731680        1.455730        0.531057        4.081288        0.001303        0.001303        0.726468        5.529177       11.464852      -11.463548        8.406249        0.455730       -0.395800       -1.150511       -2.869104       -1.035756       -0.023204       -0.009427               0               0        1.000000               0               0       -0.053112       -0.024267        3.572655               0        0.686129               0       -0.120633       79.167924       -1.369555               0       -0.005525       -1.682245       -2.429653        0.137418               0        0.043458       -0.057769       -0.423428        1.654598        0.211810        0.038137        0.003392        2.026652        2.099256        1.430801        3.337440        1.486822        0.107725        1.501770       -0.011918       14.898942       -1.125376       -0.719072       -0.729262       -0.129695
eps_Rc                             0               0               0               0               0               0               0               0               0               0               0               0               0               0               0               0               0               0               0               0               0               0               0               0               0               0               0               0               0               0               0               0               0               0               0               0               0               0               0               0               0               0               0               0        0.030000               0               0               0               0               0               0               0               0               0               0               0               0               0               0               0               0               0               0               0               0
vol                        -0.003461       -0.000388       -0.000335       -0.010656       -0.000230       -0.001515        0.000505       -0.013030       -0.003056       -0.001661       -0.011606        0.000291        0.000291       -0.000733        0.005878        0.166102       -0.165810        0.656839       -0.003056       -0.004223        0.016345        0.040760       -0.035756       -0.000435       -0.005542               0               0               0               0               0       -0.000768       -0.000213       -0.008182       -0.162519       -0.001622        1.000000       -0.479792       -0.180380        0.001312       -0.162519        0.000503        0.003668        0.005311       -0.000110               0        0.249545       -0.033408       -0.001832       -0.004556       -0.000388       -0.000226        0.000758       -0.006337       -0.005970       -0.001444       -0.007006        0.116176       -0.000722        0.001597       -0.000177       -0.033946        0.001078        0.010216        0.002323       -0.515834


THEORETICAL MOMENTS
VARIABLE          MEAN  STD. DEV.   VARIANCE
mc              0.8889     0.0336     0.0011
Pi              1.0000     0.0079     0.0001
Z               0.0397     0.0037     0.0000
w               5.0444     0.1273     0.0162
R               1.0150     0.0045     0.0000
epsilon         1.0490     0.0657     0.0043
Q               1.0000     0.0429     0.0018
Y               2.8597     0.2194     0.0481
M               0.4362     0.0418     0.0017
L               0.2620     0.0198     0.0004
C               1.9442     0.1897     0.0360
I               0.3842     0.0247     0.0006
K              19.2076     0.5484     0.3007
EX              0.5077     0.0318     0.0010
N               3.6818     0.6521     0.4253
K_b            14.6903     1.2146     1.4752
K_h             4.5173     1.0321     1.0652
D               5.6538     1.0377     1.0768
D_star          4.2305     0.2489     0.0619
x               0.3021     0.0426     0.0018
psi             1.6000     0.1034     0.0107
phi             3.9900     0.2579     0.0665
upsilon         1.5640     0.0900     0.0081
mu              0.0072     0.0023     0.0000
mu_star         0.0057     0.0009     0.0000
A               1.0000     0.0320     0.0010
R_star          1.0113     0.0057     0.0000
Y_star          0.4840     0.0000     0.0000
Phi             0.0000     0.0000     0.0000
Theta           0.4010     0.0000     0.0000
chi_h           0.0105     0.0048     0.0000
chi_b           0.0132     0.0028     0.0000
Ynet            2.3785     0.1774     0.0315
P_c             1.0000     0.0000     0.0000
R_dc            1.0000     0.0254     0.0006
theta_c         1.0000     0.0000     0.0000
cryp            0.9301     0.0151     0.0002
DC              5.3137     3.2769    10.7378
m               1.2170     0.0492     0.0024
R_c             1.0000     0.0000     0.0000
Lambda          0.9852     0.0027     0.0000
gam             0.2767     0.0791     0.0063
trs             0.1863     0.0988     0.0098
Lambda1         0.7729     0.0361     0.0013
sigma_Rc        0.0000     0.0000     0.0000
mu_cryp         0.0231     0.0079     0.0001
x_c             0.0633     0.0064     0.0000
DE              1.0000     0.0218     0.0005
logY            1.0507     0.0767     0.0059
logPi           0.0000     0.0079     0.0001
logR            0.0149     0.0044     0.0000
logI           -0.9567     0.0644     0.0041
logL           -1.3393     0.0757     0.0057
logC            0.6648     0.0976     0.0095
logEX          -0.6778     0.0626     0.0039
logM           -0.8297     0.0959     0.0092
logD            1.7323     0.1835     0.0337
logD_star       1.4423     0.0588     0.0035
logN            1.3034     0.1771     0.0314
spread          0.0047     0.0012     0.0000
logDC           1.6703     0.6167     0.3803
logm            0.1964     0.0404     0.0016
leverage        1.3838     0.0646     0.0042
TB              0.0716     0.0584     0.0034
logcryp        -0.0724     0.0162     0.0003



VARIANCE DECOMPOSITION (in percent)
                 varepsilon_R      varepsilon_A  varepsilon_Rstar  varepsilon_Ystar            eps_Rc               vol
mc                      76.30             21.19              2.51              0.00              0.00              0.00
Pi                      68.41             20.32             11.27              0.00              0.00              0.00
Z                       67.63             30.75              1.62              0.00              0.00              0.00
w                       56.52             40.20              3.28              0.00              0.00              0.00
R                        0.85             19.54             79.61              0.00              0.00              0.00
epsilon                  2.49             65.38             32.13              0.00              0.00              0.00
Q                        0.65             62.69             36.66              0.00              0.00              0.00
Y                       31.33             63.05              5.62              0.00              0.00              0.00
M                       60.64             15.05             24.30              0.00              0.00              0.00
L                       56.52             40.20              3.28              0.00              0.00              0.00
C                       41.21             49.23              9.55              0.00              0.00              0.00
I                        0.65             62.69             36.66              0.00              0.00              0.00
K                        0.33             69.44             30.23              0.00              0.00              0.00
EX                       2.49             65.38             32.13              0.00              0.00              0.00
N                       20.41             12.62             66.96              0.00              0.00              0.00
K_b                     29.64              7.80             62.56              0.00              0.00              0.00
K_h                     38.67              1.95             59.38              0.00              0.00              0.00
D                        5.14              7.04             87.82              0.00              0.00              0.00
D_star                  64.25             26.48              9.27              0.00              0.00              0.00
x                        4.84              5.60             89.56              0.00              0.00              0.00
psi                     25.25              3.88             70.87              0.00              0.00              0.00
phi                     25.25              3.88             70.87              0.00              0.00              0.00
upsilon                 25.96              3.81             70.23              0.00              0.00              0.00
mu                      30.71              2.88             66.41              0.00              0.00              0.00
mu_star                 17.06             12.96             69.98              0.00              0.00              0.00
A                        0.00            100.00              0.00              0.00              0.00              0.00
R_star                   0.00              0.00            100.00              0.00              0.00              0.00
Y_star                   0.00              0.00              0.00            100.00              0.00              0.00
Phi                     38.15             11.63             50.22              0.00              0.00              0.00
Theta                    9.08             48.67             42.25              0.00              0.00              0.00
chi_h                   38.33              0.94             60.73              0.00              0.00              0.00
chi_b                   13.36             19.25             67.39              0.00              0.00              0.00
Ynet                    25.20             67.03              7.77              0.00              0.00              0.00
P_c                      0.00              0.00              0.00              0.00              0.00            100.00
R_dc                    58.73             39.10              2.16              0.00              0.00              0.00
theta_c                  0.00              0.00              0.00              0.00              0.00            100.00
cryp                     1.09             23.36             75.56              0.00              0.00              0.00
DC                      52.08             43.25              4.67              0.00              0.00              0.00
m                       72.02             23.13              4.84              0.00              0.00              0.00
R_c                      0.00              0.00              0.00              0.00              0.00            100.00
Lambda                  15.27             25.51             59.23              0.00              0.00              0.00
gam                     43.14             48.11              8.74              0.00              0.00              0.00
trs                     53.98             42.04              3.99              0.00              0.00              0.00
Lambda1                  3.50             50.62             45.89              0.00              0.00              0.00
sigma_Rc                 0.00              0.00              0.00              0.00            100.00              0.00
mu_cryp                  0.32             17.00             82.68              0.00              0.00              0.00
x_c                     23.62             18.42             57.96              0.00              0.00              0.00
DE                      15.49             16.57             67.94              0.00              0.00              0.00
logY                    31.33             63.05              5.62              0.00              0.00              0.00
logPi                   68.41             20.32             11.27              0.00              0.00              0.00
logR                     0.85             19.54             79.61              0.00              0.00              0.00
logI                     0.65             62.69             36.66              0.00              0.00              0.00
logL                    56.52             40.20              3.28              0.00              0.00              0.00
logC                    41.21             49.23              9.55              0.00              0.00              0.00
logEX                    2.49             65.38             32.13              0.00              0.00              0.00
logM                    60.64             15.05             24.30              0.00              0.00              0.00
logD                     5.14              7.04             87.82              0.00              0.00              0.00
logD_star               64.25             26.48              9.27              0.00              0.00              0.00
logN                    20.41             12.62             66.96              0.00              0.00              0.00
spread                  31.32              2.82             65.86              0.00              0.00              0.00
logDC                   52.08             43.25              4.67              0.00              0.00              0.00
logm                    72.02             23.13              4.84              0.00              0.00              0.00
leverage                25.25              3.88             70.87              0.00              0.00              0.00
TB                      31.30             26.15             42.55              0.00              0.00              0.00
logcryp                  1.09             23.36             75.56              0.00              0.00              0.00



MATRIX OF CORRELATIONS
Variables           mc         Pi          Z          w          R    epsilon          Q          Y          M          L          C          I          K         EX          N        K_b        K_h          D     D_star          x        psi        phi    upsilon         mu    mu_star          A     R_star      chi_h      chi_b       Ynet       R_dc       cryp         DC          m     Lambda        gam        trs    Lambda1    mu_cryp        x_c         DE       logY      logPi       logR       logI       logL       logC      logEX       logM       logD  logD_star       logN     spread      logDC       logm   leverage         TB    logcryp
mc              1.0000     0.9713     0.8248     0.7514     0.1466    -0.0121    -0.1542     0.4961     0.7991     0.7514     0.5975    -0.1542    -0.0172    -0.0121     0.0217     0.0860    -0.1103    -0.0413     0.1600     0.0580    -0.0519    -0.0519    -0.0547    -0.0673     0.0906    -0.1630     0.1007    -0.1084     0.0784     0.4196     0.7826    -0.1542     0.7093    -0.9208     0.1868    -0.6188    -0.7280     0.1915     0.1173    -0.0297     0.2790     0.4961     0.9713     0.1466    -0.1542     0.7514     0.5975    -0.0121     0.7991    -0.0413     0.1600     0.0217    -0.0715     0.7093    -0.9208    -0.0519    -0.5792    -0.1542
Pi              0.9713     1.0000     0.7413     0.6477     0.3637     0.0632    -0.3271     0.3739     0.6408     0.6477     0.4592    -0.3271    -0.1196     0.0632    -0.1820    -0.1042     0.0591    -0.2629     0.1814     0.2646     0.1483     0.1483     0.1447     0.1245     0.2601    -0.2173     0.3159     0.0660     0.2419     0.2881     0.6992    -0.3689     0.5923    -0.8893    -0.0129    -0.4820    -0.6154     0.3757     0.3379     0.1657     0.3279     0.3739     1.0000     0.3637    -0.3271     0.6477     0.4592     0.0632     0.6408    -0.2629     0.1814    -0.1820     0.1191     0.5923    -0.8893     0.1483    -0.4248    -0.3689
Z               0.8248     0.7413     1.0000     0.9603    -0.2164     0.2873     0.3763     0.8573     0.8236     0.9603     0.8983     0.3763     0.1752     0.2873     0.2889     0.2310    -0.1787     0.2169     0.0814    -0.0885    -0.2464    -0.2464    -0.2470    -0.2414     0.0247     0.3863    -0.0448    -0.1882     0.0480     0.8145     0.9620     0.2270     0.9463    -0.9224     0.5272    -0.9080    -0.9523    -0.2783    -0.2279    -0.3137     0.2454     0.8573     0.7413    -0.2164     0.3763     0.9603     0.8983     0.2873     0.8236     0.2169     0.0814     0.2889    -0.2438     0.9463    -0.9224    -0.2464    -0.4337     0.2270
w               0.7514     0.6477     0.9603     1.0000    -0.3304     0.3892     0.4643     0.9457     0.7989     1.0000     0.9722     0.4643     0.4428     0.3892     0.3945     0.3571    -0.1850     0.3095     0.1343    -0.1220    -0.3157    -0.3157    -0.3166    -0.2949     0.0174     0.4907    -0.0999    -0.2110     0.0702     0.9137     0.9932     0.3475     0.9970    -0.8940     0.6162    -0.9780    -0.9986    -0.4315    -0.3378    -0.4355     0.2120     0.9457     0.6477    -0.3304     0.4643     1.0000     0.9722     0.3892     0.7989     0.3095     0.1343     0.3945    -0.2942     0.9970    -0.8940    -0.3157    -0.3605     0.3475
R               0.1466     0.3637    -0.2164    -0.3304     1.0000     0.1591    -0.8751    -0.5069    -0.4518    -0.3304    -0.5243    -0.8751    -0.4986     0.1591    -0.8502    -0.7445     0.6112    -0.9286     0.1320     0.8294     0.7963     0.7963     0.7916     0.7510     0.6675    -0.4396     0.8879     0.6373     0.6271    -0.5681    -0.2256    -0.9985    -0.3921    -0.0780    -0.9160     0.5051     0.3660     0.9192     0.9948     0.8240     0.2183    -0.5069     0.3637     1.0000    -0.8751    -0.3304    -0.5243     0.1591    -0.4518    -0.9286     0.1320    -0.8502     0.7455    -0.3921    -0.0780     0.7963     0.4104    -0.9985
epsilon        -0.0121     0.0632     0.2873     0.3892     0.1591     1.0000     0.2397     0.5181    -0.2432     0.3892     0.3793     0.2397     0.4490     1.0000    -0.1032    -0.1453     0.4095    -0.3030     0.3162     0.5886     0.2563     0.2563     0.2536     0.2695     0.6866     0.7742     0.5644     0.3785     0.7649     0.5168     0.4343    -0.1138     0.3870    -0.3412    -0.0453    -0.3769    -0.3872    -0.1813     0.1796    -0.0012     0.1786     0.5181     0.0632     0.1591     0.2397     0.3892     0.3793     1.0000    -0.2432    -0.3030     0.3162    -0.1032     0.2713     0.3870    -0.3412     0.2563     0.7189    -0.1138
Q              -0.1542    -0.3271     0.3763     0.4643    -0.8751     0.2397     1.0000     0.6868     0.3323     0.4643     0.6415     1.0000     0.4614     0.2397     0.7824     0.6183    -0.4824     0.7764    -0.0584    -0.5854    -0.6889    -0.6889    -0.6853    -0.6520    -0.3828     0.7820    -0.6053    -0.5072    -0.3304     0.7475     0.3843     0.8912     0.5215    -0.0653     0.8383    -0.6231    -0.4974    -0.9304    -0.8693    -0.7909    -0.1031     0.6868    -0.3271    -0.8751     1.0000     0.4643     0.6415     0.2397     0.3323     0.7764    -0.0584     0.7824    -0.6481     0.5215    -0.0653    -0.6889    -0.1076     0.8912
Y               0.4961     0.3739     0.8573     0.9457    -0.5069     0.5181     0.6868     1.0000     0.6576     0.9457     0.9850     0.6868     0.5911     0.5181     0.5083     0.4276    -0.1891     0.4275     0.0980    -0.1891    -0.3899    -0.3899    -0.3896    -0.3549    -0.0218     0.7259    -0.1811    -0.2243     0.0538     0.9956     0.9214     0.5331     0.9626    -0.7228     0.7188    -0.9821    -0.9554    -0.6621    -0.5023    -0.5584     0.1416     1.0000     0.3739    -0.5069     0.6868     0.9457     0.9850     0.5181     0.6576     0.4275     0.0980     0.5083    -0.3518     0.9626    -0.7228    -0.3899    -0.1890     0.5331
M               0.7991     0.6408     0.8236     0.7989    -0.4518    -0.2432     0.3323     0.6576     1.0000     0.7989     0.7761     0.3323     0.1731    -0.2432     0.4828     0.4710    -0.4623     0.5237    -0.0651    -0.5129    -0.4998    -0.4998    -0.4990    -0.4865    -0.4300     0.0112    -0.4738    -0.4693    -0.4255     0.6247     0.7623     0.4402     0.7972    -0.7186     0.6784    -0.7838    -0.7987    -0.3360    -0.4731    -0.4577     0.1066     0.6576     0.6408    -0.4518     0.3323     0.7989     0.7761    -0.2432     1.0000     0.5237    -0.0651     0.4828    -0.4869     0.7972    -0.7186    -0.4998    -0.8490     0.4402
L               0.7514     0.6477     0.9603     1.0000    -0.3304     0.3892     0.4643     0.9457     0.7989     1.0000     0.9722     0.4643     0.4428     0.3892     0.3945     0.3571    -0.1850     0.3095     0.1343    -0.1220    -0.3157    -0.3157    -0.3166    -0.2949     0.0174     0.4907    -0.0999    -0.2110     0.0702     0.9137     0.9932     0.3475     0.9970    -0.8940     0.6162    -0.9780    -0.9986    -0.4315    -0.3378    -0.4355     0.2120     0.9457     0.6477    -0.3304     0.4643     1.0000     0.9722     0.3892     0.7989     0.3095     0.1343     0.3945    -0.2942     0.9970    -0.8940    -0.3157    -0.3605     0.3475
C               0.5975     0.4592     0.8983     0.9722    -0.5243     0.3793     0.6415     0.9850     0.7761     0.9722     1.0000     0.6415     0.5511     0.3793     0.5330     0.4675    -0.2574     0.4758     0.0669    -0.2734    -0.4365    -0.4365    -0.4362    -0.4030    -0.1169     0.6039    -0.2566    -0.2895    -0.0505     0.9736     0.9441     0.5439     0.9860    -0.7676     0.7518    -0.9993    -0.9803    -0.6303    -0.5251    -0.5701     0.1424     0.9850     0.4592    -0.5243     0.6415     0.9722     1.0000     0.3793     0.7761     0.4758     0.0669     0.5330    -0.4003     0.9860    -0.7676    -0.4365    -0.3496     0.5439
I              -0.1542    -0.3271     0.3763     0.4643    -0.8751     0.2397     1.0000     0.6868     0.3323     0.4643     0.6415     1.0000     0.4614     0.2397     0.7824     0.6183    -0.4824     0.7764    -0.0584    -0.5854    -0.6889    -0.6889    -0.6853    -0.6520    -0.3828     0.7820    -0.6053    -0.5072    -0.3304     0.7475     0.3843     0.8912     0.5215    -0.0653     0.8383    -0.6231    -0.4974    -0.9304    -0.8693    -0.7909    -0.1031     0.6868    -0.3271    -0.8751     1.0000     0.4643     0.6415     0.2397     0.3323     0.7764    -0.0584     0.7824    -0.6481     0.5215    -0.0653    -0.6889    -0.1076     0.8912
K              -0.0172    -0.1196     0.1752     0.4428    -0.4986     0.4490     0.4614     0.5911     0.1731     0.4428     0.5511     0.4614     1.0000     0.4490     0.4865     0.5335    -0.0965     0.4201     0.2047    -0.1687    -0.3443    -0.3443    -0.3453    -0.2861    -0.0354     0.5113    -0.2314    -0.1578     0.0763     0.6188     0.4102     0.5249     0.4795    -0.1774     0.5022    -0.5397    -0.4646    -0.6553    -0.4877    -0.5506    -0.0476     0.5911    -0.1196    -0.4986     0.4614     0.4428     0.5511     0.4490     0.1731     0.4201     0.2047     0.4865    -0.2760     0.4795    -0.1774    -0.3443     0.1205     0.5249
EX             -0.0121     0.0632     0.2873     0.3892     0.1591     1.0000     0.2397     0.5181    -0.2432     0.3892     0.3793     0.2397     0.4490     1.0000    -0.1032    -0.1453     0.4095    -0.3030     0.3162     0.5886     0.2563     0.2563     0.2536     0.2695     0.6866     0.7742     0.5644     0.3785     0.7649     0.5168     0.4343    -0.1138     0.3870    -0.3412    -0.0453    -0.3769    -0.3872    -0.1813     0.1796    -0.0012     0.1786     0.5181     0.0632     0.1591     0.2397     0.3892     0.3793     1.0000    -0.2432    -0.3030     0.3162    -0.1032     0.2713     0.3870    -0.3412     0.2563     0.7189    -0.1138
N               0.0217    -0.1820     0.2889     0.3945    -0.8502    -0.1032     0.7824     0.5083     0.4828     0.3945     0.5330     0.7824     0.4865    -0.1032     1.0000     0.9685    -0.8812     0.9361     0.2333    -0.7552    -0.9819    -0.9819    -0.9817    -0.9674    -0.4799     0.3496    -0.8042    -0.9044    -0.4620     0.5579     0.3139     0.8416     0.4462    -0.1040     0.7975    -0.5259    -0.4286    -0.7284    -0.8974    -0.9937    -0.1149     0.5083    -0.1820    -0.8502     0.7824     0.3945     0.5330    -0.1032     0.4828     0.9361     0.2333     1.0000    -0.9647     0.4462    -0.1040    -0.9819    -0.4022     0.8416
K_b             0.0860    -0.1042     0.2310     0.3571    -0.7445    -0.1453     0.6183     0.4276     0.4710     0.3571     0.4675     0.6183     0.5335    -0.1453     0.9685     1.0000    -0.8933     0.8759     0.3534    -0.6922    -0.9642    -0.9642    -0.9655    -0.9552    -0.4143     0.1936    -0.7573    -0.9194    -0.4000     0.4671     0.2879     0.7313     0.4018    -0.1312     0.6982    -0.4651    -0.3882    -0.5966    -0.8035    -0.9674    -0.1025     0.4276    -0.1042    -0.7445     0.6183     0.3571     0.4675    -0.1453     0.4710     0.8759     0.3534     0.9685    -0.9524     0.4018    -0.1312    -0.9642    -0.4166     0.7313
K_h            -0.1103     0.0591    -0.1787    -0.1850     0.6112     0.4095    -0.4824    -0.1891    -0.4623    -0.1850    -0.2574    -0.4824    -0.0965     0.4095    -0.8812    -0.8933     1.0000    -0.8076    -0.3071     0.7250     0.9518     0.9518     0.9528     0.9720     0.4688     0.0439     0.7683     0.9981     0.5113    -0.2210    -0.1208    -0.5817    -0.2181     0.0602    -0.5548     0.2606     0.2100     0.3539     0.6865     0.8459     0.0953    -0.1891     0.0591     0.6112    -0.4824    -0.1850    -0.2574     0.4095    -0.4623    -0.8076    -0.3071    -0.8812     0.9742    -0.2181     0.0602     0.9518     0.5543    -0.5817
D              -0.0413    -0.2629     0.2169     0.3095    -0.9286    -0.3030     0.7764     0.4275     0.5237     0.3095     0.4758     0.7764     0.4201    -0.3030     0.9361     0.8759    -0.8076     1.0000    -0.1010    -0.9274    -0.9291    -0.9291    -0.9266    -0.8972    -0.7500     0.2565    -0.9081    -0.8272    -0.7249     0.4821     0.2127     0.9192     0.3655     0.0334     0.8407    -0.4624    -0.3437    -0.7955    -0.9558    -0.9026    -0.1531     0.4275    -0.2629    -0.9286     0.7764     0.3095     0.4758    -0.3030     0.5237     1.0000    -0.1010     0.9361    -0.8922     0.3655     0.0334    -0.9291    -0.5404     0.9192
D_star          0.1600     0.1814     0.0814     0.1343     0.1320     0.3162    -0.0584     0.0980    -0.0651     0.1343     0.0669    -0.0584     0.2047     0.3162     0.2333     0.3534    -0.3071    -0.1010     1.0000     0.3685    -0.2260    -0.2260    -0.2316    -0.2751     0.6452     0.0480     0.0905    -0.3174     0.6083     0.0851     0.1636    -0.1440     0.1268    -0.2852    -0.0707    -0.0854    -0.1376     0.2099     0.0751    -0.2886    -0.0064     0.0980     0.1814     0.1320    -0.0584     0.1343     0.0669     0.3162    -0.0651    -0.1010     1.0000     0.2333    -0.2818     0.1268    -0.2852    -0.2260     0.2189    -0.1440
x               0.0580     0.2646    -0.0885    -0.1220     0.8294     0.5886    -0.5854    -0.1891    -0.5129    -0.1220    -0.2734    -0.5854    -0.1687     0.5886    -0.7552    -0.6922     0.7250    -0.9274     0.3685     1.0000     0.7952     0.7952     0.7913     0.7640     0.9343     0.0122     0.9175     0.7297     0.9293    -0.2367    -0.0247    -0.8114    -0.1698    -0.1738    -0.7148     0.2597     0.1499     0.6407     0.8476     0.6876     0.1682    -0.1891     0.2646     0.8294    -0.5854    -0.1220    -0.2734     0.5886    -0.5129    -0.9274     0.3685    -0.7552     0.7593    -0.1698    -0.1738     0.7952     0.6881    -0.8114
psi            -0.0519     0.1483    -0.2464    -0.3157     0.7963     0.2563    -0.6889    -0.3899    -0.4998    -0.3157    -0.4365    -0.6889    -0.3443     0.2563    -0.9819    -0.9642     0.9518    -0.9291    -0.2260     0.7952     1.0000     1.0000     1.0000     0.9962     0.5309    -0.1911     0.8332     0.9656     0.5349    -0.4347    -0.2367    -0.7790    -0.3625     0.0738    -0.7357     0.4325     0.3475     0.6149     0.8539     0.9604     0.1153    -0.3899     0.1483     0.7963    -0.6889    -0.3157    -0.4365     0.2563    -0.4998    -0.9291    -0.2260    -0.9819     0.9950    -0.3625     0.0738     1.0000     0.4978    -0.7790
phi            -0.0519     0.1483    -0.2464    -0.3157     0.7963     0.2563    -0.6889    -0.3899    -0.4998    -0.3157    -0.4365    -0.6889    -0.3443     0.2563    -0.9819    -0.9642     0.9518    -0.9291    -0.2260     0.7952     1.0000     1.0000     1.0000     0.9962     0.5309    -0.1911     0.8332     0.9656     0.5349    -0.4347    -0.2367    -0.7790    -0.3625     0.0738    -0.7357     0.4325     0.3475     0.6149     0.8539     0.9604     0.1153    -0.3899     0.1483     0.7963    -0.6889    -0.3157    -0.4365     0.2563    -0.4998    -0.9291    -0.2260    -0.9819     0.9950    -0.3625     0.0738     1.0000     0.4978    -0.7790
upsilon        -0.0547     0.1447    -0.2470    -0.3166     0.7916     0.2536    -0.6853    -0.3896    -0.4990    -0.3166    -0.4362    -0.6853    -0.3453     0.2536    -0.9817    -0.9655     0.9528    -0.9266    -0.2316     0.7913     1.0000     1.0000     1.0000     0.9966     0.5260    -0.1896     0.8290     0.9667     0.5300    -0.4341    -0.2382    -0.7743    -0.3631     0.0771    -0.7318     0.4323     0.3482     0.6106     0.8499     0.9607     0.1131    -0.3896     0.1447     0.7916    -0.6853    -0.3166    -0.4362     0.2536    -0.4990    -0.9266    -0.2316    -0.9817     0.9954    -0.3631     0.0771     1.0000     0.4957    -0.7743
mu             -0.0673     0.1245    -0.2414    -0.2949     0.7510     0.2695    -0.6520    -0.3549    -0.4865    -0.2949    -0.4030    -0.6520    -0.2861     0.2695    -0.9674    -0.9552     0.9720    -0.8972    -0.2751     0.7640     0.9962     0.9962     0.9966     1.0000     0.4905    -0.1554     0.8106     0.9821     0.5048    -0.3968    -0.2203    -0.7311    -0.3384     0.0826    -0.6946     0.4011     0.3252     0.5534     0.8143     0.9450     0.1079    -0.3549     0.1245     0.7510    -0.6520    -0.2949    -0.4030     0.2695    -0.4865    -0.8972    -0.2751    -0.9674     0.9999    -0.3384     0.0826     0.9962     0.4954    -0.7311
mu_star         0.0906     0.2601     0.0247     0.0174     0.6675     0.6866    -0.3828    -0.0218    -0.4300     0.0174    -0.1169    -0.3828    -0.0354     0.6866    -0.4799    -0.4143     0.4688    -0.7500     0.6452     0.9343     0.5309     0.5309     0.5260     0.4905     1.0000     0.1632     0.7810     0.4673     0.9906    -0.0599     0.1040    -0.6520    -0.0204    -0.2753    -0.5438     0.1011     0.0022     0.5081     0.6636     0.3986     0.1528    -0.0218     0.2601     0.6675    -0.3828     0.0174    -0.1169     0.6866    -0.4300    -0.7500     0.6452    -0.4799     0.4844    -0.0204    -0.2753     0.5309     0.6821    -0.6520
A              -0.1630    -0.2173     0.3863     0.4907    -0.4396     0.7742     0.7820     0.7259     0.0112     0.4907     0.6039     0.7820     0.5113     0.7742     0.3496     0.1936     0.0439     0.2565     0.0480     0.0122    -0.1911    -0.1911    -0.1896    -0.1554     0.1632     1.0000     0.0000     0.0119     0.2470     0.7657     0.4684     0.4806     0.5263    -0.1978     0.4722    -0.5886    -0.5101    -0.7073    -0.4108    -0.4152     0.0328     0.7259    -0.2173    -0.4396     0.7820     0.4907     0.6039     0.7742     0.0112     0.2565     0.0480     0.3496    -0.1516     0.5263    -0.1978    -0.1911     0.4136     0.4806
R_star          0.1007     0.3159    -0.0448    -0.0999     0.8879     0.5644    -0.6053    -0.1811    -0.4738    -0.0999    -0.2566    -0.6053    -0.2314     0.5644    -0.8042    -0.7573     0.7683    -0.9081     0.0905     0.9175     0.8332     0.8332     0.8290     0.8106     0.7810     0.0000     1.0000     0.7765     0.7918    -0.2316     0.0034    -0.8627    -0.1524    -0.1901    -0.7631     0.2453     0.1324     0.6425     0.9043     0.7414     0.2753    -0.1811     0.3159     0.8879    -0.6053    -0.0999    -0.2566     0.5644    -0.4738    -0.9081     0.0905    -0.8042     0.8080    -0.1524    -0.1901     0.8332     0.6469    -0.8627
chi_h          -0.1084     0.0660    -0.1882    -0.2110     0.6373     0.3785    -0.5072    -0.2243    -0.4693    -0.2110    -0.2895    -0.5072    -0.1578     0.3785    -0.9044    -0.9194     0.9981    -0.8272    -0.3174     0.7297     0.9656     0.9656     0.9667     0.9821     0.4673     0.0119     0.7765     1.0000     0.5025    -0.2576    -0.1453    -0.6097    -0.2461     0.0707    -0.5816     0.2920     0.2372     0.3918     0.7113     0.8734     0.0975    -0.2243     0.0660     0.6373    -0.5072    -0.2110    -0.2895     0.3785    -0.4693    -0.8272    -0.3174    -0.9044     0.9836    -0.2461     0.0707     0.9656     0.5425    -0.6097
chi_b           0.0784     0.2419     0.0480     0.0702     0.6271     0.7649    -0.3304     0.0538    -0.4255     0.0702    -0.0505    -0.3304     0.0763     0.7649    -0.4620    -0.4000     0.5113    -0.7249     0.6083     0.9293     0.5349     0.5349     0.5300     0.5048     0.9906     0.2470     0.7918     0.5025     1.0000     0.0187     0.1553    -0.6054     0.0362    -0.2918    -0.5018     0.0371    -0.0523     0.4253     0.6295     0.3720     0.1608     0.0538     0.2419     0.6271    -0.3304     0.0702    -0.0505     0.7649    -0.4255    -0.7249     0.6083    -0.4620     0.5004     0.0362    -0.2918     0.5349     0.7215    -0.6054
Ynet            0.4196     0.2881     0.8145     0.9137    -0.5681     0.5168     0.7475     0.9956     0.6247     0.9137     0.9736     0.7475     0.6188     0.5168     0.5579     0.4671    -0.2210     0.4821     0.0851    -0.2367    -0.4347    -0.4347    -0.4341    -0.3968    -0.0599     0.7657    -0.2316    -0.2576     0.0187     1.0000     0.8823     0.5950     0.9368    -0.6583     0.7523    -0.9684    -0.9270    -0.7238    -0.5626    -0.6068     0.1147     0.9956     0.2881    -0.5681     0.7475     0.9137     0.9736     0.5168     0.6247     0.4821     0.0851     0.5579    -0.3932     0.9368    -0.6583    -0.4347    -0.1662     0.5950
R_dc            0.7826     0.6992     0.9620     0.9932    -0.2256     0.4343     0.3843     0.9214     0.7623     0.9932     0.9441     0.3843     0.4102     0.4343     0.3139     0.2879    -0.1208     0.2127     0.1636    -0.0247    -0.2367    -0.2367    -0.2382    -0.2203     0.1040     0.4684     0.0034    -0.1453     0.1553     0.8823     1.0000     0.2441     0.9846    -0.9315     0.5210    -0.9528    -0.9892    -0.3445    -0.2344    -0.3611     0.2374     0.9214     0.6992    -0.2256     0.3843     0.9932     0.9441     0.4343     0.7623     0.2127     0.1636     0.3139    -0.2200     0.9846    -0.9315    -0.2367    -0.3097     0.2441
cryp           -0.1542    -0.3689     0.2270     0.3475    -0.9985    -0.1138     0.8912     0.5331     0.4402     0.3475     0.5439     0.8912     0.5249    -0.1138     0.8416     0.7313    -0.5817     0.9192    -0.1440    -0.8114    -0.7790    -0.7790    -0.7743    -0.7311    -0.6520     0.4806    -0.8627    -0.6097    -0.6054     0.5950     0.2441     1.0000     0.4097     0.0695     0.9169    -0.5240    -0.3833    -0.9391    -0.9906    -0.8198    -0.2100     0.5331    -0.3689    -0.9985     0.8912     0.3475     0.5439    -0.1138     0.4402     0.9192    -0.1440     0.8416    -0.7252     0.4097     0.0695    -0.7790    -0.3775     1.0000
DC              0.7093     0.5923     0.9463     0.9970    -0.3921     0.3870     0.5215     0.9626     0.7972     0.9970     0.9860     0.5215     0.4795     0.3870     0.4462     0.4018    -0.2181     0.3655     0.1268    -0.1698    -0.3625    -0.3625    -0.3631    -0.3384    -0.0204     0.5263    -0.1524    -0.2461     0.0362     0.9368     0.9846     0.4097     1.0000    -0.8637     0.6562    -0.9906    -0.9995    -0.4929    -0.3988    -0.4865     0.1863     0.9626     0.5923    -0.3921     0.5215     0.9970     0.9860     0.3870     0.7972     0.3655     0.1268     0.4462    -0.3371     1.0000    -0.8637    -0.3625    -0.3605     0.4097
m              -0.9208    -0.8893    -0.9224    -0.8940    -0.0780    -0.3412    -0.0653    -0.7228    -0.7186    -0.8940    -0.7676    -0.0653    -0.1774    -0.3412    -0.1040    -0.1312     0.0602     0.0334    -0.2852    -0.1738     0.0738     0.0738     0.0771     0.0826    -0.2753    -0.1978    -0.1901     0.0707    -0.2918    -0.6583    -0.9315     0.0695    -0.8637     1.0000    -0.2498     0.7872     0.8790    -0.0107    -0.0544     0.1468    -0.2858    -0.7228    -0.8893    -0.0780    -0.0653    -0.8940    -0.7676    -0.3412    -0.7186     0.0334    -0.2852    -0.1040     0.0857    -0.8637     1.0000     0.0738     0.3291     0.0695
Lambda          0.1868    -0.0129     0.5272     0.6162    -0.9160    -0.0453     0.8383     0.7188     0.6784     0.6162     0.7518     0.8383     0.5022    -0.0453     0.7975     0.6982    -0.5548     0.8407    -0.0707    -0.7148    -0.7357    -0.7357    -0.7318    -0.6946    -0.5438     0.4722    -0.7631    -0.5816    -0.5018     0.7523     0.5210     0.9169     0.6562    -0.2498     1.0000    -0.7358    -0.6362    -0.8578    -0.9124    -0.7834    -0.0701     0.7188    -0.0129    -0.9160     0.8383     0.6162     0.7518    -0.0453     0.6784     0.8407    -0.0707     0.7975    -0.6912     0.6562    -0.2498    -0.7357    -0.5108     0.9169
gam            -0.6188    -0.4820    -0.9080    -0.9780     0.5051    -0.3769    -0.6231    -0.9821    -0.7838    -0.9780    -0.9993    -0.6231    -0.5397    -0.3769    -0.5259    -0.4651     0.2606    -0.4624    -0.0854     0.2597     0.4325     0.4325     0.4323     0.4011     0.1011    -0.5886     0.2453     0.2920     0.0371    -0.9684    -0.9528    -0.5240    -0.9906     0.7872    -0.7358     1.0000     0.9859     0.6073     0.5079     0.5634    -0.1458    -0.9821    -0.4820     0.5051    -0.6231    -0.9780    -0.9993    -0.3769    -0.7838    -0.4624    -0.0854    -0.5259     0.3986    -0.9906     0.7872     0.4325     0.3564    -0.5240
trs            -0.7280    -0.6154    -0.9523    -0.9986     0.3660    -0.3872    -0.4974    -0.9554    -0.7987    -0.9986    -0.9803    -0.4974    -0.4646    -0.3872    -0.4286    -0.3882     0.2100    -0.3437    -0.1376     0.1499     0.3475     0.3475     0.3482     0.3252     0.0022    -0.5101     0.1324     0.2372    -0.0523    -0.9270    -0.9892    -0.3833    -0.9995     0.8790    -0.6362     0.9859     1.0000     0.4656     0.3739     0.4694    -0.1939    -0.9554    -0.6154     0.3660    -0.4974    -0.9986    -0.9803    -0.3872    -0.7987    -0.3437    -0.1376    -0.4286     0.3242    -0.9995     0.8790     0.3475     0.3614    -0.3833
Lambda1         0.1915     0.3757    -0.2783    -0.4315     0.9192    -0.1813    -0.9304    -0.6621    -0.3360    -0.4315    -0.6303    -0.9304    -0.6553    -0.1813    -0.7284    -0.5966     0.3539    -0.7955     0.2099     0.6407     0.6149     0.6149     0.6106     0.5534     0.5081    -0.7073     0.6425     0.3918     0.4253    -0.7238    -0.3445    -0.9391    -0.4929    -0.0107    -0.8578     0.6073     0.4656     1.0000     0.8948     0.7357     0.1427    -0.6621     0.3757     0.9192    -0.9304    -0.4315    -0.6303    -0.1813    -0.3360    -0.7955     0.2099    -0.7284     0.5453    -0.4929    -0.0107     0.6149     0.1420    -0.9391
mu_cryp         0.1173     0.3379    -0.2279    -0.3378     0.9948     0.1796    -0.8693    -0.5023    -0.4731    -0.3378    -0.5251    -0.8693    -0.4877     0.1796    -0.8974    -0.8035     0.6865    -0.9558     0.0751     0.8476     0.8539     0.8539     0.8499     0.8143     0.6636    -0.4108     0.9043     0.7113     0.6295    -0.5626    -0.2344    -0.9906    -0.3988    -0.0544    -0.9124     0.5079     0.3739     0.8948     1.0000     0.8713     0.2072    -0.5023     0.3379     0.9948    -0.8693    -0.3378    -0.5251     0.1796    -0.4731    -0.9558     0.0751    -0.8974     0.8094    -0.3988    -0.0544     0.8539     0.4368    -0.9906
x_c            -0.0297     0.1657    -0.3137    -0.4355     0.8240    -0.0012    -0.7909    -0.5584    -0.4577    -0.4355    -0.5701    -0.7909    -0.5506    -0.0012    -0.9937    -0.9674     0.8459    -0.9026    -0.2886     0.6876     0.9604     0.9604     0.9607     0.9450     0.3986    -0.4152     0.7414     0.8734     0.3720    -0.6068    -0.3611    -0.8198    -0.4865     0.1468    -0.7834     0.5634     0.4694     0.7357     0.8713     1.0000     0.0943    -0.5584     0.1657     0.8240    -0.7909    -0.4355    -0.5701    -0.0012    -0.4577    -0.9026    -0.2886    -0.9937     0.9420    -0.4865     0.1468     0.9604     0.3273    -0.8198
DE              0.2790     0.3279     0.2454     0.2120     0.2183     0.1786    -0.1031     0.1416     0.1066     0.2120     0.1424    -0.1031    -0.0476     0.1786    -0.1149    -0.1025     0.0953    -0.1531    -0.0064     0.1682     0.1153     0.1153     0.1131     0.1079     0.1528     0.0328     0.2753     0.0975     0.1608     0.1147     0.2374    -0.2100     0.1863    -0.2858    -0.0701    -0.1458    -0.1939     0.1427     0.2072     0.0943     1.0000     0.1416     0.3279     0.2183    -0.1031     0.2120     0.1424     0.1786     0.1066    -0.1531    -0.0064    -0.1149     0.1067     0.1863    -0.2858     0.1153     0.0209    -0.2100
logY            0.4961     0.3739     0.8573     0.9457    -0.5069     0.5181     0.6868     1.0000     0.6576     0.9457     0.9850     0.6868     0.5911     0.5181     0.5083     0.4276    -0.1891     0.4275     0.0980    -0.1891    -0.3899    -0.3899    -0.3896    -0.3549    -0.0218     0.7259    -0.1811    -0.2243     0.0538     0.9956     0.9214     0.5331     0.9626    -0.7228     0.7188    -0.9821    -0.9554    -0.6621    -0.5023    -0.5584     0.1416     1.0000     0.3739    -0.5069     0.6868     0.9457     0.9850     0.5181     0.6576     0.4275     0.0980     0.5083    -0.3518     0.9626    -0.7228    -0.3899    -0.1890     0.5331
logPi           0.9713     1.0000     0.7413     0.6477     0.3637     0.0632    -0.3271     0.3739     0.6408     0.6477     0.4592    -0.3271    -0.1196     0.0632    -0.1820    -0.1042     0.0591    -0.2629     0.1814     0.2646     0.1483     0.1483     0.1447     0.1245     0.2601    -0.2173     0.3159     0.0660     0.2419     0.2881     0.6992    -0.3689     0.5923    -0.8893    -0.0129    -0.4820    -0.6154     0.3757     0.3379     0.1657     0.3279     0.3739     1.0000     0.3637    -0.3271     0.6477     0.4592     0.0632     0.6408    -0.2629     0.1814    -0.1820     0.1191     0.5923    -0.8893     0.1483    -0.4248    -0.3689
logR            0.1466     0.3637    -0.2164    -0.3304     1.0000     0.1591    -0.8751    -0.5069    -0.4518    -0.3304    -0.5243    -0.8751    -0.4986     0.1591    -0.8502    -0.7445     0.6112    -0.9286     0.1320     0.8294     0.7963     0.7963     0.7916     0.7510     0.6675    -0.4396     0.8879     0.6373     0.6271    -0.5681    -0.2256    -0.9985    -0.3921    -0.0780    -0.9160     0.5051     0.3660     0.9192     0.9948     0.8240     0.2183    -0.5069     0.3637     1.0000    -0.8751    -0.3304    -0.5243     0.1591    -0.4518    -0.9286     0.1320    -0.8502     0.7455    -0.3921    -0.0780     0.7963     0.4104    -0.9985
logI           -0.1542    -0.3271     0.3763     0.4643    -0.8751     0.2397     1.0000     0.6868     0.3323     0.4643     0.6415     1.0000     0.4614     0.2397     0.7824     0.6183    -0.4824     0.7764    -0.0584    -0.5854    -0.6889    -0.6889    -0.6853    -0.6520    -0.3828     0.7820    -0.6053    -0.5072    -0.3304     0.7475     0.3843     0.8912     0.5215    -0.0653     0.8383    -0.6231    -0.4974    -0.9304    -0.8693    -0.7909    -0.1031     0.6868    -0.3271    -0.8751     1.0000     0.4643     0.6415     0.2397     0.3323     0.7764    -0.0584     0.7824    -0.6481     0.5215    -0.0653    -0.6889    -0.1076     0.8912
logL            0.7514     0.6477     0.9603     1.0000    -0.3304     0.3892     0.4643     0.9457     0.7989     1.0000     0.9722     0.4643     0.4428     0.3892     0.3945     0.3571    -0.1850     0.3095     0.1343    -0.1220    -0.3157    -0.3157    -0.3166    -0.2949     0.0174     0.4907    -0.0999    -0.2110     0.0702     0.9137     0.9932     0.3475     0.9970    -0.8940     0.6162    -0.9780    -0.9986    -0.4315    -0.3378    -0.4355     0.2120     0.9457     0.6477    -0.3304     0.4643     1.0000     0.9722     0.3892     0.7989     0.3095     0.1343     0.3945    -0.2942     0.9970    -0.8940    -0.3157    -0.3605     0.3475
logC            0.5975     0.4592     0.8983     0.9722    -0.5243     0.3793     0.6415     0.9850     0.7761     0.9722     1.0000     0.6415     0.5511     0.3793     0.5330     0.4675    -0.2574     0.4758     0.0669    -0.2734    -0.4365    -0.4365    -0.4362    -0.4030    -0.1169     0.6039    -0.2566    -0.2895    -0.0505     0.9736     0.9441     0.5439     0.9860    -0.7676     0.7518    -0.9993    -0.9803    -0.6303    -0.5251    -0.5701     0.1424     0.9850     0.4592    -0.5243     0.6415     0.9722     1.0000     0.3793     0.7761     0.4758     0.0669     0.5330    -0.4003     0.9860    -0.7676    -0.4365    -0.3496     0.5439
logEX          -0.0121     0.0632     0.2873     0.3892     0.1591     1.0000     0.2397     0.5181    -0.2432     0.3892     0.3793     0.2397     0.4490     1.0000    -0.1032    -0.1453     0.4095    -0.3030     0.3162     0.5886     0.2563     0.2563     0.2536     0.2695     0.6866     0.7742     0.5644     0.3785     0.7649     0.5168     0.4343    -0.1138     0.3870    -0.3412    -0.0453    -0.3769    -0.3872    -0.1813     0.1796    -0.0012     0.1786     0.5181     0.0632     0.1591     0.2397     0.3892     0.3793     1.0000    -0.2432    -0.3030     0.3162    -0.1032     0.2713     0.3870    -0.3412     0.2563     0.7189    -0.1138
logM            0.7991     0.6408     0.8236     0.7989    -0.4518    -0.2432     0.3323     0.6576     1.0000     0.7989     0.7761     0.3323     0.1731    -0.2432     0.4828     0.4710    -0.4623     0.5237    -0.0651    -0.5129    -0.4998    -0.4998    -0.4990    -0.4865    -0.4300     0.0112    -0.4738    -0.4693    -0.4255     0.6247     0.7623     0.4402     0.7972    -0.7186     0.6784    -0.7838    -0.7987    -0.3360    -0.4731    -0.4577     0.1066     0.6576     0.6408    -0.4518     0.3323     0.7989     0.7761    -0.2432     1.0000     0.5237    -0.0651     0.4828    -0.4869     0.7972    -0.7186    -0.4998    -0.8490     0.4402
logD           -0.0413    -0.2629     0.2169     0.3095    -0.9286    -0.3030     0.7764     0.4275     0.5237     0.3095     0.4758     0.7764     0.4201    -0.3030     0.9361     0.8759    -0.8076     1.0000    -0.1010    -0.9274    -0.9291    -0.9291    -0.9266    -0.8972    -0.7500     0.2565    -0.9081    -0.8272    -0.7249     0.4821     0.2127     0.9192     0.3655     0.0334     0.8407    -0.4624    -0.3437    -0.7955    -0.9558    -0.9026    -0.1531     0.4275    -0.2629    -0.9286     0.7764     0.3095     0.4758    -0.3030     0.5237     1.0000    -0.1010     0.9361    -0.8922     0.3655     0.0334    -0.9291    -0.5404     0.9192
logD_star       0.1600     0.1814     0.0814     0.1343     0.1320     0.3162    -0.0584     0.0980    -0.0651     0.1343     0.0669    -0.0584     0.2047     0.3162     0.2333     0.3534    -0.3071    -0.1010     1.0000     0.3685    -0.2260    -0.2260    -0.2316    -0.2751     0.6452     0.0480     0.0905    -0.3174     0.6083     0.0851     0.1636    -0.1440     0.1268    -0.2852    -0.0707    -0.0854    -0.1376     0.2099     0.0751    -0.2886    -0.0064     0.0980     0.1814     0.1320    -0.0584     0.1343     0.0669     0.3162    -0.0651    -0.1010     1.0000     0.2333    -0.2818     0.1268    -0.2852    -0.2260     0.2189    -0.1440
logN            0.0217    -0.1820     0.2889     0.3945    -0.8502    -0.1032     0.7824     0.5083     0.4828     0.3945     0.5330     0.7824     0.4865    -0.1032     1.0000     0.9685    -0.8812     0.9361     0.2333    -0.7552    -0.9819    -0.9819    -0.9817    -0.9674    -0.4799     0.3496    -0.8042    -0.9044    -0.4620     0.5579     0.3139     0.8416     0.4462    -0.1040     0.7975    -0.5259    -0.4286    -0.7284    -0.8974    -0.9937    -0.1149     0.5083    -0.1820    -0.8502     0.7824     0.3945     0.5330    -0.1032     0.4828     0.9361     0.2333     1.0000    -0.9647     0.4462    -0.1040    -0.9819    -0.4022     0.8416
spread         -0.0715     0.1191    -0.2438    -0.2942     0.7455     0.2713    -0.6481    -0.3518    -0.4869    -0.2942    -0.4003    -0.6481    -0.2760     0.2713    -0.9647    -0.9524     0.9742    -0.8922    -0.2818     0.7593     0.9950     0.9950     0.9954     0.9999     0.4844    -0.1516     0.8080     0.9836     0.5004    -0.3932    -0.2200    -0.7252    -0.3371     0.0857    -0.6912     0.3986     0.3242     0.5453     0.8094     0.9420     0.1067    -0.3518     0.1191     0.7455    -0.6481    -0.2942    -0.4003     0.2713    -0.4869    -0.8922    -0.2818    -0.9647     1.0000    -0.3371     0.0857     0.9950     0.4967    -0.7252
logDC           0.7093     0.5923     0.9463     0.9970    -0.3921     0.3870     0.5215     0.9626     0.7972     0.9970     0.9860     0.5215     0.4795     0.3870     0.4462     0.4018    -0.2181     0.3655     0.1268    -0.1698    -0.3625    -0.3625    -0.3631    -0.3384    -0.0204     0.5263    -0.1524    -0.2461     0.0362     0.9368     0.9846     0.4097     1.0000    -0.8637     0.6562    -0.9906    -0.9995    -0.4929    -0.3988    -0.4865     0.1863     0.9626     0.5923    -0.3921     0.5215     0.9970     0.9860     0.3870     0.7972     0.3655     0.1268     0.4462    -0.3371     1.0000    -0.8637    -0.3625    -0.3605     0.4097
logm           -0.9208    -0.8893    -0.9224    -0.8940    -0.0780    -0.3412    -0.0653    -0.7228    -0.7186    -0.8940    -0.7676    -0.0653    -0.1774    -0.3412    -0.1040    -0.1312     0.0602     0.0334    -0.2852    -0.1738     0.0738     0.0738     0.0771     0.0826    -0.2753    -0.1978    -0.1901     0.0707    -0.2918    -0.6583    -0.9315     0.0695    -0.8637     1.0000    -0.2498     0.7872     0.8790    -0.0107    -0.0544     0.1468    -0.2858    -0.7228    -0.8893    -0.0780    -0.0653    -0.8940    -0.7676    -0.3412    -0.7186     0.0334    -0.2852    -0.1040     0.0857    -0.8637     1.0000     0.0738     0.3291     0.0695
leverage       -0.0519     0.1483    -0.2464    -0.3157     0.7963     0.2563    -0.6889    -0.3899    -0.4998    -0.3157    -0.4365    -0.6889    -0.3443     0.2563    -0.9819    -0.9642     0.9518    -0.9291    -0.2260     0.7952     1.0000     1.0000     1.0000     0.9962     0.5309    -0.1911     0.8332     0.9656     0.5349    -0.4347    -0.2367    -0.7790    -0.3625     0.0738    -0.7357     0.4325     0.3475     0.6149     0.8539     0.9604     0.1153    -0.3899     0.1483     0.7963    -0.6889    -0.3157    -0.4365     0.2563    -0.4998    -0.9291    -0.2260    -0.9819     0.9950    -0.3625     0.0738     1.0000     0.4978    -0.7790
TB             -0.5792    -0.4248    -0.4337    -0.3605     0.4104     0.7189    -0.1076    -0.1890    -0.8490    -0.3605    -0.3496    -0.1076     0.1205     0.7189    -0.4022    -0.4166     0.5543    -0.5404     0.2189     0.6881     0.4978     0.4978     0.4957     0.4954     0.6821     0.4136     0.6469     0.5425     0.7215    -0.1662    -0.3097    -0.3775    -0.3605     0.3291    -0.5108     0.3564     0.3614     0.1420     0.4368     0.3273     0.0209    -0.1890    -0.4248     0.4104    -0.1076    -0.3605    -0.3496     0.7189    -0.8490    -0.5404     0.2189    -0.4022     0.4967    -0.3605     0.3291     0.4978     1.0000    -0.3775
logcryp        -0.1542    -0.3689     0.2270     0.3475    -0.9985    -0.1138     0.8912     0.5331     0.4402     0.3475     0.5439     0.8912     0.5249    -0.1138     0.8416     0.7313    -0.5817     0.9192    -0.1440    -0.8114    -0.7790    -0.7790    -0.7743    -0.7311    -0.6520     0.4806    -0.8627    -0.6097    -0.6054     0.5950     0.2441     1.0000     0.4097     0.0695     0.9169    -0.5240    -0.3833    -0.9391    -0.9906    -0.8198    -0.2100     0.5331    -0.3689    -0.9985     0.8912     0.3475     0.5439    -0.1138     0.4402     0.9192    -0.1440     0.8416    -0.7252     0.4097     0.0695    -0.7790    -0.3775     1.0000



COEFFICIENTS OF AUTOCORRELATION
Order              1        2        3        4        5
mc            0.1845  -0.0240  -0.0169  -0.0000   0.0035
Pi            0.2014   0.0479   0.0624   0.0723   0.0692
Z             0.3511   0.1651   0.1551   0.1562   0.1478
w             0.4562   0.2988   0.2887   0.2879   0.2791
R             0.9199   0.8427   0.7755   0.7154   0.6609
epsilon       0.9456   0.8954   0.8493   0.8066   0.7670
Q             0.9270   0.8561   0.7922   0.7336   0.6795
Y             0.7115   0.6101   0.5853   0.5669   0.5455
M             0.3820   0.1958   0.1789   0.1744   0.1621
L             0.4562   0.2988   0.2887   0.2879   0.2791
C             0.6160   0.4890   0.4679   0.4556   0.4385
I             0.9270   0.8561   0.7922   0.7336   0.6795
K             0.9992   0.9968   0.9931   0.9881   0.9820
EX            0.9456   0.8954   0.8493   0.8066   0.7670
N             0.9315   0.8686   0.8106   0.7570   0.7076
K_b           0.9450   0.8929   0.8445   0.7995   0.7575
K_h           0.9254   0.8555   0.7911   0.7318   0.6771
D             0.9303   0.8664   0.8077   0.7537   0.7039
D_star        0.9892   0.9742   0.9598   0.9459   0.9321
x             0.9355   0.8761   0.8216   0.7716   0.7256
psi           0.9256   0.8571   0.7940   0.7359   0.6824
phi           0.9256   0.8571   0.7940   0.7359   0.6824
upsilon       0.9261   0.8580   0.7953   0.7375   0.6842
mu            0.9242   0.8543   0.7898   0.7305   0.6758
mu_star       0.9598   0.9222   0.8870   0.8541   0.8236
A             0.9500   0.9025   0.8574   0.8145   0.7738
R_star        0.9000   0.8100   0.7290   0.6561   0.5905
chi_h         0.9264   0.8574   0.7938   0.7352   0.6812
chi_b         0.9537   0.9106   0.8707   0.8339   0.7999
Ynet          0.7718   0.6836   0.6545   0.6312   0.6061
R_dc          0.4593   0.2733   0.2570   0.2578   0.2509
cryp          0.9241   0.8505   0.7863   0.7287   0.6764
DC            0.5213   0.3594   0.3414   0.3370   0.3260
m             0.3543   0.1057   0.0866   0.0967   0.0974
Lambda        0.7422   0.6893   0.6521   0.6077   0.5637
gam           0.6081   0.4682   0.4452   0.4340   0.4180
trs           0.5049   0.3365   0.3189   0.3159   0.3060
Lambda1       0.9497   0.9001   0.8552   0.8140   0.7755
mu_cryp       0.9187   0.8424   0.7750   0.7143   0.6591
x_c           0.9389   0.8824   0.8299   0.7812   0.7360
DE           -0.0298  -0.0226  -0.0214  -0.0198  -0.0178
logY          0.7115   0.6101   0.5853   0.5669   0.5455
logPi         0.2014   0.0479   0.0624   0.0723   0.0692
logR          0.9199   0.8427   0.7755   0.7154   0.6609
logI          0.9270   0.8561   0.7922   0.7336   0.6795
logL          0.4562   0.2988   0.2887   0.2879   0.2791
logC          0.6160   0.4890   0.4679   0.4556   0.4385
logEX         0.9456   0.8954   0.8493   0.8066   0.7670
logM          0.3820   0.1958   0.1789   0.1744   0.1621
logD          0.9303   0.8664   0.8077   0.7537   0.7039
logD_star     0.9892   0.9742   0.9598   0.9459   0.9321
logN          0.9315   0.8686   0.8106   0.7570   0.7076
spread        0.9233   0.8531   0.7884   0.7287   0.6738
logDC         0.5213   0.3594   0.3414   0.3370   0.3260
logm          0.3543   0.1057   0.0866   0.0967   0.0974
leverage      0.9256   0.8571   0.7940   0.7359   0.6824
TB            0.6436   0.5134   0.4758   0.4479   0.4182
logcryp       0.9241   0.8505   0.7863   0.7287   0.6764
Total computing time : 0h00m00s
