Starting Dynare (version 5.1).
Calling Dynare with arguments: none
Starting preprocessing of the model file ...
Found 65 equation(s).
Evaluating expressions...done
Computing static model derivatives (order 1).
Computing dynamic model derivatives (order 1).
Processing outputs ...
done
Preprocessing completed.


STEADY-STATE RESULTS:

mc        		 0.888889
Pi        		 1
Z         		 0.0397052
w         		 5.04516
R         		 1.015
epsilon   		 1.04845
Q         		 1
Y         		 2.86138
M         		 0.436666
L         		 0.262151
C         		 1.94489
I         		 0.38435
K         		 19.2175
EX        		 0.50822
N         		 3.6833
K_b       		 14.6954
K_h       		 4.52211
D         		 5.62953
D_star    		 4.2711
x         		 0.304722
psi       		 1.59989
phi       		 3.98974
upsilon   		 1.56389
mu        		 0.00724965
mu_star   		 0.0057705
A         		 1
R_star    		 1.01125
Y_star    		 0.484737
Phi       		 0
Theta     		 0.401
chi_h     		 0.0104814
chi_b     		 0.0134408
Ynet      		 2.37964
P_c       		 1
R_dc      		 1
theta_c   		 1
cryp      		 0.918001
DC        		 2.05751
m         		 2.02547
R_c       		 1
Lambda    		 0.985222
gam       		 0.0315772
trs       		 0.496077
Lambda1   		 1.0178
sigma_Rc  		 0
mu_cryp   		 0.0231117
x_c       		 0.0624686
DE        		 1
logY      		 1.0513
logPi     		 0
logR      		 0.0148886
logI      		 -0.956202
logL      		 -1.33884
logC      		 0.665204
logEX     		 -0.676841
logM      		 -0.828586
logD      		 1.72803
logD_star 		 1.45187
logN      		 1.30381
spread    		 0.00470518
logDC     		 0.721498
logm      		 0.705804
leverage  		 1.38373
TB        		 0.0715536
logcryp   		 -0.0855572

EIGENVALUES:
         Modulus             Real        Imaginary

       2.976e-16       -2.976e-16                0
       4.419e-16       -4.419e-16                0
       1.525e-14        1.525e-14                0
       3.801e-09        3.801e-09                0
       3.801e-09       -3.801e-09                0
          0.1399           0.1399                0
          0.3248           0.3248                0
             0.9              0.9                0
             0.9              0.9                0
          0.9362           0.9362                0
            0.95             0.95                0
            0.95             0.95                0
            0.95             0.95                0
          0.9761           0.9761                0
          0.9836           0.9836                0
           1.025            1.025                0
           1.041            1.041                0
           1.071            1.071                0
           1.181            1.181                0
           1.572            1.572                0
       1.841e+18       -1.841e+18                0
             Inf              Inf                0


There are 7 eigenvalue(s) larger than 1 in modulus 
for 7 forward-looking variable(s)

The rank condition is verified.

MODEL_DIAGNOSTICS:  The Jacobian of the static model is singular
MODEL_DIAGNOSTICS:  there is 2 colinear relationships between the variables and the equations
Relation 1
Colinear variables:
Z
w
epsilon
Y
M
L
C
I
K
EX
N
K_b
K_h
D
D_star
x
psi
phi
upsilon
mu
mu_star
R_star
Y_star
chi_h
chi_b
Ynet
cryp
DC
m
gam
trs
Lambda1
mu_cryp
x_c
logY
logI
logL
logC
logEX
logM
logD
logD_star
logN
spread
logDC
logm
leverage
TB
logcryp
Relation 2
Colinear variables:
Z
w
epsilon
Y
M
L
C
I
K
EX
N
K_b
K_h
D
D_star
x
psi
phi
upsilon
mu
mu_star
R_star
Y_star
chi_h
chi_b
Ynet
cryp
DC
m
gam
trs
Lambda1
mu_cryp
x_c
logY
logI
logL
logC
logEX
logM
logD
logD_star
logN
spread
logDC
logm
leverage
TB
logcryp
Relation 1
Colinear equations
    47

Relation 2
Colinear equations
    46

MODEL_DIAGNOSTICS:  The presence of a singularity problem typically indicates that there is one
MODEL_DIAGNOSTICS:  redundant equation entered in the model block, while another non-redundant equation
MODEL_DIAGNOSTICS:  is missing. The problem often derives from Walras Law.

MODEL SUMMARY

  Number of variables:         65
  Number of stochastic shocks: 6
  Number of state variables:   15
  Number of jumpers:           7
  Number of static variables:  44


MATRIX OF COVARIANCE OF EXOGENOUS SHOCKS
Variables               varepsilon_R      varepsilon_A  varepsilon_Rstar  varepsilon_Ystar            eps_Rc               vol
varepsilon_R                0.000006          0.000000          0.000000          0.000000          0.000000          0.000000
varepsilon_A                0.000000          0.000100          0.000000          0.000000          0.000000          0.000000
varepsilon_Rstar            0.000000          0.000000          0.000006          0.000000          0.000000          0.000000
varepsilon_Ystar            0.000000          0.000000          0.000000          0.000000          0.000000          0.000000
eps_Rc                      0.000000          0.000000          0.000000          0.000000          0.000000          0.000000
vol                         0.000000          0.000000          0.000000          0.000000          0.000000          0.000000

POLICY AND TRANSITION FUNCTIONS
                                  mc              Pi               Z               w               R         epsilon               Q               Y               M               L               C               I               K              EX               N             K_b             K_h               D          D_star               x             psi             phi         upsilon              mu         mu_star               A          R_star          Y_star             Phi           Theta           chi_h           chi_b            Ynet             P_c            R_dc         theta_c            cryp              DC               m             R_c          Lambda             gam             trs         Lambda1        sigma_Rc         mu_cryp             x_c              DE            logY           logPi            logR            logI            logL            logC           logEX            logM            logD       logD_star            logN          spread           logDC            logm        leverage              TB         logcryp
Constant                    0.888889        1.000000        0.039705        5.045163        1.015000        1.048445        1.000000        2.861379        0.436666        0.262151        1.944887        0.384350       19.217501        0.508220        3.683295       14.695392        4.522108        5.629528        4.271096        0.304722        1.599886        3.989741        1.563893        0.007250        0.005770        1.000000        1.011255        0.484737               0        0.401000        0.010481        0.013441        2.379636        1.000000        1.000000        1.000000        0.918001        2.057513        2.025474        1.000000        0.985222        0.031577        0.496077        1.017805               0        0.023112        0.062469        1.000000        1.051304               0        0.014889       -0.956202       -1.338836        0.665204       -0.676841       -0.828586        1.728026        1.451872        1.303808        0.004705        0.721498        0.705804        1.383726        0.071554       -0.085557
R(-1)                      -4.075597       -1.252334       -0.399646      -12.695310        0.255461       -1.496675       -1.829646      -15.681174       -3.771842       -1.978975      -14.230063       -1.054836       -1.054836       -0.725494      -37.501180      -66.853504       65.798668      -45.096392       -3.771842        1.239701        6.083555       15.170961        5.261996        0.143541        0.000964               0               0               0               0               0        0.305595        0.023625      -11.402277               0       -3.027584               0       -0.772653      -46.738981       18.956679               0       -0.713540        3.785385        8.018352        0.890111               0        0.465556        0.345905       -2.679853       -5.480286       -1.252334        0.251686       -2.744468       -7.548999       -7.316654       -1.427519       -8.637813       -8.010688       -0.883109      -10.181422        0.080737      -22.716252        9.359130        3.802493        3.046348       -0.841669
K(-1)                      -0.014188       -0.004771       -0.002450       -0.012200       -0.000455        0.022184       -0.021440        0.017995       -0.013463       -0.001902        0.011962       -0.012360        0.967640        0.010753       -0.441330       -0.524330        1.491970       -0.479928       -0.013463        0.022893        0.100312        0.250156        0.087656        0.002589        0.000186               0               0               0               0               0        0.006388        0.001252        0.014783               0       -0.005035               0        0.002482       -0.040746        0.069383               0       -0.001591        0.003579        0.013514       -0.027316               0        0.000605        0.003737        0.016388        0.006289       -0.004771       -0.000448       -0.032159       -0.007254        0.006150        0.021159       -0.030831       -0.085252       -0.003152       -0.119819        0.001424       -0.019804        0.034255        0.062700        0.024216        0.002703
K_b(-1)                     0.001605        0.000496        0.000160        0.005068        0.000207        0.000453        0.024695        0.006331        0.001566        0.000790        0.006908        0.014237        0.014237        0.000220        1.298387        2.663269       -2.649031        1.721957        0.001566       -0.062507       -0.234512       -0.584819       -0.206458       -0.005388       -0.000876               0               0               0               0               0       -0.012288       -0.002746        0.019525               0        0.001208               0       -0.000498        0.020153       -0.006499               0       -0.000016       -0.000929       -0.003251       -0.002289               0       -0.002736       -0.012898        0.000928        0.002212        0.000496        0.000204        0.037042        0.003013        0.003552        0.000432        0.003586        0.305879        0.000367        0.352507       -0.002876        0.009795       -0.003209       -0.146581       -0.001346       -0.000542
D(-1)                      -0.001597       -0.000493       -0.000159       -0.005044       -0.000206       -0.000451       -0.024581       -0.006301       -0.001559       -0.000786       -0.006876       -0.014172       -0.014172       -0.000219       -1.292396       -2.650980        2.636808       -1.714011       -0.001559        0.062218        0.233430        0.582120        0.205505        0.005363        0.000872               0               0               0               0               0        0.012231        0.002734       -0.019435               0       -0.001203               0        0.000495       -0.020060        0.006469               0        0.000016        0.000925        0.003236        0.002278               0        0.002724        0.012838       -0.000923       -0.002202       -0.000493       -0.000203       -0.036871       -0.003000       -0.003535       -0.000430       -0.003569       -0.304468       -0.000365       -0.350880        0.002863       -0.009750        0.003194        0.145904        0.001340        0.000540
D_star(-1)                 -0.009913       -0.002100       -0.001729       -0.054934        0.001796        0.044128       -0.056345       -0.092714       -0.037397       -0.008563       -0.110308       -0.032484       -0.032484        0.021391       -1.980465       -3.748205        3.715721       -3.786205        0.973857        0.177198        0.362028        0.902812        0.318091        0.007852        0.003771               0               0               0               0               0        0.017242        0.011446       -0.101463               0       -0.010629               0       -0.007617       -0.227095        0.002807               0       -0.001930        0.016828        0.027938        0.057069               0        0.007427        0.018935        0.039989       -0.032402       -0.002100        0.001769       -0.084518       -0.032665       -0.056717        0.042089       -0.085643       -0.672562        0.228011       -0.537688        0.004148       -0.110373        0.001386        0.226283        0.058788       -0.008297
A(-1)                      -0.743425       -0.245028       -0.008656       -0.274979       -0.019365        1.207998        0.971377        1.769304       -0.598318       -0.042864        0.634874        0.560023        0.560023        0.585561        6.679901        4.971904       -4.411881        7.942749       -0.598318       -0.090689       -0.806117       -2.010268       -0.706248       -0.017600        0.001181        0.950000               0               0               0               0       -0.020757        0.009603        1.880269               0       -0.187977               0        0.101446       -1.322998        2.787482               0       -0.082718        0.127240        0.504774       -1.064508               0       -0.039834       -0.074912        0.907152        0.618340       -0.245028       -0.019079        1.457065       -0.163511        0.326432        1.152180       -1.370194        1.410909       -0.140085        1.813567       -0.008903       -0.643008        1.376212       -0.503859        1.183878        0.110507
R_star(-1)                  0.972443        0.554595        0.001178        0.037417        0.568469        6.297909       -4.074814       -3.045461       -2.610058        0.005833       -4.737818       -2.349232       -2.349232        3.052828      -81.812902     -139.033063      136.683831     -143.561311        1.661038        6.073603       13.880720       34.615261       12.028832        0.305314        0.104586               0        0.900000               0               0               0        0.634899        0.353862       -4.047803               0        0.505650               0       -1.826458        0.706163      -11.029940               0       -0.184919        0.778417       -1.447116        4.471282               0        1.040709        0.721275        6.561499       -1.064333        0.554595        0.560068       -6.112221        0.022249       -2.436038        6.006904       -5.977239      -25.501484        0.388902      -22.211878        0.162848        0.343212       -5.445608        8.676068        5.662886       -1.989604
Y_star(-1)                  0.364754        0.113447        0.046032        1.462278        0.011622       -0.513576        0.100744        2.143179        0.720148        0.227943        1.455534        0.058081        0.058081        0.694651        4.804569        8.949409       -8.891328        8.016826       -0.179852       -0.378371       -0.951425       -2.372632       -0.849445       -0.018944       -0.008658               0               0        0.900000               0               0       -0.041249       -0.023839        1.677492               0        0.334675               0       -0.033255        5.069893       -2.247243               0        0.031753       -0.332843       -0.893339       -0.003599               0        0.005089       -0.046599       -0.376398        0.749002        0.113447        0.011450        0.151116        0.869513        0.748390        1.366832        1.649197        1.424067       -0.042109        1.304421       -0.009891        2.464088       -1.109490       -0.594683       -0.025497       -0.036226
P_c(-1)                    -0.011323       -0.001523       -0.000879       -0.027936       -0.001644       -0.018725        0.024899       -0.026925       -0.001873       -0.004355       -0.018376        0.014355        0.014355       -0.009077        0.393491        2.353013       -2.338658        5.317280       -0.001873       -0.061955        0.125091        0.311947       -0.182666       -0.004782       -0.033654               0               0               0               0               0       -0.010849       -0.002979       -0.002958               0       -0.004339               0       -2.912889       -0.066271        0.030785       -1.000000        0.002259        0.001061        0.011851       -0.005019               0        1.535586       -0.209776       -0.019383       -0.009410       -0.001523       -0.001620        0.037349       -0.016612       -0.009448       -0.017860       -0.004289        0.944534       -0.000438        0.106831       -0.002565       -0.032209        0.015199        0.078187       -0.007204       -3.173079
R_dc(-1)                    0.045068        0.006370        0.004782        0.151919        0.001958       -0.006354       -0.008601        0.199569        0.055242        0.023682        0.208000       -0.004959       -0.004959       -0.003080        0.014823        0.121031       -0.125990       -0.044690        0.055242        0.002206       -0.007022       -0.017512       -0.006889       -0.000170        0.000024               0               0               0               0               0       -0.000581        0.000190        0.144818               0        0.105415               0       -0.006083        1.329554       -0.966129               0       -0.004231       -0.108006       -0.280779        0.010524               0        0.002871       -0.000391        0.000309        0.069746        0.006370        0.001930       -0.012901        0.090336        0.106947       -0.006061        0.126508       -0.007938        0.012934        0.004024       -0.000069        0.646195       -0.476989       -0.004389       -0.058322       -0.006626
theta_c(-1)                -0.001980       -0.000231       -0.000181       -0.005754       -0.000174       -0.001546        0.000267       -0.006681       -0.001348       -0.000897       -0.005153        0.000154        0.000154       -0.000749        0.005953        0.158819       -0.158665        0.614606       -0.001348       -0.003920        0.015132        0.037736       -0.033644       -0.000412       -0.005191               0               0               0               0               0       -0.000736       -0.000197       -0.003660       -0.154393       -0.000876        0.950000       -0.449996       -0.014794        0.004592       -0.154393        0.000320        0.000576        0.002364        0.000116               0        0.237124       -0.031313       -0.001706       -0.002335       -0.000231       -0.000172        0.000400       -0.003422       -0.002650       -0.001475       -0.003088        0.109175       -0.000316        0.001616       -0.000168       -0.007190        0.002267        0.009458        0.000599       -0.490192
cryp(-1)                   -0.001574       -0.000486       -0.000156       -0.004970       -0.000203       -0.000444       -0.024218       -0.006208       -0.001536       -0.000775       -0.006774       -0.013962       -0.013962       -0.000215       -1.273297       -2.611802        2.597840       -1.688681       -0.001536        0.061299        0.229980        0.573517        0.202468        0.005284        0.000859               0               0               0               0               0        0.012050        0.002693       -0.019148               0       -0.001185               0        0.000488       -0.019764        0.006374               0        0.000015        0.000911        0.003188        0.002244               0        0.002683        0.012649       -0.000910       -0.002170       -0.000486       -0.000200       -0.036327       -0.002955       -0.003483       -0.000424       -0.003516       -0.299969       -0.000360       -0.345695        0.002820       -0.009606        0.003147        0.143748        0.001320        0.000532
R_c(-1)                    -0.001445       -0.000446       -0.000144       -0.004562       -0.000187       -0.000408       -0.022232       -0.005699       -0.001410       -0.000711       -0.006219       -0.012817       -0.012817       -0.000198       -1.168887       -2.397636        2.384819       -1.550210       -0.001410        0.056273        0.211122        0.526489        0.185866        0.004851        0.000788               0               0               0               0               0        0.011062        0.002472       -0.017578               0       -0.001088               0        0.000448       -0.018143        0.005851               0        0.000014        0.000837        0.002927        0.002060               0        0.002463        0.011611       -0.000835       -0.001992       -0.000446       -0.000184       -0.033348       -0.002713       -0.003198       -0.000389       -0.003228       -0.275371       -0.000330       -0.317348        0.002589       -0.008818        0.002889        0.131961        0.001212        0.000488
sigma_Rc(-1)                       0               0               0               0               0               0               0               0               0               0               0               0               0               0               0               0               0               0               0               0               0               0               0               0               0               0               0               0               0               0               0               0               0               0               0               0               0               0               0               0               0               0               0               0        0.950000               0               0               0               0               0               0               0               0               0               0               0               0               0               0               0               0               0               0               0               0
epsilon(-1)                 0.295276        0.090730        0.028953        0.919744       -0.018632        0.108488        0.122947        1.136034        0.273236        0.143372        1.030441        0.070882        0.070882        0.052588        2.202413        3.786503       -3.715621        2.584095        0.273236       -0.064956       -0.347708       -0.867103       -0.299302       -0.008262        0.000281               0               0               0               0               0       -0.017263       -0.000614        0.820064               0        0.219341               0        0.056300        3.385523       -1.373792               0        0.051815       -0.274475       -0.580890       -0.063711               0       -0.032706       -0.019945       -0.759588        0.397023        0.090730       -0.018356        0.184421        0.546906        0.529820        0.103475        0.625733        0.459025        0.063973        0.597946       -0.004709        1.645444       -0.678257       -0.217333       -0.220648        0.061329
varepsilon_R               -5.159672       -1.585428       -0.505933      -16.071678        0.325569       -1.895733       -2.148389      -19.851148       -4.774557       -2.505292      -18.006008       -1.238600       -1.238600       -0.918931      -38.485146      -66.165680       64.927081      -45.154705       -4.774557        1.135045        6.075884       15.151830        5.230034        0.144375       -0.004911               0               0               0               0               0        0.301655        0.010737      -14.329876               0       -3.832783               0       -0.983790      -59.158921       24.005763               0       -0.905413        4.796197       10.150514        1.113299               0        0.571508        0.348525       -3.393566       -6.937616       -1.585428        0.320758       -3.222583       -9.556685       -9.258127       -1.808138      -10.934110       -8.021047       -1.117876      -10.448565        0.082291      -28.752637       11.851921        3.797698        3.855625       -1.071666
varepsilon_A               -0.782553       -0.257924       -0.009112       -0.289452       -0.020385        1.271576        1.022502        1.862425       -0.629808       -0.045120        0.668289        0.589498        0.589498        0.616380        7.031475        5.233583       -4.644085        8.360788       -0.629808       -0.095462       -0.848545       -2.116072       -0.743419       -0.018527        0.001243        1.000000               0               0               0               0       -0.021850        0.010109        1.979231               0       -0.197871               0        0.106785       -1.392629        2.934192               0       -0.087072        0.133937        0.531341       -1.120535               0       -0.041931       -0.078855        0.954897        0.650884       -0.257924       -0.020083        1.533752       -0.172116        0.343613        1.212821       -1.442310        1.485167       -0.147458        1.909017       -0.009372       -0.676851        1.448644       -0.530378        1.246188        0.116324
varepsilon_Rstar            1.127013        0.626072        0.009424        0.299371        0.623205        6.790590       -4.263151       -2.948755       -2.724565        0.046667       -4.746581       -2.457813       -2.457813        3.291648      -81.609207     -136.891434      134.433620     -141.744494       -2.724565        5.916887       13.724083       34.224646       11.872617        0.302389        0.098509               0        1.000000               0               0               0        0.624527        0.339464       -4.021411               0        0.611715               0       -1.993654        1.850346      -12.268660               0       -0.196410        0.785939       -1.739015        4.700275               0        1.121490        0.712559        7.102892       -1.030536        0.626072        0.613995       -6.394727        0.178015       -2.440544        6.476820       -6.239467      -25.178754       -0.637908      -22.156576        0.161475        0.899312       -6.057178        8.578163        6.016213       -2.171735
varepsilon_Ystar            0.405283        0.126053        0.051147        1.624754        0.012913       -0.570640        0.111938        2.381310        0.800165        0.253270        1.617260        0.064535        0.064535        0.771835        5.338410        9.943788       -9.879253        8.907584       -0.199835       -0.420412       -1.057139       -2.636258       -0.943828       -0.021049       -0.009620               0               0        1.000000               0               0       -0.045832       -0.026488        1.863880               0        0.371861               0       -0.036950        5.633214       -2.496937               0        0.035282       -0.369826       -0.992599       -0.003999               0        0.005655       -0.051777       -0.418220        0.832225        0.126053        0.012723        0.167906        0.966126        0.831545        1.518702        1.832441        1.582297       -0.046788        1.449357       -0.010990        2.737876       -1.232766       -0.660759       -0.028330       -0.040251
eps_Rc                             0               0               0               0               0               0               0               0               0               0               0               0               0               0               0               0               0               0               0               0               0               0               0               0               0               0               0               0               0               0               0               0               0               0               0               0               0               0               0               0               0               0               0               0        0.030000               0               0               0               0               0               0               0               0               0               0               0               0               0               0               0               0               0               0               0               0
vol                        -0.002084       -0.000244       -0.000191       -0.006057       -0.000184       -0.001628        0.000281       -0.007033       -0.001419       -0.000944       -0.005424        0.000162        0.000162       -0.000789        0.006266        0.167178       -0.167016        0.646953       -0.001419       -0.004126        0.015928        0.039722       -0.035414       -0.000434       -0.005464               0               0               0               0               0       -0.000774       -0.000207       -0.003853       -0.162519       -0.000922        1.000000       -0.473680       -0.015573        0.004834       -0.162519        0.000337        0.000606        0.002489        0.000122               0        0.249604       -0.032961       -0.001796       -0.002458       -0.000244       -0.000181        0.000421       -0.003602       -0.002789       -0.001552       -0.003250        0.114921       -0.000332        0.001701       -0.000177       -0.007569        0.002387        0.009956        0.000630       -0.515991
[Warning: Aggregate variance and sum of variances by shocks differ by more than 0.01 %] 
[> In <a href="matlab:matlab.internal.language.introspective.errorDocCallback('th_autocovariances', 'C:\dynare\5.1\matlab\th_autocovariances.m', 206)" style="font-weight:bold">th_autocovariances</a> (<a href="matlab: opentoline('C:\dynare\5.1\matlab\th_autocovariances.m',206,0)">line 206</a>)
In <a href="matlab:matlab.internal.language.introspective.errorDocCallback('disp_th_moments', 'C:\dynare\5.1\matlab\disp_th_moments.m', 40)" style="font-weight:bold">disp_th_moments</a> (<a href="matlab: opentoline('C:\dynare\5.1\matlab\disp_th_moments.m',40,0)">line 40</a>)
In <a href="matlab:matlab.internal.language.introspective.errorDocCallback('stoch_simul', 'C:\dynare\5.1\matlab\stoch_simul.m', 210)" style="font-weight:bold">stoch_simul</a> (<a href="matlab: opentoline('C:\dynare\5.1\matlab\stoch_simul.m',210,0)">line 210</a>)
In <a href="matlab:matlab.internal.language.introspective.errorDocCallback('cdbc_flex.driver', 'D:\crypto2\crypto_storage\cdbc_flex_1\+cdbc_flex\driver.m', 834)" style="font-weight:bold">cdbc_flex.driver</a> (<a href="matlab: opentoline('D:\crypto2\crypto_storage\cdbc_flex_1\+cdbc_flex\driver.m',834,0)">line 834</a>)
In <a href="matlab:matlab.internal.language.introspective.errorDocCallback('dynare', 'C:\dynare\5.1\matlab\dynare.m', 281)" style="font-weight:bold">dynare</a> (<a href="matlab: opentoline('C:\dynare\5.1\matlab\dynare.m',281,0)">line 281</a>)
In <a href="matlab:matlab.internal.language.introspective.errorDocCallback('plotfile_sto', 'D:\crypto2\crypto_storage\plotfile_sto.m', 23)" style="font-weight:bold">plotfile_sto</a> (<a href="matlab: opentoline('D:\crypto2\crypto_storage\plotfile_sto.m',23,0)">line 23</a>)] 


THEORETICAL MOMENTS
VARIABLE          MEAN  STD. DEV.   VARIANCE
mc              0.8889     0.0167     0.0003
Pi              1.0000     0.0058     0.0000
Z               0.0397     0.0022     0.0000
w               5.0452     0.0872     0.0076
R               1.0150     0.0048     0.0000
epsilon         1.0484     0.0686     0.0047
Q               1.0000     0.0453     0.0021
Y               2.8614     0.1848     0.0342
M               0.4367     0.0254     0.0006
L               0.2622     0.0136     0.0002
C               1.9449     0.1428     0.0204
I               0.3844     0.0261     0.0007
K              19.2175     0.6039     0.3646
EX              0.5082     0.0332     0.0011
N               3.6833     0.6438     0.4145
K_b            14.6954     1.1593     1.3441
K_h             4.5221     0.9762     0.9530
D               5.6295     1.0604     1.1245
D_star          4.2711     0.1460     0.0213
x               0.3047     0.0417     0.0017
psi             1.5999     0.1002     0.0100
phi             3.9897     0.2499     0.0625
upsilon         1.5639     0.0870     0.0076
mu              0.0072     0.0022     0.0000
mu_star         0.0058     0.0008     0.0000
A               1.0000     0.0320     0.0010
R_star          1.0113     0.0057     0.0000
Y_star          0.4847     0.0000     0.0000
Phi             0.0000     0.0000     0.0000
Theta           0.4010     0.0000     0.0000
chi_h           0.0105     0.0045     0.0000
chi_b           0.0134     0.0026     0.0000
Ynet            2.3796     0.1556     0.0242
P_c             1.0000     0.0000     0.0000
R_dc            1.0000     0.0177     0.0003
theta_c         1.0000     0.0000     0.0000
cryp            0.9180     0.0163     0.0003
DC              2.0575     0.3246     0.1054
m               2.0255     0.0975     0.0095
R_c             1.0000     0.0000     0.0000
Lambda          0.9852     0.0036     0.0000
gam             0.0316     0.0271     0.0007
trs             0.4961     0.0466     0.0022
Lambda1         1.0178     0.0625     0.0039
sigma_Rc        0.0000     0.0000     0.0000
mu_cryp         0.0231     0.0084     0.0001
x_c             0.0625     0.0061     0.0000
DE              1.0000     0.0221     0.0005
logY            1.0513     0.0646     0.0042
logPi           0.0000     0.0058     0.0000
logR            0.0149     0.0048     0.0000
logI           -0.9562     0.0680     0.0046
logL           -1.3388     0.0518     0.0027
logC            0.6652     0.0734     0.0054
logEX          -0.6768     0.0654     0.0043
logM           -0.8286     0.0581     0.0034
logD            1.7280     0.1884     0.0355
logD_star       1.4519     0.0342     0.0012
logN            1.3038     0.1748     0.0306
spread          0.0047     0.0012     0.0000
logDC           0.7215     0.1578     0.0249
logm            0.7058     0.0481     0.0023
leverage        1.3837     0.0626     0.0039
TB              0.0716     0.0489     0.0024
logcryp        -0.0856     0.0178     0.0003



VARIANCE DECOMPOSITION (in percent)
                 varepsilon_R      varepsilon_A  varepsilon_Rstar  varepsilon_Ystar            eps_Rc               vol
mc                      70.28             25.76              3.96              0.00              0.00              0.00
Pi                      54.24             26.12             19.64              0.00              0.00              0.00
Z                       39.39             58.03              2.58              0.00              0.00              0.00
w                       24.93             69.37              5.70              0.00              0.00              0.00
R                        3.22             26.10             70.69              0.00              0.00              0.00
epsilon                  1.43             70.27             28.30              0.00              0.00              0.00
Q                        2.08             64.13             33.78              0.00              0.00              0.00
Y                        8.45             83.82              7.73              0.00              0.00              0.00
M                       26.68              7.76             65.57              0.00              0.00              0.00
L                       24.93             69.37              5.70              0.00              0.00              0.00
C                       11.70             71.90             16.39              0.00              0.00              0.00
I                        2.08             64.13             33.78              0.00              0.00              0.00
K                        0.59             72.38             27.03              0.00              0.00              0.00
EX                       1.43             70.27             28.30              0.00              0.00              0.00
N                       14.87             14.01             71.11              0.00              0.00              0.00
K_b                     20.87              7.93             71.20              0.00              0.00              0.00
K_h                     25.54              5.08             69.38              0.00              0.00              0.00
D                        5.28              7.94             86.78              0.00              0.00              0.00
D_star                  51.91              7.00             41.09              0.00              0.00              0.00
x                        2.63              0.71             96.66              0.00              0.00              0.00
psi                     18.01              4.27             77.72              0.00              0.00              0.00
phi                     18.01              4.27             77.72              0.00              0.00              0.00
upsilon                 18.43              4.16             77.40              0.00              0.00              0.00
mu                      21.28              3.82             74.90              0.00              0.00              0.00
mu_star                  4.21              3.46             92.32              0.00              0.00              0.00
A                        0.00            100.00              0.00              0.00              0.00              0.00
R_star                   0.00              0.00            100.00              0.00              0.00              0.00
Y_star                   0.00              0.00              0.00            100.00              0.00              0.00
Phi                      4.55             32.74             62.71              0.00              0.00              0.00
Theta                   10.72             20.27             69.02              0.00              0.00              0.00
chi_h                   25.75              2.90             71.35              0.00              0.00              0.00
chi_b                    3.62              9.84             86.54              0.00              0.00              0.00
Ynet                     6.29             83.54             10.17              0.00              0.00              0.00
P_c                      0.00              0.00              0.00              0.00              0.00            100.00
R_dc                    36.68             60.66              2.66              0.00              0.00              0.00
theta_c                  0.00              0.00              0.00              0.00              0.00            100.00
cryp                     2.61             32.15             65.24              0.00              0.00              0.00
DC                      25.33             68.84              5.83              0.00              0.00              0.00
m                       50.23             17.46             32.30              0.00              0.00              0.00
R_c                      0.00              0.00              0.00              0.00              0.00            100.00
Lambda                  45.44             24.03             30.53              0.00              0.00              0.00
gam                     23.92             60.99             15.09              0.00              0.00              0.00
trs                     37.02             60.34              2.64              0.00              0.00              0.00
Lambda1                  0.58             65.71             33.71              0.00              0.00              0.00
sigma_Rc                 0.00              0.03              0.00              0.00             99.97              0.00
mu_cryp                  3.51             21.97             74.52              0.00              0.00              0.00
x_c                     16.64             20.02             63.35              0.00              0.00              0.00
DE                      14.86             19.94             65.20              0.00              0.00              0.00
logY                     8.45             83.82              7.73              0.00              0.00              0.00
logPi                   54.24             26.12             19.64              0.00              0.00              0.00
logR                     3.22             26.10             70.69              0.00              0.00              0.00
logI                     2.08             64.13             33.78              0.00              0.00              0.00
logL                    24.93             69.37              5.70              0.00              0.00              0.00
logC                    11.70             71.90             16.39              0.00              0.00              0.00
logEX                    1.43             70.27             28.30              0.00              0.00              0.00
logM                    26.68              7.76             65.57              0.00              0.00              0.00
logD                     5.28              7.94             86.78              0.00              0.00              0.00
logD_star               51.91              7.00             41.09              0.00              0.00              0.00
logN                    14.87             14.01             71.11              0.00              0.00              0.00
spread                  21.94              3.80             74.26              0.00              0.00              0.00
logDC                   25.33             68.84              5.83              0.00              0.00              0.00
logm                    50.23             17.46             32.30              0.00              0.00              0.00
leverage                18.01              4.27             77.72              0.00              0.00              0.00
TB                       5.75             34.16             60.08              0.00              0.00              0.00
logcryp                  2.61             32.15             65.24              0.00              0.00              0.00



MATRIX OF CORRELATIONS
Variables           mc         Pi          Z          w          R    epsilon          Q          Y          M          L          C          I          K         EX          N        K_b        K_h          D     D_star          x        psi        phi    upsilon         mu    mu_star          A     R_star      chi_h      chi_b       Ynet       R_dc       cryp         DC          m     Lambda        gam        trs    Lambda1    mu_cryp        x_c         DE       logY      logPi       logR       logI       logL       logC      logEX       logM       logD  logD_star       logN     spread      logDC       logm   leverage         TB    logcryp
mc              1.0000     0.9481     0.4761     0.3680     0.0350     0.0026    -0.1568     0.1031     0.4344     0.3680     0.1613    -0.1568    -0.0304     0.0026    -0.0359     0.0216    -0.0444    -0.0751     0.1556     0.0795     0.0139     0.0139     0.0141    -0.0025     0.1226    -0.2365     0.1583    -0.0420     0.0859     0.0475     0.5335    -0.0607     0.3809    -0.8396     0.5952    -0.3447    -0.5395     0.1876     0.0325     0.0442     0.2133     0.1031     0.9481     0.0350    -0.1568     0.3680     0.1613     0.0026     0.4344    -0.0751     0.1556    -0.0359    -0.0148     0.3809    -0.8396     0.0139    -0.2239    -0.0607
Pi              0.9481     1.0000     0.3008     0.1577     0.3478     0.0409    -0.4120    -0.1068     0.1414     0.1577    -0.0841    -0.4120    -0.1940     0.0409    -0.3274    -0.2562     0.1842    -0.3753     0.2099     0.3560     0.2929     0.2929     0.2921     0.2670     0.3579    -0.3413     0.4311     0.1975     0.3073    -0.1697     0.3626    -0.3686     0.1721    -0.8785     0.3154    -0.0921    -0.3728     0.4416     0.3462     0.3300     0.2647    -0.1068     1.0000     0.3478    -0.4120     0.1577    -0.0841     0.0409     0.1414    -0.3753     0.2099    -0.3274     0.2541     0.1721    -0.8785     0.2929    -0.0456    -0.3686
Z               0.4761     0.3008     1.0000     0.8962    -0.5391     0.5242     0.7080     0.8204     0.4755     0.8962     0.8154     0.7080     0.2467     0.5242     0.4330     0.2886    -0.1901     0.3433     0.0063    -0.1488    -0.3325    -0.3325    -0.3288    -0.3278     0.0472     0.6803    -0.1046    -0.2072     0.0741     0.7970     0.9025     0.5562     0.8902    -0.5690     0.7684    -0.8694    -0.9010    -0.5926    -0.5178    -0.4590     0.1378     0.8204     0.3008    -0.5391     0.7080     0.8962     0.8154     0.5242     0.4755     0.3433     0.0063     0.4330    -0.3354     0.8902    -0.5690    -0.3325     0.1095     0.5562
w               0.3680     0.1577     0.8962     1.0000    -0.6699     0.6274     0.7658     0.9628     0.4828     1.0000     0.9655     0.7658     0.6508     0.6274     0.5528     0.4667    -0.1517     0.4793    -0.0523    -0.2359    -0.4006    -0.4006    -0.3976    -0.3636    -0.0548     0.7572    -0.1704    -0.1982     0.0364     0.9454     0.9736     0.7010     0.9993    -0.4793     0.8048    -0.9818    -0.9702    -0.7962    -0.6418    -0.6029     0.0810     0.9628     0.1577    -0.6699     0.7658     1.0000     0.9655     0.6274     0.4828     0.4793    -0.0523     0.5528    -0.3640     0.9993    -0.4793    -0.4006     0.1758     0.7010
R               0.0350     0.3478    -0.5391    -0.6699     1.0000     0.0008    -0.8897    -0.7268    -0.7969    -0.6699    -0.8112    -0.8897    -0.5574     0.0008    -0.9165    -0.8436     0.6571    -0.9345     0.1823     0.8266     0.8511     0.8511     0.8477     0.8159     0.6860    -0.4859     0.8334     0.6947     0.6266    -0.7576    -0.5126    -0.9972    -0.6603    -0.2339    -0.7791     0.7898     0.4989     0.8897     0.9967     0.9099     0.1695    -0.7268     0.3478     1.0000    -0.8897    -0.6699    -0.8112     0.0008    -0.7969    -0.9345     0.1823    -0.9165     0.8117    -0.6603    -0.2339     0.8511     0.4145    -0.9972
epsilon         0.0026     0.0409     0.5242     0.6274     0.0008     1.0000     0.3388     0.6704    -0.3791     0.6274     0.5458     0.3388     0.4674     1.0000    -0.0801    -0.1621     0.4816    -0.2079     0.1161     0.4879     0.2646     0.2646     0.2652     0.2931     0.6127     0.8121     0.5291     0.4457     0.7142     0.6439     0.6538     0.0664     0.6280    -0.4946     0.0634    -0.4836    -0.6597    -0.4062     0.0411    -0.0142     0.1681     0.6704     0.0409     0.0008     0.3388     0.6274     0.5458     1.0000    -0.3791    -0.2079     0.1161    -0.0801     0.2954     0.6280    -0.4946     0.2646     0.8769     0.0664
Q              -0.1568    -0.4120     0.7080     0.7658    -0.8897     0.3388     1.0000     0.8648     0.5291     0.7658     0.8801     1.0000     0.4791     0.3388     0.8177     0.6707    -0.5001     0.7741    -0.1209    -0.5860    -0.7134    -0.7134    -0.7100    -0.6869    -0.3921     0.7960    -0.5806    -0.5327    -0.3263     0.8923     0.6141     0.9105     0.7516     0.1289     0.6397    -0.8227    -0.6033    -0.9328    -0.8801    -0.8374    -0.0829     0.8648    -0.4120    -0.8897     1.0000     0.7658     0.8801     0.3388     0.5291     0.7741    -0.1209     0.8177    -0.6841     0.7516     0.1289    -0.7134    -0.0445     0.9105
Y               0.1031    -0.1068     0.8204     0.9628    -0.7268     0.6704     0.8648     1.0000     0.3902     0.9628     0.9859     0.8648     0.7050     0.6704     0.6018     0.4930    -0.1494     0.5346    -0.1012    -0.2755    -0.4326    -0.4326    -0.4294    -0.3883    -0.0942     0.8787    -0.2283    -0.1998     0.0140     0.9975     0.8865     0.7675     0.9583    -0.2687     0.6880    -0.9501    -0.8812    -0.9062    -0.6959    -0.6577     0.0246     1.0000    -0.1068    -0.7268     0.8648     0.9628     0.9859     0.6704     0.3902     0.5346    -0.1012     0.6018    -0.3851     0.9583    -0.2687    -0.4326     0.2531     0.7675
M               0.4344     0.1414     0.4755     0.4828    -0.7969    -0.3791     0.5291     0.3902     1.0000     0.4828     0.5334     0.5291     0.2477    -0.3791     0.7469     0.7368    -0.7218     0.8034    -0.1927    -0.8290    -0.7735    -0.7735    -0.7707    -0.7617    -0.7541    -0.0136    -0.7975    -0.7367    -0.7600     0.3993     0.4216     0.7584     0.4813    -0.0132     0.8850    -0.6227    -0.4111    -0.4893    -0.8088    -0.7004    -0.0928     0.3902     0.1414    -0.7969     0.5291     0.4828     0.5334    -0.3791     1.0000     0.8034    -0.1927     0.7469    -0.7647     0.4813    -0.0132    -0.7735    -0.7773     0.7584
L               0.3680     0.1577     0.8962     1.0000    -0.6699     0.6274     0.7658     0.9628     0.4828     1.0000     0.9655     0.7658     0.6508     0.6274     0.5528     0.4667    -0.1517     0.4793    -0.0523    -0.2359    -0.4006    -0.4006    -0.3976    -0.3636    -0.0548     0.7572    -0.1704    -0.1982     0.0364     0.9454     0.9736     0.7010     0.9993    -0.4793     0.8048    -0.9818    -0.9702    -0.7962    -0.6418    -0.6029     0.0810     0.9628     0.1577    -0.6699     0.7658     1.0000     0.9655     0.6274     0.4828     0.4793    -0.0523     0.5528    -0.3640     0.9993    -0.4793    -0.4006     0.1758     0.7010
C               0.1613    -0.0841     0.8154     0.9655    -0.8112     0.5458     0.8801     0.9859     0.5334     0.9655     1.0000     0.8801     0.7200     0.5458     0.6875     0.5931    -0.2590     0.6400    -0.1392    -0.4072    -0.5346    -0.5346    -0.5313    -0.4891    -0.2333     0.7970    -0.3549    -0.3100    -0.1302     0.9859     0.8826     0.8425     0.9618    -0.2364     0.7833    -0.9799    -0.8757    -0.9255    -0.7847    -0.7318     0.0009     0.9859    -0.0841    -0.8112     0.8801     0.9655     1.0000     0.5458     0.5334     0.6400    -0.1392     0.6875    -0.4860     0.9618    -0.2364    -0.5346     0.0940     0.8425
I              -0.1568    -0.4120     0.7080     0.7658    -0.8897     0.3388     1.0000     0.8648     0.5291     0.7658     0.8801     1.0000     0.4791     0.3388     0.8177     0.6707    -0.5001     0.7741    -0.1209    -0.5860    -0.7134    -0.7134    -0.7100    -0.6869    -0.3921     0.7960    -0.5806    -0.5327    -0.3263     0.8923     0.6141     0.9105     0.7516     0.1289     0.6397    -0.8227    -0.6033    -0.9328    -0.8801    -0.8374    -0.0829     0.8648    -0.4120    -0.8897     1.0000     0.7658     0.8801     0.3388     0.5291     0.7741    -0.1209     0.8177    -0.6841     0.7516     0.1289    -0.7134    -0.0445     0.9105
K              -0.0304    -0.1940     0.2467     0.6508    -0.5574     0.4674     0.4791     0.7050     0.2477     0.6508     0.7200     0.4791     1.0000     0.4674     0.4838     0.5397    -0.0224     0.4775    -0.1288    -0.2785    -0.3237    -0.3237    -0.3236    -0.2511    -0.2160     0.4993    -0.2130    -0.0948    -0.0628     0.7088     0.5766     0.5960     0.6590    -0.0512     0.4439    -0.6600    -0.5714    -0.7397    -0.5328    -0.5481    -0.0655     0.7050    -0.1940    -0.5574     0.4791     0.6508     0.7200     0.4674     0.2477     0.4775    -0.1288     0.4838    -0.2388     0.6590    -0.0512    -0.3237     0.1891     0.5960
EX              0.0026     0.0409     0.5242     0.6274     0.0008     1.0000     0.3388     0.6704    -0.3791     0.6274     0.5458     0.3388     0.4674     1.0000    -0.0801    -0.1621     0.4816    -0.2079     0.1161     0.4879     0.2646     0.2646     0.2652     0.2931     0.6127     0.8121     0.5291     0.4457     0.7142     0.6439     0.6538     0.0664     0.6280    -0.4946     0.0634    -0.4836    -0.6597    -0.4062     0.0411    -0.0142     0.1681     0.6704     0.0409     0.0008     0.3388     0.6274     0.5458     1.0000    -0.3791    -0.2079     0.1161    -0.0801     0.2954     0.6280    -0.4946     0.2646     0.8769     0.0664
N              -0.0359    -0.3274     0.4330     0.5528    -0.9165    -0.0801     0.8177     0.6018     0.7469     0.5528     0.6875     0.8177     0.4838    -0.0801     1.0000     0.9699    -0.8525     0.9721     0.0096    -0.8655    -0.9774    -0.9774    -0.9768    -0.9606    -0.6894     0.3698    -0.8287    -0.8839    -0.6474     0.6388     0.4093     0.9061     0.5446     0.2517     0.7034    -0.6783    -0.3962    -0.7681    -0.9439    -0.9947    -0.1300     0.6018    -0.3274    -0.9165     0.8177     0.5528     0.6875    -0.0801     0.7469     0.9721     0.0096     1.0000    -0.9573     0.5446     0.2517    -0.9774    -0.4425     0.9061
K_b             0.0216    -0.2562     0.2886     0.4667    -0.8436    -0.1621     0.6707     0.4930     0.7368     0.4667     0.5931     0.6707     0.5397    -0.1621     0.9699     1.0000    -0.8537     0.9473     0.0620    -0.8603    -0.9616    -0.9616    -0.9624    -0.9426    -0.7079     0.2074    -0.8095    -0.8892    -0.6623     0.5275     0.3428     0.8278     0.4634     0.2400     0.6718    -0.5981    -0.3305    -0.6694    -0.8786    -0.9652    -0.1332     0.4930    -0.2562    -0.8436     0.6707     0.4667     0.5931    -0.1621     0.7368     0.9473     0.0620     0.9699    -0.9383     0.4634     0.2400    -0.9616    -0.4930     0.8278
K_h            -0.0444     0.1842    -0.1901    -0.1517     0.6571     0.4816    -0.5001    -0.1494    -0.7218    -0.1517    -0.2590    -0.5001    -0.0224     0.4816    -0.8525    -0.8537     1.0000    -0.8296    -0.1532     0.8493     0.9418     0.9418     0.9427     0.9640     0.7071     0.0625     0.8297     0.9974     0.7477    -0.1880    -0.0505    -0.6145    -0.1427    -0.3167    -0.5232     0.3021     0.0390     0.3374     0.7137     0.8072     0.1177    -0.1494     0.1842     0.6571    -0.5001    -0.1517    -0.2590     0.4816    -0.7218    -0.8296    -0.1532    -0.8525     0.9666    -0.1427    -0.3167     0.9418     0.7024    -0.6145
D              -0.0751    -0.3753     0.3433     0.4793    -0.9345    -0.2079     0.7741     0.5346     0.8034     0.4793     0.6400     0.7741     0.4775    -0.2079     0.9721     0.9473    -0.8296     1.0000    -0.1863    -0.9480    -0.9595    -0.9595    -0.9583    -0.9336    -0.8307     0.2789    -0.8981    -0.8607    -0.7856     0.5755     0.3222     0.9202     0.4724     0.3569     0.6846    -0.6239    -0.3080    -0.7609    -0.9568    -0.9538    -0.1567     0.5346    -0.3753    -0.9345     0.7741     0.4793     0.6400    -0.2079     0.8034     1.0000    -0.1863     0.9721    -0.9285     0.4724     0.3569    -0.9595    -0.5588     0.9202
D_star          0.1556     0.2099     0.0063    -0.0523     0.1823     0.1161    -0.1209    -0.1012    -0.1927    -0.0523    -0.1392    -0.1209    -0.1288     0.1161     0.0096     0.0620    -0.1532    -0.1863     1.0000     0.3094    -0.0362    -0.0362    -0.0391    -0.0850     0.5001    -0.0600     0.1370    -0.1433     0.4413    -0.1126     0.0096    -0.1967    -0.0573    -0.2390    -0.0382     0.0788    -0.0132     0.2527     0.1522    -0.0296    -0.0389    -0.1012     0.2099     0.1823    -0.1209    -0.0523    -0.1392     0.1161    -0.1927    -0.1863     1.0000     0.0096    -0.0939    -0.0573    -0.2390    -0.0362     0.1790    -0.1967
x               0.0795     0.3560    -0.1488    -0.2359     0.8266     0.4879    -0.5860    -0.2755    -0.8290    -0.2359    -0.4072    -0.5860    -0.2785     0.4879    -0.8655    -0.8603     0.8493    -0.9480     0.3094     1.0000     0.9077     0.9077     0.9066     0.8894     0.9553    -0.0101     0.9456     0.8659     0.9410    -0.3200    -0.0862    -0.7959    -0.2302    -0.4769    -0.5782     0.4057     0.0718     0.5637     0.8553     0.8193     0.1748    -0.2755     0.3560     0.8266    -0.5860    -0.2359    -0.4072     0.4879    -0.8290    -0.9480     0.3094    -0.8655     0.8848    -0.2302    -0.4769     0.9077     0.7623    -0.7959
psi             0.0139     0.2929    -0.3325    -0.4006     0.8511     0.2646    -0.7134    -0.4326    -0.7735    -0.4006    -0.5346    -0.7134    -0.3237     0.2646    -0.9774    -0.9616     0.9418    -0.9595    -0.0362     0.9077     1.0000     1.0000     1.0000     0.9963     0.7483    -0.1946     0.8729     0.9612     0.7362    -0.4725    -0.2660    -0.8269    -0.3921    -0.3070    -0.6537     0.5442     0.2528     0.6253     0.8907     0.9542     0.1350    -0.4326     0.2929     0.8511    -0.7134    -0.4006    -0.5346     0.2646    -0.7735    -0.9595    -0.0362    -0.9774     0.9948    -0.3921    -0.3070     1.0000     0.5817    -0.8269
phi             0.0139     0.2929    -0.3325    -0.4006     0.8511     0.2646    -0.7134    -0.4326    -0.7735    -0.4006    -0.5346    -0.7134    -0.3237     0.2646    -0.9774    -0.9616     0.9418    -0.9595    -0.0362     0.9077     1.0000     1.0000     1.0000     0.9963     0.7483    -0.1946     0.8729     0.9612     0.7362    -0.4725    -0.2660    -0.8269    -0.3921    -0.3070    -0.6537     0.5442     0.2528     0.6253     0.8907     0.9542     0.1350    -0.4326     0.2929     0.8511    -0.7134    -0.4006    -0.5346     0.2646    -0.7735    -0.9595    -0.0362    -0.9774     0.9948    -0.3921    -0.3070     1.0000     0.5817    -0.8269
upsilon         0.0141     0.2921    -0.3288    -0.3976     0.8477     0.2652    -0.7100    -0.4294    -0.7707    -0.3976    -0.5313    -0.7100    -0.3236     0.2652    -0.9768    -0.9624     0.9427    -0.9583    -0.0391     0.9066     1.0000     1.0000     1.0000     0.9964     0.7472    -0.1917     0.8707     0.9622     0.7351    -0.4694    -0.2635    -0.8235    -0.3892    -0.3068    -0.6508     0.5411     0.2504     0.6221     0.8878     0.9538     0.1341    -0.4294     0.2921     0.8477    -0.7100    -0.3976    -0.5313     0.2652    -0.7707    -0.9583    -0.0391    -0.9768     0.9949    -0.3892    -0.3068     1.0000     0.5807    -0.8235
mu             -0.0025     0.2670    -0.3278    -0.3636     0.8159     0.2931    -0.6869    -0.3883    -0.7617    -0.3636    -0.4891    -0.6869    -0.2511     0.2931    -0.9606    -0.9426     0.9640    -0.9336    -0.0850     0.8894     0.9963     0.9963     0.9964     1.0000     0.7231    -0.1617     0.8611     0.9781     0.7240    -0.4277    -0.2364    -0.7881    -0.3544    -0.2963    -0.6349     0.5068     0.2236     0.5717     0.8596     0.9336     0.1279    -0.3883     0.2670     0.8159    -0.6869    -0.3636    -0.4891     0.2931    -0.7617    -0.9336    -0.0850    -0.9606     0.9998    -0.3544    -0.2963     0.9963     0.5950    -0.7881
mu_star         0.1226     0.3579     0.0472    -0.0548     0.6860     0.6127    -0.3921    -0.0942    -0.7541    -0.0548    -0.2333    -0.3921    -0.2160     0.6127    -0.6894    -0.7079     0.7071    -0.8307     0.5001     0.9553     0.7483     0.7483     0.7472     0.7231     1.0000     0.1623     0.8804     0.7198     0.9859    -0.1380     0.0849    -0.6532    -0.0529    -0.5540    -0.4293     0.2247    -0.0983     0.4234     0.7090     0.6329     0.1767    -0.0942     0.3579     0.6860    -0.3921    -0.0548    -0.2333     0.6127    -0.7541    -0.8307     0.5001    -0.6894     0.7165    -0.0529    -0.5540     0.7483     0.8083    -0.6532
A              -0.2365    -0.3413     0.6803     0.7572    -0.4859     0.8121     0.7960     0.8787    -0.0136     0.7572     0.7970     0.7960     0.4993     0.8121     0.3698     0.2074     0.0625     0.2789    -0.0600    -0.0101    -0.1946    -0.1946    -0.1917    -0.1617     0.1623     1.0000     0.0000     0.0261     0.2606     0.8846     0.6657     0.5432     0.7466    -0.1174     0.2962    -0.6990    -0.6627    -0.7879    -0.4507    -0.4367     0.0305     0.8787    -0.3413    -0.4859     0.7960     0.7572     0.7970     0.8121    -0.0136     0.2789    -0.0600     0.3698    -0.1577     0.7466    -0.1174    -0.1946     0.5592     0.5432
R_star          0.1583     0.4311    -0.1046    -0.1704     0.8334     0.5291    -0.5806    -0.2283    -0.7975    -0.1704    -0.3549    -0.5806    -0.2130     0.5291    -0.8287    -0.8095     0.8297    -0.8981     0.1370     0.9456     0.8729     0.8729     0.8707     0.8611     0.8804     0.0000     1.0000     0.8416     0.8852    -0.2756    -0.0059    -0.7970    -0.1599    -0.5605    -0.5358     0.3504    -0.0093     0.5353     0.8557     0.7758     0.2694    -0.2283     0.4311     0.8334    -0.5806    -0.1704    -0.3549     0.5291    -0.7975    -0.8981     0.1370    -0.8287     0.8580    -0.1599    -0.5605     0.8729     0.7740    -0.7970
chi_h          -0.0420     0.1975    -0.2072    -0.1982     0.6947     0.4457    -0.5327    -0.1998    -0.7367    -0.1982    -0.3100    -0.5327    -0.0948     0.4457    -0.8839    -0.8892     0.9974    -0.8607    -0.1433     0.8659     0.9612     0.9612     0.9622     0.9781     0.7198     0.0261     0.8416     1.0000     0.7491    -0.2386    -0.0921    -0.6550    -0.1898    -0.3116    -0.5532     0.3486     0.0803     0.3896     0.7493     0.8435     0.1220    -0.1998     0.1975     0.6947    -0.5327    -0.1982    -0.3100     0.4457    -0.7367    -0.8607    -0.1433    -0.8839     0.9798    -0.1898    -0.3116     0.9612     0.6857    -0.6550
chi_b           0.0859     0.3073     0.0741     0.0364     0.6266     0.7142    -0.3263     0.0140    -0.7600     0.0364    -0.1302    -0.3263    -0.0628     0.7142    -0.6474    -0.6623     0.7477    -0.7856     0.4413     0.9410     0.7362     0.7362     0.7351     0.7240     0.9859     0.2606     0.8852     0.7491     1.0000    -0.0291     0.1641    -0.5841     0.0398    -0.5551    -0.4004     0.1396    -0.1771     0.3108     0.6556     0.5782     0.1762     0.0140     0.3073     0.6266    -0.3263     0.0364    -0.1302     0.7142    -0.7600    -0.7856     0.4413    -0.6474     0.7200     0.0398    -0.5551     0.7362     0.8804    -0.5841
Ynet            0.0475    -0.1697     0.7970     0.9454    -0.7576     0.6439     0.8923     0.9975     0.3993     0.9454     0.9859     0.8923     0.7088     0.6439     0.6388     0.5275    -0.1880     0.5755    -0.1126    -0.3200    -0.4725    -0.4725    -0.4694    -0.4277    -0.1380     0.8846    -0.2756    -0.2386    -0.0291     1.0000     0.8549     0.7978     0.9399    -0.2035     0.6762    -0.9412    -0.8487    -0.9309    -0.7288    -0.6928     0.0063     0.9975    -0.1697    -0.7576     0.8923     0.9454     0.9859     0.6439     0.3993     0.5755    -0.1126     0.6388    -0.4239     0.9399    -0.2035    -0.4725     0.2304     0.7978
R_dc            0.5335     0.3626     0.9025     0.9736    -0.5126     0.6538     0.6141     0.8865     0.4216     0.9736     0.8826     0.6141     0.5766     0.6538     0.4093     0.3428    -0.0505     0.3222     0.0096    -0.0862    -0.2660    -0.2660    -0.2635    -0.2364     0.0849     0.6657    -0.0059    -0.0921     0.1641     0.8549     1.0000     0.5418     0.9775    -0.6654     0.7823    -0.9309    -0.9999    -0.6417    -0.4849    -0.4619     0.1318     0.8865     0.3626    -0.5126     0.6141     0.9736     0.8826     0.6538     0.4216     0.3222     0.0096     0.4093    -0.2392     0.9775    -0.6654    -0.2660     0.2256     0.5418
cryp           -0.0607    -0.3686     0.5562     0.7010    -0.9972     0.0664     0.9105     0.7675     0.7584     0.7010     0.8425     0.9105     0.5960     0.0664     0.9061     0.8278    -0.6145     0.9202    -0.1967    -0.7959    -0.8269    -0.8269    -0.8235    -0.7881    -0.6532     0.5432    -0.7970    -0.6550    -0.5841     0.7978     0.5418     1.0000     0.6916     0.2224     0.7647    -0.8113    -0.5284    -0.9216    -0.9906    -0.9063    -0.1615     0.7675    -0.3686    -0.9972     0.9105     0.7010     0.8425     0.0664     0.7584     0.9202    -0.1967     0.9061    -0.7833     0.6916     0.2224    -0.8269    -0.3488     1.0000
DC              0.3809     0.1721     0.8902     0.9993    -0.6603     0.6280     0.7516     0.9583     0.4813     0.9993     0.9618     0.7516     0.6590     0.6280     0.5446     0.4634    -0.1427     0.4724    -0.0573    -0.2302    -0.3921    -0.3921    -0.3892    -0.3544    -0.0529     0.7466    -0.1599    -0.1898     0.0398     0.9399     0.9775     0.6916     1.0000    -0.4932     0.8041    -0.9804    -0.9744    -0.7884    -0.6322    -0.5953     0.0776     0.9583     0.1721    -0.6603     0.7516     0.9993     0.9618     0.6280     0.4813     0.4724    -0.0573     0.5446    -0.3547     1.0000    -0.4932    -0.3921     0.1770     0.6916
m              -0.8396    -0.8785    -0.5690    -0.4793    -0.2339    -0.4946     0.1289    -0.2687    -0.0132    -0.4793    -0.2364     0.1289    -0.0512    -0.4946     0.2517     0.2400    -0.3167     0.3569    -0.2390    -0.4769    -0.3070    -0.3070    -0.3068    -0.2963    -0.5540    -0.1174    -0.5605    -0.3116    -0.5551    -0.2035    -0.6654     0.2224    -0.4932     1.0000    -0.3652     0.3662     0.6761    -0.1424    -0.2497    -0.2125    -0.2727    -0.2687    -0.8785    -0.2339     0.1289    -0.4793    -0.2364    -0.4946    -0.0132     0.3569    -0.2390     0.2517    -0.2857    -0.4932     1.0000    -0.3070    -0.3295     0.2224
Lambda          0.5952     0.3154     0.7684     0.8048    -0.7791     0.0634     0.6397     0.6880     0.8850     0.8048     0.7833     0.6397     0.4439     0.0634     0.7034     0.6718    -0.5232     0.6846    -0.0382    -0.5782    -0.6537    -0.6537    -0.6508    -0.6349    -0.4293     0.2962    -0.5358    -0.5532    -0.4004     0.6762     0.7823     0.7647     0.8041    -0.3652     1.0000    -0.8764    -0.7754    -0.6192    -0.7751    -0.6981     0.0157     0.6880     0.3154    -0.7791     0.6397     0.8048     0.7833     0.0634     0.8850     0.6846    -0.0382     0.7034    -0.6394     0.8041    -0.3652    -0.6537    -0.4167     0.7647
gam            -0.3447    -0.0921    -0.8694    -0.9818     0.7898    -0.4836    -0.8227    -0.9501    -0.6227    -0.9818    -0.9799    -0.8227    -0.6600    -0.4836    -0.6783    -0.5981     0.3021    -0.6239     0.0788     0.4057     0.5442     0.5442     0.5411     0.5068     0.2247    -0.6990     0.3504     0.3486     0.1396    -0.9412    -0.9309    -0.8113    -0.9804     0.3662    -0.8764     1.0000     0.9250     0.8467     0.7676     0.7150    -0.0215    -0.9501    -0.0921     0.7898    -0.8227    -0.9818    -0.9799    -0.4836    -0.6227    -0.6239     0.0788    -0.6783     0.5067    -0.9804     0.3662     0.5442    -0.0053    -0.8113
trs            -0.5395    -0.3728    -0.9010    -0.9702     0.4989    -0.6597    -0.6033    -0.8812    -0.4111    -0.9702    -0.8757    -0.6033    -0.5714    -0.6597    -0.3962    -0.3305     0.0390    -0.3080    -0.0132     0.0718     0.2528     0.2528     0.2504     0.2236    -0.0983    -0.6627    -0.0093     0.0803    -0.1771    -0.8487    -0.9999    -0.5284    -0.9744     0.6761    -0.7754     0.9250     1.0000     0.6310     0.4710     0.4493    -0.1362    -0.8812    -0.3728     0.4989    -0.6033    -0.9702    -0.8757    -0.6597    -0.4111    -0.3080    -0.0132    -0.3962     0.2266    -0.9744     0.6761     0.2528    -0.2350    -0.5284
Lambda1         0.1876     0.4416    -0.5926    -0.7962     0.8897    -0.4062    -0.9328    -0.9062    -0.4893    -0.7962    -0.9255    -0.9328    -0.7397    -0.4062    -0.7681    -0.6694     0.3374    -0.7609     0.2527     0.5637     0.6253     0.6253     0.6221     0.5717     0.4234    -0.7879     0.5353     0.3896     0.3108    -0.9309    -0.6417    -0.9216    -0.7884    -0.1424    -0.6192     0.8467     0.6310     1.0000     0.8667     0.8033     0.1048    -0.9062     0.4416     0.8897    -0.9328    -0.7962    -0.9255    -0.4062    -0.4893    -0.7609     0.2527    -0.7681     0.5636    -0.7884    -0.1424     0.6253    -0.0220    -0.9216
mu_cryp         0.0325     0.3462    -0.5178    -0.6418     0.9967     0.0411    -0.8801    -0.6959    -0.8088    -0.6418    -0.7847    -0.8801    -0.5328     0.0411    -0.9439    -0.8786     0.7137    -0.9568     0.1522     0.8553     0.8907     0.8907     0.8878     0.8596     0.7090    -0.4507     0.8557     0.7493     0.6556    -0.7288    -0.4849    -0.9906    -0.6322    -0.2497    -0.7751     0.7676     0.4710     0.8667     1.0000     0.9348     0.1675    -0.6959     0.3462     0.9967    -0.8801    -0.6418    -0.7847     0.0411    -0.8088    -0.9568     0.1522    -0.9439     0.8558    -0.6322    -0.2497     0.8907     0.4481    -0.9906
x_c             0.0442     0.3300    -0.4590    -0.6029     0.9099    -0.0142    -0.8374    -0.6577    -0.7004    -0.6029    -0.7318    -0.8374    -0.5481    -0.0142    -0.9947    -0.9652     0.8072    -0.9538    -0.0296     0.8193     0.9542     0.9542     0.9538     0.9336     0.6329    -0.4367     0.7758     0.8435     0.5782    -0.6928    -0.4619    -0.9063    -0.5953    -0.2125    -0.6981     0.7150     0.4493     0.8033     0.9348     1.0000     0.1164    -0.6577     0.3300     0.9099    -0.8374    -0.6029    -0.7318    -0.0142    -0.7004    -0.9538    -0.0296    -0.9947     0.9297    -0.5953    -0.2125     0.9542     0.3542    -0.9063
DE              0.2133     0.2647     0.1378     0.0810     0.1695     0.1681    -0.0829     0.0246    -0.0928     0.0810     0.0009    -0.0829    -0.0655     0.1681    -0.1300    -0.1332     0.1177    -0.1567    -0.0389     0.1748     0.1350     0.1350     0.1341     0.1279     0.1767     0.0305     0.2694     0.1220     0.1762     0.0063     0.1318    -0.1615     0.0776    -0.2727     0.0157    -0.0215    -0.1362     0.1048     0.1675     0.1164     1.0000     0.0246     0.2647     0.1695    -0.0829     0.0810     0.0009     0.1681    -0.0928    -0.1567    -0.0389    -0.1300     0.1250     0.0776    -0.2727     0.1350     0.1625    -0.1615
logY            0.1031    -0.1068     0.8204     0.9628    -0.7268     0.6704     0.8648     1.0000     0.3902     0.9628     0.9859     0.8648     0.7050     0.6704     0.6018     0.4930    -0.1494     0.5346    -0.1012    -0.2755    -0.4326    -0.4326    -0.4294    -0.3883    -0.0942     0.8787    -0.2283    -0.1998     0.0140     0.9975     0.8865     0.7675     0.9583    -0.2687     0.6880    -0.9501    -0.8812    -0.9062    -0.6959    -0.6577     0.0246     1.0000    -0.1068    -0.7268     0.8648     0.9628     0.9859     0.6704     0.3902     0.5346    -0.1012     0.6018    -0.3851     0.9583    -0.2687    -0.4326     0.2531     0.7675
logPi           0.9481     1.0000     0.3008     0.1577     0.3478     0.0409    -0.4120    -0.1068     0.1414     0.1577    -0.0841    -0.4120    -0.1940     0.0409    -0.3274    -0.2562     0.1842    -0.3753     0.2099     0.3560     0.2929     0.2929     0.2921     0.2670     0.3579    -0.3413     0.4311     0.1975     0.3073    -0.1697     0.3626    -0.3686     0.1721    -0.8785     0.3154    -0.0921    -0.3728     0.4416     0.3462     0.3300     0.2647    -0.1068     1.0000     0.3478    -0.4120     0.1577    -0.0841     0.0409     0.1414    -0.3753     0.2099    -0.3274     0.2541     0.1721    -0.8785     0.2929    -0.0456    -0.3686
logR            0.0350     0.3478    -0.5391    -0.6699     1.0000     0.0008    -0.8897    -0.7268    -0.7969    -0.6699    -0.8112    -0.8897    -0.5574     0.0008    -0.9165    -0.8436     0.6571    -0.9345     0.1823     0.8266     0.8511     0.8511     0.8477     0.8159     0.6860    -0.4859     0.8334     0.6947     0.6266    -0.7576    -0.5126    -0.9972    -0.6603    -0.2339    -0.7791     0.7898     0.4989     0.8897     0.9967     0.9099     0.1695    -0.7268     0.3478     1.0000    -0.8897    -0.6699    -0.8112     0.0008    -0.7969    -0.9345     0.1823    -0.9165     0.8117    -0.6603    -0.2339     0.8511     0.4145    -0.9972
logI           -0.1568    -0.4120     0.7080     0.7658    -0.8897     0.3388     1.0000     0.8648     0.5291     0.7658     0.8801     1.0000     0.4791     0.3388     0.8177     0.6707    -0.5001     0.7741    -0.1209    -0.5860    -0.7134    -0.7134    -0.7100    -0.6869    -0.3921     0.7960    -0.5806    -0.5327    -0.3263     0.8923     0.6141     0.9105     0.7516     0.1289     0.6397    -0.8227    -0.6033    -0.9328    -0.8801    -0.8374    -0.0829     0.8648    -0.4120    -0.8897     1.0000     0.7658     0.8801     0.3388     0.5291     0.7741    -0.1209     0.8177    -0.6841     0.7516     0.1289    -0.7134    -0.0445     0.9105
logL            0.3680     0.1577     0.8962     1.0000    -0.6699     0.6274     0.7658     0.9628     0.4828     1.0000     0.9655     0.7658     0.6508     0.6274     0.5528     0.4667    -0.1517     0.4793    -0.0523    -0.2359    -0.4006    -0.4006    -0.3976    -0.3636    -0.0548     0.7572    -0.1704    -0.1982     0.0364     0.9454     0.9736     0.7010     0.9993    -0.4793     0.8048    -0.9818    -0.9702    -0.7962    -0.6418    -0.6029     0.0810     0.9628     0.1577    -0.6699     0.7658     1.0000     0.9655     0.6274     0.4828     0.4793    -0.0523     0.5528    -0.3640     0.9993    -0.4793    -0.4006     0.1758     0.7010
logC            0.1613    -0.0841     0.8154     0.9655    -0.8112     0.5458     0.8801     0.9859     0.5334     0.9655     1.0000     0.8801     0.7200     0.5458     0.6875     0.5931    -0.2590     0.6400    -0.1392    -0.4072    -0.5346    -0.5346    -0.5313    -0.4891    -0.2333     0.7970    -0.3549    -0.3100    -0.1302     0.9859     0.8826     0.8425     0.9618    -0.2364     0.7833    -0.9799    -0.8757    -0.9255    -0.7847    -0.7318     0.0009     0.9859    -0.0841    -0.8112     0.8801     0.9655     1.0000     0.5458     0.5334     0.6400    -0.1392     0.6875    -0.4860     0.9618    -0.2364    -0.5346     0.0940     0.8425
logEX           0.0026     0.0409     0.5242     0.6274     0.0008     1.0000     0.3388     0.6704    -0.3791     0.6274     0.5458     0.3388     0.4674     1.0000    -0.0801    -0.1621     0.4816    -0.2079     0.1161     0.4879     0.2646     0.2646     0.2652     0.2931     0.6127     0.8121     0.5291     0.4457     0.7142     0.6439     0.6538     0.0664     0.6280    -0.4946     0.0634    -0.4836    -0.6597    -0.4062     0.0411    -0.0142     0.1681     0.6704     0.0409     0.0008     0.3388     0.6274     0.5458     1.0000    -0.3791    -0.2079     0.1161    -0.0801     0.2954     0.6280    -0.4946     0.2646     0.8769     0.0664
logM            0.4344     0.1414     0.4755     0.4828    -0.7969    -0.3791     0.5291     0.3902     1.0000     0.4828     0.5334     0.5291     0.2477    -0.3791     0.7469     0.7368    -0.7218     0.8034    -0.1927    -0.8290    -0.7735    -0.7735    -0.7707    -0.7617    -0.7541    -0.0136    -0.7975    -0.7367    -0.7600     0.3993     0.4216     0.7584     0.4813    -0.0132     0.8850    -0.6227    -0.4111    -0.4893    -0.8088    -0.7004    -0.0928     0.3902     0.1414    -0.7969     0.5291     0.4828     0.5334    -0.3791     1.0000     0.8034    -0.1927     0.7469    -0.7647     0.4813    -0.0132    -0.7735    -0.7773     0.7584
logD           -0.0751    -0.3753     0.3433     0.4793    -0.9345    -0.2079     0.7741     0.5346     0.8034     0.4793     0.6400     0.7741     0.4775    -0.2079     0.9721     0.9473    -0.8296     1.0000    -0.1863    -0.9480    -0.9595    -0.9595    -0.9583    -0.9336    -0.8307     0.2789    -0.8981    -0.8607    -0.7856     0.5755     0.3222     0.9202     0.4724     0.3569     0.6846    -0.6239    -0.3080    -0.7609    -0.9568    -0.9538    -0.1567     0.5346    -0.3753    -0.9345     0.7741     0.4793     0.6400    -0.2079     0.8034     1.0000    -0.1863     0.9721    -0.9285     0.4724     0.3569    -0.9595    -0.5588     0.9202
logD_star       0.1556     0.2099     0.0063    -0.0523     0.1823     0.1161    -0.1209    -0.1012    -0.1927    -0.0523    -0.1392    -0.1209    -0.1288     0.1161     0.0096     0.0620    -0.1532    -0.1863     1.0000     0.3094    -0.0362    -0.0362    -0.0391    -0.0850     0.5001    -0.0600     0.1370    -0.1433     0.4413    -0.1126     0.0096    -0.1967    -0.0573    -0.2390    -0.0382     0.0788    -0.0132     0.2527     0.1522    -0.0296    -0.0389    -0.1012     0.2099     0.1823    -0.1209    -0.0523    -0.1392     0.1161    -0.1927    -0.1863     1.0000     0.0096    -0.0939    -0.0573    -0.2390    -0.0362     0.1790    -0.1967
logN           -0.0359    -0.3274     0.4330     0.5528    -0.9165    -0.0801     0.8177     0.6018     0.7469     0.5528     0.6875     0.8177     0.4838    -0.0801     1.0000     0.9699    -0.8525     0.9721     0.0096    -0.8655    -0.9774    -0.9774    -0.9768    -0.9606    -0.6894     0.3698    -0.8287    -0.8839    -0.6474     0.6388     0.4093     0.9061     0.5446     0.2517     0.7034    -0.6783    -0.3962    -0.7681    -0.9439    -0.9947    -0.1300     0.6018    -0.3274    -0.9165     0.8177     0.5528     0.6875    -0.0801     0.7469     0.9721     0.0096     1.0000    -0.9573     0.5446     0.2517    -0.9774    -0.4425     0.9061
spread         -0.0148     0.2541    -0.3354    -0.3640     0.8117     0.2954    -0.6841    -0.3851    -0.7647    -0.3640    -0.4860    -0.6841    -0.2388     0.2954    -0.9573    -0.9383     0.9666    -0.9285    -0.0939     0.8848     0.9948     0.9948     0.9949     0.9998     0.7165    -0.1577     0.8580     0.9798     0.7200    -0.4239    -0.2392    -0.7833    -0.3547    -0.2857    -0.6394     0.5067     0.2266     0.5636     0.8558     0.9297     0.1250    -0.3851     0.2541     0.8117    -0.6841    -0.3640    -0.4860     0.2954    -0.7647    -0.9285    -0.0939    -0.9573     1.0000    -0.3547    -0.2857     0.9948     0.5981    -0.7833
logDC           0.3809     0.1721     0.8902     0.9993    -0.6603     0.6280     0.7516     0.9583     0.4813     0.9993     0.9618     0.7516     0.6590     0.6280     0.5446     0.4634    -0.1427     0.4724    -0.0573    -0.2302    -0.3921    -0.3921    -0.3892    -0.3544    -0.0529     0.7466    -0.1599    -0.1898     0.0398     0.9399     0.9775     0.6916     1.0000    -0.4932     0.8041    -0.9804    -0.9744    -0.7884    -0.6322    -0.5953     0.0776     0.9583     0.1721    -0.6603     0.7516     0.9993     0.9618     0.6280     0.4813     0.4724    -0.0573     0.5446    -0.3547     1.0000    -0.4932    -0.3921     0.1770     0.6916
logm           -0.8396    -0.8785    -0.5690    -0.4793    -0.2339    -0.4946     0.1289    -0.2687    -0.0132    -0.4793    -0.2364     0.1289    -0.0512    -0.4946     0.2517     0.2400    -0.3167     0.3569    -0.2390    -0.4769    -0.3070    -0.3070    -0.3068    -0.2963    -0.5540    -0.1174    -0.5605    -0.3116    -0.5551    -0.2035    -0.6654     0.2224    -0.4932     1.0000    -0.3652     0.3662     0.6761    -0.1424    -0.2497    -0.2125    -0.2727    -0.2687    -0.8785    -0.2339     0.1289    -0.4793    -0.2364    -0.4946    -0.0132     0.3569    -0.2390     0.2517    -0.2857    -0.4932     1.0000    -0.3070    -0.3295     0.2224
leverage        0.0139     0.2929    -0.3325    -0.4006     0.8511     0.2646    -0.7134    -0.4326    -0.7735    -0.4006    -0.5346    -0.7134    -0.3237     0.2646    -0.9774    -0.9616     0.9418    -0.9595    -0.0362     0.9077     1.0000     1.0000     1.0000     0.9963     0.7483    -0.1946     0.8729     0.9612     0.7362    -0.4725    -0.2660    -0.8269    -0.3921    -0.3070    -0.6537     0.5442     0.2528     0.6253     0.8907     0.9542     0.1350    -0.4326     0.2929     0.8511    -0.7134    -0.4006    -0.5346     0.2646    -0.7735    -0.9595    -0.0362    -0.9774     0.9948    -0.3921    -0.3070     1.0000     0.5817    -0.8269
TB             -0.2239    -0.0456     0.1095     0.1758     0.4145     0.8769    -0.0445     0.2531    -0.7773     0.1758     0.0940    -0.0445     0.1891     0.8769    -0.4425    -0.4930     0.7024    -0.5588     0.1790     0.7623     0.5817     0.5817     0.5807     0.5950     0.8083     0.5592     0.7740     0.6857     0.8804     0.2304     0.2256    -0.3488     0.1770    -0.3295    -0.4167    -0.0053    -0.2350    -0.0220     0.4481     0.3542     0.1625     0.2531    -0.0456     0.4145    -0.0445     0.1758     0.0940     0.8769    -0.7773    -0.5588     0.1790    -0.4425     0.5981     0.1770    -0.3295     0.5817     1.0000    -0.3488
logcryp        -0.0607    -0.3686     0.5562     0.7010    -0.9972     0.0664     0.9105     0.7675     0.7584     0.7010     0.8425     0.9105     0.5960     0.0664     0.9061     0.8278    -0.6145     0.9202    -0.1967    -0.7959    -0.8269    -0.8269    -0.8235    -0.7881    -0.6532     0.5432    -0.7970    -0.6550    -0.5841     0.7978     0.5418     1.0000     0.6916     0.2224     0.7647    -0.8113    -0.5284    -0.9216    -0.9906    -0.9063    -0.1615     0.7675    -0.3686    -0.9972     0.9105     0.7010     0.8425     0.0664     0.7584     0.9202    -0.1967     0.9061    -0.7833     0.6916     0.2224    -0.8269    -0.3488     1.0000



COEFFICIENTS OF AUTOCORRELATION
Order              1        2        3        4        5
mc            0.3902   0.1421   0.0541   0.0240   0.0135
Pi            0.4810   0.2742   0.1946   0.1606   0.1426
Z             0.7299   0.5935   0.5211   0.4736   0.4360
w             0.8286   0.7407   0.6927   0.6600   0.6333
R             0.9203   0.8508   0.7885   0.7322   0.6810
epsilon       0.9467   0.8970   0.8507   0.8076   0.7675
Q             0.9353   0.8709   0.8098   0.7526   0.6995
Y             0.9363   0.8889   0.8508   0.8172   0.7861
M             0.7494   0.6134   0.5343   0.4790   0.4347
L             0.8286   0.7407   0.6927   0.6600   0.6333
C             0.9154   0.8590   0.8183   0.7844   0.7539
I             0.9353   0.8709   0.8098   0.7526   0.6995
K             0.9992   0.9971   0.9937   0.9892   0.9836
EX            0.9467   0.8970   0.8507   0.8076   0.7675
N             0.9300   0.8659   0.8070   0.7526   0.7026
K_b           0.9435   0.8907   0.8415   0.7957   0.7531
K_h           0.9223   0.8504   0.7841   0.7230   0.6667
D             0.9329   0.8712   0.8144   0.7622   0.7141
D_star        0.9930   0.9819   0.9693   0.9560   0.9426
x             0.9321   0.8698   0.8126   0.7602   0.7121
psi           0.9234   0.8530   0.7884   0.7291   0.6744
phi           0.9234   0.8530   0.7884   0.7291   0.6744
upsilon       0.9239   0.8540   0.7897   0.7306   0.6761
mu            0.9203   0.8472   0.7802   0.7187   0.6620
mu_star       0.9485   0.9017   0.8588   0.8191   0.7823
A             0.9500   0.9025   0.8574   0.8145   0.7738
R_star        0.9000   0.8100   0.7290   0.6561   0.5905
chi_h         0.9228   0.8513   0.7853   0.7245   0.6684
chi_b         0.9423   0.8894   0.8407   0.7959   0.7547
Ynet          0.9480   0.9044   0.8666   0.8320   0.7995
R_dc          0.7613   0.6273   0.5641   0.5296   0.5056
cryp          0.9296   0.8659   0.8080   0.7551   0.7068
DC            0.8362   0.7417   0.6908   0.6575   0.6311
m             0.6152   0.3869   0.2862   0.2388   0.2115
Lambda        0.6220   0.4717   0.4032   0.3638   0.3353
gam           0.8422   0.7483   0.6950   0.6587   0.6293
trs           0.7586   0.6231   0.5594   0.5248   0.5008
Lambda1       0.9636   0.9256   0.8887   0.8535   0.8201
mu_cryp       0.9191   0.8482   0.7846   0.7270   0.6746
x_c           0.9372   0.8791   0.8254   0.7757   0.7296
DE           -0.0354  -0.0260  -0.0213  -0.0184  -0.0162
logY          0.9363   0.8889   0.8508   0.8172   0.7861
logPi         0.4810   0.2742   0.1946   0.1606   0.1426
logR          0.9203   0.8508   0.7885   0.7322   0.6810
logI          0.9353   0.8709   0.8098   0.7526   0.6995
logL          0.8286   0.7407   0.6927   0.6600   0.6333
logC          0.9154   0.8590   0.8183   0.7844   0.7539
logEX         0.9467   0.8970   0.8507   0.8076   0.7675
logM          0.7494   0.6134   0.5343   0.4790   0.4347
logD          0.9329   0.8712   0.8144   0.7622   0.7141
logD_star     0.9930   0.9819   0.9693   0.9560   0.9426
logN          0.9300   0.8659   0.8070   0.7526   0.7026
spread        0.9189   0.8451   0.7776   0.7155   0.6585
logDC         0.8362   0.7417   0.6908   0.6575   0.6311
logm          0.6152   0.3869   0.2862   0.2388   0.2115
leverage      0.9234   0.8530   0.7884   0.7291   0.6744
TB            0.8839   0.8007   0.7360   0.6812   0.6326
logcryp       0.9296   0.8659   0.8080   0.7551   0.7068
Total computing time : 0h00m00s
Note: warning(s) encountered in MATLAB/Octave code
