Starting Dynare (version 5.1).
Calling Dynare with arguments: none
Starting preprocessing of the model file ...
Found 65 equation(s).
Evaluating expressions...done
Computing static model derivatives (order 1).
Computing dynamic model derivatives (order 1).
Processing outputs ...
done
Preprocessing completed.


STEADY-STATE RESULTS:

mc        		 0.888889
Pi        		 1
Z         		 0.0397026
w         		 5.04443
R         		 1.015
epsilon   		 1.049
Q         		 1
Y         		 2.85972
M         		 0.436181
L         		 0.262036
C         		 1.94416
I         		 0.384152
K         		 19.2076
EX        		 0.507735
N         		 3.68177
K_b       		 14.6903
K_h       		 4.51727
D         		 5.65384
D_star    		 4.23049
x         		 0.302089
psi       		 1.59999
phi       		 3.99001
upsilon   		 1.56399
mu        		 0.00724611
mu_star   		 0.00568957
A         		 1
R_star    		 1.01131
Y_star    		 0.484018
Phi       		 0
Theta     		 0.401
chi_h     		 0.0104644
chi_b     		 0.0132049
Ynet      		 2.37849
P_c       		 1
R_dc      		 1
theta_c   		 1
cryp      		 0.930129
DC        		 5.31366
m         		 1.21698
R_c       		 1
Lambda    		 0.985222
gam       		 0.276685
trs       		 0.186349
Lambda1   		 0.772863
sigma_Rc  		 0
mu_cryp   		 0.0231132
x_c       		 0.0633158
DE        		 1
logY      		 1.05072
logPi     		 0
logR      		 0.0148886
logI      		 -0.956718
logL      		 -1.33927
logC      		 0.66483
logEX     		 -0.677796
logM      		 -0.829697
logD      		 1.73233
logD_star 		 1.44232
logN      		 1.30339
spread    		 0.00470258
logDC     		 1.67028
logm      		 0.196369
leverage  		 1.38379
TB        		 0.0715536
logcryp   		 -0.0724317

EIGENVALUES:
         Modulus             Real        Imaginary

       2.004e-16       -2.004e-16                0
       3.643e-16        3.643e-16                0
       1.018e-15        1.018e-15                0
        1.34e-08        -1.34e-08                0
        1.34e-08         1.34e-08                0
          0.4407           0.4407                0
             0.9              0.9                0
             0.9              0.9                0
          0.9362           0.9362                0
            0.95             0.95                0
            0.95             0.95                0
            0.95             0.95                0
          0.9757           0.9757                0
          0.9844           0.9844                0
           1.024            1.024                0
           1.042            1.042                0
           1.071            1.071                0
           1.148            1.148                0
           1.668            1.668                0
       1.841e+18       -1.841e+18                0
             Inf              Inf                0


There are 7 eigenvalue(s) larger than 1 in modulus 
for 7 forward-looking variable(s)

The rank condition is verified.

MODEL_DIAGNOSTICS:  The Jacobian of the static model is singular
MODEL_DIAGNOSTICS:  there is 2 colinear relationships between the variables and the equations
Relation 1
Colinear variables:
Z
w
epsilon
Y
M
L
C
I
K
EX
N
K_b
K_h
D
D_star
x
psi
phi
upsilon
mu
mu_star
R_star
Y_star
chi_h
chi_b
Ynet
cryp
DC
m
gam
trs
Lambda1
mu_cryp
x_c
logY
logI
logL
logC
logEX
logM
logD
logD_star
logN
spread
logDC
logm
leverage
TB
logcryp
Relation 2
Colinear variables:
Z
w
epsilon
Y
M
L
C
I
K
EX
N
K_b
K_h
D
D_star
x
psi
phi
upsilon
mu
mu_star
R_star
Y_star
chi_h
chi_b
Ynet
cryp
DC
m
gam
trs
Lambda1
mu_cryp
x_c
logY
logI
logL
logC
logEX
logM
logD
logD_star
logN
spread
logDC
logm
leverage
TB
logcryp
Relation 1
Colinear equations
    46    47

Relation 2
Colinear equations
    46    47

MODEL_DIAGNOSTICS:  The presence of a singularity problem typically indicates that there is one
MODEL_DIAGNOSTICS:  redundant equation entered in the model block, while another non-redundant equation
MODEL_DIAGNOSTICS:  is missing. The problem often derives from Walras Law.

MODEL SUMMARY

  Number of variables:         65
  Number of stochastic shocks: 6
  Number of state variables:   14
  Number of jumpers:           7
  Number of static variables:  45


MATRIX OF COVARIANCE OF EXOGENOUS SHOCKS
Variables               varepsilon_R      varepsilon_A  varepsilon_Rstar  varepsilon_Ystar            eps_Rc               vol
varepsilon_R                0.000006          0.000000          0.000000          0.000000          0.000000          0.000000
varepsilon_A                0.000000          0.000100          0.000000          0.000000          0.000000          0.000000
varepsilon_Rstar            0.000000          0.000000          0.000006          0.000000          0.000000          0.000000
varepsilon_Ystar            0.000000          0.000000          0.000000          0.000000          0.000000          0.000000
eps_Rc                      0.000000          0.000000          0.000000          0.000000          0.000000          0.000000
vol                         0.000000          0.000000          0.000000          0.000000          0.000000          0.000000

POLICY AND TRANSITION FUNCTIONS
                                  mc              Pi               Z               w               R         epsilon               Q               Y               M               L               C               I               K              EX               N             K_b             K_h               D          D_star               x             psi             phi         upsilon              mu         mu_star               A          R_star          Y_star             Phi           Theta           chi_h           chi_b            Ynet             P_c            R_dc         theta_c            cryp              DC               m             R_c          Lambda             gam             trs         Lambda1        sigma_Rc         mu_cryp             x_c              DE            logY           logPi            logR            logI            logL            logC           logEX            logM            logD       logD_star            logN          spread           logDC            logm        leverage              TB         logcryp
Constant                    0.888889        1.000000        0.039703        5.044429        1.015000        1.049000        1.000000        2.859715        0.436181        0.262036        1.944159        0.384152       19.207588        0.507735        3.681774       14.690313        4.517275        5.653836        4.230485        0.302089        1.599994        3.990010        1.563994        0.007246        0.005690        1.000000        1.011308        0.484018               0        0.401000        0.010464        0.013205        2.378491        1.000000        1.000000        1.000000        0.930129        5.313661        1.216976        1.000000        0.985222        0.276685        0.186349        0.772863               0        0.023113        0.063316        1.000000        1.050722               0        0.014889       -0.956718       -1.339272        0.664830       -0.677796       -0.829697        1.732335        1.442318        1.303395        0.004703        1.670281        0.196369        1.383794        0.071554       -0.072432
R(-1)                      -3.043650       -1.042159       -0.288547       -9.165376        0.318038       -1.742424       -2.083451      -10.991644       -2.445533       -1.428305       -9.264195       -1.200542       -1.200542       -0.843365      -37.220852      -63.808812       62.608269      -46.249261       -2.445533        1.265130        5.891882       14.692972        5.067532        0.139457       -0.000388               0               0               0               0               0        0.290723        0.025734       -7.982724               0               0               0       -0.982852      -60.758617       -3.754308               0       -0.763315        1.283556        1.265971        0.984768               0        0.557706        0.340029       -2.703192       -3.843615       -1.042159        0.313338       -3.125177       -5.450791       -4.765142       -1.661033       -5.606687       -8.180156       -0.578074      -10.109489        0.078911      -11.434417       -3.084948        3.682440        1.602168       -1.056683
K(-1)                      -0.010902       -0.004216       -0.002107       -0.001271       -0.000259        0.022075       -0.022127        0.032190       -0.009619       -0.000198        0.026651       -0.012750        0.967250        0.010685       -0.441212       -0.517291        1.484541       -0.485197       -0.009619        0.022992        0.099994        0.249362        0.087301        0.002581        0.000178               0               0               0               0               0        0.006351        0.001253        0.025047               0               0               0        0.002015        0.075924        0.016505               0       -0.001860       -0.008478       -0.000110       -0.021980               0        0.000897        0.003768        0.016828        0.011256       -0.004216       -0.000255       -0.033191       -0.000756        0.013708        0.021044       -0.022052       -0.085817       -0.002274       -0.119837        0.001422        0.014288        0.013562        0.062496        0.020304        0.002167
K_b(-1)                     0.001301        0.000452        0.000125        0.003981        0.000201        0.000617        0.024693        0.004843        0.001120        0.000620        0.005276        0.014229        0.014229        0.000299        1.296868        2.659884       -2.645656        1.719743        0.001120       -0.061899       -0.234372       -0.584470       -0.206332       -0.005384       -0.000847               0               0               0               0               0       -0.012265       -0.002694        0.018359               0               0               0       -0.000462       -0.004868        0.004415               0        0.000006       -0.000203        0.000689       -0.002161               0       -0.002744       -0.013059        0.001040        0.001694        0.000452        0.000198        0.037039        0.002368        0.002714        0.000588        0.002569        0.304173        0.000265        0.352240       -0.002874       -0.000916        0.003628       -0.146483       -0.000822       -0.000496
D(-1)                      -0.001295       -0.000450       -0.000125       -0.003963       -0.000200       -0.000614       -0.024579       -0.004821       -0.001115       -0.000618       -0.005251       -0.014163       -0.014163       -0.000297       -1.290887       -2.647618        2.633455       -1.711812       -0.001115        0.061614        0.233292        0.581774        0.205380        0.005359        0.000843               0               0               0               0               0        0.012209        0.002682       -0.018274               0               0               0        0.000459        0.004846       -0.004395               0       -0.000006        0.000202       -0.000686        0.002151               0        0.002731        0.012999       -0.001036       -0.001686       -0.000450       -0.000197       -0.036868       -0.002357       -0.002701       -0.000585       -0.002557       -0.302770       -0.000264       -0.350615        0.002861        0.000912       -0.003611        0.145808        0.000818        0.000494
D_star(-1)                 -0.007615       -0.001644       -0.001478       -0.046959        0.001918        0.043387       -0.056841       -0.081987       -0.034282       -0.007318       -0.098711       -0.032753       -0.032753        0.021000       -1.976568       -3.736190        3.703437       -3.783541        0.977025        0.176263        0.361089        0.900470        0.317211        0.007835        0.003725               0               0               0               0               0        0.017176        0.011301       -0.093426               0               0               0       -0.008237       -0.439501       -0.051997               0       -0.002036        0.021893        0.006063        0.046178               0        0.007600        0.019141        0.039717       -0.028670       -0.001644        0.001890       -0.085261       -0.027927       -0.050773        0.041361       -0.078597       -0.669199        0.230949       -0.536852        0.004140       -0.082712       -0.042727        0.225681        0.055283       -0.008856
A(-1)                      -0.583482       -0.221605        0.007767        0.246706       -0.010106        1.220703        0.943440        2.436604       -0.422248        0.038446        1.313056        0.543636        0.543636        0.590843        6.656776        5.204685       -4.661049        7.616589       -0.422248       -0.070647       -0.816479       -2.036107       -0.718701       -0.017848        0.001527        0.950000               0               0               0               0       -0.021891        0.010960        2.358025               0               0               0        0.080482        3.854731        0.806582               0       -0.099159       -0.343120       -0.009501       -0.889646               0       -0.025963       -0.076688        0.942078        0.852044       -0.221605       -0.009957        1.415160        0.146720        0.675385        1.163683       -0.968056        1.347154       -0.099811        1.808035       -0.008949        0.725438        0.662775       -0.510301        1.013091        0.086528
R_star(-1)                  0.678114        0.479975       -0.030914       -0.981942        0.546768        6.397100       -3.956891       -4.408288       -2.999584       -0.153023       -6.203732       -2.280070       -2.280070        3.096312      -81.201648     -138.745134      136.465065     -141.899527        1.230901        5.978580       13.845508       34.527452       12.005567        0.304057        0.102043               0        0.900000               0               0               0        0.633496        0.345706       -5.031222               0               0               0       -1.780266      -67.553997       -0.963843               0       -0.181657        2.712173        1.807538        3.271252               0        1.007476        0.727344        6.578258       -1.541513        0.479975        0.538688       -5.935336       -0.583976       -3.190959        6.098283       -6.876918      -25.097922        0.290960      -22.055034        0.162096      -12.713268       -0.791998        8.653476        6.095896       -1.913999
Y_star(-1)                  0.259813        0.089173        0.034560        1.097764        0.004835       -0.477969        0.130438        1.653451        0.578428        0.171072        0.928213        0.075162        0.075162        0.712755        4.737658        8.536476       -8.461314        8.061535       -0.321572       -0.375553       -0.920402       -2.295266       -0.819349       -0.018342       -0.008373               0               0        0.900000               0               0       -0.039243       -0.023437        1.317840               0               0               0       -0.010610        2.661143        0.573863               0        0.034325       -0.011339       -0.004437       -0.060538               0       -0.004768       -0.045774       -0.366469        0.578187        0.089173        0.004764        0.195657        0.652857        0.477437        1.403793        1.326118        1.425852       -0.076013        1.286787       -0.009604        0.500812        0.471548       -0.575253        0.134326       -0.011407
P_c(-1)                    -0.008794       -0.001213       -0.000609       -0.019351       -0.001558       -0.019205        0.024706       -0.015587        0.001293       -0.003016       -0.006570        0.014236        0.014236       -0.009296        0.397599        2.388750       -2.374513        5.382657        0.001293       -0.062024        0.126915        0.316496       -0.185383       -0.004852       -0.034114               0               0               0               0               0       -0.011009       -0.002949        0.005391               0               0               0       -2.951624        0.118420       -0.011982       -1.000000        0.001997       -0.005710       -0.004872       -0.003809               0        1.535776       -0.212783       -0.019521       -0.005451       -0.001213       -0.001535        0.037059       -0.011508       -0.003379       -0.018308        0.002964        0.952036        0.000306        0.107991       -0.002601        0.022286       -0.009845        0.079322       -0.010589       -3.173348
theta_c(-1)                -0.001552       -0.000181       -0.000136       -0.004308       -0.000160       -0.001611        0.000196       -0.004778       -0.000820       -0.000671       -0.003167        0.000113        0.000113       -0.000780        0.006133        0.162093       -0.161979        0.622315       -0.000820       -0.003915        0.015304        0.038163       -0.034186       -0.000420       -0.005263               0               0               0               0               0       -0.000751       -0.000194       -0.002271       -0.154393               0        0.950000       -0.455988        0.004462       -0.002740       -0.154393        0.000273       -0.000388       -0.000469        0.000146               0        0.237153       -0.031751       -0.001717       -0.001671       -0.000181       -0.000157        0.000295       -0.002562       -0.001629       -0.001536       -0.001881        0.110069       -0.000194        0.001666       -0.000171        0.000840       -0.002251        0.009565        0.000041       -0.490241
cryp(-1)                   -0.001276       -0.000443       -0.000123       -0.003904       -0.000197       -0.000605       -0.024216       -0.004750       -0.001099       -0.000608       -0.005174       -0.013954       -0.013954       -0.000293       -1.271810       -2.608490        2.594537       -1.686514       -0.001099        0.060703        0.229844        0.573177        0.202345        0.005280        0.000831               0               0               0               0               0        0.012028        0.002642       -0.018004               0               0               0        0.000453        0.004774       -0.004330               0       -0.000006        0.000199       -0.000676        0.002119               0        0.002691        0.012807       -0.001020       -0.001661       -0.000443       -0.000194       -0.036323       -0.002322       -0.002661       -0.000577       -0.002519       -0.298296       -0.000260       -0.345434        0.002818        0.000898       -0.003558        0.143653        0.000806        0.000487
R_c(-1)                    -0.001187       -0.000412       -0.000114       -0.003632       -0.000183       -0.000563       -0.022524       -0.004418       -0.001022       -0.000566       -0.004812       -0.012979       -0.012979       -0.000272       -1.182947       -2.426233        2.413254       -1.568676       -0.001022        0.056462        0.213785        0.533128        0.188207        0.004911        0.000773               0               0               0               0               0        0.011188        0.002458       -0.016746               0               0               0        0.000421        0.004441       -0.004028               0       -0.000005        0.000185       -0.000628        0.001971               0        0.002503        0.011912       -0.000949       -0.001545       -0.000412       -0.000181       -0.033786       -0.002160       -0.002475       -0.000536       -0.002343       -0.277453       -0.000242       -0.321298        0.002621        0.000836       -0.003309        0.133616        0.000750        0.000453
sigma_Rc(-1)                       0               0               0               0               0               0               0               0               0               0               0               0               0               0               0               0               0               0               0               0               0               0               0               0               0               0               0               0               0               0               0               0               0               0               0               0               0               0               0               0               0               0               0               0        0.950000               0               0               0               0               0               0               0               0               0               0               0               0               0               0               0               0               0               0               0               0
epsilon(-1)                 0.220352        0.075447        0.020889        0.663521       -0.023161        0.126198        0.141259        0.795705        0.177019        0.103401        0.670171        0.081397        0.081397        0.061082        2.179268        3.560301       -3.478904        2.664301        0.177019       -0.066903       -0.333265       -0.831085       -0.284725       -0.007954        0.000369               0               0               0               0               0       -0.016162       -0.000783        0.571912               0               0               0        0.071510        4.411157        0.270670               0        0.055391       -0.093065       -0.092148       -0.070594               0       -0.039368       -0.019421       -0.757539        0.278246        0.075447       -0.022818        0.211888        0.394606        0.344710        0.120303        0.405839        0.471238        0.041844        0.591907       -0.004570        0.830154        0.222412       -0.208291       -0.115937        0.076882
varepsilon_R               -3.852480       -1.319058       -0.365213      -11.600564        0.404925       -2.206361       -2.469673      -13.911577       -3.094888       -1.807798      -11.716833       -1.423094       -1.423094       -1.067919      -38.100878      -62.245936       60.822842      -46.580870       -3.094888        1.169693        5.826585       14.530137        4.977950        0.139061       -0.006450               0               0               0               0               0        0.282572        0.013695       -9.998934               0               0               0       -1.250240      -77.121743       -4.732217               0       -0.968413        1.627084        1.611048        1.234222               0        0.688287        0.339545       -3.422357       -4.864672       -1.319058        0.398941       -3.704509       -6.899034       -6.026684       -2.103299       -7.095413       -8.238808       -0.731568      -10.348511        0.079902      -14.513862       -3.888505        3.641629        2.026969       -1.344157
varepsilon_A               -0.614192       -0.233268        0.008176        0.259691       -0.010638        1.284951        0.993095        2.564847       -0.444472        0.040469        1.382165        0.572249        0.572249        0.621940        7.007133        5.478616       -4.906367        8.017462       -0.444472       -0.074365       -0.859451       -2.143270       -0.756527       -0.018787        0.001607        1.000000               0               0               0               0       -0.023043        0.011537        2.482132               0               0               0        0.084718        4.057612        0.849034               0       -0.104378       -0.361179       -0.010001       -0.936470               0       -0.027330       -0.080725        0.991661        0.896889       -0.233268       -0.010481        1.489642        0.154442        0.710932        1.224929       -1.019006        1.418057       -0.105064        1.903195       -0.009420        0.763619        0.697658       -0.537159        1.066411        0.091082
varepsilon_Rstar            0.788853        0.540946       -0.027477       -0.872784        0.598604        6.906225       -4.132351       -4.517025       -3.173527       -0.136012       -6.434231       -2.381175       -2.381175        3.342738      -81.037002     -136.795517      134.414342     -140.080311       -3.173527        5.823600       13.705565       34.178466       11.865128        0.301426        0.096066               0        1.000000               0               0               0        0.624050        0.331593       -5.156005               0               0               0       -1.939789      -73.017205       -0.829255               0       -0.192378        2.911766        1.980196        3.420090               0        1.084094        0.719192        7.124572       -1.579537        0.540946        0.589758       -6.198526       -0.519058       -3.309519        6.583626       -7.275703      -24.776155       -0.750157      -22.010315        0.160862      -13.741412       -0.681406        8.566011        6.516265       -2.085505
varepsilon_Ystar            0.288681        0.099081        0.038400        1.219738        0.005372       -0.531076        0.144931        1.837167        0.642698        0.190080        1.031348        0.083513        0.083513        0.791950        5.264064        9.484974       -9.401460        8.957261       -0.357302       -0.417282       -1.022668       -2.550295       -0.910388       -0.020380       -0.009303               0               0        1.000000               0               0       -0.043603       -0.026041        1.464266               0               0               0       -0.011789        2.956826        0.637625               0        0.038139       -0.012599       -0.004930       -0.067265               0       -0.005298       -0.050860       -0.407188        0.642430        0.099081        0.005293        0.217397        0.725397        0.530486        1.559770        1.473465        1.584280       -0.084459        1.429763       -0.010671        0.556457        0.523942       -0.639170        0.149252       -0.012674
eps_Rc                             0               0               0               0               0               0               0               0               0               0               0               0               0               0               0               0               0               0               0               0               0               0               0               0               0               0               0               0               0               0               0               0               0               0               0               0               0               0               0               0               0               0               0               0        0.030000               0               0               0               0               0               0               0               0               0               0               0               0               0               0               0               0               0               0               0               0
vol                        -0.001633       -0.000191       -0.000143       -0.004535       -0.000168       -0.001696        0.000207       -0.005030       -0.000863       -0.000707       -0.003334        0.000119        0.000119       -0.000821        0.006455        0.170624       -0.170505        0.655068       -0.000863       -0.004121        0.016109        0.040172       -0.035985       -0.000442       -0.005540               0               0               0               0               0       -0.000790       -0.000204       -0.002390       -0.162519               0        1.000000       -0.479987        0.004697       -0.002884       -0.162519        0.000288       -0.000409       -0.000493        0.000154               0        0.249635       -0.033422       -0.001807       -0.001759       -0.000191       -0.000166        0.000310       -0.002697       -0.001715       -0.001616       -0.001980        0.115863       -0.000204        0.001753       -0.000180        0.000884       -0.002370        0.010068        0.000043       -0.516043


THEORETICAL MOMENTS
VARIABLE          MEAN  STD. DEV.   VARIANCE
mc              0.8889     0.0130     0.0002
Pi              1.0000     0.0053     0.0000
Z               0.0397     0.0019     0.0000
w               5.0444     0.0814     0.0066
R               1.0150     0.0049     0.0000
epsilon         1.0490     0.0704     0.0050
Q               1.0000     0.0459     0.0021
Y               2.8597     0.1807     0.0327
M               0.4362     0.0233     0.0005
L               0.2620     0.0127     0.0002
C               1.9442     0.1364     0.0186
I               0.3842     0.0265     0.0007
K              19.2076     0.6236     0.3889
EX              0.5077     0.0341     0.0012
N               3.6818     0.6391     0.4084
K_b            14.6903     1.1433     1.3072
K_h             4.5173     0.9721     0.9449
D               5.6538     1.0534     1.1096
D_star          4.2305     0.1137     0.0129
x               0.3021     0.0404     0.0016
psi             1.6000     0.0994     0.0099
phi             3.9900     0.2479     0.0614
upsilon         1.5640     0.0862     0.0074
mu              0.0072     0.0022     0.0000
mu_star         0.0057     0.0007     0.0000
A               1.0000     0.0320     0.0010
R_star          1.0113     0.0057     0.0000
Y_star          0.4840     0.0000     0.0000
Phi             0.0000     0.0000     0.0000
Theta           0.4010     0.0000     0.0000
chi_h           0.0105     0.0045     0.0000
chi_b           0.0132     0.0024     0.0000
Ynet            2.3785     0.1531     0.0234
P_c             1.0000     0.0000     0.0000
R_dc            1.0000     0.0000     0.0000
theta_c         1.0000     0.0000     0.0000
cryp            0.9301     0.0169     0.0003
DC              5.3137     0.8124     0.6599
m               1.2170     0.0633     0.0040
R_c             1.0000     0.0000     0.0000
Lambda          0.9852     0.0038     0.0000
gam             0.2767     0.0317     0.0010
trs             0.1863     0.0167     0.0003
Lambda1         0.7729     0.0529     0.0028
sigma_Rc        0.0000     0.0000     0.0000
mu_cryp         0.0231     0.0085     0.0001
x_c             0.0633     0.0061     0.0000
DE              1.0000     0.0224     0.0005
logY            1.0507     0.0632     0.0040
logPi           0.0000     0.0053     0.0000
logR            0.0149     0.0048     0.0000
logI           -0.9567     0.0689     0.0047
logL           -1.3393     0.0484     0.0023
logC            0.6648     0.0702     0.0049
logEX          -0.6778     0.0671     0.0045
logM           -0.8297     0.0534     0.0028
logD            1.7323     0.1863     0.0347
logD_star       1.4423     0.0269     0.0007
logN            1.3034     0.1736     0.0301
spread          0.0047     0.0012     0.0000
logDC           1.6703     0.1529     0.0234
logm            0.1964     0.0521     0.0027
leverage        1.3838     0.0621     0.0039
TB              0.0716     0.0490     0.0024
logcryp        -0.0724     0.0182     0.0003



VARIANCE DECOMPOSITION (in percent)
                 varepsilon_R      varepsilon_A  varepsilon_Rstar  varepsilon_Ystar            eps_Rc               vol
mc                      68.24             28.01              3.75              0.00              0.00              0.00
Pi                      48.99             29.82             21.20              0.00              0.00              0.00
Z                       27.36             68.99              3.65              0.00              0.00              0.00
w                       15.69             77.91              6.40              0.00              0.00              0.00
R                        5.25             30.67             64.08              0.00              0.00              0.00
epsilon                  1.38             71.19             27.43              0.00              0.00              0.00
Q                        2.81             66.23             30.96              0.00              0.00              0.00
Y                        4.57             87.34              8.09              0.00              0.00              0.00
M                       13.94              4.49             81.58              0.00              0.00              0.00
L                       15.69             77.91              6.40              0.00              0.00              0.00
C                        5.66             75.94             18.40              0.00              0.00              0.00
I                        2.81             66.23             30.96              0.00              0.00              0.00
K                        0.79             75.24             23.97              0.00              0.00              0.00
EX                       1.38             71.19             27.43              0.00              0.00              0.00
N                       13.79             14.46             71.75              0.00              0.00              0.00
K_b                     18.69              7.56             73.75              0.00              0.00              0.00
K_h                     21.56              7.23             71.22              0.00              0.00              0.00
D                        5.78              9.63             84.59              0.00              0.00              0.00
D_star                  42.89              5.48             51.63              0.00              0.00              0.00
x                        2.76              0.35             96.89              0.00              0.00              0.00
psi                     16.27              4.37             79.36              0.00              0.00              0.00
phi                     16.27              4.37             79.36              0.00              0.00              0.00
upsilon                 16.57              4.25             79.18              0.00              0.00              0.00
mu                      18.88              4.24             76.88              0.00              0.00              0.00
mu_star                  2.00              3.21             94.78              0.00              0.00              0.00
A                        0.00            100.00              0.00              0.00              0.00              0.00
R_star                   0.00              0.00            100.00              0.00              0.00              0.00
Y_star                   0.00              0.00              0.00            100.00              0.00              0.00
Phi                      5.86             29.69             64.45              0.00              0.00              0.00
Theta                   14.72             21.97             63.30              0.00              0.00              0.00
chi_h                   21.98              4.38             73.64              0.00              0.00              0.00
chi_b                    1.83              7.28             90.89              0.00              0.00              0.00
Ynet                     3.38             86.09             10.53              0.00              0.00              0.00
P_c                      0.00              0.00              0.00              0.00              0.00            100.00
R_dc                    28.96             42.85             28.19              0.00              0.00              0.00
theta_c                  0.00              0.00              0.00              0.00              0.00            100.00
cryp                     4.16             38.06             57.79              0.00              0.00              0.00
DC                       6.89             52.09             41.02              0.00              0.00              0.00
m                        4.30             87.96              7.74              0.00              0.00              0.00
R_c                      0.00              0.00              0.00              0.00              0.00            100.00
Lambda                  50.18             26.11             23.71              0.00              0.00              0.00
gam                      2.02             56.41             41.57              0.00              0.00              0.00
trs                      7.12             31.60             61.28              0.00              0.00              0.00
Lambda1                  0.47             73.60             25.94              0.00              0.00              0.00
sigma_Rc                 0.00              0.00              0.00              0.00            100.00              0.00
mu_cryp                  5.49             25.55             68.96              0.00              0.00              0.00
x_c                     15.06             20.24             64.70              0.00              0.00              0.00
DE                      14.84             21.09             64.07              0.00              0.00              0.00
logY                     4.57             87.34              8.09              0.00              0.00              0.00
logPi                   48.99             29.82             21.20              0.00              0.00              0.00
logR                     5.25             30.67             64.08              0.00              0.00              0.00
logI                     2.81             66.23             30.96              0.00              0.00              0.00
logL                    15.69             77.91              6.40              0.00              0.00              0.00
logC                     5.66             75.94             18.40              0.00              0.00              0.00
logEX                    1.38             71.19             27.43              0.00              0.00              0.00
logM                    13.94              4.49             81.58              0.00              0.00              0.00
logD                     5.78              9.63             84.59              0.00              0.00              0.00
logD_star               42.89              5.48             51.63              0.00              0.00              0.00
logN                    13.79             14.46             71.75              0.00              0.00              0.00
spread                  19.55              4.28             76.16              0.00              0.00              0.00
logDC                    6.89             52.09             41.02              0.00              0.00              0.00
logm                     4.30             87.96              7.74              0.00              0.00              0.00
leverage                16.27              4.37             79.36              0.00              0.00              0.00
TB                       2.01             36.09             61.90              0.00              0.00              0.00
logcryp                  4.16             38.06             57.79              0.00              0.00              0.00



MATRIX OF CORRELATIONS
Variables           mc         Pi          Z          w          R    epsilon          Q          Y          M          L          C          I          K         EX          N        K_b        K_h          D     D_star          x        psi        phi    upsilon         mu    mu_star          A     R_star      chi_h      chi_b       Ynet       cryp         DC          m     Lambda        gam        trs    Lambda1    mu_cryp        x_c         DE       logY      logPi       logR       logI       logL       logC      logEX       logM       logD  logD_star       logN     spread      logDC       logm   leverage         TB    logcryp
mc              1.0000     0.9372     0.2944     0.2072    -0.0015    -0.0078    -0.1621    -0.0195     0.2604     0.2072     0.0070    -0.1621    -0.0374    -0.0078    -0.0516     0.0050    -0.0299    -0.0815     0.1527     0.0796     0.0306     0.0306     0.0319     0.0133     0.1285    -0.2701     0.1674    -0.0270     0.0790    -0.0635    -0.0329     0.0285    -0.0092     0.6393     0.1095    -0.0440     0.1905     0.0035     0.0666     0.1722    -0.0195     0.9372    -0.0015    -0.1621     0.2072     0.0070    -0.0078     0.2604    -0.0815     0.1527    -0.0516    -0.0009     0.0285    -0.0092     0.0306    -0.1290    -0.0329
Pi              0.9372     1.0000     0.0826    -0.0445     0.3452     0.0048    -0.4468    -0.2622    -0.0599    -0.0445    -0.2748    -0.4468    -0.2275     0.0048    -0.3725    -0.3015     0.2087    -0.4084     0.2312     0.3783     0.3326     0.3326     0.3327     0.3040     0.3810    -0.3997     0.4531     0.2256     0.3172    -0.3125    -0.3735    -0.3009    -0.2411     0.3354     0.4252     0.3042     0.4660     0.3506     0.3835     0.2231    -0.2622     1.0000     0.3452    -0.4468    -0.0445    -0.2748     0.0048    -0.0599    -0.4084     0.2312    -0.3725     0.2893    -0.3009    -0.2411     0.3326     0.0317    -0.3735
Z               0.2944     0.0826     1.0000     0.8721    -0.6291     0.5760     0.8086     0.8232     0.3313     0.8721     0.7957     0.8086     0.2589     0.5760     0.4862     0.3125    -0.2014     0.3949    -0.0501    -0.1810    -0.3690    -0.3690    -0.3638    -0.3634     0.0516     0.7694    -0.1461    -0.2207     0.0729     0.8088     0.6513     0.7413     0.7945     0.7045    -0.6859    -0.6546    -0.6861    -0.6026    -0.5115     0.0863     0.8232     0.0826    -0.6291     0.8086     0.8721     0.7957     0.5760     0.3313     0.3949    -0.0501     0.4862    -0.3705     0.7413     0.7945    -0.3690     0.2427     0.6513
w               0.2072    -0.0445     0.8721     1.0000    -0.7554     0.6719     0.8404     0.9741     0.3655     1.0000     0.9656     0.8404     0.6983     0.6719     0.5934     0.4921    -0.1309     0.5385    -0.2527    -0.2892    -0.4200    -0.4200    -0.4157    -0.3747    -0.1031     0.8203    -0.2011    -0.1833    -0.0019     0.9623     0.7942     0.8876     0.9729     0.7436    -0.8631    -0.7735    -0.8917    -0.7203    -0.6440     0.0297     0.9741    -0.0445    -0.7554     0.8404     1.0000     0.9656     0.6719     0.3655     0.5385    -0.2527     0.5934    -0.3733     0.8876     0.9729    -0.4200     0.2931     0.7942
R              -0.0015     0.3452    -0.6291    -0.7554     1.0000    -0.0728    -0.8918    -0.7716    -0.8226    -0.7554    -0.8638    -0.8918    -0.5821    -0.0728    -0.9188    -0.8512     0.6277    -0.9278     0.2466     0.8157     0.8412     0.8412     0.8376     0.8041     0.6732    -0.5129     0.7930     0.6708     0.6154    -0.7944    -0.9962    -0.9704    -0.7399    -0.7680     0.9567     0.9989     0.8726     0.9966     0.9185     0.1602    -0.7716     0.3452     1.0000    -0.8918    -0.7554    -0.8638    -0.0728    -0.8226    -0.9278     0.2466    -0.9188     0.8004    -0.9704    -0.7399     0.8412     0.3399    -0.9962
epsilon        -0.0078     0.0048     0.5760     0.6719    -0.0728     1.0000     0.3856     0.6885    -0.4437     0.6719     0.5602     0.3856     0.4763     1.0000    -0.0684    -0.1685     0.5038    -0.1651    -0.1130     0.4450     0.2652     0.2652     0.2673     0.3001     0.5750     0.8205     0.5198     0.4673     0.6866     0.6587     0.1503     0.3082     0.7173     0.1025    -0.3300    -0.0890    -0.4974    -0.0233    -0.0192     0.1599     0.6885     0.0048    -0.0728     0.3856     0.6719     0.5602     1.0000    -0.4437    -0.1651    -0.1130    -0.0684     0.3027     0.3082     0.7173     0.2652     0.9050     0.1503
Q              -0.1621    -0.4468     0.8086     0.8404    -0.8918     0.3856     1.0000     0.8964     0.5324     0.8404     0.9195     1.0000     0.4877     0.3856     0.8169     0.6702    -0.4754     0.7690    -0.1839    -0.5778    -0.7032    -0.7032    -0.6994    -0.6758    -0.3747     0.8100    -0.5558    -0.5116    -0.3127     0.9159     0.9149     0.9344     0.8604     0.6004    -0.9416    -0.8918    -0.9263    -0.8817    -0.8397    -0.0769     0.8964    -0.4468    -0.8918     1.0000     0.8404     0.9195     0.3856     0.5324     0.7690    -0.1839     0.8169    -0.6729     0.9344     0.8604    -0.7032     0.0150     0.9149
Y              -0.0195    -0.2622     0.8232     0.9741    -0.7716     0.6885     0.8964     1.0000     0.3133     0.9741     0.9852     0.8964     0.7223     0.6885     0.6184     0.5018    -0.1268     0.5692    -0.2935    -0.3139    -0.4363    -0.4363    -0.4322    -0.3860    -0.1350     0.9008    -0.2442    -0.1811    -0.0202     0.9981     0.8193     0.9005     0.9964     0.6121    -0.9073    -0.7803    -0.9553    -0.7369    -0.6735    -0.0094     1.0000    -0.2622    -0.7716     0.8964     0.9741     0.9852     0.6885     0.3133     0.5692    -0.2935     0.6184    -0.3813     0.9005     0.9964    -0.4363     0.3294     0.8193
M               0.2604    -0.0599     0.3313     0.3655    -0.8226    -0.4437     0.5324     0.3133     1.0000     0.3655     0.4644     0.5324     0.2463    -0.4437     0.8041     0.8073    -0.7915     0.8591    -0.1638    -0.9092    -0.8415    -0.8415    -0.8390    -0.8306    -0.8473    -0.0386    -0.8966    -0.8091    -0.8652     0.3366     0.7720     0.6866     0.2757     0.7709    -0.6296    -0.8242    -0.4539    -0.8423    -0.7551    -0.1650     0.3133    -0.0599    -0.8226     0.5324     0.3655     0.4644    -0.4437     1.0000     0.8591    -0.1638     0.8041    -0.8321     0.6866     0.2757    -0.8415    -0.7828     0.7720
L               0.2072    -0.0445     0.8721     1.0000    -0.7554     0.6719     0.8404     0.9741     0.3655     1.0000     0.9656     0.8404     0.6983     0.6719     0.5934     0.4921    -0.1309     0.5385    -0.2527    -0.2892    -0.4200    -0.4200    -0.4157    -0.3747    -0.1031     0.8203    -0.2011    -0.1833    -0.0019     0.9623     0.7942     0.8876     0.9729     0.7436    -0.8631    -0.7735    -0.8917    -0.7203    -0.6440     0.0297     0.9741    -0.0445    -0.7554     0.8404     1.0000     0.9656     0.6719     0.3655     0.5385    -0.2527     0.5934    -0.3733     0.8876     0.9729    -0.4200     0.2931     0.7942
C               0.0070    -0.2748     0.7957     0.9656    -0.8638     0.5602     0.9195     0.9852     0.4644     0.9656     1.0000     0.9195     0.7472     0.5602     0.7188     0.6187    -0.2484     0.6881    -0.3241    -0.4606    -0.5531    -0.5531    -0.5490    -0.5010    -0.2919     0.8255    -0.3895    -0.3044    -0.1816     0.9884     0.9006     0.9593     0.9779     0.6921    -0.9603    -0.8708    -0.9770    -0.8347    -0.7630    -0.0446     0.9852    -0.2748    -0.8638     0.9195     0.9656     1.0000     0.5602     0.4644     0.6881    -0.3241     0.7188    -0.4959     0.9593     0.9779    -0.5531     0.1686     0.9006
I              -0.1621    -0.4468     0.8086     0.8404    -0.8918     0.3856     1.0000     0.8964     0.5324     0.8404     0.9195     1.0000     0.4877     0.3856     0.8169     0.6702    -0.4754     0.7690    -0.1839    -0.5778    -0.7032    -0.7032    -0.6994    -0.6758    -0.3747     0.8100    -0.5558    -0.5116    -0.3127     0.9159     0.9149     0.9344     0.8604     0.6004    -0.9416    -0.8918    -0.9263    -0.8817    -0.8397    -0.0769     0.8964    -0.4468    -0.8918     1.0000     0.8404     0.9195     0.3856     0.5324     0.7690    -0.1839     0.8169    -0.6729     0.9344     0.8604    -0.7032     0.0150     0.9149
K              -0.0374    -0.2275     0.2589     0.6983    -0.5821     0.4763     0.4877     0.7223     0.2463     0.6983     0.7472     0.4877     1.0000     0.4763     0.4742     0.5268     0.0220     0.4999    -0.4264    -0.3212    -0.3042    -0.3042    -0.3033    -0.2230    -0.2929     0.4983    -0.1999    -0.0534    -0.1246     0.7214     0.6260     0.6762     0.7608     0.4356    -0.7103    -0.5800    -0.7653    -0.5525    -0.5362    -0.0727     0.7223    -0.2275    -0.5821     0.4877     0.6983     0.7472     0.4763     0.2463     0.4999    -0.4264     0.4742    -0.2096     0.6762     0.7608    -0.3042     0.2138     0.6260
EX             -0.0078     0.0048     0.5760     0.6719    -0.0728     1.0000     0.3856     0.6885    -0.4437     0.6719     0.5602     0.3856     0.4763     1.0000    -0.0684    -0.1685     0.5038    -0.1651    -0.1130     0.4450     0.2652     0.2652     0.2673     0.3001     0.5750     0.8205     0.5198     0.4673     0.6866     0.6587     0.1503     0.3082     0.7173     0.1025    -0.3300    -0.0890    -0.4974    -0.0233    -0.0192     0.1599     0.6885     0.0048    -0.0728     0.3856     0.6719     0.5602     1.0000    -0.4437    -0.1651    -0.1130    -0.0684     0.3027     0.3082     0.7173     0.2652     0.9050     0.1503
N              -0.0516    -0.3725     0.4862     0.5934    -0.9188    -0.0684     0.8169     0.6184     0.8041     0.5934     0.7188     0.8169     0.4742    -0.0684     1.0000     0.9698    -0.8365     0.9802    -0.0682    -0.8940    -0.9750    -0.9750    -0.9742    -0.9559    -0.7352     0.3760    -0.8319    -0.8712    -0.6996     0.6520     0.9049     0.8548     0.5806     0.6640    -0.8441    -0.9137    -0.7439    -0.9464    -0.9953    -0.1284     0.6184    -0.3725    -0.9188     0.8169     0.5934     0.7188    -0.0684     0.8041     0.9802    -0.0682     1.0000    -0.9523     0.8548     0.5806    -0.9750    -0.4292     0.9049
K_b             0.0050    -0.3015     0.3125     0.4921    -0.8512    -0.1685     0.6702     0.5018     0.8073     0.4921     0.6187     0.6702     0.5268    -0.1685     0.9698     1.0000    -0.8382     0.9653    -0.0555    -0.9089    -0.9613    -0.9613    -0.9617    -0.9381    -0.7878     0.2063    -0.8236    -0.8769    -0.7461     0.5348     0.8308     0.7695     0.4749     0.6406    -0.7568    -0.8451    -0.6472    -0.8856    -0.9639    -0.1349     0.5018    -0.3015    -0.8512     0.6702     0.4921     0.6187    -0.1685     0.8073     0.9653    -0.0555     0.9698    -0.9332     0.7695     0.4749    -0.9613    -0.5002     0.8308
K_h            -0.0299     0.2087    -0.2014    -0.1309     0.6277     0.5038    -0.4754    -0.1268    -0.7915    -0.1309    -0.2484    -0.4754     0.0220     0.5038    -0.8365    -0.8382     1.0000    -0.8147    -0.2084     0.8630     0.9355     0.9355     0.9366     0.9603     0.7387     0.0771     0.8404     0.9972     0.7976    -0.1662    -0.5755    -0.4713    -0.0704    -0.4740     0.4345     0.6219     0.2703     0.6872     0.7898     0.1120    -0.1268     0.2087     0.6277    -0.4754    -0.1309    -0.2484     0.5038    -0.7915    -0.8147    -0.2084    -0.8365     0.9631    -0.4713    -0.0704     0.9355     0.7256    -0.5755
D              -0.0815    -0.4084     0.3949     0.5385    -0.9278    -0.1651     0.7690     0.5692     0.8591     0.5385     0.6881     0.7690     0.4999    -0.1651     0.9802     0.9653    -0.8147     1.0000    -0.2128    -0.9526    -0.9608    -0.9608    -0.9598    -0.9331    -0.8437     0.2969    -0.8888    -0.8514    -0.8007     0.6055     0.9103     0.8435     0.5372     0.6453    -0.8406    -0.9184    -0.7322    -0.9520    -0.9679    -0.1563     0.5692    -0.4084    -0.9278     0.7690     0.5385     0.6881    -0.1651     0.8591     1.0000    -0.2128     0.9802    -0.9275     0.8435     0.5372    -0.9608    -0.5224     0.9103
D_star          0.1527     0.2312    -0.0501    -0.2527     0.2466    -0.1130    -0.1839    -0.2935    -0.1638    -0.2527    -0.3241    -0.1839    -0.4264    -0.1130    -0.0682    -0.0555    -0.2084    -0.2128     1.0000     0.2399    -0.0148    -0.0148    -0.0170    -0.0783     0.3930    -0.2014     0.0943    -0.1760     0.2854    -0.2970    -0.2757    -0.2836    -0.3371    -0.0881     0.3349     0.2347     0.3828     0.2122     0.0799    -0.0330    -0.2935     0.2312     0.2466    -0.1839    -0.2527    -0.3241    -0.1130    -0.1638    -0.2128     1.0000    -0.0682    -0.0898    -0.2836    -0.3371    -0.0148    -0.0007    -0.2757
x               0.0796     0.3783    -0.1810    -0.2892     0.8157     0.4450    -0.5778    -0.3139    -0.9092    -0.2892    -0.4606    -0.5778    -0.3212     0.4450    -0.8940    -0.9089     0.8630    -0.9526     0.2399     1.0000     0.9321     0.9321     0.9317     0.9139     0.9556    -0.0272     0.9510     0.8861     0.9444    -0.3555    -0.7786    -0.6719    -0.2802    -0.5459     0.6665     0.8016     0.5229     0.8502     0.8568     0.1787    -0.3139     0.3783     0.8157    -0.5778    -0.2892    -0.4606     0.4450    -0.9092    -0.9526     0.2399    -0.8940     0.9090    -0.6719    -0.2802     0.9321     0.7406    -0.7786
psi             0.0306     0.3326    -0.3690    -0.4200     0.8412     0.2652    -0.7032    -0.4363    -0.8415    -0.4200    -0.5531    -0.7032    -0.3042     0.2652    -0.9750    -0.9613     0.9355    -0.9608    -0.0148     0.9321     1.0000     1.0000     1.0000     0.9959     0.7902    -0.1931     0.8817     0.9573     0.7889    -0.4745    -0.8109    -0.7334    -0.3909    -0.6087     0.7140     0.8346     0.5827     0.8827     0.9522     0.1330    -0.4363     0.3326     0.8412    -0.7032    -0.4200    -0.5531     0.2652    -0.8415    -0.9608    -0.0148    -0.9750     0.9942    -0.7334    -0.3909     1.0000     0.5836    -0.8109
phi             0.0306     0.3326    -0.3690    -0.4200     0.8412     0.2652    -0.7032    -0.4363    -0.8415    -0.4200    -0.5531    -0.7032    -0.3042     0.2652    -0.9750    -0.9613     0.9355    -0.9608    -0.0148     0.9321     1.0000     1.0000     1.0000     0.9959     0.7902    -0.1931     0.8817     0.9573     0.7889    -0.4745    -0.8109    -0.7334    -0.3909    -0.6087     0.7140     0.8346     0.5827     0.8827     0.9522     0.1330    -0.4363     0.3326     0.8412    -0.7032    -0.4200    -0.5531     0.2652    -0.8415    -0.9608    -0.0148    -0.9750     0.9942    -0.7334    -0.3909     1.0000     0.5836    -0.8109
upsilon         0.0319     0.3327    -0.3638    -0.4157     0.8376     0.2673    -0.6994    -0.4322    -0.8390    -0.4157    -0.5490    -0.6994    -0.3033     0.2673    -0.9742    -0.9617     0.9366    -0.9598    -0.0170     0.9317     1.0000     1.0000     1.0000     0.9960     0.7903    -0.1894     0.8803     0.9583     0.7890    -0.4705    -0.8072    -0.7293    -0.3870    -0.6049     0.7102     0.8309     0.5791     0.8796     0.9515     0.1323    -0.4322     0.3327     0.8376    -0.6994    -0.4157    -0.5490     0.2673    -0.8390    -0.9598    -0.0170    -0.9742     0.9943    -0.7293    -0.3870     1.0000     0.5839    -0.8072
mu              0.0133     0.3040    -0.3634    -0.3747     0.8041     0.3001    -0.6758    -0.3860    -0.8306    -0.3747    -0.5010    -0.6758    -0.2230     0.3001    -0.9559    -0.9381     0.9603    -0.9331    -0.0783     0.9139     0.9959     0.9959     0.9960     1.0000     0.7646    -0.1576     0.8718     0.9760     0.7789    -0.4242    -0.7694    -0.6887    -0.3359    -0.5906     0.6636     0.7985     0.5253     0.8498     0.9284     0.1244    -0.3860     0.3040     0.8041    -0.6758    -0.3747    -0.5010     0.3001    -0.8306    -0.9331    -0.0783    -0.9559     0.9998    -0.6887    -0.3359     0.9959     0.6026    -0.7694
mu_star         0.1285     0.3810     0.0516    -0.1031     0.6732     0.5750    -0.3747    -0.1350    -0.8473    -0.1031    -0.2919    -0.3747    -0.2929     0.5750    -0.7352    -0.7878     0.7387    -0.8437     0.3930     0.9556     0.7902     0.7902     0.7903     0.7646     1.0000     0.1548     0.9006     0.7599     0.9828    -0.1771    -0.6335    -0.5092    -0.1159    -0.3968     0.5189     0.6532     0.3805     0.7049     0.6907     0.1901    -0.1350     0.3810     0.6732    -0.3747    -0.1031    -0.2919     0.5750    -0.8473    -0.8437     0.3930    -0.7352     0.7571    -0.5092    -0.1159     0.7902     0.8015    -0.6335
A              -0.2701    -0.3997     0.7694     0.8203    -0.5129     0.8205     0.8100     0.9008    -0.0386     0.8203     0.8255     0.8100     0.4983     0.8205     0.3760     0.2063     0.0771     0.2969    -0.2014    -0.0272    -0.1931    -0.1931    -0.1894    -0.1576     0.1548     1.0000     0.0000     0.0394     0.2557     0.8999     0.5782     0.6754     0.8935     0.2645    -0.7147    -0.5160    -0.8224    -0.4751    -0.4407     0.0290     0.9008    -0.3997    -0.5129     0.8100     0.8203     0.8255     0.8205    -0.0386     0.2969    -0.2014     0.3760    -0.1530     0.6754     0.8935    -0.1931     0.5881     0.5782
R_star          0.1674     0.4531    -0.1461    -0.2011     0.7930     0.5198    -0.5558    -0.2442    -0.8966    -0.2011    -0.3895    -0.5558    -0.1999     0.5198    -0.8319    -0.8236     0.8404    -0.8888     0.0943     0.9510     0.8817     0.8817     0.8803     0.8718     0.9006     0.0000     1.0000     0.8545     0.9142    -0.2888    -0.7492    -0.6245    -0.1954    -0.4720     0.6219     0.7757     0.4653     0.8227     0.7835     0.2619    -0.2442     0.4531     0.7930    -0.5558    -0.2011    -0.3895     0.5198    -0.8966    -0.8888     0.0943    -0.8319     0.8683    -0.6245    -0.1954     0.8817     0.7866    -0.7492
chi_h          -0.0270     0.2256    -0.2207    -0.1833     0.6708     0.4673    -0.5116    -0.1811    -0.8091    -0.1833    -0.3044    -0.5116    -0.0534     0.4673    -0.8712    -0.8769     0.9972    -0.8514    -0.1760     0.8861     0.9573     0.9573     0.9583     0.9760     0.7599     0.0394     0.8545     1.0000     0.8061    -0.2204    -0.6220    -0.5217    -0.1277    -0.5063     0.4875     0.6649     0.3277     0.7280     0.8292     0.1173    -0.1811     0.2256     0.6708    -0.5116    -0.1833    -0.3044     0.4673    -0.8091    -0.8514    -0.1760    -0.8712     0.9777    -0.5217    -0.1277     0.9573     0.7086    -0.6220
chi_b           0.0790     0.3172     0.0729    -0.0019     0.6154     0.6866    -0.3127    -0.0202    -0.8652    -0.0019    -0.1816    -0.3127    -0.1246     0.6866    -0.6996    -0.7461     0.7976    -0.8007     0.2854     0.9444     0.7889     0.7889     0.7890     0.7789     0.9828     0.2557     0.9142     0.8061     1.0000    -0.0628    -0.5633    -0.4264     0.0091    -0.3804     0.4219     0.5972     0.2600     0.6544     0.6411     0.1874    -0.0202     0.3172     0.6154    -0.3127    -0.0019    -0.1816     0.6866    -0.8652    -0.8007     0.2854    -0.6996     0.7745    -0.4264     0.0091     0.7889     0.8874    -0.5633
Ynet           -0.0635    -0.3125     0.8088     0.9623    -0.7944     0.6587     0.9159     0.9981     0.3366     0.9623     0.9884     0.9159     0.7214     0.6587     0.6520     0.5348    -0.1662     0.6055    -0.2970    -0.3555    -0.4745    -0.4745    -0.4705    -0.4242    -0.1771     0.8999    -0.2888    -0.2204    -0.0628     1.0000     0.8409     0.9137     0.9921     0.5999    -0.9254    -0.8007    -0.9693    -0.7625    -0.7052    -0.0232     0.9981    -0.3125    -0.7944     0.9159     0.9623     0.9884     0.6587     0.3366     0.6055    -0.2970     0.6520    -0.4189     0.9137     0.9921    -0.4745     0.2976     0.8409
cryp           -0.0329    -0.3735     0.6513     0.7942    -0.9962     0.1503     0.9149     0.8193     0.7720     0.7942     0.9006     0.9149     0.6260     0.1503     0.9049     0.8308    -0.5755     0.9103    -0.2757    -0.7786    -0.8109    -0.8109    -0.8072    -0.7694    -0.6335     0.5782    -0.7492    -0.6220    -0.5633     0.8409     1.0000     0.9848     0.7912     0.7468    -0.9785    -0.9947    -0.9121    -0.9887    -0.9123    -0.1510     0.8193    -0.3735    -0.9962     0.9149     0.7942     0.9006     0.1503     0.7720     0.9103    -0.2757     0.9049    -0.7647     0.9848     0.7912    -0.8109    -0.2621     1.0000
DC              0.0285    -0.3009     0.7413     0.8876    -0.9704     0.3082     0.9344     0.9005     0.6866     0.8876     0.9593     0.9344     0.6762     0.3082     0.8548     0.7695    -0.4713     0.8435    -0.2836    -0.6719    -0.7334    -0.7334    -0.7293    -0.6887    -0.5092     0.6754    -0.6245    -0.5217    -0.4264     0.9137     0.9848     1.0000     0.8791     0.7746    -0.9891    -0.9742    -0.9480    -0.9546    -0.8752    -0.1065     0.9005    -0.3009    -0.9704     0.9344     0.8876     0.9593     0.3082     0.6866     0.8435    -0.2836     0.8548    -0.6846     1.0000     0.8791    -0.7334    -0.1119     0.9848
m              -0.0092    -0.2411     0.7945     0.9729    -0.7399     0.7173     0.8604     0.9964     0.2757     0.9729     0.9779     0.8604     0.7608     0.7173     0.5806     0.4749    -0.0704     0.5372    -0.3371    -0.2802    -0.3909    -0.3909    -0.3870    -0.3359    -0.1159     0.8935    -0.1954    -0.1277     0.0091     0.9921     0.7912     0.8791     1.0000     0.5949    -0.8888    -0.7488    -0.9474    -0.7025    -0.6401     0.0035     0.9964    -0.2411    -0.7399     0.8604     0.9729     0.9779     0.7173     0.2757     0.5372    -0.3371     0.5806    -0.3303     0.8791     1.0000    -0.3909     0.3673     0.7912
Lambda          0.6393     0.3354     0.7045     0.7436    -0.7680     0.1025     0.6004     0.6121     0.7709     0.7436     0.6921     0.6004     0.4356     0.1025     0.6640     0.6406    -0.4740     0.6453    -0.0881    -0.5459    -0.6087    -0.6087    -0.6049    -0.5906    -0.3968     0.2645    -0.4720    -0.5063    -0.3804     0.5999     0.7468     0.7746     0.5949     1.0000    -0.6765    -0.7953    -0.5686    -0.7597    -0.6583    -0.0046     0.6121     0.3354    -0.7680     0.6004     0.7436     0.6921     0.1025     0.7709     0.6453    -0.0881     0.6640    -0.5969     0.7746     0.5949    -0.6087    -0.2947     0.7468
gam             0.1095     0.4252    -0.6859    -0.8631     0.9567    -0.3300    -0.9416    -0.9073    -0.6296    -0.8631    -0.9603    -0.9416    -0.7103    -0.3300    -0.8441    -0.7568     0.4345    -0.8406     0.3349     0.6665     0.7140     0.7140     0.7102     0.6636     0.5189    -0.7147     0.6219     0.4875     0.4219    -0.9254    -0.9785    -0.9891    -0.8888    -0.6765     1.0000     0.9545     0.9770     0.9398     0.8697     0.1239    -0.9073     0.4252     0.9567    -0.9416    -0.8631    -0.9603    -0.3300    -0.6296    -0.8406     0.3349    -0.8441     0.6569    -0.9891    -0.8888     0.7140     0.0697    -0.9785
trs            -0.0440     0.3042    -0.6546    -0.7735     0.9989    -0.0890    -0.8918    -0.7803    -0.8242    -0.7735    -0.8708    -0.8918    -0.5800    -0.0890    -0.9137    -0.8451     0.6219    -0.9184     0.2347     0.8016     0.8346     0.8346     0.8309     0.7985     0.6532    -0.5160     0.7757     0.6649     0.5972    -0.8007    -0.9947    -0.9742    -0.7488    -0.7953     0.9545     1.0000     0.8695     0.9947     0.9139     0.1497    -0.7803     0.3042     0.9989    -0.8918    -0.7735    -0.8708    -0.0890    -0.8242    -0.9184     0.2347    -0.9137     0.7955    -0.9742    -0.7488     0.8346     0.3294    -0.9947
Lambda1         0.1905     0.4660    -0.6861    -0.8917     0.8726    -0.4974    -0.9263    -0.9553    -0.4539    -0.8917    -0.9770    -0.9263    -0.7653    -0.4974    -0.7439    -0.6472     0.2703    -0.7322     0.3828     0.5229     0.5827     0.5827     0.5791     0.5253     0.3805    -0.8224     0.4653     0.3277     0.2600    -0.9693    -0.9121    -0.9480    -0.9474    -0.5686     0.9770     0.8695     1.0000     0.8469     0.7870     0.0921    -0.9553     0.4660     0.8726    -0.9263    -0.8917    -0.9770    -0.4974    -0.4539    -0.7322     0.3828    -0.7439     0.5167    -0.9480    -0.9474     0.5827    -0.1299    -0.9121
mu_cryp         0.0035     0.3506    -0.6026    -0.7203     0.9966    -0.0233    -0.8817    -0.7369    -0.8423    -0.7203    -0.8347    -0.8817    -0.5525    -0.0233    -0.9464    -0.8856     0.6872    -0.9520     0.2122     0.8502     0.8827     0.8827     0.8796     0.8498     0.7049    -0.4751     0.8227     0.7280     0.6544    -0.7625    -0.9887    -0.9546    -0.7025    -0.7597     0.9398     0.9947     0.8469     1.0000     0.9427     0.1594    -0.7369     0.3506     0.9966    -0.8817    -0.7203    -0.8347    -0.0233    -0.8423    -0.9520     0.2122    -0.9464     0.8462    -0.9546    -0.7025     0.8827     0.3836    -0.9887
x_c             0.0666     0.3835    -0.5115    -0.6440     0.9185    -0.0192    -0.8397    -0.6735    -0.7551    -0.6440    -0.7630    -0.8397    -0.5362    -0.0192    -0.9953    -0.9639     0.7898    -0.9679     0.0799     0.8568     0.9522     0.9522     0.9515     0.9284     0.6907    -0.4407     0.7835     0.8292     0.6411    -0.7052    -0.9123    -0.8752    -0.6401    -0.6583     0.8697     0.9139     0.7870     0.9427     1.0000     0.1163    -0.6735     0.3835     0.9185    -0.8397    -0.6440    -0.7630    -0.0192    -0.7551    -0.9679     0.0799    -0.9953     0.9240    -0.8752    -0.6401     0.9522     0.3451    -0.9123
DE              0.1722     0.2231     0.0863     0.0297     0.1602     0.1599    -0.0769    -0.0094    -0.1650     0.0297    -0.0446    -0.0769    -0.0727     0.1599    -0.1284    -0.1349     0.1120    -0.1563    -0.0330     0.1787     0.1330     0.1330     0.1323     0.1244     0.1901     0.0290     0.2619     0.1173     0.1874    -0.0232    -0.1510    -0.1065     0.0035    -0.0046     0.1239     0.1497     0.0921     0.1594     0.1163     1.0000    -0.0094     0.2231     0.1602    -0.0769     0.0297    -0.0446     0.1599    -0.1650    -0.1563    -0.0330    -0.1284     0.1214    -0.1065     0.0035     0.1330     0.1893    -0.1510
logY           -0.0195    -0.2622     0.8232     0.9741    -0.7716     0.6885     0.8964     1.0000     0.3133     0.9741     0.9852     0.8964     0.7223     0.6885     0.6184     0.5018    -0.1268     0.5692    -0.2935    -0.3139    -0.4363    -0.4363    -0.4322    -0.3860    -0.1350     0.9008    -0.2442    -0.1811    -0.0202     0.9981     0.8193     0.9005     0.9964     0.6121    -0.9073    -0.7803    -0.9553    -0.7369    -0.6735    -0.0094     1.0000    -0.2622    -0.7716     0.8964     0.9741     0.9852     0.6885     0.3133     0.5692    -0.2935     0.6184    -0.3813     0.9005     0.9964    -0.4363     0.3294     0.8193
logPi           0.9372     1.0000     0.0826    -0.0445     0.3452     0.0048    -0.4468    -0.2622    -0.0599    -0.0445    -0.2748    -0.4468    -0.2275     0.0048    -0.3725    -0.3015     0.2087    -0.4084     0.2312     0.3783     0.3326     0.3326     0.3327     0.3040     0.3810    -0.3997     0.4531     0.2256     0.3172    -0.3125    -0.3735    -0.3009    -0.2411     0.3354     0.4252     0.3042     0.4660     0.3506     0.3835     0.2231    -0.2622     1.0000     0.3452    -0.4468    -0.0445    -0.2748     0.0048    -0.0599    -0.4084     0.2312    -0.3725     0.2893    -0.3009    -0.2411     0.3326     0.0317    -0.3735
logR           -0.0015     0.3452    -0.6291    -0.7554     1.0000    -0.0728    -0.8918    -0.7716    -0.8226    -0.7554    -0.8638    -0.8918    -0.5821    -0.0728    -0.9188    -0.8512     0.6277    -0.9278     0.2466     0.8157     0.8412     0.8412     0.8376     0.8041     0.6732    -0.5129     0.7930     0.6708     0.6154    -0.7944    -0.9962    -0.9704    -0.7399    -0.7680     0.9567     0.9989     0.8726     0.9966     0.9185     0.1602    -0.7716     0.3452     1.0000    -0.8918    -0.7554    -0.8638    -0.0728    -0.8226    -0.9278     0.2466    -0.9188     0.8004    -0.9704    -0.7399     0.8412     0.3399    -0.9962
logI           -0.1621    -0.4468     0.8086     0.8404    -0.8918     0.3856     1.0000     0.8964     0.5324     0.8404     0.9195     1.0000     0.4877     0.3856     0.8169     0.6702    -0.4754     0.7690    -0.1839    -0.5778    -0.7032    -0.7032    -0.6994    -0.6758    -0.3747     0.8100    -0.5558    -0.5116    -0.3127     0.9159     0.9149     0.9344     0.8604     0.6004    -0.9416    -0.8918    -0.9263    -0.8817    -0.8397    -0.0769     0.8964    -0.4468    -0.8918     1.0000     0.8404     0.9195     0.3856     0.5324     0.7690    -0.1839     0.8169    -0.6729     0.9344     0.8604    -0.7032     0.0150     0.9149
logL            0.2072    -0.0445     0.8721     1.0000    -0.7554     0.6719     0.8404     0.9741     0.3655     1.0000     0.9656     0.8404     0.6983     0.6719     0.5934     0.4921    -0.1309     0.5385    -0.2527    -0.2892    -0.4200    -0.4200    -0.4157    -0.3747    -0.1031     0.8203    -0.2011    -0.1833    -0.0019     0.9623     0.7942     0.8876     0.9729     0.7436    -0.8631    -0.7735    -0.8917    -0.7203    -0.6440     0.0297     0.9741    -0.0445    -0.7554     0.8404     1.0000     0.9656     0.6719     0.3655     0.5385    -0.2527     0.5934    -0.3733     0.8876     0.9729    -0.4200     0.2931     0.7942
logC            0.0070    -0.2748     0.7957     0.9656    -0.8638     0.5602     0.9195     0.9852     0.4644     0.9656     1.0000     0.9195     0.7472     0.5602     0.7188     0.6187    -0.2484     0.6881    -0.3241    -0.4606    -0.5531    -0.5531    -0.5490    -0.5010    -0.2919     0.8255    -0.3895    -0.3044    -0.1816     0.9884     0.9006     0.9593     0.9779     0.6921    -0.9603    -0.8708    -0.9770    -0.8347    -0.7630    -0.0446     0.9852    -0.2748    -0.8638     0.9195     0.9656     1.0000     0.5602     0.4644     0.6881    -0.3241     0.7188    -0.4959     0.9593     0.9779    -0.5531     0.1686     0.9006
logEX          -0.0078     0.0048     0.5760     0.6719    -0.0728     1.0000     0.3856     0.6885    -0.4437     0.6719     0.5602     0.3856     0.4763     1.0000    -0.0684    -0.1685     0.5038    -0.1651    -0.1130     0.4450     0.2652     0.2652     0.2673     0.3001     0.5750     0.8205     0.5198     0.4673     0.6866     0.6587     0.1503     0.3082     0.7173     0.1025    -0.3300    -0.0890    -0.4974    -0.0233    -0.0192     0.1599     0.6885     0.0048    -0.0728     0.3856     0.6719     0.5602     1.0000    -0.4437    -0.1651    -0.1130    -0.0684     0.3027     0.3082     0.7173     0.2652     0.9050     0.1503
logM            0.2604    -0.0599     0.3313     0.3655    -0.8226    -0.4437     0.5324     0.3133     1.0000     0.3655     0.4644     0.5324     0.2463    -0.4437     0.8041     0.8073    -0.7915     0.8591    -0.1638    -0.9092    -0.8415    -0.8415    -0.8390    -0.8306    -0.8473    -0.0386    -0.8966    -0.8091    -0.8652     0.3366     0.7720     0.6866     0.2757     0.7709    -0.6296    -0.8242    -0.4539    -0.8423    -0.7551    -0.1650     0.3133    -0.0599    -0.8226     0.5324     0.3655     0.4644    -0.4437     1.0000     0.8591    -0.1638     0.8041    -0.8321     0.6866     0.2757    -0.8415    -0.7828     0.7720
logD           -0.0815    -0.4084     0.3949     0.5385    -0.9278    -0.1651     0.7690     0.5692     0.8591     0.5385     0.6881     0.7690     0.4999    -0.1651     0.9802     0.9653    -0.8147     1.0000    -0.2128    -0.9526    -0.9608    -0.9608    -0.9598    -0.9331    -0.8437     0.2969    -0.8888    -0.8514    -0.8007     0.6055     0.9103     0.8435     0.5372     0.6453    -0.8406    -0.9184    -0.7322    -0.9520    -0.9679    -0.1563     0.5692    -0.4084    -0.9278     0.7690     0.5385     0.6881    -0.1651     0.8591     1.0000    -0.2128     0.9802    -0.9275     0.8435     0.5372    -0.9608    -0.5224     0.9103
logD_star       0.1527     0.2312    -0.0501    -0.2527     0.2466    -0.1130    -0.1839    -0.2935    -0.1638    -0.2527    -0.3241    -0.1839    -0.4264    -0.1130    -0.0682    -0.0555    -0.2084    -0.2128     1.0000     0.2399    -0.0148    -0.0148    -0.0170    -0.0783     0.3930    -0.2014     0.0943    -0.1760     0.2854    -0.2970    -0.2757    -0.2836    -0.3371    -0.0881     0.3349     0.2347     0.3828     0.2122     0.0799    -0.0330    -0.2935     0.2312     0.2466    -0.1839    -0.2527    -0.3241    -0.1130    -0.1638    -0.2128     1.0000    -0.0682    -0.0898    -0.2836    -0.3371    -0.0148    -0.0007    -0.2757
logN           -0.0516    -0.3725     0.4862     0.5934    -0.9188    -0.0684     0.8169     0.6184     0.8041     0.5934     0.7188     0.8169     0.4742    -0.0684     1.0000     0.9698    -0.8365     0.9802    -0.0682    -0.8940    -0.9750    -0.9750    -0.9742    -0.9559    -0.7352     0.3760    -0.8319    -0.8712    -0.6996     0.6520     0.9049     0.8548     0.5806     0.6640    -0.8441    -0.9137    -0.7439    -0.9464    -0.9953    -0.1284     0.6184    -0.3725    -0.9188     0.8169     0.5934     0.7188    -0.0684     0.8041     0.9802    -0.0682     1.0000    -0.9523     0.8548     0.5806    -0.9750    -0.4292     0.9049
spread         -0.0009     0.2893    -0.3705    -0.3733     0.8004     0.3027    -0.6729    -0.3813    -0.8321    -0.3733    -0.4959    -0.6729    -0.2096     0.3027    -0.9523    -0.9332     0.9631    -0.9275    -0.0898     0.9090     0.9942     0.9942     0.9943     0.9998     0.7571    -0.1530     0.8683     0.9777     0.7745    -0.4189    -0.7647    -0.6846    -0.3303    -0.5969     0.6569     0.7955     0.5167     0.8462     0.9240     0.1214    -0.3813     0.2893     0.8004    -0.6729    -0.3733    -0.4959     0.3027    -0.8321    -0.9275    -0.0898    -0.9523     1.0000    -0.6846    -0.3303     0.9942     0.6051    -0.7647
logDC           0.0285    -0.3009     0.7413     0.8876    -0.9704     0.3082     0.9344     0.9005     0.6866     0.8876     0.9593     0.9344     0.6762     0.3082     0.8548     0.7695    -0.4713     0.8435    -0.2836    -0.6719    -0.7334    -0.7334    -0.7293    -0.6887    -0.5092     0.6754    -0.6245    -0.5217    -0.4264     0.9137     0.9848     1.0000     0.8791     0.7746    -0.9891    -0.9742    -0.9480    -0.9546    -0.8752    -0.1065     0.9005    -0.3009    -0.9704     0.9344     0.8876     0.9593     0.3082     0.6866     0.8435    -0.2836     0.8548    -0.6846     1.0000     0.8791    -0.7334    -0.1119     0.9848
logm           -0.0092    -0.2411     0.7945     0.9729    -0.7399     0.7173     0.8604     0.9964     0.2757     0.9729     0.9779     0.8604     0.7608     0.7173     0.5806     0.4749    -0.0704     0.5372    -0.3371    -0.2802    -0.3909    -0.3909    -0.3870    -0.3359    -0.1159     0.8935    -0.1954    -0.1277     0.0091     0.9921     0.7912     0.8791     1.0000     0.5949    -0.8888    -0.7488    -0.9474    -0.7025    -0.6401     0.0035     0.9964    -0.2411    -0.7399     0.8604     0.9729     0.9779     0.7173     0.2757     0.5372    -0.3371     0.5806    -0.3303     0.8791     1.0000    -0.3909     0.3673     0.7912
leverage        0.0306     0.3326    -0.3690    -0.4200     0.8412     0.2652    -0.7032    -0.4363    -0.8415    -0.4200    -0.5531    -0.7032    -0.3042     0.2652    -0.9750    -0.9613     0.9355    -0.9608    -0.0148     0.9321     1.0000     1.0000     1.0000     0.9959     0.7902    -0.1931     0.8817     0.9573     0.7889    -0.4745    -0.8109    -0.7334    -0.3909    -0.6087     0.7140     0.8346     0.5827     0.8827     0.9522     0.1330    -0.4363     0.3326     0.8412    -0.7032    -0.4200    -0.5531     0.2652    -0.8415    -0.9608    -0.0148    -0.9750     0.9942    -0.7334    -0.3909     1.0000     0.5836    -0.8109
TB             -0.1290     0.0317     0.2427     0.2931     0.3399     0.9050     0.0150     0.3294    -0.7828     0.2931     0.1686     0.0150     0.2138     0.9050    -0.4292    -0.5002     0.7256    -0.5224    -0.0007     0.7406     0.5836     0.5836     0.5839     0.6026     0.8015     0.5881     0.7866     0.7086     0.8874     0.2976    -0.2621    -0.1119     0.3673    -0.2947     0.0697     0.3294    -0.1299     0.3836     0.3451     0.1893     0.3294     0.0317     0.3399     0.0150     0.2931     0.1686     0.9050    -0.7828    -0.5224    -0.0007    -0.4292     0.6051    -0.1119     0.3673     0.5836     1.0000    -0.2621
logcryp        -0.0329    -0.3735     0.6513     0.7942    -0.9962     0.1503     0.9149     0.8193     0.7720     0.7942     0.9006     0.9149     0.6260     0.1503     0.9049     0.8308    -0.5755     0.9103    -0.2757    -0.7786    -0.8109    -0.8109    -0.8072    -0.7694    -0.6335     0.5782    -0.7492    -0.6220    -0.5633     0.8409     1.0000     0.9848     0.7912     0.7468    -0.9785    -0.9947    -0.9121    -0.9887    -0.9123    -0.1510     0.8193    -0.3735    -0.9962     0.9149     0.7942     0.9006     0.1503     0.7720     0.9103    -0.2757     0.9049    -0.7647     0.9848     0.7912    -0.8109    -0.2621     1.0000



COEFFICIENTS OF AUTOCORRELATION
Order              1        2        3        4        5
mc            0.4497   0.2065   0.0986   0.0505   0.0287
Pi            0.5612   0.3593   0.2624   0.2126   0.1841
Z             0.8291   0.7262   0.6550   0.5993   0.5519
w             0.9022   0.8422   0.7997   0.7655   0.7356
R             0.9173   0.8479   0.7873   0.7331   0.6842
epsilon       0.9470   0.8969   0.8500   0.8063   0.7655
Q             0.9376   0.8757   0.8165   0.7608   0.7087
Y             0.9597   0.9227   0.8879   0.8550   0.8237
M             0.8333   0.7239   0.6432   0.5784   0.5235
L             0.9022   0.8422   0.7997   0.7655   0.7356
C             0.9523   0.9119   0.8757   0.8423   0.8110
I             0.9376   0.8757   0.8165   0.7608   0.7087
K             0.9993   0.9973   0.9940   0.9897   0.9844
EX            0.9470   0.8969   0.8500   0.8063   0.7655
N             0.9300   0.8658   0.8067   0.7523   0.7022
K_b           0.9431   0.8901   0.8407   0.7947   0.7519
K_h           0.9233   0.8525   0.7871   0.7269   0.6714
D             0.9332   0.8719   0.8156   0.7639   0.7162
D_star        0.9927   0.9822   0.9702   0.9575   0.9446
x             0.9295   0.8650   0.8060   0.7520   0.7025
psi           0.9231   0.8526   0.7878   0.7283   0.6735
phi           0.9231   0.8526   0.7878   0.7283   0.6735
upsilon       0.9237   0.8535   0.7890   0.7297   0.6751
mu            0.9201   0.8469   0.7797   0.7181   0.6614
mu_star       0.9430   0.8913   0.8441   0.8008   0.7608
A             0.9500   0.9025   0.8574   0.8145   0.7738
R_star        0.9000   0.8100   0.7290   0.6561   0.5905
chi_h         0.9233   0.8524   0.7870   0.7267   0.6711
chi_b         0.9355   0.8764   0.8223   0.7726   0.7271
Ynet          0.9632   0.9270   0.8918   0.8581   0.8259
cryp          0.9295   0.8679   0.8127   0.7627   0.7171
DC            0.9292   0.8721   0.8231   0.7793   0.7394
m             0.9637   0.9306   0.8997   0.8703   0.8423
Lambda        0.6391   0.4668   0.3786   0.3287   0.2965
gam           0.9534   0.9081   0.8651   0.8248   0.7871
trs           0.9089   0.8365   0.7750   0.7210   0.6725
Lambda1       0.9680   0.9345   0.9014   0.8694   0.8388
mu_cryp       0.9168   0.8460   0.7837   0.7278   0.6772
x_c           0.9369   0.8785   0.8245   0.7745   0.7281
DE           -0.0347  -0.0267  -0.0220  -0.0188  -0.0164
logY          0.9597   0.9227   0.8879   0.8550   0.8237
logPi         0.5612   0.3593   0.2624   0.2126   0.1841
logR          0.9173   0.8479   0.7873   0.7331   0.6842
logI          0.9376   0.8757   0.8165   0.7608   0.7087
logL          0.9022   0.8422   0.7997   0.7655   0.7356
logC          0.9523   0.9119   0.8757   0.8423   0.8110
logEX         0.9470   0.8969   0.8500   0.8063   0.7655
logM          0.8333   0.7239   0.6432   0.5784   0.5235
logD          0.9332   0.8719   0.8156   0.7639   0.7162
logD_star     0.9927   0.9822   0.9702   0.9575   0.9446
logN          0.9300   0.8658   0.8067   0.7523   0.7022
spread        0.9187   0.8447   0.7770   0.7149   0.6579
logDC         0.9292   0.8721   0.8231   0.7793   0.7394
logm          0.9637   0.9306   0.8997   0.8703   0.8423
leverage      0.9231   0.8526   0.7878   0.7283   0.6735
TB            0.9087   0.8335   0.7685   0.7108   0.6590
logcryp       0.9295   0.8679   0.8127   0.7627   0.7171
Total computing time : 0h00m00s
