Starting Dynare (version 5.1).
Calling Dynare with arguments: none
Starting preprocessing of the model file ...
Found 67 equation(s).
Evaluating expressions...done
Computing static model derivatives (order 1).
Computing dynamic model derivatives (order 1).
Processing outputs ...
done
Preprocessing completed.


STEADY-STATE RESULTS:

mc        		 0.888889
Pi        		 1
Z         		 0.0397045
w         		 5.04467
R         		 1.015
epsilon   		 1.04877
Q         		 1
Y         		 2.86027
M         		 0.43636
L         		 0.262074
C         		 1.94436
I         		 0.384207
K         		 19.2104
EX        		 0.507914
N         		 3.68203
K_b       		 14.6906
K_h       		 4.51973
D         		 5.64301
D_star    		 4.24788
x         		 0.303258
psi       		 1.59992
phi       		 3.98982
upsilon   		 1.56392
mu        		 0.00724866
mu_star   		 0.00572546
A         		 1
R_star    		 1.01128
Y_star    		 0.484294
Phi       		 0
Theta     		 0.401
chi_h     		 0.0104743
chi_b     		 0.0133077
Ynet      		 2.37884
P_c       		 1
R_dc      		 1
P_dc      		 0.15924
theta_c   		 1
cryp      		 0.923849
DC        		 3.59239
DC_sup    		 0.572053
m         		 1.38425
R_c       		 1
Lambda    		 0.985222
gam       		 0.15867
trs       		 0.27815
Lambda1   		 0.890865
sigma_Rc  		 0
mu_cryp   		 0.0231121
x_c       		 0.0628869
DE        		 1
logY      		 1.05091
logPi     		 0
logR      		 0.0148886
logI      		 -0.956573
logL      		 -1.33913
logC      		 0.664934
logEX     		 -0.677443
logM      		 -0.829287
logD      		 1.73042
logD_star 		 1.44642
logN      		 1.30347
spread    		 0.00470445
logDC     		 1.27882
logm      		 0.32516
leverage  		 1.38375
TB        		 0.0715536
logcryp   		 -0.0792061

EIGENVALUES:
         Modulus             Real        Imaginary

       5.227e-16        5.227e-16                0
       1.758e-15        1.758e-15                0
       8.773e-15       -8.773e-15                0
       1.468e-08       -1.468e-08                0
       1.468e-08        1.468e-08                0
           0.469            0.469                0
             0.9              0.9                0
             0.9              0.9                0
          0.9241           0.9241                0
          0.9359           0.9359                0
            0.95             0.95                0
            0.95             0.95                0
            0.95             0.95                0
          0.9758           0.9758                0
          0.9843           0.9843                0
           1.024            1.024                0
           1.042            1.042                0
           1.071            1.071                0
           1.175            1.175                0
           1.541            1.541                0
       2.896e+16        2.896e+16                0
             Inf              Inf                0


There are 7 eigenvalue(s) larger than 1 in modulus 
for 7 forward-looking variable(s)

The rank condition is verified.

MODEL_DIAGNOSTICS:  The Jacobian of the static model is singular
MODEL_DIAGNOSTICS:  there is 2 colinear relationships between the variables and the equations
Relation 1
Colinear variables:
Z
w
epsilon
Y
M
L
C
I
K
EX
N
K_b
K_h
D
D_star
x
psi
phi
upsilon
mu
mu_star
R_star
Y_star
chi_h
chi_b
Ynet
P_dc
cryp
DC
DC_sup
m
gam
trs
Lambda1
mu_cryp
x_c
logY
logI
logL
logC
logEX
logM
logD
logD_star
logN
spread
logDC
logm
leverage
TB
logcryp
Relation 2
Colinear variables:
Z
w
epsilon
Y
M
L
C
I
K
EX
N
K_b
K_h
D
D_star
x
psi
phi
upsilon
mu
mu_star
R_star
Y_star
chi_h
chi_b
Ynet
P_dc
cryp
DC
DC_sup
m
gam
trs
Lambda1
mu_cryp
x_c
logY
logI
logL
logC
logEX
logM
logD
logD_star
logN
spread
logDC
logm
leverage
TB
logcryp
Relation 1
Colinear equations
    48    49

Relation 2
Colinear equations
    48    49

MODEL_DIAGNOSTICS:  The presence of a singularity problem typically indicates that there is one
MODEL_DIAGNOSTICS:  redundant equation entered in the model block, while another non-redundant equation
MODEL_DIAGNOSTICS:  is missing. The problem often derives from Walras Law.

MODEL SUMMARY

  Number of variables:         67
  Number of stochastic shocks: 6
  Number of state variables:   15
  Number of jumpers:           7
  Number of static variables:  46


MATRIX OF COVARIANCE OF EXOGENOUS SHOCKS
Variables               varepsilon_R      varepsilon_A  varepsilon_Rstar  varepsilon_Ystar            eps_Rc               vol
varepsilon_R                0.000006          0.000000          0.000000          0.000000          0.000000          0.000000
varepsilon_A                0.000000          0.000100          0.000000          0.000000          0.000000          0.000000
varepsilon_Rstar            0.000000          0.000000          0.000006          0.000000          0.000000          0.000000
varepsilon_Ystar            0.000000          0.000000          0.000000          0.000000          0.000000          0.000000
eps_Rc                      0.000000          0.000000          0.000000          0.000000          0.000000          0.000000
vol                         0.000000          0.000000          0.000000          0.000000          0.000000          0.000000

POLICY AND TRANSITION FUNCTIONS
                                  mc              Pi               Z               w               R         epsilon               Q               Y               M               L               C               I               K              EX               N             K_b             K_h               D          D_star               x             psi             phi         upsilon              mu         mu_star               A          R_star          Y_star             Phi           Theta           chi_h           chi_b            Ynet             P_c            R_dc            P_dc         theta_c            cryp              DC          DC_sup               m             R_c          Lambda             gam             trs         Lambda1        sigma_Rc         mu_cryp             x_c              DE            logY           logPi            logR            logI            logL            logC           logEX            logM            logD       logD_star            logN          spread           logDC            logm        leverage              TB         logcryp
Constant                    0.888889        1.000000        0.039704        5.044672        1.015000        1.048772        1.000000        2.860265        0.436360        0.262074        1.944362        0.384207       19.210374        0.507914        3.682035       14.690641        4.519733        5.643006        4.247882        0.303258        1.599916        3.989816        1.563921        0.007249        0.005725        1.000000        1.011284        0.484294               0        0.401000        0.010474        0.013308        2.378841        1.000000        1.000000        0.159240        1.000000        0.923849        3.592386        0.572053        1.384252        1.000000        0.985222        0.158670        0.278150        0.890865               0        0.023112        0.062887        1.000000        1.050914               0        0.014889       -0.956573       -1.339128        0.664934       -0.677443       -0.829287        1.730417        1.446422        1.303466        0.004704        1.278817        0.325160        1.383745        0.071554       -0.079206
R(-1)                      -2.716704       -0.978857       -0.253651       -8.056952        0.337698       -1.801811       -2.157833       -9.530954       -2.038005       -1.255692       -7.727542       -1.243584       -1.243584       -0.872606      -37.058259      -62.742440       61.498857      -46.528820       -2.038005        1.283073        5.817085       14.506445        4.994843        0.137892       -0.000116               0               0               0               0               0        0.285721        0.027057       -6.920090               0        0.365198        0.058154               0       -1.036976      -13.282454       -1.906191       -5.663969               0       -0.782210        0.320756       -0.079174        1.213649               0        0.586455        0.333697       -2.696877       -3.332192       -0.978857        0.332708       -3.236750       -4.791363       -3.974333       -1.718020       -4.670464       -8.245397       -0.479770      -10.064614        0.078203       -3.697390       -4.091719        3.635868        1.165399       -1.122451
K(-1)                      -0.010326       -0.004225       -0.002053        0.000424       -0.000239        0.022463       -0.022075        0.034189       -0.009199        0.000066        0.028398       -0.012722        0.967278        0.010879       -0.441682       -0.518436        1.485714       -0.487528       -0.009199        0.023235        0.100140        0.249725        0.087428        0.002583        0.000187               0               0               0               0               0        0.006359        0.001276        0.026400               0       -0.000124       -0.000020               0        0.001981        0.043386        0.006838        0.021700               0       -0.001999       -0.004857        0.000723       -0.026056               0        0.000928        0.003742        0.017193        0.011953       -0.004225       -0.000236       -0.033113        0.000252        0.014605        0.021418       -0.021082       -0.086395       -0.002166       -0.119956        0.001423        0.012077        0.015677        0.062591        0.020078        0.002144
K_b(-1)                     0.001320        0.000481        0.000129        0.004095        0.000206        0.000519        0.024665        0.005038        0.001201        0.000638        0.005564        0.014215        0.014215        0.000251        1.297111        2.660782       -2.646567        1.720314        0.001201       -0.062171       -0.234379       -0.584486       -0.206340       -0.005385       -0.000860               0               0               0               0               0       -0.012274       -0.002718        0.018545               0        0.000075        0.000012               0       -0.000472        0.006057        0.001008        0.004651               0        0.000026       -0.000097        0.000336       -0.002486               0       -0.002737       -0.012973        0.000976        0.001762        0.000481        0.000203        0.036998        0.002435        0.002862        0.000495        0.002752        0.304858        0.000283        0.352281       -0.002874        0.001686        0.003360       -0.146495       -0.000949       -0.000511
D(-1)                      -0.001314       -0.000478       -0.000128       -0.004076       -0.000205       -0.000517       -0.024552       -0.005015       -0.001195       -0.000635       -0.005539       -0.014149       -0.014149       -0.000250       -1.291127       -2.648507        2.634357       -1.712377       -0.001195        0.061884        0.233298        0.581790        0.205388        0.005360        0.000856               0               0               0               0               0        0.012218        0.002705       -0.018459               0       -0.000075       -0.000012               0        0.000470       -0.006029       -0.001003       -0.004630               0       -0.000026        0.000096       -0.000335        0.002475               0        0.002724        0.012914       -0.000971       -0.001753       -0.000478       -0.000202       -0.036828       -0.002424       -0.002849       -0.000493       -0.002739       -0.303451       -0.000281       -0.350656        0.002861       -0.001678       -0.003345        0.145819        0.000945        0.000509
D_star(-1)                 -0.006185       -0.001226       -0.001315       -0.041768        0.002016        0.042430       -0.057374       -0.074824       -0.032105       -0.006510       -0.090809       -0.033065       -0.033065        0.020549       -1.975545       -3.728964        3.695898       -3.783541        0.979179        0.176549        0.360509        0.899024        0.316659        0.007823        0.003739               0               0               0               0               0        0.017148        0.011353       -0.088169               0        0.002913        0.000464               0       -0.008557       -0.104439       -0.014965       -0.074995               0       -0.001989        0.008733       -0.005041        0.055122               0        0.007740        0.018988        0.039231       -0.026160       -0.001226        0.001986       -0.086061       -0.024839       -0.046704        0.040457       -0.073576       -0.670483        0.230510       -0.536536        0.004134       -0.029072       -0.054177        0.225330        0.052654       -0.009263
A(-1)                      -0.546065       -0.219492        0.011443        0.363461       -0.008559        1.233786        0.942874        2.581438       -0.387582        0.056646        1.450821        0.543389        0.543389        0.597515        6.644351        5.205798       -4.662409        7.513247       -0.387582       -0.064311       -0.811632       -2.024020       -0.714786       -0.017830        0.001647        0.950000               0               0               0               0       -0.021906        0.011619        2.459835               0        0.013487        0.002148               0        0.076756        3.193740        0.516288        0.949063               0       -0.105771       -0.231722       -0.040842       -1.051618               0       -0.023556       -0.076354        0.956917        0.902517       -0.219492       -0.008433        1.414311        0.216146        0.746168        1.176410       -0.888216        1.331427       -0.091241        1.804532       -0.008917        0.889030        0.685614       -0.507296        0.985097        0.083083
R_star(-1)                  0.939798        0.586012       -0.000511       -0.016238        0.573713        6.192469       -4.109277       -3.060908       -2.582106       -0.002531       -4.669201       -2.368222       -2.368222        2.998975      -81.495522     -138.058550      135.690327     -142.774525        1.665776        6.005617       13.801334       34.417291       11.955841        0.303713        0.102179               0        0.900000               0               0               0        0.630206        0.347334       -4.032556               0        0.516684        0.082277               0       -1.860976       -5.700513       -0.612182       -3.802086               0       -0.152289        1.059545       -0.232876        4.069624               0        1.047605        0.722736        6.490507       -1.070148        0.586012        0.565234       -6.163915       -0.009657       -2.401405        5.904495       -5.917371      -25.301149        0.392143      -22.133283        0.161875       -1.586832       -2.746672        8.626285        5.581081       -2.014372
Y_star(-1)                  0.254241        0.091647        0.034096        1.083029        0.005325       -0.485006        0.126384        1.638158        0.576520        0.168792        0.919359        0.072836        0.072836        0.709009        4.726356        8.541640       -8.468804        8.059937       -0.323480       -0.377987       -0.921245       -2.297368       -0.820348       -0.018328       -0.008489               0               0        0.900000               0               0       -0.039292       -0.023755        1.308203               0        0.004557        0.000726               0       -0.012241        2.041095        0.327632        0.598581               0        0.037400       -0.010766       -0.027256       -0.063980               0       -0.004040       -0.045346       -0.370804        0.572729        0.091647        0.005246        0.189576        0.644063        0.472833        1.395924        1.321202        1.428306       -0.076151        1.283626       -0.009606        0.568172        0.432422       -0.575808        0.132489       -0.013250
P_c(-1)                    -0.009988       -0.001366       -0.000737       -0.023404       -0.001601       -0.018979        0.024760       -0.020938       -0.000201       -0.003648       -0.012131        0.014270        0.014270       -0.009191        0.395035        2.370006       -2.355736        5.348146       -0.000201       -0.061935        0.126074        0.314400       -0.183942       -0.004816       -0.033880               0               0               0               0               0       -0.010926       -0.002959        0.001440               0       -0.001138       -0.000181               0       -2.931562       -0.022211       -0.004188       -0.008669       -1.000000        0.002116       -0.002321       -0.000016       -0.004586               0        1.535660       -0.211256       -0.019462       -0.007320       -0.001366       -0.001577        0.037140       -0.013918       -0.006239       -0.018096       -0.000461        0.947748       -0.000047        0.107287       -0.002582       -0.006183       -0.006263        0.078801       -0.008990       -3.173203
P_dc(-1)                   -0.141419       -0.057610       -0.017249       -0.547885       -0.011676        0.161437        0.077637       -0.787519       -0.256735       -0.085389       -0.918113        0.044743        0.044743        0.078183       -0.194528       -1.088223        1.132966       -0.216985       -0.256735        0.027272        0.090224        0.224998        0.084986        0.001631        0.001026               0               0               0               0               0        0.005227        0.002441       -0.596374               0       -0.468056        0.925467               0        0.049767      -21.867169       -0.157504        2.640806               0       -0.018976        0.860173        1.605224       -0.323343               0       -0.016469        0.003164        0.096320       -0.275331       -0.057610       -0.011504        0.116456       -0.325820       -0.472192        0.153929       -0.588356       -0.038452       -0.060438       -0.052832        0.000894       -6.087088        1.907750        0.056393        0.334918        0.053869
theta_c(-1)                -0.001694       -0.000189       -0.000150       -0.004776       -0.000163       -0.001615        0.000205       -0.005381       -0.000981       -0.000744       -0.003778        0.000118        0.000118       -0.000782        0.006043        0.160684       -0.160566        0.618249       -0.000981       -0.003916        0.015202        0.037910       -0.033927       -0.000416       -0.005227               0               0               0               0               0       -0.000744       -0.000195       -0.002709       -0.154393       -0.000092       -0.000015        0.950000       -0.452901       -0.006429       -0.001076       -0.002780       -0.154393        0.000296       -0.000163       -0.000044        0.000188               0        0.237142       -0.031530       -0.001729       -0.001881       -0.000189       -0.000160        0.000308       -0.002840       -0.001943       -0.001540       -0.002247        0.109560       -0.000231        0.001641       -0.000170       -0.001790       -0.002008        0.009502        0.000199       -0.490232
cryp(-1)                   -0.001295       -0.000471       -0.000126       -0.004016       -0.000202       -0.000509       -0.024189       -0.004941       -0.001178       -0.000626       -0.005457       -0.013940       -0.013940       -0.000247       -1.272046       -2.609366        2.595426       -1.687071       -0.001178        0.060969        0.229850        0.573192        0.202353        0.005281        0.000843               0               0               0               0               0        0.012037        0.002665       -0.018187               0       -0.000074       -0.000012               0        0.000463       -0.005940       -0.000988       -0.004561               0       -0.000026        0.000095       -0.000330        0.002438               0        0.002684        0.012723       -0.000957       -0.001727       -0.000471       -0.000199       -0.036283       -0.002388       -0.002806       -0.000485       -0.002699       -0.298967       -0.000277       -0.345474        0.002819       -0.001654       -0.003295        0.143664        0.000931        0.000501
R_c(-1)                    -0.001196       -0.000436       -0.000117       -0.003710       -0.000186       -0.000470       -0.022347       -0.004565       -0.001088       -0.000578       -0.005041       -0.012879       -0.012879       -0.000228       -1.175179       -2.410662        2.397783       -1.558599       -0.001088        0.056326        0.212347        0.529543        0.186944        0.004879        0.000779               0               0               0               0               0        0.011121        0.002462       -0.016802               0       -0.000068       -0.000011               0        0.000428       -0.005488       -0.000913       -0.004214               0       -0.000024        0.000088       -0.000305        0.002253               0        0.002480        0.011754       -0.000884       -0.001596       -0.000436       -0.000184       -0.033520       -0.002206       -0.002593       -0.000448       -0.002493       -0.276200       -0.000256       -0.319166        0.002604       -0.001528       -0.003044        0.132724        0.000860        0.000463
sigma_Rc(-1)                       0               0               0               0               0               0               0               0               0               0               0               0               0               0               0               0               0               0               0               0               0               0               0               0               0               0               0               0               0               0               0               0               0               0               0               0               0               0               0               0               0               0               0               0               0               0        0.950000               0               0               0               0               0               0               0               0               0               0               0               0               0               0               0               0               0               0               0               0
epsilon(-1)                 0.196661        0.070857        0.018359        0.583168       -0.024594        0.130576        0.146718        0.689779        0.147446        0.090888        0.558668        0.084555        0.084555        0.063237        2.168844        3.485365       -3.400809        2.686270        0.147446       -0.068159       -0.328087       -0.818171       -0.279667       -0.007846        0.000354               0               0               0               0               0       -0.015809       -0.000872        0.494845               0       -0.026538       -0.004226               0        0.075459        0.961672        0.137956        0.409250               0        0.056766       -0.023243        0.005612       -0.087094               0       -0.041468       -0.019010       -0.758136        0.241159        0.070857       -0.024231        0.220078        0.346802        0.287327        0.124504        0.337900        0.476035        0.034710        0.589034       -0.004522        0.267697        0.295647       -0.205065       -0.084209        0.081678
varepsilon_R               -3.437549       -1.238549       -0.320915      -10.193508        0.429900       -2.282403       -2.564569      -12.057022       -2.577288       -1.588679       -9.765250       -1.477990       -1.477990       -1.105354      -37.910373      -60.922547       59.444557      -46.954751       -2.577288        1.191385        5.734800       14.301248        4.888449        0.137141       -0.006186               0               0               0               0               0        0.276327        0.015246       -8.649657               0        0.463874        0.073868               0       -1.318980      -16.809584       -2.411404       -7.153503               0       -0.992246        0.406281       -0.098092        1.522359               0        0.724847        0.332288       -3.414812       -4.215351       -1.238549        0.423547       -3.846854       -6.061945       -5.022342       -2.176263       -5.906330       -8.320876       -0.606723      -10.296039        0.079039       -4.679225       -5.167776        3.584438        1.471934       -1.427700
varepsilon_A               -0.574805       -0.231045        0.012045        0.382591       -0.009010        1.298722        0.992499        2.717303       -0.407981        0.059628        1.527180        0.571988        0.571988        0.628963        6.994053        5.479787       -4.907799        7.908682       -0.407981       -0.067696       -0.854349       -2.130547       -0.752406       -0.018769        0.001733        1.000000               0               0               0               0       -0.023059        0.012230        2.589300               0        0.014196        0.002261               0        0.080796        3.361832        0.543461        0.999014               0       -0.111338       -0.243917       -0.042992       -1.106967               0       -0.024796       -0.080373        1.007282        0.950018       -0.231045       -0.008877        1.488749        0.227522        0.785440        1.238326       -0.934964        1.401502       -0.096043        1.899508       -0.009386        0.935821        0.721699       -0.533996        1.036944        0.087456
varepsilon_Rstar            1.073089        0.656846        0.005569        0.176897        0.628050        6.682490       -4.298088       -3.051789       -2.719163        0.027570       -4.764176       -2.477036       -2.477036        3.236289      -81.330308     -135.994557      133.517520     -140.979807       -2.719163        5.848918       13.652248       34.045505       11.806354        0.300945        0.096081               0        1.000000               0               0               0        0.620195        0.332939       -4.069114               0        0.560500        0.089254               0       -2.027812       -5.846464       -0.610358       -3.874524               0       -0.159929        1.136513       -0.235225        4.264537               0        1.127882        0.714418        7.028574       -1.066960        0.656846        0.618768       -6.447132        0.105199       -2.450252        6.371728       -6.231464      -24.983106       -0.640122      -22.088413        0.160565       -1.627460       -2.799002        8.533102        5.955453       -2.194959
varepsilon_Ystar            0.282490        0.101830        0.037885        1.203366        0.005916       -0.538896        0.140427        1.820175        0.640578        0.187547        1.021509        0.080929        0.080929        0.787788        5.251507        9.490711       -9.409782        8.955486       -0.359422       -0.419986       -1.023605       -2.552631       -0.911498       -0.020364       -0.009432               0               0        1.000000               0               0       -0.043658       -0.026394        1.453559               0        0.005063        0.000806               0       -0.013601        2.267883        0.364035        0.665090               0        0.041555       -0.011962       -0.030285       -0.071089               0       -0.004489       -0.050384       -0.412005        0.636366        0.101830        0.005829        0.210640        0.715626        0.525370        1.551027        1.468003        1.587006       -0.084612        1.426251       -0.010673        0.631303        0.480469       -0.639787        0.147210       -0.014722
eps_Rc                             0               0               0               0               0               0               0               0               0               0               0               0               0               0               0               0               0               0               0               0               0               0               0               0               0               0               0               0               0               0               0               0               0               0               0               0               0               0               0               0               0               0               0               0               0               0        0.030000               0               0               0               0               0               0               0               0               0               0               0               0               0               0               0               0               0               0               0               0
vol                        -0.001783       -0.000199       -0.000158       -0.005027       -0.000171       -0.001700        0.000216       -0.005665       -0.001032       -0.000784       -0.003977        0.000124        0.000124       -0.000823        0.006361        0.169141       -0.169017        0.650788       -0.001032       -0.004122        0.016002        0.039906       -0.035713       -0.000438       -0.005502               0               0               0               0               0       -0.000783       -0.000206       -0.002851       -0.162519       -0.000097       -0.000015        1.000000       -0.476738       -0.006768       -0.001133       -0.002926       -0.162519        0.000312       -0.000172       -0.000046        0.000198               0        0.249623       -0.033189       -0.001820       -0.001980       -0.000199       -0.000169        0.000324       -0.002990       -0.002045       -0.001621       -0.002366        0.115327       -0.000243        0.001728       -0.000178       -0.001884       -0.002114        0.010002        0.000209       -0.516034
[Warning: Aggregate variance and sum of variances by shocks differ by more than 0.01 %] 
[> In <a href="matlab:matlab.internal.language.introspective.errorDocCallback('th_autocovariances', 'C:\dynare\5.1\matlab\th_autocovariances.m', 206)" style="font-weight:bold">th_autocovariances</a> (<a href="matlab: opentoline('C:\dynare\5.1\matlab\th_autocovariances.m',206,0)">line 206</a>)
In <a href="matlab:matlab.internal.language.introspective.errorDocCallback('disp_th_moments', 'C:\dynare\5.1\matlab\disp_th_moments.m', 40)" style="font-weight:bold">disp_th_moments</a> (<a href="matlab: opentoline('C:\dynare\5.1\matlab\disp_th_moments.m',40,0)">line 40</a>)
In <a href="matlab:matlab.internal.language.introspective.errorDocCallback('stoch_simul', 'C:\dynare\5.1\matlab\stoch_simul.m', 210)" style="font-weight:bold">stoch_simul</a> (<a href="matlab: opentoline('C:\dynare\5.1\matlab\stoch_simul.m',210,0)">line 210</a>)
In <a href="matlab:matlab.internal.language.introspective.errorDocCallback('cdbc_quantity.driver', 'D:\crypto2\crypto_storage\cdbc_quantity_0.8\+cdbc_quantity\driver.m', 848)" style="font-weight:bold">cdbc_quantity.driver</a> (<a href="matlab: opentoline('D:\crypto2\crypto_storage\cdbc_quantity_0.8\+cdbc_quantity\driver.m',848,0)">line 848</a>)
In <a href="matlab:matlab.internal.language.introspective.errorDocCallback('dynare', 'C:\dynare\5.1\matlab\dynare.m', 281)" style="font-weight:bold">dynare</a> (<a href="matlab: opentoline('C:\dynare\5.1\matlab\dynare.m',281,0)">line 281</a>)
In <a href="matlab:matlab.internal.language.introspective.errorDocCallback('plotfile_sto', 'D:\crypto2\crypto_storage\plotfile_sto.m', 54)" style="font-weight:bold">plotfile_sto</a> (<a href="matlab: opentoline('D:\crypto2\crypto_storage\plotfile_sto.m',54,0)">line 54</a>)] 


THEORETICAL MOMENTS
VARIABLE          MEAN  STD. DEV.   VARIANCE
mc              0.8889     0.0122     0.0001
Pi              1.0000     0.0053     0.0000
Z               0.0397     0.0019     0.0000
w               5.0447     0.0800     0.0064
R               1.0150     0.0052     0.0000
epsilon         1.0488     0.0702     0.0049
Q               1.0000     0.0473     0.0022
Y               2.8603     0.1797     0.0323
M               0.4364     0.0218     0.0005
L               0.2621     0.0125     0.0002
C               1.9444     0.1341     0.0180
I               0.3842     0.0272     0.0007
K              19.2104     0.6381     0.4072
EX              0.5079     0.0340     0.0012
N               3.6820     0.6363     0.4048
K_b            14.6906     1.1240     1.2633
K_h             4.5197     0.9516     0.9056
D               5.6430     1.0763     1.1585
D_star          4.2479     0.1278     0.0163
x               0.3033     0.0417     0.0017
psi             1.5999     0.0980     0.0096
phi             3.9898     0.2444     0.0597
upsilon         1.5639     0.0849     0.0072
mu              0.0072     0.0021     0.0000
mu_star         0.0057     0.0008     0.0000
A               1.0000     0.0320     0.0010
R_star          1.0113     0.0057     0.0000
Y_star          0.4843     0.0000     0.0000
Phi             0.0000     0.0000     0.0000
Theta           0.4010     0.0000     0.0000
chi_h           0.0105     0.0044     0.0000
chi_b           0.0133     0.0025     0.0000
Ynet            2.3788     0.1524     0.0232
P_c             1.0000     0.0000     0.0000
R_dc            1.0000     0.0034     0.0000
P_dc            0.1592     0.0074     0.0001
theta_c         1.0000     0.0000     0.0000
cryp            0.9238     0.0178     0.0003
DC              3.5924     0.3586     0.1286
DC_sup          0.5721     0.0359     0.0013
m               1.3843     0.0805     0.0065
R_c             1.0000     0.0000     0.0000
Lambda          0.9852     0.0040     0.0000
gam             0.1587     0.0198     0.0004
trs             0.2781     0.0106     0.0001
Lambda1         0.8909     0.0633     0.0040
sigma_Rc        0.0000     0.0000     0.0000
mu_cryp         0.0231     0.0090     0.0001
x_c             0.0629     0.0060     0.0000
DE              1.0000     0.0223     0.0005
logY            1.0509     0.0628     0.0039
logPi           0.0000     0.0053     0.0000
logR            0.0149     0.0051     0.0000
logI           -0.9566     0.0709     0.0050
logL           -1.3391     0.0476     0.0023
logC            0.6649     0.0690     0.0048
logEX          -0.6774     0.0669     0.0045
logM           -0.8293     0.0501     0.0025
logD            1.7304     0.1907     0.0364
logD_star       1.4464     0.0301     0.0009
logN            1.3035     0.1728     0.0299
spread          0.0047     0.0011     0.0000
logDC           1.2788     0.0998     0.0100
logm            0.3252     0.0582     0.0034
leverage        1.3837     0.0613     0.0038
TB              0.0716     0.0478     0.0023
logcryp        -0.0792     0.0193     0.0004



VARIANCE DECOMPOSITION (in percent)
                 varepsilon_R      varepsilon_A  varepsilon_Rstar  varepsilon_Ystar            eps_Rc               vol
mc                      63.70             28.83              7.47              0.00              0.00              0.00
Pi                      43.86             30.10             26.05              0.00              0.00              0.00
Z                       23.77             73.29              2.94              0.00              0.00              0.00
w                       13.01             80.42              6.57              0.00              0.00              0.00
R                        5.34             29.33             65.34              0.00              0.00              0.00
epsilon                  1.37             72.81             25.82              0.00              0.00              0.00
Q                        2.86             64.56             32.57              0.00              0.00              0.00
Y                        3.61             88.35              8.04              0.00              0.00              0.00
M                       11.42              4.47             84.11              0.00              0.00              0.00
L                       13.01             80.42              6.57              0.00              0.00              0.00
C                        4.24             77.89             17.88              0.00              0.00              0.00
I                        2.86             64.56             32.57              0.00              0.00              0.00
K                        0.78             74.16             25.06              0.00              0.00              0.00
EX                       1.37             72.81             25.82              0.00              0.00              0.00
N                       13.47             14.57             71.96              0.00              0.00              0.00
K_b                     18.53              7.64             73.83              0.00              0.00              0.00
K_h                     21.37              8.22             70.41              0.00              0.00              0.00
D                        5.61              9.75             84.64              0.00              0.00              0.00
D_star                  28.85              7.64             63.51              0.00              0.00              0.00
x                        2.72              0.39             96.88              0.00              0.00              0.00
psi                     16.09              4.36             79.55              0.00              0.00              0.00
phi                     16.09              4.36             79.55              0.00              0.00              0.00
upsilon                 16.41              4.24             79.35              0.00              0.00              0.00
mu                      18.66              4.39             76.95              0.00              0.00              0.00
mu_star                  1.54              2.87             95.59              0.00              0.00              0.00
A                        0.00            100.00              0.00              0.00              0.00              0.00
R_star                   0.00              0.00            100.00              0.00              0.00              0.00
Y_star                   0.00              0.00              0.00            100.00              0.00              0.00
Phi                     16.25             34.22             49.53              0.00              0.00              0.00
Theta                    3.45             13.16             83.40              0.00              0.00              0.00
chi_h                   21.86              5.05             73.09              0.00              0.00              0.00
chi_b                    1.51              5.95             92.54              0.00              0.00              0.00
Ynet                     2.68             86.90             10.42              0.00              0.00              0.00
P_c                      0.00              0.00              0.00              0.00              0.00            100.00
R_dc                    14.44             13.97             71.59              0.00              0.00              0.00
P_dc                     1.10             33.64             65.26              0.00              0.00              0.00
theta_c                  0.00              0.00              0.00              0.00              0.00            100.00
cryp                     4.27             36.38             59.35              0.00              0.00              0.00
DC                       2.23             67.84             29.93              0.00              0.00              0.00
DC_sup                   3.61             88.35              8.04              0.00              0.00              0.00
m                        6.08             81.23             12.69              0.00              0.00              0.00
R_c                      0.00              0.00              0.00              0.00              0.00            100.00
Lambda                  48.34             25.79             25.87              0.00              0.00              0.00
gam                      0.48             58.09             41.43              0.00              0.00              0.00
trs                      1.56             40.54             57.90              0.00              0.00              0.00
Lambda1                  0.49             72.01             27.50              0.00              0.00              0.00
sigma_Rc                 0.00              0.02              0.00              0.00             99.98              0.00
mu_cryp                  5.55             24.72             69.74              0.00              0.00              0.00
x_c                     14.77             20.52             64.71              0.00              0.00              0.00
DE                      14.99             22.09             62.91              0.00              0.00              0.00
logY                     3.61             88.35              8.04              0.00              0.00              0.00
logPi                   43.86             30.10             26.05              0.00              0.00              0.00
logR                     5.34             29.33             65.34              0.00              0.00              0.00
logI                     2.86             64.56             32.57              0.00              0.00              0.00
logL                    13.01             80.42              6.57              0.00              0.00              0.00
logC                     4.24             77.89             17.88              0.00              0.00              0.00
logEX                    1.37             72.81             25.82              0.00              0.00              0.00
logM                    11.42              4.47             84.11              0.00              0.00              0.00
logD                     5.61              9.75             84.64              0.00              0.00              0.00
logD_star               28.85              7.64             63.51              0.00              0.00              0.00
logN                    13.47             14.57             71.96              0.00              0.00              0.00
spread                  19.34              4.45             76.21              0.00              0.00              0.00
logDC                    2.23             67.84             29.93              0.00              0.00              0.00
logm                     6.08             81.23             12.69              0.00              0.00              0.00
leverage                16.09              4.36             79.55              0.00              0.00              0.00
TB                       1.37             39.01             59.61              0.00              0.00              0.00
logcryp                  4.27             36.38             59.35              0.00              0.00              0.00



MATRIX OF CORRELATIONS
Variables           mc         Pi          Z          w          R    epsilon          Q          Y          M          L          C          I          K         EX          N        K_b        K_h          D     D_star          x        psi        phi    upsilon         mu    mu_star          A     R_star      chi_h      chi_b       Ynet       R_dc       P_dc       cryp         DC     DC_sup          m     Lambda        gam        trs    Lambda1    mu_cryp        x_c         DE       logY      logPi       logR       logI       logL       logC      logEX       logM       logD  logD_star       logN     spread      logDC       logm   leverage         TB    logcryp
mc              1.0000     0.9399     0.2326     0.1530     0.0502     0.0088    -0.2050    -0.0639     0.1822     0.1530    -0.0492    -0.2050    -0.0439     0.0088    -0.1056    -0.0431     0.0214    -0.1324     0.1348     0.1281     0.0858     0.0858     0.0870     0.0691     0.1628    -0.2836     0.2271     0.0249     0.1194    -0.1071    -0.0679     0.0378    -0.0820    -0.0578    -0.0639    -0.0410     0.5914     0.1795     0.0639     0.2262     0.0563     0.1187     0.2056    -0.0639     0.9399     0.0502    -0.2050     0.1530    -0.0492     0.0088     0.1822    -0.1324     0.1348    -0.1056     0.0544    -0.0578    -0.0410     0.0858    -0.0770    -0.0820
Pi              0.9399     1.0000     0.0303    -0.0922     0.3869     0.0079    -0.4831    -0.2983    -0.1274    -0.0922    -0.3188    -0.4831    -0.2350     0.0079    -0.4154    -0.3395     0.2434    -0.4468     0.2549     0.4142     0.3752     0.3752     0.3750     0.3466     0.4049    -0.4101     0.4957     0.2620     0.3496    -0.3475     0.1721     0.2906    -0.4135    -0.3230    -0.2983    -0.3033     0.2831     0.4650     0.2760     0.4975     0.3927     0.4251     0.2496    -0.2983     1.0000     0.3869    -0.4831    -0.0922    -0.3188     0.0079    -0.1274    -0.4468     0.2549    -0.4154     0.3316    -0.3230    -0.3033     0.3752     0.0638    -0.4135
Z               0.2326     0.0303     1.0000     0.8608    -0.6016     0.6316     0.8029     0.8185     0.2464     0.8608     0.7777     0.8029     0.2635     0.6316     0.4656     0.2844    -0.1592     0.3660    -0.0922    -0.1468    -0.3387    -0.3387    -0.3332    -0.3333     0.0775     0.7986    -0.1081    -0.1800     0.1035     0.8047    -0.5575    -0.2690     0.6282     0.6404     0.8185     0.8473     0.6592    -0.5847    -0.2768    -0.6895    -0.5756    -0.4955     0.1048     0.8185     0.0303    -0.6016     0.8029     0.8608     0.7777     0.6316     0.2464     0.3660    -0.0922     0.4656    -0.3406     0.6404     0.8473    -0.3387     0.3363     0.6282
w               0.1530    -0.0922     0.8608     1.0000    -0.7298     0.7064     0.8292     0.9764     0.3229     1.0000     0.9661     0.8292     0.7177     0.7064     0.5798     0.4794    -0.0850     0.5286    -0.3563    -0.2856    -0.3969    -0.3969    -0.3924    -0.3465    -0.1220     0.8356    -0.1770    -0.1416    -0.0147     0.9653    -0.3576    -0.6466     0.7720     0.9155     0.9764     0.9653     0.7053    -0.8511    -0.6662    -0.8934    -0.6967    -0.6349     0.0385     0.9764    -0.0922    -0.7298     0.8292     1.0000     0.9661     0.7064     0.3229     0.5286    -0.3563     0.5798    -0.3442     0.9155     0.9653    -0.3969     0.3545     0.7720
R               0.0502     0.3869    -0.6016    -0.7298     1.0000    -0.0729    -0.8951    -0.7479    -0.8276    -0.7298    -0.8361    -0.8951    -0.5728    -0.0729    -0.9229    -0.8539     0.6244    -0.9299     0.3580     0.8250     0.8462     0.8462     0.8423     0.8086     0.6872    -0.5009     0.8013     0.6696     0.6403    -0.7728     0.7025     0.7305    -0.9964    -0.8107    -0.7479    -0.8219    -0.7747     0.8895     0.6260     0.8737     0.9972     0.9206     0.1661    -0.7479     0.3869     1.0000    -0.8951    -0.7298    -0.8361    -0.0729    -0.8276    -0.9299     0.3580    -0.9229     0.8049    -0.8107    -0.8219     0.8462     0.3261    -0.9964
epsilon         0.0088     0.0079     0.6316     0.7064    -0.0729     1.0000     0.3873     0.7114    -0.4418     0.7064     0.5939     0.3873     0.4659     1.0000    -0.0572    -0.1624     0.5042    -0.1506    -0.1072     0.4203     0.2574     0.2574     0.2599     0.2932     0.5354     0.8316     0.5058     0.4675     0.6516     0.6802     0.1583    -0.1703     0.1478     0.5271     0.7114     0.6193     0.0968    -0.3842    -0.3136    -0.4922    -0.0278    -0.0315     0.1579     0.7114     0.0079    -0.0729     0.3873     0.7064     0.5939     1.0000    -0.4418    -0.1506    -0.1072    -0.0572     0.2957     0.5271     0.6193     0.2574     0.9123     0.1478
Q              -0.2050    -0.4831     0.8029     0.8292    -0.8951     0.3873     1.0000     0.8821     0.5331     0.8292     0.9042     1.0000     0.4852     0.3873     0.8261     0.6780    -0.4754     0.7750    -0.2698    -0.5910    -0.7119    -0.7119    -0.7077    -0.6844    -0.3956     0.7994    -0.5700    -0.5137    -0.3405     0.9026    -0.6522    -0.5787     0.9177     0.8245     0.8821     0.9268     0.6068    -0.8721    -0.5368    -0.9292    -0.8861    -0.8479    -0.0858     0.8821    -0.4831    -0.8951     1.0000     0.8292     0.9042     0.3873     0.5331     0.7750    -0.2698     0.8261    -0.6817     0.8245     0.9268    -0.7119     0.0318     0.9177
Y              -0.0639    -0.2983     0.8185     0.9764    -0.7479     0.7114     0.8821     1.0000     0.2863     0.9764     0.9864     0.8821     0.7343     0.7114     0.6085     0.4935    -0.0905     0.5627    -0.3893    -0.3164    -0.4196    -0.4196    -0.4153    -0.3650    -0.1587     0.9057    -0.2283    -0.1484    -0.0409     0.9981    -0.3463    -0.6612     0.7975     0.9371     1.0000     0.9837     0.5831    -0.8987    -0.6867    -0.9515    -0.7158    -0.6670    -0.0060     1.0000    -0.2983    -0.7479     0.8821     0.9764     0.9864     0.7114     0.2863     0.5627    -0.3893     0.6085    -0.3595     0.9371     0.9837    -0.4196     0.3748     0.7975
M               0.1822    -0.1274     0.2464     0.3229    -0.8276    -0.4418     0.5331     0.2863     1.0000     0.3229     0.4304     0.5331     0.2867    -0.4418     0.8113     0.8247    -0.7819     0.8713    -0.3084    -0.9240    -0.8473    -0.8473    -0.8449    -0.8313    -0.8705    -0.0529    -0.9007    -0.8046    -0.8899     0.3139    -0.6650    -0.5919     0.7809     0.4556     0.2863     0.3953     0.7645    -0.5651    -0.4250    -0.4741    -0.8459    -0.7625    -0.1623     0.2863    -0.1274    -0.8276     0.5331     0.3229     0.4304    -0.4418     1.0000     0.8713    -0.3084     0.8113    -0.8316     0.4556     0.3953    -0.8473    -0.7705     0.7809
L               0.1530    -0.0922     0.8608     1.0000    -0.7298     0.7064     0.8292     0.9764     0.3229     1.0000     0.9661     0.8292     0.7177     0.7064     0.5798     0.4794    -0.0850     0.5286    -0.3563    -0.2856    -0.3969    -0.3969    -0.3924    -0.3465    -0.1220     0.8356    -0.1770    -0.1416    -0.0147     0.9653    -0.3576    -0.6466     0.7720     0.9155     0.9764     0.9653     0.7053    -0.8511    -0.6662    -0.8934    -0.6967    -0.6349     0.0385     0.9764    -0.0922    -0.7298     0.8292     1.0000     0.9661     0.7064     0.3229     0.5286    -0.3563     0.5798    -0.3442     0.9155     0.9653    -0.3969     0.3545     0.7720
C              -0.0492    -0.3188     0.7777     0.9661    -0.8361     0.5939     0.9042     0.9864     0.4304     0.9661     1.0000     0.9042     0.7722     0.5939     0.7039     0.6076    -0.1999     0.6776    -0.4450    -0.4568    -0.5291    -0.5291    -0.5249    -0.4711    -0.3108     0.8347    -0.3633    -0.2608    -0.1957     0.9898    -0.4004    -0.7479     0.8765     0.9689     0.9864     0.9836     0.6581    -0.9509    -0.7467    -0.9783    -0.8086    -0.7529    -0.0382     0.9864    -0.3188    -0.8361     0.9042     0.9661     1.0000     0.5939     0.4304     0.6776    -0.4450     0.7039    -0.4648     0.9689     0.9836    -0.5291     0.2255     0.8765
I              -0.2050    -0.4831     0.8029     0.8292    -0.8951     0.3873     1.0000     0.8821     0.5331     0.8292     0.9042     1.0000     0.4852     0.3873     0.8261     0.6780    -0.4754     0.7750    -0.2698    -0.5910    -0.7119    -0.7119    -0.7077    -0.6844    -0.3956     0.7994    -0.5700    -0.5137    -0.3405     0.9026    -0.6522    -0.5787     0.9177     0.8245     0.8821     0.9268     0.6068    -0.8721    -0.5368    -0.9292    -0.8861    -0.8479    -0.0858     0.8821    -0.4831    -0.8951     1.0000     0.8292     0.9042     0.3873     0.5331     0.7750    -0.2698     0.8261    -0.6817     0.8245     0.9268    -0.7119     0.0318     0.9177
K              -0.0439    -0.2350     0.2635     0.7177    -0.5728     0.4659     0.4852     0.7343     0.2867     0.7177     0.7722     0.4852     1.0000     0.4659     0.4771     0.5333     0.0407     0.5168    -0.5512    -0.3570    -0.3053    -0.3053    -0.3043    -0.2173    -0.3523     0.4945    -0.2062    -0.0382    -0.1851     0.7333     0.0733    -0.8633     0.6161     0.8639     0.7343     0.6754     0.4350    -0.8224    -0.8874    -0.7589    -0.5463    -0.5398    -0.0764     0.7343    -0.2350    -0.5728     0.4852     0.7177     0.7722     0.4659     0.2867     0.5168    -0.5512     0.4771    -0.2027     0.8639     0.6754    -0.3053     0.2002     0.6161
EX              0.0088     0.0079     0.6316     0.7064    -0.0729     1.0000     0.3873     0.7114    -0.4418     0.7064     0.5939     0.3873     0.4659     1.0000    -0.0572    -0.1624     0.5042    -0.1506    -0.1072     0.4203     0.2574     0.2574     0.2599     0.2932     0.5354     0.8316     0.5058     0.4675     0.6516     0.6802     0.1583    -0.1703     0.1478     0.5271     0.7114     0.6193     0.0968    -0.3842    -0.3136    -0.4922    -0.0278    -0.0315     0.1579     0.7114     0.0079    -0.0729     0.3873     0.7064     0.5939     1.0000    -0.4418    -0.1506    -0.1072    -0.0572     0.2957     0.5271     0.6193     0.2574     0.9123     0.1478
N              -0.1056    -0.4154     0.4656     0.5798    -0.9229    -0.0572     0.8261     0.6085     0.8113     0.5798     0.7039     0.8261     0.4771    -0.0572     1.0000     0.9683    -0.8238     0.9788    -0.2149    -0.8969    -0.9741    -0.9741    -0.9731    -0.9532    -0.7455     0.3773    -0.8344    -0.8616    -0.7169     0.6437    -0.6218    -0.7013     0.9109     0.7093     0.6085     0.6725     0.6726    -0.8015    -0.5990    -0.7571    -0.9476    -0.9950    -0.1384     0.6085    -0.4154    -0.9229     0.8261     0.5798     0.7039    -0.0572     0.8113     0.9788    -0.2149     1.0000    -0.9492     0.7093     0.6725    -0.9741    -0.4111     0.9109
K_b            -0.0431    -0.3395     0.2844     0.4794    -0.8539    -0.1624     0.6780     0.4935     0.8247     0.4794     0.6076     0.6780     0.5333    -0.1624     0.9683     1.0000    -0.8235     0.9659    -0.2197    -0.9159    -0.9595    -0.9595    -0.9600    -0.9332    -0.8052     0.2056    -0.8247    -0.8657    -0.7694     0.5282    -0.4907    -0.7512     0.8355     0.6602     0.4935     0.5457     0.6496    -0.7474    -0.6457    -0.6593    -0.8851    -0.9625    -0.1453     0.4935    -0.3395    -0.8539     0.6780     0.4794     0.6076    -0.1624     0.8247     0.9659    -0.2197     0.9683    -0.9275     0.6602     0.5457    -0.9595    -0.4919     0.8355
K_h             0.0214     0.2434    -0.1592    -0.0850     0.6244     0.5042    -0.4754    -0.0905    -0.7819    -0.0850    -0.1999    -0.4754     0.0407     0.5042    -0.8238    -0.8235     1.0000    -0.7943    -0.1101     0.8423     0.9285     0.9285     0.9298     0.9565     0.7148     0.0887     0.8358     0.9969     0.7846    -0.1321     0.6287     0.3084    -0.5737    -0.2004    -0.0905    -0.1916    -0.4755     0.3312     0.1675     0.2698     0.6791     0.7748     0.1204    -0.0905     0.2434     0.6244    -0.4754    -0.0850    -0.1999     0.5042    -0.7819    -0.7943    -0.1101    -0.8238     0.9595    -0.2004    -0.1916     0.9285     0.7152    -0.5737
D              -0.1324    -0.4468     0.3660     0.5286    -0.9299    -0.1506     0.7750     0.5627     0.8713     0.5286     0.6776     0.7750     0.5168    -0.1506     0.9788     0.9659    -0.7943     1.0000    -0.3639    -0.9560    -0.9567    -0.9567    -0.9556    -0.9252    -0.8554     0.2968    -0.8856    -0.8352    -0.8181     0.6003    -0.5807    -0.7621     0.9152     0.7088     0.5627     0.6284     0.6558    -0.8144    -0.6464    -0.7476    -0.9514    -0.9671    -0.1633     0.5627    -0.4468    -0.9299     0.7750     0.5286     0.6776    -0.1506     0.8713     1.0000    -0.3639     0.9788    -0.9189     0.7088     0.6284    -0.9567    -0.5048     0.9152
D_star          0.1348     0.2549    -0.0922    -0.3563     0.3580    -0.1072    -0.2698    -0.3893    -0.3084    -0.3563    -0.4450    -0.2698    -0.5512    -0.1072    -0.2149    -0.2197    -0.1101    -0.3639     1.0000     0.3813     0.1237     0.1237     0.1217     0.0491     0.5197    -0.2303     0.1960    -0.0667     0.4042    -0.3958    -0.1332     0.6395    -0.3857    -0.5426    -0.3893    -0.3567    -0.1923     0.5452     0.6315     0.4779     0.3319     0.2303    -0.0211    -0.3893     0.2549     0.3580    -0.2698    -0.3563    -0.4450    -0.1072    -0.3084    -0.3639     1.0000    -0.2149     0.0356    -0.5426    -0.3567     0.1237     0.0646    -0.3857
x               0.1281     0.4142    -0.1468    -0.2856     0.8250     0.4203    -0.5910    -0.3164    -0.9240    -0.2856    -0.4568    -0.5910    -0.3570     0.4203    -0.8969    -0.9159     0.8423    -0.9560     0.3813     1.0000     0.9302     0.9302     0.9298     0.9073     0.9577    -0.0347     0.9433     0.8706     0.9501    -0.3593     0.5447     0.6734    -0.7922    -0.5125    -0.3164    -0.3985    -0.5645     0.6474     0.5289     0.5508     0.8555     0.8614     0.1825    -0.3164     0.4142     0.8250    -0.5910    -0.2856    -0.4568     0.4203    -0.9240    -0.9560     0.3813    -0.8969     0.9014    -0.5125    -0.3985     0.9302     0.7205    -0.7922
psi             0.0858     0.3752    -0.3387    -0.3969     0.8462     0.2574    -0.7119    -0.4196    -0.8473    -0.3969    -0.5291    -0.7119    -0.3053     0.2574    -0.9741    -0.9595     0.9285    -0.9567     0.1237     0.9302     1.0000     1.0000     1.0000     0.9952     0.7920    -0.1908     0.8837     0.9527     0.7986    -0.4597     0.6381     0.5934    -0.8179    -0.5402    -0.4196    -0.5004    -0.6180     0.6547     0.4691     0.5954     0.8840     0.9505     0.1428    -0.4196     0.3752     0.8462    -0.7119    -0.3969    -0.5291     0.2574    -0.8473    -0.9567     0.1237    -0.9741     0.9933    -0.5402    -0.5004     1.0000     0.5697    -0.8179
phi             0.0858     0.3752    -0.3387    -0.3969     0.8462     0.2574    -0.7119    -0.4196    -0.8473    -0.3969    -0.5291    -0.7119    -0.3053     0.2574    -0.9741    -0.9595     0.9285    -0.9567     0.1237     0.9302     1.0000     1.0000     1.0000     0.9952     0.7920    -0.1908     0.8837     0.9527     0.7986    -0.4597     0.6381     0.5934    -0.8179    -0.5402    -0.4196    -0.5004    -0.6180     0.6547     0.4691     0.5954     0.8840     0.9505     0.1428    -0.4196     0.3752     0.8462    -0.7119    -0.3969    -0.5291     0.2574    -0.8473    -0.9567     0.1237    -0.9741     0.9933    -0.5402    -0.5004     1.0000     0.5697    -0.8179
upsilon         0.0870     0.3750    -0.3332    -0.3924     0.8423     0.2599    -0.7077    -0.4153    -0.8449    -0.3924    -0.5249    -0.7077    -0.3043     0.2599    -0.9731    -0.9600     0.9298    -0.9556     0.1217     0.9298     1.0000     1.0000     1.0000     0.9954     0.7922    -0.1868     0.8822     0.9539     0.7989    -0.4556     0.6330     0.5928    -0.8139    -0.5372    -0.4153    -0.4955    -0.6139     0.6517     0.4689     0.5915     0.8805     0.9496     0.1422    -0.4153     0.3750     0.8423    -0.7077    -0.3924    -0.5249     0.2599    -0.8449    -0.9556     0.1217    -0.9731     0.9933    -0.5372    -0.4955     1.0000     0.5704    -0.8139
mu              0.0691     0.3466    -0.3333    -0.3465     0.8086     0.2932    -0.6844    -0.3650    -0.8313    -0.3465    -0.4711    -0.6844    -0.2173     0.2932    -0.9532    -0.9332     0.9565    -0.9252     0.0491     0.9073     0.9952     0.9952     0.9954     1.0000     0.7591    -0.1548     0.8735     0.9737     0.7825    -0.4054     0.6615     0.5192    -0.7757    -0.4713    -0.3650    -0.4525    -0.5986     0.5887     0.3918     0.5357     0.8502     0.9245     0.1344    -0.3650     0.3466     0.8086    -0.6844    -0.3465    -0.4711     0.2932    -0.8313    -0.9252     0.0491    -0.9532     0.9997    -0.4713    -0.4525     0.9952     0.5878    -0.7757
mu_star         0.1628     0.4049     0.0775    -0.1220     0.6872     0.5354    -0.3956    -0.1587    -0.8705    -0.1220    -0.3108    -0.3956    -0.3523     0.5354    -0.7455    -0.8052     0.7148    -0.8554     0.5197     0.9577     0.7920     0.7920     0.7922     0.7591     1.0000     0.1343     0.8852     0.7427     0.9825    -0.2014     0.3643     0.6663    -0.6532    -0.4099    -0.1587    -0.2265    -0.4241     0.5476     0.5244     0.4204     0.7151     0.7050     0.1879    -0.1587     0.4049     0.6872    -0.3956    -0.1220    -0.3108     0.5354    -0.8705    -0.8554     0.5197    -0.7455     0.7502    -0.4099    -0.2265     0.7920     0.7779    -0.6532
A              -0.2836    -0.4101     0.7986     0.8356    -0.5009     0.8316     0.7994     0.9057    -0.0529     0.8356     0.8347     0.7994     0.4945     0.8316     0.3773     0.2056     0.0887     0.2968    -0.2303    -0.0347    -0.1908    -0.1908    -0.1868    -0.1548     0.1343     1.0000     0.0000     0.0497     0.2357     0.9035    -0.2481    -0.3649     0.5652     0.7399     0.9057     0.8711     0.2540    -0.6972    -0.4384    -0.8148    -0.4666    -0.4437     0.0273     0.9057    -0.4101    -0.5009     0.7994     0.8356     0.8347     0.8316    -0.0529     0.2968    -0.2303     0.3773    -0.1502     0.7399     0.8711    -0.1908     0.6151     0.5652
R_star          0.2271     0.4957    -0.1081    -0.1770     0.8013     0.5058    -0.5700    -0.2283    -0.9007    -0.1770    -0.3633    -0.5700    -0.2062     0.5058    -0.8344    -0.8247     0.8358    -0.8856     0.1960     0.9433     0.8837     0.8837     0.8822     0.8735     0.8852     0.0000     1.0000     0.8522     0.9091    -0.2750     0.6804     0.5004    -0.7603    -0.3765    -0.2283    -0.3396    -0.4851     0.5461     0.3371     0.4833     0.8280     0.7848     0.2700    -0.2283     0.4957     0.8013    -0.5700    -0.1770    -0.3633     0.5058    -0.9007    -0.8856     0.1960    -0.8344     0.8698    -0.3765    -0.3396     0.8837     0.7707    -0.7603
chi_h           0.0249     0.2620    -0.1800    -0.1416     0.6696     0.4675    -0.5137    -0.1484    -0.8046    -0.1416    -0.2608    -0.5137    -0.0382     0.4675    -0.8616    -0.8657     0.9969    -0.8352    -0.0667     0.8706     0.9527     0.9527     0.9539     0.9737     0.7427     0.0497     0.8522     1.0000     0.7993    -0.1900     0.6230     0.3766    -0.6224    -0.2686    -0.1484    -0.2449    -0.5099     0.3962     0.2376     0.3297     0.7222     0.8175     0.1264    -0.1484     0.2620     0.6696    -0.5137    -0.1416    -0.2608     0.4675    -0.8046    -0.8352    -0.0667    -0.8616     0.9756    -0.2686    -0.2449     0.9527     0.6995    -0.6224
chi_b           0.1194     0.3496     0.1035    -0.0147     0.6403     0.6516    -0.3405    -0.0409    -0.8899    -0.0147    -0.1957    -0.3405    -0.1851     0.6516    -0.7169    -0.7694     0.7846    -0.8181     0.4042     0.9501     0.7986     0.7986     0.7989     0.7825     0.9825     0.2357     0.9091     0.7993     1.0000    -0.0848     0.4372     0.5389    -0.5936    -0.2765    -0.0409    -0.1292    -0.4127     0.4277     0.3795     0.3068     0.6747     0.6613     0.1879    -0.0409     0.3496     0.6403    -0.3405    -0.0147    -0.1957     0.6516    -0.8899    -0.8181     0.4042    -0.7169     0.7769    -0.2765    -0.1292     0.7986     0.8693    -0.5936
Ynet           -0.1071    -0.3475     0.8047     0.9653    -0.7728     0.6802     0.9026     0.9981     0.3139     0.9653     0.9898     0.9026     0.7333     0.6802     0.6437     0.5282    -0.1321     0.6003    -0.3958    -0.3593    -0.4597    -0.4597    -0.4556    -0.4054    -0.2014     0.9035    -0.2750    -0.1900    -0.0848     1.0000    -0.3653    -0.6762     0.8210     0.9429     0.9981     0.9853     0.5747    -0.9160    -0.6959    -0.9664    -0.7433    -0.7000    -0.0211     0.9981    -0.3475    -0.7728     0.9026     0.9653     0.9898     0.6802     0.3139     0.6003    -0.3958     0.6437    -0.3992     0.9429     0.9853    -0.4597     0.3400     0.8210
R_dc           -0.0679     0.1721    -0.5575    -0.3576     0.7025     0.1583    -0.6522    -0.3463    -0.6650    -0.3576    -0.4004    -0.6522     0.0733     0.1583    -0.6218    -0.4907     0.6287    -0.5807    -0.1332     0.5447     0.6381     0.6381     0.6330     0.6615     0.3643    -0.2481     0.6804     0.6230     0.4372    -0.3653     1.0000     0.0368    -0.6684    -0.2351    -0.3463    -0.5050    -0.6153     0.3469    -0.1116     0.4342     0.7063     0.5775     0.1934    -0.3463     0.1721     0.7025    -0.6522    -0.3576    -0.4004     0.1583    -0.6650    -0.5807    -0.1332    -0.6218     0.6706    -0.2351    -0.5050     0.6381     0.4161    -0.6684
P_dc            0.0378     0.2906    -0.2690    -0.6466     0.7305    -0.1703    -0.5787    -0.6612    -0.5919    -0.6466    -0.7479    -0.5787    -0.8633    -0.1703    -0.7013    -0.7512     0.3084    -0.7621     0.6395     0.6734     0.5934     0.5934     0.5928     0.5192     0.6663    -0.3649     0.5004     0.3766     0.5389    -0.6762     0.0368     1.0000    -0.7492    -0.8815    -0.6612    -0.6215    -0.5560     0.8848     0.9799     0.7605     0.7253     0.7328     0.0454    -0.6612     0.2906     0.7305    -0.5787    -0.6466    -0.7479    -0.1703    -0.5919    -0.7621     0.6395    -0.7013     0.5062    -0.8815    -0.6215     0.5934     0.1492    -0.7492
cryp           -0.0820    -0.4135     0.6282     0.7720    -0.9964     0.1478     0.9177     0.7975     0.7809     0.7720     0.8765     0.9177     0.6161     0.1478     0.9109     0.8355    -0.5737     0.9152    -0.3857    -0.7922    -0.8179    -0.8179    -0.8139    -0.7757    -0.6532     0.5652    -0.7603    -0.6224    -0.5936     0.8210    -0.6684    -0.7492     1.0000     0.8506     0.7975     0.8611     0.7537    -0.9208    -0.6582    -0.9120    -0.9900    -0.9163    -0.1579     0.7975    -0.4135    -0.9964     0.9177     0.7720     0.8765     0.1478     0.7809     0.9152    -0.3857     0.9109    -0.7710     0.8506     0.8611    -0.8179    -0.2515     1.0000
DC             -0.0578    -0.3230     0.6404     0.9155    -0.8107     0.5271     0.8245     0.9371     0.4556     0.9155     0.9689     0.8245     0.8639     0.5271     0.7093     0.6602    -0.2004     0.7088    -0.5426    -0.5125    -0.5402    -0.5402    -0.5372    -0.4713    -0.4099     0.7399    -0.3765    -0.2686    -0.2765     0.9429    -0.2351    -0.8815     0.8506     1.0000     0.9371     0.9084     0.6257    -0.9774    -0.8881    -0.9528    -0.7880    -0.7608    -0.0249     0.9371    -0.3230    -0.8107     0.8245     0.9155     0.9689     0.5271     0.4556     0.7088    -0.5426     0.7093    -0.4618     1.0000     0.9084    -0.5402     0.1665     0.8506
DC_sup         -0.0639    -0.2983     0.8185     0.9764    -0.7479     0.7114     0.8821     1.0000     0.2863     0.9764     0.9864     0.8821     0.7343     0.7114     0.6085     0.4935    -0.0905     0.5627    -0.3893    -0.3164    -0.4196    -0.4196    -0.4153    -0.3650    -0.1587     0.9057    -0.2283    -0.1484    -0.0409     0.9981    -0.3463    -0.6612     0.7975     0.9371     1.0000     0.9837     0.5831    -0.8987    -0.6867    -0.9515    -0.7158    -0.6670    -0.0060     1.0000    -0.2983    -0.7479     0.8821     0.9764     0.9864     0.7114     0.2863     0.5627    -0.3893     0.6085    -0.3595     0.9371     0.9837    -0.4196     0.3748     0.7975
m              -0.0410    -0.3033     0.8473     0.9653    -0.8219     0.6193     0.9268     0.9837     0.3953     0.9653     0.9836     0.9268     0.6754     0.6193     0.6725     0.5457    -0.1916     0.6284    -0.3567    -0.3985    -0.5004    -0.5004    -0.4955    -0.4525    -0.2265     0.8711    -0.3396    -0.2449    -0.1292     0.9853    -0.5050    -0.6215     0.8611     0.9084     0.9837     1.0000     0.6560    -0.8946    -0.6146    -0.9587    -0.7921    -0.7178    -0.0465     0.9837    -0.3033    -0.8219     0.9268     0.9653     0.9836     0.6193     0.3953     0.6284    -0.3567     0.6725    -0.4488     0.9084     1.0000    -0.5004     0.2596     0.8611
Lambda          0.5914     0.2831     0.6592     0.7053    -0.7747     0.0968     0.6068     0.5831     0.7645     0.7053     0.6581     0.6068     0.4350     0.0968     0.6726     0.6496    -0.4755     0.6558    -0.1923    -0.5645    -0.6180    -0.6180    -0.6139    -0.5986    -0.4241     0.2540    -0.4851    -0.5099    -0.4127     0.5747    -0.6153    -0.5560     0.7537     0.6257     0.5831     0.6560     1.0000    -0.6085    -0.4594    -0.5732    -0.7671    -0.6647     0.0004     0.5831     0.2831    -0.7747     0.6068     0.7053     0.6581     0.0968     0.7645     0.6558    -0.1923     0.6726    -0.6051     0.6257     0.6560    -0.6180    -0.2802     0.7537
gam             0.1795     0.4650    -0.5847    -0.8511     0.8895    -0.3842    -0.8721    -0.8987    -0.5651    -0.8511    -0.9509    -0.8721    -0.8224    -0.3842    -0.8015    -0.7474     0.3312    -0.8144     0.5452     0.6474     0.6547     0.6547     0.6517     0.5887     0.5476    -0.6972     0.5461     0.3962     0.4277    -0.9160     0.3469     0.8848    -0.9208    -0.9774    -0.8987    -0.8946    -0.6085     1.0000     0.8606     0.9744     0.8733     0.8396     0.0949    -0.8987     0.4650     0.8895    -0.8721    -0.8511    -0.9509    -0.3842    -0.5651    -0.8144     0.5452    -0.8015     0.5782    -0.9774    -0.8946     0.6547    -0.0150    -0.9208
trs             0.0639     0.2760    -0.2768    -0.6662     0.6260    -0.3136    -0.5368    -0.6867    -0.4250    -0.6662    -0.7467    -0.5368    -0.8874    -0.3136    -0.5990    -0.6457     0.1675    -0.6464     0.6315     0.5289     0.4691     0.4691     0.4689     0.3918     0.5244    -0.4384     0.3371     0.2376     0.3795    -0.6959    -0.1116     0.9799    -0.6582    -0.8881    -0.6867    -0.6146    -0.4594     0.8606     1.0000     0.7438     0.6161     0.6463    -0.0041    -0.6867     0.2760     0.6260    -0.5368    -0.6662    -0.7467    -0.3136    -0.4250    -0.6464     0.6315    -0.5990     0.3779    -0.8881    -0.6146     0.4691    -0.0288    -0.6582
Lambda1         0.2262     0.4975    -0.6895    -0.8934     0.8737    -0.4922    -0.9292    -0.9515    -0.4741    -0.8934    -0.9783    -0.9292    -0.7589    -0.4922    -0.7571    -0.6593     0.2698    -0.7476     0.4779     0.5508     0.5954     0.5954     0.5915     0.5357     0.4204    -0.8148     0.4833     0.3297     0.3068    -0.9664     0.4342     0.7605    -0.9120    -0.9528    -0.9515    -0.9587    -0.5732     0.9744     0.7438     1.0000     0.8510     0.7993     0.1018    -0.9515     0.4975     0.8737    -0.9292    -0.8934    -0.9783    -0.4922    -0.4741    -0.7476     0.4779    -0.7571     0.5269    -0.9528    -0.9587     0.5954    -0.1333    -0.9120
mu_cryp         0.0563     0.3927    -0.5756    -0.6967     0.9972    -0.0278    -0.8861    -0.7158    -0.8459    -0.6967    -0.8086    -0.8861    -0.5463    -0.0278    -0.9476    -0.8851     0.6791    -0.9514     0.3319     0.8555     0.8840     0.8840     0.8805     0.8502     0.7151    -0.4666     0.8280     0.7222     0.6747    -0.7433     0.7063     0.7253    -0.9900    -0.7880    -0.7158    -0.7921    -0.7671     0.8733     0.6161     0.8510     1.0000     0.9423     0.1659    -0.7158     0.3927     0.9972    -0.8861    -0.6967    -0.8086    -0.0278    -0.8459    -0.9514     0.3319    -0.9476     0.8467    -0.7880    -0.7921     0.8840     0.3665    -0.9900
x_c             0.1187     0.4251    -0.4955    -0.6349     0.9206    -0.0315    -0.8479    -0.6670    -0.7625    -0.6349    -0.7529    -0.8479    -0.5398    -0.0315    -0.9950    -0.9625     0.7748    -0.9671     0.2303     0.8614     0.9505     0.9505     0.9496     0.9245     0.7050    -0.4437     0.7848     0.8175     0.6613    -0.7000     0.5775     0.7328    -0.9163    -0.7608    -0.6670    -0.7178    -0.6647     0.8396     0.6463     0.7993     0.9423     1.0000     0.1263    -0.6670     0.4251     0.9206    -0.8479    -0.6349    -0.7529    -0.0315    -0.7625    -0.9671     0.2303    -0.9950     0.9195    -0.7608    -0.7178     0.9505     0.3257    -0.9163
DE              0.2056     0.2496     0.1048     0.0385     0.1661     0.1579    -0.0858    -0.0060    -0.1623     0.0385    -0.0382    -0.0858    -0.0764     0.1579    -0.1384    -0.1453     0.1204    -0.1633    -0.0211     0.1825     0.1428     0.1428     0.1422     0.1344     0.1879     0.0273     0.2700     0.1264     0.1879    -0.0211     0.1934     0.0454    -0.1579    -0.0249    -0.0060    -0.0465     0.0004     0.0949    -0.0041     0.1018     0.1659     0.1263     1.0000    -0.0060     0.2496     0.1661    -0.0858     0.0385    -0.0382     0.1579    -0.1623    -0.1633    -0.0211    -0.1384     0.1312    -0.0249    -0.0465     0.1428     0.1863    -0.1579
logY           -0.0639    -0.2983     0.8185     0.9764    -0.7479     0.7114     0.8821     1.0000     0.2863     0.9764     0.9864     0.8821     0.7343     0.7114     0.6085     0.4935    -0.0905     0.5627    -0.3893    -0.3164    -0.4196    -0.4196    -0.4153    -0.3650    -0.1587     0.9057    -0.2283    -0.1484    -0.0409     0.9981    -0.3463    -0.6612     0.7975     0.9371     1.0000     0.9837     0.5831    -0.8987    -0.6867    -0.9515    -0.7158    -0.6670    -0.0060     1.0000    -0.2983    -0.7479     0.8821     0.9764     0.9864     0.7114     0.2863     0.5627    -0.3893     0.6085    -0.3595     0.9371     0.9837    -0.4196     0.3748     0.7975
logPi           0.9399     1.0000     0.0303    -0.0922     0.3869     0.0079    -0.4831    -0.2983    -0.1274    -0.0922    -0.3188    -0.4831    -0.2350     0.0079    -0.4154    -0.3395     0.2434    -0.4468     0.2549     0.4142     0.3752     0.3752     0.3750     0.3466     0.4049    -0.4101     0.4957     0.2620     0.3496    -0.3475     0.1721     0.2906    -0.4135    -0.3230    -0.2983    -0.3033     0.2831     0.4650     0.2760     0.4975     0.3927     0.4251     0.2496    -0.2983     1.0000     0.3869    -0.4831    -0.0922    -0.3188     0.0079    -0.1274    -0.4468     0.2549    -0.4154     0.3316    -0.3230    -0.3033     0.3752     0.0638    -0.4135
logR            0.0502     0.3869    -0.6016    -0.7298     1.0000    -0.0729    -0.8951    -0.7479    -0.8276    -0.7298    -0.8361    -0.8951    -0.5728    -0.0729    -0.9229    -0.8539     0.6244    -0.9299     0.3580     0.8250     0.8462     0.8462     0.8423     0.8086     0.6872    -0.5009     0.8013     0.6696     0.6403    -0.7728     0.7025     0.7305    -0.9964    -0.8107    -0.7479    -0.8219    -0.7747     0.8895     0.6260     0.8737     0.9972     0.9206     0.1661    -0.7479     0.3869     1.0000    -0.8951    -0.7298    -0.8361    -0.0729    -0.8276    -0.9299     0.3580    -0.9229     0.8049    -0.8107    -0.8219     0.8462     0.3261    -0.9964
logI           -0.2050    -0.4831     0.8029     0.8292    -0.8951     0.3873     1.0000     0.8821     0.5331     0.8292     0.9042     1.0000     0.4852     0.3873     0.8261     0.6780    -0.4754     0.7750    -0.2698    -0.5910    -0.7119    -0.7119    -0.7077    -0.6844    -0.3956     0.7994    -0.5700    -0.5137    -0.3405     0.9026    -0.6522    -0.5787     0.9177     0.8245     0.8821     0.9268     0.6068    -0.8721    -0.5368    -0.9292    -0.8861    -0.8479    -0.0858     0.8821    -0.4831    -0.8951     1.0000     0.8292     0.9042     0.3873     0.5331     0.7750    -0.2698     0.8261    -0.6817     0.8245     0.9268    -0.7119     0.0318     0.9177
logL            0.1530    -0.0922     0.8608     1.0000    -0.7298     0.7064     0.8292     0.9764     0.3229     1.0000     0.9661     0.8292     0.7177     0.7064     0.5798     0.4794    -0.0850     0.5286    -0.3563    -0.2856    -0.3969    -0.3969    -0.3924    -0.3465    -0.1220     0.8356    -0.1770    -0.1416    -0.0147     0.9653    -0.3576    -0.6466     0.7720     0.9155     0.9764     0.9653     0.7053    -0.8511    -0.6662    -0.8934    -0.6967    -0.6349     0.0385     0.9764    -0.0922    -0.7298     0.8292     1.0000     0.9661     0.7064     0.3229     0.5286    -0.3563     0.5798    -0.3442     0.9155     0.9653    -0.3969     0.3545     0.7720
logC           -0.0492    -0.3188     0.7777     0.9661    -0.8361     0.5939     0.9042     0.9864     0.4304     0.9661     1.0000     0.9042     0.7722     0.5939     0.7039     0.6076    -0.1999     0.6776    -0.4450    -0.4568    -0.5291    -0.5291    -0.5249    -0.4711    -0.3108     0.8347    -0.3633    -0.2608    -0.1957     0.9898    -0.4004    -0.7479     0.8765     0.9689     0.9864     0.9836     0.6581    -0.9509    -0.7467    -0.9783    -0.8086    -0.7529    -0.0382     0.9864    -0.3188    -0.8361     0.9042     0.9661     1.0000     0.5939     0.4304     0.6776    -0.4450     0.7039    -0.4648     0.9689     0.9836    -0.5291     0.2255     0.8765
logEX           0.0088     0.0079     0.6316     0.7064    -0.0729     1.0000     0.3873     0.7114    -0.4418     0.7064     0.5939     0.3873     0.4659     1.0000    -0.0572    -0.1624     0.5042    -0.1506    -0.1072     0.4203     0.2574     0.2574     0.2599     0.2932     0.5354     0.8316     0.5058     0.4675     0.6516     0.6802     0.1583    -0.1703     0.1478     0.5271     0.7114     0.6193     0.0968    -0.3842    -0.3136    -0.4922    -0.0278    -0.0315     0.1579     0.7114     0.0079    -0.0729     0.3873     0.7064     0.5939     1.0000    -0.4418    -0.1506    -0.1072    -0.0572     0.2957     0.5271     0.6193     0.2574     0.9123     0.1478
logM            0.1822    -0.1274     0.2464     0.3229    -0.8276    -0.4418     0.5331     0.2863     1.0000     0.3229     0.4304     0.5331     0.2867    -0.4418     0.8113     0.8247    -0.7819     0.8713    -0.3084    -0.9240    -0.8473    -0.8473    -0.8449    -0.8313    -0.8705    -0.0529    -0.9007    -0.8046    -0.8899     0.3139    -0.6650    -0.5919     0.7809     0.4556     0.2863     0.3953     0.7645    -0.5651    -0.4250    -0.4741    -0.8459    -0.7625    -0.1623     0.2863    -0.1274    -0.8276     0.5331     0.3229     0.4304    -0.4418     1.0000     0.8713    -0.3084     0.8113    -0.8316     0.4556     0.3953    -0.8473    -0.7705     0.7809
logD           -0.1324    -0.4468     0.3660     0.5286    -0.9299    -0.1506     0.7750     0.5627     0.8713     0.5286     0.6776     0.7750     0.5168    -0.1506     0.9788     0.9659    -0.7943     1.0000    -0.3639    -0.9560    -0.9567    -0.9567    -0.9556    -0.9252    -0.8554     0.2968    -0.8856    -0.8352    -0.8181     0.6003    -0.5807    -0.7621     0.9152     0.7088     0.5627     0.6284     0.6558    -0.8144    -0.6464    -0.7476    -0.9514    -0.9671    -0.1633     0.5627    -0.4468    -0.9299     0.7750     0.5286     0.6776    -0.1506     0.8713     1.0000    -0.3639     0.9788    -0.9189     0.7088     0.6284    -0.9567    -0.5048     0.9152
logD_star       0.1348     0.2549    -0.0922    -0.3563     0.3580    -0.1072    -0.2698    -0.3893    -0.3084    -0.3563    -0.4450    -0.2698    -0.5512    -0.1072    -0.2149    -0.2197    -0.1101    -0.3639     1.0000     0.3813     0.1237     0.1237     0.1217     0.0491     0.5197    -0.2303     0.1960    -0.0667     0.4042    -0.3958    -0.1332     0.6395    -0.3857    -0.5426    -0.3893    -0.3567    -0.1923     0.5452     0.6315     0.4779     0.3319     0.2303    -0.0211    -0.3893     0.2549     0.3580    -0.2698    -0.3563    -0.4450    -0.1072    -0.3084    -0.3639     1.0000    -0.2149     0.0356    -0.5426    -0.3567     0.1237     0.0646    -0.3857
logN           -0.1056    -0.4154     0.4656     0.5798    -0.9229    -0.0572     0.8261     0.6085     0.8113     0.5798     0.7039     0.8261     0.4771    -0.0572     1.0000     0.9683    -0.8238     0.9788    -0.2149    -0.8969    -0.9741    -0.9741    -0.9731    -0.9532    -0.7455     0.3773    -0.8344    -0.8616    -0.7169     0.6437    -0.6218    -0.7013     0.9109     0.7093     0.6085     0.6725     0.6726    -0.8015    -0.5990    -0.7571    -0.9476    -0.9950    -0.1384     0.6085    -0.4154    -0.9229     0.8261     0.5798     0.7039    -0.0572     0.8113     0.9788    -0.2149     1.0000    -0.9492     0.7093     0.6725    -0.9741    -0.4111     0.9109
spread          0.0544     0.3316    -0.3406    -0.3442     0.8049     0.2957    -0.6817    -0.3595    -0.8316    -0.3442    -0.4648    -0.6817    -0.2027     0.2957    -0.9492    -0.9275     0.9595    -0.9189     0.0356     0.9014     0.9933     0.9933     0.9933     0.9997     0.7502    -0.1502     0.8698     0.9756     0.7769    -0.3992     0.6706     0.5062    -0.7710    -0.4618    -0.3595    -0.4488    -0.6051     0.5782     0.3779     0.5269     0.8467     0.9195     0.1312    -0.3595     0.3316     0.8049    -0.6817    -0.3442    -0.4648     0.2957    -0.8316    -0.9189     0.0356    -0.9492     1.0000    -0.4618    -0.4488     0.9933     0.5898    -0.7710
logDC          -0.0578    -0.3230     0.6404     0.9155    -0.8107     0.5271     0.8245     0.9371     0.4556     0.9155     0.9689     0.8245     0.8639     0.5271     0.7093     0.6602    -0.2004     0.7088    -0.5426    -0.5125    -0.5402    -0.5402    -0.5372    -0.4713    -0.4099     0.7399    -0.3765    -0.2686    -0.2765     0.9429    -0.2351    -0.8815     0.8506     1.0000     0.9371     0.9084     0.6257    -0.9774    -0.8881    -0.9528    -0.7880    -0.7608    -0.0249     0.9371    -0.3230    -0.8107     0.8245     0.9155     0.9689     0.5271     0.4556     0.7088    -0.5426     0.7093    -0.4618     1.0000     0.9084    -0.5402     0.1665     0.8506
logm           -0.0410    -0.3033     0.8473     0.9653    -0.8219     0.6193     0.9268     0.9837     0.3953     0.9653     0.9836     0.9268     0.6754     0.6193     0.6725     0.5457    -0.1916     0.6284    -0.3567    -0.3985    -0.5004    -0.5004    -0.4955    -0.4525    -0.2265     0.8711    -0.3396    -0.2449    -0.1292     0.9853    -0.5050    -0.6215     0.8611     0.9084     0.9837     1.0000     0.6560    -0.8946    -0.6146    -0.9587    -0.7921    -0.7178    -0.0465     0.9837    -0.3033    -0.8219     0.9268     0.9653     0.9836     0.6193     0.3953     0.6284    -0.3567     0.6725    -0.4488     0.9084     1.0000    -0.5004     0.2596     0.8611
leverage        0.0858     0.3752    -0.3387    -0.3969     0.8462     0.2574    -0.7119    -0.4196    -0.8473    -0.3969    -0.5291    -0.7119    -0.3053     0.2574    -0.9741    -0.9595     0.9285    -0.9567     0.1237     0.9302     1.0000     1.0000     1.0000     0.9952     0.7920    -0.1908     0.8837     0.9527     0.7986    -0.4597     0.6381     0.5934    -0.8179    -0.5402    -0.4196    -0.5004    -0.6180     0.6547     0.4691     0.5954     0.8840     0.9505     0.1428    -0.4196     0.3752     0.8462    -0.7119    -0.3969    -0.5291     0.2574    -0.8473    -0.9567     0.1237    -0.9741     0.9933    -0.5402    -0.5004     1.0000     0.5697    -0.8179
TB             -0.0770     0.0638     0.3363     0.3545     0.3261     0.9123     0.0318     0.3748    -0.7705     0.3545     0.2255     0.0318     0.2002     0.9123    -0.4111    -0.4919     0.7152    -0.5048     0.0646     0.7205     0.5697     0.5697     0.5704     0.5878     0.7779     0.6151     0.7707     0.6995     0.8693     0.3400     0.4161     0.1492    -0.2515     0.1665     0.3748     0.2596    -0.2802    -0.0150    -0.0288    -0.1333     0.3665     0.3257     0.1863     0.3748     0.0638     0.3261     0.0318     0.3545     0.2255     0.9123    -0.7705    -0.5048     0.0646    -0.4111     0.5898     0.1665     0.2596     0.5697     1.0000    -0.2515
logcryp        -0.0820    -0.4135     0.6282     0.7720    -0.9964     0.1478     0.9177     0.7975     0.7809     0.7720     0.8765     0.9177     0.6161     0.1478     0.9109     0.8355    -0.5737     0.9152    -0.3857    -0.7922    -0.8179    -0.8179    -0.8139    -0.7757    -0.6532     0.5652    -0.7603    -0.6224    -0.5936     0.8210    -0.6684    -0.7492     1.0000     0.8506     0.7975     0.8611     0.7537    -0.9208    -0.6582    -0.9120    -0.9900    -0.9163    -0.1579     0.7975    -0.4135    -0.9964     0.9177     0.7720     0.8765     0.1478     0.7809     0.9152    -0.3857     0.9109    -0.7710     0.8506     0.8611    -0.8179    -0.2515     1.0000



COEFFICIENTS OF AUTOCORRELATION
Order              1        2        3        4        5
mc            0.4808   0.2363   0.1207   0.0657   0.0392
Pi            0.5916   0.3912   0.2891   0.2338   0.2012
Z             0.8573   0.7634   0.6938   0.6373   0.5883
w             0.9222   0.8697   0.8298   0.7964   0.7665
R             0.9197   0.8492   0.7864   0.7298   0.6785
epsilon       0.9481   0.8992   0.8535   0.8107   0.7706
Q             0.9381   0.8757   0.8155   0.7586   0.7055
Y             0.9665   0.9330   0.9002   0.8685   0.8380
M             0.8642   0.7677   0.6927   0.6305   0.5768
L             0.9222   0.8697   0.8298   0.7964   0.7665
C             0.9645   0.9307   0.8985   0.8678   0.8384
I             0.9381   0.8757   0.8155   0.7586   0.7055
K             0.9993   0.9972   0.9939   0.9895   0.9841
EX            0.9481   0.8992   0.8535   0.8107   0.7706
N             0.9291   0.8637   0.8036   0.7483   0.6975
K_b           0.9421   0.8883   0.8385   0.7923   0.7493
K_h           0.9213   0.8490   0.7825   0.7215   0.6654
D             0.9354   0.8756   0.8205   0.7697   0.7229
D_star        0.9950   0.9874   0.9782   0.9681   0.9573
x             0.9336   0.8726   0.8165   0.7649   0.7174
psi           0.9218   0.8501   0.7843   0.7240   0.6686
phi           0.9218   0.8501   0.7843   0.7240   0.6686
upsilon       0.9223   0.8510   0.7856   0.7256   0.6704
mu            0.9179   0.8429   0.7741   0.7112   0.6534
mu_star       0.9490   0.9029   0.8605   0.8213   0.7848
A             0.9500   0.9025   0.8574   0.8145   0.7738
R_star        0.9000   0.8100   0.7290   0.6561   0.5905
chi_h         0.9211   0.8485   0.7819   0.7206   0.6643
chi_b         0.9405   0.8857   0.8353   0.7888   0.7458
Ynet          0.9685   0.9352   0.9020   0.8696   0.8382
R_dc          0.8118   0.6640   0.5429   0.4410   0.3542
P_dc          0.9973   0.9902   0.9795   0.9659   0.9499
cryp          0.9308   0.8678   0.8104   0.7580   0.7101
DC            0.9847   0.9677   0.9496   0.9305   0.9107
DC_sup        0.9665   0.9330   0.9002   0.8685   0.8380
m             0.9463   0.8974   0.8526   0.8112   0.7729
Lambda        0.6649   0.4933   0.3998   0.3441   0.3072
gam           0.9801   0.9580   0.9350   0.9114   0.8877
trs           0.9931   0.9832   0.9706   0.9556   0.9386
Lambda1       0.9671   0.9323   0.8977   0.8644   0.8325
mu_cryp       0.9190   0.8472   0.7829   0.7249   0.6723
x_c           0.9358   0.8764   0.8215   0.7708   0.7239
DE           -0.0334  -0.0245  -0.0194  -0.0162  -0.0140
logY          0.9665   0.9330   0.9002   0.8685   0.8380
logPi         0.5916   0.3912   0.2891   0.2338   0.2012
logR          0.9197   0.8492   0.7864   0.7298   0.6785
logI          0.9381   0.8757   0.8155   0.7586   0.7055
logL          0.9222   0.8697   0.8298   0.7964   0.7665
logC          0.9645   0.9307   0.8985   0.8678   0.8384
logEX         0.9481   0.8992   0.8535   0.8107   0.7706
logM          0.8642   0.7677   0.6927   0.6305   0.5768
logD          0.9354   0.8756   0.8205   0.7697   0.7229
logD_star     0.9950   0.9874   0.9782   0.9681   0.9573
logN          0.9291   0.8637   0.8036   0.7483   0.6975
spread        0.9167   0.8407   0.7713   0.7078   0.6495
logDC         0.9847   0.9677   0.9496   0.9305   0.9107
logm          0.9463   0.8974   0.8526   0.8112   0.7729
leverage      0.9218   0.8501   0.7843   0.7240   0.6686
TB            0.9203   0.8514   0.7902   0.7350   0.6848
logcryp       0.9308   0.8678   0.8104   0.7580   0.7101
Total computing time : 0h00m00s
Note: warning(s) encountered in MATLAB/Octave code
