Starting Dynare (version 5.2).
Calling Dynare with arguments: none
Starting preprocessing of the model file ...
Found 64 equation(s).
Evaluating expressions...done
Computing static model derivatives (order 1).
Computing dynamic model derivatives (order 1).
Processing outputs ...
done
Preprocessing completed.


STEADY-STATE RESULTS:

mc        		 0.888889
Pi        		 1
Z         		 0.0393545
w         		 5.09951
R         		 1.015
epsilon   		 1.03163
Q         		 1
Y         		 2.98667
M         		 0.463214
L         		 0.270713
C         		 1.99429
I         		 0.404754
K         		 20.2377
EX        		 0.534767
N         		 3.93239
K_b       		 15.8305
K_h       		 4.40724
D         		 3.58917
D_star    		 8.0962
x         		 0.52761
psi       		 1.61429
phi       		 4.02566
upsilon   		 1.57743
mu        		 0.0067674
mu_star   		 0.0127243
A         		 1
R_star    		 1.00681
Y_star    		 0.518369
Phi       		 0
Theta     		 0.401
chi_h     		 0.00945384
chi_b     		 0.0434066
Ynet      		 2.45594
P_c       		 1
R_dc      		 1
theta_c   		 1
cryp      		 0
DC        		 3.70136
m         		 1.41708
R_c       		 1
Lambda    		 0.985222
gam       		 0.157536
trs       		 0.276858
Lambda1   		 0.885317
sigma_Rc  		 0
mu_cryp   		 0.0233118
x_c       		 0
DE        		 1
logY      		 1.09416
logPi     		 0
logR      		 0.0148886
logI      		 -0.904476
logL      		 -1.30669
logC      		 0.690286
logEX     		 -0.625924
logM      		 -0.769567
logD      		 1.27792
logD_star 		 2.09139
logN      		 1.36925
spread    		 0.00435449
logDC     		 1.3087
logm      		 0.348598
leverage  		 1.39269
TB        		 0.0715536

EIGENVALUES:
         Modulus             Real        Imaginary

       6.546e-17       -6.546e-17                0
       2.822e-16        2.822e-16                0
       1.615e-15        1.615e-15                0
          0.4458           0.4458                0
             0.9              0.9                0
             0.9              0.9                0
          0.9326           0.9326                0
            0.95             0.95                0
            0.95             0.95                0
            0.95             0.95                0
          0.9772           0.9772                0
           0.984            0.984                0
            1.02             1.02                0
           1.041            1.041                0
           1.074            1.074                0
           1.148            1.148                0
           1.648            1.648                0
       1.339e+17        1.339e+17                0
       2.609e+18        2.609e+18                0


There are 7 eigenvalue(s) larger than 1 in modulus 
for 7 forward-looking variable(s)

The rank condition is verified.

MODEL_DIAGNOSTICS:  The Jacobian of the static model is singular
MODEL_DIAGNOSTICS:  there is 2 colinear relationships between the variables and the equations
Relation 1
Colinear variables:
Z
w
epsilon
Y
M
L
C
I
K
EX
N
K_b
K_h
D
D_star
x
psi
phi
upsilon
mu
mu_star
R_star
Y_star
chi_h
chi_b
Ynet
DC
m
gam
trs
Lambda1
mu_cryp
logY
logI
logL
logC
logEX
logM
logD
logD_star
logN
spread
logDC
logm
leverage
TB
Relation 2
Colinear variables:
Z
w
epsilon
Y
M
L
C
I
K
EX
N
K_b
K_h
D
D_star
x
psi
phi
upsilon
mu
mu_star
R_star
Y_star
chi_h
chi_b
Ynet
DC
m
gam
trs
Lambda1
mu_cryp
logY
logI
logL
logC
logEX
logM
logD
logD_star
logN
spread
logDC
logm
leverage
TB
Relation 1
Colinear equations
    46    47

Relation 2
Colinear equations
    46    47

MODEL_DIAGNOSTICS:  The presence of a singularity problem typically indicates that there is one
MODEL_DIAGNOSTICS:  redundant equation entered in the model block, while another non-redundant equation
MODEL_DIAGNOSTICS:  is missing. The problem often derives from Walras Law.

MODEL SUMMARY

  Number of variables:         64
  Number of stochastic shocks: 6
  Number of state variables:   12
  Number of jumpers:           7
  Number of static variables:  46


MATRIX OF COVARIANCE OF EXOGENOUS SHOCKS
Variables               varepsilon_R      varepsilon_A  varepsilon_Rstar  varepsilon_Ystar            eps_Rc               vol
varepsilon_R                0.000006          0.000000          0.000000          0.000000          0.000000          0.000000
varepsilon_A                0.000000          0.000100          0.000000          0.000000          0.000000          0.000000
varepsilon_Rstar            0.000000          0.000000          0.000006          0.000000          0.000000          0.000000
varepsilon_Ystar            0.000000          0.000000          0.000000          0.000000          0.000000          0.000000
eps_Rc                      0.000000          0.000000          0.000000          0.000000          0.000000          0.000000
vol                         0.000000          0.000000          0.000000          0.000000          0.000000          0.000000

POLICY AND TRANSITION FUNCTIONS
                                  mc              Pi               Z               w               R         epsilon               Q               Y               M               L               C               I               K              EX               N             K_b             K_h               D          D_star               x             psi             phi         upsilon              mu         mu_star               A          R_star          Y_star             Phi           Theta           chi_h           chi_b            Ynet             P_c            R_dc         theta_c            cryp              DC               m             R_c          Lambda             gam             trs         Lambda1        sigma_Rc         mu_cryp             x_c              DE            logY           logPi            logR            logI            logL            logC           logEX            logM            logD       logD_star            logN          spread           logDC            logm        leverage              TB
Constant                    0.888889        1.000000        0.039354        5.099506        1.015000        1.031634        1.000000        2.986667        0.463214        0.270713        1.994286        0.404754       20.237705        0.534767        3.932393       15.830465        4.407240        3.589170        8.096196        0.527610        1.614289        4.025657        1.577431        0.006767        0.012724        1.000000        1.006813        0.518369               0        0.401000        0.009454        0.043407        2.455940        1.000000        1.000000        1.000000               0        3.701356        1.417079        1.000000        0.985222        0.157536        0.276858        0.885317               0        0.023312               0        1.000000        1.094158               0        0.014889       -0.904476       -1.306695        0.690286       -0.625924       -0.769567        1.277921        2.091395        1.369248        0.004354        1.308699        0.348598        1.392688        0.071554
R(-1)                      -2.946603       -1.012339       -0.277796       -8.999120        0.335481       -1.602683       -1.948442      -11.181751       -2.550120       -1.433187       -9.385415       -1.182960       -1.182960       -0.830782      -27.307469      -42.599509       41.416549      -30.491191       -2.550120        1.461958        3.720632        9.278384        3.241694        0.091085        0.039879               0               0               0               0               0        0.178235        0.039170       -8.025982               0               0               0               0      -33.151919       -4.132320               0       -0.769160        1.049443        1.209376        1.209243               0        0.561579               0       -2.565878       -3.743889       -1.012339        0.330523       -2.922663       -5.294113       -4.706154       -1.553539       -5.505278       -8.495333       -0.314978       -6.944238        0.053059       -8.956696       -2.916083        2.304812        1.719339
K(-1)                      -0.009428       -0.003596       -0.001915        0.000944        0.000005        0.022344       -0.023278        0.033890       -0.009690        0.000150        0.025177       -0.014133        0.965867        0.011583       -0.549149       -0.680387        1.646254       -0.665988       -0.009690        0.045754        0.118473        0.295444        0.103564        0.002807        0.001283               0               0               0               0               0        0.006611        0.004652        0.022273               0               0               0               0        0.035218        0.019745               0       -0.001781       -0.003917        0.000885       -0.022630               0        0.001538               0        0.018063        0.011347       -0.003596        0.000005       -0.034916        0.000555        0.012624        0.021659       -0.020919       -0.185555       -0.001197       -0.139648        0.001528        0.009515        0.013934        0.073390        0.021272
K_b(-1)                    -0.000595       -0.000555        0.000013        0.000418       -0.000477       -0.004644        0.027842        0.002978        0.002237        0.000067        0.009642        0.016904        0.016904       -0.002407        1.400575        2.794312       -2.777408        1.860543        0.002237       -0.110050       -0.245060       -0.611121       -0.214973       -0.005381       -0.003215               0               0               0               0               0       -0.011923       -0.009237        0.023982               0               0               0               0        0.032789        0.004450               0        0.000023       -0.002481       -0.001145       -0.007636               0       -0.003907               0       -0.005056        0.000997       -0.000555       -0.000470        0.041763        0.000246        0.004835       -0.004501        0.004829        0.518377        0.000276        0.356164       -0.002869        0.008859        0.003140       -0.151807       -0.004644
D(-1)                       0.000592        0.000553       -0.000013       -0.000416        0.000475        0.004624       -0.027723       -0.002965       -0.002227       -0.000066       -0.009600       -0.016832       -0.016832        0.002397       -1.394592       -2.782376        2.765544       -1.852595       -0.002227        0.109580        0.244013        0.608511        0.214055        0.005358        0.003201               0               0               0               0               0        0.011872        0.009198       -0.023879               0               0               0               0       -0.032649       -0.004431               0       -0.000023        0.002470        0.001140        0.007604               0        0.003891               0        0.005035       -0.000993        0.000553        0.000468       -0.041585       -0.000245       -0.004814        0.004482       -0.004808       -0.516163       -0.000275       -0.354642        0.002857       -0.008821       -0.003127        0.151158        0.004624
D_star(-1)                 -0.002370        0.000646       -0.000918       -0.029733        0.002727        0.042195       -0.057182       -0.061693       -0.029749       -0.004735       -0.092779       -0.034717       -0.034717        0.021873       -2.150173       -3.918266        3.883549       -3.995650        0.977063        0.246014        0.390801        0.974565        0.342340        0.007831        0.007265               0               0               0               0               0        0.016677        0.027253       -0.094478               0               0               0               0       -0.259798       -0.051801               0       -0.001543        0.016738        0.006734        0.057901               0        0.009235               0        0.041547       -0.020656        0.000646        0.002687       -0.085773       -0.017492       -0.046522        0.040901       -0.064223       -1.113252        0.120682       -0.546785        0.004100       -0.070190       -0.036555        0.242088        0.051622
A(-1)                      -0.574737       -0.220852        0.008802        0.285126       -0.010579        1.187816        0.915544        2.599087       -0.429743        0.045409        1.371259        0.555855        0.555855        0.615727        3.707224        0.211329        0.344526        1.879163       -0.429743        0.089388       -0.022353       -0.055743       -0.006034       -0.005879        0.004290        0.950000               0               0               0               0        0.001218        0.055028        2.435966               0               0               0               0        2.529031        0.976954               0       -0.099634       -0.205832        0.001230       -1.033636               0       -0.016288               0        0.930541        0.870230       -0.220852       -0.010423        1.373315        0.167738        0.687594        1.151393       -0.927743        0.523565       -0.053080        0.942740       -0.003326        0.683272        0.689414       -0.013847        1.045470
R_star(-1)                  0.804846        0.598765       -0.043775       -1.418079        0.686958        7.930695       -6.111771       -6.026433       -4.076206       -0.225841       -9.331617       -3.710646       -3.710646        4.111030     -156.896828     -276.334375      272.623729     -282.811866        4.019991       16.752491       26.362841       65.742744       22.983156        0.559822        0.482779               0        0.900000               0               0               0        1.171328        1.733473       -8.399690               0               0               0               0      -41.555755       -2.723003               0       -0.223408        2.735847        1.863054        6.160189               0        1.391490               0        8.286277       -2.017779        0.598765        0.676806       -9.167656       -0.834245       -4.679178        7.687512       -8.799839      -78.795900        0.496528      -39.898566        0.297760      -11.227170       -1.921561       16.330935        8.187236
Y_star(-1)                  0.229968        0.077714        0.030850        0.999387        0.001883       -0.449142        0.137938        1.568581        0.564786        0.159161        0.910352        0.083746        0.083746        0.695649        6.193314       10.538650      -10.454904       10.434837       -0.335214       -0.675568       -1.245086       -3.104953       -1.105725       -0.021759       -0.021436               0               0        0.900000               0               0       -0.044892       -0.076274        1.315144               0               0               0               0        1.925478        0.608837               0        0.031493       -0.014609       -0.018132       -0.092743               0       -0.013458               0       -0.357656        0.525194        0.077714        0.001855        0.206906        0.587931        0.456480        1.300844        1.219278        2.907312       -0.041404        1.574948       -0.011088        0.520209        0.429642       -0.771291        0.130862
P_c(-1)                            0               0               0               0               0               0               0               0               0               0               0               0               0               0               0               0               0               0               0               0               0               0               0               0               0               0               0               0               0               0               0               0               0               0               0               0               0               0               0       -1.000000               0               0               0               0               0        1.554119               0               0               0               0               0               0               0               0               0               0               0               0               0               0               0               0               0               0
theta_c(-1)                        0               0               0               0               0               0               0               0               0               0               0               0               0               0               0               0               0               0               0               0               0               0               0               0               0               0               0               0               0               0               0               0               0       -0.154393               0        0.950000               0               0               0       -0.154393               0               0               0               0               0        0.239945               0               0               0               0               0               0               0               0               0               0               0               0               0               0               0               0               0               0
sigma_Rc(-1)                       0               0               0               0               0               0               0               0               0               0               0               0               0               0               0               0               0               0               0               0               0               0               0               0               0               0               0               0               0               0               0               0               0               0               0               0               0               0               0               0               0               0               0               0        0.950000               0               0               0               0               0               0               0               0               0               0               0               0               0               0               0               0               0               0               0
epsilon(-1)                 0.217587        0.074845        0.020495        0.663943       -0.024631        0.119470        0.136543        0.824336        0.187594        0.105739        0.690052        0.082900        0.082900        0.061929        1.651143        2.417434       -2.334535        1.766563        0.187594       -0.079286       -0.210877       -0.525878       -0.183353       -0.005323       -0.002107               0               0               0               0               0       -0.010054       -0.000490        0.586012               0               0               0               0        2.437785        0.303771               0        0.056751       -0.076795       -0.088943       -0.087247               0       -0.040424               0       -0.778685        0.276005        0.074845       -0.024267        0.204815        0.390593        0.346014        0.115806        0.404984        0.492193        0.023171        0.419882       -0.003170        0.658620        0.214364       -0.130632       -0.125665
varepsilon_R               -3.741161       -1.286885       -0.352396      -11.415767        0.423511       -2.054149       -2.347707      -14.173545       -3.225472       -1.818059      -11.864673       -1.425366       -1.425366       -1.064808      -28.389566      -41.565105       40.139738      -30.374099       -3.225473        1.363234        3.625798        9.041890        3.152549        0.091525        0.036236               0               0               0               0               0        0.172871        0.008431      -10.075831               0               0               0               0      -41.915020       -5.223003               0       -0.975770        1.320399        1.529282        1.500113               0        0.695048               0       -3.278047       -4.745605       -1.286885        0.417252       -3.521561       -6.715808       -5.949335       -1.991162       -6.963249       -8.462709       -0.398394       -7.219413        0.054502      -11.324233       -3.685753        2.246066        2.160664
varepsilon_A               -0.604987       -0.232476        0.009265        0.300133       -0.011136        1.250332        0.963730        2.735881       -0.452361        0.047799        1.443430        0.585111        0.585111        0.648134        3.902341        0.222452        0.362659        1.978066       -0.452361        0.094092       -0.023529       -0.058677       -0.006352       -0.006188        0.004516        1.000000               0               0               0               0        0.001283        0.057924        2.564175               0               0               0               0        2.662138        1.028373               0       -0.104878       -0.216666        0.001295       -1.088038               0       -0.017145               0        0.979517        0.916031       -0.232476       -0.010972        1.445595        0.176566        0.723783        1.211993       -0.976571        0.551121       -0.055873        0.992358       -0.003501        0.719233        0.725699       -0.014576        1.100495
varepsilon_Rstar            0.915451        0.659523       -0.040438       -1.309980        0.738922        8.434877       -6.279938       -6.144820       -4.263311       -0.208625       -9.539497       -3.812746       -3.812746        4.372382     -155.118216     -272.028865      268.216118     -278.534660       -4.263311       16.415772       25.800278       64.339846       22.478069        0.552059        0.471511               0        1.000000               0               0               0        1.152466        1.682575       -8.488836               0               0               0               0      -43.851787       -2.562723               0       -0.234441        2.890278        2.009891        6.327313               0        1.463591               0        8.835756       -2.057417        0.659523        0.728002       -9.419908       -0.770651       -4.783415        8.176233       -9.203768      -77.604202       -0.526582      -39.446268        0.294209      -11.847492       -1.808454       15.982446        8.635693
varepsilon_Ystar            0.255520        0.086349        0.034278        1.110429        0.002092       -0.499047        0.153264        1.742868        0.627540        0.176845        1.011503        0.093051        0.093051        0.772943        6.881460       11.709611      -11.616559       11.594264       -0.372460       -0.750631       -1.383429       -3.449947       -1.228583       -0.024177       -0.023818               0               0        1.000000               0               0       -0.049880       -0.084749        1.461271               0               0               0               0        2.139420        0.676485               0        0.034992       -0.016233       -0.020147       -0.103048               0       -0.014953               0       -0.397395        0.583549        0.086349        0.002061        0.229896        0.653257        0.507201        1.445382        1.354754        3.230347       -0.046004        1.749942       -0.012320        0.578010        0.477380       -0.856990        0.145403
eps_Rc                             0               0               0               0               0               0               0               0               0               0               0               0               0               0               0               0               0               0               0               0               0               0               0               0               0               0               0               0               0               0               0               0               0               0               0               0               0               0               0               0               0               0               0               0        0.030000               0               0               0               0               0               0               0               0               0               0               0               0               0               0               0               0               0               0               0
vol                                0               0               0               0               0               0               0               0               0               0               0               0               0               0               0               0               0               0               0               0               0               0               0               0               0               0               0               0               0               0               0               0               0       -0.162519               0        1.000000               0               0               0       -0.162519               0               0               0               0               0        0.252574               0               0               0               0               0               0               0               0               0               0               0               0               0               0               0               0               0               0
[Warning: Aggregate variance and sum of variances by shocks differ by more than 0.01 %] 
[> In <a href="matlab:matlab.internal.language.introspective.errorDocCallback('th_autocovariances', 'D:\5.2\matlab\th_autocovariances.m', 206)" style="font-weight:bold">th_autocovariances</a> (<a href="matlab: opentoline('D:\5.2\matlab\th_autocovariances.m',206,0)">line 206</a>)
In <a href="matlab:matlab.internal.language.introspective.errorDocCallback('disp_th_moments', 'D:\5.2\matlab\disp_th_moments.m', 40)" style="font-weight:bold">disp_th_moments</a> (<a href="matlab: opentoline('D:\5.2\matlab\disp_th_moments.m',40,0)">line 40</a>)
In <a href="matlab:matlab.internal.language.introspective.errorDocCallback('stoch_simul', 'D:\5.2\matlab\stoch_simul.m', 210)" style="font-weight:bold">stoch_simul</a> (<a href="matlab: opentoline('D:\5.2\matlab\stoch_simul.m',210,0)">line 210</a>)
In <a href="matlab:matlab.internal.language.introspective.errorDocCallback('cash_cbdc.driver', 'D:\cryp\crypto_storage\cash_cbdc\+cash_cbdc\driver.m', 827)" style="font-weight:bold">cash_cbdc.driver</a> (<a href="matlab: opentoline('D:\cryp\crypto_storage\cash_cbdc\+cash_cbdc\driver.m',827,0)">line 827</a>)
In <a href="matlab:matlab.internal.language.introspective.errorDocCallback('dynare', 'D:\5.2\matlab\dynare.m', 281)" style="font-weight:bold">dynare</a> (<a href="matlab: opentoline('D:\5.2\matlab\dynare.m',281,0)">line 281</a>)] 


THEORETICAL MOMENTS
VARIABLE          MEAN  STD. DEV.   VARIANCE
mc              0.8889     0.0128     0.0002
Pi              1.0000     0.0056     0.0000
Z               0.0394     0.0019     0.0000
w               5.0995     0.0870     0.0076
R               1.0150     0.0061     0.0000
epsilon         1.0316     0.0758     0.0057
Q               1.0000     0.0560     0.0031
Y               2.9867     0.2013     0.0405
M               0.4632     0.0336     0.0011
L               0.2707     0.0139     0.0002
C               1.9943     0.1642     0.0270
I               0.4048     0.0340     0.0012
K              20.2377     0.8114     0.6583
EX              0.5348     0.0393     0.0015
N               3.9324     1.0860     1.1795
K_b            15.8305     1.9769     3.9080
K_h             4.4072     1.7114     2.9290
D               3.5892     2.1070     4.4394
D_star          8.0962     0.4126     0.1702
x               0.5276     0.1237     0.0153
psi             1.6143     0.1746     0.0305
phi             4.0257     0.4353     0.1895
upsilon         1.5774     0.1522     0.0232
mu              0.0068     0.0036     0.0000
mu_star         0.0127     0.0036     0.0000
A               1.0000     0.0320     0.0010
R_star          1.0068     0.0057     0.0000
Y_star          0.5184     0.0000     0.0000
Phi             0.0000     0.0000     0.0000
Theta           0.4010     0.0000     0.0000
chi_h           0.0095     0.0074     0.0001
chi_b           0.0434     0.0137     0.0002
Ynet            2.4559     0.1760     0.0310
P_c             1.0000     0.0000     0.0000
R_dc            1.0000     0.0000     0.0000
theta_c         1.0000     0.0000     0.0000
cryp            0.0000     0.0000     0.0000
DC              3.7014     0.5154     0.2656
m               1.4171     0.0855     0.0073
R_c             1.0000     0.0000     0.0000
Lambda          0.9852     0.0042     0.0000
gam             0.1575     0.0283     0.0008
trs             0.2769     0.0171     0.0003
Lambda1         0.8853     0.0807     0.0065
sigma_Rc        0.0000     0.0000     0.0000
mu_cryp         0.0233     0.0113     0.0001
x_c             0.0000     0.0000     0.0000
DE              1.0000     0.0258     0.0007
logY            1.0942     0.0674     0.0045
logPi           0.0000     0.0056     0.0000
logR            0.0149     0.0060     0.0000
logI           -0.9045     0.0839     0.0070
logL           -1.3067     0.0512     0.0026
logC            0.6903     0.0823     0.0068
logEX          -0.6259     0.0735     0.0054
logM           -0.7696     0.0725     0.0053
logD            1.2779     0.5870     0.3446
logD_star       2.0914     0.0510     0.0026
logN            1.3692     0.2762     0.0763
spread          0.0044     0.0019     0.0000
logDC           1.3087     0.1392     0.0194
logm            0.3486     0.0603     0.0036
leverage        1.3927     0.1081     0.0117
TB              0.0716     0.0645     0.0042



VARIANCE DECOMPOSITION (in percent)
                 varepsilon_R      varepsilon_A  varepsilon_Rstar  varepsilon_Ystar            eps_Rc               vol
mc                      66.59             28.16              5.25              0.00              0.00              0.00
Pi                      41.07             26.39             32.53              0.00              0.00              0.00
Z                       25.44             68.08              6.48              0.00              0.00              0.00
w                       13.44             70.12             16.44              0.00              0.00              0.00
R                        3.83             20.56             75.61              0.00              0.00              0.00
epsilon                  0.91             59.08             40.01              0.00              0.00              0.00
Q                        1.60             44.59             53.81              0.00              0.00              0.00
Y                        3.87             77.15             18.98              0.00              0.00              0.00
M                        7.29              2.27             90.43              0.00              0.00              0.00
L                       13.44             70.12             16.44              0.00              0.00              0.00
C                        4.07             55.14             40.80              0.00              0.00              0.00
I                        1.60             44.59             53.81              0.00              0.00              0.00
K                        0.35             51.11             48.54              0.00              0.00              0.00
EX                       0.91             59.08             40.01              0.00              0.00              0.00
N                        2.36              3.01             94.62              0.00              0.00              0.00
K_b                      3.08              3.12             93.80              0.00              0.00              0.00
K_h                      3.22              2.02             94.76              0.00              0.00              0.00
D                        0.53              0.62             98.85              0.00              0.00              0.00
D_star                   4.26              0.22             95.52              0.00              0.00              0.00
x                        0.40              0.09             99.51              0.00              0.00              0.00
psi                      2.08              0.09             97.83              0.00              0.00              0.00
phi                      2.08              0.09             97.83              0.00              0.00              0.00
upsilon                  2.10              0.11             97.79              0.00              0.00              0.00
mu                       2.90              0.19             96.91              0.00              0.00              0.00
mu_star                  0.38              0.21             99.41              0.00              0.00              0.00
A                        0.00            100.00              0.00              0.00              0.00              0.00
R_star                   0.00              0.00            100.00              0.00              0.00              0.00
Y_star                   0.00              0.00              0.00            100.00              0.00              0.00
Phi                      0.70              0.37             98.93              0.00              0.00              0.00
Theta                    1.29              7.62             91.09              0.00              0.00              0.00
chi_h                    3.26              1.12             95.61              0.00              0.00              0.00
chi_b                    0.24              3.56             96.19              0.00              0.00              0.00
Ynet                     2.61             69.34             28.05              0.00              0.00              0.00
P_c                      0.00              0.00              0.00              0.00              0.00            100.00
R_dc                     4.08             21.05             74.87              0.00              0.00              0.00
theta_c                  0.00              0.00              0.00              0.00              0.00            100.00
cryp                      NaN               NaN               NaN               NaN               NaN               NaN
DC                       5.16             41.65             53.19              0.00              0.00              0.00
m                        2.91             66.23             30.86              0.00              0.00              0.00
R_c                      0.01              0.03              1.05              0.00              0.00             98.91
Lambda                  43.01             22.20             34.79              0.00              0.00              0.00
gam                      1.71             31.78             66.51              0.00              0.00              0.00
trs                      6.23             23.02             70.74              0.00              0.00              0.00
Lambda1                  0.32             42.83             56.85              0.00              0.00              0.00
sigma_Rc                 0.00              0.00              0.00              0.00            100.00              0.00
mu_cryp                  3.19             13.55             83.27              0.00              0.00              0.00
x_c                       NaN               NaN               NaN               NaN               NaN               NaN
DE                      10.30             15.58             74.12              0.00              0.00              0.00
logY                     3.87             77.15             18.98              0.00              0.00              0.00
logPi                   41.07             26.39             32.53              0.00              0.00              0.00
logR                     3.83             20.56             75.61              0.00              0.00              0.00
logI                     1.60             44.59             53.81              0.00              0.00              0.00
logL                    13.44             70.12             16.44              0.00              0.00              0.00
logC                     4.07             55.14             40.80              0.00              0.00              0.00
logEX                    0.91             59.08             40.01              0.00              0.00              0.00
logM                     7.29              2.27             90.43              0.00              0.00              0.00
logD                     0.53              0.62             98.85              0.00              0.00              0.00
logD_star                4.26              0.22             95.52              0.00              0.00              0.00
logN                     2.36              3.01             94.62              0.00              0.00              0.00
spread                   3.18              0.28             96.54              0.00              0.00              0.00
logDC                    5.16             41.65             53.19              0.00              0.00              0.00
logm                     2.91             66.23             30.86              0.00              0.00              0.00
leverage                 2.08              0.09             97.83              0.00              0.00              0.00
TB                       1.16             22.82             76.01              0.00              0.00              0.00



MATRIX OF CORRELATIONS
Variables           mc         Pi          Z          w          R    epsilon          Q          Y          M          L          C          I          K         EX          N        K_b        K_h          D     D_star          x        psi        phi    upsilon         mu    mu_star          A     R_star      chi_h      chi_b       Ynet         DC          m     Lambda        gam        trs    Lambda1    mu_cryp         DE       logY      logPi       logR       logI       logL       logC      logEX       logM       logD  logD_star       logN     spread      logDC       logm   leverage         TB
mc              1.0000     0.9007     0.2576     0.1616     0.0484     0.0313    -0.2034    -0.0501     0.1204     0.1616    -0.0417    -0.2034    -0.0505     0.0313    -0.1385    -0.1115     0.1048    -0.1430     0.0790     0.1350     0.1198     0.1198     0.1188     0.1235     0.1311    -0.2727     0.1991     0.1067     0.1205    -0.1011    -0.0208    -0.0606     0.5520     0.1237    -0.0088     0.2026     0.0636     0.1851    -0.0501     0.9007     0.0484    -0.2034     0.1616    -0.0417     0.0313     0.1204    -0.1430     0.0790    -0.1385     0.1182    -0.0208    -0.0606     0.1198    -0.0437
Pi              0.9007     1.0000     0.0186    -0.1582     0.4746     0.1478    -0.5684    -0.3525    -0.2987    -0.1582    -0.4092    -0.5684    -0.3100     0.1478    -0.5380    -0.5068     0.4384    -0.5369     0.2955     0.5163     0.4946     0.4946     0.4932     0.4933     0.5103    -0.3792     0.5553     0.4511     0.4666    -0.4292    -0.4240    -0.3814     0.1421     0.5285     0.4209     0.5692     0.4898     0.2510    -0.3525     1.0000     0.4746    -0.5684    -0.1582    -0.4092     0.1478    -0.2987    -0.5369     0.2955    -0.5380     0.4881    -0.4240    -0.3814     0.4946     0.2457
Z               0.2576     0.0186     1.0000     0.8140    -0.5632     0.4618     0.7250     0.7687     0.2982     0.8140     0.6901     0.7250     0.1785     0.4618     0.3307     0.2327    -0.1841     0.2099     0.0417    -0.1433    -0.2007    -0.2007    -0.1977    -0.2604    -0.1252     0.7636    -0.2014    -0.1920     0.0078     0.7361     0.6719     0.6853     0.6687    -0.5718    -0.6099    -0.5513    -0.5037     0.0521     0.7687     0.0186    -0.5632     0.7250     0.8140     0.6901     0.4618     0.2982     0.2099     0.0417     0.3307    -0.2786     0.6719     0.6853    -0.2007     0.1262
w               0.1616    -0.1582     0.8140     1.0000    -0.7559     0.4788     0.7966     0.9775     0.4561     1.0000     0.9473     0.7966     0.7167     0.4788     0.4943     0.4555    -0.1864     0.4403    -0.3644    -0.3621    -0.3242    -0.3242    -0.3218    -0.3327    -0.3526     0.7791    -0.2826    -0.2218    -0.2168     0.9592     0.8994     0.9629     0.7600    -0.8234    -0.7843    -0.8549    -0.6874     0.0057     0.9775    -0.1582    -0.7559     0.7966     1.0000     0.9473     0.4788     0.4561     0.4403    -0.3644     0.4943    -0.3399     0.8994     0.9629    -0.3242     0.0543
R               0.0484     0.4746    -0.5632    -0.7559     1.0000     0.1752    -0.9337    -0.7753    -0.8892    -0.7559    -0.8978    -0.9337    -0.6186     0.1752    -0.9333    -0.9071     0.7545    -0.9038     0.4706     0.8635     0.8527     0.8527     0.8512     0.8512     0.8554    -0.4197     0.8375     0.7808     0.7598    -0.8388    -0.9623    -0.8059    -0.8033     0.9809     0.9973     0.9226     0.9945     0.1935    -0.7753     0.4746     1.0000    -0.9337    -0.7559    -0.8978     0.1752    -0.8892    -0.9038     0.4706    -0.9333     0.8524    -0.9623    -0.8059     0.8527     0.5698
epsilon         0.0313     0.1478     0.4618     0.4788     0.1752     1.0000     0.0417     0.4779    -0.5629     0.4788     0.2484     0.0417     0.2418     1.0000    -0.4606    -0.4959     0.6875    -0.5340     0.1836     0.6077     0.6251     0.6251     0.6273     0.5939     0.6149     0.7454     0.6324     0.6701     0.7153     0.3743     0.0866     0.3976    -0.0670     0.0339     0.1393    -0.1057     0.2698     0.1968     0.4779     0.1478     0.1752     0.0417     0.4788     0.2484     1.0000    -0.5629    -0.5340     0.1836    -0.4606     0.5825     0.0866     0.3976     0.6251     0.9026
Q              -0.2034    -0.5684     0.7250     0.7966    -0.9337     0.0417     1.0000     0.8497     0.7078     0.7966     0.9022     1.0000     0.4937     0.0417     0.8327     0.7672    -0.6521     0.7581    -0.3106    -0.7021    -0.7232    -0.7232    -0.7207    -0.7502    -0.6877     0.6652    -0.7274    -0.6727    -0.5632     0.8966     0.9380     0.8380     0.6752    -0.9397    -0.9352    -0.9079    -0.9137    -0.1560     0.8497    -0.5684    -0.9337     1.0000     0.7966     0.9022     0.0417     0.7078     0.7581    -0.3106     0.8327    -0.7574     0.9380     0.8380    -0.7232    -0.3432
Y              -0.0501    -0.3525     0.7687     0.9775    -0.7753     0.4779     0.8497     1.0000     0.4358     0.9775     0.9676     0.8497     0.7361     0.4779     0.5299     0.4848    -0.2110     0.4762    -0.3857    -0.3953    -0.3537    -0.3537    -0.3510    -0.3631    -0.3849     0.8468    -0.3285    -0.2472    -0.2452     0.9924     0.9147     0.9875     0.6512    -0.8597    -0.7918    -0.9085    -0.7093    -0.0338     1.0000    -0.3525    -0.7753     0.8497     0.9775     0.9676     0.4779     0.4358     0.4762    -0.3857     0.5299    -0.3692     0.9147     0.9875    -0.3537     0.0643
M               0.1204    -0.2987     0.2982     0.4561    -0.8892    -0.5629     0.7078     0.4358     1.0000     0.4561     0.6400     0.7078     0.4296    -0.5629     0.9323     0.9316    -0.8724     0.9559    -0.5292    -0.9569    -0.9389    -0.9389    -0.9388    -0.9152    -0.9553    -0.0221    -0.9071    -0.8881    -0.9292     0.5236     0.7589     0.5035     0.7834    -0.8095    -0.8796    -0.6977    -0.9206    -0.1941     0.4358    -0.2987    -0.8892     0.7078     0.4561     0.6400    -0.5629     1.0000     0.9559    -0.5292     0.9323    -0.9105     0.7589     0.5035    -0.9389    -0.8639
L               0.1616    -0.1582     0.8140     1.0000    -0.7559     0.4788     0.7966     0.9775     0.4561     1.0000     0.9473     0.7966     0.7167     0.4788     0.4943     0.4555    -0.1864     0.4403    -0.3644    -0.3621    -0.3242    -0.3242    -0.3218    -0.3327    -0.3526     0.7791    -0.2826    -0.2218    -0.2168     0.9592     0.8994     0.9629     0.7600    -0.8234    -0.7843    -0.8549    -0.6874     0.0057     0.9775    -0.1582    -0.7559     0.7966     1.0000     0.9473     0.4788     0.4561     0.4403    -0.3644     0.4943    -0.3399     0.8994     0.9629    -0.3242     0.0543
C              -0.0417    -0.4092     0.6901     0.9473    -0.8978     0.2484     0.9022     0.9676     0.6400     0.9473     1.0000     0.9022     0.7830     0.2484     0.7041     0.6718    -0.4048     0.6755    -0.5157    -0.6077    -0.5555    -0.5555    -0.5533    -0.5506    -0.5996     0.7034    -0.5215    -0.4420    -0.4778     0.9872     0.9830     0.9839     0.7430    -0.9558    -0.9055    -0.9753    -0.8507    -0.0838     0.9676    -0.4092    -0.8978     0.9022     0.9473     1.0000     0.2484     0.6400     0.6755    -0.5157     0.7041    -0.5529     0.9830     0.9839    -0.5555    -0.1819
I              -0.2034    -0.5684     0.7250     0.7966    -0.9337     0.0417     1.0000     0.8497     0.7078     0.7966     0.9022     1.0000     0.4937     0.0417     0.8327     0.7672    -0.6521     0.7581    -0.3106    -0.7021    -0.7232    -0.7232    -0.7207    -0.7502    -0.6877     0.6652    -0.7274    -0.6727    -0.5632     0.8966     0.9380     0.8380     0.6752    -0.9397    -0.9352    -0.9079    -0.9137    -0.1560     0.8497    -0.5684    -0.9337     1.0000     0.7966     0.9022     0.0417     0.7078     0.7581    -0.3106     0.8327    -0.7574     0.9380     0.8380    -0.7232    -0.3432
K              -0.0505    -0.3100     0.1785     0.7167    -0.6186     0.2418     0.4937     0.7361     0.4296     0.7167     0.7830     0.4937     1.0000     0.2418     0.4594     0.5104    -0.1154     0.5123    -0.6711    -0.4600    -0.3283    -0.3283    -0.3277    -0.2714    -0.4653     0.4038    -0.2582    -0.1659    -0.3946     0.7470     0.7266     0.8122     0.4870    -0.7210    -0.6095    -0.7970    -0.5754    -0.0600     0.7361    -0.3100    -0.6186     0.4937     0.7167     0.7830     0.2418     0.4296     0.5123    -0.6711     0.4594    -0.2616     0.7266     0.8122    -0.3283    -0.0764
EX              0.0313     0.1478     0.4618     0.4788     0.1752     1.0000     0.0417     0.4779    -0.5629     0.4788     0.2484     0.0417     0.2418     1.0000    -0.4606    -0.4959     0.6875    -0.5340     0.1836     0.6077     0.6251     0.6251     0.6273     0.5939     0.6149     0.7454     0.6324     0.6701     0.7153     0.3743     0.0866     0.3976    -0.0670     0.0339     0.1393    -0.1057     0.2698     0.1968     0.4779     0.1478     0.1752     0.0417     0.4788     0.2484     1.0000    -0.5629    -0.5340     0.1836    -0.4606     0.5825     0.0866     0.3976     0.6251     0.9026
N              -0.1385    -0.5380     0.3307     0.4943    -0.9333    -0.4606     0.8327     0.5299     0.9323     0.4943     0.7041     0.8327     0.4594    -0.4606     1.0000     0.9900    -0.9258     0.9752    -0.4123    -0.9604    -0.9797    -0.9797    -0.9791    -0.9770    -0.9543     0.1623    -0.9540    -0.9426    -0.8891     0.6233     0.8127     0.5756     0.6770    -0.8737    -0.9163    -0.7806    -0.9650    -0.2252     0.5299    -0.5380    -0.9333     0.8327     0.4943     0.7041    -0.4606     0.9323     0.9752    -0.4123     1.0000    -0.9755     0.8127     0.5756    -0.9797    -0.7662
K_b            -0.1115    -0.5068     0.2327     0.4555    -0.9071    -0.4959     0.7672     0.4848     0.9316     0.4555     0.6718     0.7672     0.5104    -0.4959     0.9900     1.0000    -0.9131     0.9777    -0.4385    -0.9668    -0.9765    -0.9765    -0.9764    -0.9642    -0.9634     0.0793    -0.9400    -0.9327    -0.9063     0.5799     0.7813     0.5435     0.6660    -0.8473    -0.8878    -0.7554    -0.9430    -0.2285     0.4848    -0.5068    -0.9071     0.7672     0.4555     0.6718    -0.4959     0.9316     0.9777    -0.4385     0.9900    -0.9604     0.7813     0.5435    -0.9765    -0.7874
K_h             0.1048     0.4384    -0.1841    -0.1864     0.7545     0.6875    -0.6521    -0.2110    -0.8724    -0.1864    -0.4048    -0.6521    -0.1154     0.6875    -0.9258    -0.9131     1.0000    -0.8864     0.1883     0.8987     0.9724     0.9724     0.9725     0.9851     0.8921     0.0998     0.9634     0.9987     0.8598    -0.3156    -0.5580    -0.2427    -0.5385     0.6369     0.7365     0.4947     0.8164     0.2355    -0.2110     0.4384     0.7545    -0.6521    -0.1864    -0.4048     0.6875    -0.8724    -0.8864     0.1883    -0.9258     0.9854    -0.5580    -0.2427     0.9724     0.8733
D              -0.1430    -0.5369     0.2099     0.4403    -0.9038    -0.5340     0.7581     0.4762     0.9559     0.4403     0.6755     0.7581     0.5123    -0.5340     0.9752     0.9777    -0.8864     1.0000    -0.5808    -0.9956    -0.9693    -0.9693    -0.9691    -0.9425    -0.9941     0.0630    -0.9336    -0.9063    -0.9597     0.5759     0.7795     0.5525     0.6395    -0.8552    -0.8785    -0.7752    -0.9388    -0.2154     0.4762    -0.5369    -0.9038     0.7581     0.4403     0.6755    -0.5340     0.9559     1.0000    -0.5808     0.9752    -0.9355     0.7795     0.5525    -0.9693    -0.8233
D_star          0.0790     0.2955     0.0417    -0.3644     0.4706     0.1836    -0.3106    -0.3857    -0.5292    -0.3644    -0.5157    -0.3106    -0.6711     0.1836    -0.4123    -0.4385     0.1883    -0.5808     1.0000     0.5828     0.3860     0.3860     0.3861     0.2912     0.5953    -0.0413     0.2929     0.2213     0.6385    -0.4326    -0.4949    -0.5191    -0.3141     0.5450     0.4391     0.6027     0.4651    -0.0221    -0.3857     0.2955     0.4706    -0.3106    -0.3644    -0.5157     0.1836    -0.5292    -0.5808     1.0000    -0.4123     0.2710    -0.4949    -0.5191     0.3860     0.3875
x               0.1350     0.5163    -0.1433    -0.3621     0.8635     0.6077    -0.7021    -0.3953    -0.9569    -0.3621    -0.6077    -0.7021    -0.4600     0.6077    -0.9604    -0.9668     0.8987    -0.9956     0.5828     1.0000     0.9729     0.9729     0.9729     0.9424     0.9997     0.0235     0.9365     0.9158     0.9804    -0.4998    -0.7208    -0.4780    -0.6054     0.8050     0.8355     0.7172     0.9063     0.2159    -0.3953     0.5163     0.8635    -0.7021    -0.3621    -0.6077     0.6077    -0.9569    -0.9956     0.5828    -0.9604     0.9341    -0.7208    -0.4780     0.9729     0.8687
psi             0.1198     0.4946    -0.2007    -0.3242     0.8527     0.6251    -0.7232    -0.3537    -0.9389    -0.3242    -0.5555    -0.7232    -0.3283     0.6251    -0.9797    -0.9765     0.9724    -0.9693     0.3860     0.9729     1.0000     1.0000     1.0000     0.9934     0.9687     0.0215     0.9744     0.9822     0.9325    -0.4583    -0.6879    -0.4086    -0.6104     0.7664     0.8310     0.6513     0.9028     0.2306    -0.3537     0.4946     0.8527    -0.7232    -0.3242    -0.5555     0.6251    -0.9389    -0.9693     0.3860    -0.9797     0.9901    -0.6879    -0.4086     1.0000     0.8700
phi             0.1198     0.4946    -0.2007    -0.3242     0.8527     0.6251    -0.7232    -0.3537    -0.9389    -0.3242    -0.5555    -0.7232    -0.3283     0.6251    -0.9797    -0.9765     0.9724    -0.9693     0.3860     0.9729     1.0000     1.0000     1.0000     0.9934     0.9687     0.0215     0.9744     0.9822     0.9325    -0.4583    -0.6879    -0.4086    -0.6104     0.7664     0.8310     0.6513     0.9028     0.2306    -0.3537     0.4946     0.8527    -0.7232    -0.3242    -0.5555     0.6251    -0.9389    -0.9693     0.3860    -0.9797     0.9901    -0.6879    -0.4086     1.0000     0.8700
upsilon         0.1188     0.4932    -0.1977    -0.3218     0.8512     0.6273    -0.7207    -0.3510    -0.9388    -0.3218    -0.5533    -0.7207    -0.3277     0.6273    -0.9791    -0.9764     0.9725    -0.9691     0.3861     0.9729     1.0000     1.0000     1.0000     0.9932     0.9689     0.0248     0.9741     0.9823     0.9330    -0.4557    -0.6860    -0.4062    -0.6096     0.7647     0.8295     0.6494     0.9016     0.2304    -0.3510     0.4932     0.8512    -0.7207    -0.3218    -0.5533     0.6273    -0.9388    -0.9691     0.3861    -0.9791     0.9899    -0.6860    -0.4062     1.0000     0.8712
mu              0.1235     0.4933    -0.2604    -0.3327     0.8512     0.5939    -0.7502    -0.3631    -0.9152    -0.3327    -0.5506    -0.7502    -0.2714     0.5939    -0.9770    -0.9642     0.9851    -0.9425     0.2912     0.9424     0.9934     0.9934     0.9932     1.0000     0.9357    -0.0231     0.9773     0.9919     0.8871    -0.4643    -0.6862    -0.4008    -0.6122     0.7579     0.8336     0.6354     0.9002     0.2350    -0.3631     0.4933     0.8512    -0.7502    -0.3327    -0.5506     0.5939    -0.9152    -0.9425     0.2912    -0.9770     0.9996    -0.6862    -0.4008     0.9934     0.8386
mu_star         0.1311     0.5103    -0.1252    -0.3526     0.8554     0.6149    -0.6877    -0.3849    -0.9553    -0.3526    -0.5996    -0.6877    -0.4653     0.6149    -0.9543    -0.9634     0.8921    -0.9941     0.5953     0.9997     0.9687     0.9687     0.9689     0.9357     1.0000     0.0392     0.9301     0.9096     0.9839    -0.4896    -0.7121    -0.4707    -0.5997     0.7976     0.8266     0.7110     0.8988     0.2136    -0.3849     0.5103     0.8554    -0.6877    -0.3526    -0.5996     0.6149    -0.9553    -0.9941     0.5953    -0.9543     0.9269    -0.7121    -0.4707     0.9687     0.8723
A              -0.2727    -0.3792     0.7636     0.7791    -0.4197     0.7454     0.6652     0.8468    -0.0221     0.7791     0.7034     0.6652     0.4038     0.7454     0.1623     0.0793     0.0998     0.0630    -0.0413     0.0235     0.0215     0.0215     0.0248    -0.0231     0.0392     1.0000     0.0000     0.0783     0.1847     0.8068     0.6055     0.7756     0.2444    -0.5346    -0.4383    -0.6270    -0.3410     0.0237     0.8468    -0.3792    -0.4197     0.6652     0.7791     0.7034     0.7454    -0.0221     0.0630    -0.0413     0.1623    -0.0359     0.6055     0.7756     0.0215     0.4658
R_star          0.1991     0.5553    -0.2014    -0.2826     0.8375     0.6324    -0.7274    -0.3285    -0.9071    -0.2826    -0.5215    -0.7274    -0.2582     0.6324    -0.9540    -0.9400     0.9634    -0.9336     0.2929     0.9365     0.9744     0.9744     0.9741     0.9773     0.9301     0.0000     1.0000     0.9697     0.8920    -0.4335    -0.6606    -0.3693    -0.5541     0.7444     0.8142     0.6235     0.8851     0.3009    -0.3285     0.5553     0.8375    -0.7274    -0.2826    -0.5215     0.6324    -0.9071    -0.9336     0.2929    -0.9540     0.9758    -0.6606    -0.3693     0.9744     0.8578
chi_h           0.1067     0.4511    -0.1920    -0.2218     0.7808     0.6701    -0.6727    -0.2472    -0.8881    -0.2218    -0.4420    -0.6727    -0.1659     0.6701    -0.9426    -0.9327     0.9987    -0.9063     0.2213     0.9158     0.9822     0.9822     0.9823     0.9919     0.9096     0.0783     0.9697     1.0000     0.8738    -0.3516    -0.5912    -0.2826    -0.5595     0.6693     0.7625     0.5320     0.8400     0.2369    -0.2472     0.4511     0.7808    -0.6727    -0.2218    -0.4420     0.6701    -0.8881    -0.9063     0.2213    -0.9426     0.9917    -0.5912    -0.2826     0.9822     0.8709
chi_b           0.1205     0.4666     0.0078    -0.2168     0.7598     0.7153    -0.5632    -0.2452    -0.9292    -0.2168    -0.4778    -0.5632    -0.3946     0.7153    -0.8891    -0.9063     0.8598    -0.9597     0.6385     0.9804     0.9325     0.9325     0.9330     0.8871     0.9839     0.1847     0.8920     0.8738     1.0000    -0.3547    -0.5964    -0.3470    -0.5171     0.6953     0.7255     0.6068     0.8128     0.2030    -0.2452     0.4666     0.7598    -0.5632    -0.2168    -0.4778     0.7153    -0.9292    -0.9597     0.6385    -0.8891     0.8751    -0.5964    -0.3470     0.9325     0.9199
Ynet           -0.1011    -0.4292     0.7361     0.9592    -0.8388     0.3743     0.8966     0.9924     0.5236     0.9592     0.9872     0.8966     0.7470     0.3743     0.6233     0.5799    -0.3156     0.5759    -0.4326    -0.4998    -0.4583    -0.4583    -0.4557    -0.4643    -0.4896     0.8068    -0.4335    -0.3516    -0.3547     1.0000     0.9510     0.9902     0.6679    -0.9131    -0.8490    -0.9505    -0.7825    -0.0654     0.9924    -0.4292    -0.8388     0.8966     0.9592     0.9872     0.3743     0.5236     0.5759    -0.4326     0.6233    -0.4691     0.9510     0.9902    -0.4583    -0.0445
DC             -0.0208    -0.4240     0.6719     0.8994    -0.9623     0.0866     0.9380     0.9147     0.7589     0.8994     0.9830     0.9380     0.7266     0.0866     0.8127     0.7813    -0.5580     0.7795    -0.4949    -0.7208    -0.6879    -0.6879    -0.6860    -0.6862    -0.7121     0.6055    -0.6606    -0.5912    -0.5964     0.9510     1.0000     0.9345     0.8019    -0.9873    -0.9680    -0.9722    -0.9304    -0.1275     0.9147    -0.4240    -0.9623     0.9380     0.8994     0.9830     0.0866     0.7589     0.7795    -0.4949     0.8127    -0.6886     1.0000     0.9345    -0.6879    -0.3424
m              -0.0606    -0.3814     0.6853     0.9629    -0.8059     0.3976     0.8380     0.9875     0.5035     0.9629     0.9839     0.8380     0.8122     0.3976     0.5756     0.5435    -0.2427     0.5525    -0.5191    -0.4780    -0.4086    -0.4086    -0.4062    -0.4008    -0.4707     0.7756    -0.3693    -0.2826    -0.3470     0.9902     0.9345     1.0000     0.6616    -0.8942    -0.8152    -0.9465    -0.7455    -0.0385     0.9875    -0.3814    -0.8059     0.8380     0.9629     0.9839     0.3976     0.5035     0.5525    -0.5191     0.5756    -0.4029     0.9345     1.0000    -0.4086    -0.0199
Lambda          0.5520     0.1421     0.6687     0.7600    -0.8033    -0.0670     0.6752     0.6512     0.7834     0.7600     0.7430     0.6752     0.4870    -0.0670     0.6770     0.6660    -0.5385     0.6395    -0.3141    -0.6054    -0.6104    -0.6104    -0.6096    -0.6122    -0.5997     0.2444    -0.5541    -0.5595    -0.5171     0.6679     0.8019     0.6616     1.0000    -0.7483    -0.8380    -0.6579    -0.7841    -0.0452     0.6512     0.1421    -0.8033     0.6752     0.7600     0.7430    -0.0670     0.7834     0.6395    -0.3141     0.6770    -0.6177     0.8019     0.6616    -0.6104    -0.4488
gam             0.1237     0.5285    -0.5718    -0.8234     0.9809     0.0339    -0.9397    -0.8597    -0.8095    -0.8234    -0.9558    -0.9397    -0.7210     0.0339    -0.8737    -0.8473     0.6369    -0.8552     0.5450     0.8050     0.7664     0.7664     0.7647     0.7579     0.7976    -0.5346     0.7444     0.6693     0.6953    -0.9131    -0.9873    -0.8942    -0.7483     1.0000     0.9757     0.9800     0.9614     0.1657    -0.8597     0.5285     0.9809    -0.9397    -0.8234    -0.9558     0.0339    -0.8095    -0.8552     0.5450    -0.8737     0.7577    -0.9873    -0.8942     0.7664     0.4422
trs            -0.0088     0.4209    -0.6099    -0.7843     0.9973     0.1393    -0.9352    -0.7918    -0.8796    -0.7843    -0.9055    -0.9352    -0.6095     0.1393    -0.9163    -0.8878     0.7365    -0.8785     0.4391     0.8355     0.8310     0.8310     0.8295     0.8336     0.8266    -0.4383     0.8142     0.7625     0.7255    -0.8490    -0.9680    -0.8152    -0.8380     0.9757     1.0000     0.9144     0.9879     0.1804    -0.7918     0.4209     0.9973    -0.9352    -0.7843    -0.9055     0.1393    -0.8796    -0.8785     0.4391    -0.9163     0.8361    -0.9680    -0.8152     0.8310     0.5429
Lambda1         0.2026     0.5692    -0.5513    -0.8549     0.9226    -0.1057    -0.9079    -0.9085    -0.6977    -0.8549    -0.9753    -0.9079    -0.7970    -0.1057    -0.7806    -0.7554     0.4947    -0.7752     0.6027     0.7172     0.6513     0.6513     0.6494     0.6354     0.7110    -0.6270     0.6235     0.5320     0.6068    -0.9505    -0.9722    -0.9465    -0.6579     0.9800     0.9144     1.0000     0.8903     0.1326    -0.9085     0.5692     0.9226    -0.9079    -0.8549    -0.9753    -0.1057    -0.6977    -0.7752     0.6027    -0.7806     0.6337    -0.9722    -0.9465     0.6513     0.2989
mu_cryp         0.0636     0.4898    -0.5037    -0.6874     0.9945     0.2698    -0.9137    -0.7093    -0.9206    -0.6874    -0.8507    -0.9137    -0.5754     0.2698    -0.9650    -0.9430     0.8164    -0.9388     0.4651     0.9063     0.9028     0.9028     0.9016     0.9002     0.8988    -0.3410     0.8851     0.8400     0.8128    -0.7825    -0.9304    -0.7455    -0.7841     0.9614     0.9879     0.8903     1.0000     0.2056    -0.7093     0.4898     0.9945    -0.9137    -0.6874    -0.8507     0.2698    -0.9206    -0.9388     0.4651    -0.9650     0.9005    -0.9304    -0.7455     0.9028     0.6439
DE              0.1851     0.2510     0.0521     0.0057     0.1935     0.1968    -0.1560    -0.0338    -0.1941     0.0057    -0.0838    -0.1560    -0.0600     0.1968    -0.2252    -0.2285     0.2355    -0.2154    -0.0221     0.2159     0.2306     0.2306     0.2304     0.2350     0.2136     0.0237     0.3009     0.2369     0.2030    -0.0654    -0.1275    -0.0385    -0.0452     0.1657     0.1804     0.1326     0.2056     1.0000    -0.0338     0.2510     0.1935    -0.1560     0.0057    -0.0838     0.1968    -0.1941    -0.2154    -0.0221    -0.2252     0.2346    -0.1275    -0.0385     0.2306     0.2210
logY           -0.0501    -0.3525     0.7687     0.9775    -0.7753     0.4779     0.8497     1.0000     0.4358     0.9775     0.9676     0.8497     0.7361     0.4779     0.5299     0.4848    -0.2110     0.4762    -0.3857    -0.3953    -0.3537    -0.3537    -0.3510    -0.3631    -0.3849     0.8468    -0.3285    -0.2472    -0.2452     0.9924     0.9147     0.9875     0.6512    -0.8597    -0.7918    -0.9085    -0.7093    -0.0338     1.0000    -0.3525    -0.7753     0.8497     0.9775     0.9676     0.4779     0.4358     0.4762    -0.3857     0.5299    -0.3692     0.9147     0.9875    -0.3537     0.0643
logPi           0.9007     1.0000     0.0186    -0.1582     0.4746     0.1478    -0.5684    -0.3525    -0.2987    -0.1582    -0.4092    -0.5684    -0.3100     0.1478    -0.5380    -0.5068     0.4384    -0.5369     0.2955     0.5163     0.4946     0.4946     0.4932     0.4933     0.5103    -0.3792     0.5553     0.4511     0.4666    -0.4292    -0.4240    -0.3814     0.1421     0.5285     0.4209     0.5692     0.4898     0.2510    -0.3525     1.0000     0.4746    -0.5684    -0.1582    -0.4092     0.1478    -0.2987    -0.5369     0.2955    -0.5380     0.4881    -0.4240    -0.3814     0.4946     0.2457
logR            0.0484     0.4746    -0.5632    -0.7559     1.0000     0.1752    -0.9337    -0.7753    -0.8892    -0.7559    -0.8978    -0.9337    -0.6186     0.1752    -0.9333    -0.9071     0.7545    -0.9038     0.4706     0.8635     0.8527     0.8527     0.8512     0.8512     0.8554    -0.4197     0.8375     0.7808     0.7598    -0.8388    -0.9623    -0.8059    -0.8033     0.9809     0.9973     0.9226     0.9945     0.1935    -0.7753     0.4746     1.0000    -0.9337    -0.7559    -0.8978     0.1752    -0.8892    -0.9038     0.4706    -0.9333     0.8524    -0.9623    -0.8059     0.8527     0.5698
logI           -0.2034    -0.5684     0.7250     0.7966    -0.9337     0.0417     1.0000     0.8497     0.7078     0.7966     0.9022     1.0000     0.4937     0.0417     0.8327     0.7672    -0.6521     0.7581    -0.3106    -0.7021    -0.7232    -0.7232    -0.7207    -0.7502    -0.6877     0.6652    -0.7274    -0.6727    -0.5632     0.8966     0.9380     0.8380     0.6752    -0.9397    -0.9352    -0.9079    -0.9137    -0.1560     0.8497    -0.5684    -0.9337     1.0000     0.7966     0.9022     0.0417     0.7078     0.7581    -0.3106     0.8327    -0.7574     0.9380     0.8380    -0.7232    -0.3432
logL            0.1616    -0.1582     0.8140     1.0000    -0.7559     0.4788     0.7966     0.9775     0.4561     1.0000     0.9473     0.7966     0.7167     0.4788     0.4943     0.4555    -0.1864     0.4403    -0.3644    -0.3621    -0.3242    -0.3242    -0.3218    -0.3327    -0.3526     0.7791    -0.2826    -0.2218    -0.2168     0.9592     0.8994     0.9629     0.7600    -0.8234    -0.7843    -0.8549    -0.6874     0.0057     0.9775    -0.1582    -0.7559     0.7966     1.0000     0.9473     0.4788     0.4561     0.4403    -0.3644     0.4943    -0.3399     0.8994     0.9629    -0.3242     0.0543
logC           -0.0417    -0.4092     0.6901     0.9473    -0.8978     0.2484     0.9022     0.9676     0.6400     0.9473     1.0000     0.9022     0.7830     0.2484     0.7041     0.6718    -0.4048     0.6755    -0.5157    -0.6077    -0.5555    -0.5555    -0.5533    -0.5506    -0.5996     0.7034    -0.5215    -0.4420    -0.4778     0.9872     0.9830     0.9839     0.7430    -0.9558    -0.9055    -0.9753    -0.8507    -0.0838     0.9676    -0.4092    -0.8978     0.9022     0.9473     1.0000     0.2484     0.6400     0.6755    -0.5157     0.7041    -0.5529     0.9830     0.9839    -0.5555    -0.1819
logEX           0.0313     0.1478     0.4618     0.4788     0.1752     1.0000     0.0417     0.4779    -0.5629     0.4788     0.2484     0.0417     0.2418     1.0000    -0.4606    -0.4959     0.6875    -0.5340     0.1836     0.6077     0.6251     0.6251     0.6273     0.5939     0.6149     0.7454     0.6324     0.6701     0.7153     0.3743     0.0866     0.3976    -0.0670     0.0339     0.1393    -0.1057     0.2698     0.1968     0.4779     0.1478     0.1752     0.0417     0.4788     0.2484     1.0000    -0.5629    -0.5340     0.1836    -0.4606     0.5825     0.0866     0.3976     0.6251     0.9026
logM            0.1204    -0.2987     0.2982     0.4561    -0.8892    -0.5629     0.7078     0.4358     1.0000     0.4561     0.6400     0.7078     0.4296    -0.5629     0.9323     0.9316    -0.8724     0.9559    -0.5292    -0.9569    -0.9389    -0.9389    -0.9388    -0.9152    -0.9553    -0.0221    -0.9071    -0.8881    -0.9292     0.5236     0.7589     0.5035     0.7834    -0.8095    -0.8796    -0.6977    -0.9206    -0.1941     0.4358    -0.2987    -0.8892     0.7078     0.4561     0.6400    -0.5629     1.0000     0.9559    -0.5292     0.9323    -0.9105     0.7589     0.5035    -0.9389    -0.8639
logD           -0.1430    -0.5369     0.2099     0.4403    -0.9038    -0.5340     0.7581     0.4762     0.9559     0.4403     0.6755     0.7581     0.5123    -0.5340     0.9752     0.9777    -0.8864     1.0000    -0.5808    -0.9956    -0.9693    -0.9693    -0.9691    -0.9425    -0.9941     0.0630    -0.9336    -0.9063    -0.9597     0.5759     0.7795     0.5525     0.6395    -0.8552    -0.8785    -0.7752    -0.9388    -0.2154     0.4762    -0.5369    -0.9038     0.7581     0.4403     0.6755    -0.5340     0.9559     1.0000    -0.5808     0.9752    -0.9355     0.7795     0.5525    -0.9693    -0.8233
logD_star       0.0790     0.2955     0.0417    -0.3644     0.4706     0.1836    -0.3106    -0.3857    -0.5292    -0.3644    -0.5157    -0.3106    -0.6711     0.1836    -0.4123    -0.4385     0.1883    -0.5808     1.0000     0.5828     0.3860     0.3860     0.3861     0.2912     0.5953    -0.0413     0.2929     0.2213     0.6385    -0.4326    -0.4949    -0.5191    -0.3141     0.5450     0.4391     0.6027     0.4651    -0.0221    -0.3857     0.2955     0.4706    -0.3106    -0.3644    -0.5157     0.1836    -0.5292    -0.5808     1.0000    -0.4123     0.2710    -0.4949    -0.5191     0.3860     0.3875
logN           -0.1385    -0.5380     0.3307     0.4943    -0.9333    -0.4606     0.8327     0.5299     0.9323     0.4943     0.7041     0.8327     0.4594    -0.4606     1.0000     0.9900    -0.9258     0.9752    -0.4123    -0.9604    -0.9797    -0.9797    -0.9791    -0.9770    -0.9543     0.1623    -0.9540    -0.9426    -0.8891     0.6233     0.8127     0.5756     0.6770    -0.8737    -0.9163    -0.7806    -0.9650    -0.2252     0.5299    -0.5380    -0.9333     0.8327     0.4943     0.7041    -0.4606     0.9323     0.9752    -0.4123     1.0000    -0.9755     0.8127     0.5756    -0.9797    -0.7662
spread          0.1182     0.4881    -0.2786    -0.3399     0.8524     0.5825    -0.7574    -0.3692    -0.9105    -0.3399    -0.5529    -0.7574    -0.2616     0.5825    -0.9755    -0.9604     0.9854    -0.9355     0.2710     0.9341     0.9901     0.9901     0.9899     0.9996     0.9269    -0.0359     0.9758     0.9917     0.8751    -0.4691    -0.6886    -0.4029    -0.6177     0.7577     0.8361     0.6337     0.9005     0.2346    -0.3692     0.4881     0.8524    -0.7574    -0.3399    -0.5529     0.5825    -0.9105    -0.9355     0.2710    -0.9755     1.0000    -0.6886    -0.4029     0.9901     0.8292
logDC          -0.0208    -0.4240     0.6719     0.8994    -0.9623     0.0866     0.9380     0.9147     0.7589     0.8994     0.9830     0.9380     0.7266     0.0866     0.8127     0.7813    -0.5580     0.7795    -0.4949    -0.7208    -0.6879    -0.6879    -0.6860    -0.6862    -0.7121     0.6055    -0.6606    -0.5912    -0.5964     0.9510     1.0000     0.9345     0.8019    -0.9873    -0.9680    -0.9722    -0.9304    -0.1275     0.9147    -0.4240    -0.9623     0.9380     0.8994     0.9830     0.0866     0.7589     0.7795    -0.4949     0.8127    -0.6886     1.0000     0.9345    -0.6879    -0.3424
logm           -0.0606    -0.3814     0.6853     0.9629    -0.8059     0.3976     0.8380     0.9875     0.5035     0.9629     0.9839     0.8380     0.8122     0.3976     0.5756     0.5435    -0.2427     0.5525    -0.5191    -0.4780    -0.4086    -0.4086    -0.4062    -0.4008    -0.4707     0.7756    -0.3693    -0.2826    -0.3470     0.9902     0.9345     1.0000     0.6616    -0.8942    -0.8152    -0.9465    -0.7455    -0.0385     0.9875    -0.3814    -0.8059     0.8380     0.9629     0.9839     0.3976     0.5035     0.5525    -0.5191     0.5756    -0.4029     0.9345     1.0000    -0.4086    -0.0199
leverage        0.1198     0.4946    -0.2007    -0.3242     0.8527     0.6251    -0.7232    -0.3537    -0.9389    -0.3242    -0.5555    -0.7232    -0.3283     0.6251    -0.9797    -0.9765     0.9724    -0.9693     0.3860     0.9729     1.0000     1.0000     1.0000     0.9934     0.9687     0.0215     0.9744     0.9822     0.9325    -0.4583    -0.6879    -0.4086    -0.6104     0.7664     0.8310     0.6513     0.9028     0.2306    -0.3537     0.4946     0.8527    -0.7232    -0.3242    -0.5555     0.6251    -0.9389    -0.9693     0.3860    -0.9797     0.9901    -0.6879    -0.4086     1.0000     0.8700
TB             -0.0437     0.2457     0.1262     0.0543     0.5698     0.9026    -0.3432     0.0643    -0.8639     0.0543    -0.1819    -0.3432    -0.0764     0.9026    -0.7662    -0.7874     0.8733    -0.8233     0.3875     0.8687     0.8700     0.8700     0.8712     0.8386     0.8723     0.4658     0.8578     0.8709     0.9199    -0.0445    -0.3424    -0.0199    -0.4488     0.4422     0.5429     0.2989     0.6439     0.2210     0.0643     0.2457     0.5698    -0.3432     0.0543    -0.1819     0.9026    -0.8639    -0.8233     0.3875    -0.7662     0.8292    -0.3424    -0.0199     0.8700     1.0000



COEFFICIENTS OF AUTOCORRELATION
Order              1        2        3        4        5
mc            0.4571   0.2142   0.1051   0.0557   0.0330
Pi            0.6120   0.4284   0.3367   0.2869   0.2565
Z             0.8413   0.7422   0.6715   0.6150   0.5665
w             0.9166   0.8634   0.8243   0.7922   0.7638
R             0.9286   0.8663   0.8106   0.7603   0.7145
epsilon       0.9422   0.8885   0.8386   0.7924   0.7495
Q             0.9364   0.8738   0.8142   0.7583   0.7062
Y             0.9643   0.9304   0.8982   0.8673   0.8379
M             0.8936   0.8155   0.7527   0.6994   0.6525
L             0.9166   0.8634   0.8243   0.7922   0.7638
C             0.9606   0.9252   0.8926   0.8621   0.8334
I             0.9364   0.8738   0.8142   0.7583   0.7062
K             0.9993   0.9974   0.9942   0.9901   0.9849
EX            0.9422   0.8885   0.8386   0.7924   0.7495
N             0.9310   0.8669   0.8075   0.7525   0.7016
K_b           0.9374   0.8792   0.8250   0.7746   0.7277
K_h           0.9180   0.8423   0.7724   0.7078   0.6482
D             0.9430   0.8900   0.8407   0.7949   0.7524
D_star        0.9982   0.9948   0.9900   0.9841   0.9773
x             0.9428   0.8897   0.8405   0.7947   0.7521
psi           0.9278   0.8609   0.7990   0.7416   0.6885
phi           0.9278   0.8609   0.7990   0.7416   0.6885
upsilon       0.9279   0.8612   0.7994   0.7421   0.6890
mu            0.9210   0.8480   0.7806   0.7183   0.6607
mu_star       0.9446   0.8931   0.8453   0.8008   0.7593
A             0.9500   0.9025   0.8574   0.8145   0.7738
R_star        0.9000   0.8100   0.7290   0.6561   0.5905
chi_h         0.9190   0.8442   0.7751   0.7113   0.6523
chi_b         0.9504   0.9043   0.8614   0.8214   0.7841
Ynet          0.9667   0.9329   0.8999   0.8681   0.8377
DC            0.9441   0.8967   0.8547   0.8165   0.7813
m             0.9720   0.9448   0.9184   0.8929   0.8682
Lambda        0.6932   0.5408   0.4587   0.4091   0.3751
gam           0.9533   0.9087   0.8667   0.8276   0.7911
trs           0.9179   0.8508   0.7931   0.7420   0.6959
Lambda1       0.9696   0.9386   0.9084   0.8794   0.8517
mu_cryp       0.9278   0.8636   0.8056   0.7529   0.7048
DE           -0.0338  -0.0262  -0.0216  -0.0184  -0.0159
logY          0.9643   0.9304   0.8982   0.8673   0.8379
logPi         0.6120   0.4284   0.3367   0.2869   0.2565
logR          0.9286   0.8663   0.8106   0.7603   0.7145
logI          0.9364   0.8738   0.8142   0.7583   0.7062
logL          0.9166   0.8634   0.8243   0.7922   0.7638
logC          0.9606   0.9252   0.8926   0.8621   0.8334
logEX         0.9422   0.8885   0.8386   0.7924   0.7495
logM          0.8936   0.8155   0.7527   0.6994   0.6525
logD          0.9430   0.8900   0.8407   0.7949   0.7524
logD_star     0.9982   0.9948   0.9900   0.9841   0.9773
logN          0.9310   0.8669   0.8075   0.7525   0.7016
spread        0.9197   0.8455   0.7770   0.7137   0.6553
logDC         0.9441   0.8967   0.8547   0.8165   0.7813
logm          0.9720   0.9448   0.9184   0.8929   0.8682
leverage      0.9278   0.8609   0.7990   0.7416   0.6885
TB            0.9209   0.8528   0.7924   0.7381   0.6888
Total computing time : 0h00m01s
Note: warning(s) encountered in MATLAB/Octave code
