Starting Dynare (version 5.1).
Calling Dynare with arguments: none
Starting preprocessing of the model file ...
Found 64 equation(s).
Evaluating expressions...done
Computing static model derivatives (order 1).
Computing dynamic model derivatives (order 1).
Processing outputs ...
done
Preprocessing completed.


STEADY-STATE RESULTS:

mc        		 0.888889
Pi        		 1
Z         		 0.0397054
w         		 5.04519
R         		 1.015
epsilon   		 1.04842
Q         		 1
Y         		 2.86143
M         		 0.436685
L         		 0.262154
C         		 1.94491
I         		 0.384355
K         		 19.2178
EX        		 0.508238
N         		 3.68332
K_b       		 14.6954
K_h       		 4.52237
D         		 5.62836
D_star    		 4.27297
x         		 0.304848
psi       		 1.59988
phi       		 3.98972
upsilon   		 1.56388
mu        		 0.00724994
mu_star   		 0.00577437
A         		 1
R_star    		 1.01125
Y_star    		 0.484765
Phi       		 0
Theta     		 0.401
chi_h     		 0.0104825
chi_b     		 0.0134519
Ynet      		 2.37967
P_c       		 1
R_dc      		 1
theta_c   		 1
cryp      		 0.917306
DC        		 0
m         		 1.94491
R_c       		 1
Lambda    		 0.985222
gam       		 0.0152823
trs       		 1
Lambda1   		 1.0341
sigma_Rc  		 0
mu_cryp   		 0.0231116
x_c       		 0.0624213
DE        		 1
logY      		 1.05132
logPi     		 0
logR      		 0.0148886
logI      		 -0.956188
logL      		 -1.33882
logC      		 0.665214
logEX     		 -0.676805
logM      		 -0.828544
logD      		 1.72782
logD_star 		 1.45231
logN      		 1.30381
spread    		 0.00470539
logm      		 0.665214
leverage  		 1.38372
TB        		 0.0715536
logcryp   		 -0.0863144

EIGENVALUES:
         Modulus             Real        Imaginary

       6.418e-16       -6.418e-16                0
         8.2e-16          8.2e-16                0
       1.437e-13       -1.437e-13                0
       1.955e-09        7.044e-14        1.955e-09
       1.955e-09        7.044e-14       -1.955e-09
          0.4586           0.4586                0
             0.9              0.9                0
             0.9              0.9                0
          0.9363           0.9363                0
            0.95             0.95                0
            0.95             0.95                0
            0.95             0.95                0
          0.9756           0.9756                0
          0.9848           0.9848                0
           1.025            1.025                0
           1.042            1.042                0
           1.071            1.071                0
            1.18             1.18                0
           1.557            1.557                0
       2.775e+16       -2.775e+16                0
             Inf              Inf                0


There are 7 eigenvalue(s) larger than 1 in modulus 
for 7 forward-looking variable(s)

The rank condition is verified.

MODEL_DIAGNOSTICS:  The Jacobian of the static model is singular
MODEL_DIAGNOSTICS:  there is 2 colinear relationships between the variables and the equations
Relation 1
Colinear variables:
Z
w
epsilon
Y
M
L
C
I
K
EX
N
K_b
K_h
D
D_star
x
psi
phi
upsilon
mu
mu_star
R_star
Y_star
chi_h
chi_b
Ynet
cryp
m
gam
Lambda1
mu_cryp
x_c
logY
logI
logL
logC
logEX
logM
logD
logD_star
logN
spread
logm
leverage
TB
logcryp
Relation 2
Colinear variables:
Z
w
epsilon
Y
M
L
C
I
K
EX
N
K_b
K_h
D
D_star
x
psi
phi
upsilon
mu
mu_star
R_star
Y_star
chi_h
chi_b
Ynet
cryp
m
gam
Lambda1
mu_cryp
x_c
logY
logI
logL
logC
logEX
logM
logD
logD_star
logN
spread
logm
leverage
TB
logcryp
Relation 1
Colinear equations
    46    47

Relation 2
Colinear equations
    46    47

MODEL_DIAGNOSTICS:  The presence of a singularity problem typically indicates that there is one
MODEL_DIAGNOSTICS:  redundant equation entered in the model block, while another non-redundant equation
MODEL_DIAGNOSTICS:  is missing. The problem often derives from Walras Law.

MODEL SUMMARY

  Number of variables:         64
  Number of stochastic shocks: 6
  Number of state variables:   14
  Number of jumpers:           7
  Number of static variables:  44


MATRIX OF COVARIANCE OF EXOGENOUS SHOCKS
Variables               varepsilon_R      varepsilon_A  varepsilon_Rstar  varepsilon_Ystar            eps_Rc               vol
varepsilon_R                0.000006          0.000000          0.000000          0.000000          0.000000          0.000000
varepsilon_A                0.000000          0.000100          0.000000          0.000000          0.000000          0.000000
varepsilon_Rstar            0.000000          0.000000          0.000006          0.000000          0.000000          0.000000
varepsilon_Ystar            0.000000          0.000000          0.000000          0.000000          0.000000          0.000000
eps_Rc                      0.000000          0.000000          0.000000          0.000000          0.000000          0.000000
vol                         0.000000          0.000000          0.000000          0.000000          0.000000          0.000000

POLICY AND TRANSITION FUNCTIONS
                                  mc              Pi               Z               w               R         epsilon               Q               Y               M               L               C               I               K              EX               N             K_b             K_h               D          D_star               x             psi             phi         upsilon              mu         mu_star               A          R_star          Y_star             Phi           Theta           chi_h           chi_b            Ynet             P_c            R_dc         theta_c            cryp              DC               m             R_c          Lambda             gam             trs         Lambda1        sigma_Rc         mu_cryp             x_c              DE            logY           logPi            logR            logI            logL            logC           logEX            logM            logD       logD_star            logN          spread            logm        leverage              TB         logcryp
Constant                    0.888889        1.000000        0.039705        5.045187        1.015000        1.048421        1.000000        2.861434        0.436685        0.262154        1.944906        0.384355       19.217770        0.508238        3.683316       14.695395        4.522374        5.628359        4.272965        0.304848        1.599877        3.989719        1.563885        0.007250        0.005774        1.000000        1.011252        0.484765               0        0.401000        0.010483        0.013452        2.379670        1.000000        1.000000        1.000000        0.917306               0        1.944906        1.000000        0.985222        0.015282        1.000000        1.034099               0        0.023112        0.062421        1.000000        1.051323               0        0.014889       -0.956188       -1.338821        0.665214       -0.676805       -0.828544        1.727818        1.452309        1.303813        0.004705        0.665214        1.383721        0.071554       -0.086314
R(-1)                      -2.821633       -0.996966       -0.264734       -8.409645        0.331729       -1.790062       -2.136176       -9.995337       -2.165987       -1.310928       -8.209079       -1.231576       -1.231576       -0.867760      -37.012334      -62.860173       61.628597      -46.281106       -2.165987        1.280188        5.815438       14.502338        4.996399        0.137913        0.000276               0               0               0               0               0        0.286373        0.026704       -7.255855               0               0               0       -1.012235               0       -8.209079               0       -0.774269        0.353709               0        1.402929               0        0.577404        0.331472       -2.704354       -3.493122       -0.996966        0.326826       -3.204263       -5.000594       -4.220810       -1.707388       -4.960071       -8.222843       -0.506905      -10.048645        0.078174       -4.220810        3.634927        1.298227       -1.103487
K(-1)                      -0.010323       -0.004142       -0.002050        0.000518       -0.000221        0.022252       -0.022231        0.034407       -0.009089        0.000081        0.028783       -0.012817        0.967183        0.010787       -0.442935       -0.519613        1.486796       -0.489561       -0.009089        0.023378        0.100256        0.250015        0.087525        0.002586        0.000193               0               0               0               0               0        0.006365        0.001288        0.026565               0               0               0        0.001928               0        0.028783               0       -0.001935       -0.000674               0       -0.030573               0        0.000958        0.003726        0.017082        0.012024       -0.004142       -0.000218       -0.033346        0.000308        0.014799        0.021225       -0.020814       -0.086981       -0.002127       -0.120254        0.001424        0.014799        0.062665        0.019876        0.002102
K_b(-1)                     0.001323        0.000475        0.000131        0.004149        0.000199        0.000434        0.024685        0.005152        0.001256        0.000647        0.005742        0.014232        0.014232        0.000210        1.297809        2.662071       -2.647839        1.721554        0.001256       -0.062533       -0.234402       -0.584544       -0.206358       -0.005386       -0.000877               0               0               0               0               0       -0.012283       -0.002750        0.018679               0               0               0       -0.000449               0        0.005742               0        0.000027        0.000157               0       -0.002887               0       -0.002748       -0.012879        0.000889        0.001800        0.000475        0.000196        0.037028        0.002467        0.002952        0.000414        0.002876        0.305871        0.000294        0.352348       -0.002875        0.002952       -0.146513       -0.001046       -0.000490
D(-1)                      -0.001317       -0.000473       -0.000130       -0.004130       -0.000198       -0.000432       -0.024572       -0.005128       -0.001250       -0.000644       -0.005716       -0.014166       -0.014166       -0.000209       -1.291820       -2.649787        2.635621       -1.713610       -0.001250        0.062244        0.233320        0.581846        0.205406        0.005361        0.000873               0               0               0               0               0        0.012226        0.002737       -0.018592               0               0               0        0.000447               0       -0.005716               0       -0.000027       -0.000156               0        0.002874               0        0.002735        0.012820       -0.000885       -0.001792       -0.000473       -0.000195       -0.036857       -0.002456       -0.002939       -0.000412       -0.002862       -0.304460       -0.000293       -0.350722        0.002861       -0.002939        0.145836        0.001041        0.000487
D_star(-1)                 -0.007075       -0.001531       -0.001419       -0.045081        0.001948        0.043156       -0.056896       -0.079496       -0.033583       -0.007027       -0.096236       -0.032802       -0.032802        0.020920       -1.976203       -3.733860        3.701057       -3.783427        0.977669        0.177100        0.360850        0.899876        0.316993        0.007828        0.003768               0               0               0               0               0        0.017175        0.011446       -0.091755               0               0               0       -0.008302               0       -0.096236               0       -0.002055        0.002901               0        0.064032               0        0.007641        0.018847        0.039632       -0.027782       -0.001531        0.001919       -0.085344       -0.026806       -0.049481        0.041163       -0.076904       -0.672208        0.228804       -0.536528        0.004136       -0.049481        0.225549        0.054503       -0.009051
A(-1)                      -0.554606       -0.218604        0.010601        0.336748       -0.008400        1.230520        0.939566        2.549303       -0.395943        0.052494        1.420837        0.541691        0.541691        0.596513        6.585753        5.115894       -4.574203        7.429512       -0.395943       -0.063003       -0.800420       -1.996059       -0.704879       -0.017617        0.001619        0.950000               0               0               0               0       -0.021501        0.011762        2.436808               0               0               0        0.076832               0        1.420837               0       -0.103388       -0.026848               0       -1.246139               0       -0.023169       -0.075151        0.955084        0.890918       -0.218604       -0.008276        1.409349        0.200239        0.730543        1.173688       -0.906703        1.320014       -0.092662        1.787996       -0.008819        0.730543       -0.500301        0.992457        0.083758
R_star(-1)                  0.825310        0.544021       -0.013221       -0.419971        0.561360        6.241895       -4.064617       -3.609533       -2.745254       -0.065467       -5.278533       -2.343386       -2.343386        3.025854      -81.726388     -139.004253      136.660867     -143.114248        1.527711        6.046605       13.862318       34.569372       12.014720        0.305136        0.104087               0        0.900000               0               0               0        0.634818        0.351714       -4.443623               0               0               0       -1.816138               0       -5.278533               0       -0.160190        0.634620               0        4.814393               0        1.029704        0.720579        6.497634       -1.261442        0.544021        0.553064       -6.096925       -0.249726       -2.714030        5.953614       -6.286581      -25.427351        0.357530      -22.188265        0.162656       -2.714030        8.664613        5.771108       -1.979861
Y_star(-1)                  0.252981        0.089905        0.033949        1.078443        0.004750       -0.483775        0.128602        1.632229        0.574878        0.168112        0.912455        0.074143        0.074143        0.709062        4.749044        8.564409       -8.490266        8.099712       -0.325122       -0.380731       -0.924636       -2.305824       -0.823163       -0.018387       -0.008565               0               0        0.900000               0               0       -0.039400       -0.024031        1.304203               0               0               0       -0.010495               0        0.912455               0        0.036458        0.003667               0       -0.074473               0       -0.004954       -0.045121       -0.371527        0.570423        0.089905        0.004680        0.192903        0.641270        0.469151        1.395136        1.316459        1.439090       -0.076088        1.289339       -0.009631        0.469151       -0.577942        0.134184       -0.011441
P_c(-1)                    -0.009874       -0.001357       -0.000726       -0.023076       -0.001593       -0.018877        0.024600       -0.020566       -0.000127       -0.003597       -0.011770        0.014183        0.014183       -0.009151        0.393220        2.354253       -2.340071        5.311181       -0.000127       -0.061835        0.124864        0.311382       -0.182644       -0.004782       -0.033627               0               0               0               0               0       -0.010856       -0.002971        0.001637               0               0               0       -2.910822               0       -0.011770       -1.000000        0.002094       -0.001678               0       -0.005346               0        1.535656       -0.209613       -0.019363       -0.007187       -0.001357       -0.001569        0.036900       -0.013721       -0.006052       -0.018005       -0.000290        0.943647       -0.000030        0.106757       -0.002564       -0.006052        0.078046       -0.009025       -3.173229
theta_c(-1)                -0.001698       -0.000195       -0.000151       -0.004801       -0.000164       -0.001593        0.000215       -0.005425       -0.000998       -0.000748       -0.003841        0.000124        0.000124       -0.000772        0.006079        0.159520       -0.159396        0.613946       -0.000998       -0.003909        0.015070        0.037581       -0.033664       -0.000413       -0.005187               0               0               0               0               0       -0.000739       -0.000196       -0.002747       -0.154393               0        0.950000       -0.449691               0       -0.003841       -0.154393        0.000292       -0.000161               0        0.000233               0        0.237138       -0.031292       -0.001715       -0.001896       -0.000195       -0.000162        0.000322       -0.002855       -0.001975       -0.001520       -0.002286        0.109081       -0.000234        0.001650       -0.000168       -0.001975        0.009419        0.000226       -0.490230
cryp(-1)                   -0.001298       -0.000466       -0.000128       -0.004069       -0.000195       -0.000425       -0.024208       -0.005052       -0.001232       -0.000634       -0.005631       -0.013957       -0.013957       -0.000206       -1.272729       -2.610627        2.596671       -1.688286       -0.001232        0.061325        0.229872        0.573248        0.202370        0.005282        0.000860               0               0               0               0               0        0.012045        0.002697       -0.018318               0               0               0        0.000441               0       -0.005631               0       -0.000026       -0.000154               0        0.002832               0        0.002695        0.012630       -0.000872       -0.001766       -0.000466       -0.000192       -0.036313       -0.002419       -0.002895       -0.000406       -0.002820       -0.299961       -0.000288       -0.345539        0.002819       -0.002895        0.143681        0.001025        0.000480
R_c(-1)                    -0.001191       -0.000428       -0.000117       -0.003732       -0.000179       -0.000390       -0.022206       -0.004634       -0.001130       -0.000582       -0.005166       -0.012803       -0.012803       -0.000189       -1.167482       -2.394744        2.381941       -1.548674       -0.001130        0.056253        0.210863        0.525843        0.185636        0.004845        0.000789               0               0               0               0               0        0.011049        0.002474       -0.016803               0               0               0        0.000404               0       -0.005166               0       -0.000024       -0.000141               0        0.002597               0        0.002472        0.011586       -0.000800       -0.001620       -0.000428       -0.000176       -0.033310       -0.002219       -0.002656       -0.000372       -0.002587       -0.275156       -0.000264       -0.316965        0.002586       -0.002656        0.131800        0.000941        0.000441
sigma_Rc(-1)                       0               0               0               0               0               0               0               0               0               0               0               0               0               0               0               0               0               0               0               0               0               0               0               0               0               0               0               0               0               0               0               0               0               0               0               0               0               0               0               0               0               0               0               0        0.950000               0               0               0               0               0               0               0               0               0               0               0               0               0               0               0               0               0               0               0
epsilon(-1)                 0.204346        0.072198        0.019170        0.608955       -0.024166        0.129801        0.145213        0.723688        0.156767        0.094926        0.593753        0.083720        0.083720        0.062923        2.167308        3.497339       -3.413619        2.670480        0.156767       -0.067892       -0.328312       -0.818733       -0.280082       -0.007855        0.000332               0               0               0               0               0       -0.015871       -0.000837        0.519356               0               0               0        0.073678               0        0.593753               0        0.056208       -0.025745               0       -0.100708               0       -0.040824       -0.018906       -0.757810        0.252911        0.072198       -0.023809        0.217819        0.362100        0.305286        0.123806        0.358994        0.474469        0.036688        0.588412       -0.004524        0.305286       -0.205211       -0.093844        0.080320
varepsilon_R               -3.570679       -1.261571       -0.334967      -10.640683        0.422274       -2.268105       -2.537401      -12.645506       -2.739302       -1.658711      -10.375055       -1.462896       -1.462896       -1.099498      -37.870866      -61.111406       59.648511      -46.663138       -2.739302        1.186321        5.736823       14.306292        4.894058        0.137260       -0.005793               0               0               0               0               0        0.277320        0.014623       -9.075061               0               0               0       -1.287419               0      -10.375055               0       -0.982165        0.449868               0        1.759746               0        0.713339        0.330362       -3.424923       -4.419290       -1.261571        0.416033       -3.806102       -6.327228       -5.334477       -2.163352       -6.272952       -8.290719       -0.641077      -10.281732        0.079051       -5.334477        3.585789        1.639803       -1.403479
varepsilon_A               -0.583796       -0.230110        0.011159        0.354472       -0.008842        1.295284        0.989017        2.683476       -0.416782        0.055256        1.495618        0.570201        0.570201        0.627909        6.932372        5.385152       -4.814951        7.820539       -0.416782       -0.066319       -0.842547       -2.101115       -0.741978       -0.018544        0.001704        1.000000               0               0               0               0       -0.022632        0.012381        2.565061               0               0               0        0.080876               0        1.495618               0       -0.108829       -0.028261               0       -1.311725               0       -0.024388       -0.079107        1.005352        0.937808       -0.230110       -0.008712        1.483525        0.210778        0.768993        1.235461       -0.954424        1.389488       -0.097539        1.882101       -0.009283        0.768993       -0.526632        1.044691        0.088167
varepsilon_Rstar            0.950229        0.611653       -0.008027       -0.254984        0.614590        6.732826       -4.249120       -3.637364       -2.892613       -0.039748       -5.413216       -2.449758       -2.449758        3.263841      -81.529000     -136.919033      134.469275     -141.252981       -2.892613        5.886980       13.708415       34.185575       11.861437        0.302289        0.097963               0        1.000000               0               0               0        0.624716        0.337053       -4.506579               0               0               0       -1.978952               0       -5.413216               0       -0.168340        0.691513               0        5.048701               0        1.108242        0.712159        7.033525       -1.271168        0.611653        0.605508       -6.373680       -0.151620       -2.783279        6.421872       -6.624032      -25.096657       -0.676957      -22.134675        0.161309       -2.783279        8.568417        6.156454       -2.157352
varepsilon_Ystar            0.281090        0.099895        0.037721        1.198270        0.005278       -0.537528        0.142891        1.813587        0.638753        0.186791        1.013839        0.082382        0.082382        0.787846        5.276715        9.516010       -9.433629        8.999680       -0.361247       -0.423034       -1.027373       -2.562027       -0.914626       -0.020430       -0.009517               0               0        1.000000               0               0       -0.043778       -0.026701        1.449115               0               0               0       -0.011661               0        1.013839               0        0.040509        0.004075               0       -0.082748               0       -0.005505       -0.050134       -0.412808        0.633804        0.099895        0.005200        0.214337        0.712523        0.521279        1.550151        1.462733        1.598988       -0.084542        1.432599       -0.010701        0.521279       -0.642157        0.149093       -0.012713
eps_Rc                             0               0               0               0               0               0               0               0               0               0               0               0               0               0               0               0               0               0               0               0               0               0               0               0               0               0               0               0               0               0               0               0               0               0               0               0               0               0               0               0               0               0               0               0        0.030000               0               0               0               0               0               0               0               0               0               0               0               0               0               0               0               0               0               0               0
vol                        -0.001787       -0.000206       -0.000159       -0.005053       -0.000173       -0.001677        0.000226       -0.005710       -0.001051       -0.000788       -0.004043        0.000130        0.000130       -0.000813        0.006399        0.167916       -0.167785        0.646259       -0.001051       -0.004115        0.015863        0.039559       -0.035436       -0.000435       -0.005460               0               0               0               0               0       -0.000778       -0.000206       -0.002892       -0.162519               0        1.000000       -0.473358               0       -0.004043       -0.162519        0.000307       -0.000170               0        0.000246               0        0.249619       -0.032939       -0.001805       -0.001996       -0.000206       -0.000170        0.000339       -0.003005       -0.002079       -0.001600       -0.002407        0.114822       -0.000246        0.001737       -0.000177       -0.002079        0.009915        0.000238       -0.516031


THEORETICAL MOMENTS
VARIABLE          MEAN  STD. DEV.   VARIANCE
mc              0.8889     0.0124     0.0002
Pi              1.0000     0.0053     0.0000
Z               0.0397     0.0019     0.0000
w               5.0452     0.0805     0.0065
R               1.0150     0.0051     0.0000
epsilon         1.0484     0.0703     0.0049
Q               1.0000     0.0471     0.0022
Y               2.8614     0.1802     0.0325
M               0.4367     0.0221     0.0005
L               0.2622     0.0125     0.0002
C               1.9449     0.1345     0.0181
I               0.3844     0.0272     0.0007
K              19.2178     0.6447     0.4157
EX              0.5082     0.0341     0.0012
N               3.6833     0.6387     0.4079
K_b            14.6954     1.1297     1.2762
K_h             4.5224     0.9620     0.9255
D               5.6284     1.0838     1.1745
D_star          4.2730     0.1421     0.0202
x               0.3048     0.0423     0.0018
psi             1.5999     0.0985     0.0097
phi             3.9897     0.2455     0.0603
upsilon         1.5639     0.0853     0.0073
mu              0.0072     0.0022     0.0000
mu_star         0.0058     0.0008     0.0000
A               1.0000     0.0320     0.0010
R_star          1.0113     0.0057     0.0000
Y_star          0.4848     0.0000     0.0000
Phi             0.0000     0.0000     0.0000
Theta           0.4010     0.0000     0.0000
chi_h           0.0105     0.0045     0.0000
chi_b           0.0135     0.0025     0.0000
Ynet            2.3797     0.1527     0.0233
P_c             1.0000     0.0000     0.0000
R_dc            1.0000     0.0000     0.0000
theta_c         1.0000     0.0000     0.0000
cryp            0.9173     0.0177     0.0003
DC              0.0000     0.0000     0.0000
m               1.9449     0.1345     0.0181
R_c             1.0000     0.0000     0.0000
Lambda          0.9852     0.0039     0.0000
gam             0.0153     0.0062     0.0000
trs             1.0000     0.0000     0.0000
Lambda1         1.0341     0.0770     0.0059
sigma_Rc        0.0000     0.0000     0.0000
mu_cryp         0.0231     0.0089     0.0001
x_c             0.0624     0.0060     0.0000
DE              1.0000     0.0223     0.0005
logY            1.0513     0.0630     0.0040
logPi           0.0000     0.0053     0.0000
logR            0.0149     0.0051     0.0000
logI           -0.9562     0.0706     0.0050
logL           -1.3388     0.0479     0.0023
logC            0.6652     0.0692     0.0048
logEX          -0.6768     0.0670     0.0045
logM           -0.8285     0.0507     0.0026
logD            1.7278     0.1926     0.0371
logD_star       1.4523     0.0333     0.0011
logN            1.3038     0.1734     0.0301
spread          0.0047     0.0012     0.0000
logm            0.6652     0.0692     0.0048
leverage        1.3837     0.0615     0.0038
TB              0.0716     0.0481     0.0023
logcryp        -0.0863     0.0193     0.0004



VARIANCE DECOMPOSITION (in percent)
                 varepsilon_R      varepsilon_A  varepsilon_Rstar  varepsilon_Ystar            eps_Rc               vol
mc                      65.78             28.43              5.79              0.00              0.00              0.00
Pi                      45.30             29.88             24.82              0.00              0.00              0.00
Z                       24.94             71.90              3.16              0.00              0.00              0.00
w                       13.81             79.58              6.61              0.00              0.00              0.00
R                        5.24             29.79             64.97              0.00              0.00              0.00
epsilon                  1.39             72.91             25.69              0.00              0.00              0.00
Q                        2.85             64.64             32.51              0.00              0.00              0.00
Y                        3.89             87.94              8.18              0.00              0.00              0.00
M                       12.31              4.42             83.26              0.00              0.00              0.00
L                       13.81             79.58              6.61              0.00              0.00              0.00
C                        4.66             77.28             18.06              0.00              0.00              0.00
I                        2.85             64.64             32.51              0.00              0.00              0.00
K                        0.79             73.58             25.63              0.00              0.00              0.00
EX                       1.39             72.91             25.69              0.00              0.00              0.00
N                       13.42             14.31             72.27              0.00              0.00              0.00
K_b                     18.41              7.40             74.19              0.00              0.00              0.00
K_h                     20.96              8.38             70.65              0.00              0.00              0.00
D                        5.50              9.79             84.71              0.00              0.00              0.00
D_star                  23.21              9.77             67.02              0.00              0.00              0.00
x                        2.61              0.65             96.74              0.00              0.00              0.00
psi                     15.95              4.22             79.83              0.00              0.00              0.00
phi                     15.95              4.22             79.83              0.00              0.00              0.00
upsilon                 16.26              4.10             79.64              0.00              0.00              0.00
mu                      18.47              4.32             77.21              0.00              0.00              0.00
mu_star                  1.35              3.51             95.14              0.00              0.00              0.00
A                        0.00            100.00              0.00              0.00              0.00              0.00
R_star                   0.00              0.00            100.00              0.00              0.00              0.00
Y_star                   0.00              0.00              0.00            100.00              0.00              0.00
Phi                      0.65              3.96             95.39              0.00              0.00              0.00
Theta                   20.86             47.98             31.16              0.00              0.00              0.00
chi_h                   21.49              5.18             73.33              0.00              0.00              0.00
chi_b                    1.39              6.04             92.58              0.00              0.00              0.00
Ynet                     2.87             86.53             10.60              0.00              0.00              0.00
P_c                      0.00              0.00              0.00              0.00              0.00            100.00
R_dc                    22.21             18.61             59.18              0.00              0.00              0.00
theta_c                  0.00              0.00              0.00              0.00              0.00            100.00
cryp                     4.11             36.99             58.91              0.00              0.00              0.00
DC                        NaN               NaN               NaN               NaN               NaN               NaN
m                        4.66             77.28             18.06              0.00              0.00              0.00
R_c                      0.00              0.00              0.00              0.00              0.00            100.00
Lambda                  48.84             26.02             25.14              0.00              0.00              0.00
gam                      4.11             36.99             58.91              0.00              0.00              0.00
trs                      4.04             25.13             70.83              0.00              0.00              0.00
Lambda1                  0.43             70.79             28.78              0.00              0.00              0.00
sigma_Rc                 0.00              0.04              0.00              0.00             99.96              0.00
mu_cryp                  5.49             24.96             69.55              0.00              0.00              0.00
x_c                     14.72             20.15             65.13              0.00              0.00              0.00
DE                      15.05             21.97             62.99              0.00              0.00              0.00
logY                     3.89             87.94              8.18              0.00              0.00              0.00
logPi                   45.30             29.88             24.82              0.00              0.00              0.00
logR                     5.24             29.79             64.97              0.00              0.00              0.00
logI                     2.85             64.64             32.51              0.00              0.00              0.00
logL                    13.81             79.58              6.61              0.00              0.00              0.00
logC                     4.66             77.28             18.06              0.00              0.00              0.00
logEX                    1.39             72.91             25.69              0.00              0.00              0.00
logM                    12.31              4.42             83.26              0.00              0.00              0.00
logD                     5.50              9.79             84.71              0.00              0.00              0.00
logD_star               23.21              9.77             67.02              0.00              0.00              0.00
logN                    13.42             14.31             72.27              0.00              0.00              0.00
spread                  19.13              4.41             76.46              0.00              0.00              0.00
logm                     4.66             77.28             18.06              0.00              0.00              0.00
leverage                15.95              4.22             79.83              0.00              0.00              0.00
TB                       1.55             38.91             59.53              0.00              0.00              0.00
logcryp                  4.11             36.99             58.91              0.00              0.00              0.00



MATRIX OF CORRELATIONS
Variables           mc         Pi          Z          w          R    epsilon          Q          Y          M          L          C          I          K         EX          N        K_b        K_h          D     D_star          x        psi        phi    upsilon         mu    mu_star          A     R_star      chi_h      chi_b       Ynet       cryp          m     Lambda        gam    Lambda1    mu_cryp        x_c         DE       logY      logPi       logR       logI       logL       logC      logEX       logM       logD  logD_star       logN     spread       logm   leverage         TB    logcryp
mc              1.0000     0.9344     0.2529     0.1698     0.0269     0.0018    -0.1857    -0.0493     0.2112     0.1698    -0.0310    -0.1857    -0.0417     0.0018    -0.0839    -0.0245     0.0008    -0.1112     0.1249     0.1075     0.0636     0.0636     0.0649     0.0467     0.1446    -0.2781     0.2033     0.0041     0.1019    -0.0924    -0.0608    -0.0310     0.6113     0.0608     0.2084     0.0328     0.0981     0.1913    -0.0493     0.9344     0.0269    -0.1857     0.1698    -0.0310     0.0018     0.2112    -0.1112     0.1249    -0.0839     0.0322    -0.0310     0.0636    -0.0959    -0.0608
Pi              0.9344     1.0000     0.0438    -0.0871     0.3798     0.0029    -0.4765    -0.2950    -0.1134    -0.0871    -0.3146    -0.4765    -0.2430     0.0029    -0.4095    -0.3373     0.2332    -0.4421     0.2482     0.4098     0.3676     0.3676     0.3676     0.3378     0.4020    -0.4086     0.4871     0.2527     0.3467    -0.3445    -0.4077    -0.3146     0.2924     0.4077     0.4934     0.3856     0.4203     0.2393    -0.2950     1.0000     0.3798    -0.4765    -0.0871    -0.3146     0.0029    -0.1134    -0.4421     0.2482    -0.4095     0.3226    -0.3146     0.3676     0.0543    -0.4077
Z               0.2529     0.0438     1.0000     0.8584    -0.6005     0.6171     0.8003     0.8140     0.2645     0.8584     0.7768     0.8003     0.2486     0.6171     0.4683     0.2898    -0.1737     0.3630    -0.0491    -0.1459    -0.3450    -0.3450    -0.3396    -0.3419     0.0754     0.7891    -0.1202    -0.1935     0.1036     0.7999     0.6239     0.7768     0.6655    -0.6239    -0.6670    -0.5754    -0.4973     0.0981     0.8140     0.0438    -0.6005     0.8003     0.8584     0.7768     0.6171     0.2645     0.3630    -0.0491     0.4683    -0.3496     0.7768    -0.3450     0.3152     0.6239
w               0.1698    -0.0871     0.8584     1.0000    -0.7416     0.7005     0.8357     0.9759     0.3324     1.0000     0.9664     0.8357     0.7101     0.7005     0.5828     0.4822    -0.0903     0.5343    -0.3526    -0.2971    -0.4003    -0.4003    -0.3957    -0.3503    -0.1406     0.8304    -0.1854    -0.1465    -0.0316     0.9647     0.7828     0.9664     0.7192    -0.7828    -0.8906    -0.7072    -0.6362     0.0330     0.9759    -0.0871    -0.7416     0.8357     1.0000     0.9664     0.7005     0.3324     0.5343    -0.3526     0.5828    -0.3480     0.9664    -0.4003     0.3430     0.7828
R               0.0269     0.3798    -0.6005    -0.7416     1.0000    -0.0823    -0.8940    -0.7575    -0.8243    -0.7416    -0.8472    -0.8940    -0.5881    -0.0823    -0.9230    -0.8591     0.6147    -0.9307     0.3547     0.8253     0.8432     0.8432     0.8394     0.8031     0.6911    -0.5016     0.7960     0.6618     0.6411    -0.7816    -0.9961    -0.8472    -0.7734     0.9961     0.8782     0.9970     0.9227     0.1626    -0.7575     0.3798     1.0000    -0.8940    -0.7416    -0.8472    -0.0823    -0.8243    -0.9307     0.3547    -0.9230     0.7988    -0.8472     0.8432     0.3212    -0.9961
epsilon         0.0018     0.0029     0.6171     0.7005    -0.0823     1.0000     0.3922     0.7096    -0.4402     0.7005     0.5904     0.3922     0.4674     1.0000    -0.0572    -0.1623     0.5039    -0.1460    -0.1257     0.4101     0.2584     0.2584     0.2610     0.2940     0.5131     0.8316     0.5039     0.4675     0.6358     0.6788     0.1586     0.5904     0.1070    -0.1586    -0.4888    -0.0352    -0.0304     0.1575     0.7096     0.0029    -0.0823     0.3922     0.7005     0.5904     1.0000    -0.4402    -0.1460    -0.1257    -0.0572     0.2964     0.5904     0.2584     0.9106     0.1586
Q              -0.1857    -0.4765     0.8003     0.8357    -0.8940     0.3922     1.0000     0.8881     0.5332     0.8357     0.9115     1.0000     0.4912     0.3922     0.8266     0.6827    -0.4725     0.7731    -0.2498    -0.5886    -0.7109    -0.7109    -0.7068    -0.6827    -0.3968     0.8006    -0.5690    -0.5118    -0.3379     0.9082     0.9159     0.9115     0.6059    -0.9159    -0.9231    -0.8852    -0.8499    -0.0825     0.8881    -0.4765    -0.8940     1.0000     0.8357     0.9115     0.3922     0.5332     0.7731    -0.2498     0.8266    -0.6796     0.9115    -0.7109     0.0322     0.9159
Y              -0.0493    -0.2950     0.8140     0.9759    -0.7575     0.7096     0.8881     1.0000     0.2901     0.9759     0.9863     0.8881     0.7289     0.7096     0.6093     0.4941    -0.0917     0.5661    -0.3850    -0.3249    -0.4198    -0.4198    -0.4154    -0.3653    -0.1745     0.9032    -0.2329    -0.1494    -0.0546     0.9981     0.8068     0.9863     0.5936    -0.8068    -0.9487    -0.7240    -0.6666    -0.0089     1.0000    -0.2950    -0.7575     0.8881     0.9759     0.9863     0.7096     0.2901     0.5661    -0.3850     0.6093    -0.3598     0.9863    -0.4198     0.3688     0.8068
M               0.2112    -0.1134     0.2645     0.3324    -0.8243    -0.4402     0.5332     0.2901     1.0000     0.3324     0.4355     0.5332     0.2756    -0.4402     0.8089     0.8212    -0.7796     0.8652    -0.2775    -0.9158    -0.8452    -0.8452    -0.8429    -0.8293    -0.8549    -0.0542    -0.8993    -0.8021    -0.8801     0.3166     0.7752     0.4355     0.7635    -0.7752    -0.4745    -0.8433    -0.7604    -0.1666     0.2901    -0.1134    -0.8243     0.5332     0.3324     0.4355    -0.4402     1.0000     0.8652    -0.2775     0.8089    -0.8296     0.4355    -0.8452    -0.7719     0.7752
L               0.1698    -0.0871     0.8584     1.0000    -0.7416     0.7005     0.8357     0.9759     0.3324     1.0000     0.9664     0.8357     0.7101     0.7005     0.5828     0.4822    -0.0903     0.5343    -0.3526    -0.2971    -0.4003    -0.4003    -0.3957    -0.3503    -0.1406     0.8304    -0.1854    -0.1465    -0.0316     0.9647     0.7828     0.9664     0.7192    -0.7828    -0.8906    -0.7072    -0.6362     0.0330     0.9759    -0.0871    -0.7416     0.8357     1.0000     0.9664     0.7005     0.3324     0.5343    -0.3526     0.5828    -0.3480     0.9664    -0.4003     0.3430     0.7828
C              -0.0310    -0.3146     0.7768     0.9664    -0.8472     0.5904     0.9115     0.9863     0.4355     0.9664     1.0000     0.9115     0.7636     0.5904     0.7055     0.6082    -0.2024     0.6819    -0.4381    -0.4664    -0.5306    -0.5306    -0.5263    -0.4727    -0.3258     0.8314    -0.3698    -0.2629    -0.2106     0.9897     0.8869     1.0000     0.6699    -0.8869    -0.9774    -0.8185    -0.7530    -0.0427     0.9863    -0.3146    -0.8472     0.9115     0.9664     1.0000     0.5904     0.4355     0.6819    -0.4381     0.7055    -0.4665     1.0000    -0.5306     0.2176     0.8869
I              -0.1857    -0.4765     0.8003     0.8357    -0.8940     0.3922     1.0000     0.8881     0.5332     0.8357     0.9115     1.0000     0.4912     0.3922     0.8266     0.6827    -0.4725     0.7731    -0.2498    -0.5886    -0.7109    -0.7109    -0.7068    -0.6827    -0.3968     0.8006    -0.5690    -0.5118    -0.3379     0.9082     0.9159     0.9115     0.6059    -0.9159    -0.9231    -0.8852    -0.8499    -0.0825     0.8881    -0.4765    -0.8940     1.0000     0.8357     0.9115     0.3922     0.5332     0.7731    -0.2498     0.8266    -0.6796     0.9115    -0.7109     0.0322     0.9159
K              -0.0417    -0.2430     0.2486     0.7101    -0.5881     0.4674     0.4912     0.7289     0.2756     0.7101     0.7636     0.4912     1.0000     0.4674     0.4725     0.5261     0.0524     0.5257    -0.5998    -0.3764    -0.2983    -0.2983    -0.2969    -0.2080    -0.3832     0.4886    -0.2031    -0.0265    -0.2167     0.7283     0.6334     0.7636     0.4442    -0.6334    -0.7750    -0.5584    -0.5329    -0.0778     0.7289    -0.2430    -0.5881     0.4912     0.7101     0.7636     0.4674     0.2756     0.5257    -0.5998     0.4725    -0.1931     0.7636    -0.2983     0.2041     0.6334
EX              0.0018     0.0029     0.6171     0.7005    -0.0823     1.0000     0.3922     0.7096    -0.4402     0.7005     0.5904     0.3922     0.4674     1.0000    -0.0572    -0.1623     0.5039    -0.1460    -0.1257     0.4101     0.2584     0.2584     0.2610     0.2940     0.5131     0.8316     0.5039     0.4675     0.6358     0.6788     0.1586     0.5904     0.1070    -0.1586    -0.4888    -0.0352    -0.0304     0.1575     0.7096     0.0029    -0.0823     0.3922     0.7005     0.5904     1.0000    -0.4402    -0.1460    -0.1257    -0.0572     0.2964     0.5904     0.2584     0.9106     0.1586
N              -0.0839    -0.4095     0.4683     0.5828    -0.9230    -0.0572     0.8266     0.6093     0.8089     0.5828     0.7055     0.8266     0.4725    -0.0572     1.0000     0.9696    -0.8219     0.9766    -0.2036    -0.8949    -0.9737    -0.9737    -0.9728    -0.9523    -0.7420     0.3740    -0.8358    -0.8600    -0.7153     0.6441     0.9094     0.7055     0.6707    -0.9094    -0.7563    -0.9483    -0.9953    -0.1361     0.6093    -0.4095    -0.9230     0.8266     0.5828     0.7055    -0.0572     0.8089     0.9766    -0.2036     1.0000    -0.9482     0.7055    -0.9737    -0.4128     0.9094
K_b            -0.0245    -0.3373     0.2898     0.4822    -0.8591    -0.1623     0.6827     0.4941     0.8212     0.4822     0.6082     0.6827     0.5261    -0.1623     0.9696     1.0000    -0.8217     0.9669    -0.2217    -0.9180    -0.9602    -0.9602    -0.9606    -0.9331    -0.8050     0.2031    -0.8279    -0.8641    -0.7729     0.5286     0.8395     0.6082     0.6505    -0.8395    -0.6658    -0.8905    -0.9632    -0.1440     0.4941    -0.3373    -0.8591     0.6827     0.4822     0.6082    -0.1623     0.8212     0.9669    -0.2217     0.9696    -0.9274     0.6082    -0.9602    -0.4929     0.8395
K_h             0.0008     0.2332    -0.1737    -0.0903     0.6147     0.5039    -0.4725    -0.0917    -0.7796    -0.0903    -0.2024    -0.4725     0.0524     0.5039    -0.8219    -0.8217     1.0000    -0.7831    -0.1417     0.8257     0.9277     0.9277     0.9290     0.9564     0.6885     0.0889     0.8360     0.9969     0.7624    -0.1326    -0.5613    -0.2024    -0.4662     0.5613     0.2625     0.6715     0.7739     0.1170    -0.0917     0.2332     0.6147    -0.4725    -0.0903    -0.2024     0.5039    -0.7796    -0.7831    -0.1417    -0.8219     0.9595    -0.2024     0.9277     0.7156    -0.5613
D              -0.1112    -0.4421     0.3630     0.5343    -0.9307    -0.1460     0.7731     0.5661     0.8652     0.5343     0.6819     0.7731     0.5257    -0.1460     0.9766     0.9669    -0.7831     1.0000    -0.3660    -0.9571    -0.9521    -0.9521    -0.9509    -0.9180    -0.8581     0.2930    -0.8820    -0.8254    -0.8214     0.6033     0.9155     0.6819     0.6533    -0.9155    -0.7543    -0.9520    -0.9658    -0.1614     0.5661    -0.4421    -0.9307     0.7731     0.5343     0.6819    -0.1460     0.8652     1.0000    -0.3660     0.9766    -0.9112     0.6819    -0.9521    -0.5016     0.9155
D_star          0.1249     0.2482    -0.0491    -0.3526     0.3547    -0.1257    -0.2498    -0.3850    -0.2775    -0.3526    -0.4381    -0.2498    -0.5998    -0.1257    -0.2036    -0.2217    -0.1417    -0.3660     1.0000     0.3869     0.1056     0.1056     0.1037     0.0250     0.5361    -0.2148     0.1675    -0.0945     0.4167    -0.3908    -0.3866    -0.4381    -0.1922     0.3866     0.4923     0.3261     0.2215    -0.0137    -0.3850     0.2482     0.3547    -0.2498    -0.3526    -0.4381    -0.1257    -0.2775    -0.3660     1.0000    -0.2036     0.0103    -0.4381     0.1056     0.0387    -0.3866
x               0.1075     0.4098    -0.1459    -0.2971     0.8253     0.4101    -0.5886    -0.3249    -0.9158    -0.2971    -0.4664    -0.5886    -0.3764     0.4101    -0.8949    -0.9180     0.8257    -0.9571     0.3869     1.0000     0.9241     0.9241     0.9238     0.8974     0.9578    -0.0341     0.9361     0.8563     0.9507    -0.3671    -0.7926    -0.4664    -0.5609     0.7926     0.5645     0.8557     0.8612     0.1807    -0.3249     0.4098     0.8253    -0.5886    -0.2971    -0.4664     0.4101    -0.9158    -0.9571     0.3869    -0.8949     0.8908    -0.4664     0.9241     0.7119    -0.7926
psi             0.0636     0.3676    -0.3450    -0.4003     0.8432     0.2584    -0.7109    -0.4198    -0.8452    -0.4003    -0.5306    -0.7109    -0.2983     0.2584    -0.9737    -0.9602     0.9277    -0.9521     0.1056     0.9241     1.0000     1.0000     1.0000     0.9950     0.7814    -0.1873     0.8854     0.9521     0.7911    -0.4595    -0.8127    -0.5306    -0.6134     0.8127     0.5928     0.8822     0.9506     0.1404    -0.4198     0.3676     0.8432    -0.7109    -0.4003    -0.5306     0.2584    -0.8452    -0.9521     0.1056    -0.9737     0.9930    -0.5306     1.0000     0.5720    -0.8127
phi             0.0636     0.3676    -0.3450    -0.4003     0.8432     0.2584    -0.7109    -0.4198    -0.8452    -0.4003    -0.5306    -0.7109    -0.2983     0.2584    -0.9737    -0.9602     0.9277    -0.9521     0.1056     0.9241     1.0000     1.0000     1.0000     0.9950     0.7814    -0.1873     0.8854     0.9521     0.7911    -0.4595    -0.8127    -0.5306    -0.6134     0.8127     0.5928     0.8822     0.9506     0.1404    -0.4198     0.3676     0.8432    -0.7109    -0.4003    -0.5306     0.2584    -0.8452    -0.9521     0.1056    -0.9737     0.9930    -0.5306     1.0000     0.5720    -0.8127
upsilon         0.0649     0.3676    -0.3396    -0.3957     0.8394     0.2610    -0.7068    -0.4154    -0.8429    -0.3957    -0.5263    -0.7068    -0.2969     0.2610    -0.9728    -0.9606     0.9290    -0.9509     0.1037     0.9238     1.0000     1.0000     1.0000     0.9952     0.7816    -0.1833     0.8840     0.9534     0.7915    -0.4553    -0.8088    -0.5263    -0.6094     0.8088     0.5890     0.8788     0.9496     0.1397    -0.4154     0.3676     0.8394    -0.7068    -0.3957    -0.5263     0.2610    -0.8429    -0.9509     0.1037    -0.9728     0.9931    -0.5263     1.0000     0.5727    -0.8088
mu              0.0467     0.3378    -0.3419    -0.3503     0.8031     0.2940    -0.6827    -0.3653    -0.8293    -0.3503    -0.4727    -0.6827    -0.2080     0.2940    -0.9523    -0.9331     0.9564    -0.9180     0.0250     0.8974     0.9950     0.9950     0.9952     1.0000     0.7433    -0.1522     0.8748     0.9737     0.7699    -0.4051    -0.7677    -0.4727    -0.5924     0.7677     0.5304     0.8462     0.9242     0.1314    -0.3653     0.3378     0.8031    -0.6827    -0.3503    -0.4727     0.2940    -0.8293    -0.9180     0.0250    -0.9523     0.9997    -0.4727     0.9950     0.5898    -0.7677
mu_star         0.1446     0.4020     0.0754    -0.1406     0.6911     0.5131    -0.3968    -0.1745    -0.8549    -0.1406    -0.3258    -0.3968    -0.3832     0.5131    -0.7420    -0.8050     0.6885    -0.8581     0.5361     0.9578     0.7814     0.7814     0.7816     0.7433     1.0000     0.1275     0.8701     0.7195     0.9826    -0.2162    -0.6589    -0.3258    -0.4240     0.6589     0.4464     0.7176     0.7041     0.1863    -0.1745     0.4020     0.6911    -0.3968    -0.1406    -0.3258     0.5131    -0.8549    -0.8581     0.5361    -0.7420     0.7335    -0.3258     0.7814     0.7567    -0.6589
A              -0.2781    -0.4086     0.7891     0.8304    -0.5016     0.8316     0.8006     0.9032    -0.0542     0.8304     0.8314     0.8006     0.4886     0.8316     0.3740     0.2031     0.0889     0.2930    -0.2148    -0.0341    -0.1873    -0.1873    -0.1833    -0.1522     0.1275     1.0000     0.0000     0.0504     0.2330     0.9012     0.5662     0.8314     0.2562    -0.5662    -0.8018    -0.4663    -0.4399     0.0282     0.9032    -0.4086    -0.5016     0.8006     0.8304     0.8314     0.8316    -0.0542     0.2930    -0.2148     0.3740    -0.1478     0.8314    -0.1873     0.6137     0.5662
R_star          0.2033     0.4871    -0.1202    -0.1854     0.7960     0.5039    -0.5690    -0.2329    -0.8993    -0.1854    -0.3698    -0.5690    -0.2031     0.5039    -0.8358    -0.8279     0.8360    -0.8820     0.1675     0.9361     0.8854     0.8854     0.8840     0.8748     0.8701     0.0000     1.0000     0.8529     0.8983    -0.2790    -0.7531    -0.3698    -0.4784     0.7531     0.4829     0.8243     0.7876     0.2669    -0.2329     0.4871     0.7960    -0.5690    -0.1854    -0.3698     0.5039    -0.8993    -0.8820     0.1675    -0.8358     0.8709    -0.3698     0.8854     0.7707    -0.7531
chi_h           0.0041     0.2527    -0.1935    -0.1465     0.6618     0.4675    -0.5118    -0.1494    -0.8021    -0.1465    -0.2629    -0.5118    -0.0265     0.4675    -0.8600    -0.8641     0.9969    -0.8254    -0.0945     0.8563     0.9521     0.9521     0.9534     0.9737     0.7195     0.0504     0.8529     1.0000     0.7803    -0.1903    -0.6118    -0.2629    -0.5017     0.6118     0.3239     0.7163     0.8168     0.1233    -0.1494     0.2527     0.6618    -0.5118    -0.1465    -0.2629     0.4675    -0.8021    -0.8254    -0.0945    -0.8600     0.9758    -0.2629     0.9521     0.7002    -0.6118
chi_b           0.1019     0.3467     0.1036    -0.0316     0.6411     0.6358    -0.3379    -0.0546    -0.8801    -0.0316    -0.2106    -0.3379    -0.2167     0.6358    -0.7153    -0.7729     0.7624    -0.8214     0.4167     0.9507     0.7911     0.7911     0.7915     0.7699     0.9826     0.2330     0.8983     0.7803     1.0000    -0.0977    -0.5954    -0.2106    -0.4089     0.5954     0.3286     0.6751     0.6624     0.1867    -0.0546     0.3467     0.6411    -0.3379    -0.0316    -0.2106     0.6358    -0.8801    -0.8214     0.4167    -0.7153     0.7633    -0.2106     0.7911     0.8552    -0.5954
Ynet           -0.0924    -0.3445     0.7999     0.9647    -0.7816     0.6788     0.9082     0.9981     0.3166     0.9647     0.9897     0.9082     0.7283     0.6788     0.6441     0.5286    -0.1326     0.6033    -0.3908    -0.3671    -0.4595    -0.4595    -0.4553    -0.4051    -0.2162     0.9012    -0.2790    -0.1903    -0.0977     1.0000     0.8296     0.9897     0.5840    -0.8296    -0.9636    -0.7508    -0.6993    -0.0235     0.9981    -0.3445    -0.7816     0.9082     0.9647     0.9897     0.6788     0.3166     0.6033    -0.3908     0.6441    -0.3990     0.9897    -0.4595     0.3349     0.8296
cryp           -0.0608    -0.4077     0.6239     0.7828    -0.9961     0.1586     0.9159     0.8068     0.7752     0.7828     0.8869     0.9159     0.6334     0.1586     0.9094     0.8395    -0.5613     0.9155    -0.3866    -0.7926    -0.8127    -0.8127    -0.8088    -0.7677    -0.6589     0.5662    -0.7531    -0.6118    -0.5954     0.8296     1.0000     0.8869     0.7516    -1.0000    -0.9169    -0.9893    -0.9170    -0.1540     0.8068    -0.4077    -0.9961     0.9159     0.7828     0.8869     0.1586     0.7752     0.9155    -0.3866     0.9094    -0.7624     0.8869    -0.8127    -0.2445     1.0000
m              -0.0310    -0.3146     0.7768     0.9664    -0.8472     0.5904     0.9115     0.9863     0.4355     0.9664     1.0000     0.9115     0.7636     0.5904     0.7055     0.6082    -0.2024     0.6819    -0.4381    -0.4664    -0.5306    -0.5306    -0.5263    -0.4727    -0.3258     0.8314    -0.3698    -0.2629    -0.2106     0.9897     0.8869     1.0000     0.6699    -0.8869    -0.9774    -0.8185    -0.7530    -0.0427     0.9863    -0.3146    -0.8472     0.9115     0.9664     1.0000     0.5904     0.4355     0.6819    -0.4381     0.7055    -0.4665     1.0000    -0.5306     0.2176     0.8869
Lambda          0.6113     0.2924     0.6655     0.7192    -0.7734     0.1070     0.6059     0.5936     0.7635     0.7192     0.6699     0.6059     0.4442     0.1070     0.6707     0.6505    -0.4662     0.6533    -0.1922    -0.5609    -0.6134    -0.6134    -0.6094    -0.5924    -0.4240     0.2562    -0.4784    -0.5017    -0.4089     0.5840     0.7516     0.6699     1.0000    -0.7516    -0.5771    -0.7655    -0.6645    -0.0012     0.5936     0.2924    -0.7734     0.6059     0.7192     0.6699     0.1070     0.7635     0.6533    -0.1922     0.6707    -0.5984     0.6699    -0.6134    -0.2757     0.7516
gam             0.0608     0.4077    -0.6239    -0.7828     0.9961    -0.1586    -0.9159    -0.8068    -0.7752    -0.7828    -0.8869    -0.9159    -0.6334    -0.1586    -0.9094    -0.8395     0.5613    -0.9155     0.3866     0.7926     0.8127     0.8127     0.8088     0.7677     0.6589    -0.5662     0.7531     0.6118     0.5954    -0.8296    -1.0000    -0.8869    -0.7516     1.0000     0.9169     0.9893     0.9170     0.1540    -0.8068     0.4077     0.9961    -0.9159    -0.7828    -0.8869    -0.1586    -0.7752    -0.9155     0.3866    -0.9094     0.7624    -0.8869     0.8127     0.2445    -1.0000
Lambda1         0.2084     0.4934    -0.6670    -0.8906     0.8782    -0.4888    -0.9231    -0.9487    -0.4745    -0.8906    -0.9774    -0.9231    -0.7750    -0.4888    -0.7563    -0.6658     0.2625    -0.7543     0.4923     0.5645     0.5928     0.5928     0.5890     0.5304     0.4464    -0.8018     0.4829     0.3239     0.3286    -0.9636    -0.9169    -0.9774    -0.5771     0.9169     1.0000     0.8546     0.7986     0.0996    -0.9487     0.4934     0.8782    -0.9231    -0.8906    -0.9774    -0.4888    -0.4745    -0.7543     0.4923    -0.7563     0.5209    -0.9774     0.5928    -0.1277    -0.9169
mu_cryp         0.0328     0.3856    -0.5754    -0.7072     0.9970    -0.0352    -0.8852    -0.7240    -0.8433    -0.7072    -0.8185    -0.8852    -0.5584    -0.0352    -0.9483    -0.8905     0.6715    -0.9520     0.3261     0.8557     0.8822     0.8822     0.8788     0.8462     0.7176    -0.4663     0.8243     0.7163     0.6751    -0.7508    -0.9893    -0.8185    -0.7655     0.9893     0.8546     1.0000     0.9448     0.1626    -0.7240     0.3856     0.9970    -0.8852    -0.7072    -0.8185    -0.0352    -0.8433    -0.9520     0.3261    -0.9483     0.8422    -0.8185     0.8822     0.3632    -0.9893
x_c             0.0981     0.4203    -0.4973    -0.6362     0.9227    -0.0304    -0.8499    -0.6666    -0.7604    -0.6362    -0.7530    -0.8499    -0.5329    -0.0304    -0.9953    -0.9632     0.7739    -0.9658     0.2215     0.8612     0.9506     0.9506     0.9496     0.9242     0.7041    -0.4399     0.7876     0.8168     0.6624    -0.6993    -0.9170    -0.7530    -0.6645     0.9170     0.7986     0.9448     1.0000     0.1244    -0.6666     0.4203     0.9227    -0.8499    -0.6362    -0.7530    -0.0304    -0.7604    -0.9658     0.2215    -0.9953     0.9192    -0.7530     0.9506     0.3284    -0.9170
DE              0.1913     0.2393     0.0981     0.0330     0.1626     0.1575    -0.0825    -0.0089    -0.1666     0.0330    -0.0427    -0.0825    -0.0778     0.1575    -0.1361    -0.1440     0.1170    -0.1614    -0.0137     0.1807     0.1404     0.1404     0.1397     0.1314     0.1863     0.0282     0.2669     0.1233     0.1867    -0.0235    -0.1540    -0.0427    -0.0012     0.1540     0.0996     0.1626     0.1244     1.0000    -0.0089     0.2393     0.1626    -0.0825     0.0330    -0.0427     0.1575    -0.1666    -0.1614    -0.0137    -0.1361     0.1281    -0.0427     0.1404     0.1881    -0.1540
logY           -0.0493    -0.2950     0.8140     0.9759    -0.7575     0.7096     0.8881     1.0000     0.2901     0.9759     0.9863     0.8881     0.7289     0.7096     0.6093     0.4941    -0.0917     0.5661    -0.3850    -0.3249    -0.4198    -0.4198    -0.4154    -0.3653    -0.1745     0.9032    -0.2329    -0.1494    -0.0546     0.9981     0.8068     0.9863     0.5936    -0.8068    -0.9487    -0.7240    -0.6666    -0.0089     1.0000    -0.2950    -0.7575     0.8881     0.9759     0.9863     0.7096     0.2901     0.5661    -0.3850     0.6093    -0.3598     0.9863    -0.4198     0.3688     0.8068
logPi           0.9344     1.0000     0.0438    -0.0871     0.3798     0.0029    -0.4765    -0.2950    -0.1134    -0.0871    -0.3146    -0.4765    -0.2430     0.0029    -0.4095    -0.3373     0.2332    -0.4421     0.2482     0.4098     0.3676     0.3676     0.3676     0.3378     0.4020    -0.4086     0.4871     0.2527     0.3467    -0.3445    -0.4077    -0.3146     0.2924     0.4077     0.4934     0.3856     0.4203     0.2393    -0.2950     1.0000     0.3798    -0.4765    -0.0871    -0.3146     0.0029    -0.1134    -0.4421     0.2482    -0.4095     0.3226    -0.3146     0.3676     0.0543    -0.4077
logR            0.0269     0.3798    -0.6005    -0.7416     1.0000    -0.0823    -0.8940    -0.7575    -0.8243    -0.7416    -0.8472    -0.8940    -0.5881    -0.0823    -0.9230    -0.8591     0.6147    -0.9307     0.3547     0.8253     0.8432     0.8432     0.8394     0.8031     0.6911    -0.5016     0.7960     0.6618     0.6411    -0.7816    -0.9961    -0.8472    -0.7734     0.9961     0.8782     0.9970     0.9227     0.1626    -0.7575     0.3798     1.0000    -0.8940    -0.7416    -0.8472    -0.0823    -0.8243    -0.9307     0.3547    -0.9230     0.7988    -0.8472     0.8432     0.3212    -0.9961
logI           -0.1857    -0.4765     0.8003     0.8357    -0.8940     0.3922     1.0000     0.8881     0.5332     0.8357     0.9115     1.0000     0.4912     0.3922     0.8266     0.6827    -0.4725     0.7731    -0.2498    -0.5886    -0.7109    -0.7109    -0.7068    -0.6827    -0.3968     0.8006    -0.5690    -0.5118    -0.3379     0.9082     0.9159     0.9115     0.6059    -0.9159    -0.9231    -0.8852    -0.8499    -0.0825     0.8881    -0.4765    -0.8940     1.0000     0.8357     0.9115     0.3922     0.5332     0.7731    -0.2498     0.8266    -0.6796     0.9115    -0.7109     0.0322     0.9159
logL            0.1698    -0.0871     0.8584     1.0000    -0.7416     0.7005     0.8357     0.9759     0.3324     1.0000     0.9664     0.8357     0.7101     0.7005     0.5828     0.4822    -0.0903     0.5343    -0.3526    -0.2971    -0.4003    -0.4003    -0.3957    -0.3503    -0.1406     0.8304    -0.1854    -0.1465    -0.0316     0.9647     0.7828     0.9664     0.7192    -0.7828    -0.8906    -0.7072    -0.6362     0.0330     0.9759    -0.0871    -0.7416     0.8357     1.0000     0.9664     0.7005     0.3324     0.5343    -0.3526     0.5828    -0.3480     0.9664    -0.4003     0.3430     0.7828
logC           -0.0310    -0.3146     0.7768     0.9664    -0.8472     0.5904     0.9115     0.9863     0.4355     0.9664     1.0000     0.9115     0.7636     0.5904     0.7055     0.6082    -0.2024     0.6819    -0.4381    -0.4664    -0.5306    -0.5306    -0.5263    -0.4727    -0.3258     0.8314    -0.3698    -0.2629    -0.2106     0.9897     0.8869     1.0000     0.6699    -0.8869    -0.9774    -0.8185    -0.7530    -0.0427     0.9863    -0.3146    -0.8472     0.9115     0.9664     1.0000     0.5904     0.4355     0.6819    -0.4381     0.7055    -0.4665     1.0000    -0.5306     0.2176     0.8869
logEX           0.0018     0.0029     0.6171     0.7005    -0.0823     1.0000     0.3922     0.7096    -0.4402     0.7005     0.5904     0.3922     0.4674     1.0000    -0.0572    -0.1623     0.5039    -0.1460    -0.1257     0.4101     0.2584     0.2584     0.2610     0.2940     0.5131     0.8316     0.5039     0.4675     0.6358     0.6788     0.1586     0.5904     0.1070    -0.1586    -0.4888    -0.0352    -0.0304     0.1575     0.7096     0.0029    -0.0823     0.3922     0.7005     0.5904     1.0000    -0.4402    -0.1460    -0.1257    -0.0572     0.2964     0.5904     0.2584     0.9106     0.1586
logM            0.2112    -0.1134     0.2645     0.3324    -0.8243    -0.4402     0.5332     0.2901     1.0000     0.3324     0.4355     0.5332     0.2756    -0.4402     0.8089     0.8212    -0.7796     0.8652    -0.2775    -0.9158    -0.8452    -0.8452    -0.8429    -0.8293    -0.8549    -0.0542    -0.8993    -0.8021    -0.8801     0.3166     0.7752     0.4355     0.7635    -0.7752    -0.4745    -0.8433    -0.7604    -0.1666     0.2901    -0.1134    -0.8243     0.5332     0.3324     0.4355    -0.4402     1.0000     0.8652    -0.2775     0.8089    -0.8296     0.4355    -0.8452    -0.7719     0.7752
logD           -0.1112    -0.4421     0.3630     0.5343    -0.9307    -0.1460     0.7731     0.5661     0.8652     0.5343     0.6819     0.7731     0.5257    -0.1460     0.9766     0.9669    -0.7831     1.0000    -0.3660    -0.9571    -0.9521    -0.9521    -0.9509    -0.9180    -0.8581     0.2930    -0.8820    -0.8254    -0.8214     0.6033     0.9155     0.6819     0.6533    -0.9155    -0.7543    -0.9520    -0.9658    -0.1614     0.5661    -0.4421    -0.9307     0.7731     0.5343     0.6819    -0.1460     0.8652     1.0000    -0.3660     0.9766    -0.9112     0.6819    -0.9521    -0.5016     0.9155
logD_star       0.1249     0.2482    -0.0491    -0.3526     0.3547    -0.1257    -0.2498    -0.3850    -0.2775    -0.3526    -0.4381    -0.2498    -0.5998    -0.1257    -0.2036    -0.2217    -0.1417    -0.3660     1.0000     0.3869     0.1056     0.1056     0.1037     0.0250     0.5361    -0.2148     0.1675    -0.0945     0.4167    -0.3908    -0.3866    -0.4381    -0.1922     0.3866     0.4923     0.3261     0.2215    -0.0137    -0.3850     0.2482     0.3547    -0.2498    -0.3526    -0.4381    -0.1257    -0.2775    -0.3660     1.0000    -0.2036     0.0103    -0.4381     0.1056     0.0387    -0.3866
logN           -0.0839    -0.4095     0.4683     0.5828    -0.9230    -0.0572     0.8266     0.6093     0.8089     0.5828     0.7055     0.8266     0.4725    -0.0572     1.0000     0.9696    -0.8219     0.9766    -0.2036    -0.8949    -0.9737    -0.9737    -0.9728    -0.9523    -0.7420     0.3740    -0.8358    -0.8600    -0.7153     0.6441     0.9094     0.7055     0.6707    -0.9094    -0.7563    -0.9483    -0.9953    -0.1361     0.6093    -0.4095    -0.9230     0.8266     0.5828     0.7055    -0.0572     0.8089     0.9766    -0.2036     1.0000    -0.9482     0.7055    -0.9737    -0.4128     0.9094
spread          0.0322     0.3226    -0.3496    -0.3480     0.7988     0.2964    -0.6796    -0.3598    -0.8296    -0.3480    -0.4665    -0.6796    -0.1931     0.2964    -0.9482    -0.9274     0.9595    -0.9112     0.0103     0.8908     0.9930     0.9930     0.9931     0.9997     0.7335    -0.1478     0.8709     0.9758     0.7633    -0.3990    -0.7624    -0.4665    -0.5984     0.7624     0.5209     0.8422     0.9192     0.1281    -0.3598     0.3226     0.7988    -0.6796    -0.3480    -0.4665     0.2964    -0.8296    -0.9112     0.0103    -0.9482     1.0000    -0.4665     0.9930     0.5917    -0.7624
logm           -0.0310    -0.3146     0.7768     0.9664    -0.8472     0.5904     0.9115     0.9863     0.4355     0.9664     1.0000     0.9115     0.7636     0.5904     0.7055     0.6082    -0.2024     0.6819    -0.4381    -0.4664    -0.5306    -0.5306    -0.5263    -0.4727    -0.3258     0.8314    -0.3698    -0.2629    -0.2106     0.9897     0.8869     1.0000     0.6699    -0.8869    -0.9774    -0.8185    -0.7530    -0.0427     0.9863    -0.3146    -0.8472     0.9115     0.9664     1.0000     0.5904     0.4355     0.6819    -0.4381     0.7055    -0.4665     1.0000    -0.5306     0.2176     0.8869
leverage        0.0636     0.3676    -0.3450    -0.4003     0.8432     0.2584    -0.7109    -0.4198    -0.8452    -0.4003    -0.5306    -0.7109    -0.2983     0.2584    -0.9737    -0.9602     0.9277    -0.9521     0.1056     0.9241     1.0000     1.0000     1.0000     0.9950     0.7814    -0.1873     0.8854     0.9521     0.7911    -0.4595    -0.8127    -0.5306    -0.6134     0.8127     0.5928     0.8822     0.9506     0.1404    -0.4198     0.3676     0.8432    -0.7109    -0.4003    -0.5306     0.2584    -0.8452    -0.9521     0.1056    -0.9737     0.9930    -0.5306     1.0000     0.5720    -0.8127
TB             -0.0959     0.0543     0.3152     0.3430     0.3212     0.9106     0.0322     0.3688    -0.7719     0.3430     0.2176     0.0322     0.2041     0.9106    -0.4128    -0.4929     0.7156    -0.5016     0.0387     0.7119     0.5720     0.5720     0.5727     0.5898     0.7567     0.6137     0.7707     0.7002     0.8552     0.3349    -0.2445     0.2176    -0.2757     0.2445    -0.1277     0.3632     0.3284     0.1881     0.3688     0.0543     0.3212     0.0322     0.3430     0.2176     0.9106    -0.7719    -0.5016     0.0387    -0.4128     0.5917     0.2176     0.5720     1.0000    -0.2445
logcryp        -0.0608    -0.4077     0.6239     0.7828    -0.9961     0.1586     0.9159     0.8068     0.7752     0.7828     0.8869     0.9159     0.6334     0.1586     0.9094     0.8395    -0.5613     0.9155    -0.3866    -0.7926    -0.8127    -0.8127    -0.8088    -0.7677    -0.6589     0.5662    -0.7531    -0.6118    -0.5954     0.8296     1.0000     0.8869     0.7516    -1.0000    -0.9169    -0.9893    -0.9170    -0.1540     0.8068    -0.4077    -0.9961     0.9159     0.7828     0.8869     0.1586     0.7752     0.9155    -0.3866     0.9094    -0.7624     0.8869    -0.8127    -0.2445     1.0000



COEFFICIENTS OF AUTOCORRELATION
Order              1        2        3        4        5
mc            0.4694   0.2251   0.1123   0.0598   0.0351
Pi            0.5856   0.3866   0.2872   0.2342   0.2031
Z             0.8482   0.7512   0.6809   0.6244   0.5758
w             0.9162   0.8616   0.8209   0.7873   0.7576
R             0.9211   0.8532   0.7932   0.7393   0.6905
epsilon       0.9479   0.8988   0.8528   0.8098   0.7697
Q             0.9388   0.8775   0.8186   0.7630   0.7110
Y             0.9644   0.9297   0.8964   0.8644   0.8337
M             0.8515   0.7492   0.6714   0.6078   0.5535
L             0.9162   0.8616   0.8209   0.7873   0.7576
C             0.9604   0.9243   0.8907   0.8591   0.8292
I             0.9388   0.8775   0.8186   0.7630   0.7110
K             0.9993   0.9973   0.9941   0.9899   0.9847
EX            0.9479   0.8988   0.8528   0.8098   0.7697
N             0.9295   0.8646   0.8050   0.7500   0.6994
K_b           0.9420   0.8881   0.8380   0.7915   0.7482
K_h           0.9221   0.8503   0.7842   0.7233   0.6673
D             0.9362   0.8774   0.8232   0.7734   0.7275
D_star        0.9957   0.9891   0.9813   0.9728   0.9637
x             0.9345   0.8745   0.8194   0.7689   0.7225
psi           0.9221   0.8506   0.7850   0.7248   0.6694
phi           0.9221   0.8506   0.7850   0.7248   0.6694
upsilon       0.9226   0.8515   0.7862   0.7261   0.6709
mu            0.9185   0.8439   0.7755   0.7128   0.6551
mu_star       0.9502   0.9051   0.8639   0.8259   0.7907
A             0.9500   0.9025   0.8574   0.8145   0.7738
R_star        0.9000   0.8100   0.7290   0.6561   0.5905
chi_h         0.9217   0.8496   0.7831   0.7219   0.6656
chi_b         0.9414   0.8877   0.8384   0.7930   0.7513
Ynet          0.9668   0.9326   0.8988   0.8660   0.8345
cryp          0.9330   0.8730   0.8187   0.7691   0.7238
m             0.9604   0.9243   0.8907   0.8591   0.8292
Lambda        0.6583   0.4881   0.3977   0.3451   0.3106
gam           0.9330   0.8730   0.8187   0.7691   0.7238
Lambda1       0.9690   0.9365   0.9042   0.8730   0.8431
mu_cryp       0.9201   0.8507   0.7888   0.7331   0.6826
x_c           0.9360   0.8768   0.8221   0.7714   0.7245
DE           -0.0340  -0.0253  -0.0203  -0.0170  -0.0146
logY          0.9644   0.9297   0.8964   0.8644   0.8337
logPi         0.5856   0.3866   0.2872   0.2342   0.2031
logR          0.9211   0.8532   0.7932   0.7393   0.6905
logI          0.9388   0.8775   0.8186   0.7630   0.7110
logL          0.9162   0.8616   0.8209   0.7873   0.7576
logC          0.9604   0.9243   0.8907   0.8591   0.8292
logEX         0.9479   0.8988   0.8528   0.8098   0.7697
logM          0.8515   0.7492   0.6714   0.6078   0.5535
logD          0.9362   0.8774   0.8232   0.7734   0.7275
logD_star     0.9957   0.9891   0.9813   0.9728   0.9637
logN          0.9295   0.8646   0.8050   0.7500   0.6994
spread        0.9173   0.8419   0.7729   0.7096   0.6516
logm          0.9604   0.9243   0.8907   0.8591   0.8292
leverage      0.9221   0.8506   0.7850   0.7248   0.6694
TB            0.9160   0.8447   0.7821   0.7260   0.6753
logcryp       0.9330   0.8730   0.8187   0.7691   0.7238
Total computing time : 0h00m00s
