Starting Dynare (version 5.1).
Calling Dynare with arguments: none
Starting preprocessing of the model file ...
Found 65 equation(s).
Evaluating expressions...done
Computing static model derivatives (order 1).
Computing dynamic model derivatives (order 1).
Processing outputs ...
done
Preprocessing completed.


STEADY-STATE RESULTS:

mc        		 0.888889
Pi        		 1
Z         		 0.0397052
w         		 5.04517
R         		 1.015
epsilon   		 1.04844
Q         		 1
Y         		 2.86139
M         		 0.436671
L         		 0.262152
C         		 1.94489
I         		 0.384351
K         		 19.2176
EX        		 0.508224
N         		 3.6833
K_b       		 14.6954
K_h       		 4.52218
D         		 5.62923
D_star    		 4.27157
x         		 0.304755
psi       		 1.59988
phi       		 3.98974
upsilon   		 1.56389
mu        		 0.00724973
mu_star   		 0.00577149
A         		 1
R_star    		 1.01125
Y_star    		 0.484744
Phi       		 0
Theta     		 0.401
chi_h     		 0.0104817
chi_b     		 0.0134437
Ynet      		 2.37964
P_c       		 1
R_dc      		 1
theta_c   		 1
cryp      		 0.917821
DC        		 1.77951
m         		 1.74718
R_c       		 1
Lambda    		 0.985222
gam       		 0.027387
trs       		 0.495416
Lambda1   		 1.02199
sigma_Rc  		 0
mu_cryp   		 0.0231117
x_c       		 0.0624564
DE        		 1
logY      		 1.05131
logPi     		 0
logR      		 0.0148886
logI      		 -0.956198
logL      		 -1.33883
logC      		 0.665206
logEX     		 -0.676832
logM      		 -0.828575
logD      		 1.72797
logD_star 		 1.45198
logN      		 1.30381
spread    		 0.00470524
logDC     		 0.576336
logm      		 0.558001
leverage  		 1.38372
TB        		 0.0715536
logcryp   		 -0.085753

EIGENVALUES:
         Modulus             Real        Imaginary

       2.179e-17        2.179e-17                0
       1.826e-16       -1.826e-16                0
       4.284e-16       -4.284e-16                0
       8.002e-09        8.002e-09                0
       8.002e-09       -8.002e-09                0
          0.1257           0.1257                0
          0.3517           0.3517                0
             0.9              0.9                0
             0.9              0.9                0
          0.9362           0.9362                0
            0.95             0.95                0
            0.95             0.95                0
            0.95             0.95                0
           0.976            0.976                0
          0.9838           0.9838                0
           1.025            1.025                0
           1.041            1.041                0
           1.071            1.071                0
           1.184            1.184                0
            1.56             1.56                0
       2.289e+16        2.289e+16                0
       9.207e+17        9.207e+17                0


There are 7 eigenvalue(s) larger than 1 in modulus 
for 7 forward-looking variable(s)

The rank condition is verified.

MODEL_DIAGNOSTICS:  The Jacobian of the static model is singular
MODEL_DIAGNOSTICS:  there is 2 colinear relationships between the variables and the equations
Relation 1
Colinear variables:
Z
w
epsilon
Y
M
L
C
I
K
EX
N
K_b
K_h
D
D_star
x
psi
phi
upsilon
mu
mu_star
R_star
Y_star
chi_h
chi_b
Ynet
cryp
DC
m
gam
trs
Lambda1
mu_cryp
x_c
logY
logI
logL
logC
logEX
logM
logD
logD_star
logN
spread
logDC
logm
leverage
TB
logcryp
Relation 2
Colinear variables:
Z
w
epsilon
Y
M
L
C
I
K
EX
N
K_b
K_h
D
D_star
x
psi
phi
upsilon
mu
mu_star
R_star
Y_star
chi_h
chi_b
Ynet
cryp
DC
m
gam
trs
Lambda1
mu_cryp
x_c
logY
logI
logL
logC
logEX
logM
logD
logD_star
logN
spread
logDC
logm
leverage
TB
logcryp
Relation 1
Colinear equations
    46

Relation 2
Colinear equations
    47

MODEL_DIAGNOSTICS:  The presence of a singularity problem typically indicates that there is one
MODEL_DIAGNOSTICS:  redundant equation entered in the model block, while another non-redundant equation
MODEL_DIAGNOSTICS:  is missing. The problem often derives from Walras Law.

MODEL SUMMARY

  Number of variables:         65
  Number of stochastic shocks: 6
  Number of state variables:   15
  Number of jumpers:           7
  Number of static variables:  44


MATRIX OF COVARIANCE OF EXOGENOUS SHOCKS
Variables               varepsilon_R      varepsilon_A  varepsilon_Rstar  varepsilon_Ystar            eps_Rc               vol
varepsilon_R                0.000006          0.000000          0.000000          0.000000          0.000000          0.000000
varepsilon_A                0.000000          0.000100          0.000000          0.000000          0.000000          0.000000
varepsilon_Rstar            0.000000          0.000000          0.000006          0.000000          0.000000          0.000000
varepsilon_Ystar            0.000000          0.000000          0.000000          0.000000          0.000000          0.000000
eps_Rc                      0.000000          0.000000          0.000000          0.000000          0.000000          0.000000
vol                         0.000000          0.000000          0.000000          0.000000          0.000000          0.000000

POLICY AND TRANSITION FUNCTIONS
                                  mc              Pi               Z               w               R         epsilon               Q               Y               M               L               C               I               K              EX               N             K_b             K_h               D          D_star               x             psi             phi         upsilon              mu         mu_star               A          R_star          Y_star             Phi           Theta           chi_h           chi_b            Ynet             P_c            R_dc         theta_c            cryp              DC               m             R_c          Lambda             gam             trs         Lambda1        sigma_Rc         mu_cryp             x_c              DE            logY           logPi            logR            logI            logL            logC           logEX            logM            logD       logD_star            logN          spread           logDC            logm        leverage              TB         logcryp
Constant                    0.888889        1.000000        0.039705        5.045169        1.015000        1.048439        1.000000        2.861393        0.436671        0.262152        1.944891        0.384351       19.217566        0.508224        3.683300       14.695389        4.522177        5.629228        4.271574        0.304755        1.599884        3.989735        1.563891        0.007250        0.005771        1.000000        1.011254        0.484744               0        0.401000        0.010482        0.013444        2.379644        1.000000        1.000000        1.000000        0.917821        1.779506        1.747176        1.000000        0.985222        0.027387        0.495416        1.021995               0        0.023112        0.062456        1.000000        1.051308               0        0.014889       -0.956198       -1.338832        0.665206       -0.676832       -0.828575        1.727973        1.451984        1.303809        0.004705        0.576336        0.558001        1.383725        0.071554       -0.085753
R(-1)                      -3.848389       -1.209320       -0.375296      -11.921816        0.268439       -1.543824       -1.881971      -14.657848       -3.484445       -1.858406      -13.151029       -1.085007       -1.085007       -0.748359      -37.414398      -66.157517       65.072510      -45.314208       -3.484445        1.248173        6.037887       15.057076        5.216825        0.142558        0.000904               0               0               0               0               0        0.302248        0.024299      -10.657024               0       -2.883069               0       -0.813126      -41.710808       20.533865               0       -0.726984        3.185722        8.797297        0.971381               0        0.484589        0.343383       -2.681818       -5.122628       -1.209320        0.264472       -2.822957       -7.089049       -6.761832       -1.472498       -7.979568       -8.049809       -0.815729      -10.157848        0.080299      -23.439539       11.752605        3.773954        2.736086       -0.885931
K(-1)                      -0.013515       -0.004671       -0.002381       -0.009990       -0.000417        0.022202       -0.021567        0.020843       -0.012706       -0.001557        0.014873       -0.012434        0.967566        0.010762       -0.441559       -0.523480        1.491046       -0.481510       -0.012706        0.022976        0.100300        0.250124        0.087632        0.002588        0.000188               0               0               0               0               0        0.006384        0.001258        0.016827               0       -0.004660               0        0.002392       -0.035286        0.066654               0       -0.001657        0.002831        0.014494       -0.027861               0        0.000662        0.003735        0.016505        0.007284       -0.004671       -0.000411       -0.032351       -0.005940        0.007647        0.021176       -0.029096       -0.085537       -0.002974       -0.119881        0.001424       -0.019829        0.038150        0.062692        0.023468        0.002606
K_b(-1)                     0.001566        0.000496        0.000156        0.004945        0.000207        0.000442        0.024690        0.006178        0.001528        0.000771        0.006764        0.014234        0.014234        0.000214        1.298311        2.663142       -2.648908        1.721914        0.001528       -0.062515       -0.234500       -0.584788       -0.206447       -0.005388       -0.000876               0               0               0               0               0       -0.012287       -0.002747        0.019418               0        0.001196               0       -0.000493        0.018774       -0.007641               0       -0.000007       -0.000802       -0.003731       -0.002364               0       -0.002737       -0.012894        0.000917        0.002159        0.000496        0.000204        0.037035        0.002941        0.003478        0.000421        0.003500        0.305888        0.000358        0.352486       -0.002876        0.010550       -0.004373       -0.146573       -0.001314       -0.000537
D(-1)                      -0.001559       -0.000493       -0.000155       -0.004923       -0.000206       -0.000440       -0.024576       -0.006150       -0.001521       -0.000767       -0.006733       -0.014169       -0.014169       -0.000213       -1.292320       -2.650854        2.636685       -1.713969       -0.001521        0.062227        0.233418        0.582089        0.205494        0.005363        0.000872               0               0               0               0               0        0.012231        0.002735       -0.019328               0       -0.001190               0        0.000491       -0.018688        0.007606               0        0.000007        0.000798        0.003713        0.002353               0        0.002724        0.012835       -0.000913       -0.002149       -0.000493       -0.000203       -0.036864       -0.002927       -0.003462       -0.000419       -0.003484       -0.304477       -0.000356       -0.350859        0.002862       -0.010502        0.004353        0.145897        0.001308        0.000535
D_star(-1)                 -0.009399       -0.002005       -0.001673       -0.053159        0.001822        0.043969       -0.056440       -0.090341       -0.036717       -0.008287       -0.107794       -0.032539       -0.032539        0.021314       -1.979748       -3.745754        3.713215       -3.785795        0.974537        0.177189        0.361830        0.902319        0.317907        0.007848        0.003771               0               0               0               0               0        0.017231        0.011447       -0.099723               0       -0.010300               0       -0.007730       -0.203551        0.017526               0       -0.001958        0.014400        0.031102        0.058264               0        0.007463        0.018919        0.039933       -0.031572       -0.002005        0.001795       -0.084660       -0.031610       -0.055424        0.041938       -0.084084       -0.672525        0.228145       -0.537493        0.004146       -0.114386        0.010031        0.226160        0.058031       -0.008422
A(-1)                      -0.710815       -0.240843       -0.005326       -0.169194       -0.017626        1.211619        0.966229        1.904321       -0.563212       -0.026375        0.770883        0.557057        0.557057        0.587325        6.667012        5.001326       -4.444269        7.860894       -0.563212       -0.086176       -0.805546       -2.008843       -0.706316       -0.017614        0.001256        0.950000               0               0               0               0       -0.020906        0.009962        1.976680               0       -0.170955               0        0.097465       -1.089833        2.649176               0       -0.086518        0.097750        0.532130       -1.093179               0       -0.037194       -0.074971        0.914798        0.665523       -0.240843       -0.017365        1.449344       -0.100608        0.396363        1.155641       -1.289785        1.396443       -0.131851        1.810065       -0.008894       -0.612436        1.516262       -0.503503        1.150537        0.106192
R_star(-1)                  0.965295        0.559052        0.000785        0.024937        0.568817        6.275813       -4.081173       -3.050776       -2.605219        0.003887       -4.727905       -2.352906       -2.352906        3.042163      -81.791012     -138.941508      136.588602     -143.496167        1.666355        6.068242       13.870939       34.590871       12.019913        0.305168        0.104439               0        0.900000               0               0               0        0.634467        0.353405       -4.047701               0        0.511316               0       -1.830014        1.517064      -10.615839               0       -0.179419        0.670194       -1.731984        4.557783               0        1.041103        0.720876        6.544915       -1.066186        0.559052        0.560410       -6.121759        0.014828       -2.430935        5.985864       -5.966093      -25.491270        0.390103      -22.205908        0.162754        0.852520       -6.076000        8.669967        5.647382       -1.993868
Y_star(-1)                  0.345818        0.109953        0.044006        1.397910        0.010562       -0.509838        0.104872        2.058116        0.696315        0.217910        1.366065        0.060462        0.060462        0.696454        4.795857        8.890196       -8.829734        8.032758       -0.203685       -0.379055       -0.947479       -2.362789       -0.845565       -0.018858       -0.008654               0               0        0.900000               0               0       -0.040965       -0.023900        1.615569               0        0.322773               0       -0.029817        4.610313       -2.435529               0        0.032943       -0.281047       -0.996107       -0.012612               0        0.003537       -0.046363       -0.376330        0.719271        0.109953        0.010406        0.157309        0.831237        0.702386        1.370368        1.594598        1.426973       -0.047684        1.302055       -0.009853        2.590782       -1.393980       -0.592217        0.000140       -0.032487
P_c(-1)                    -0.011209       -0.001512       -0.000867       -0.027552       -0.001641       -0.018737        0.024871       -0.026423       -0.001735       -0.004295       -0.017854        0.014339        0.014339       -0.009082        0.393392        2.352751       -2.338412        5.316047       -0.001735       -0.061941        0.125059        0.311869       -0.182633       -0.004781       -0.033648               0               0               0               0               0       -0.010848       -0.002978       -0.002596               0       -0.004282               0       -2.912325       -0.062359        0.034125       -1.000000        0.002244        0.000889        0.013642       -0.005090               0        1.535589       -0.209732       -0.019383       -0.009234       -0.001512       -0.001617        0.037306       -0.016383       -0.009180       -0.017871       -0.003973        0.944365       -0.000406        0.106804       -0.002564       -0.035043        0.019532        0.078168       -0.007347       -3.173087
R_dc(-1)                    0.037800        0.005393        0.004012        0.127461        0.001656       -0.005411       -0.007259        0.167480        0.046382        0.019869        0.174619       -0.004185       -0.004185       -0.002623        0.012486        0.101940       -0.106124       -0.037426        0.046382        0.001834       -0.005938       -0.014808       -0.005827       -0.000143        0.000019               0               0               0               0               0       -0.000490        0.000158        0.121546               0        0.101394               0       -0.005147        1.212213       -0.990254               0       -0.003512       -0.090925       -0.311969        0.009021               0        0.002428       -0.000330        0.000233        0.058531        0.005393        0.001632       -0.010888        0.075792        0.089784       -0.005161        0.106217       -0.006648        0.010858        0.003390       -0.000058        0.681208       -0.566774       -0.003712       -0.049005       -0.005608
theta_c(-1)                -0.001951       -0.000227       -0.000178       -0.005655       -0.000173       -0.001553        0.000261       -0.006550       -0.001311       -0.000882       -0.005015        0.000150        0.000150       -0.000753        0.005969        0.158885       -0.158734        0.614475       -0.001311       -0.003920        0.015122        0.037712       -0.033643       -0.000412       -0.005190               0               0               0               0               0       -0.000736       -0.000197       -0.003564       -0.154393       -0.000859        0.950000       -0.449912       -0.013677        0.005402       -0.154393        0.000317        0.000490        0.002694        0.000134               0        0.237125       -0.031307       -0.001709       -0.002289       -0.000227       -0.000171        0.000391       -0.003363       -0.002578       -0.001482       -0.003002        0.109158       -0.000307        0.001621       -0.000168       -0.007686        0.003092        0.009452        0.000558       -0.490196
cryp(-1)                   -0.001536       -0.000486       -0.000153       -0.004850       -0.000203       -0.000433       -0.024213       -0.006059       -0.001499       -0.000756       -0.006634       -0.013959       -0.013959       -0.000210       -1.273221       -2.611679        2.597719       -1.688639       -0.001499        0.061307        0.229968        0.573487        0.202458        0.005284        0.000859               0               0               0               0               0        0.012050        0.002694       -0.019042               0       -0.001173               0        0.000484       -0.018412        0.007493               0        0.000007        0.000786        0.003658        0.002318               0        0.002684        0.012645       -0.000899       -0.002117       -0.000486       -0.000200       -0.036319       -0.002884       -0.003411       -0.000413       -0.003432       -0.299977       -0.000351       -0.345674        0.002820       -0.010346        0.004289        0.143741        0.001289        0.000527
R_c(-1)                    -0.001410       -0.000446       -0.000140       -0.004451       -0.000186       -0.000398       -0.022223       -0.005561       -0.001376       -0.000694       -0.006088       -0.012812       -0.012812       -0.000193       -1.168589       -2.397053        2.384241       -1.549868       -0.001376        0.056269        0.211070        0.526358        0.185820        0.004850        0.000789               0               0               0               0               0        0.011060        0.002473       -0.017477               0       -0.001076               0        0.000444       -0.016898        0.006877               0        0.000007        0.000722        0.003358        0.002128               0        0.002464        0.011606       -0.000825       -0.001943       -0.000446       -0.000183       -0.033334       -0.002647       -0.003130       -0.000379       -0.003150       -0.275325       -0.000322       -0.317267        0.002588       -0.009496        0.003936        0.131928        0.001183        0.000484
sigma_Rc(-1)                       0               0               0               0               0               0               0               0               0               0               0               0               0               0               0               0               0               0               0               0               0               0               0               0               0               0               0               0               0               0               0               0               0               0               0               0               0               0               0               0               0               0               0               0        0.950000               0               0               0               0               0               0               0               0               0               0               0               0               0               0               0               0               0               0               0               0
epsilon(-1)                 0.278796        0.087608        0.027187        0.863636       -0.019574        0.111917        0.126750        1.061800        0.252386        0.134626        0.952158        0.073075        0.073075        0.054251        2.196183        3.736099       -3.663024        2.599980        0.252386       -0.065569       -0.344404       -0.858864       -0.296033       -0.008191        0.000286               0               0               0               0               0       -0.017021       -0.000663        0.766002               0        0.208854               0        0.059237        3.021011       -1.487859               0        0.052788       -0.230987       -0.637258       -0.069582               0       -0.034088       -0.019764       -0.759445        0.371078        0.087608       -0.019284        0.190125        0.513543        0.489569        0.106746        0.577977        0.461871        0.059085        0.596254       -0.004678        1.697668       -0.851579       -0.215268       -0.198135        0.064541
varepsilon_R               -4.871675       -1.530854       -0.475067      -15.091166        0.342031       -1.955633       -2.214822      -18.553874       -4.410186       -2.352453      -16.637991       -1.276905       -1.276905       -0.947981      -38.376065      -65.284525       64.007620      -45.432001       -4.410186        1.145758        6.018117       15.007774        5.172878        0.143132       -0.004990               0               0               0               0               0        0.297417        0.011587      -13.385098               0       -3.649517               0       -1.035107      -52.789091       25.998824               0       -0.922412        4.036268       11.135441        1.215883               0        0.595652        0.345356       -3.396134       -6.484211       -1.530854        0.336976       -3.322234       -8.973634       -8.554715       -1.865281      -10.099564       -8.070734       -1.032450      -10.418936        0.081738      -29.665020       14.880486        3.761597        3.462205       -1.127787
varepsilon_A               -0.748226       -0.253519       -0.005607       -0.178099       -0.018553        1.275389        1.017083        2.004549       -0.592854       -0.027763        0.811456        0.586376        0.586376        0.618237        7.017907        5.264554       -4.678178        8.274626       -0.592854       -0.090712       -0.847943       -2.114572       -0.743491       -0.018541        0.001323        1.000000               0               0               0               0       -0.022006        0.010486        2.080715               0       -0.179953               0        0.102595       -1.147193        2.788606               0       -0.091071        0.102895        0.560137       -1.150714               0       -0.039152       -0.078917        0.962945        0.700550       -0.253519       -0.018279        1.525625       -0.105903        0.417224        1.216465       -1.357669        1.469940       -0.138791        1.905332       -0.009362       -0.644669        1.596065       -0.530003        1.211091        0.111781
varepsilon_Rstar            1.116665        0.630577        0.008726        0.277204        0.623469        6.766762       -4.269743       -2.965748       -2.722360        0.043211       -4.747312       -2.461622       -2.461622        3.280147      -81.587205     -136.799233      134.337611     -141.672039       -2.722360        5.910877       13.713952       34.199382       11.863405        0.302242        0.098345               0        1.000000               0               0               0        0.624092        0.338946       -4.029405               0        0.616471               0       -1.997068        2.640965      -11.877636               0       -0.190164        0.677074       -2.070399        4.790748               0        1.121753        0.712181        7.084707       -1.036470        0.630577        0.614255       -6.404614        0.164833       -2.440913        6.454130       -6.234353      -25.167224       -0.637320      -22.150575        0.161377        1.484100       -6.798192        8.571843        6.002508       -2.175880
varepsilon_Ystar            0.384242        0.122170        0.048895        1.553234        0.011736       -0.566486        0.116525        2.286796        0.773683        0.242122        1.517850        0.067180        0.067180        0.773838        5.328730        9.877995       -9.810815        8.925286       -0.226317       -0.421172       -1.052754       -2.625322       -0.939516       -0.020954       -0.009615               0               0        1.000000               0               0       -0.045517       -0.026555        1.795076               0        0.358637               0       -0.033130        5.122570       -2.706143               0        0.036604       -0.312275       -1.106785       -0.014014               0        0.003930       -0.051514       -0.418144        0.799190        0.122170        0.011562        0.174787        0.923597        0.780429        1.522631        1.771776        1.585526       -0.052982        1.446727       -0.010947        2.878647       -1.548867       -0.658019        0.000155       -0.036097
eps_Rc                             0               0               0               0               0               0               0               0               0               0               0               0               0               0               0               0               0               0               0               0               0               0               0               0               0               0               0               0               0               0               0               0               0               0               0               0               0               0               0               0               0               0               0               0        0.030000               0               0               0               0               0               0               0               0               0               0               0               0               0               0               0               0               0               0               0               0
vol                        -0.002054       -0.000239       -0.000187       -0.005953       -0.000182       -0.001635        0.000275       -0.006895       -0.001380       -0.000928       -0.005279        0.000158        0.000158       -0.000793        0.006283        0.167247       -0.167089        0.646816       -0.001380       -0.004126        0.015918        0.039697       -0.035413       -0.000434       -0.005463               0               0               0               0               0       -0.000775       -0.000207       -0.003752       -0.162519       -0.000905        1.000000       -0.473591       -0.014397        0.005686       -0.162519        0.000334        0.000516        0.002836        0.000141               0        0.249605       -0.032955       -0.001799       -0.002410       -0.000239       -0.000180        0.000412       -0.003540       -0.002714       -0.001560       -0.003160        0.114903       -0.000323        0.001706       -0.000177       -0.008090        0.003254        0.009950        0.000587       -0.515996
[Warning: Aggregate variance and sum of variances by shocks differ by more than 0.01 %] 
[> In <a href="matlab:matlab.internal.language.introspective.errorDocCallback('th_autocovariances', 'C:\dynare\5.1\matlab\th_autocovariances.m', 206)" style="font-weight:bold">th_autocovariances</a> (<a href="matlab: opentoline('C:\dynare\5.1\matlab\th_autocovariances.m',206,0)">line 206</a>)
In <a href="matlab:matlab.internal.language.introspective.errorDocCallback('disp_th_moments', 'C:\dynare\5.1\matlab\disp_th_moments.m', 40)" style="font-weight:bold">disp_th_moments</a> (<a href="matlab: opentoline('C:\dynare\5.1\matlab\disp_th_moments.m',40,0)">line 40</a>)
In <a href="matlab:matlab.internal.language.introspective.errorDocCallback('stoch_simul', 'C:\dynare\5.1\matlab\stoch_simul.m', 210)" style="font-weight:bold">stoch_simul</a> (<a href="matlab: opentoline('C:\dynare\5.1\matlab\stoch_simul.m',210,0)">line 210</a>)
In <a href="matlab:matlab.internal.language.introspective.errorDocCallback('cdbc_flex.driver', 'D:\crypto2\crypto_liquidity\cdbc_flex_0.5\+cdbc_flex\driver.m', 834)" style="font-weight:bold">cdbc_flex.driver</a> (<a href="matlab: opentoline('D:\crypto2\crypto_liquidity\cdbc_flex_0.5\+cdbc_flex\driver.m',834,0)">line 834</a>)
In <a href="matlab:matlab.internal.language.introspective.errorDocCallback('dynare', 'C:\dynare\5.1\matlab\dynare.m', 281)" style="font-weight:bold">dynare</a> (<a href="matlab: opentoline('C:\dynare\5.1\matlab\dynare.m',281,0)">line 281</a>)
In <a href="matlab:matlab.internal.language.introspective.errorDocCallback('plotfile_sto', 'D:\crypto2\crypto_liquidity\plotfile_sto.m', 32)" style="font-weight:bold">plotfile_sto</a> (<a href="matlab: opentoline('D:\crypto2\crypto_liquidity\plotfile_sto.m',32,0)">line 32</a>)] 


THEORETICAL MOMENTS
VARIABLE          MEAN  STD. DEV.   VARIANCE
mc              0.8889     0.0159     0.0003
Pi              1.0000     0.0057     0.0000
Z               0.0397     0.0021     0.0000
w               5.0452     0.0858     0.0074
R               1.0150     0.0049     0.0000
epsilon         1.0484     0.0688     0.0047
Q               1.0000     0.0457     0.0021
Y               2.8614     0.1838     0.0338
M               0.4367     0.0247     0.0006
L               0.2622     0.0134     0.0002
C               1.9449     0.1411     0.0199
I               0.3844     0.0263     0.0007
K              19.2176     0.6107     0.3730
EX              0.5082     0.0333     0.0011
N               3.6833     0.6427     0.4131
K_b            14.6954     1.1533     1.3300
K_h             4.5222     0.9719     0.9447
D               5.6292     1.0647     1.1336
D_star          4.2716     0.1436     0.0206
x               0.3048     0.0418     0.0017
psi             1.5999     0.0998     0.0100
phi             3.9897     0.2490     0.0620
upsilon         1.5639     0.0866     0.0075
mu              0.0072     0.0022     0.0000
mu_star         0.0058     0.0008     0.0000
A               1.0000     0.0320     0.0010
R_star          1.0113     0.0057     0.0000
Y_star          0.4847     0.0000     0.0000
Phi             0.0000     0.0000     0.0000
Theta           0.4010     0.0000     0.0000
chi_h           0.0105     0.0045     0.0000
chi_b           0.0134     0.0026     0.0000
Ynet            2.3796     0.1550     0.0240
P_c             1.0000     0.0000     0.0000
R_dc            1.0000     0.0173     0.0003
theta_c         1.0000     0.0000     0.0000
cryp            0.9178     0.0166     0.0003
DC              1.7795     0.2964     0.0879
m               1.7472     0.1040     0.0108
R_c             1.0000     0.0000     0.0000
Lambda          0.9852     0.0036     0.0000
gam             0.0274     0.0235     0.0006
trs             0.4954     0.0525     0.0028
Lambda1         1.0220     0.0649     0.0042
sigma_Rc        0.0000     0.0000     0.0000
mu_cryp         0.0231     0.0085     0.0001
x_c             0.0625     0.0061     0.0000
DE              1.0000     0.0221     0.0005
logY            1.0513     0.0642     0.0041
logPi           0.0000     0.0057     0.0000
logR            0.0149     0.0048     0.0000
logI           -0.9562     0.0685     0.0047
logL           -1.3388     0.0510     0.0026
logC            0.6652     0.0726     0.0053
logEX          -0.6768     0.0656     0.0043
logM           -0.8286     0.0566     0.0032
logD            1.7280     0.1891     0.0358
logD_star       1.4520     0.0336     0.0011
logN            1.3038     0.1745     0.0304
spread          0.0047     0.0012     0.0000
logDC           0.5763     0.1666     0.0277
logm            0.5580     0.0595     0.0035
leverage        1.3837     0.0624     0.0039
TB              0.0716     0.0486     0.0024
logcryp        -0.0858     0.0180     0.0003



VARIANCE DECOMPOSITION (in percent)
                 varepsilon_R      varepsilon_A  varepsilon_Rstar  varepsilon_Ystar            eps_Rc               vol
mc                      69.51             26.16              4.33              0.00              0.00              0.00
Pi                      52.74             26.63             20.63              0.00              0.00              0.00
Z                       37.07             60.28              2.64              0.00              0.00              0.00
w                       22.93             71.20              5.87              0.00              0.00              0.00
R                        3.50             26.54             69.97              0.00              0.00              0.00
epsilon                  1.42             70.80             27.78              0.00              0.00              0.00
Q                        2.20             64.09             33.72              0.00              0.00              0.00
Y                        7.55             84.64              7.81              0.00              0.00              0.00
M                       24.32              7.21             68.47              0.00              0.00              0.00
L                       22.93             71.20              5.87              0.00              0.00              0.00
C                       10.34             73.01             16.65              0.00              0.00              0.00
I                        2.20             64.09             33.72              0.00              0.00              0.00
K                        0.61             72.43             26.96              0.00              0.00              0.00
EX                       1.42             70.80             27.78              0.00              0.00              0.00
N                       14.63             14.08             71.29              0.00              0.00              0.00
K_b                     20.50              7.87             71.63              0.00              0.00              0.00
K_h                     24.87              5.55             69.58              0.00              0.00              0.00
D                        5.30              8.15             86.56              0.00              0.00              0.00
D_star                  47.92              4.45             47.62              0.00              0.00              0.00
x                        2.59              0.49             96.92              0.00              0.00              0.00
psi                     17.70              4.27             78.03              0.00              0.00              0.00
phi                     17.70              4.27             78.03              0.00              0.00              0.00
upsilon                 18.11              4.16             77.73              0.00              0.00              0.00
mu                      20.86              3.89             75.25              0.00              0.00              0.00
mu_star                  3.63              2.91             93.46              0.00              0.00              0.00
A                        0.00            100.00              0.00              0.00              0.00              0.00
R_star                   0.00              0.00            100.00              0.00              0.00              0.00
Y_star                   0.00              0.00              0.00            100.00              0.00              0.00
Phi                      1.91              6.50             91.59              0.00              0.00              0.00
Theta                   12.59             21.60             65.81              0.00              0.00              0.00
chi_h                   25.14              3.21             71.66              0.00              0.00              0.00
chi_b                    3.17              8.85             87.98              0.00              0.00              0.00
Ynet                     5.61             84.15             10.24              0.00              0.00              0.00
P_c                      0.00              0.00              0.00              0.00              0.00            100.00
R_dc                    35.09             62.11              2.80              0.00              0.00              0.00
theta_c                  0.00              0.00              0.00              0.00              0.00            100.00
cryp                     2.82             32.74             64.45              0.00              0.00              0.00
DC                      24.58             69.96              5.46              0.00              0.00              0.00
m                       51.72             25.20             23.08              0.00              0.00              0.00
R_c                      0.00              0.00              0.00              0.00              0.00            100.00
Lambda                  46.08             24.23             29.69              0.00              0.00              0.00
gam                     22.86             61.86             15.29              0.00              0.00              0.00
trs                     35.53             61.67              2.80              0.00              0.00              0.00
Lambda1                  0.52             66.27             33.20              0.00              0.00              0.00
sigma_Rc                 0.00              0.06              0.00              0.00             99.94              0.00
mu_cryp                  3.79             22.34             73.87              0.00              0.00              0.00
x_c                     16.33             20.08             63.59              0.00              0.00              0.00
DE                      14.89             20.30             64.81              0.00              0.00              0.00
logY                     7.55             84.64              7.81              0.00              0.00              0.00
logPi                   52.74             26.63             20.63              0.00              0.00              0.00
logR                     3.50             26.54             69.97              0.00              0.00              0.00
logI                     2.20             64.09             33.72              0.00              0.00              0.00
logL                    22.93             71.20              5.87              0.00              0.00              0.00
logC                    10.34             73.01             16.65              0.00              0.00              0.00
logEX                    1.42             70.80             27.78              0.00              0.00              0.00
logM                    24.32              7.21             68.47              0.00              0.00              0.00
logD                     5.30              8.15             86.56              0.00              0.00              0.00
logD_star               47.92              4.45             47.62              0.00              0.00              0.00
logN                    14.63             14.08             71.29              0.00              0.00              0.00
spread                  21.51              3.89             74.60              0.00              0.00              0.00
logDC                   24.58             69.96              5.46              0.00              0.00              0.00
logm                    51.72             25.20             23.08              0.00              0.00              0.00
leverage                17.70              4.27             78.03              0.00              0.00              0.00
TB                       4.86             35.05             60.09              0.00              0.00              0.00
logcryp                  2.82             32.74             64.45              0.00              0.00              0.00



MATRIX OF CORRELATIONS
Variables           mc         Pi          Z          w          R    epsilon          Q          Y          M          L          C          I          K         EX          N        K_b        K_h          D     D_star          x        psi        phi    upsilon         mu    mu_star          A     R_star      chi_h      chi_b       Ynet       R_dc       cryp         DC          m     Lambda        gam        trs    Lambda1    mu_cryp        x_c         DE       logY      logPi       logR       logI       logL       logC      logEX       logM       logD  logD_star       logN     spread      logDC       logm   leverage         TB    logcryp
mc              1.0000     0.9461     0.4436     0.3371     0.0344     0.0036    -0.1617     0.0780     0.4014     0.3371     0.1304    -0.1617    -0.0321     0.0036    -0.0442     0.0137    -0.0364    -0.0818     0.1525     0.0850     0.0225     0.0225     0.0229     0.0061     0.1271    -0.2427     0.1668    -0.0339     0.0895     0.0243     0.5136    -0.0613     0.3689    -0.8103     0.5984    -0.3249    -0.5219     0.1911     0.0334     0.0533     0.2117     0.0780     0.9461     0.0344    -0.1617     0.3371     0.1304     0.0036     0.4014    -0.0818     0.1525    -0.0442    -0.0066     0.3689    -0.8103     0.0225    -0.2017    -0.0613
Pi              0.9461     1.0000     0.2626     0.1193     0.3536     0.0365    -0.4227    -0.1376     0.1012     0.1193    -0.1214    -0.4227    -0.2015     0.0365    -0.3414    -0.2699     0.1937    -0.3869     0.2181     0.3658     0.3060     0.3060     0.3054     0.2796     0.3663    -0.3513     0.4419     0.2078     0.3150    -0.1984     0.3356    -0.3755     0.1563    -0.7975     0.3124    -0.0642    -0.3498     0.4504     0.3533     0.3451     0.2625    -0.1376     1.0000     0.3536    -0.4227     0.1193    -0.1214     0.0365     0.1012    -0.3869     0.2181    -0.3414     0.2663     0.1563    -0.7975     0.3060    -0.0264    -0.3755
Z               0.4436     0.2626     1.0000     0.8902    -0.5493     0.5423     0.7233     0.8189     0.4419     0.8902     0.8088     0.7233     0.2478     0.5423     0.4382     0.2882    -0.1862     0.3457    -0.0038    -0.1472    -0.3337    -0.3337    -0.3297    -0.3292     0.0531     0.6990    -0.1049    -0.2038     0.0801     0.7970     0.8956     0.5673     0.8865    -0.6733     0.7550    -0.8643    -0.8934    -0.6049    -0.5272    -0.4648     0.1330     0.8189     0.2626    -0.5493     0.7233     0.8902     0.8088     0.5423     0.4419     0.3457    -0.0038     0.4382    -0.3369     0.8865    -0.6733    -0.3337     0.1475     0.5673
w               0.3371     0.1193     0.8902     1.0000    -0.6819     0.6423     0.7779     0.9649     0.4580     1.0000     0.9656     0.7779     0.6618     0.6423     0.5579     0.4695    -0.1413     0.4878    -0.0993    -0.2446    -0.4006    -0.4006    -0.3973    -0.3615    -0.0670     0.7707    -0.1716    -0.1896     0.0274     0.9485     0.9715     0.7146     0.9986    -0.6183     0.7925    -0.9814    -0.9667    -0.8124    -0.6526    -0.6089     0.0741     0.9649     0.1193    -0.6819     0.7779     1.0000     0.9656     0.6423     0.4580     0.4878    -0.0993     0.5579    -0.3616     0.9986    -0.6183    -0.4006     0.2080     0.7146
R               0.0344     0.3536    -0.5493    -0.6819     1.0000    -0.0121    -0.8906    -0.7317    -0.8063    -0.6819    -0.8177    -0.8906    -0.5621    -0.0121    -0.9184    -0.8473     0.6521    -0.9344     0.2140     0.8273     0.8511     0.8511     0.8477     0.8153     0.6885    -0.4875     0.8286     0.6912     0.6305    -0.7614    -0.5236    -0.9970    -0.6579    -0.0597    -0.7774     0.7991     0.5045     0.8883     0.9968     0.9128     0.1682    -0.7317     0.3536     1.0000    -0.8906    -0.6819    -0.8177    -0.0121    -0.8063    -0.9344     0.2140    -0.9184     0.8112    -0.6579    -0.0597     0.8511     0.4017    -0.9970
epsilon         0.0036     0.0365     0.5423     0.6423    -0.0121     1.0000     0.3471     0.6791    -0.3872     0.6423     0.5566     0.3471     0.4672     1.0000    -0.0757    -0.1612     0.4848    -0.1974     0.0823     0.4748     0.2628     0.2628     0.2637     0.2925     0.5966     0.8160     0.5243     0.4487     0.7018     0.6517     0.6692     0.0805     0.6475    -0.5798     0.0702    -0.4942    -0.6775    -0.4187     0.0291    -0.0178     0.1666     0.6791     0.0365    -0.0121     0.3471     0.6423     0.5566     1.0000    -0.3872    -0.1974     0.0823    -0.0757     0.2948     0.6475    -0.5798     0.2628     0.8833     0.0805
Q              -0.1617    -0.4227     0.7233     0.7779    -0.8906     0.3471     1.0000     0.8689     0.5332     0.7779     0.8862     1.0000     0.4809     0.3471     0.8200     0.6737    -0.4972     0.7746    -0.1445    -0.5874    -0.7142    -0.7142    -0.7107    -0.6876    -0.3943     0.7960    -0.5800    -0.5309    -0.3296     0.8951     0.6235     0.9115     0.7498    -0.0498     0.6336    -0.8298    -0.6084    -0.9314    -0.8811    -0.8403    -0.0831     0.8689    -0.4227    -0.8906     1.0000     0.7779     0.8862     0.3471     0.5332     0.7746    -0.1445     0.8200    -0.6848     0.7498    -0.0498    -0.7142    -0.0329     0.9115
Y               0.0780    -0.1376     0.8189     0.9649    -0.7317     0.6791     0.8689     1.0000     0.3730     0.9649     0.9862     0.8689     0.7098     0.6791     0.6032     0.4934    -0.1395     0.5393    -0.1477    -0.2828    -0.4305    -0.4305    -0.4271    -0.3846    -0.1064     0.8838    -0.2282    -0.1913     0.0041     0.9976     0.8855     0.7738     0.9546    -0.4287     0.6723    -0.9486    -0.8780    -0.9136    -0.7004    -0.6596     0.0194     1.0000    -0.1376    -0.7317     0.8689     0.9649     0.9862     0.6791     0.3730     0.5393    -0.1477     0.6032    -0.3811     0.9546    -0.4287    -0.4305     0.2765     0.7738
M               0.4014     0.1012     0.4419     0.4580    -0.8063    -0.3872     0.5332     0.3730     1.0000     0.4580     0.5160     0.5332     0.2543    -0.3872     0.7589     0.7518    -0.7323     0.8156    -0.2149    -0.8449    -0.7866    -0.7866    -0.7838    -0.7741    -0.7725    -0.0193    -0.8145    -0.7485    -0.7810     0.3851     0.3925     0.7662     0.4502    -0.0713     0.8719    -0.6073    -0.3771    -0.4917    -0.8188    -0.7117    -0.1040     0.3730     0.1012    -0.8063     0.5332     0.4580     0.5160    -0.3872     1.0000     0.8156    -0.2149     0.7589    -0.7769     0.4502    -0.0713    -0.7866    -0.7743     0.7662
L               0.3371     0.1193     0.8902     1.0000    -0.6819     0.6423     0.7779     0.9649     0.4580     1.0000     0.9656     0.7779     0.6618     0.6423     0.5579     0.4695    -0.1413     0.4878    -0.0993    -0.2446    -0.4006    -0.4006    -0.3973    -0.3615    -0.0670     0.7707    -0.1716    -0.1896     0.0274     0.9485     0.9715     0.7146     0.9986    -0.6183     0.7925    -0.9814    -0.9667    -0.8124    -0.6526    -0.6089     0.0741     0.9649     0.1193    -0.6819     0.7779     1.0000     0.9656     0.6423     0.4580     0.4878    -0.0993     0.5579    -0.3616     0.9986    -0.6183    -0.4006     0.2080     0.7146
C               0.1304    -0.1214     0.8088     0.9656    -0.8177     0.5566     0.8862     0.9862     0.5160     0.9656     1.0000     0.8862     0.7288     0.5566     0.6907     0.5958    -0.2491     0.6464    -0.1889    -0.4157    -0.5338    -0.5338    -0.5304    -0.4864    -0.2470     0.8045    -0.3561    -0.3019    -0.1414     0.9867     0.8788     0.8504     0.9552    -0.3951     0.7657    -0.9778    -0.8690    -0.9354    -0.7907    -0.7359    -0.0057     0.9862    -0.1214    -0.8177     0.8862     0.9656     1.0000     0.5566     0.5160     0.6464    -0.1889     0.6907    -0.4829     0.9552    -0.3951    -0.5338     0.1196     0.8504
I              -0.1617    -0.4227     0.7233     0.7779    -0.8906     0.3471     1.0000     0.8689     0.5332     0.7779     0.8862     1.0000     0.4809     0.3471     0.8200     0.6737    -0.4972     0.7746    -0.1445    -0.5874    -0.7142    -0.7142    -0.7107    -0.6876    -0.3943     0.7960    -0.5800    -0.5309    -0.3296     0.8951     0.6235     0.9115     0.7498    -0.0498     0.6336    -0.8298    -0.6084    -0.9314    -0.8811    -0.8403    -0.0831     0.8689    -0.4227    -0.8906     1.0000     0.7779     0.8862     0.3471     0.5332     0.7746    -0.1445     0.8200    -0.6848     0.7498    -0.0498    -0.7142    -0.0329     0.9115
K              -0.0321    -0.2015     0.2478     0.6618    -0.5621     0.4672     0.4809     0.7098     0.2543     0.6618     0.7288     0.4809     1.0000     0.4672     0.4824     0.5383    -0.0104     0.4859    -0.2084    -0.2956    -0.3202    -0.3202    -0.3199    -0.2446    -0.2451     0.4972    -0.2118    -0.0840    -0.0890     0.7127     0.5865     0.6018     0.6639    -0.1877     0.4435    -0.6677    -0.5793    -0.7458    -0.5368    -0.5461    -0.0676     0.7098    -0.2015    -0.5621     0.4809     0.6618     0.7288     0.4672     0.2543     0.4859    -0.2084     0.4824    -0.2319     0.6639    -0.1877    -0.3202     0.1914     0.6018
EX              0.0036     0.0365     0.5423     0.6423    -0.0121     1.0000     0.3471     0.6791    -0.3872     0.6423     0.5566     0.3471     0.4672     1.0000    -0.0757    -0.1612     0.4848    -0.1974     0.0823     0.4748     0.2628     0.2628     0.2637     0.2925     0.5966     0.8160     0.5243     0.4487     0.7018     0.6517     0.6692     0.0805     0.6475    -0.5798     0.0702    -0.4942    -0.6775    -0.4187     0.0291    -0.0178     0.1666     0.6791     0.0365    -0.0121     0.3471     0.6423     0.5566     1.0000    -0.3872    -0.1974     0.0823    -0.0757     0.2948     0.6475    -0.5798     0.2628     0.8833     0.0805
N              -0.0442    -0.3414     0.4382     0.5579    -0.9184    -0.0757     0.8200     0.6032     0.7589     0.5579     0.6907     0.8200     0.4824    -0.0757     1.0000     0.9698    -0.8475     0.9731    -0.0313    -0.8711    -0.9768    -0.9768    -0.9762    -0.9593    -0.7001     0.3707    -0.8299    -0.8801    -0.6600     0.6398     0.4111     0.9077     0.5356     0.1127     0.6984    -0.6825    -0.3926    -0.7684    -0.9452    -0.9948    -0.1315     0.6032    -0.3414    -0.9184     0.8200     0.5579     0.6907    -0.0757     0.7589     0.9731    -0.0313     1.0000    -0.9559     0.5356     0.1127    -0.9768    -0.4378     0.9077
K_b             0.0137    -0.2699     0.2882     0.4695    -0.8473    -0.1612     0.6737     0.4934     0.7518     0.4695     0.5958     0.6737     0.5383    -0.1612     0.9698     1.0000    -0.8483     0.9508     0.0099    -0.8705    -0.9613    -0.9613    -0.9620    -0.9409    -0.7261     0.2071    -0.8123    -0.8850    -0.6818     0.5279     0.3425     0.8311     0.4539     0.1226     0.6691    -0.6017    -0.3250    -0.6715    -0.8812    -0.9648    -0.1356     0.4934    -0.2699    -0.8473     0.6737     0.4695     0.5958    -0.1612     0.7518     0.9508     0.0099     0.9698    -0.9364     0.4539     0.1226    -0.9613    -0.4930     0.8311
K_h            -0.0364     0.1937    -0.1862    -0.1413     0.6521     0.4848    -0.4972    -0.1395    -0.7323    -0.1413    -0.2491    -0.4972    -0.0104     0.4848    -0.8475    -0.8483     1.0000    -0.8228    -0.1426     0.8472     0.9395     0.9395     0.9405     0.9628     0.7075     0.0667     0.8307     0.9973     0.7531    -0.1785    -0.0378    -0.6080    -0.1214    -0.2634    -0.5153     0.2944     0.0216     0.3282     0.7082     0.8016     0.1184    -0.1395     0.1937     0.6521    -0.4972    -0.1413    -0.2491     0.4848    -0.7323    -0.8228    -0.1426    -0.8475     0.9654    -0.1214    -0.2634     0.9395     0.7052    -0.6080
D              -0.0818    -0.3869     0.3457     0.4878    -0.9344    -0.1974     0.7746     0.5393     0.8156     0.4878     0.6464     0.7746     0.4859    -0.1974     0.9731     0.9508    -0.8228     1.0000    -0.2209    -0.9497    -0.9587    -0.9587    -0.9575    -0.9317    -0.8363     0.2811    -0.8957    -0.8558    -0.7922     0.5797     0.3274     0.9201     0.4654     0.2170     0.6794    -0.6306    -0.3074    -0.7614    -0.9563    -0.9560    -0.1577     0.5393    -0.3869    -0.9344     0.7746     0.4878     0.6464    -0.1974     0.8156     1.0000    -0.2209     0.9731    -0.9264     0.4654     0.2170    -0.9587    -0.5502     0.9201
D_star          0.1525     0.2181    -0.0038    -0.0993     0.2140     0.0823    -0.1445    -0.1477    -0.2149    -0.0993    -0.1889    -0.1445    -0.2084     0.0823    -0.0313     0.0099    -0.1426    -0.2209     1.0000     0.3267    -0.0058    -0.0058    -0.0085    -0.0595     0.5090    -0.0843     0.1500    -0.1268     0.4407    -0.1588    -0.0323    -0.2307    -0.0983    -0.1803    -0.0649     0.1240     0.0269     0.2936     0.1848     0.0170    -0.0365    -0.1477     0.2181     0.2140    -0.1445    -0.0993    -0.1889     0.0823    -0.2149    -0.2209     1.0000    -0.0313    -0.0692    -0.0983    -0.1803    -0.0058     0.1658    -0.2307
x               0.0850     0.3658    -0.1472    -0.2446     0.8273     0.4748    -0.5874    -0.2828    -0.8449    -0.2446    -0.4157    -0.5874    -0.2956     0.4748    -0.8711    -0.8705     0.8472    -0.9497     0.3267     1.0000     0.9114     0.9114     0.9104     0.8919     0.9561    -0.0139     0.9446     0.8660     0.9428    -0.3270    -0.0913    -0.7964    -0.2235    -0.3748    -0.5757     0.4142     0.0710     0.5656     0.8561     0.8268     0.1758    -0.2828     0.3658     0.8273    -0.5874    -0.2446    -0.4157     0.4748    -0.8449    -0.9497     0.3267    -0.8711     0.8871    -0.2235    -0.3748     0.9114     0.7555    -0.7964
psi             0.0225     0.3060    -0.3337    -0.4006     0.8511     0.2628    -0.7142    -0.4305    -0.7866    -0.4006    -0.5338    -0.7142    -0.3202     0.2628    -0.9768    -0.9613     0.9395    -0.9587    -0.0058     0.9114     1.0000     1.0000     1.0000     0.9961     0.7562    -0.1937     0.8748     0.9598     0.7471    -0.4704    -0.2626    -0.8262    -0.3784    -0.1975    -0.6479     0.5448     0.2440     0.6227     0.8902     0.9536     0.1364    -0.4305     0.3060     0.8511    -0.7142    -0.4006    -0.5338     0.2628    -0.7866    -0.9587    -0.0058    -0.9768     0.9945    -0.3784    -0.1975     1.0000     0.5803    -0.8262
phi             0.0225     0.3060    -0.3337    -0.4006     0.8511     0.2628    -0.7142    -0.4305    -0.7866    -0.4006    -0.5338    -0.7142    -0.3202     0.2628    -0.9768    -0.9613     0.9395    -0.9587    -0.0058     0.9114     1.0000     1.0000     1.0000     0.9961     0.7562    -0.1937     0.8748     0.9598     0.7471    -0.4704    -0.2626    -0.8262    -0.3784    -0.1975    -0.6479     0.5448     0.2440     0.6227     0.8902     0.9536     0.1364    -0.4305     0.3060     0.8511    -0.7142    -0.4006    -0.5338     0.2628    -0.7866    -0.9587    -0.0058    -0.9768     0.9945    -0.3784    -0.1975     1.0000     0.5803    -0.8262
upsilon         0.0229     0.3054    -0.3297    -0.3973     0.8477     0.2637    -0.7107    -0.4271    -0.7838    -0.3973    -0.5304    -0.7107    -0.3199     0.2637    -0.9762    -0.9620     0.9405    -0.9575    -0.0085     0.9104     1.0000     1.0000     1.0000     0.9962     0.7553    -0.1907     0.8728     0.9608     0.7462    -0.4671    -0.2599    -0.8227    -0.3753    -0.1982    -0.6448     0.5414     0.2413     0.6194     0.8873     0.9531     0.1356    -0.4271     0.3054     0.8477    -0.7107    -0.3973    -0.5304     0.2637    -0.7838    -0.9575    -0.0085    -0.9762     0.9946    -0.3753    -0.1982     1.0000     0.5796    -0.8227
mu              0.0061     0.2796    -0.3292    -0.3615     0.8153     0.2925    -0.6876    -0.3846    -0.7741    -0.3615    -0.4864    -0.6876    -0.2446     0.2925    -0.9593    -0.9409     0.9628    -0.9317    -0.0595     0.8919     0.9961     0.9961     0.9962     1.0000     0.7292    -0.1605     0.8633     0.9774     0.7338    -0.4241    -0.2311    -0.7866    -0.3393    -0.1970    -0.6289     0.5057     0.2131     0.5678     0.8585     0.9321     0.1291    -0.3846     0.2796     0.8153    -0.6876    -0.3615    -0.4864     0.2925    -0.7741    -0.9317    -0.0595    -0.9593     0.9998    -0.3393    -0.1970     0.9961     0.5944    -0.7866
mu_star         0.1271     0.3663     0.0531    -0.0670     0.6885     0.5966    -0.3943    -0.1064    -0.7725    -0.0670    -0.2470    -0.3943    -0.2451     0.5966    -0.7001    -0.7261     0.7075    -0.8363     0.5090     0.9561     0.7562     0.7562     0.7553     0.7292     1.0000     0.1569     0.8804     0.7231     0.9854    -0.1501     0.0768    -0.6558    -0.0503    -0.4789    -0.4293     0.2369    -0.0958     0.4290     0.7121     0.6465     0.1781    -0.1064     0.3663     0.6885    -0.3943    -0.0670    -0.2470     0.5966    -0.7725    -0.8363     0.5090    -0.7001     0.7222    -0.0503    -0.4789     0.7562     0.8023    -0.6558
A              -0.2427    -0.3513     0.6990     0.7707    -0.4875     0.8160     0.7960     0.8838    -0.0193     0.7707     0.8045     0.7960     0.4972     0.8160     0.3707     0.2071     0.0667     0.2811    -0.0843    -0.0139    -0.1937    -0.1937    -0.1907    -0.1605     0.1569     1.0000     0.0000     0.0298     0.2564     0.8883     0.6767     0.5458     0.7526    -0.2687     0.2885    -0.7048    -0.6726    -0.7890    -0.4525    -0.4376     0.0301     0.8838    -0.3513    -0.4875     0.7960     0.7707     0.8045     0.8160    -0.0193     0.2811    -0.0843     0.3707    -0.1564     0.7526    -0.2687    -0.1937     0.5699     0.5458
R_star          0.1668     0.4419    -0.1049    -0.1716     0.8286     0.5243    -0.5800    -0.2282    -0.8145    -0.1716    -0.3561    -0.5800    -0.2118     0.5243    -0.8299    -0.8123     0.8307    -0.8957     0.1500     0.9446     0.8748     0.8748     0.8728     0.8633     0.8804     0.0000     1.0000     0.8434     0.8887    -0.2755    -0.0026    -0.7914    -0.1438    -0.4690    -0.5267     0.3512    -0.0189     0.5291     0.8515     0.7775     0.2695    -0.2282     0.4419     0.8286    -0.5800    -0.1716    -0.3561     0.5243    -0.8145    -0.8957     0.1500    -0.8299     0.8601    -0.1438    -0.4690     0.8748     0.7740    -0.7914
chi_h          -0.0339     0.2078    -0.2038    -0.1896     0.6912     0.4487    -0.5309    -0.1913    -0.7485    -0.1896    -0.3019    -0.5309    -0.0840     0.4487    -0.8801    -0.8850     0.9973    -0.8558    -0.1268     0.8660     0.9598     0.9598     0.9608     0.9774     0.7231     0.0298     0.8434     1.0000     0.7571    -0.2304    -0.0809    -0.6502    -0.1699    -0.2487    -0.5461     0.3426     0.0642     0.3820     0.7453     0.8391     0.1229    -0.1913     0.2078     0.6912    -0.5309    -0.1896    -0.3019     0.4487    -0.7485    -0.8558    -0.1268    -0.8801     0.9791    -0.1699    -0.2487     0.9598     0.6886    -0.6502
chi_b           0.0895     0.3150     0.0801     0.0274     0.6305     0.7018    -0.3296     0.0041    -0.7810     0.0274    -0.1414    -0.3296    -0.0890     0.7018    -0.6600    -0.6818     0.7531    -0.7922     0.4407     0.9428     0.7471     0.7471     0.7462     0.7338     0.9854     0.2564     0.8887     0.7571     1.0000    -0.0393     0.1591    -0.5876     0.0446    -0.5021    -0.4026     0.1504    -0.1776     0.3156     0.6603     0.5934     0.1778     0.0041     0.3150     0.6305    -0.3296     0.0274    -0.1414     0.7018    -0.7810    -0.7922     0.4407    -0.6600     0.7294     0.0446    -0.5021     0.7471     0.8789    -0.5876
Ynet            0.0243    -0.1984     0.7970     0.9485    -0.7614     0.6517     0.8951     0.9976     0.3851     0.9485     0.9867     0.8951     0.7127     0.6517     0.6398     0.5279    -0.1785     0.5797    -0.1588    -0.3270    -0.4704    -0.4704    -0.4671    -0.4241    -0.1501     0.8883    -0.2755    -0.2304    -0.0393     1.0000     0.8548     0.8028     0.9357    -0.3687     0.6606    -0.9403    -0.8461    -0.9366    -0.7322    -0.6942     0.0016     0.9976    -0.1984    -0.7614     0.8951     0.9485     0.9867     0.6517     0.3851     0.5797    -0.1588     0.6398    -0.4199     0.9357    -0.3687    -0.4704     0.2515     0.8028
R_dc            0.5136     0.3356     0.8956     0.9715    -0.5236     0.6692     0.6235     0.8855     0.3925     0.9715     0.8788     0.6235     0.5865     0.6692     0.4111     0.3425    -0.0378     0.3274    -0.0323    -0.0913    -0.2626    -0.2626    -0.2599    -0.2311     0.0768     0.6767    -0.0026    -0.0809     0.1591     0.8548     1.0000     0.5541     0.9806    -0.7855     0.7771    -0.9300    -0.9998    -0.6557    -0.4943    -0.4643     0.1268     0.8855     0.3356    -0.5236     0.6235     0.9715     0.8788     0.6692     0.3925     0.3274    -0.0323     0.4111    -0.2339     0.9806    -0.7855    -0.2626     0.2597     0.5541
cryp           -0.0613    -0.3755     0.5673     0.7146    -0.9970     0.0805     0.9115     0.7738     0.7662     0.7146     0.8504     0.9115     0.6018     0.0805     0.9077     0.8311    -0.6080     0.9201    -0.2307    -0.7964    -0.8262    -0.8262    -0.8227    -0.7866    -0.6558     0.5458    -0.7914    -0.6502    -0.5876     0.8028     0.5541     1.0000     0.6905     0.0422     0.7619    -0.8213    -0.5353    -0.9211    -0.9905    -0.9091    -0.1602     0.7738    -0.3755    -0.9970     0.9115     0.7146     0.8504     0.0805     0.7662     0.9201    -0.2307     0.9077    -0.7817     0.6905     0.0422    -0.8262    -0.3343     1.0000
DC              0.3689     0.1563     0.8865     0.9986    -0.6579     0.6475     0.7498     0.9546     0.4502     0.9986     0.9552     0.7498     0.6639     0.6475     0.5356     0.4539    -0.1214     0.4654    -0.0983    -0.2235    -0.3784    -0.3784    -0.3753    -0.3393    -0.0503     0.7526    -0.1438    -0.1699     0.0446     0.9357     0.9806     0.6905     1.0000    -0.6492     0.7925    -0.9770    -0.9765    -0.7907    -0.6284    -0.5876     0.0770     0.9546     0.1563    -0.6579     0.7498     0.9986     0.9552     0.6475     0.4502     0.4654    -0.0983     0.5356    -0.3395     1.0000    -0.6492    -0.3784     0.2155     0.6905
m              -0.8103    -0.7975    -0.6733    -0.6183    -0.0597    -0.5798    -0.0498    -0.4287    -0.0713    -0.6183    -0.3951    -0.0498    -0.1877    -0.5798     0.1127     0.1226    -0.2634     0.2170    -0.1803    -0.3748    -0.1975    -0.1975    -0.1982    -0.1970    -0.4789    -0.2687    -0.4690    -0.2487    -0.5021    -0.3687    -0.7855     0.0422    -0.6492     1.0000    -0.4921     0.5197     0.7979     0.0503    -0.0817    -0.0675    -0.2537    -0.4287    -0.7975    -0.0597    -0.0498    -0.6183    -0.3951    -0.5798    -0.0713     0.2170    -0.1803     0.1127    -0.1874    -0.6492     1.0000    -0.1975    -0.3617     0.0422
Lambda          0.5984     0.3124     0.7550     0.7925    -0.7774     0.0702     0.6336     0.6723     0.8719     0.7925     0.7657     0.6336     0.4435     0.0702     0.6984     0.6691    -0.5153     0.6794    -0.0649    -0.5757    -0.6479    -0.6479    -0.6448    -0.6289    -0.4293     0.2885    -0.5267    -0.5461    -0.4026     0.6606     0.7771     0.7619     0.7925    -0.4921     1.0000    -0.8690    -0.7675    -0.6119    -0.7728    -0.6930     0.0147     0.6723     0.3124    -0.7774     0.6336     0.7925     0.7657     0.0702     0.8719     0.6794    -0.0649     0.6984    -0.6337     0.7925    -0.4921    -0.6479    -0.3951     0.7619
gam            -0.3249    -0.0642    -0.8643    -0.9814     0.7991    -0.4942    -0.8298    -0.9486    -0.6073    -0.9814    -0.9778    -0.8298    -0.6677    -0.4942    -0.6825    -0.6017     0.2944    -0.6306     0.1240     0.4142     0.5448     0.5448     0.5414     0.5057     0.2369    -0.7048     0.3512     0.3426     0.1504    -0.9403    -0.9300    -0.8213    -0.9770     0.5197    -0.8690     1.0000     0.9216     0.8561     0.7761     0.7196    -0.0162    -0.9486    -0.0642     0.7991    -0.8298    -0.9814    -0.9778    -0.4942    -0.6073    -0.6306     0.1240    -0.6825     0.5054    -0.9770     0.5197     0.5448    -0.0304    -0.8213
trs            -0.5219    -0.3498    -0.8934    -0.9667     0.5045    -0.6775    -0.6084    -0.8780    -0.3771    -0.9667    -0.8690    -0.6084    -0.5793    -0.6775    -0.3926    -0.3250     0.0216    -0.3074     0.0269     0.0710     0.2440     0.2440     0.2413     0.2131    -0.0958    -0.6726    -0.0189     0.0642    -0.1776    -0.8461    -0.9998    -0.5353    -0.9765     0.7979    -0.7675     0.9216     1.0000     0.6409     0.4749     0.4466    -0.1329    -0.8780    -0.3498     0.5045    -0.6084    -0.9667    -0.8690    -0.6775    -0.3771    -0.3074     0.0269    -0.3926     0.2159    -0.9765     0.7979     0.2440    -0.2733    -0.5353
Lambda1         0.1911     0.4504    -0.6049    -0.8124     0.8883    -0.4187    -0.9314    -0.9136    -0.4917    -0.8124    -0.9354    -0.9314    -0.7458    -0.4187    -0.7684    -0.6715     0.3282    -0.7614     0.2936     0.5656     0.6227     0.6227     0.6194     0.5678     0.4290    -0.7890     0.5291     0.3820     0.3156    -0.9366    -0.6557    -0.9211    -0.7907     0.0503    -0.6119     0.8561     0.6409     1.0000     0.8655     0.8047     0.1043    -0.9136     0.4504     0.8883    -0.9314    -0.8124    -0.9354    -0.4187    -0.4917    -0.7614     0.2936    -0.7684     0.5595    -0.7907     0.0503     0.6227    -0.0374    -0.9211
mu_cryp         0.0334     0.3533    -0.5272    -0.6526     0.9968     0.0291    -0.8811    -0.7004    -0.8188    -0.6526    -0.7907    -0.8811    -0.5368     0.0291    -0.9452    -0.8812     0.7082    -0.9563     0.1848     0.8561     0.8902     0.8902     0.8873     0.8585     0.7121    -0.4525     0.8515     0.7453     0.6603    -0.7322    -0.4943    -0.9905    -0.6284    -0.0817    -0.7728     0.7761     0.4749     0.8655     1.0000     0.9369     0.1667    -0.7004     0.3533     0.9968    -0.8811    -0.6526    -0.7907     0.0291    -0.8188    -0.9563     0.1848    -0.9452     0.8547    -0.6284    -0.0817     0.8902     0.4363    -0.9905
x_c             0.0533     0.3451    -0.4648    -0.6089     0.9128    -0.0178    -0.8403    -0.6596    -0.7117    -0.6089    -0.7359    -0.8403    -0.5461    -0.0178    -0.9948    -0.9648     0.8016    -0.9560     0.0170     0.8268     0.9536     0.9536     0.9531     0.9321     0.6465    -0.4376     0.7775     0.8391     0.5934    -0.6942    -0.4643    -0.9091    -0.5876    -0.0675    -0.6930     0.7196     0.4466     0.8047     0.9369     1.0000     0.1182    -0.6596     0.3451     0.9128    -0.8403    -0.6089    -0.7359    -0.0178    -0.7117    -0.9560     0.0170    -0.9948     0.9280    -0.5876    -0.0675     0.9536     0.3497    -0.9091
DE              0.2117     0.2625     0.1330     0.0741     0.1682     0.1666    -0.0831     0.0194    -0.1040     0.0741    -0.0057    -0.0831    -0.0676     0.1666    -0.1315    -0.1356     0.1184    -0.1577    -0.0365     0.1758     0.1364     0.1364     0.1356     0.1291     0.1781     0.0301     0.2695     0.1229     0.1778     0.0016     0.1268    -0.1602     0.0770    -0.2537     0.0147    -0.0162    -0.1329     0.1043     0.1667     0.1182     1.0000     0.0194     0.2625     0.1682    -0.0831     0.0741    -0.0057     0.1666    -0.1040    -0.1577    -0.0365    -0.1315     0.1261     0.0770    -0.2537     0.1364     0.1672    -0.1602
logY            0.0780    -0.1376     0.8189     0.9649    -0.7317     0.6791     0.8689     1.0000     0.3730     0.9649     0.9862     0.8689     0.7098     0.6791     0.6032     0.4934    -0.1395     0.5393    -0.1477    -0.2828    -0.4305    -0.4305    -0.4271    -0.3846    -0.1064     0.8838    -0.2282    -0.1913     0.0041     0.9976     0.8855     0.7738     0.9546    -0.4287     0.6723    -0.9486    -0.8780    -0.9136    -0.7004    -0.6596     0.0194     1.0000    -0.1376    -0.7317     0.8689     0.9649     0.9862     0.6791     0.3730     0.5393    -0.1477     0.6032    -0.3811     0.9546    -0.4287    -0.4305     0.2765     0.7738
logPi           0.9461     1.0000     0.2626     0.1193     0.3536     0.0365    -0.4227    -0.1376     0.1012     0.1193    -0.1214    -0.4227    -0.2015     0.0365    -0.3414    -0.2699     0.1937    -0.3869     0.2181     0.3658     0.3060     0.3060     0.3054     0.2796     0.3663    -0.3513     0.4419     0.2078     0.3150    -0.1984     0.3356    -0.3755     0.1563    -0.7975     0.3124    -0.0642    -0.3498     0.4504     0.3533     0.3451     0.2625    -0.1376     1.0000     0.3536    -0.4227     0.1193    -0.1214     0.0365     0.1012    -0.3869     0.2181    -0.3414     0.2663     0.1563    -0.7975     0.3060    -0.0264    -0.3755
logR            0.0344     0.3536    -0.5493    -0.6819     1.0000    -0.0121    -0.8906    -0.7317    -0.8063    -0.6819    -0.8177    -0.8906    -0.5621    -0.0121    -0.9184    -0.8473     0.6521    -0.9344     0.2140     0.8273     0.8511     0.8511     0.8477     0.8153     0.6885    -0.4875     0.8286     0.6912     0.6305    -0.7614    -0.5236    -0.9970    -0.6579    -0.0597    -0.7774     0.7991     0.5045     0.8883     0.9968     0.9128     0.1682    -0.7317     0.3536     1.0000    -0.8906    -0.6819    -0.8177    -0.0121    -0.8063    -0.9344     0.2140    -0.9184     0.8112    -0.6579    -0.0597     0.8511     0.4017    -0.9970
logI           -0.1617    -0.4227     0.7233     0.7779    -0.8906     0.3471     1.0000     0.8689     0.5332     0.7779     0.8862     1.0000     0.4809     0.3471     0.8200     0.6737    -0.4972     0.7746    -0.1445    -0.5874    -0.7142    -0.7142    -0.7107    -0.6876    -0.3943     0.7960    -0.5800    -0.5309    -0.3296     0.8951     0.6235     0.9115     0.7498    -0.0498     0.6336    -0.8298    -0.6084    -0.9314    -0.8811    -0.8403    -0.0831     0.8689    -0.4227    -0.8906     1.0000     0.7779     0.8862     0.3471     0.5332     0.7746    -0.1445     0.8200    -0.6848     0.7498    -0.0498    -0.7142    -0.0329     0.9115
logL            0.3371     0.1193     0.8902     1.0000    -0.6819     0.6423     0.7779     0.9649     0.4580     1.0000     0.9656     0.7779     0.6618     0.6423     0.5579     0.4695    -0.1413     0.4878    -0.0993    -0.2446    -0.4006    -0.4006    -0.3973    -0.3615    -0.0670     0.7707    -0.1716    -0.1896     0.0274     0.9485     0.9715     0.7146     0.9986    -0.6183     0.7925    -0.9814    -0.9667    -0.8124    -0.6526    -0.6089     0.0741     0.9649     0.1193    -0.6819     0.7779     1.0000     0.9656     0.6423     0.4580     0.4878    -0.0993     0.5579    -0.3616     0.9986    -0.6183    -0.4006     0.2080     0.7146
logC            0.1304    -0.1214     0.8088     0.9656    -0.8177     0.5566     0.8862     0.9862     0.5160     0.9656     1.0000     0.8862     0.7288     0.5566     0.6907     0.5958    -0.2491     0.6464    -0.1889    -0.4157    -0.5338    -0.5338    -0.5304    -0.4864    -0.2470     0.8045    -0.3561    -0.3019    -0.1414     0.9867     0.8788     0.8504     0.9552    -0.3951     0.7657    -0.9778    -0.8690    -0.9354    -0.7907    -0.7359    -0.0057     0.9862    -0.1214    -0.8177     0.8862     0.9656     1.0000     0.5566     0.5160     0.6464    -0.1889     0.6907    -0.4829     0.9552    -0.3951    -0.5338     0.1196     0.8504
logEX           0.0036     0.0365     0.5423     0.6423    -0.0121     1.0000     0.3471     0.6791    -0.3872     0.6423     0.5566     0.3471     0.4672     1.0000    -0.0757    -0.1612     0.4848    -0.1974     0.0823     0.4748     0.2628     0.2628     0.2637     0.2925     0.5966     0.8160     0.5243     0.4487     0.7018     0.6517     0.6692     0.0805     0.6475    -0.5798     0.0702    -0.4942    -0.6775    -0.4187     0.0291    -0.0178     0.1666     0.6791     0.0365    -0.0121     0.3471     0.6423     0.5566     1.0000    -0.3872    -0.1974     0.0823    -0.0757     0.2948     0.6475    -0.5798     0.2628     0.8833     0.0805
logM            0.4014     0.1012     0.4419     0.4580    -0.8063    -0.3872     0.5332     0.3730     1.0000     0.4580     0.5160     0.5332     0.2543    -0.3872     0.7589     0.7518    -0.7323     0.8156    -0.2149    -0.8449    -0.7866    -0.7866    -0.7838    -0.7741    -0.7725    -0.0193    -0.8145    -0.7485    -0.7810     0.3851     0.3925     0.7662     0.4502    -0.0713     0.8719    -0.6073    -0.3771    -0.4917    -0.8188    -0.7117    -0.1040     0.3730     0.1012    -0.8063     0.5332     0.4580     0.5160    -0.3872     1.0000     0.8156    -0.2149     0.7589    -0.7769     0.4502    -0.0713    -0.7866    -0.7743     0.7662
logD           -0.0818    -0.3869     0.3457     0.4878    -0.9344    -0.1974     0.7746     0.5393     0.8156     0.4878     0.6464     0.7746     0.4859    -0.1974     0.9731     0.9508    -0.8228     1.0000    -0.2209    -0.9497    -0.9587    -0.9587    -0.9575    -0.9317    -0.8363     0.2811    -0.8957    -0.8558    -0.7922     0.5797     0.3274     0.9201     0.4654     0.2170     0.6794    -0.6306    -0.3074    -0.7614    -0.9563    -0.9560    -0.1577     0.5393    -0.3869    -0.9344     0.7746     0.4878     0.6464    -0.1974     0.8156     1.0000    -0.2209     0.9731    -0.9264     0.4654     0.2170    -0.9587    -0.5502     0.9201
logD_star       0.1525     0.2181    -0.0038    -0.0993     0.2140     0.0823    -0.1445    -0.1477    -0.2149    -0.0993    -0.1889    -0.1445    -0.2084     0.0823    -0.0313     0.0099    -0.1426    -0.2209     1.0000     0.3267    -0.0058    -0.0058    -0.0085    -0.0595     0.5090    -0.0843     0.1500    -0.1268     0.4407    -0.1588    -0.0323    -0.2307    -0.0983    -0.1803    -0.0649     0.1240     0.0269     0.2936     0.1848     0.0170    -0.0365    -0.1477     0.2181     0.2140    -0.1445    -0.0993    -0.1889     0.0823    -0.2149    -0.2209     1.0000    -0.0313    -0.0692    -0.0983    -0.1803    -0.0058     0.1658    -0.2307
logN           -0.0442    -0.3414     0.4382     0.5579    -0.9184    -0.0757     0.8200     0.6032     0.7589     0.5579     0.6907     0.8200     0.4824    -0.0757     1.0000     0.9698    -0.8475     0.9731    -0.0313    -0.8711    -0.9768    -0.9768    -0.9762    -0.9593    -0.7001     0.3707    -0.8299    -0.8801    -0.6600     0.6398     0.4111     0.9077     0.5356     0.1127     0.6984    -0.6825    -0.3926    -0.7684    -0.9452    -0.9948    -0.1315     0.6032    -0.3414    -0.9184     0.8200     0.5579     0.6907    -0.0757     0.7589     0.9731    -0.0313     1.0000    -0.9559     0.5356     0.1127    -0.9768    -0.4378     0.9077
spread         -0.0066     0.2663    -0.3369    -0.3616     0.8112     0.2948    -0.6848    -0.3811    -0.7769    -0.3616    -0.4829    -0.6848    -0.2319     0.2948    -0.9559    -0.9364     0.9654    -0.9264    -0.0692     0.8871     0.9945     0.9945     0.9946     0.9998     0.7222    -0.1564     0.8601     0.9791     0.7294    -0.4199    -0.2339    -0.7817    -0.3395    -0.1874    -0.6337     0.5054     0.2159     0.5595     0.8547     0.9280     0.1261    -0.3811     0.2663     0.8112    -0.6848    -0.3616    -0.4829     0.2948    -0.7769    -0.9264    -0.0692    -0.9559     1.0000    -0.3395    -0.1874     0.9945     0.5974    -0.7817
logDC           0.3689     0.1563     0.8865     0.9986    -0.6579     0.6475     0.7498     0.9546     0.4502     0.9986     0.9552     0.7498     0.6639     0.6475     0.5356     0.4539    -0.1214     0.4654    -0.0983    -0.2235    -0.3784    -0.3784    -0.3753    -0.3393    -0.0503     0.7526    -0.1438    -0.1699     0.0446     0.9357     0.9806     0.6905     1.0000    -0.6492     0.7925    -0.9770    -0.9765    -0.7907    -0.6284    -0.5876     0.0770     0.9546     0.1563    -0.6579     0.7498     0.9986     0.9552     0.6475     0.4502     0.4654    -0.0983     0.5356    -0.3395     1.0000    -0.6492    -0.3784     0.2155     0.6905
logm           -0.8103    -0.7975    -0.6733    -0.6183    -0.0597    -0.5798    -0.0498    -0.4287    -0.0713    -0.6183    -0.3951    -0.0498    -0.1877    -0.5798     0.1127     0.1226    -0.2634     0.2170    -0.1803    -0.3748    -0.1975    -0.1975    -0.1982    -0.1970    -0.4789    -0.2687    -0.4690    -0.2487    -0.5021    -0.3687    -0.7855     0.0422    -0.6492     1.0000    -0.4921     0.5197     0.7979     0.0503    -0.0817    -0.0675    -0.2537    -0.4287    -0.7975    -0.0597    -0.0498    -0.6183    -0.3951    -0.5798    -0.0713     0.2170    -0.1803     0.1127    -0.1874    -0.6492     1.0000    -0.1975    -0.3617     0.0422
leverage        0.0225     0.3060    -0.3337    -0.4006     0.8511     0.2628    -0.7142    -0.4305    -0.7866    -0.4006    -0.5338    -0.7142    -0.3202     0.2628    -0.9768    -0.9613     0.9395    -0.9587    -0.0058     0.9114     1.0000     1.0000     1.0000     0.9961     0.7562    -0.1937     0.8748     0.9598     0.7471    -0.4704    -0.2626    -0.8262    -0.3784    -0.1975    -0.6479     0.5448     0.2440     0.6227     0.8902     0.9536     0.1364    -0.4305     0.3060     0.8511    -0.7142    -0.4006    -0.5338     0.2628    -0.7866    -0.9587    -0.0058    -0.9768     0.9945    -0.3784    -0.1975     1.0000     0.5803    -0.8262
TB             -0.2017    -0.0264     0.1475     0.2080     0.4017     0.8833    -0.0329     0.2765    -0.7743     0.2080     0.1196    -0.0329     0.1914     0.8833    -0.4378    -0.4930     0.7052    -0.5502     0.1658     0.7555     0.5803     0.5803     0.5796     0.5944     0.8023     0.5699     0.7740     0.6886     0.8789     0.2515     0.2597    -0.3343     0.2155    -0.3617    -0.3951    -0.0304    -0.2733    -0.0374     0.4363     0.3497     0.1672     0.2765    -0.0264     0.4017    -0.0329     0.2080     0.1196     0.8833    -0.7743    -0.5502     0.1658    -0.4378     0.5974     0.2155    -0.3617     0.5803     1.0000    -0.3343
logcryp        -0.0613    -0.3755     0.5673     0.7146    -0.9970     0.0805     0.9115     0.7738     0.7662     0.7146     0.8504     0.9115     0.6018     0.0805     0.9077     0.8311    -0.6080     0.9201    -0.2307    -0.7964    -0.8262    -0.8262    -0.8227    -0.7866    -0.6558     0.5458    -0.7914    -0.6502    -0.5876     0.8028     0.5541     1.0000     0.6905     0.0422     0.7619    -0.8213    -0.5353    -0.9211    -0.9905    -0.9091    -0.1602     0.7738    -0.3755    -0.9970     0.9115     0.7146     0.8504     0.0805     0.7662     0.9201    -0.2307     0.9077    -0.7817     0.6905     0.0422    -0.8262    -0.3343     1.0000



COEFFICIENTS OF AUTOCORRELATION
Order              1        2        3        4        5
mc            0.4035   0.1551   0.0624   0.0286   0.0161
Pi            0.4988   0.2922   0.2086   0.1713   0.1513
Z             0.7514   0.6212   0.5482   0.4987   0.4590
w             0.8459   0.7638   0.7164   0.6832   0.6557
R             0.9206   0.8513   0.7894   0.7334   0.6826
epsilon       0.9470   0.8974   0.8512   0.8082   0.7681
Q             0.9358   0.8719   0.8111   0.7542   0.7012
Y             0.9427   0.8979   0.8605   0.8270   0.7958
M             0.7685   0.6381   0.5585   0.5014   0.4552
L             0.8459   0.7638   0.7164   0.6832   0.6557
C             0.9254   0.8732   0.8335   0.7998   0.7691
I             0.9358   0.8719   0.8111   0.7542   0.7012
K             0.9993   0.9971   0.9938   0.9893   0.9838
EX            0.9470   0.8974   0.8512   0.8082   0.7681
N             0.9299   0.8656   0.8065   0.7520   0.7018
K_b           0.9432   0.8902   0.8409   0.7950   0.7523
K_h           0.9221   0.8501   0.7836   0.7224   0.6661
D             0.9335   0.8723   0.8160   0.7642   0.7165
D_star        0.9934   0.9830   0.9710   0.9583   0.9454
x             0.9326   0.8707   0.8140   0.7619   0.7142
psi           0.9231   0.8525   0.7877   0.7281   0.6734
phi           0.9231   0.8525   0.7877   0.7281   0.6734
upsilon       0.9236   0.8535   0.7890   0.7296   0.6751
mu            0.9199   0.8465   0.7791   0.7173   0.6605
mu_star       0.9488   0.9024   0.8598   0.8205   0.7840
A             0.9500   0.9025   0.8574   0.8145   0.7738
R_star        0.9000   0.8100   0.7290   0.6561   0.5905
chi_h         0.9224   0.8507   0.7845   0.7235   0.6673
chi_b         0.9422   0.8892   0.8405   0.7957   0.7545
Ynet          0.9525   0.9108   0.8737   0.8393   0.8069
R_dc          0.7769   0.6483   0.5850   0.5491   0.5240
cryp          0.9302   0.8671   0.8097   0.7573   0.7094
DC            0.8452   0.7532   0.7021   0.6682   0.6413
m             0.6261   0.4048   0.3052   0.2577   0.2306
Lambda        0.6276   0.4731   0.4007   0.3593   0.3302
gam           0.8527   0.7625   0.7095   0.6725   0.6425
trs           0.7734   0.6427   0.5787   0.5427   0.5176
Lambda1       0.9645   0.9274   0.8912   0.8566   0.8238
mu_cryp       0.9194   0.8487   0.7854   0.7281   0.6759
x_c           0.9370   0.8787   0.8248   0.7749   0.7286
DE           -0.0353  -0.0259  -0.0210  -0.0180  -0.0158
logY          0.9427   0.8979   0.8605   0.8270   0.7958
logPi         0.4988   0.2922   0.2086   0.1713   0.1513
logR          0.9206   0.8513   0.7894   0.7334   0.6826
logI          0.9358   0.8719   0.8111   0.7542   0.7012
logL          0.8459   0.7638   0.7164   0.6832   0.6557
logC          0.9254   0.8732   0.8335   0.7998   0.7691
logEX         0.9470   0.8974   0.8512   0.8082   0.7681
logM          0.7685   0.6381   0.5585   0.5014   0.4552
logD          0.9335   0.8723   0.8160   0.7642   0.7165
logD_star     0.9934   0.9830   0.9710   0.9583   0.9454
logN          0.9299   0.8656   0.8065   0.7520   0.7018
spread        0.9185   0.8444   0.7764   0.7141   0.6569
logDC         0.8452   0.7532   0.7021   0.6682   0.6413
logm          0.6261   0.4048   0.3052   0.2577   0.2306
leverage      0.9231   0.8525   0.7877   0.7281   0.6734
TB            0.8911   0.8105   0.7461   0.6910   0.6420
logcryp       0.9302   0.8671   0.8097   0.7573   0.7094
Total computing time : 0h00m00s
Note: warning(s) encountered in MATLAB/Octave code
