Starting Dynare (version 5.1).
Calling Dynare with arguments: none
Starting preprocessing of the model file ...
Found 65 equation(s).
Evaluating expressions...done
Computing static model derivatives (order 1).
Computing dynamic model derivatives (order 1).
Processing outputs ...
done
Preprocessing completed.


STEADY-STATE RESULTS:

mc        		 0.888889
Pi        		 1
Z         		 0.0399151
w         		 5.0796
R         		 1.015
epsilon   		 1.01905
Q         		 1
Y         		 2.94031
M         		 0.461656
L         		 0.267555
C         		 2.04543
I         		 0.392875
K         		 19.6437
EX        		 0.489346
N         		 3.73369
K_b       		 14.8151
K_h       		 4.82864
D         		 8.85181
D_star    		 1.17994
x         		 0.0811612
psi       		 1.59115
phi       		 3.96795
upsilon   		 1.55568
mu        		 0.00753332
mu_star   		 -0.00109713
A         		 1
R_star    		 1.01572
Y_star    		 0.4802
Phi       		 0
Theta     		 0.401
chi_h     		 0.0116913
chi_b     		 0.000961253
Ynet      		 2.4572
P_c       		 1
R_dc      		 1
theta_c   		 1
cryp      		 1.02814
DC        		 2.16362
m         		 2.13046
R_c       		 1
Lambda    		 0.985222
gam       		 0.0293252
trs       		 0.496138
Lambda1   		 0.945213
sigma_Rc  		 0
mu_cryp   		 0.0229903
x_c       		 0.0693981
DE        		 1
logY      		 1.07851
logPi     		 0
logR      		 0.0148886
logI      		 -0.934265
logL      		 -1.31843
logC      		 0.71561
logEX     		 -0.714686
logM      		 -0.772936
logD      		 2.18062
logD_star 		 0.165461
logN      		 1.3174
spread    		 -5.31544
logDC     		 0.771785
logm      		 0.756338
leverage  		 1.37825
TB        		 0.02769
logcryp   		 0.0277508

EIGENVALUES:
         Modulus             Real        Imaginary

       4.503e-17       -4.503e-17                0
       2.147e-15        2.147e-15                0
       2.715e-15        2.715e-15                0
       2.246e-08       -8.025e-16        2.246e-08
       2.246e-08       -8.025e-16       -2.246e-08
          0.1466           0.1466                0
          0.3129           0.3129                0
             0.9              0.9                0
             0.9              0.9                0
             0.9              0.9                0
          0.9374           0.9374                0
            0.95             0.95                0
            0.95             0.95                0
          0.9754           0.9754                0
           0.985            0.985                0
           1.028            1.028                0
           1.044            1.044                0
            1.07             1.07                0
           1.183            1.183                0
           1.571            1.571                0
             Inf              Inf                0
             Inf              Inf                0


There are 7 eigenvalue(s) larger than 1 in modulus 
for 7 forward-looking variable(s)

The rank condition is verified.

MODEL_DIAGNOSTICS:  The Jacobian of the static model is singular
MODEL_DIAGNOSTICS:  there is 2 colinear relationships between the variables and the equations
Relation 1
Colinear variables:
Z
w
epsilon
Y
M
L
C
I
K
EX
N
K_b
K_h
D
D_star
x
psi
phi
upsilon
mu
mu_star
R_star
Y_star
chi_h
chi_b
Ynet
cryp
DC
m
gam
trs
Lambda1
mu_cryp
x_c
logY
logI
logL
logC
logEX
logM
logD
logD_star
logN
spread
logDC
logm
leverage
TB
logcryp
Relation 2
Colinear variables:
Z
w
epsilon
Y
M
L
C
I
K
EX
N
K_b
K_h
D
D_star
x
psi
phi
upsilon
mu
mu_star
R_star
Y_star
chi_h
chi_b
Ynet
cryp
DC
m
gam
trs
Lambda1
mu_cryp
x_c
logY
logI
logL
logC
logEX
logM
logD
logD_star
logN
spread
logDC
logm
leverage
TB
logcryp
Relation 1
Colinear equations
    46    47

Relation 2
Colinear equations
    46    47

MODEL_DIAGNOSTICS:  The presence of a singularity problem typically indicates that there is one
MODEL_DIAGNOSTICS:  redundant equation entered in the model block, while another non-redundant equation
MODEL_DIAGNOSTICS:  is missing. The problem often derives from Walras Law.

MODEL SUMMARY

  Number of variables:         65
  Number of stochastic shocks: 6
  Number of state variables:   15
  Number of jumpers:           7
  Number of static variables:  44


MATRIX OF COVARIANCE OF EXOGENOUS SHOCKS
Variables               varepsilon_R      varepsilon_A  varepsilon_Rstar  varepsilon_Ystar            eps_Rc               vol
varepsilon_R                0.000006          0.000000          0.000000          0.000000          0.000000          0.000000
varepsilon_A                0.000000          0.000100          0.000000          0.000000          0.000000          0.000000
varepsilon_Rstar            0.000000          0.000000          0.000006          0.000000          0.000000          0.000000
varepsilon_Ystar            0.000000          0.000000          0.000000          0.000000          0.000000          0.000000
eps_Rc                      0.000000          0.000000          0.000000          0.000000          0.000000          0.000000
vol                         0.000000          0.000000          0.000000          0.000000          0.000000          0.000000

POLICY AND TRANSITION FUNCTIONS
                                logY           logPi            logR               R            logI            logL            logC           logEX            logM            logD       logD_star            logN          spread           logDC            logm        leverage              TB         logcryp            R_dc
Constant                    1.078514               0        0.014889        1.015000       -0.934265       -1.318428        0.715610       -0.714686       -0.772936        2.180622        0.165461        1.317398       -5.315441        0.771785        0.756338        1.378249        0.027690        0.027751        1.000000
R(-1)                      -5.615939       -1.298943        0.221874        0.225202       -2.874950       -7.778934       -7.347845       -1.644727       -8.727184       -7.378577       -3.414552      -13.601462       22.032139      -22.993255        9.598312        5.303191        3.224115       -0.739802       -3.123923
K(-1)                       0.005839       -0.004923       -0.000629       -0.000638       -0.027618       -0.007898        0.006272        0.019058       -0.029589       -0.032091       -0.011577       -0.093973        0.243750       -0.020913        0.035716        0.051948        0.022986        0.003292       -0.005351
K_b(-1)                     0.002253        0.001296        0.000819        0.000831        0.030737        0.004355        0.002132        0.005869       -0.000063        0.185683       -0.000025        0.334484       -0.555556        0.014056       -0.010783       -0.138947        0.002901       -0.002709        0.002316
D(-1)                      -0.002242       -0.001290       -0.000815       -0.000827       -0.030589       -0.004334       -0.002122       -0.005840        0.000062       -0.184788        0.000024       -0.332873        0.552878       -0.013988        0.010731        0.138277       -0.002887        0.002696       -0.002305
D_star(-1)                 -0.036816       -0.004077        0.000726        0.000737       -0.075043       -0.039784       -0.056360        0.036555       -0.089600       -0.392596        0.825766       -0.474083        0.766846       -0.128463        0.021737        0.189587        0.059252       -0.004384       -0.014395
A(-1)                       0.259630       -0.304653       -0.053404       -0.054205        1.311886       -0.620468       -0.085862        0.937857       -1.765147        1.401443       -0.690622        2.036864       -2.295343       -1.893840        1.872430       -0.651295        1.273827        0.212874       -0.355515
R_star(-1)                 -0.300597        0.568118        0.489695        0.497041       -3.744809        0.730160       -0.973277        4.752884       -3.779337       -6.318945       -0.478683       -9.369602       12.867443        2.748167       -5.004120        3.461998        4.070557       -1.682491        0.706873
Y_star(-1)                  0.728506        0.113379        0.013672        0.013878        0.106804        0.851413        0.702090        1.421820        1.587618        0.551067       -0.141590        0.856910       -1.392371        2.365792       -1.099931       -0.362931       -0.037171       -0.045157        0.329679
P_c(-1)                    -0.010129       -0.000945       -0.001305       -0.001325        0.035881       -0.017138       -0.011408       -0.016089       -0.006761        0.666219       -0.002645        0.087134       -0.559071       -0.030576        0.009354        0.111089       -0.004752       -3.174260       -0.003718
R_dc(-1)                    0.073776        0.006722        0.002060        0.002091       -0.014210        0.095655        0.110463       -0.005994        0.133533       -0.009264        0.052245        0.003049       -0.011232        0.648349       -0.472142       -0.004558       -0.064579       -0.007069        0.106861
theta_c(-1)                -0.002395       -0.000223       -0.000190       -0.000193        0.000445       -0.003585       -0.002652       -0.001831       -0.002948        0.078189       -0.001154        0.000376       -0.038263       -0.007143        0.002213        0.012180        0.000465       -0.490129       -0.000879
cryp(-1)                   -0.002209       -0.001271       -0.000803       -0.000815       -0.030137       -0.004269       -0.002090       -0.005754        0.000061       -0.182057        0.000024       -0.327953        0.544708       -0.013782        0.010573        0.136234       -0.002844        0.002656       -0.002271
R_c(-1)                    -0.002271       -0.001307       -0.000825       -0.000838       -0.030985       -0.004390       -0.002149       -0.005916        0.000063       -0.187180        0.000025       -0.337182        0.560035       -0.014169        0.010870        0.140067       -0.002924        0.002730       -0.002335
epsilon(-1)                 0.418062        0.096193       -0.017105       -0.017362        0.194837        0.578280        0.547518        0.119060        0.651980        0.430811        0.255090        0.799200       -1.285661        1.708533       -0.710023       -0.306075       -0.242729        0.057021        0.231862
varepsilon_R               -7.100412       -1.633760        0.290519        0.294877       -3.309137       -9.821572       -9.299102       -2.022126      -11.073304       -7.316938       -4.332482      -13.573700       21.835810      -29.017915       12.059117        5.198419        4.122537       -0.968450       -3.937977
varepsilon_A                0.288478       -0.338504       -0.059338       -0.060228        1.457651       -0.689409       -0.095402        1.042063       -1.961275        1.557159       -0.767358        2.263182       -2.550381       -2.104267        2.080478       -0.723661        1.415363        0.236527       -0.395017
varepsilon_Rstar           -0.286477        0.636504        0.543169        0.551317       -4.064036        0.862640       -1.008672        5.233799       -4.083611       -6.514305       -1.597732       -9.798744       13.307348        3.219333       -5.588190        3.601954        4.446361       -1.863776        0.803995
varepsilon_Ystar            0.809451        0.125977        0.015192        0.015419        0.118671        0.946015        0.780100        1.579800        1.764020        0.612296       -0.157322        0.952122       -1.547078        2.628657       -1.222145       -0.403256       -0.041302       -0.050174        0.366310
vol                        -0.002521       -0.000235       -0.000200       -0.000203        0.000469       -0.003773       -0.002791       -0.001928       -0.003104        0.082304       -0.001214        0.000396       -0.040276       -0.007519        0.002329        0.012822        0.000490       -0.515925       -0.000925


THEORETICAL MOMENTS
VARIABLE          MEAN  STD. DEV.   VARIANCE
logY            1.0785     0.0430     0.0018
logPi           0.0000     0.0062     0.0000
logR            0.0149     0.0044     0.0000
R               1.0150     0.0045     0.0000
logI           -0.9343     0.0478     0.0023
logL           -1.3184     0.0386     0.0015
logC            0.7156     0.0492     0.0024
logEX          -0.7147     0.0431     0.0019
logM           -0.7729     0.0486     0.0024
logD            2.1806     0.0738     0.0055
logD_star       0.1655     0.2009     0.0404
logN            1.3174     0.1238     0.0153
spread         -5.3154     0.1752     0.0307
logDC           0.7718     0.1164     0.0135
logm            0.7563     0.0475     0.0023
leverage        1.3782     0.0455     0.0021
TB              0.0277     0.0361     0.0013
logcryp         0.0278     0.0156     0.0002
R_dc            1.0000     0.0145     0.0002



VARIANCE DECOMPOSITION (in percent)
                 varepsilon_R      varepsilon_A  varepsilon_Rstar  varepsilon_Ystar            eps_Rc               vol
logY                    19.76             75.81              4.43              0.00              0.00              0.00
logPi                   50.01             35.52             14.47              0.00              0.00              0.00
logR                     3.22             37.19             59.59              0.00              0.00              0.00
R                        3.22             37.19             59.59              0.00              0.00              0.00
logI                     4.66             71.23             24.11              0.00              0.00              0.00
logL                    47.11             50.40              2.49              0.00              0.00              0.00
logC                    25.95             65.05              9.00              0.00              0.00              0.00
logEX                    4.46             57.37             38.16              0.00              0.00              0.00
logM                    39.12             19.29             41.59              0.00              0.00              0.00
logD                    30.91             41.61             27.48              0.00              0.00              0.00
logD_star               16.75              1.92             81.33              0.00              0.00              0.00
logN                    52.61             24.83             22.56              0.00              0.00              0.00
spread                  69.98             11.61             18.41              0.00              0.00              0.00
logDC                   47.05             51.05              1.90              0.00              0.00              0.00
logm                    53.50             23.99             22.51              0.00              0.00              0.00
leverage                65.28             13.79             20.93              0.00              0.00              0.00
TB                      12.46             30.24             57.30              0.00              0.00              0.00
logcryp                  2.93             41.69             55.38              0.00              0.00              0.00
R_dc                    56.94             40.58              2.48              0.00              0.00              0.00



MATRIX OF CORRELATIONS
Variables         logY      logPi       logR          R       logI       logL       logC      logEX       logM       logD  logD_star       logN     spread      logDC       logm   leverage         TB    logcryp       R_dc
logY            1.0000     0.0796    -0.7457    -0.7457     0.8506     0.9144     0.9862     0.5910     0.4447     0.7631    -0.0387     0.6531    -0.5120     0.9068    -0.2769    -0.5395     0.0687     0.7664     0.7953
logPi           0.0796     1.0000     0.3360     0.3360    -0.3466     0.4681     0.1558     0.0577     0.4448    -0.1467     0.0337    -0.0749    -0.0244     0.4871    -0.9566     0.0183    -0.2429    -0.3489     0.6639
logR           -0.7457     0.3360     1.0000     1.0000    -0.8943    -0.5673    -0.7739    -0.0456    -0.5605    -0.7457    -0.1510    -0.6844     0.5479    -0.5325    -0.2582     0.5886     0.3219    -0.9986    -0.3472
R              -0.7457     0.3360     1.0000     1.0000    -0.8943    -0.5673    -0.7739    -0.0456    -0.5605    -0.7457    -0.1510    -0.6844     0.5479    -0.5325    -0.2582     0.5886     0.3219    -0.9986    -0.3472
logI            0.8506    -0.3466    -0.8943    -0.8943     1.0000     0.6256     0.8244     0.3555     0.3475     0.8605    -0.0229     0.7538    -0.6317     0.6028     0.1806    -0.6590    -0.0084     0.9092     0.4232
logL            0.9144     0.4681    -0.5673    -0.5673     0.6256     1.0000     0.9437     0.4833     0.6309     0.6322     0.0026     0.5686    -0.4847     0.9982    -0.6114    -0.4926    -0.1099     0.5773     0.9658
logC            0.9862     0.1558    -0.7739    -0.7739     0.8244     0.9437     1.0000     0.4690     0.5839     0.7675    -0.0381     0.6556    -0.5240     0.9342    -0.3199    -0.5489    -0.0891     0.7890     0.8302
logEX           0.5910     0.0577    -0.0456    -0.0456     0.3555     0.4833     0.4690     1.0000    -0.3743     0.2739     0.0252     0.2652    -0.1680     0.5019    -0.3192    -0.1865     0.8170     0.0830     0.4847
logM            0.4447     0.4448    -0.5605    -0.5605     0.3475     0.6309     0.5839    -0.3743     1.0000     0.4269    -0.0196     0.3673    -0.3645     0.6125    -0.3646    -0.3565    -0.8405     0.5379     0.5934
logD            0.7631    -0.1467    -0.7457    -0.7457     0.8605     0.6322     0.7675     0.2739     0.4269     1.0000    -0.0350     0.9120    -0.8438     0.6215     0.0079    -0.8599    -0.1054     0.7588     0.4883
logD_star      -0.0387     0.0337    -0.1510    -0.1510    -0.0229     0.0026    -0.0381     0.0252    -0.0196    -0.0350     1.0000     0.3592    -0.3843    -0.0218    -0.0242    -0.4022     0.0269     0.1199    -0.0063
logN            0.6531    -0.0749    -0.6844    -0.6844     0.7538     0.5686     0.6556     0.2652     0.3673     0.9120     0.3592     1.0000    -0.9720     0.5516    -0.0482    -0.9856    -0.0735     0.6834     0.4509
spread         -0.5120    -0.0244     0.5479     0.5479    -0.6317    -0.4847    -0.5240    -0.1680    -0.3645    -0.8438    -0.3843    -0.9720     1.0000    -0.4695     0.1146     0.9968     0.1286    -0.5402    -0.4060
logDC           0.9068     0.4871    -0.5325    -0.5325     0.6028     0.9982     0.9342     0.5019     0.6125     0.6215    -0.0218     0.5516    -0.4695     1.0000    -0.6369    -0.4763    -0.0877     0.5440     0.9745
logm           -0.2769    -0.9566    -0.2582    -0.2582     0.1806    -0.6114    -0.3199    -0.3192    -0.3646     0.0079    -0.0242    -0.0482     0.1146    -0.6369     1.0000     0.0788     0.0402     0.2602    -0.7937
leverage       -0.5395     0.0183     0.5886     0.5886    -0.6590    -0.4926    -0.5489    -0.1865    -0.3565    -0.8599    -0.4022    -0.9856     0.9968    -0.4763     0.0788     1.0000     0.1127    -0.5821    -0.4009
TB              0.0687    -0.2429     0.3219     0.3219    -0.0084    -0.1099    -0.0891     0.8170    -0.8405    -0.1054     0.0269    -0.0735     0.1286    -0.0877     0.0402     0.1127     1.0000    -0.2860    -0.0859
logcryp         0.7664    -0.3489    -0.9986    -0.9986     0.9092     0.5773     0.7890     0.0830     0.5379     0.7588     0.1199     0.6834    -0.5402     0.5440     0.2602    -0.5821    -0.2860     1.0000     0.3554
R_dc            0.7953     0.6639    -0.3472    -0.3472     0.4232     0.9658     0.8302     0.4847     0.5934     0.4883    -0.0063     0.4509    -0.4060     0.9745    -0.7937    -0.4009    -0.0859     0.3554     1.0000



COEFFICIENTS OF AUTOCORRELATION
Order             1       2       3       4       5
logY         0.8534  0.7546  0.6835  0.6261  0.5763
logPi        0.4372  0.2179  0.1370  0.1045  0.0885
logR         0.9150  0.8309  0.7527  0.6815  0.6170
R            0.9150  0.8309  0.7527  0.6815  0.6170
logI         0.9067  0.8123  0.7239  0.6435  0.5710
logL         0.6357  0.4656  0.3874  0.3439  0.3137
logC         0.8073  0.6925  0.6200  0.5662  0.5213
logEX        0.9107  0.8285  0.7539  0.6863  0.6252
logM         0.5991  0.4075  0.3160  0.2631  0.2255
logD         0.9178  0.8437  0.7764  0.7152  0.6594
logD_star    0.9968  0.9906  0.9830  0.9744  0.9652
logN         0.9229  0.8538  0.7909  0.7335  0.6808
spread       0.9193  0.8475  0.7823  0.7227  0.6679
logDC        0.6577  0.4749  0.3903  0.3449  0.3144
logm         0.5329  0.2653  0.1568  0.1128  0.0919
leverage     0.9240  0.8548  0.7914  0.7333  0.6798
TB           0.7890  0.6600  0.5736  0.5066  0.4501
logcryp      0.9182  0.8356  0.7583  0.6876  0.6235
R_dc         0.5743  0.3485  0.2545  0.2128  0.1899
Total computing time : 0h00m00s
