Starting Dynare (version 5.1).
Calling Dynare with arguments: none
Starting preprocessing of the model file ...
Found 65 equation(s).
Evaluating expressions...done
Computing static model derivatives (order 1).
Computing dynamic model derivatives (order 1).
Processing outputs ...
done
Preprocessing completed.


STEADY-STATE RESULTS:

mc        		 0.888889
Pi        		 1
Z         		 0.0396731
w         		 5.05334
R         		 1.015
epsilon   		 1.04496
Q         		 1
Y         		 2.87997
M         		 0.440969
L         		 0.263427
C         		 1.95526
I         		 0.38716
K         		 19.358
EX        		 0.512523
N         		 3.71493
K_b       		 14.8339
K_h       		 4.5241
D         		 5.52362
D_star    		 4.49011
x         		 0.316301
psi       		 1.60121
phi       		 3.99305
upsilon   		 1.56514
mu        		 0.00720594
mu_star   		 0.00613001
A         		 1
R_star    		 1.01102
Y_star    		 0.490472
Phi       		 0
Theta     		 0.401
chi_h     		 0.0104145
chi_b     		 0.0146182
Ynet      		 2.39414
P_c       		 1
R_dc      		 1
theta_c   		 1
cryp      		 0.918001
DC        		 1.78901
m         		 1.75647
R_c       		 1
Lambda    		 0.985222
gam       		 0.0272747
trs       		 0.495411
Lambda1   		 1.0178
sigma_Rc  		 0
mu_cryp   		 0.0231302
x_c       		 0.0618852
DE        		 1
logY      		 1.05778
logPi     		 0
logR      		 0.0148886
logI      		 -0.948916
logL      		 -1.33398
logC      		 0.670521
logEX     		 -0.66841
logM      		 -0.81878
logD      		 1.70903
logD_star 		 1.50188
logN      		 1.31236
spread    		 0.00467308
logDC     		 0.58166
logm      		 0.563305
leverage  		 1.38456
TB        		 0.0715536
logcryp   		 -0.0855572

EIGENVALUES:
         Modulus             Real        Imaginary

       2.433e-16        2.433e-16                0
       6.155e-16       -6.155e-16                0
       4.614e-15       -4.614e-15                0
       1.446e-08        4.743e-15        1.446e-08
       1.446e-08        4.743e-15       -1.446e-08
          0.1256           0.1256                0
          0.3521           0.3521                0
             0.9              0.9                0
             0.9              0.9                0
           0.936            0.936                0
            0.95             0.95                0
            0.95             0.95                0
            0.95             0.95                0
          0.9761           0.9761                0
          0.9838           0.9838                0
           1.025            1.025                0
           1.041            1.041                0
           1.071            1.071                0
           1.184            1.184                0
            1.56             1.56                0
       1.531e+16       -1.531e+16                0
       1.844e+18       -1.844e+18                0


There are 7 eigenvalue(s) larger than 1 in modulus 
for 7 forward-looking variable(s)

The rank condition is verified.

MODEL_DIAGNOSTICS:  The Jacobian of the static model is singular
MODEL_DIAGNOSTICS:  there is 2 colinear relationships between the variables and the equations
Relation 1
Colinear variables:
Z
w
epsilon
Y
M
L
C
I
K
EX
N
K_b
K_h
D
D_star
x
psi
phi
upsilon
mu
mu_star
R_star
Y_star
chi_h
chi_b
Ynet
cryp
DC
m
gam
trs
Lambda1
mu_cryp
x_c
logY
logI
logL
logC
logEX
logM
logD
logD_star
logN
spread
logDC
logm
leverage
TB
logcryp
Relation 2
Colinear variables:
Z
w
epsilon
Y
M
L
C
I
K
EX
N
K_b
K_h
D
D_star
x
psi
phi
upsilon
mu
mu_star
R_star
Y_star
chi_h
chi_b
Ynet
cryp
DC
m
gam
trs
Lambda1
mu_cryp
x_c
logY
logI
logL
logC
logEX
logM
logD
logD_star
logN
spread
logDC
logm
leverage
TB
logcryp
Relation 1
Colinear equations
    46    47

Relation 2
Colinear equations
    46    47

MODEL_DIAGNOSTICS:  The presence of a singularity problem typically indicates that there is one
MODEL_DIAGNOSTICS:  redundant equation entered in the model block, while another non-redundant equation
MODEL_DIAGNOSTICS:  is missing. The problem often derives from Walras Law.

MODEL SUMMARY

  Number of variables:         65
  Number of stochastic shocks: 6
  Number of state variables:   15
  Number of jumpers:           7
  Number of static variables:  44


MATRIX OF COVARIANCE OF EXOGENOUS SHOCKS
Variables               varepsilon_R      varepsilon_A  varepsilon_Rstar  varepsilon_Ystar            eps_Rc               vol
varepsilon_R                0.000006          0.000000          0.000000          0.000000          0.000000          0.000000
varepsilon_A                0.000000          0.000100          0.000000          0.000000          0.000000          0.000000
varepsilon_Rstar            0.000000          0.000000          0.000006          0.000000          0.000000          0.000000
varepsilon_Ystar            0.000000          0.000000          0.000000          0.000000          0.000000          0.000000
eps_Rc                      0.000000          0.000000          0.000000          0.000000          0.000000          0.000000
vol                         0.000000          0.000000          0.000000          0.000000          0.000000          0.000000

POLICY AND TRANSITION FUNCTIONS
                                  mc              Pi               Z               w               R         epsilon               Q               Y               M               L               C               I               K              EX               N             K_b             K_h               D          D_star               x             psi             phi         upsilon              mu         mu_star               A          R_star          Y_star             Phi           Theta           chi_h           chi_b            Ynet             P_c            R_dc         theta_c            cryp              DC               m             R_c          Lambda             gam             trs         Lambda1        sigma_Rc         mu_cryp             x_c              DE            logY           logPi            logR            logI            logL            logC           logEX            logM            logD       logD_star            logN          spread           logDC            logm        leverage              TB         logcryp
Constant                    0.888889        1.000000        0.039673        5.053339        1.015000        1.044960        1.000000        2.879972        0.440969        0.263427        1.955255        0.387160       19.358024        0.512523        3.714933       14.833927        4.524097        5.523623        4.490113        0.316301        1.601215        3.993054        1.565142        0.007206        0.006130        1.000000        1.011025        0.490472               0        0.401000        0.010415        0.014618        2.394143        1.000000        1.000000        1.000000        0.918001        1.789006        1.756468        1.000000        0.985222        0.027275        0.495411        1.017805               0        0.023130        0.061885        1.000000        1.057780               0        0.014889       -0.948916       -1.333978        0.670521       -0.668410       -0.818780        1.709034        1.501879        1.312361        0.004673        0.581660        0.563305        1.384556        0.071554       -0.085557
R(-1)                      -3.842364       -1.207455       -0.374497      -11.925343        0.269597       -1.530531       -1.875577      -14.736572       -3.516686       -1.864981      -13.219266       -1.089224       -1.089224       -0.750682      -37.110863      -65.360578       64.271354      -44.681849       -3.516686        1.275910        5.937166       14.805900        5.128242        0.139902        0.003492               0               0               0               0               0        0.296493        0.026108      -10.709458               0       -2.879145               0       -0.816873      -41.922277       20.634683               0       -0.727405        3.171312        8.794537        0.973428               0        0.485365        0.333678       -2.672134       -5.116916       -1.207455        0.265613       -2.813365       -7.079681       -6.760890       -1.464679       -7.974896       -8.089228       -0.783206       -9.989646        0.078866      -23.433281       11.747830        3.707914        2.766004       -0.889839
K(-1)                      -0.013377       -0.004620       -0.002359       -0.009852       -0.000402        0.022068       -0.021556        0.020883       -0.012751       -0.001541        0.014815       -0.012519        0.967481        0.010824       -0.447416       -0.533024        1.500506       -0.492095       -0.012751        0.023965        0.100794        0.251356        0.088059        0.002591        0.000237               0               0               0               0               0        0.006388        0.001375        0.016714               0       -0.004599               0        0.002337       -0.034997        0.066228               0       -0.001647        0.002796        0.014316       -0.027481               0        0.000691        0.003715        0.016498        0.007251       -0.004620       -0.000396       -0.032334       -0.005849        0.007577        0.021118       -0.028917       -0.089089       -0.002840       -0.120437        0.001425       -0.019562        0.037705        0.062948        0.023575        0.002546
K_b(-1)                     0.001458        0.000445        0.000149        0.004736        0.000172        0.000167        0.024683        0.006071        0.001582        0.000741        0.006845        0.014334        0.014334        0.000082        1.301988        2.666195       -2.651861        1.725352        0.001582       -0.064496       -0.233866       -0.583207       -0.205853       -0.005355       -0.000987               0               0               0               0               0       -0.012217       -0.002973        0.019534               0        0.001114               0       -0.000383        0.018038       -0.006686               0       -0.000004       -0.000791       -0.003472       -0.002597               0       -0.002781       -0.012676        0.000605        0.002108        0.000445        0.000170        0.037024        0.002811        0.003501        0.000160        0.003589        0.312359        0.000352        0.350474       -0.002858        0.010083       -0.003806       -0.146055       -0.001500       -0.000418
D(-1)                      -0.001452       -0.000443       -0.000148       -0.004714       -0.000171       -0.000166       -0.024569       -0.006043       -0.001575       -0.000737       -0.006813       -0.014269       -0.014269       -0.000082       -1.296021       -2.653976        2.639707       -1.717445       -0.001575        0.064200        0.232794        0.580534        0.204910        0.005330        0.000983               0               0               0               0               0        0.012161        0.002960       -0.019444               0       -0.001109               0        0.000382       -0.017955        0.006655               0        0.000004        0.000787        0.003456        0.002585               0        0.002768        0.012618       -0.000602       -0.002098       -0.000443       -0.000169       -0.036854       -0.002799       -0.003485       -0.000159       -0.003572       -0.310927       -0.000351       -0.348868        0.002845       -0.010036        0.003789        0.145386        0.001494        0.000416
D_star(-1)                 -0.009020       -0.001868       -0.001627       -0.051813        0.001851        0.043470       -0.055966       -0.088892       -0.036430       -0.008103       -0.106867       -0.032502       -0.032502        0.021321       -1.982425       -3.740652        3.708151       -3.782141        0.974595        0.179276        0.361077        0.900442        0.317200        0.007782        0.003915               0               0               0               0               0        0.017090        0.012066       -0.099149               0       -0.009943               0       -0.007812       -0.199625        0.015005               0       -0.001923        0.014062        0.030029        0.057935               0        0.007500        0.018542        0.039732       -0.030865       -0.001868        0.001824       -0.083949       -0.030760       -0.054656        0.041599       -0.082613       -0.684721        0.217054       -0.533637        0.004109       -0.111585        0.008542        0.225502        0.057750       -0.008510
A(-1)                      -0.710580       -0.240872       -0.005293       -0.168535       -0.017654        1.207285        0.962921        1.918055       -0.568297       -0.026357        0.774664        0.559208        0.559208        0.592139        6.537230        4.692822       -4.133614        7.526301       -0.568298       -0.079235       -0.769285       -1.918416       -0.674206       -0.016835        0.001164        0.950000               0               0               0               0       -0.019332        0.011377        1.987483               0       -0.170881               0        0.097571       -1.097169        2.664318               0       -0.086564        0.097229        0.532492       -1.088779               0       -0.036785       -0.072591        0.914469        0.665998       -0.240872       -0.017393        1.444382       -0.100054        0.396196        1.155341       -1.288746        1.362566       -0.126566        1.759717       -0.008494       -0.613284        1.516862       -0.480438        1.160436        0.106286
R_star(-1)                  0.962361        0.560799       -0.000740       -0.023550        0.573927        6.331713       -4.171624       -3.171705       -2.680181       -0.003683       -4.906536       -2.422632       -2.422632        3.105525      -85.361814     -145.249737      142.827105     -149.847872        1.809932        6.460682       14.434427       35.996078       12.512832        0.316065        0.116855               0        0.900000               0               0               0        0.658882        0.393056       -4.215053               0        0.505313               0       -1.849975        1.333756      -10.754593               0       -0.182065        0.685201       -1.716951        4.653345               0        1.056841        0.739412        6.620087       -1.101297        0.560799        0.565445       -6.257436       -0.013981       -2.509409        6.059288       -6.077929      -27.128547        0.403093      -22.978023        0.168473        0.745529       -6.122853        9.014674        5.785706       -2.015222
Y_star(-1)                  0.341449        0.108498        0.043444        1.383404        0.010299       -0.503541        0.104878        2.047405        0.695373        0.216348        1.359964        0.060907        0.060907        0.693491        4.865821        8.990264       -8.929358        8.158147       -0.204627       -0.391704       -0.958906       -2.391287       -0.855583       -0.018940       -0.009202               0               0        0.900000               0               0       -0.041144       -0.025813        1.609772               0        0.318779               0       -0.028981        4.584390       -2.418802               0        0.032587       -0.276731       -0.984822       -0.014540               0        0.003002       -0.045950       -0.373378        0.710911        0.108498        0.010147        0.157317        0.821281        0.695543        1.353093        1.576918        1.476956       -0.045573        1.309801       -0.009883        2.562535       -1.377083       -0.598862       -0.001881       -0.031570
P_c(-1)                    -0.011178       -0.001537       -0.000864       -0.027499       -0.001650       -0.018667        0.024831       -0.026472       -0.001721       -0.004301       -0.017734        0.014420        0.014420       -0.009156        0.399551        2.355282       -2.340862        5.319337       -0.001721       -0.063847        0.121781        0.303692       -0.182095       -0.004751       -0.033344               0               0               0               0               0       -0.010785       -0.003218       -0.002439               0       -0.004306               0       -2.912863       -0.062806        0.034839       -1.000000        0.002222        0.000887        0.013734       -0.005254               0        1.536814       -0.207728       -0.019401       -0.009192       -0.001537       -0.001625        0.037247       -0.016325       -0.009070       -0.017864       -0.003903        0.963016       -0.000383        0.107553       -0.002548       -0.035107        0.019835        0.076055       -0.007435       -3.173051
R_dc(-1)                    0.037693        0.005379        0.003998        0.127315        0.001651       -0.005399       -0.007219        0.168112        0.046718        0.019911        0.175287       -0.004193       -0.004193       -0.002648        0.012853        0.103084       -0.107276       -0.036152        0.046718        0.001742       -0.005973       -0.014895       -0.005849       -0.000144        0.000016               0               0               0               0               0       -0.000492        0.000157        0.122009               0        0.101336               0       -0.005131        1.218988       -0.996361               0       -0.003500       -0.090511       -0.312131        0.008955               0        0.002421       -0.000329        0.000212        0.058373        0.005379        0.001626       -0.010829        0.075583        0.089649       -0.005166        0.105943       -0.006545        0.010405        0.003460       -0.000059        0.681377       -0.567253       -0.003730       -0.049366       -0.005589
theta_c(-1)                -0.001937       -0.000227       -0.000177       -0.005632       -0.000172       -0.001524        0.000259       -0.006562       -0.001323       -0.000881       -0.005024        0.000150        0.000150       -0.000748        0.006191        0.158679       -0.158529        0.614349       -0.001323       -0.004020        0.014875        0.037094       -0.033314       -0.000408       -0.005137               0               0               0               0               0       -0.000730       -0.000211       -0.003567       -0.154393       -0.000856        0.950000       -0.450005       -0.013711        0.005421       -0.154393        0.000314        0.000488        0.002687        0.000138               0        0.237322       -0.031014       -0.001686       -0.002279       -0.000227       -0.000169        0.000389       -0.003344       -0.002569       -0.001458       -0.003000        0.111222       -0.000295        0.001667       -0.000166       -0.007664        0.003086        0.009290        0.000575       -0.490201
cryp(-1)                   -0.001430       -0.000436       -0.000146       -0.004644       -0.000169       -0.000164       -0.024206       -0.005954       -0.001552       -0.000726       -0.006713       -0.014058       -0.014058       -0.000080       -1.276868       -2.614755        2.600697       -1.692064       -0.001552        0.063251        0.229354        0.571955        0.201882        0.005251        0.000968               0               0               0               0               0        0.011981        0.002916       -0.019157               0       -0.001092               0        0.000376       -0.017690        0.006557               0        0.000004        0.000776        0.003405        0.002547               0        0.002727        0.012432       -0.000593       -0.002067       -0.000436       -0.000166       -0.036310       -0.002757       -0.003433       -0.000157       -0.003519       -0.306332       -0.000346       -0.343712        0.002803       -0.009888        0.003733        0.143237        0.001471        0.000410
R_c(-1)                    -0.001313       -0.000400       -0.000134       -0.004264       -0.000155       -0.000151       -0.022221       -0.005465       -0.001425       -0.000667       -0.006162       -0.012905       -0.012905       -0.000074       -1.172166       -2.400346        2.387442       -1.553316       -0.001425        0.058065        0.210547        0.525055        0.185328        0.004821        0.000889               0               0               0               0               0        0.010999        0.002677       -0.017586               0       -0.001003               0        0.000345       -0.016239        0.006019               0        0.000004        0.000712        0.003126        0.002338               0        0.002503        0.011412       -0.000544       -0.001898       -0.000400       -0.000153       -0.033332       -0.002531       -0.003152       -0.000144       -0.003231       -0.281213       -0.000317       -0.315528        0.002573       -0.009077        0.003427        0.131492        0.001351        0.000376
sigma_Rc(-1)                       0               0               0               0               0               0               0               0               0               0               0               0               0               0               0               0               0               0               0               0               0               0               0               0               0               0               0               0               0               0               0               0               0               0               0               0               0               0               0               0               0               0               0               0        0.950000               0               0               0               0               0               0               0               0               0               0               0               0               0               0               0               0               0               0               0               0
epsilon(-1)                 0.279339        0.087787        0.027223        0.866889       -0.019708        0.111433        0.126895        1.071159        0.255565        0.135571        0.960318        0.073693        0.073693        0.054655        2.189710        3.709335       -3.635642        2.574182        0.255565       -0.067498       -0.340230       -0.848454       -0.292355       -0.008079        0.000135               0               0               0               0               0       -0.016778       -0.000729        0.772472               0        0.209305               0        0.059660        3.046906       -1.500592               0        0.052993       -0.230717       -0.639309       -0.069889               0       -0.034261       -0.019306       -0.762549        0.371934        0.087787       -0.019417        0.190342        0.514643        0.491147        0.106638        0.579552        0.466031        0.056917        0.589435       -0.004617        1.703128       -0.854324       -0.212482       -0.200910        0.064989
varepsilon_R               -4.864976       -1.528902       -0.474121      -15.097730        0.343235       -1.940712       -2.209997      -18.655302       -4.450919       -2.361104      -16.724901       -1.283435       -1.283435       -0.951864      -38.135990      -64.601779       63.318344      -44.831946       -4.450919        1.175538        5.925445       14.776671        5.091650        0.140698       -0.002355               0               0               0               0               0        0.292209        0.012689      -13.453373               0       -3.645261               0       -1.039042      -53.064916       26.134304               0       -0.922923        4.018165       11.134206        1.217188               0        0.596697        0.336231       -3.386114       -6.477599       -1.528902        0.338162       -3.314996       -8.963023       -8.553819       -1.857212      -10.093485       -8.116402       -0.991271      -10.265593        0.080418      -29.661677       14.878899        3.700594        3.499055       -1.131854
varepsilon_A               -0.747979       -0.253550       -0.005571       -0.177405       -0.018584        1.270826        1.013601        2.019005       -0.598208       -0.027744        0.815436        0.588639        0.588639        0.623304        6.881295        4.939812       -4.351173        7.922422       -0.598208       -0.083405       -0.809774       -2.019386       -0.709690       -0.017721        0.001225        1.000000               0               0               0               0       -0.020350        0.011976        2.092087               0       -0.179874               0        0.102706       -1.154914        2.804545               0       -0.091120        0.102347        0.560517       -1.146083               0       -0.038721       -0.076411        0.962599        0.701050       -0.253550       -0.018309        1.520402       -0.105319        0.417048        1.216148       -1.356574        1.434280       -0.133228        1.852334       -0.008941       -0.645562        1.596696       -0.505725        1.221512        0.111880
varepsilon_Rstar            1.113801        0.632326        0.007207        0.229512        0.628562        6.820731       -4.358967       -3.085472       -2.798213        0.035893       -4.924361       -2.531430       -2.531430        3.345374      -85.063963     -142.929926      140.398496     -147.834239       -2.798213        6.293881       14.256477       35.552312       12.337889        0.312782        0.110521               0        1.000000               0               0               0        0.647759        0.377185       -4.194130               0        0.610525               0       -2.016977        2.467026      -12.023590               0       -0.192806        0.691945       -2.055906        4.884497               0        1.137260        0.730070        7.159592       -1.071355        0.632326        0.619273       -6.538451        0.136254       -2.518526        6.527266       -6.345594      -26.763998       -0.623194      -22.897846        0.166917        1.378993       -6.845324        8.903539        6.143587       -2.197141
varepsilon_Ystar            0.379388        0.120554        0.048271        1.537115        0.011443       -0.559490        0.116531        2.274894        0.772636        0.240386        1.511071        0.067674        0.067674        0.770546        5.406468        9.989183       -9.921508        9.064608       -0.227364       -0.435226       -1.065451       -2.656986       -0.950648       -0.021045       -0.010224               0               0        1.000000               0               0       -0.045715       -0.028682        1.788635               0        0.354199               0       -0.032202        5.093766       -2.687558               0        0.036208       -0.307479       -1.094246       -0.016155               0        0.003336       -0.051056       -0.414865        0.789902        0.120554        0.011274        0.174796        0.912535        0.772825        1.503436        1.752131        1.641062       -0.050637        1.455334       -0.010981        2.847261       -1.530093       -0.665402       -0.002090       -0.035078
eps_Rc                             0               0               0               0               0               0               0               0               0               0               0               0               0               0               0               0               0               0               0               0               0               0               0               0               0               0               0               0               0               0               0               0               0               0               0               0               0               0               0               0               0               0               0               0        0.030000               0               0               0               0               0               0               0               0               0               0               0               0               0               0               0               0               0               0               0               0
vol                        -0.002039       -0.000239       -0.000186       -0.005928       -0.000181       -0.001604        0.000273       -0.006908       -0.001392       -0.000927       -0.005288        0.000158        0.000158       -0.000787        0.006517        0.167031       -0.166872        0.646684       -0.001392       -0.004231        0.015657        0.039046       -0.035067       -0.000429       -0.005408               0               0               0               0               0       -0.000768       -0.000223       -0.003754       -0.162519       -0.000901        1.000000       -0.473689       -0.014432        0.005706       -0.162519        0.000330        0.000514        0.002829        0.000145               0        0.249813       -0.032647       -0.001774       -0.002399       -0.000239       -0.000178        0.000409       -0.003520       -0.002705       -0.001535       -0.003157        0.117076       -0.000310        0.001754       -0.000175       -0.008067        0.003249        0.009778        0.000606       -0.516001
[Warning: Aggregate variance and sum of variances by shocks differ by more than 0.01 %] 
[> In <a href="matlab:matlab.internal.language.introspective.errorDocCallback('th_autocovariances', 'C:\dynare\5.1\matlab\th_autocovariances.m', 206)" style="font-weight:bold">th_autocovariances</a> (<a href="matlab: opentoline('C:\dynare\5.1\matlab\th_autocovariances.m',206,0)">line 206</a>)
In <a href="matlab:matlab.internal.language.introspective.errorDocCallback('disp_th_moments', 'C:\dynare\5.1\matlab\disp_th_moments.m', 40)" style="font-weight:bold">disp_th_moments</a> (<a href="matlab: opentoline('C:\dynare\5.1\matlab\disp_th_moments.m',40,0)">line 40</a>)
In <a href="matlab:matlab.internal.language.introspective.errorDocCallback('stoch_simul', 'C:\dynare\5.1\matlab\stoch_simul.m', 210)" style="font-weight:bold">stoch_simul</a> (<a href="matlab: opentoline('C:\dynare\5.1\matlab\stoch_simul.m',210,0)">line 210</a>)
In <a href="matlab:matlab.internal.language.introspective.errorDocCallback('cdbc_flex.driver', 'D:\crypto2\crypto_liquidity\cdbc_flex_2\+cdbc_flex\driver.m', 834)" style="font-weight:bold">cdbc_flex.driver</a> (<a href="matlab: opentoline('D:\crypto2\crypto_liquidity\cdbc_flex_2\+cdbc_flex\driver.m',834,0)">line 834</a>)
In <a href="matlab:matlab.internal.language.introspective.errorDocCallback('dynare', 'C:\dynare\5.1\matlab\dynare.m', 281)" style="font-weight:bold">dynare</a> (<a href="matlab: opentoline('C:\dynare\5.1\matlab\dynare.m',281,0)">line 281</a>)
In <a href="matlab:matlab.internal.language.introspective.errorDocCallback('plotfile_sto', 'D:\crypto2\crypto_liquidity\plotfile_sto.m', 23)" style="font-weight:bold">plotfile_sto</a> (<a href="matlab: opentoline('D:\crypto2\crypto_liquidity\plotfile_sto.m',23,0)">line 23</a>)] 


THEORETICAL MOMENTS
VARIABLE          MEAN  STD. DEV.   VARIANCE
mc              0.8889     0.0159     0.0003
Pi              1.0000     0.0057     0.0000
Z               0.0397     0.0021     0.0000
w               5.0533     0.0861     0.0074
R               1.0150     0.0049     0.0000
epsilon         1.0450     0.0688     0.0047
Q               1.0000     0.0460     0.0021
Y               2.8800     0.1854     0.0344
M               0.4410     0.0253     0.0006
L               0.2634     0.0135     0.0002
C               1.9553     0.1427     0.0204
I               0.3872     0.0267     0.0007
K              19.3580     0.6198     0.3841
EX              0.5125     0.0338     0.0011
N               3.7149     0.6610     0.4369
K_b            14.8339     1.1859     1.4065
K_h             4.5241     1.0017     1.0034
D               5.5236     1.1084     1.2285
D_star          4.4901     0.1567     0.0245
x               0.3163     0.0450     0.0020
psi             1.6012     0.1026     0.0105
phi             3.9931     0.2559     0.0655
upsilon         1.5651     0.0891     0.0079
mu              0.0072     0.0022     0.0000
mu_star         0.0061     0.0009     0.0000
A               1.0000     0.0320     0.0010
R_star          1.0110     0.0057     0.0000
Y_star          0.4905     0.0000     0.0000
Phi             0.0000     0.0000     0.0000
Theta           0.4010     0.0000     0.0000
chi_h           0.0104     0.0046     0.0000
chi_b           0.0146     0.0029     0.0000
Ynet            2.3941     0.1564     0.0245
P_c             1.0000     0.0000     0.0000
R_dc            1.0000     0.0173     0.0003
theta_c         1.0000     0.0000     0.0000
cryp            0.9180     0.0167     0.0003
DC              1.7890     0.2988     0.0893
m               1.7565     0.1050     0.0110
R_c             1.0000     0.0000     0.0000
Lambda          0.9852     0.0036     0.0000
gam             0.0273     0.0234     0.0005
trs             0.4954     0.0526     0.0028
Lambda1         1.0178     0.0655     0.0043
sigma_Rc        0.0000     0.0000     0.0000
mu_cryp         0.0231     0.0086     0.0001
x_c             0.0619     0.0061     0.0000
DE              1.0000     0.0223     0.0005
logY            1.0578     0.0644     0.0041
logPi           0.0000     0.0057     0.0000
logR            0.0149     0.0049     0.0000
logI           -0.9489     0.0689     0.0048
logL           -1.3340     0.0511     0.0026
logC            0.6705     0.0730     0.0053
logEX          -0.6684     0.0659     0.0043
logM           -0.8188     0.0574     0.0033
logD            1.7090     0.2007     0.0403
logD_star       1.5019     0.0349     0.0012
logN            1.3124     0.1779     0.0317
spread          0.0047     0.0012     0.0000
logDC           0.5817     0.1670     0.0279
logm            0.5633     0.0598     0.0036
leverage        1.3846     0.0641     0.0041
TB              0.0716     0.0496     0.0025
logcryp        -0.0856     0.0182     0.0003



VARIANCE DECOMPOSITION (in percent)
                 varepsilon_R      varepsilon_A  varepsilon_Rstar  varepsilon_Ystar            eps_Rc               vol
mc                      69.47             26.21              4.32              0.00              0.00              0.00
Pi                      52.48             26.58             20.94              0.00              0.00              0.00
Z                       36.98             60.29              2.73              0.00              0.00              0.00
w                       22.82             70.92              6.26              0.00              0.00              0.00
R                        3.47             26.11             70.42              0.00              0.00              0.00
epsilon                  1.38             70.16             28.46              0.00              0.00              0.00
Q                        2.15             62.96             34.89              0.00              0.00              0.00
Y                        7.50             84.22              8.28              0.00              0.00              0.00
M                       23.55              6.98             69.48              0.00              0.00              0.00
L                       22.82             70.92              6.26              0.00              0.00              0.00
C                       10.22             72.12             17.66              0.00              0.00              0.00
I                        2.15             62.96             34.89              0.00              0.00              0.00
K                        0.60             71.12             28.28              0.00              0.00              0.00
EX                       1.38             70.16             28.46              0.00              0.00              0.00
N                       13.59             12.97             73.44              0.00              0.00              0.00
K_b                     19.04              7.30             73.66              0.00              0.00              0.00
K_h                     22.96              5.29             71.75              0.00              0.00              0.00
D                        4.73              6.95             88.32              0.00              0.00              0.00
D_star                  41.47              3.85             54.68              0.00              0.00              0.00
x                        2.35              0.41             97.24              0.00              0.00              0.00
psi                     16.20              3.63             80.17              0.00              0.00              0.00
phi                     16.20              3.63             80.17              0.00              0.00              0.00
upsilon                 16.56              3.53             79.91              0.00              0.00              0.00
mu                      19.30              3.38             77.33              0.00              0.00              0.00
mu_star                  2.69              2.29             95.02              0.00              0.00              0.00
A                        0.00            100.00              0.00              0.00              0.00              0.00
R_star                   0.00              0.00            100.00              0.00              0.00              0.00
Y_star                   0.00              0.00              0.00            100.00              0.00              0.00
Phi                      4.26             69.12             26.62              0.00              0.00              0.00
Theta                    9.80             20.07             70.12              0.00              0.00              0.00
chi_h                   23.20              3.03             73.76              0.00              0.00              0.00
chi_b                    2.76              8.37             88.87              0.00              0.00              0.00
Ynet                     5.56             83.52             10.92              0.00              0.00              0.00
P_c                      0.00              0.00              0.00              0.00              0.00            100.00
R_dc                    35.01             62.03              2.96              0.00              0.00              0.00
theta_c                  0.00              0.00              0.00              0.00              0.00            100.00
cryp                     2.79             32.13             65.08              0.00              0.00              0.00
DC                      24.45             69.63              5.92              0.00              0.00              0.00
m                       51.35             25.15             23.51              0.00              0.00              0.00
R_c                      0.00              0.00              0.00              0.00              0.00            100.00
Lambda                  45.82             24.08             30.10              0.00              0.00              0.00
gam                     22.69             61.40             15.92              0.00              0.00              0.00
trs                     35.44             61.61              2.95              0.00              0.00              0.00
Lambda1                  0.52             64.58             34.91              0.00              0.00              0.00
sigma_Rc                 0.00              0.04              0.00              0.00             99.96              0.00
mu_cryp                  3.72             21.71             74.57              0.00              0.00              0.00
x_c                     15.27             18.83             65.90              0.00              0.00              0.00
DE                      14.62             20.03             65.35              0.00              0.00              0.00
logY                     7.50             84.22              8.28              0.00              0.00              0.00
logPi                   52.48             26.58             20.94              0.00              0.00              0.00
logR                     3.47             26.11             70.42              0.00              0.00              0.00
logI                     2.15             62.96             34.89              0.00              0.00              0.00
logL                    22.82             70.92              6.26              0.00              0.00              0.00
logC                    10.22             72.12             17.66              0.00              0.00              0.00
logEX                    1.38             70.16             28.46              0.00              0.00              0.00
logM                    23.55              6.98             69.48              0.00              0.00              0.00
logD                     4.73              6.95             88.32              0.00              0.00              0.00
logD_star               41.47              3.85             54.68              0.00              0.00              0.00
logN                    13.59             12.97             73.44              0.00              0.00              0.00
spread                  19.96              3.40             76.64              0.00              0.00              0.00
logDC                   24.45             69.63              5.92              0.00              0.00              0.00
logm                    51.35             25.15             23.51              0.00              0.00              0.00
leverage                16.20              3.63             80.17              0.00              0.00              0.00
TB                       4.74             34.17             61.08              0.00              0.00              0.00
logcryp                  2.79             32.13             65.08              0.00              0.00              0.00



MATRIX OF CORRELATIONS
Variables           mc         Pi          Z          w          R    epsilon          Q          Y          M          L          C          I          K         EX          N        K_b        K_h          D     D_star          x        psi        phi    upsilon         mu    mu_star          A     R_star      chi_h      chi_b       Ynet       R_dc       cryp         DC          m     Lambda        gam        trs    Lambda1    mu_cryp        x_c         DE       logY      logPi       logR       logI       logL       logC      logEX       logM       logD  logD_star       logN     spread      logDC       logm   leverage         TB    logcryp
mc              1.0000     0.9449     0.4420     0.3351     0.0350     0.0044    -0.1628     0.0766     0.3925     0.3351     0.1280    -0.1628    -0.0325     0.0044    -0.0484     0.0080    -0.0296    -0.0840     0.1441     0.0854     0.0276     0.0276     0.0279     0.0115     0.1204    -0.2430     0.1669    -0.0272     0.0885     0.0227     0.5123    -0.0618     0.3669    -0.8083     0.5958    -0.3225    -0.5207     0.1910     0.0346     0.0576     0.2106     0.0766     0.9449     0.0350    -0.1628     0.3351     0.1280     0.0044     0.3925    -0.0840     0.1441    -0.0484    -0.0009     0.3669    -0.8083     0.0276    -0.1976    -0.0618
Pi              0.9449     1.0000     0.2592     0.1143     0.3576     0.0419    -0.4277    -0.1417     0.0876     0.1143    -0.1277    -0.4277    -0.2048     0.0419    -0.3503    -0.2807     0.2056    -0.3923     0.2211     0.3695     0.3156     0.3156     0.3150     0.2895     0.3692    -0.3510     0.4453     0.2196     0.3193    -0.2034     0.3319    -0.3794     0.1510    -0.7976     0.3059    -0.0582    -0.3464     0.4545     0.3580     0.3547     0.2623    -0.1417     1.0000     0.3576    -0.4277     0.1143    -0.1277     0.0419     0.0876    -0.3923     0.2211    -0.3503     0.2765     0.1510    -0.7976     0.3156    -0.0162    -0.3794
Z               0.4420     0.2592     1.0000     0.8887    -0.5489     0.5373     0.7205     0.8176     0.4380     0.8887     0.8053     0.7205     0.2456     0.5373     0.4285     0.2810    -0.1807     0.3300     0.0011    -0.1416    -0.3225    -0.3225    -0.3185    -0.3200     0.0312     0.6992    -0.1088    -0.1977     0.0774     0.7952     0.8944     0.5658     0.8847    -0.6692     0.7545    -0.8623    -0.8922    -0.5998    -0.5244    -0.4563     0.1302     0.8176     0.2592    -0.5489     0.7205     0.8887     0.8053     0.5373     0.4380     0.3300     0.0011     0.4285    -0.3280     0.8847    -0.6692    -0.3225     0.1421     0.5658
w               0.3351     0.1143     0.8887     1.0000    -0.6834     0.6329     0.7763     0.9651     0.4604     1.0000     0.9649     0.7763     0.6625     0.6329     0.5501     0.4636    -0.1389     0.4757    -0.1182    -0.2472    -0.3922    -0.3922    -0.3889    -0.3545    -0.0983     0.7693    -0.1765    -0.1861     0.0121     0.9486     0.9713     0.7153     0.9987    -0.6117     0.7934    -0.9812    -0.9663    -0.8107    -0.6518    -0.6018     0.0721     0.9651     0.1143    -0.6834     0.7763     1.0000     0.9649     0.6329     0.4604     0.4757    -0.1182     0.5501    -0.3547     0.9987    -0.6117    -0.3922     0.1957     0.7153
R               0.0350     0.3576    -0.5489    -0.6834     1.0000     0.0005    -0.8940    -0.7330    -0.8111    -0.6834    -0.8209    -0.8940    -0.5643     0.0005    -0.9220    -0.8529     0.6606    -0.9317     0.2414     0.8274     0.8547     0.8547     0.8515     0.8197     0.7099    -0.4837     0.8304     0.6988     0.6389    -0.7642    -0.5242    -0.9971    -0.6602    -0.0674    -0.7790     0.8009     0.5048     0.8917     0.9968     0.9183     0.1701    -0.7330     0.3576     1.0000    -0.8940    -0.6834    -0.8209     0.0005    -0.8111    -0.9317     0.2414    -0.9220     0.8156    -0.6602    -0.0674     0.8547     0.4147    -0.9971
epsilon         0.0044     0.0419     0.5373     0.6329     0.0005     1.0000     0.3293     0.6686    -0.3959     0.6329     0.5412     0.3293     0.4535     1.0000    -0.1045    -0.1885     0.5037    -0.2289     0.0951     0.4857     0.2910     0.2910     0.2922     0.3181     0.5871     0.8123     0.5313     0.4692     0.7003     0.6387     0.6630     0.0665     0.6375    -0.5833     0.0615    -0.4824    -0.6716    -0.3973     0.0450     0.0115     0.1683     0.6686     0.0419     0.0005     0.3293     0.6329     0.5412     1.0000    -0.3959    -0.2289     0.0951    -0.1045     0.3197     0.6375    -0.5833     0.2910     0.8831     0.0665
Q              -0.1628    -0.4277     0.7205     0.7763    -0.8940     0.3293     1.0000     0.8668     0.5432     0.7763     0.8857     1.0000     0.4813     0.3293     0.8196     0.6770    -0.5038     0.7678    -0.1594    -0.5901    -0.7137    -0.7137    -0.7103    -0.6888    -0.4258     0.7890    -0.5898    -0.5366    -0.3435     0.8939     0.6206     0.9138     0.7485    -0.0394     0.6376    -0.8298    -0.6053    -0.9304    -0.8833    -0.8410    -0.0873     0.8668    -0.4277    -0.8940     1.0000     0.7763     0.8857     0.3293     0.5432     0.7678    -0.1594     0.8196    -0.6862     0.7485    -0.0394    -0.7137    -0.0534     0.9138
Y               0.0766    -0.1417     0.8176     0.9651    -0.7330     0.6686     0.8668     1.0000     0.3781     0.9651     0.9855     0.8668     0.7102     0.6686     0.5956     0.4883    -0.1388     0.5268    -0.1651    -0.2854    -0.4227    -0.4227    -0.4194    -0.3783    -0.1375     0.8817    -0.2332    -0.1894    -0.0118     0.9975     0.8854     0.7742     0.9548    -0.4226     0.6739    -0.9487    -0.8778    -0.9110    -0.6994    -0.6529     0.0178     1.0000    -0.1417    -0.7330     0.8668     0.9651     0.9855     0.6686     0.3781     0.5268    -0.1651     0.5956    -0.3751     0.9548    -0.4226    -0.4227     0.2620     0.7742
M               0.3925     0.0876     0.4380     0.4604    -0.8111    -0.3959     0.5432     0.3781     1.0000     0.4604     0.5239     0.5432     0.2658    -0.3959     0.7722     0.7659    -0.7423     0.8266    -0.2492    -0.8501    -0.7988    -0.7988    -0.7963    -0.7851    -0.7898    -0.0189    -0.8185    -0.7587    -0.7886     0.3928     0.3918     0.7721     0.4535    -0.0568     0.8704    -0.6106    -0.3761    -0.5060    -0.8246    -0.7270    -0.1074     0.3781     0.0876    -0.8111     0.5432     0.4604     0.5239    -0.3959     1.0000     0.8266    -0.2492     0.7722    -0.7872     0.4535    -0.0568    -0.7988    -0.7805     0.7721
L               0.3351     0.1143     0.8887     1.0000    -0.6834     0.6329     0.7763     0.9651     0.4604     1.0000     0.9649     0.7763     0.6625     0.6329     0.5501     0.4636    -0.1389     0.4757    -0.1182    -0.2472    -0.3922    -0.3922    -0.3889    -0.3545    -0.0983     0.7693    -0.1765    -0.1861     0.0121     0.9486     0.9713     0.7153     0.9987    -0.6117     0.7934    -0.9812    -0.9663    -0.8107    -0.6518    -0.6018     0.0721     0.9651     0.1143    -0.6834     0.7763     1.0000     0.9649     0.6329     0.4604     0.4757    -0.1182     0.5501    -0.3547     0.9987    -0.6117    -0.3922     0.1957     0.7153
C               0.1280    -0.1277     0.8053     0.9649    -0.8209     0.5412     0.8857     0.9855     0.5239     0.9649     1.0000     0.8857     0.7307     0.5412     0.6878     0.5956    -0.2530     0.6394    -0.2142    -0.4227    -0.5313    -0.5313    -0.5279    -0.4849    -0.2822     0.7995    -0.3641    -0.3047    -0.1619     0.9866     0.8770     0.8527     0.9547    -0.3849     0.7679    -0.9778    -0.8671    -0.9354    -0.7922    -0.7336    -0.0082     0.9855    -0.1277    -0.8209     0.8857     0.9649     1.0000     0.5412     0.5239     0.6394    -0.2142     0.6878    -0.4815     0.9547    -0.3849    -0.5313     0.1008     0.8527
I              -0.1628    -0.4277     0.7205     0.7763    -0.8940     0.3293     1.0000     0.8668     0.5432     0.7763     0.8857     1.0000     0.4813     0.3293     0.8196     0.6770    -0.5038     0.7678    -0.1594    -0.5901    -0.7137    -0.7137    -0.7103    -0.6888    -0.4258     0.7890    -0.5898    -0.5366    -0.3435     0.8939     0.6206     0.9138     0.7485    -0.0394     0.6376    -0.8298    -0.6053    -0.9304    -0.8833    -0.8410    -0.0873     0.8668    -0.4277    -0.8940     1.0000     0.7763     0.8857     0.3293     0.5432     0.7678    -0.1594     0.8196    -0.6862     0.7485    -0.0394    -0.7137    -0.0534     0.9138
K              -0.0325    -0.2048     0.2456     0.6625    -0.5643     0.4535     0.4813     0.7102     0.2658     0.6625     0.7307     0.4813     1.0000     0.4535     0.4802     0.5355    -0.0153     0.4844    -0.2550    -0.3089    -0.3201    -0.3201    -0.3198    -0.2445    -0.2745     0.4925    -0.2153    -0.0872    -0.1164     0.7136     0.5865     0.6039     0.6651    -0.1806     0.4455    -0.6689    -0.5792    -0.7479    -0.5380    -0.5435    -0.0668     0.7102    -0.2048    -0.5643     0.4813     0.6625     0.7307     0.4535     0.2658     0.4844    -0.2550     0.4802    -0.2316     0.6651    -0.1806    -0.3201     0.1730     0.6039
EX              0.0044     0.0419     0.5373     0.6329     0.0005     1.0000     0.3293     0.6686    -0.3959     0.6329     0.5412     0.3293     0.4535     1.0000    -0.1045    -0.1885     0.5037    -0.2289     0.0951     0.4857     0.2910     0.2910     0.2922     0.3181     0.5871     0.8123     0.5313     0.4692     0.7003     0.6387     0.6630     0.0665     0.6375    -0.5833     0.0615    -0.4824    -0.6716    -0.3973     0.0450     0.0115     0.1683     0.6686     0.0419     0.0005     0.3293     0.6329     0.5412     1.0000    -0.3959    -0.2289     0.0951    -0.1045     0.3197     0.6375    -0.5833     0.2910     0.8831     0.0665
N              -0.0484    -0.3503     0.4285     0.5501    -0.9220    -0.1045     0.8196     0.5956     0.7722     0.5501     0.6878     0.8196     0.4802    -0.1045     1.0000     0.9710    -0.8525     0.9721    -0.0795    -0.8781    -0.9771    -0.9771    -0.9765    -0.9601    -0.7380     0.3555    -0.8422    -0.8839    -0.6816     0.6343     0.4005     0.9106     0.5284     0.1332     0.6995    -0.6780    -0.3816    -0.7702    -0.9483    -0.9948    -0.1385     0.5956    -0.3503    -0.9220     0.8196     0.5501     0.6878    -0.1045     0.7722     0.9721    -0.0795     1.0000    -0.9568     0.5284     0.1332    -0.9771    -0.4657     0.9106
K_b             0.0080    -0.2807     0.2810     0.4636    -0.8529    -0.1885     0.6770     0.4883     0.7659     0.4636     0.5956     0.6770     0.5355    -0.1885     0.9710     1.0000    -0.8526     0.9527    -0.0489    -0.8797    -0.9627    -0.9627    -0.9633    -0.9424    -0.7636     0.1949    -0.8246    -0.8880    -0.7054     0.5251     0.3331     0.8364     0.4484     0.1436     0.6705    -0.5990    -0.3152    -0.6771    -0.8863    -0.9658    -0.1425     0.4883    -0.2807    -0.8529     0.6770     0.4636     0.5956    -0.1885     0.7659     0.9527    -0.0489     0.9710    -0.9378     0.4484     0.1436    -0.9627    -0.5196     0.8364
K_h            -0.0296     0.2056    -0.1807    -0.1389     0.6606     0.5037    -0.5038    -0.1388    -0.7423    -0.1389    -0.2530    -0.5038    -0.0153     0.5037    -0.8525    -0.8526     1.0000    -0.8282    -0.0999     0.8504     0.9417     0.9417     0.9426     0.9644     0.7342     0.0740     0.8431     0.9974     0.7631    -0.1802    -0.0315    -0.6166    -0.1194    -0.2817    -0.5182     0.2954     0.0148     0.3389     0.7165     0.8071     0.1273    -0.1388     0.2056     0.6606    -0.5038    -0.1389    -0.2530     0.5037    -0.7423    -0.8282    -0.0999    -0.8525     0.9670    -0.1194    -0.2817     0.9417     0.7222    -0.6166
D              -0.0840    -0.3923     0.3300     0.4757    -0.9317    -0.2289     0.7678     0.5268     0.8266     0.4757     0.6394     0.7678     0.4844    -0.2289     0.9721     0.9527    -0.8282     1.0000    -0.2721    -0.9559    -0.9597    -0.9597    -0.9586    -0.9322    -0.8674     0.2593    -0.9023    -0.8600    -0.8132     0.5694     0.3136     0.9170     0.4545     0.2376     0.6762    -0.6215    -0.2933    -0.7596    -0.9539    -0.9549    -0.1622     0.5268    -0.3923    -0.9317     0.7678     0.4757     0.6394    -0.2289     0.8266     1.0000    -0.2721     0.9721    -0.9267     0.4545     0.2376    -0.9597    -0.5782     0.9170
D_star          0.1441     0.2211     0.0011    -0.1182     0.2414     0.0951    -0.1594    -0.1651    -0.2492    -0.1182    -0.2142    -0.1594    -0.2550     0.0951    -0.0795    -0.0489    -0.0999    -0.2721     1.0000     0.3682     0.0453     0.0453     0.0430    -0.0135     0.5259    -0.0775     0.1731    -0.0812     0.4737    -0.1783    -0.0480    -0.2588    -0.1186    -0.1838    -0.0906     0.1477     0.0420     0.3228     0.2159     0.0657    -0.0362    -0.1651     0.2211     0.2414    -0.1594    -0.1182    -0.2142     0.0951    -0.2492    -0.2721     1.0000    -0.0795    -0.0247    -0.1186    -0.1838     0.0453     0.1921    -0.2588
x               0.0854     0.3695    -0.1416    -0.2472     0.8274     0.4857    -0.5901    -0.2854    -0.8501    -0.2472    -0.4227    -0.5901    -0.3089     0.4857    -0.8781    -0.8797     0.8504    -0.9559     0.3682     1.0000     0.9172     0.9172     0.9164     0.8959     0.9673    -0.0073     0.9422     0.8695     0.9476    -0.3319    -0.0925    -0.7977    -0.2277    -0.3830    -0.5764     0.4175     0.0720     0.5762     0.8570     0.8357     0.1773    -0.2854     0.3695     0.8274    -0.5901    -0.2472    -0.4227     0.4857    -0.8501    -0.9559     0.3682    -0.8781     0.8905    -0.2277    -0.3830     0.9172     0.7651    -0.7977
psi             0.0276     0.3156    -0.3225    -0.3922     0.8547     0.2910    -0.7137    -0.4227    -0.7988    -0.3922    -0.5313    -0.7137    -0.3201     0.2910    -0.9771    -0.9627     0.9417    -0.9597     0.0453     0.9172     1.0000     1.0000     1.0000     0.9960     0.7910    -0.1779     0.8865     0.9613     0.7659    -0.4649    -0.2512    -0.8293    -0.3708    -0.2189    -0.6482     0.5399     0.2321     0.6262     0.8935     0.9540     0.1441    -0.4227     0.3156     0.8547    -0.7137    -0.3922    -0.5313     0.2910    -0.7988    -0.9597     0.0453    -0.9771     0.9943    -0.3708    -0.2189     1.0000     0.6063    -0.8293
phi             0.0276     0.3156    -0.3225    -0.3922     0.8547     0.2910    -0.7137    -0.4227    -0.7988    -0.3922    -0.5313    -0.7137    -0.3201     0.2910    -0.9771    -0.9627     0.9417    -0.9597     0.0453     0.9172     1.0000     1.0000     1.0000     0.9960     0.7910    -0.1779     0.8865     0.9613     0.7659    -0.4649    -0.2512    -0.8293    -0.3708    -0.2189    -0.6482     0.5399     0.2321     0.6262     0.8935     0.9540     0.1441    -0.4227     0.3156     0.8547    -0.7137    -0.3922    -0.5313     0.2910    -0.7988    -0.9597     0.0453    -0.9771     0.9943    -0.3708    -0.2189     1.0000     0.6063    -0.8293
upsilon         0.0279     0.3150    -0.3185    -0.3889     0.8515     0.2922    -0.7103    -0.4194    -0.7963    -0.3889    -0.5279    -0.7103    -0.3198     0.2922    -0.9765    -0.9633     0.9426    -0.9586     0.0430     0.9164     1.0000     1.0000     1.0000     0.9961     0.7904    -0.1747     0.8847     0.9622     0.7653    -0.4616    -0.2484    -0.8261    -0.3676    -0.2198    -0.6452     0.5366     0.2294     0.6231     0.8907     0.9535     0.1433    -0.4194     0.3150     0.8515    -0.7103    -0.3889    -0.5279     0.2922    -0.7963    -0.9586     0.0430    -0.9765     0.9944    -0.3676    -0.2198     1.0000     0.6057    -0.8261
mu              0.0115     0.2895    -0.3200    -0.3545     0.8197     0.3181    -0.6888    -0.3783    -0.7851    -0.3545    -0.4849    -0.6888    -0.2445     0.3181    -0.9601    -0.9424     0.9644    -0.9322    -0.0135     0.8959     0.9960     0.9960     0.9961     1.0000     0.7617    -0.1472     0.8751     0.9785     0.7492    -0.4201    -0.2209    -0.7906    -0.3327    -0.2173    -0.6297     0.5020     0.2024     0.5722     0.8626     0.9332     0.1372    -0.3783     0.2895     0.8197    -0.6888    -0.3545    -0.4849     0.3181    -0.7851    -0.9322    -0.0135    -0.9601     0.9998    -0.3327    -0.2173     0.9960     0.6177    -0.7906
mu_star         0.1204     0.3692     0.0312    -0.0983     0.7099     0.5871    -0.4258    -0.1375    -0.7898    -0.0983    -0.2822    -0.4258    -0.2745     0.5871    -0.7380    -0.7636     0.7342    -0.8674     0.5259     0.9673     0.7910     0.7910     0.7904     0.7617     1.0000     0.1385     0.8856     0.7513     0.9857    -0.1837     0.0483    -0.6794    -0.0829    -0.4701    -0.4524     0.2688    -0.0677     0.4640     0.7360     0.6878     0.1771    -0.1375     0.3692     0.7099    -0.4258    -0.0983    -0.2822     0.5871    -0.7898    -0.8674     0.5259    -0.7380     0.7541    -0.0829    -0.4701     0.7910     0.8032    -0.6794
A              -0.2430    -0.3510     0.6992     0.7693    -0.4837     0.8123     0.7890     0.8817    -0.0189     0.7693     0.7995     0.7890     0.4925     0.8123     0.3555     0.1949     0.0740     0.2593    -0.0775    -0.0073    -0.1779    -0.1779    -0.1747    -0.1472     0.1385     1.0000     0.0000     0.0382     0.2519     0.8849     0.6763     0.5408     0.7508    -0.2689     0.2876    -0.7022    -0.6723    -0.7789    -0.4460    -0.4232     0.0298     0.8817    -0.3510    -0.4837     0.7890     0.7693     0.7995     0.8123    -0.0189     0.2593    -0.0775     0.3555    -0.1437     0.7508    -0.2689    -0.1779     0.5627     0.5408
R_star          0.1669     0.4453    -0.1088    -0.1765     0.8304     0.5313    -0.5898    -0.2332    -0.8185    -0.1765    -0.3641    -0.5898    -0.2153     0.5313    -0.8422    -0.8246     0.8431    -0.9023     0.1731     0.9422     0.8865     0.8865     0.8847     0.8751     0.8856     0.0000     1.0000     0.8555     0.8866    -0.2827    -0.0060    -0.7939    -0.1497    -0.4739    -0.5299     0.3567    -0.0158     0.5386     0.8548     0.7919     0.2716    -0.2332     0.4453     0.8304    -0.5898    -0.1765    -0.3641     0.5313    -0.8185    -0.9023     0.1731    -0.8422     0.8717    -0.1497    -0.4739     0.8865     0.7799    -0.7939
chi_h          -0.0272     0.2196    -0.1977    -0.1861     0.6988     0.4692    -0.5366    -0.1894    -0.7587    -0.1861    -0.3047    -0.5366    -0.0872     0.4692    -0.8839    -0.8880     0.9974    -0.8600    -0.0812     0.8695     0.9613     0.9613     0.9622     0.9785     0.7513     0.0382     0.8555     1.0000     0.7686    -0.2310    -0.0736    -0.6578    -0.1669    -0.2677    -0.5484     0.3425     0.0564     0.3916     0.7526     0.8433     0.1317    -0.1894     0.2196     0.6988    -0.5366    -0.1861    -0.3047     0.4692    -0.7587    -0.8600    -0.0812    -0.8839     0.9801    -0.1669    -0.2677     0.9613     0.7071    -0.6578
chi_b           0.0885     0.3193     0.0774     0.0121     0.6389     0.7003    -0.3435    -0.0118    -0.7886     0.0121    -0.1619    -0.3435    -0.1164     0.7003    -0.6816    -0.7054     0.7631    -0.8132     0.4737     0.9476     0.7659     0.7659     0.7653     0.7492     0.9857     0.2519     0.8866     0.7686     1.0000    -0.0576     0.1460    -0.5983     0.0276    -0.5029    -0.4108     0.1660    -0.1647     0.3397     0.6706     0.6176     0.1774    -0.0118     0.3193     0.6389    -0.3435     0.0121    -0.1619     0.7003    -0.7886    -0.8132     0.4737    -0.6816     0.7439     0.0276    -0.5029     0.7659     0.8797    -0.5983
Ynet            0.0227    -0.2034     0.7952     0.9486    -0.7642     0.6387     0.8939     0.9975     0.3928     0.9486     0.9866     0.8939     0.7136     0.6387     0.6343     0.5251    -0.1802     0.5694    -0.1783    -0.3319    -0.4649    -0.4649    -0.4616    -0.4201    -0.1837     0.8849    -0.2827    -0.2310    -0.0576     1.0000     0.8541     0.8047     0.9358    -0.3610     0.6634    -0.9408    -0.8453    -0.9351    -0.7329    -0.6895    -0.0006     0.9975    -0.2034    -0.7642     0.8939     0.9486     0.9866     0.6387     0.3928     0.5694    -0.1783     0.6343    -0.4162     0.9358    -0.3610    -0.4649     0.2342     0.8047
R_dc            0.5123     0.3319     0.8944     0.9713    -0.5242     0.6630     0.6206     0.8854     0.3918     0.9713     0.8770     0.6206     0.5865     0.6630     0.4005     0.3331    -0.0315     0.3136    -0.0480    -0.0925    -0.2512    -0.2512    -0.2484    -0.2209     0.0483     0.6763    -0.0060    -0.0736     0.1460     0.8541     1.0000     0.5539     0.9802    -0.7809     0.7771    -0.9291    -0.9997    -0.6528    -0.4923    -0.4542     0.1254     0.8854     0.3319    -0.5242     0.6206     0.9713     0.8770     0.6630     0.3918     0.3136    -0.0480     0.4005    -0.2238     0.9802    -0.7809    -0.2512     0.2512     0.5539
cryp           -0.0618    -0.3794     0.5658     0.7153    -0.9971     0.0665     0.9138     0.7742     0.7721     0.7153     0.8527     0.9138     0.6039     0.0665     0.9106     0.8364    -0.6166     0.9170    -0.2588    -0.7977    -0.8293    -0.8293    -0.8261    -0.7906    -0.6794     0.5408    -0.7939    -0.6578    -0.5983     0.8047     0.5539     1.0000     0.6921     0.0505     0.7635    -0.8225    -0.5350    -0.9236    -0.9904    -0.9136    -0.1619     0.7742    -0.3794    -0.9971     0.9138     0.7153     0.8527     0.0665     0.7721     0.9170    -0.2588     0.9106    -0.7857     0.6921     0.0505    -0.8293    -0.3492     1.0000
DC              0.3669     0.1510     0.8847     0.9987    -0.6602     0.6375     0.7485     0.9548     0.4535     0.9987     0.9547     0.7485     0.6651     0.6375     0.5284     0.4484    -0.1194     0.4545    -0.1186    -0.2277    -0.3708    -0.3708    -0.3676    -0.3327    -0.0829     0.7508    -0.1497    -0.1669     0.0276     0.9358     0.9802     0.6921     1.0000    -0.6420     0.7938    -0.9770    -0.9760    -0.7896    -0.6284    -0.5810     0.0750     0.9548     0.1510    -0.6602     0.7485     0.9987     0.9547     0.6375     0.4535     0.4545    -0.1186     0.5284    -0.3331     1.0000    -0.6420    -0.3708     0.2024     0.6921
m              -0.8083    -0.7976    -0.6692    -0.6117    -0.0674    -0.5833    -0.0394    -0.4226    -0.0568    -0.6117    -0.3849    -0.0394    -0.1806    -0.5833     0.1332     0.1436    -0.2817     0.2376    -0.1838    -0.3830    -0.2189    -0.2189    -0.2198    -0.2173    -0.4701    -0.2689    -0.4739    -0.2677    -0.5029    -0.3610    -0.7809     0.0505    -0.6420     1.0000    -0.4836     0.5110     0.7936     0.0391    -0.0919    -0.0881    -0.2539    -0.4226    -0.7976    -0.0674    -0.0394    -0.6117    -0.3849    -0.5833    -0.0568     0.2376    -0.1838     0.1332    -0.2075    -0.6420     1.0000    -0.2189    -0.3681     0.0505
Lambda          0.5958     0.3059     0.7545     0.7934    -0.7790     0.0615     0.6376     0.6739     0.8704     0.7934     0.7679     0.6376     0.4455     0.0615     0.6995     0.6705    -0.5182     0.6762    -0.0906    -0.5764    -0.6482    -0.6482    -0.6452    -0.6297    -0.4524     0.2876    -0.5299    -0.5484    -0.4108     0.6634     0.7771     0.7635     0.7938    -0.4836     1.0000    -0.8699    -0.7673    -0.6163    -0.7737    -0.6955     0.0116     0.6739     0.3059    -0.7790     0.6376     0.7934     0.7679     0.0615     0.8704     0.6762    -0.0906     0.6995    -0.6343     0.7938    -0.4836    -0.6482    -0.4028     0.7635
gam            -0.3225    -0.0582    -0.8623    -0.9812     0.8009    -0.4824    -0.8298    -0.9487    -0.6106    -0.9812    -0.9778    -0.8298    -0.6689    -0.4824    -0.6780    -0.5990     0.2954    -0.6215     0.1477     0.4175     0.5399     0.5399     0.5366     0.5020     0.2688    -0.7022     0.3567     0.3425     0.1660    -0.9408    -0.9291    -0.8225    -0.9770     0.5110    -0.8699     1.0000     0.9205     0.8562     0.7762     0.7161    -0.0137    -0.9487    -0.0582     0.8009    -0.8298    -0.9812    -0.9778    -0.4824    -0.6106    -0.6215     0.1477    -0.6780     0.5018    -0.9770     0.5110     0.5399    -0.0165    -0.8225
trs            -0.5207    -0.3464    -0.8922    -0.9663     0.5048    -0.6716    -0.6053    -0.8778    -0.3761    -0.9663    -0.8671    -0.6053    -0.5792    -0.6716    -0.3816    -0.3152     0.0148    -0.2933     0.0420     0.0720     0.2321     0.2321     0.2294     0.2024    -0.0677    -0.6723    -0.0158     0.0564    -0.1647    -0.8453    -0.9997    -0.5350    -0.9760     0.7936    -0.7673     0.9205     1.0000     0.6378     0.4726     0.4361    -0.1316    -0.8778    -0.3464     0.5048    -0.6053    -0.9663    -0.8671    -0.6716    -0.3761    -0.2933     0.0420    -0.3816     0.2054    -0.9760     0.7936     0.2321    -0.2651    -0.5350
Lambda1         0.1910     0.4545    -0.5998    -0.8107     0.8917    -0.3973    -0.9304    -0.9110    -0.5060    -0.8107    -0.9354    -0.9304    -0.7479    -0.3973    -0.7702    -0.6771     0.3389    -0.7596     0.3228     0.5762     0.6262     0.6262     0.6231     0.5722     0.4640    -0.7789     0.5386     0.3916     0.3397    -0.9351    -0.6528    -0.9236    -0.7896     0.0391    -0.6163     0.8562     0.6378     1.0000     0.8681     0.8070     0.1064    -0.9110     0.4545     0.8917    -0.9304    -0.8107    -0.9354    -0.3973    -0.5060    -0.7596     0.3228    -0.7702     0.5639    -0.7896     0.0391     0.6262    -0.0120    -0.9236
mu_cryp         0.0346     0.3580    -0.5244    -0.6518     0.9968     0.0450    -0.8833    -0.6994    -0.8246    -0.6518    -0.7922    -0.8833    -0.5380     0.0450    -0.9483    -0.8863     0.7165    -0.9539     0.2159     0.8570     0.8935     0.8935     0.8907     0.8626     0.7360    -0.4460     0.8548     0.7526     0.6706    -0.7329    -0.4923    -0.9904    -0.6284    -0.0919    -0.7737     0.7762     0.4726     0.8681     1.0000     0.9415     0.1693    -0.6994     0.3580     0.9968    -0.8833    -0.6518    -0.7922     0.0450    -0.8246    -0.9539     0.2159    -0.9483     0.8587    -0.6284    -0.0919     0.8935     0.4519    -0.9904
x_c             0.0576     0.3547    -0.4563    -0.6018     0.9183     0.0115    -0.8410    -0.6529    -0.7270    -0.6018    -0.7336    -0.8410    -0.5435     0.0115    -0.9948    -0.9658     0.8071    -0.9549     0.0657     0.8357     0.9540     0.9540     0.9535     0.9332     0.6878    -0.4232     0.7919     0.8433     0.6176    -0.6895    -0.4542    -0.9136    -0.5810    -0.0881    -0.6955     0.7161     0.4361     0.8070     0.9415     1.0000     0.1255    -0.6529     0.3547     0.9183    -0.8410    -0.6018    -0.7336     0.0115    -0.7270    -0.9549     0.0657    -0.9948     0.9293    -0.5810    -0.0881     0.9540     0.3793    -0.9136
DE              0.2106     0.2623     0.1302     0.0721     0.1701     0.1683    -0.0873     0.0178    -0.1074     0.0721    -0.0082    -0.0873    -0.0668     0.1683    -0.1385    -0.1425     0.1273    -0.1622    -0.0362     0.1773     0.1441     0.1441     0.1433     0.1372     0.1771     0.0298     0.2716     0.1317     0.1774    -0.0006     0.1254    -0.1619     0.0750    -0.2539     0.0116    -0.0137    -0.1316     0.1064     0.1693     0.1255     1.0000     0.0178     0.2623     0.1701    -0.0873     0.0721    -0.0082     0.1683    -0.1074    -0.1622    -0.0362    -0.1385     0.1343     0.0750    -0.2539     0.1441     0.1694    -0.1619
logY            0.0766    -0.1417     0.8176     0.9651    -0.7330     0.6686     0.8668     1.0000     0.3781     0.9651     0.9855     0.8668     0.7102     0.6686     0.5956     0.4883    -0.1388     0.5268    -0.1651    -0.2854    -0.4227    -0.4227    -0.4194    -0.3783    -0.1375     0.8817    -0.2332    -0.1894    -0.0118     0.9975     0.8854     0.7742     0.9548    -0.4226     0.6739    -0.9487    -0.8778    -0.9110    -0.6994    -0.6529     0.0178     1.0000    -0.1417    -0.7330     0.8668     0.9651     0.9855     0.6686     0.3781     0.5268    -0.1651     0.5956    -0.3751     0.9548    -0.4226    -0.4227     0.2620     0.7742
logPi           0.9449     1.0000     0.2592     0.1143     0.3576     0.0419    -0.4277    -0.1417     0.0876     0.1143    -0.1277    -0.4277    -0.2048     0.0419    -0.3503    -0.2807     0.2056    -0.3923     0.2211     0.3695     0.3156     0.3156     0.3150     0.2895     0.3692    -0.3510     0.4453     0.2196     0.3193    -0.2034     0.3319    -0.3794     0.1510    -0.7976     0.3059    -0.0582    -0.3464     0.4545     0.3580     0.3547     0.2623    -0.1417     1.0000     0.3576    -0.4277     0.1143    -0.1277     0.0419     0.0876    -0.3923     0.2211    -0.3503     0.2765     0.1510    -0.7976     0.3156    -0.0162    -0.3794
logR            0.0350     0.3576    -0.5489    -0.6834     1.0000     0.0005    -0.8940    -0.7330    -0.8111    -0.6834    -0.8209    -0.8940    -0.5643     0.0005    -0.9220    -0.8529     0.6606    -0.9317     0.2414     0.8274     0.8547     0.8547     0.8515     0.8197     0.7099    -0.4837     0.8304     0.6988     0.6389    -0.7642    -0.5242    -0.9971    -0.6602    -0.0674    -0.7790     0.8009     0.5048     0.8917     0.9968     0.9183     0.1701    -0.7330     0.3576     1.0000    -0.8940    -0.6834    -0.8209     0.0005    -0.8111    -0.9317     0.2414    -0.9220     0.8156    -0.6602    -0.0674     0.8547     0.4147    -0.9971
logI           -0.1628    -0.4277     0.7205     0.7763    -0.8940     0.3293     1.0000     0.8668     0.5432     0.7763     0.8857     1.0000     0.4813     0.3293     0.8196     0.6770    -0.5038     0.7678    -0.1594    -0.5901    -0.7137    -0.7137    -0.7103    -0.6888    -0.4258     0.7890    -0.5898    -0.5366    -0.3435     0.8939     0.6206     0.9138     0.7485    -0.0394     0.6376    -0.8298    -0.6053    -0.9304    -0.8833    -0.8410    -0.0873     0.8668    -0.4277    -0.8940     1.0000     0.7763     0.8857     0.3293     0.5432     0.7678    -0.1594     0.8196    -0.6862     0.7485    -0.0394    -0.7137    -0.0534     0.9138
logL            0.3351     0.1143     0.8887     1.0000    -0.6834     0.6329     0.7763     0.9651     0.4604     1.0000     0.9649     0.7763     0.6625     0.6329     0.5501     0.4636    -0.1389     0.4757    -0.1182    -0.2472    -0.3922    -0.3922    -0.3889    -0.3545    -0.0983     0.7693    -0.1765    -0.1861     0.0121     0.9486     0.9713     0.7153     0.9987    -0.6117     0.7934    -0.9812    -0.9663    -0.8107    -0.6518    -0.6018     0.0721     0.9651     0.1143    -0.6834     0.7763     1.0000     0.9649     0.6329     0.4604     0.4757    -0.1182     0.5501    -0.3547     0.9987    -0.6117    -0.3922     0.1957     0.7153
logC            0.1280    -0.1277     0.8053     0.9649    -0.8209     0.5412     0.8857     0.9855     0.5239     0.9649     1.0000     0.8857     0.7307     0.5412     0.6878     0.5956    -0.2530     0.6394    -0.2142    -0.4227    -0.5313    -0.5313    -0.5279    -0.4849    -0.2822     0.7995    -0.3641    -0.3047    -0.1619     0.9866     0.8770     0.8527     0.9547    -0.3849     0.7679    -0.9778    -0.8671    -0.9354    -0.7922    -0.7336    -0.0082     0.9855    -0.1277    -0.8209     0.8857     0.9649     1.0000     0.5412     0.5239     0.6394    -0.2142     0.6878    -0.4815     0.9547    -0.3849    -0.5313     0.1008     0.8527
logEX           0.0044     0.0419     0.5373     0.6329     0.0005     1.0000     0.3293     0.6686    -0.3959     0.6329     0.5412     0.3293     0.4535     1.0000    -0.1045    -0.1885     0.5037    -0.2289     0.0951     0.4857     0.2910     0.2910     0.2922     0.3181     0.5871     0.8123     0.5313     0.4692     0.7003     0.6387     0.6630     0.0665     0.6375    -0.5833     0.0615    -0.4824    -0.6716    -0.3973     0.0450     0.0115     0.1683     0.6686     0.0419     0.0005     0.3293     0.6329     0.5412     1.0000    -0.3959    -0.2289     0.0951    -0.1045     0.3197     0.6375    -0.5833     0.2910     0.8831     0.0665
logM            0.3925     0.0876     0.4380     0.4604    -0.8111    -0.3959     0.5432     0.3781     1.0000     0.4604     0.5239     0.5432     0.2658    -0.3959     0.7722     0.7659    -0.7423     0.8266    -0.2492    -0.8501    -0.7988    -0.7988    -0.7963    -0.7851    -0.7898    -0.0189    -0.8185    -0.7587    -0.7886     0.3928     0.3918     0.7721     0.4535    -0.0568     0.8704    -0.6106    -0.3761    -0.5060    -0.8246    -0.7270    -0.1074     0.3781     0.0876    -0.8111     0.5432     0.4604     0.5239    -0.3959     1.0000     0.8266    -0.2492     0.7722    -0.7872     0.4535    -0.0568    -0.7988    -0.7805     0.7721
logD           -0.0840    -0.3923     0.3300     0.4757    -0.9317    -0.2289     0.7678     0.5268     0.8266     0.4757     0.6394     0.7678     0.4844    -0.2289     0.9721     0.9527    -0.8282     1.0000    -0.2721    -0.9559    -0.9597    -0.9597    -0.9586    -0.9322    -0.8674     0.2593    -0.9023    -0.8600    -0.8132     0.5694     0.3136     0.9170     0.4545     0.2376     0.6762    -0.6215    -0.2933    -0.7596    -0.9539    -0.9549    -0.1622     0.5268    -0.3923    -0.9317     0.7678     0.4757     0.6394    -0.2289     0.8266     1.0000    -0.2721     0.9721    -0.9267     0.4545     0.2376    -0.9597    -0.5782     0.9170
logD_star       0.1441     0.2211     0.0011    -0.1182     0.2414     0.0951    -0.1594    -0.1651    -0.2492    -0.1182    -0.2142    -0.1594    -0.2550     0.0951    -0.0795    -0.0489    -0.0999    -0.2721     1.0000     0.3682     0.0453     0.0453     0.0430    -0.0135     0.5259    -0.0775     0.1731    -0.0812     0.4737    -0.1783    -0.0480    -0.2588    -0.1186    -0.1838    -0.0906     0.1477     0.0420     0.3228     0.2159     0.0657    -0.0362    -0.1651     0.2211     0.2414    -0.1594    -0.1182    -0.2142     0.0951    -0.2492    -0.2721     1.0000    -0.0795    -0.0247    -0.1186    -0.1838     0.0453     0.1921    -0.2588
logN           -0.0484    -0.3503     0.4285     0.5501    -0.9220    -0.1045     0.8196     0.5956     0.7722     0.5501     0.6878     0.8196     0.4802    -0.1045     1.0000     0.9710    -0.8525     0.9721    -0.0795    -0.8781    -0.9771    -0.9771    -0.9765    -0.9601    -0.7380     0.3555    -0.8422    -0.8839    -0.6816     0.6343     0.4005     0.9106     0.5284     0.1332     0.6995    -0.6780    -0.3816    -0.7702    -0.9483    -0.9948    -0.1385     0.5956    -0.3503    -0.9220     0.8196     0.5501     0.6878    -0.1045     0.7722     0.9721    -0.0795     1.0000    -0.9568     0.5284     0.1332    -0.9771    -0.4657     0.9106
spread         -0.0009     0.2765    -0.3280    -0.3547     0.8156     0.3197    -0.6862    -0.3751    -0.7872    -0.3547    -0.4815    -0.6862    -0.2316     0.3197    -0.9568    -0.9378     0.9670    -0.9267    -0.0247     0.8905     0.9943     0.9943     0.9944     0.9998     0.7541    -0.1437     0.8717     0.9801     0.7439    -0.4162    -0.2238    -0.7857    -0.3331    -0.2075    -0.6343     0.5018     0.2054     0.5639     0.8587     0.9293     0.1343    -0.3751     0.2765     0.8156    -0.6862    -0.3547    -0.4815     0.3197    -0.7872    -0.9267    -0.0247    -0.9568     1.0000    -0.3331    -0.2075     0.9943     0.6198    -0.7857
logDC           0.3669     0.1510     0.8847     0.9987    -0.6602     0.6375     0.7485     0.9548     0.4535     0.9987     0.9547     0.7485     0.6651     0.6375     0.5284     0.4484    -0.1194     0.4545    -0.1186    -0.2277    -0.3708    -0.3708    -0.3676    -0.3327    -0.0829     0.7508    -0.1497    -0.1669     0.0276     0.9358     0.9802     0.6921     1.0000    -0.6420     0.7938    -0.9770    -0.9760    -0.7896    -0.6284    -0.5810     0.0750     0.9548     0.1510    -0.6602     0.7485     0.9987     0.9547     0.6375     0.4535     0.4545    -0.1186     0.5284    -0.3331     1.0000    -0.6420    -0.3708     0.2024     0.6921
logm           -0.8083    -0.7976    -0.6692    -0.6117    -0.0674    -0.5833    -0.0394    -0.4226    -0.0568    -0.6117    -0.3849    -0.0394    -0.1806    -0.5833     0.1332     0.1436    -0.2817     0.2376    -0.1838    -0.3830    -0.2189    -0.2189    -0.2198    -0.2173    -0.4701    -0.2689    -0.4739    -0.2677    -0.5029    -0.3610    -0.7809     0.0505    -0.6420     1.0000    -0.4836     0.5110     0.7936     0.0391    -0.0919    -0.0881    -0.2539    -0.4226    -0.7976    -0.0674    -0.0394    -0.6117    -0.3849    -0.5833    -0.0568     0.2376    -0.1838     0.1332    -0.2075    -0.6420     1.0000    -0.2189    -0.3681     0.0505
leverage        0.0276     0.3156    -0.3225    -0.3922     0.8547     0.2910    -0.7137    -0.4227    -0.7988    -0.3922    -0.5313    -0.7137    -0.3201     0.2910    -0.9771    -0.9627     0.9417    -0.9597     0.0453     0.9172     1.0000     1.0000     1.0000     0.9960     0.7910    -0.1779     0.8865     0.9613     0.7659    -0.4649    -0.2512    -0.8293    -0.3708    -0.2189    -0.6482     0.5399     0.2321     0.6262     0.8935     0.9540     0.1441    -0.4227     0.3156     0.8547    -0.7137    -0.3922    -0.5313     0.2910    -0.7988    -0.9597     0.0453    -0.9771     0.9943    -0.3708    -0.2189     1.0000     0.6063    -0.8293
TB             -0.1976    -0.0162     0.1421     0.1957     0.4147     0.8831    -0.0534     0.2620    -0.7805     0.1957     0.1008    -0.0534     0.1730     0.8831    -0.4657    -0.5196     0.7222    -0.5782     0.1921     0.7651     0.6063     0.6063     0.6057     0.6177     0.8032     0.5627     0.7799     0.7071     0.8797     0.2342     0.2512    -0.3492     0.2024    -0.3681    -0.4028    -0.0165    -0.2651    -0.0120     0.4519     0.3793     0.1694     0.2620    -0.0162     0.4147    -0.0534     0.1957     0.1008     0.8831    -0.7805    -0.5782     0.1921    -0.4657     0.6198     0.2024    -0.3681     0.6063     1.0000    -0.3492
logcryp        -0.0618    -0.3794     0.5658     0.7153    -0.9971     0.0665     0.9138     0.7742     0.7721     0.7153     0.8527     0.9138     0.6039     0.0665     0.9106     0.8364    -0.6166     0.9170    -0.2588    -0.7977    -0.8293    -0.8293    -0.8261    -0.7906    -0.6794     0.5408    -0.7939    -0.6578    -0.5983     0.8047     0.5539     1.0000     0.6921     0.0505     0.7635    -0.8225    -0.5350    -0.9236    -0.9904    -0.9136    -0.1619     0.7742    -0.3794    -0.9971     0.9138     0.7153     0.8527     0.0665     0.7721     0.9170    -0.2588     0.9106    -0.7857     0.6921     0.0505    -0.8293    -0.3492     1.0000



COEFFICIENTS OF AUTOCORRELATION
Order              1        2        3        4        5
mc            0.4037   0.1553   0.0625   0.0287   0.0162
Pi            0.5006   0.2945   0.2110   0.1736   0.1535
Z             0.7521   0.6221   0.5492   0.4996   0.4598
w             0.8467   0.7650   0.7178   0.6846   0.6571
R             0.9209   0.8519   0.7903   0.7345   0.6839
epsilon       0.9467   0.8969   0.8506   0.8074   0.7673
Q             0.9357   0.8717   0.8108   0.7539   0.7009
Y             0.9430   0.8983   0.8611   0.8277   0.7965
M             0.7746   0.6470   0.5686   0.5119   0.4660
L             0.8467   0.7650   0.7178   0.6846   0.6571
C             0.9261   0.8742   0.8347   0.8011   0.7705
I             0.9357   0.8717   0.8108   0.7539   0.7009
K             0.9993   0.9972   0.9938   0.9893   0.9838
EX            0.9467   0.8969   0.8506   0.8074   0.7673
N             0.9298   0.8653   0.8061   0.7515   0.7011
K_b           0.9427   0.8892   0.8395   0.7932   0.7501
K_h           0.9217   0.8493   0.7825   0.7210   0.6644
D             0.9344   0.8739   0.8182   0.7670   0.7198
D_star        0.9942   0.9848   0.9739   0.9623   0.9503
x             0.9343   0.8739   0.8185   0.7676   0.7208
psi           0.9232   0.8527   0.7880   0.7284   0.6737
phi           0.9232   0.8527   0.7880   0.7284   0.6737
upsilon       0.9237   0.8536   0.7891   0.7299   0.6753
mu            0.9198   0.8463   0.7788   0.7168   0.6599
mu_star       0.9492   0.9028   0.8602   0.8208   0.7842
A             0.9500   0.9025   0.8574   0.8145   0.7738
R_star        0.9000   0.8100   0.7290   0.6561   0.5905
chi_h         0.9220   0.8500   0.7835   0.7223   0.6658
chi_b         0.9439   0.8923   0.8449   0.8011   0.7608
Ynet          0.9527   0.9112   0.8741   0.8398   0.8075
R_dc          0.7776   0.6493   0.5860   0.5502   0.5251
cryp          0.9305   0.8677   0.8106   0.7584   0.7107
DC            0.8461   0.7546   0.7036   0.6698   0.6429
m             0.6281   0.4078   0.3084   0.2608   0.2336
Lambda        0.6299   0.4760   0.4037   0.3623   0.3331
gam           0.8537   0.7641   0.7112   0.6743   0.6443
trs           0.7740   0.6437   0.5797   0.5437   0.5186
Lambda1       0.9646   0.9276   0.8916   0.8572   0.8245
mu_cryp       0.9197   0.8493   0.7862   0.7290   0.6771
x_c           0.9366   0.8780   0.8238   0.7737   0.7272
DE           -0.0352  -0.0258  -0.0210  -0.0181  -0.0159
logY          0.9430   0.8983   0.8611   0.8277   0.7965
logPi         0.5006   0.2945   0.2110   0.1736   0.1535
logR          0.9209   0.8519   0.7903   0.7345   0.6839
logI          0.9357   0.8717   0.8108   0.7539   0.7009
logL          0.8467   0.7650   0.7178   0.6846   0.6571
logC          0.9261   0.8742   0.8347   0.8011   0.7705
logEX         0.9467   0.8969   0.8506   0.8074   0.7673
logM          0.7746   0.6470   0.5686   0.5119   0.4660
logD          0.9344   0.8739   0.8182   0.7670   0.7198
logD_star     0.9942   0.9848   0.9739   0.9623   0.9503
logN          0.9298   0.8653   0.8061   0.7515   0.7011
spread        0.9185   0.8441   0.7761   0.7136   0.6562
logDC         0.8461   0.7546   0.7036   0.6698   0.6429
logm          0.6281   0.4078   0.3084   0.2608   0.2336
leverage      0.9232   0.8527   0.7880   0.7284   0.6737
TB            0.8923   0.8122   0.7481   0.6931   0.6442
logcryp       0.9305   0.8677   0.8106   0.7584   0.7107
Total computing time : 0h00m00s
Note: warning(s) encountered in MATLAB/Octave code
