Starting Dynare (version 5.1).
Calling Dynare with arguments: none
Starting preprocessing of the model file ...
Found 65 equation(s).
Evaluating expressions...done
Computing static model derivatives (order 1).
Computing dynamic model derivatives (order 1).
Processing outputs ...
done
Preprocessing completed.


STEADY-STATE RESULTS:

mc        		 0.888889
Pi        		 1
Z         		 0.0397026
w         		 5.04443
R         		 1.015
epsilon   		 1.049
Q         		 1
Y         		 2.85972
M         		 0.436181
L         		 0.262036
C         		 1.94416
I         		 0.384152
K         		 19.2076
EX        		 0.507735
N         		 3.68177
K_b       		 14.6903
K_h       		 4.51727
D         		 5.65384
D_star    		 4.23049
x         		 0.302089
psi       		 1.59999
phi       		 3.99001
upsilon   		 1.56399
mu        		 0.00724611
mu_star   		 0.00568957
A         		 1
R_star    		 1.01131
Y_star    		 0.484018
Phi       		 0
Theta     		 0.401
chi_h     		 0.0104644
chi_b     		 0.0132049
Ynet      		 2.37849
P_c       		 1
R_dc      		 1
theta_c   		 1
cryp      		 0.930129
DC        		 5.31366
m         		 1.21698
R_c       		 1
Lambda    		 0.985222
gam       		 0.276685
trs       		 0.186349
Lambda1   		 0.772863
sigma_Rc  		 0
mu_cryp   		 0.0231132
x_c       		 0.0633158
DE        		 1
logY      		 1.05072
logPi     		 0
logR      		 0.0148886
logI      		 -0.956718
logL      		 -1.33927
logC      		 0.66483
logEX     		 -0.677796
logM      		 -0.829697
logD      		 1.73233
logD_star 		 1.44232
logN      		 1.30339
spread    		 0.00470258
logDC     		 1.67028
logm      		 0.196369
leverage  		 1.38379
TB        		 0.0715536
logcryp   		 -0.0724317

EIGENVALUES:
         Modulus             Real        Imaginary

       3.966e-16        3.966e-16                0
       4.381e-16        4.381e-16                0
       6.133e-16        6.133e-16                0
       6.743e-09       -6.743e-09                0
       6.743e-09        6.743e-09                0
          0.4662           0.4662                0
             0.9              0.9                0
             0.9              0.9                0
          0.9363           0.9363                0
            0.95             0.95                0
            0.95             0.95                0
            0.95             0.95                0
          0.9755           0.9755                0
           0.985            0.985                0
           1.025            1.025                0
           1.042            1.042                0
           1.072            1.072                0
           1.203            1.203                0
           1.501            1.501                0
       1.841e+18        1.841e+18                0
             Inf              Inf                0


There are 7 eigenvalue(s) larger than 1 in modulus 
for 7 forward-looking variable(s)

The rank condition is verified.

MODEL_DIAGNOSTICS:  The Jacobian of the static model is singular
MODEL_DIAGNOSTICS:  there is 2 colinear relationships between the variables and the equations
Relation 1
Colinear variables:
Z
w
epsilon
Y
M
L
C
I
K
EX
N
K_b
K_h
D
D_star
x
psi
phi
upsilon
mu
mu_star
R_star
Y_star
chi_h
chi_b
Ynet
cryp
DC
m
gam
trs
Lambda1
mu_cryp
x_c
logY
logI
logL
logC
logEX
logM
logD
logD_star
logN
spread
logDC
logm
leverage
TB
logcryp
Relation 2
Colinear variables:
Z
w
epsilon
Y
M
L
C
I
K
EX
N
K_b
K_h
D
D_star
x
psi
phi
upsilon
mu
mu_star
R_star
Y_star
chi_h
chi_b
Ynet
cryp
DC
m
gam
trs
Lambda1
mu_cryp
x_c
logY
logI
logL
logC
logEX
logM
logD
logD_star
logN
spread
logDC
logm
leverage
TB
logcryp
Relation 1
Colinear equations
    46    47

Relation 2
Colinear equations
    46    47

MODEL_DIAGNOSTICS:  The presence of a singularity problem typically indicates that there is one
MODEL_DIAGNOSTICS:  redundant equation entered in the model block, while another non-redundant equation
MODEL_DIAGNOSTICS:  is missing. The problem often derives from Walras Law.

MODEL SUMMARY

  Number of variables:         65
  Number of stochastic shocks: 6
  Number of state variables:   14
  Number of jumpers:           7
  Number of static variables:  45


MATRIX OF COVARIANCE OF EXOGENOUS SHOCKS
Variables               varepsilon_R      varepsilon_A  varepsilon_Rstar  varepsilon_Ystar            eps_Rc               vol
varepsilon_R                0.000006          0.000000          0.000000          0.000000          0.000000          0.000000
varepsilon_A                0.000000          0.000100          0.000000          0.000000          0.000000          0.000000
varepsilon_Rstar            0.000000          0.000000          0.000006          0.000000          0.000000          0.000000
varepsilon_Ystar            0.000000          0.000000          0.000000          0.000000          0.000000          0.000000
eps_Rc                      0.000000          0.000000          0.000000          0.000000          0.000000          0.000000
vol                         0.000000          0.000000          0.000000          0.000000          0.000000          0.000000

POLICY AND TRANSITION FUNCTIONS
                                  mc              Pi               Z               w               R         epsilon               Q               Y               M               L               C               I               K              EX               N             K_b             K_h               D          D_star               x             psi             phi         upsilon              mu         mu_star               A          R_star          Y_star             Phi           Theta           chi_h           chi_b            Ynet             P_c            R_dc         theta_c            cryp              DC               m             R_c          Lambda             gam             trs         Lambda1        sigma_Rc         mu_cryp             x_c              DE            logY           logPi            logR            logI            logL            logC           logEX            logM            logD       logD_star            logN          spread           logDC            logm        leverage              TB         logcryp
Constant                    0.888889        1.000000        0.039703        5.044429        1.015000        1.049000        1.000000        2.859715        0.436181        0.262036        1.944159        0.384152       19.207588        0.507735        3.681774       14.690313        4.517275        5.653836        4.230485        0.302089        1.599994        3.990010        1.563994        0.007246        0.005690        1.000000        1.011308        0.484018               0        0.401000        0.010464        0.013205        2.378491        1.000000        1.000000        1.000000        0.930129        5.313661        1.216976        1.000000        0.985222        0.276685        0.186349        0.772863               0        0.023113        0.063316        1.000000        1.050722               0        0.014889       -0.956718       -1.339272        0.664830       -0.677796       -0.829697        1.732335        1.442318        1.303395        0.004703        1.670281        0.196369        1.383794        0.071554       -0.072432
R(-1)                      -2.730882       -0.978297       -0.254909       -8.096904        0.337160       -1.814999       -2.160359       -9.574983       -2.045802       -1.261798       -7.764165       -1.244859       -1.244859       -0.878493      -37.108534      -62.827744       61.582886      -46.560974       -2.045802        1.275833        5.826872       14.530853        5.002816        0.138087       -0.000561               0               0               0               0               0        0.285997        0.026536       -6.949801               0        0.337160               0       -1.043678      -23.586728       -4.723572               0       -0.778391        0.466995        0.084527        1.074202               0        0.585779        0.336530       -2.708516       -3.348230       -0.978297        0.332177       -3.240539       -4.815354       -3.993585       -1.730218       -4.690253       -8.235290       -0.483586      -10.078982        0.078288       -4.438885       -3.881401        3.641809        1.167309       -1.122079
K(-1)                      -0.010109       -0.004124       -0.002029        0.001207       -0.000209        0.022350       -0.022252        0.035259       -0.008876        0.000188        0.029641       -0.012822        0.967178        0.010818       -0.442349       -0.518290        1.485468       -0.488747       -0.008876        0.023182        0.100180        0.249826        0.087449        0.002584        0.000182               0               0               0               0               0        0.006355        0.001267        0.027198               0       -0.000209               0        0.001949        0.058189        0.019871               0       -0.001969       -0.008266        0.000815       -0.023339               0        0.000975        0.003775        0.017182        0.012329       -0.004124       -0.000206       -0.033378        0.000718        0.015246        0.021306       -0.020349       -0.086445       -0.002098       -0.120146        0.001424        0.010951        0.016328        0.062613        0.019693        0.002095
K_b(-1)                     0.001368        0.000505        0.000135        0.004286        0.000211        0.000452        0.024607        0.005318        0.001295        0.000668        0.005886        0.014179        0.014179        0.000219        1.296835        2.660544       -2.646365        1.719728        0.001295       -0.061922       -0.234423       -0.584596       -0.206381       -0.005385       -0.000848               0               0               0               0               0       -0.012269       -0.002697        0.018729               0        0.000211               0       -0.000496        0.017513        0.003602               0        0.000037       -0.000705       -0.000051       -0.002067               0       -0.002730       -0.013059        0.000936        0.001860        0.000505        0.000208        0.036911        0.002549        0.003028        0.000430        0.002968        0.304170        0.000306        0.352231       -0.002874        0.003296        0.002960       -0.146515       -0.001076       -0.000533
D(-1)                      -0.001362       -0.000503       -0.000134       -0.004266       -0.000210       -0.000449       -0.024494       -0.005294       -0.001289       -0.000665       -0.005859       -0.014114       -0.014114       -0.000218       -1.290854       -2.648275        2.634161       -1.711797       -0.001289        0.061636        0.233342        0.581900        0.205429        0.005360        0.000844               0               0               0               0               0        0.012212        0.002685       -0.018643               0       -0.000210               0        0.000493       -0.017432       -0.003586               0       -0.000036        0.000702        0.000051        0.002058               0        0.002717        0.012999       -0.000932       -0.001851       -0.000503       -0.000207       -0.036741       -0.002537       -0.003014       -0.000428       -0.002955       -0.302767       -0.000305       -0.350607        0.002861       -0.003281       -0.002946        0.145839        0.001071        0.000530
D_star(-1)                 -0.006939       -0.001524       -0.001403       -0.044571        0.001944        0.043071       -0.056902       -0.078745       -0.033325       -0.006946       -0.095249       -0.032788       -0.032788        0.020847       -1.974328       -3.730842        3.698053       -3.780783        0.977983        0.176149        0.360600        0.899252        0.316769        0.007824        0.003723               0               0               0               0               0        0.017151        0.011295       -0.091019               0        0.001944               0       -0.008454       -0.231460       -0.061288               0       -0.002071        0.017655       -0.001031        0.048672               0        0.007632        0.019107        0.039535       -0.027536       -0.001524        0.001915       -0.085353       -0.026507       -0.048993        0.041059       -0.076401       -0.668711        0.231175       -0.536244        0.004135       -0.043560       -0.050361        0.225376        0.054172       -0.009089
A(-1)                      -0.542490       -0.217314        0.011776        0.374039       -0.007625        1.236438        0.938176        2.593466       -0.384750        0.058289        1.464383        0.540603        0.540603        0.598458        6.604413        5.156750       -4.616147        7.442216       -0.384750       -0.060862       -0.807367       -2.013384       -0.711429       -0.017703        0.001707        0.950000               0               0               0               0       -0.021682        0.011703        2.467736               0       -0.007625               0        0.076793        3.269209        0.958955               0       -0.105189       -0.337896        0.026191       -0.951302               0       -0.022089       -0.076400        0.961369        0.906897       -0.217314       -0.007512        1.407264        0.222447        0.753222        1.178682       -0.882087        1.316313       -0.090947        1.793813       -0.008848        0.615246        0.787982       -0.504606        0.983208        0.082561
R_star(-1)                  0.893597        0.573934       -0.004504       -0.143074        0.566346        6.142950       -4.082206       -3.199301       -2.603766       -0.022296       -4.787726       -2.352280       -2.352280        2.973299      -80.930058     -137.076926      134.724646     -141.604156        1.626719        5.937207       13.708672       34.186215       11.875947        0.301600        0.100413               0        0.900000               0               0               0        0.625472        0.341934       -4.114797               0        0.566346               0       -1.863748       -7.177764       -3.337823               0       -0.148298        1.417686       -0.211045        3.732344               0        1.035282        0.722406        6.429939       -1.118748        0.573934        0.557977       -6.123309       -0.085088       -2.462620        5.856005       -5.969456      -25.045679        0.384523      -21.981268        0.160732       -1.350813       -2.742719        8.567953        5.577065       -2.003751
Y_star(-1)                  0.251619        0.090853        0.033872        1.075897        0.004853       -0.488234        0.127092        1.630223        0.575133        0.167665        0.912223        0.073234        0.073234        0.707786        4.734344        8.554063       -8.480829        8.080458       -0.324867       -0.378096       -0.922399       -2.300247       -0.821199       -0.018357       -0.008452               0               0        0.900000               0               0       -0.039332       -0.023687        1.302886               0        0.004853               0       -0.011149        3.103348        0.535817               0        0.037569       -0.021157       -0.021795       -0.052042               0       -0.004768       -0.045674       -0.374575        0.570065        0.090853        0.004781        0.190638        0.639852        0.469212        1.394007        1.318564        1.429199       -0.076792        1.285887       -0.009624        0.584032        0.440285       -0.576502        0.132653       -0.011987
P_c(-1)                    -0.010621       -0.001447       -0.000801       -0.025453       -0.001635       -0.019059        0.025005       -0.023547       -0.000879       -0.003967       -0.014785        0.014409        0.014409       -0.009225        0.396945        2.384149       -2.369740        5.384509       -0.000879       -0.062132        0.127176        0.317147       -0.185126       -0.004846       -0.034115               0               0               0               0               0       -0.010987       -0.002959       -0.000367               0       -0.001635               0       -2.951383       -0.066381       -0.007757       -1.000000        0.002191       -0.001652        0.000928       -0.004102               0        1.535663       -0.212766       -0.019616       -0.008234       -0.001447       -0.001611        0.037507       -0.015137       -0.007605       -0.018169       -0.002015        0.952364       -0.000208        0.107814       -0.002599       -0.012492       -0.006374        0.079485       -0.008346       -3.173089
theta_c(-1)                -0.001811       -0.000207       -0.000162       -0.005159       -0.000170       -0.001622        0.000231       -0.005872       -0.001110       -0.000804       -0.004275        0.000133        0.000133       -0.000785        0.006110        0.161649       -0.161517        0.622718       -0.001110       -0.003940        0.015320        0.038204       -0.034168       -0.000419       -0.005264               0               0               0               0               0       -0.000748       -0.000196       -0.003056       -0.154393       -0.000170        0.950000       -0.455961       -0.015282       -0.002468       -0.154393        0.000308        0.000054        0.000129        0.000188               0        0.237139       -0.031750       -0.001754       -0.002053       -0.000207       -0.000167        0.000346       -0.003068       -0.002199       -0.001547       -0.002544        0.110141       -0.000262        0.001660       -0.000171       -0.002876       -0.002028        0.009575        0.000324       -0.490212
cryp(-1)                   -0.001341       -0.000496       -0.000132       -0.004203       -0.000207       -0.000443       -0.024132       -0.005216       -0.001270       -0.000655       -0.005772       -0.013905       -0.013905       -0.000214       -1.271777       -2.609138        2.595232       -1.686500       -0.001270        0.060726        0.229894        0.573301        0.202393        0.005281        0.000832               0               0               0               0               0        0.012031        0.002645       -0.018367               0       -0.000207               0        0.000486       -0.017174       -0.003533               0       -0.000036        0.000692        0.000050        0.002027               0        0.002677        0.012806       -0.000918       -0.001824       -0.000496       -0.000204       -0.036198       -0.002500       -0.002969       -0.000422       -0.002911       -0.298293       -0.000300       -0.345425        0.002819       -0.003232       -0.002903        0.143684        0.001055        0.000523
R_c(-1)                    -0.001248       -0.000461       -0.000123       -0.003910       -0.000192       -0.000412       -0.022446       -0.004851       -0.001181       -0.000609       -0.005369       -0.012934       -0.012934       -0.000199       -1.182917       -2.426835        2.413902       -1.568663       -0.001181        0.056483        0.213831        0.533244        0.188252        0.004912        0.000773               0               0               0               0               0        0.011191        0.002460       -0.017084               0       -0.000192               0        0.000452       -0.015974       -0.003286               0       -0.000033        0.000643        0.000046        0.001886               0        0.002490        0.011912       -0.000854       -0.001696       -0.000461       -0.000190       -0.033668       -0.002325       -0.002762       -0.000393       -0.002708       -0.277451       -0.000279       -0.321290        0.002622       -0.003006       -0.002700        0.133645        0.000982        0.000486
sigma_Rc(-1)                       0               0               0               0               0               0               0               0               0               0               0               0               0               0               0               0               0               0               0               0               0               0               0               0               0               0               0               0               0               0               0               0               0               0               0               0               0               0               0               0               0               0               0               0        0.950000               0               0               0               0               0               0               0               0               0               0               0               0               0               0               0               0               0               0               0               0
epsilon(-1)                 0.197627        0.070791        0.018444        0.585860       -0.024552        0.131531        0.146874        0.692708        0.147941        0.091299        0.561070        0.084633        0.084633        0.063663        2.171131        3.488840       -3.404207        2.686928        0.147941       -0.067671       -0.328527       -0.819269       -0.280009       -0.007854        0.000382               0               0               0               0               0       -0.015818       -0.000841        0.496805               0       -0.024552               0        0.075938        1.704621        0.341336               0        0.056472       -0.033606       -0.006114       -0.077122               0       -0.041411       -0.019167       -0.757111        0.242230        0.070791       -0.024189        0.220311        0.348420        0.288593        0.125387        0.339173        0.475240        0.034970        0.589697       -0.004525        0.320800        0.280479       -0.205330       -0.084278        0.081643
varepsilon_R               -3.455184       -1.237660       -0.322467      -10.242796        0.429255       -2.299604       -2.567851      -12.110847       -2.586503       -1.596207       -9.809378       -1.479667       -1.479667       -1.113050      -37.958606      -60.996563       59.516896      -46.976462       -2.586503        1.183110        5.743747       14.323560        4.895493        0.137317       -0.006676               0               0               0               0               0        0.276553        0.014695       -8.685808               0        0.429255               0       -1.327654      -29.802465       -5.967691               0       -0.987326        0.587538        0.106886        1.348352               0        0.724003        0.335107       -3.429846       -4.234983       -1.237660        0.422911       -3.851777       -6.091549       -5.045563       -2.192187       -5.929878       -8.308777       -0.611396      -10.309869        0.079109       -5.608650       -4.903704        3.589856        1.473453       -1.427386
varepsilon_A               -0.571042       -0.228751        0.012395        0.393725       -0.008026        1.301514        0.987554        2.729964       -0.405000        0.061357        1.541456        0.569056        0.569056        0.629956        6.952014        5.428158       -4.859102        7.833911       -0.405000       -0.064065       -0.849860       -2.119352       -0.748872       -0.018635        0.001797        1.000000               0               0               0               0       -0.022823        0.012319        2.597617               0       -0.008026               0        0.080834        3.441273        1.009427               0       -0.110726       -0.355680        0.027569       -1.001371               0       -0.023251       -0.080421        1.011967        0.954628       -0.228751       -0.007907        1.481330        0.234154        0.792865        1.240718       -0.928513        1.385592       -0.095734        1.888224       -0.009313        0.647628        0.829455       -0.531165        1.034956        0.086907
varepsilon_Rstar            1.025139        0.644786        0.001517        0.048192        0.620239        6.625308       -4.271306       -3.188775       -2.738180        0.007510       -4.876978       -2.461245       -2.461245        3.206769      -80.745648     -134.966812      132.505567     -139.764940       -2.738180        5.778161       13.555796       33.804977       11.723160        0.298744        0.094267               0        1.000000               0               0               0        0.615250        0.327429       -4.148940               0        0.620239               0       -2.031535       -6.899470       -3.423824               0       -0.155151        1.493148       -0.229701        3.920824               0        1.114839        0.713863        6.960617       -1.115067        0.644786        0.611073       -6.406959        0.028661       -2.508528        6.315831       -6.277616      -24.720375       -0.647250      -21.931181        0.159370       -1.298440       -2.813387        8.472405        5.944949       -2.184142
varepsilon_Ystar            0.279577        0.100948        0.037635        1.195441        0.005392       -0.542482        0.141214        1.811359        0.639037        0.186294        1.013581        0.081371        0.081371        0.786429        5.260382        9.504515       -9.423144        8.978286       -0.360963       -0.420106       -1.024888       -2.555830       -0.912444       -0.020397       -0.009391               0               0        1.000000               0               0       -0.043703       -0.026319        1.447651               0        0.005392               0       -0.012388        3.448164        0.595352               0        0.041743       -0.023508       -0.024217       -0.057824               0       -0.005298       -0.050749       -0.416195        0.633405        0.100948        0.005313        0.211820        0.710947        0.521347        1.548896        1.465072        1.587999       -0.085324        1.428763       -0.010693        0.648924        0.489206       -0.640557        0.147392       -0.013319
eps_Rc                             0               0               0               0               0               0               0               0               0               0               0               0               0               0               0               0               0               0               0               0               0               0               0               0               0               0               0               0               0               0               0               0               0               0               0               0               0               0               0               0               0               0               0               0        0.030000               0               0               0               0               0               0               0               0               0               0               0               0               0               0               0               0               0               0               0               0
vol                        -0.001906       -0.000218       -0.000171       -0.005430       -0.000179       -0.001708        0.000243       -0.006181       -0.001168       -0.000846       -0.004500        0.000140        0.000140       -0.000827        0.006432        0.170157       -0.170017        0.655493       -0.001168       -0.004148        0.016126        0.040214       -0.035967       -0.000441       -0.005541               0               0               0               0               0       -0.000788       -0.000206       -0.003217       -0.162519       -0.000179        1.000000       -0.479959       -0.016086       -0.002598       -0.162519        0.000324        0.000056        0.000135        0.000198               0        0.249619       -0.033421       -0.001846       -0.002161       -0.000218       -0.000176        0.000364       -0.003230       -0.002315       -0.001628       -0.002678        0.115938       -0.000276        0.001747       -0.000180       -0.003027       -0.002135        0.010079        0.000342       -0.516013


THEORETICAL MOMENTS
VARIABLE          MEAN  STD. DEV.   VARIANCE
mc              0.8889     0.0122     0.0001
Pi              1.0000     0.0053     0.0000
Z               0.0397     0.0019     0.0000
w               5.0444     0.0801     0.0064
R               1.0150     0.0053     0.0000
epsilon         1.0490     0.0702     0.0049
Q               1.0000     0.0475     0.0023
Y               2.8597     0.1797     0.0323
M               0.4362     0.0215     0.0005
L               0.2620     0.0125     0.0002
C               1.9442     0.1334     0.0178
I               0.3842     0.0274     0.0007
K              19.2076     0.6524     0.4256
EX              0.5077     0.0340     0.0012
N               3.6818     0.6330     0.4008
K_b            14.6903     1.1115     1.2355
K_h             4.5173     0.9481     0.8990
D               5.6538     1.0845     1.1762
D_star          4.2305     0.1545     0.0239
x               0.3021     0.0421     0.0018
psi             1.6000     0.0972     0.0095
phi             3.9900     0.2424     0.0588
upsilon         1.5640     0.0842     0.0071
mu              0.0072     0.0021     0.0000
mu_star         0.0057     0.0008     0.0000
A               1.0000     0.0320     0.0010
R_star          1.0113     0.0057     0.0000
Y_star          0.4840     0.0000     0.0000
Phi             0.0000     0.0000     0.0000
Theta           0.4010     0.0000     0.0000
chi_h           0.0105     0.0044     0.0000
chi_b           0.0132     0.0025     0.0000
Ynet            2.3785     0.1523     0.0232
P_c             1.0000     0.0000     0.0000
R_dc            1.0000     0.0053     0.0000
theta_c         1.0000     0.0000     0.0000
cryp            0.9301     0.0184     0.0003
DC              5.3137     0.3372     0.1137
m               1.2170     0.0852     0.0073
R_c             1.0000     0.0000     0.0000
Lambda          0.9852     0.0040     0.0000
gam             0.2767     0.0221     0.0005
trs             0.1863     0.0016     0.0000
Lambda1         0.7729     0.0597     0.0036
sigma_Rc        0.0000     0.0000     0.0000
mu_cryp         0.0231     0.0090     0.0001
x_c             0.0633     0.0060     0.0000
DE              1.0000     0.0222     0.0005
logY            1.0507     0.0628     0.0039
logPi           0.0000     0.0053     0.0000
logR            0.0149     0.0052     0.0000
logI           -0.9567     0.0713     0.0051
logL           -1.3393     0.0476     0.0023
logC            0.6648     0.0686     0.0047
logEX          -0.6778     0.0669     0.0045
logM           -0.8297     0.0492     0.0024
logD            1.7323     0.1918     0.0368
logD_star       1.4423     0.0365     0.0013
logN            1.3034     0.1719     0.0296
spread          0.0047     0.0011     0.0000
logDC           1.6703     0.0635     0.0040
logm            0.1964     0.0700     0.0049
leverage        1.3838     0.0608     0.0037
TB              0.0716     0.0474     0.0022
logcryp        -0.0724     0.0198     0.0004



VARIANCE DECOMPOSITION (in percent)
                 varepsilon_R      varepsilon_A  varepsilon_Rstar  varepsilon_Ystar            eps_Rc               vol
mc                      64.55             28.52              6.93              0.00              0.00              0.00
Pi                      43.68             29.84             26.48              0.00              0.00              0.00
Z                       23.93             73.15              2.92              0.00              0.00              0.00
w                       13.06             80.34              6.60              0.00              0.00              0.00
R                        5.23             29.49             65.28              0.00              0.00              0.00
epsilon                  1.41             73.95             24.64              0.00              0.00              0.00
Q                        2.88             64.24             32.88              0.00              0.00              0.00
Y                        3.62             88.30              8.08              0.00              0.00              0.00
M                       11.80              4.53             83.67              0.00              0.00              0.00
L                       13.06             80.34              6.60              0.00              0.00              0.00
C                        4.27             78.16             17.57              0.00              0.00              0.00
I                        2.88             64.24             32.88              0.00              0.00              0.00
K                        0.80             73.17             26.03              0.00              0.00              0.00
EX                       1.41             73.95             24.64              0.00              0.00              0.00
N                       13.64             14.61             71.75              0.00              0.00              0.00
K_b                     18.90              7.47             73.63              0.00              0.00              0.00
K_h                     21.37              9.20             69.43              0.00              0.00              0.00
D                        5.59             10.30             84.11              0.00              0.00              0.00
D_star                  18.02             12.30             69.68              0.00              0.00              0.00
x                        2.63              0.93             96.44              0.00              0.00              0.00
psi                     16.33              4.40             79.27              0.00              0.00              0.00
phi                     16.33              4.40             79.27              0.00              0.00              0.00
upsilon                 16.67              4.28             79.05              0.00              0.00              0.00
mu                      18.89              4.55             76.55              0.00              0.00              0.00
mu_star                  1.25              4.25             94.50              0.00              0.00              0.00
A                        0.00            100.00              0.00              0.00              0.00              0.00
R_star                   0.00              0.00            100.00              0.00              0.00              0.00
Y_star                   0.00              0.00              0.00            100.00              0.00              0.00
Phi                      1.51             41.65             56.85              0.00              0.00              0.00
Theta                    0.69             79.67             19.64              0.00              0.00              0.00
chi_h                   21.98              5.76             72.26              0.00              0.00              0.00
chi_b                    1.27              5.79             92.94              0.00              0.00              0.00
Ynet                     2.68             86.90             10.42              0.00              0.00              0.00
P_c                      0.00              0.00              0.00              0.00              0.00            100.00
R_dc                     5.23             29.49             65.28              0.00              0.00              0.00
theta_c                  0.00              0.00              0.00              0.00              0.00            100.00
cryp                     4.08             36.66             59.26              0.00              0.00              0.00
DC                       6.20             81.67             12.13              0.00              0.00              0.00
m                        3.88             77.17             18.95              0.00              0.00              0.00
R_c                      0.00              0.00              0.00              0.00              0.00            100.00
Lambda                  48.23             26.00             25.77              0.00              0.00              0.00
gam                      0.57             68.73             30.71              0.00              0.00              0.00
trs                      4.03             18.70             77.27              0.00              0.00              0.00
Lambda1                  0.42             69.91             29.67              0.00              0.00              0.00
sigma_Rc                 0.00              0.02              0.00              0.00             99.98              0.00
mu_cryp                  5.50             24.87             69.62              0.00              0.00              0.00
x_c                     15.01             20.51             64.48              0.00              0.00              0.00
DE                      15.25             22.50             62.25              0.00              0.00              0.00
logY                     3.62             88.30              8.08              0.00              0.00              0.00
logPi                   43.68             29.84             26.48              0.00              0.00              0.00
logR                     5.23             29.49             65.28              0.00              0.00              0.00
logI                     2.88             64.24             32.88              0.00              0.00              0.00
logL                    13.06             80.34              6.60              0.00              0.00              0.00
logC                     4.27             78.16             17.57              0.00              0.00              0.00
logEX                    1.41             73.95             24.64              0.00              0.00              0.00
logM                    11.80              4.53             83.67              0.00              0.00              0.00
logD                     5.59             10.30             84.11              0.00              0.00              0.00
logD_star               18.02             12.30             69.68              0.00              0.00              0.00
logN                    13.64             14.61             71.75              0.00              0.00              0.00
spread                  19.56              4.65             75.79              0.00              0.00              0.00
logDC                    6.20             81.67             12.13              0.00              0.00              0.00
logm                     3.88             77.17             18.95              0.00              0.00              0.00
leverage                16.33              4.40             79.27              0.00              0.00              0.00
TB                       1.39             40.66             57.95              0.00              0.00              0.00
logcryp                  4.08             36.66             59.26              0.00              0.00              0.00



MATRIX OF CORRELATIONS
Variables           mc         Pi          Z          w          R    epsilon          Q          Y          M          L          C          I          K         EX          N        K_b        K_h          D     D_star          x        psi        phi    upsilon         mu    mu_star          A     R_star      chi_h      chi_b       Ynet       R_dc       cryp         DC          m     Lambda        gam        trs    Lambda1    mu_cryp        x_c         DE       logY      logPi       logR       logI       logL       logC      logEX       logM       logD  logD_star       logN     spread      logDC       logm   leverage         TB    logcryp
mc              1.0000     0.9337     0.2363     0.1550     0.0406     0.0059    -0.1965    -0.0610     0.1921     0.1550    -0.0460    -0.1965    -0.0435     0.0059    -0.0978    -0.0363     0.0126    -0.1240     0.1160     0.1198     0.0779     0.0779     0.0792     0.0605     0.1536    -0.2812     0.2205     0.0161     0.1121    -0.1038     0.0406    -0.0741     0.0121    -0.0592     0.5982     0.2060    -0.4772     0.2168     0.0467     0.1114     0.2007    -0.0610     0.9337     0.0406    -0.1965     0.1550    -0.0460     0.0059     0.1921    -0.1240     0.1160    -0.0978     0.0456     0.0121    -0.0592     0.0779    -0.0827    -0.0741
Pi              0.9337     1.0000     0.0301    -0.1025     0.3943    -0.0001    -0.4882    -0.3068    -0.1321    -0.1025    -0.3282    -0.4882    -0.2489    -0.0001    -0.4231    -0.3494     0.2384    -0.4551     0.2530     0.4222     0.3805     0.3805     0.3804     0.3488     0.4082    -0.4119     0.5015     0.2592     0.3577    -0.3557     0.3943    -0.4221    -0.2569    -0.3441     0.2742     0.4978    -0.7559     0.5043     0.4000     0.4334     0.2469    -0.3068     1.0000     0.3943    -0.4882    -0.1025    -0.3282    -0.0001    -0.1321    -0.4551     0.2530    -0.4231     0.3331    -0.2569    -0.3441     0.3805     0.0597    -0.4221
Z               0.2363     0.0301     1.0000     0.8526    -0.5855     0.6382     0.7954     0.8100     0.2322     0.8526     0.7689     0.7954     0.2442     0.6382     0.4624     0.2804    -0.1607     0.3519    -0.0485    -0.1297    -0.3372    -0.3372    -0.3318    -0.3334     0.0989     0.7973    -0.1053    -0.1809     0.1200     0.7960    -0.5855     0.6097     0.8005     0.7606     0.6471    -0.6609     0.2373    -0.6574    -0.5619    -0.4928     0.1050     0.8100     0.0301    -0.5855     0.7954     0.8526     0.7689     0.6382     0.2322     0.3519    -0.0485     0.4624    -0.3409     0.8005     0.7606    -0.3372     0.3520     0.6097
w               0.1550    -0.1025     0.8526     1.0000    -0.7337     0.7164     0.8328     0.9766     0.3160     1.0000     0.9670     0.8328     0.7148     0.7164     0.5794     0.4780    -0.0685     0.5358    -0.3855    -0.3003    -0.3933    -0.3933    -0.3885    -0.3384    -0.1465     0.8348    -0.1757    -0.1266    -0.0422     0.9656    -0.7337     0.7762     0.9860     0.9614     0.7079    -0.8894     0.4586    -0.8891    -0.7004    -0.6338     0.0353     0.9766    -0.1025    -0.7337     0.8328     1.0000     0.9670     0.7164     0.3160     0.5358    -0.3855     0.5794    -0.3353     0.9860     0.9614    -0.3933     0.3702     0.7762
R               0.0406     0.3943    -0.5855    -0.7337     1.0000    -0.0907    -0.8940    -0.7501    -0.8233    -0.7337    -0.8374    -0.8940    -0.5903    -0.0907    -0.9237    -0.8607     0.6028    -0.9328     0.3863     0.8293     0.8431     0.8431     0.8391     0.7996     0.6881    -0.4972     0.7969     0.6522     0.6496    -0.7743     1.0000    -0.9961    -0.7926    -0.8465    -0.7754     0.8886    -0.8705     0.8797     0.9972     0.9227     0.1633    -0.7501     0.3943     1.0000    -0.8940    -0.7337    -0.8374    -0.0907    -0.8233    -0.9328     0.3863    -0.9237     0.7947    -0.7926    -0.8465     0.8431     0.3076    -0.9961
epsilon         0.0059    -0.0001     0.6382     0.7164    -0.0907     1.0000     0.4012     0.7226    -0.4355     0.7164     0.6096     0.4012     0.4669     1.0000    -0.0420    -0.1507     0.4980    -0.1267    -0.1358     0.3893     0.2449     0.2449     0.2477     0.2831     0.4868     0.8380     0.4936     0.4614     0.6104     0.6923    -0.0907     0.1669     0.6700     0.5950     0.1119    -0.4795    -0.0844    -0.4907    -0.0459    -0.0457     0.1557     0.7226    -0.0001    -0.0907     0.4012     0.7164     0.6096     1.0000    -0.4355    -0.1267    -0.1358    -0.0420     0.2859     0.6700     0.5950     0.2449     0.9133     0.1669
Q              -0.1965    -0.4882     0.7954     0.8328    -0.8940     0.4012     1.0000     0.8842     0.5290     0.8328     0.9067     1.0000     0.4928     0.4012     0.8315     0.6872    -0.4665     0.7767    -0.2699    -0.5918    -0.7152    -0.7152    -0.7110    -0.6843    -0.3919     0.7982    -0.5720    -0.5077    -0.3442     0.9044    -0.8940     0.9156     0.8812     0.9113     0.6075    -0.9251     0.7647    -0.9216    -0.8861    -0.8545    -0.0839     0.8842    -0.4882    -0.8940     1.0000     0.8328     0.9067     0.4012     0.5290     0.7767    -0.2699     0.8315    -0.6807     0.8812     0.9113    -0.7152     0.0480     0.9156
Y              -0.0610    -0.3068     0.8100     0.9766    -0.7501     0.7226     0.8842     1.0000     0.2775     0.9766     0.9870     0.8842     0.7317     0.7226     0.6067     0.4908    -0.0719     0.5684    -0.4147    -0.3295    -0.4143    -0.4143    -0.4097    -0.3551    -0.1815     0.9047    -0.2255    -0.1315    -0.0670     0.9982    -0.7501     0.8004     0.9936     0.9842     0.5850    -0.9435     0.5672    -0.9454    -0.7178    -0.6647    -0.0080     1.0000    -0.3068    -0.7501     0.8842     0.9766     0.9870     0.7226     0.2775     0.5684    -0.4147     0.6067    -0.3487     0.9936     0.9842    -0.4143     0.3920     0.8004
M               0.1921    -0.1321     0.2322     0.3160    -0.8233    -0.4355     0.5290     0.2775     1.0000     0.3160     0.4187     0.5290     0.2873    -0.4355     0.8048     0.8217    -0.7655     0.8636    -0.3127    -0.9170    -0.8405    -0.8405    -0.8380    -0.8217    -0.8511    -0.0625    -0.8979    -0.7908    -0.8845     0.3044    -0.8233     0.7746     0.3611     0.4313     0.7612    -0.4955     0.7064    -0.4799    -0.8413    -0.7556    -0.1662     0.2775    -0.1321    -0.8233     0.5290     0.3160     0.4187    -0.4355     1.0000     0.8636    -0.3127     0.8048    -0.8214     0.3611     0.4313    -0.8405    -0.7644     0.7746
L               0.1550    -0.1025     0.8526     1.0000    -0.7337     0.7164     0.8328     0.9766     0.3160     1.0000     0.9670     0.8328     0.7148     0.7164     0.5794     0.4780    -0.0685     0.5358    -0.3855    -0.3003    -0.3933    -0.3933    -0.3885    -0.3384    -0.1465     0.8348    -0.1757    -0.1266    -0.0422     0.9656    -0.7337     0.7762     0.9860     0.9614     0.7079    -0.8894     0.4586    -0.8891    -0.7004    -0.6338     0.0353     0.9766    -0.1025    -0.7337     0.8328     1.0000     0.9670     0.7164     0.3160     0.5358    -0.3855     0.5794    -0.3353     0.9860     0.9614    -0.3933     0.3702     0.7762
C              -0.0460    -0.3282     0.7689     0.9670    -0.8374     0.6096     0.9067     0.9870     0.4187     0.9670     1.0000     0.9067     0.7705     0.6096     0.6986     0.6011    -0.1745     0.6805    -0.4745    -0.4669    -0.5195    -0.5195    -0.5150    -0.4561    -0.3289     0.8352    -0.3566    -0.2375    -0.2188     0.9902    -0.8374     0.8788     0.9953     0.9998     0.6590    -0.9765     0.6626    -0.9764    -0.8092    -0.7472    -0.0408     0.9870    -0.3282    -0.8374     0.9067     0.9670     1.0000     0.6096     0.4187     0.6805    -0.4745     0.6986    -0.4489     0.9953     0.9998    -0.5195     0.2472     0.8788
I              -0.1965    -0.4882     0.7954     0.8328    -0.8940     0.4012     1.0000     0.8842     0.5290     0.8328     0.9067     1.0000     0.4928     0.4012     0.8315     0.6872    -0.4665     0.7767    -0.2699    -0.5918    -0.7152    -0.7152    -0.7110    -0.6843    -0.3919     0.7982    -0.5720    -0.5077    -0.3442     0.9044    -0.8940     0.9156     0.8812     0.9113     0.6075    -0.9251     0.7647    -0.9216    -0.8861    -0.8545    -0.0839     0.8842    -0.4882    -0.8940     1.0000     0.8328     0.9067     0.4012     0.5290     0.7767    -0.2699     0.8315    -0.6807     0.8812     0.9113    -0.7152     0.0480     0.9156
K              -0.0435    -0.2489     0.2442     0.7148    -0.5903     0.4669     0.4928     0.7317     0.2873     0.7148     0.7705     0.4928     1.0000     0.4669     0.4716     0.5255     0.0721     0.5387    -0.6519    -0.3998    -0.2948    -0.2948    -0.2932    -0.1981    -0.4184     0.4854    -0.2034    -0.0089    -0.2538     0.7312    -0.5903     0.6364     0.7616     0.7715     0.4479    -0.7751     0.5515    -0.7790    -0.5609    -0.5310    -0.0807     0.7317    -0.2489    -0.5903     0.4928     0.7148     0.7705     0.4669     0.2873     0.5387    -0.6519     0.4716    -0.1822     0.7616     0.7715    -0.2948     0.2044     0.6364
EX              0.0059    -0.0001     0.6382     0.7164    -0.0907     1.0000     0.4012     0.7226    -0.4355     0.7164     0.6096     0.4012     0.4669     1.0000    -0.0420    -0.1507     0.4980    -0.1267    -0.1358     0.3893     0.2449     0.2449     0.2477     0.2831     0.4868     0.8380     0.4936     0.4614     0.6104     0.6923    -0.0907     0.1669     0.6700     0.5950     0.1119    -0.4795    -0.0844    -0.4907    -0.0459    -0.0457     0.1557     0.7226    -0.0001    -0.0907     0.4012     0.7164     0.6096     1.0000    -0.4355    -0.1267    -0.1358    -0.0420     0.2859     0.6700     0.5950     0.2449     0.9133     0.1669
N              -0.0978    -0.4231     0.4624     0.5794    -0.9237    -0.0420     0.8315     0.6067     0.8048     0.5794     0.6986     0.8315     0.4716    -0.0420     1.0000     0.9689    -0.8114     0.9744    -0.2378    -0.8915    -0.9731    -0.9731    -0.9721    -0.9496    -0.7272     0.3780    -0.8334    -0.8517    -0.7132     0.6414    -0.9237     0.9105     0.6461     0.7097     0.6737    -0.7705     0.8429    -0.7610    -0.9482    -0.9952    -0.1375     0.6067    -0.4231    -0.9237     0.8315     0.5794     0.6986    -0.0420     0.8048     0.9744    -0.2378     1.0000    -0.9450     0.6461     0.7097    -0.9731    -0.3942     0.9105
K_b            -0.0363    -0.3494     0.2804     0.4780    -0.8607    -0.1507     0.6872     0.4908     0.8217     0.4780     0.6011     0.6872     0.5255    -0.1507     0.9689     1.0000    -0.8107     0.9663    -0.2645    -0.9183    -0.9592    -0.9592    -0.9595    -0.9297    -0.7966     0.2049    -0.8256    -0.8554    -0.7762     0.5252    -0.8607     0.8414     0.5458     0.6130     0.6549    -0.6817     0.8034    -0.6718    -0.8909    -0.9623    -0.1462     0.4908    -0.3494    -0.8607     0.6872     0.4780     0.6011    -0.1507     0.8217     0.9663    -0.2645     0.9689    -0.9234     0.5458     0.6130    -0.9592    -0.4797     0.8414
K_h             0.0126     0.2384    -0.1607    -0.0685     0.6028     0.4980    -0.4665    -0.0719    -0.7655    -0.0685    -0.1745    -0.4665     0.0721     0.4980    -0.8114    -0.8107     1.0000    -0.7622    -0.1385     0.8015     0.9216     0.9216     0.9231     0.9535     0.6460     0.0938     0.8279     0.9967     0.7353    -0.1126     0.6028    -0.5485    -0.1158    -0.1877    -0.4596     0.2658    -0.5623     0.2515     0.6585     0.7627     0.1158    -0.0719     0.2384     0.6028    -0.4665    -0.0685    -0.1745     0.4980    -0.7655    -0.7622    -0.1385    -0.8114     0.9571    -0.1158    -0.1877     0.9216     0.7030    -0.5485
D              -0.1240    -0.4551     0.3519     0.5358    -0.9328    -0.1267     0.7767     0.5684     0.8636     0.5358     0.6805     0.7767     0.5387    -0.1267     0.9744     0.9663    -0.7622     1.0000    -0.4100    -0.9572    -0.9466    -0.9466    -0.9454    -0.9083    -0.8520     0.2977    -0.8758    -0.8078    -0.8241     0.6051    -0.9328     0.9189     0.6190     0.6936     0.6583    -0.7745     0.9008    -0.7654    -0.9526    -0.9641    -0.1624     0.5684    -0.4551    -0.9328     0.7767     0.5358     0.6805    -0.1267     0.8636     1.0000    -0.4100     0.9744    -0.9008     0.6190     0.6936    -0.9466    -0.4815     0.9189
D_star          0.1160     0.2530    -0.0485    -0.3855     0.3863    -0.1358    -0.2699    -0.4147    -0.3127    -0.3855    -0.4745    -0.2699    -0.6519    -0.1358    -0.2378    -0.2645    -0.1385    -0.4100     1.0000     0.4323     0.1326     0.1326     0.1307     0.0441     0.5878    -0.2212     0.1850    -0.0860     0.4607    -0.4208     0.3863    -0.4196    -0.4517    -0.4790    -0.2251     0.5222    -0.4729     0.5266     0.3587     0.2575    -0.0050    -0.4147     0.2530     0.3863    -0.2699    -0.3855    -0.4745    -0.1358    -0.3127    -0.4100     1.0000    -0.2378     0.0281    -0.4517    -0.4790     0.1326     0.0442    -0.4196
x               0.1198     0.4222    -0.1297    -0.3003     0.8293     0.3893    -0.5918    -0.3295    -0.9170    -0.3003    -0.4669    -0.5918    -0.3998     0.3893    -0.8915    -0.9183     0.8015    -0.9572     0.4323     1.0000     0.9164     0.9164     0.9160     0.8850     0.9534    -0.0390     0.9282     0.8360     0.9520    -0.3712     0.8293    -0.7984    -0.3933    -0.4831    -0.5677     0.5918    -0.8608     0.5810     0.8573     0.8588     0.1813    -0.3295     0.4222     0.8293    -0.5918    -0.3003    -0.4669     0.3893    -0.9170    -0.9572     0.4323    -0.8915     0.8775    -0.3933    -0.4831     0.9164     0.6937    -0.7984
psi             0.0779     0.3805    -0.3372    -0.3933     0.8431     0.2449    -0.7152    -0.4143    -0.8405    -0.3933    -0.5195    -0.7152    -0.2948     0.2449    -0.9731    -0.9592     0.9216    -0.9466     0.1326     0.9164     1.0000     1.0000     1.0000     0.9944     0.7593    -0.1904     0.8830     0.9479     0.7826    -0.4538     0.8431    -0.8127    -0.4597    -0.5324    -0.6157     0.6082    -0.7868     0.5964     0.8809     0.9498     0.1414    -0.4143     0.3805     0.8431    -0.7152    -0.3933    -0.5195     0.2449    -0.8405    -0.9466     0.1326    -0.9731     0.9921    -0.4597    -0.5324     1.0000     0.5557    -0.8127
phi             0.0779     0.3805    -0.3372    -0.3933     0.8431     0.2449    -0.7152    -0.4143    -0.8405    -0.3933    -0.5195    -0.7152    -0.2948     0.2449    -0.9731    -0.9592     0.9216    -0.9466     0.1326     0.9164     1.0000     1.0000     1.0000     0.9944     0.7593    -0.1904     0.8830     0.9479     0.7826    -0.4538     0.8431    -0.8127    -0.4597    -0.5324    -0.6157     0.6082    -0.7868     0.5964     0.8809     0.9498     0.1414    -0.4143     0.3805     0.8431    -0.7152    -0.3933    -0.5195     0.2449    -0.8405    -0.9466     0.1326    -0.9731     0.9921    -0.4597    -0.5324     1.0000     0.5557    -0.8127
upsilon         0.0792     0.3804    -0.3318    -0.3885     0.8391     0.2477    -0.7110    -0.4097    -0.8380    -0.3885    -0.5150    -0.7110    -0.2932     0.2477    -0.9721    -0.9595     0.9231    -0.9454     0.1307     0.9160     1.0000     1.0000     1.0000     0.9946     0.7594    -0.1863     0.8815     0.9492     0.7828    -0.4494     0.8391    -0.8086    -0.4551    -0.5280    -0.6115     0.6041    -0.7846     0.5924     0.8774     0.9488     0.1407    -0.4097     0.3804     0.8391    -0.7110    -0.3885    -0.5150     0.2477    -0.8380    -0.9454     0.1307    -0.9721     0.9922    -0.4551    -0.5280     1.0000     0.5566    -0.8086
mu              0.0605     0.3488    -0.3334    -0.3384     0.7996     0.2831    -0.6843    -0.3551    -0.8217    -0.3384    -0.4561    -0.6843    -0.1981     0.2831    -0.9496    -0.9297     0.9535    -0.9083     0.0441     0.8850     0.9944     0.9944     0.9946     1.0000     0.7146    -0.1528     0.8716     0.9720     0.7560    -0.3947     0.7996    -0.7639    -0.3979    -0.4688    -0.5922     0.5414    -0.7351     0.5289     0.8419     0.9211     0.1318    -0.3551     0.3488     0.7996    -0.6843    -0.3384    -0.4561     0.2831    -0.8217    -0.9083     0.0441    -0.9496     0.9997    -0.3979    -0.4688     0.9944     0.5746    -0.7639
mu_star         0.1536     0.4082     0.0989    -0.1465     0.6881     0.4868    -0.3919    -0.1815    -0.8511    -0.1465    -0.3289    -0.3919    -0.4184     0.4868    -0.7272    -0.7966     0.6460    -0.8520     0.5878     0.9534     0.7593     0.7593     0.7594     0.7146     1.0000     0.1231     0.8491     0.6816     0.9820    -0.2219     0.6881    -0.6591    -0.2516    -0.3461    -0.4261     0.4726    -0.8022     0.4640     0.7112     0.6914     0.1849    -0.1815     0.4082     0.6881    -0.3919    -0.1465    -0.3289     0.4868    -0.8511    -0.8520     0.5878    -0.7272     0.7036    -0.2516    -0.3461     0.7593     0.7338    -0.6591
A              -0.2812    -0.4119     0.7973     0.8348    -0.4972     0.8380     0.7982     0.9047    -0.0625     0.8348     0.8352     0.7982     0.4854     0.8380     0.3780     0.2049     0.0938     0.2977    -0.2212    -0.0390    -0.1904    -0.1904    -0.1863    -0.1528     0.1231     1.0000     0.0000     0.0546     0.2234     0.9026    -0.4972     0.5618     0.8519     0.8303     0.2528    -0.7873     0.3943    -0.7945    -0.4641    -0.4442     0.0280     0.9047    -0.4119    -0.4972     0.7982     0.8348     0.8352     0.8380    -0.0625     0.2977    -0.2212     0.3780    -0.1478     0.8519     0.8303    -0.1904     0.6285     0.5618
R_star          0.2205     0.5015    -0.1053    -0.1757     0.7969     0.4936    -0.5720    -0.2255    -0.8979    -0.1757    -0.3566    -0.5720    -0.2034     0.4936    -0.8334    -0.8256     0.8279    -0.8758     0.1850     0.9282     0.8830     0.8830     0.8815     0.8716     0.8491     0.0000     1.0000     0.8466     0.8886    -0.2715     0.7969    -0.7541    -0.2745    -0.3748    -0.4804     0.5004    -0.8570     0.4880     0.8239     0.7845     0.2687    -0.2255     0.5015     0.7969    -0.5720    -0.1757    -0.3566     0.4936    -0.8979    -0.8758     0.1850    -0.8334     0.8675    -0.2745    -0.3748     0.8830     0.7598    -0.7541
chi_h           0.0161     0.2592    -0.1809    -0.1266     0.6522     0.4614    -0.5077    -0.1315    -0.7908    -0.1266    -0.2375    -0.5077    -0.0089     0.4614    -0.8517    -0.8554     0.9967    -0.8078    -0.0860     0.8360     0.9479     0.9479     0.9492     0.9720     0.6816     0.0546     0.8466     1.0000     0.7578    -0.1722     0.6522    -0.6015    -0.1779    -0.2508    -0.4971     0.3294    -0.6085     0.3153     0.7057     0.8077     0.1227    -0.1315     0.2592     0.6522    -0.5077    -0.1266    -0.2375     0.4614    -0.7908    -0.8078    -0.0860    -0.8517     0.9743    -0.1779    -0.2508     0.9479     0.6883    -0.6015
chi_b           0.1121     0.3577     0.1200    -0.0422     0.6496     0.6104    -0.3442    -0.0670    -0.8845    -0.0422    -0.2188    -0.3442    -0.2538     0.6104    -0.7132    -0.7762     0.7353    -0.8241     0.4607     0.9520     0.7826     0.7826     0.7828     0.7560     0.9820     0.2234     0.8886     0.7578     1.0000    -0.1093     0.6496    -0.6065    -0.1393    -0.2366    -0.4196     0.3651    -0.7507     0.3541     0.6805     0.6622     0.1865    -0.0670     0.3577     0.6496    -0.3442    -0.0422    -0.2188     0.6104    -0.8845    -0.8241     0.4607    -0.7132     0.7485    -0.1393    -0.2366     0.7826     0.8374    -0.6065
Ynet           -0.1038    -0.3557     0.7960     0.9656    -0.7743     0.6923     0.9044     0.9982     0.3044     0.9656     0.9902     0.9044     0.7312     0.6923     0.6414     0.5252    -0.1126     0.6051    -0.4208    -0.3712    -0.4538    -0.4538    -0.4494    -0.3947    -0.2219     0.9026    -0.2715    -0.1722    -0.1093     1.0000    -0.7743     0.8233     0.9914     0.9887     0.5763    -0.9587     0.6115    -0.9605    -0.7446    -0.6973    -0.0228     0.9982    -0.3557    -0.7743     0.9044     0.9656     0.9902     0.6923     0.3044     0.6051    -0.4208     0.6414    -0.3877     0.9914     0.9887    -0.4538     0.3582     0.8233
R_dc            0.0406     0.3943    -0.5855    -0.7337     1.0000    -0.0907    -0.8940    -0.7501    -0.8233    -0.7337    -0.8374    -0.8940    -0.5903    -0.0907    -0.9237    -0.8607     0.6028    -0.9328     0.3863     0.8293     0.8431     0.8431     0.8391     0.7996     0.6881    -0.4972     0.7969     0.6522     0.6496    -0.7743     1.0000    -0.9961    -0.7926    -0.8465    -0.7754     0.8886    -0.8705     0.8797     0.9972     0.9227     0.1633    -0.7501     0.3943     1.0000    -0.8940    -0.7337    -0.8374    -0.0907    -0.8233    -0.9328     0.3863    -0.9237     0.7947    -0.7926    -0.8465     0.8431     0.3076    -0.9961
cryp           -0.0741    -0.4221     0.6097     0.7762    -0.9961     0.1669     0.9156     0.8004     0.7746     0.7762     0.8788     0.9156     0.6364     0.1669     0.9105     0.8414    -0.5485     0.9189    -0.4196    -0.7984    -0.8127    -0.8127    -0.8086    -0.7639    -0.6591     0.5618    -0.7541    -0.6015    -0.6065     0.8233    -0.9961     1.0000     0.8369     0.8872     0.7533    -0.9257     0.8735    -0.9184    -0.9895    -0.9173    -0.1550     0.8004    -0.4221    -0.9961     0.9156     0.7762     0.8788     0.1669     0.7746     0.9189    -0.4196     0.9105    -0.7579     0.8369     0.8872    -0.8127    -0.2309     1.0000
DC              0.0121    -0.2569     0.8005     0.9860    -0.7926     0.6700     0.8812     0.9936     0.3611     0.9860     0.9953     0.8812     0.7616     0.6700     0.6461     0.5458    -0.1158     0.6190    -0.4517    -0.3933    -0.4597    -0.4597    -0.4551    -0.3979    -0.2516     0.8519    -0.2745    -0.1779    -0.1393     0.9914    -0.7926     0.8369     1.0000     0.9929     0.6622    -0.9515     0.5868    -0.9519    -0.7615    -0.6993    -0.0108     0.9936    -0.2569    -0.7926     0.8812     0.9860     0.9953     0.6700     0.3611     0.6190    -0.4517     0.6461    -0.3917     1.0000     0.9929    -0.4597     0.3165     0.8369
m              -0.0592    -0.3441     0.7606     0.9614    -0.8465     0.5950     0.9113     0.9842     0.4313     0.9614     0.9998     0.9113     0.7715     0.5950     0.7097     0.6130    -0.1877     0.6936    -0.4790    -0.4831    -0.5324    -0.5324    -0.5280    -0.4688    -0.3461     0.8303    -0.3748    -0.2508    -0.2366     0.9887    -0.8465     0.8872     0.9929     1.0000     0.6574    -0.9809     0.6791    -0.9807    -0.8191    -0.7572    -0.0476     0.9842    -0.3441    -0.8465     0.9113     0.9614     0.9998     0.5950     0.4313     0.6936    -0.4790     0.7097    -0.4613     0.9929     1.0000    -0.5324     0.2310     0.8872
Lambda          0.5982     0.2742     0.6471     0.7079    -0.7754     0.1119     0.6075     0.5850     0.7612     0.7079     0.6590     0.6075     0.4479     0.1119     0.6737     0.6549    -0.4596     0.6583    -0.2251    -0.5677    -0.6157    -0.6157    -0.6115    -0.5922    -0.4261     0.2528    -0.4804    -0.4971    -0.4196     0.5763    -0.7754     0.7533     0.6622     0.6574     1.0000    -0.5935     0.3878    -0.5799    -0.7679    -0.6668     0.0012     0.5850     0.2742    -0.7754     0.6075     0.7079     0.6590     0.1119     0.7612     0.6583    -0.2251     0.6737    -0.5979     0.6622     0.6574    -0.6157    -0.2642     0.7533
gam             0.2060     0.4978    -0.6609    -0.8894     0.8886    -0.4795    -0.9251    -0.9435    -0.4955    -0.8894    -0.9765    -0.9251    -0.7751    -0.4795    -0.7705    -0.6817     0.2658    -0.7745     0.5222     0.5918     0.6082     0.6082     0.6041     0.5414     0.4726    -0.7873     0.5004     0.3294     0.3651    -0.9587     0.8886    -0.9257    -0.9515    -0.9809    -0.5935     1.0000    -0.8041     0.9998     0.8666     0.8107     0.1043    -0.9435     0.4978     0.8886    -0.9251    -0.8894    -0.9765    -0.4795    -0.4955    -0.7745     0.5222    -0.7705     0.5313    -0.9515    -0.9809     0.6082    -0.1192    -0.9257
trs            -0.4772    -0.7559     0.2373     0.4586    -0.8705    -0.0844     0.7647     0.5672     0.7064     0.4586     0.6626     0.7647     0.5515    -0.0844     0.8429     0.8034    -0.5623     0.9008    -0.4729    -0.8608    -0.7868    -0.7868    -0.7846    -0.7351    -0.8022     0.3943    -0.8570    -0.6085    -0.7507     0.6115    -0.8705     0.8735     0.5868     0.6791     0.3878    -0.8041     1.0000    -0.8003    -0.8755    -0.8381    -0.2570     0.5672    -0.7559    -0.8705     0.7647     0.4586     0.6626    -0.0844     0.7064     0.9008    -0.4729     0.8429    -0.7222     0.5868     0.6791    -0.7868    -0.3801     0.8735
Lambda1         0.2168     0.5043    -0.6574    -0.8891     0.8797    -0.4907    -0.9216    -0.9454    -0.4799    -0.8891    -0.9764    -0.9216    -0.7790    -0.4907    -0.7610    -0.6718     0.2515    -0.7654     0.5266     0.5810     0.5964     0.5964     0.5924     0.5289     0.4640    -0.7945     0.4880     0.3153     0.3541    -0.9605     0.8797    -0.9184    -0.9519    -0.9807    -0.5799     0.9998    -0.8003     1.0000     0.8572     0.8025     0.1027    -0.9454     0.5043     0.8797    -0.9216    -0.8891    -0.9764    -0.4907    -0.4799    -0.7654     0.5266    -0.7610     0.5185    -0.9519    -0.9807     0.5964    -0.1343    -0.9184
mu_cryp         0.0467     0.4000    -0.5619    -0.7004     0.9972    -0.0459    -0.8861    -0.7178    -0.8413    -0.7004    -0.8092    -0.8861    -0.5609    -0.0459    -0.9482    -0.8909     0.6585    -0.9526     0.3587     0.8573     0.8809     0.8809     0.8774     0.8419     0.7112    -0.4641     0.8239     0.7057     0.6805    -0.7446     0.9972    -0.9895    -0.7615    -0.8191    -0.7679     0.8666    -0.8755     0.8572     1.0000     0.9441     0.1633    -0.7178     0.4000     0.9972    -0.8861    -0.7004    -0.8092    -0.0459    -0.8413    -0.9526     0.3587    -0.9482     0.8372    -0.7615    -0.8191     0.8809     0.3478    -0.9895
x_c             0.1114     0.4334    -0.4928    -0.6338     0.9227    -0.0457    -0.8545    -0.6647    -0.7556    -0.6338    -0.7472    -0.8545    -0.5310    -0.0457    -0.9952    -0.9623     0.7627    -0.9641     0.2575     0.8588     0.9498     0.9498     0.9488     0.9211     0.6914    -0.4442     0.7845     0.8077     0.6622    -0.6973     0.9227    -0.9173    -0.6993    -0.7572    -0.6668     0.8107    -0.8381     0.8025     0.9441     1.0000     0.1258    -0.6647     0.4334     0.9227    -0.8545    -0.6338    -0.7472    -0.0457    -0.7556    -0.9641     0.2575    -0.9952     0.9156    -0.6993    -0.7572     0.9498     0.3091    -0.9173
DE              0.2007     0.2469     0.1050     0.0353     0.1633     0.1557    -0.0839    -0.0080    -0.1662     0.0353    -0.0408    -0.0839    -0.0807     0.1557    -0.1375    -0.1462     0.1158    -0.1624    -0.0050     0.1813     0.1414     0.1414     0.1407     0.1318     0.1849     0.0280     0.2687     0.1227     0.1865    -0.0228     0.1633    -0.1550    -0.0108    -0.0476     0.0012     0.1043    -0.2570     0.1027     0.1633     0.1258     1.0000    -0.0080     0.2469     0.1633    -0.0839     0.0353    -0.0408     0.1557    -0.1662    -0.1624    -0.0050    -0.1375     0.1283    -0.0108    -0.0476     0.1414     0.1867    -0.1550
logY           -0.0610    -0.3068     0.8100     0.9766    -0.7501     0.7226     0.8842     1.0000     0.2775     0.9766     0.9870     0.8842     0.7317     0.7226     0.6067     0.4908    -0.0719     0.5684    -0.4147    -0.3295    -0.4143    -0.4143    -0.4097    -0.3551    -0.1815     0.9047    -0.2255    -0.1315    -0.0670     0.9982    -0.7501     0.8004     0.9936     0.9842     0.5850    -0.9435     0.5672    -0.9454    -0.7178    -0.6647    -0.0080     1.0000    -0.3068    -0.7501     0.8842     0.9766     0.9870     0.7226     0.2775     0.5684    -0.4147     0.6067    -0.3487     0.9936     0.9842    -0.4143     0.3920     0.8004
logPi           0.9337     1.0000     0.0301    -0.1025     0.3943    -0.0001    -0.4882    -0.3068    -0.1321    -0.1025    -0.3282    -0.4882    -0.2489    -0.0001    -0.4231    -0.3494     0.2384    -0.4551     0.2530     0.4222     0.3805     0.3805     0.3804     0.3488     0.4082    -0.4119     0.5015     0.2592     0.3577    -0.3557     0.3943    -0.4221    -0.2569    -0.3441     0.2742     0.4978    -0.7559     0.5043     0.4000     0.4334     0.2469    -0.3068     1.0000     0.3943    -0.4882    -0.1025    -0.3282    -0.0001    -0.1321    -0.4551     0.2530    -0.4231     0.3331    -0.2569    -0.3441     0.3805     0.0597    -0.4221
logR            0.0406     0.3943    -0.5855    -0.7337     1.0000    -0.0907    -0.8940    -0.7501    -0.8233    -0.7337    -0.8374    -0.8940    -0.5903    -0.0907    -0.9237    -0.8607     0.6028    -0.9328     0.3863     0.8293     0.8431     0.8431     0.8391     0.7996     0.6881    -0.4972     0.7969     0.6522     0.6496    -0.7743     1.0000    -0.9961    -0.7926    -0.8465    -0.7754     0.8886    -0.8705     0.8797     0.9972     0.9227     0.1633    -0.7501     0.3943     1.0000    -0.8940    -0.7337    -0.8374    -0.0907    -0.8233    -0.9328     0.3863    -0.9237     0.7947    -0.7926    -0.8465     0.8431     0.3076    -0.9961
logI           -0.1965    -0.4882     0.7954     0.8328    -0.8940     0.4012     1.0000     0.8842     0.5290     0.8328     0.9067     1.0000     0.4928     0.4012     0.8315     0.6872    -0.4665     0.7767    -0.2699    -0.5918    -0.7152    -0.7152    -0.7110    -0.6843    -0.3919     0.7982    -0.5720    -0.5077    -0.3442     0.9044    -0.8940     0.9156     0.8812     0.9113     0.6075    -0.9251     0.7647    -0.9216    -0.8861    -0.8545    -0.0839     0.8842    -0.4882    -0.8940     1.0000     0.8328     0.9067     0.4012     0.5290     0.7767    -0.2699     0.8315    -0.6807     0.8812     0.9113    -0.7152     0.0480     0.9156
logL            0.1550    -0.1025     0.8526     1.0000    -0.7337     0.7164     0.8328     0.9766     0.3160     1.0000     0.9670     0.8328     0.7148     0.7164     0.5794     0.4780    -0.0685     0.5358    -0.3855    -0.3003    -0.3933    -0.3933    -0.3885    -0.3384    -0.1465     0.8348    -0.1757    -0.1266    -0.0422     0.9656    -0.7337     0.7762     0.9860     0.9614     0.7079    -0.8894     0.4586    -0.8891    -0.7004    -0.6338     0.0353     0.9766    -0.1025    -0.7337     0.8328     1.0000     0.9670     0.7164     0.3160     0.5358    -0.3855     0.5794    -0.3353     0.9860     0.9614    -0.3933     0.3702     0.7762
logC           -0.0460    -0.3282     0.7689     0.9670    -0.8374     0.6096     0.9067     0.9870     0.4187     0.9670     1.0000     0.9067     0.7705     0.6096     0.6986     0.6011    -0.1745     0.6805    -0.4745    -0.4669    -0.5195    -0.5195    -0.5150    -0.4561    -0.3289     0.8352    -0.3566    -0.2375    -0.2188     0.9902    -0.8374     0.8788     0.9953     0.9998     0.6590    -0.9765     0.6626    -0.9764    -0.8092    -0.7472    -0.0408     0.9870    -0.3282    -0.8374     0.9067     0.9670     1.0000     0.6096     0.4187     0.6805    -0.4745     0.6986    -0.4489     0.9953     0.9998    -0.5195     0.2472     0.8788
logEX           0.0059    -0.0001     0.6382     0.7164    -0.0907     1.0000     0.4012     0.7226    -0.4355     0.7164     0.6096     0.4012     0.4669     1.0000    -0.0420    -0.1507     0.4980    -0.1267    -0.1358     0.3893     0.2449     0.2449     0.2477     0.2831     0.4868     0.8380     0.4936     0.4614     0.6104     0.6923    -0.0907     0.1669     0.6700     0.5950     0.1119    -0.4795    -0.0844    -0.4907    -0.0459    -0.0457     0.1557     0.7226    -0.0001    -0.0907     0.4012     0.7164     0.6096     1.0000    -0.4355    -0.1267    -0.1358    -0.0420     0.2859     0.6700     0.5950     0.2449     0.9133     0.1669
logM            0.1921    -0.1321     0.2322     0.3160    -0.8233    -0.4355     0.5290     0.2775     1.0000     0.3160     0.4187     0.5290     0.2873    -0.4355     0.8048     0.8217    -0.7655     0.8636    -0.3127    -0.9170    -0.8405    -0.8405    -0.8380    -0.8217    -0.8511    -0.0625    -0.8979    -0.7908    -0.8845     0.3044    -0.8233     0.7746     0.3611     0.4313     0.7612    -0.4955     0.7064    -0.4799    -0.8413    -0.7556    -0.1662     0.2775    -0.1321    -0.8233     0.5290     0.3160     0.4187    -0.4355     1.0000     0.8636    -0.3127     0.8048    -0.8214     0.3611     0.4313    -0.8405    -0.7644     0.7746
logD           -0.1240    -0.4551     0.3519     0.5358    -0.9328    -0.1267     0.7767     0.5684     0.8636     0.5358     0.6805     0.7767     0.5387    -0.1267     0.9744     0.9663    -0.7622     1.0000    -0.4100    -0.9572    -0.9466    -0.9466    -0.9454    -0.9083    -0.8520     0.2977    -0.8758    -0.8078    -0.8241     0.6051    -0.9328     0.9189     0.6190     0.6936     0.6583    -0.7745     0.9008    -0.7654    -0.9526    -0.9641    -0.1624     0.5684    -0.4551    -0.9328     0.7767     0.5358     0.6805    -0.1267     0.8636     1.0000    -0.4100     0.9744    -0.9008     0.6190     0.6936    -0.9466    -0.4815     0.9189
logD_star       0.1160     0.2530    -0.0485    -0.3855     0.3863    -0.1358    -0.2699    -0.4147    -0.3127    -0.3855    -0.4745    -0.2699    -0.6519    -0.1358    -0.2378    -0.2645    -0.1385    -0.4100     1.0000     0.4323     0.1326     0.1326     0.1307     0.0441     0.5878    -0.2212     0.1850    -0.0860     0.4607    -0.4208     0.3863    -0.4196    -0.4517    -0.4790    -0.2251     0.5222    -0.4729     0.5266     0.3587     0.2575    -0.0050    -0.4147     0.2530     0.3863    -0.2699    -0.3855    -0.4745    -0.1358    -0.3127    -0.4100     1.0000    -0.2378     0.0281    -0.4517    -0.4790     0.1326     0.0442    -0.4196
logN           -0.0978    -0.4231     0.4624     0.5794    -0.9237    -0.0420     0.8315     0.6067     0.8048     0.5794     0.6986     0.8315     0.4716    -0.0420     1.0000     0.9689    -0.8114     0.9744    -0.2378    -0.8915    -0.9731    -0.9731    -0.9721    -0.9496    -0.7272     0.3780    -0.8334    -0.8517    -0.7132     0.6414    -0.9237     0.9105     0.6461     0.7097     0.6737    -0.7705     0.8429    -0.7610    -0.9482    -0.9952    -0.1375     0.6067    -0.4231    -0.9237     0.8315     0.5794     0.6986    -0.0420     0.8048     0.9744    -0.2378     1.0000    -0.9450     0.6461     0.7097    -0.9731    -0.3942     0.9105
spread          0.0456     0.3331    -0.3409    -0.3353     0.7947     0.2859    -0.6807    -0.3487    -0.8214    -0.3353    -0.4489    -0.6807    -0.1822     0.2859    -0.9450    -0.9234     0.9571    -0.9008     0.0281     0.8775     0.9921     0.9921     0.9922     0.9997     0.7036    -0.1478     0.8675     0.9743     0.7485    -0.3877     0.7947    -0.7579    -0.3917    -0.4613    -0.5979     0.5313    -0.7222     0.5185     0.8372     0.9156     0.1283    -0.3487     0.3331     0.7947    -0.6807    -0.3353    -0.4489     0.2859    -0.8214    -0.9008     0.0281    -0.9450     1.0000    -0.3917    -0.4613     0.9921     0.5765    -0.7579
logDC           0.0121    -0.2569     0.8005     0.9860    -0.7926     0.6700     0.8812     0.9936     0.3611     0.9860     0.9953     0.8812     0.7616     0.6700     0.6461     0.5458    -0.1158     0.6190    -0.4517    -0.3933    -0.4597    -0.4597    -0.4551    -0.3979    -0.2516     0.8519    -0.2745    -0.1779    -0.1393     0.9914    -0.7926     0.8369     1.0000     0.9929     0.6622    -0.9515     0.5868    -0.9519    -0.7615    -0.6993    -0.0108     0.9936    -0.2569    -0.7926     0.8812     0.9860     0.9953     0.6700     0.3611     0.6190    -0.4517     0.6461    -0.3917     1.0000     0.9929    -0.4597     0.3165     0.8369
logm           -0.0592    -0.3441     0.7606     0.9614    -0.8465     0.5950     0.9113     0.9842     0.4313     0.9614     0.9998     0.9113     0.7715     0.5950     0.7097     0.6130    -0.1877     0.6936    -0.4790    -0.4831    -0.5324    -0.5324    -0.5280    -0.4688    -0.3461     0.8303    -0.3748    -0.2508    -0.2366     0.9887    -0.8465     0.8872     0.9929     1.0000     0.6574    -0.9809     0.6791    -0.9807    -0.8191    -0.7572    -0.0476     0.9842    -0.3441    -0.8465     0.9113     0.9614     0.9998     0.5950     0.4313     0.6936    -0.4790     0.7097    -0.4613     0.9929     1.0000    -0.5324     0.2310     0.8872
leverage        0.0779     0.3805    -0.3372    -0.3933     0.8431     0.2449    -0.7152    -0.4143    -0.8405    -0.3933    -0.5195    -0.7152    -0.2948     0.2449    -0.9731    -0.9592     0.9216    -0.9466     0.1326     0.9164     1.0000     1.0000     1.0000     0.9944     0.7593    -0.1904     0.8830     0.9479     0.7826    -0.4538     0.8431    -0.8127    -0.4597    -0.5324    -0.6157     0.6082    -0.7868     0.5964     0.8809     0.9498     0.1414    -0.4143     0.3805     0.8431    -0.7152    -0.3933    -0.5195     0.2449    -0.8405    -0.9466     0.1326    -0.9731     0.9921    -0.4597    -0.5324     1.0000     0.5557    -0.8127
TB             -0.0827     0.0597     0.3520     0.3702     0.3076     0.9133     0.0480     0.3920    -0.7644     0.3702     0.2472     0.0480     0.2044     0.9133    -0.3942    -0.4797     0.7030    -0.4815     0.0442     0.6937     0.5557     0.5557     0.5566     0.5746     0.7338     0.6285     0.7598     0.6883     0.8374     0.3582     0.3076    -0.2309     0.3165     0.2310    -0.2642    -0.1192    -0.3801    -0.1343     0.3478     0.3091     0.1867     0.3920     0.0597     0.3076     0.0480     0.3702     0.2472     0.9133    -0.7644    -0.4815     0.0442    -0.3942     0.5765     0.3165     0.2310     0.5557     1.0000    -0.2309
logcryp        -0.0741    -0.4221     0.6097     0.7762    -0.9961     0.1669     0.9156     0.8004     0.7746     0.7762     0.8788     0.9156     0.6364     0.1669     0.9105     0.8414    -0.5485     0.9189    -0.4196    -0.7984    -0.8127    -0.8127    -0.8086    -0.7639    -0.6591     0.5618    -0.7541    -0.6015    -0.6065     0.8233    -0.9961     1.0000     0.8369     0.8872     0.7533    -0.9257     0.8735    -0.9184    -0.9895    -0.9173    -0.1550     0.8004    -0.4221    -0.9961     0.9156     0.7762     0.8788     0.1669     0.7746     0.9189    -0.4196     0.9105    -0.7579     0.8369     0.8872    -0.8127    -0.2309     1.0000



COEFFICIENTS OF AUTOCORRELATION
Order              1        2        3        4        5
mc            0.4778   0.2333   0.1185   0.0642   0.0382
Pi            0.5954   0.3978   0.2974   0.2431   0.2109
Z             0.8556   0.7610   0.6912   0.6345   0.5854
w             0.9215   0.8689   0.8291   0.7958   0.7662
R             0.9228   0.8556   0.7959   0.7420   0.6932
epsilon       0.9484   0.8998   0.8543   0.8118   0.7720
Q             0.9394   0.8784   0.8197   0.7641   0.7122
Y             0.9661   0.9324   0.8997   0.8681   0.8377
M             0.8580   0.7584   0.6818   0.6189   0.5651
L             0.9215   0.8689   0.8291   0.7958   0.7662
C             0.9635   0.9292   0.8968   0.8660   0.8367
I             0.9394   0.8784   0.8197   0.7641   0.7122
K             0.9993   0.9973   0.9942   0.9900   0.9848
EX            0.9484   0.8998   0.8543   0.8118   0.7720
N             0.9292   0.8639   0.8039   0.7486   0.6977
K_b           0.9415   0.8871   0.8367   0.7899   0.7465
K_h           0.9216   0.8495   0.7832   0.7222   0.6660
D             0.9374   0.8795   0.8262   0.7772   0.7320
D_star        0.9965   0.9911   0.9844   0.9770   0.9690
x             0.9364   0.8781   0.8246   0.7755   0.7305
psi           0.9214   0.8493   0.7831   0.7224   0.6667
phi           0.9214   0.8493   0.7831   0.7224   0.6667
upsilon       0.9218   0.8501   0.7842   0.7237   0.6682
mu            0.9177   0.8423   0.7732   0.7098   0.6517
mu_star       0.9537   0.9119   0.8738   0.8385   0.8059
A             0.9500   0.9025   0.8574   0.8145   0.7738
R_star        0.9000   0.8100   0.7290   0.6561   0.5905
chi_h         0.9210   0.8483   0.7815   0.7199   0.6633
chi_b         0.9439   0.8924   0.8452   0.8017   0.7616
Ynet          0.9681   0.9347   0.9015   0.8692   0.8380
R_dc          0.9228   0.8556   0.7959   0.7420   0.6932
cryp          0.9346   0.8754   0.8214   0.7720   0.7268
DC            0.9566   0.9198   0.8868   0.8562   0.8275
m             0.9646   0.9307   0.8982   0.8673   0.8378
Lambda        0.6663   0.4972   0.4061   0.3523   0.3169
gam           0.9689   0.9361   0.9035   0.8719   0.8417
trs           0.8914   0.8138   0.7531   0.7024   0.6584
Lambda1       0.9695   0.9374   0.9055   0.8746   0.8450
mu_cryp       0.9216   0.8527   0.7911   0.7355   0.6849
x_c           0.9355   0.8759   0.8207   0.7698   0.7226
DE           -0.0336  -0.0246  -0.0194  -0.0161  -0.0137
logY          0.9661   0.9324   0.8997   0.8681   0.8377
logPi         0.5954   0.3978   0.2974   0.2431   0.2109
logR          0.9228   0.8556   0.7959   0.7420   0.6932
logI          0.9394   0.8784   0.8197   0.7641   0.7122
logL          0.9215   0.8689   0.8291   0.7958   0.7662
logC          0.9635   0.9292   0.8968   0.8660   0.8367
logEX         0.9484   0.8998   0.8543   0.8118   0.7720
logM          0.8580   0.7584   0.6818   0.6189   0.5651
logD          0.9374   0.8795   0.8262   0.7772   0.7320
logD_star     0.9965   0.9911   0.9844   0.9770   0.9690
logN          0.9292   0.8639   0.8039   0.7486   0.6977
spread        0.9165   0.8403   0.7706   0.7067   0.6482
logDC         0.9566   0.9198   0.8868   0.8562   0.8275
logm          0.9646   0.9307   0.8982   0.8673   0.8378
leverage      0.9214   0.8493   0.7831   0.7224   0.6667
TB            0.9190   0.8494   0.7879   0.7327   0.6827
logcryp       0.9346   0.8754   0.8214   0.7720   0.7268
Total computing time : 0h00m00s
