Starting Dynare (version 5.1).
Calling Dynare with arguments: none
Starting preprocessing of the model file ...
Found 66 equation(s).
Evaluating expressions...done
Computing static model derivatives (order 1).
Computing dynamic model derivatives (order 1).
Processing outputs ...
done
Preprocessing completed.


STEADY-STATE RESULTS:

mc        		 0.888889
Pi        		 1
Z         		 0.0397052
w         		 5.04516
R         		 1.015
epsilon   		 1.04845
Q         		 1
Y         		 2.86138
M         		 0.436666
L         		 0.262151
C         		 1.94489
I         		 0.38435
K         		 19.2175
EX        		 0.50822
N         		 3.6833
K_b       		 14.6954
K_h       		 4.52211
D         		 5.62953
D_star    		 4.2711
x         		 0.304722
psi       		 1.59989
phi       		 3.98974
upsilon   		 1.56389
mu        		 0.00724965
mu_star   		 0.0057705
A         		 1
R_star    		 1.01125
Y_star    		 0.484737
Phi       		 0
Theta     		 0.401
chi_h     		 0.0104814
chi_b     		 0.0134408
Ynet      		 2.37964
P_c       		 1
R_dc      		 1
theta_c   		 1
cryp      		 0.918001
DC        		 2.05751
m         		 2.02547
R_c       		 1
Lambda    		 0.985222
gam       		 0.0315772
trs       		 0.496077
Lambda1   		 1.0178
sigma_Rc  		 0
mu_cryp   		 0.0231117
x_c       		 0.0624686
DE        		 1
logY      		 1.0513
logPi     		 0
logR      		 0.0148886
logI      		 -0.956202
logL      		 -1.33884
logC      		 0.665204
logEX     		 -0.676841
logM      		 -0.828586
logD      		 1.72803
logD_star 		 1.45187
logN      		 1.30381
spread    		 -5.35909
logDC     		 0.721498
logm      		 0.705804
leverage  		 1.38373
TB        		 -2.63731
logcryp   		 -0.0855572
logRDC    		 0

EIGENVALUES:
         Modulus             Real        Imaginary

       6.184e-16       -6.184e-16                0
       2.293e-15       -2.293e-15                0
       2.173e-13        2.173e-13                0
       1.204e-09        1.204e-09                0
       1.204e-09       -1.204e-09                0
          0.4586           0.4586                0
             0.9              0.9                0
             0.9              0.9                0
          0.9363           0.9363                0
            0.95             0.95                0
            0.95             0.95                0
            0.95             0.95                0
          0.9756           0.9756                0
          0.9848           0.9848                0
           1.025            1.025                0
           1.042            1.042                0
           1.071            1.071                0
            1.18             1.18                0
           1.557            1.557                0
       1.841e+18       -1.841e+18                0
             Inf              Inf                0


There are 7 eigenvalue(s) larger than 1 in modulus 
for 7 forward-looking variable(s)

The rank condition is verified.

MODEL_DIAGNOSTICS:  The Jacobian of the static model is singular
MODEL_DIAGNOSTICS:  there is 2 colinear relationships between the variables and the equations
Relation 1
Colinear variables:
Z
w
epsilon
Y
M
L
C
I
K
EX
N
K_b
K_h
D
D_star
x
psi
phi
upsilon
mu
mu_star
R_star
Y_star
chi_h
chi_b
Ynet
cryp
DC
m
gam
trs
Lambda1
mu_cryp
x_c
logY
logI
logL
logC
logEX
logM
logD
logD_star
logN
spread
logDC
logm
leverage
TB
logcryp
Relation 2
Colinear variables:
Z
w
epsilon
Y
M
L
C
I
K
EX
N
K_b
K_h
D
D_star
x
psi
phi
upsilon
mu
mu_star
R_star
Y_star
chi_h
chi_b
Ynet
cryp
DC
m
gam
trs
Lambda1
mu_cryp
x_c
logY
logI
logL
logC
logEX
logM
logD
logD_star
logN
spread
logDC
logm
leverage
TB
logcryp
Relation 1
Colinear equations
    46    47

Relation 2
Colinear equations
    46    47

MODEL_DIAGNOSTICS:  The presence of a singularity problem typically indicates that there is one
MODEL_DIAGNOSTICS:  redundant equation entered in the model block, while another non-redundant equation
MODEL_DIAGNOSTICS:  is missing. The problem often derives from Walras Law.

MODEL SUMMARY

  Number of variables:         66
  Number of stochastic shocks: 6
  Number of state variables:   14
  Number of jumpers:           7
  Number of static variables:  46


MATRIX OF COVARIANCE OF EXOGENOUS SHOCKS
Variables               varepsilon_R      varepsilon_A  varepsilon_Rstar  varepsilon_Ystar            eps_Rc               vol
varepsilon_R                0.000006          0.000000          0.000000          0.000000          0.000000          0.000000
varepsilon_A                0.000000          0.000100          0.000000          0.000000          0.000000          0.000000
varepsilon_Rstar            0.000000          0.000000          0.000006          0.000000          0.000000          0.000000
varepsilon_Ystar            0.000000          0.000000          0.000000          0.000000          0.000000          0.000000
eps_Rc                      0.000000          0.000000          0.000000          0.000000          0.000000          0.000000
vol                         0.000000          0.000000          0.000000          0.000000          0.000000          0.000000

POLICY AND TRANSITION FUNCTIONS
                                  mc              Pi               Z               w               R         epsilon               Q               Y               M               L               C               I               K              EX               N             K_b             K_h               D          D_star               x             psi             phi         upsilon              mu         mu_star               A          R_star          Y_star             Phi           Theta           chi_h           chi_b            Ynet             P_c            R_dc         theta_c            cryp              DC               m             R_c          Lambda             gam             trs         Lambda1        sigma_Rc         mu_cryp             x_c              DE            logY           logPi            logR            logI            logL            logC           logEX            logM            logD       logD_star            logN          spread           logDC            logm        leverage              TB         logcryp          logRDC
Constant                    0.888889        1.000000        0.039705        5.045163        1.015000        1.048445        1.000000        2.861379        0.436666        0.262151        1.944887        0.384350       19.217501        0.508220        3.683295       14.695392        4.522108        5.629528        4.271096        0.304722        1.599886        3.989741        1.563893        0.007250        0.005770        1.000000        1.011255        0.484737               0        0.401000        0.010481        0.013441        2.379636        1.000000        1.000000        1.000000        0.918001        2.057513        2.025474        1.000000        0.985222        0.031577        0.496077        1.017805               0        0.023112        0.062469        1.000000        1.051304               0        0.014889       -0.956202       -1.338836        0.665204       -0.676841       -0.828586        1.728026        1.451872        1.303808       -5.359091        0.721498        0.705804        1.383726       -2.637309       -0.085557               0
R(-1)                      -2.822119       -0.997076       -0.264783       -8.411211        0.331689       -1.790096       -2.136121       -9.997225       -2.166455       -1.311160       -8.211082       -1.231527       -1.231527       -0.867725      -37.018837      -62.873833       61.642306      -46.289492       -2.166455        1.279825        5.816984       14.506195        4.997696        0.137941        0.000239               0               0               0               0               0        0.286424        0.026685       -7.257251               0        0.331689               0       -1.012877       -5.006822      -12.473966               0       -0.774246        0.377022       -0.931219        1.380572               0        0.577365        0.331786       -2.704457       -3.493849       -0.997076        0.326787       -3.204182       -5.001550       -4.221882       -1.707381       -4.961351       -8.222624       -0.507236      -10.050468       16.617386       -2.433434       -6.158541        3.635874       18.150449       -1.103351        0.331689
K(-1)                      -0.010325       -0.004143       -0.002050        0.000513       -0.000221        0.022252       -0.022230        0.034401       -0.009090        0.000080        0.028779       -0.012816        0.967184        0.010786       -0.442892       -0.519537        1.486721       -0.489472       -0.009090        0.023366        0.100249        0.249997        0.087518        0.002585        0.000192               0               0               0               0               0        0.006364        0.001287        0.026563               0       -0.000221               0        0.001930        0.027818        0.032773               0       -0.001935       -0.001156        0.000665       -0.030091               0        0.000957        0.003728        0.017081        0.012023       -0.004143       -0.000218       -0.033345        0.000305        0.014797        0.021224       -0.020816       -0.086947       -0.002128       -0.120244        0.302633        0.013520        0.016181        0.062660        0.277780        0.002102       -0.000221
K_b(-1)                     0.001324        0.000476        0.000131        0.004150        0.000199        0.000437        0.024683        0.005152        0.001255        0.000647        0.005739        0.014230        0.014230        0.000212        1.297764        2.661982       -2.647752        1.721462        0.001255       -0.062503       -0.234401       -0.584541       -0.206357       -0.005386       -0.000876               0               0               0               0               0       -0.012282       -0.002747        0.018675               0        0.000199               0       -0.000451        0.008302        0.003599               0        0.000027        0.000113       -0.000565       -0.002838               0       -0.002747       -0.012888        0.000893        0.001800        0.000476        0.000196        0.037024        0.002468        0.002951        0.000417        0.002873        0.305792        0.000294        0.352338       -0.610963        0.004035        0.001777       -0.146511       -0.014575       -0.000491        0.000199
D(-1)                      -0.001318       -0.000474       -0.000130       -0.004131       -0.000198       -0.000435       -0.024569       -0.005128       -0.001249       -0.000644       -0.005712       -0.014165       -0.014165       -0.000211       -1.291775       -2.649699        2.635534       -1.713519       -0.001249        0.062215        0.233319        0.581843        0.205405        0.005361        0.000872               0               0               0               0               0        0.012225        0.002735       -0.018588               0       -0.000198               0        0.000449       -0.008264       -0.003582               0       -0.000027       -0.000112        0.000562        0.002825               0        0.002734        0.012829       -0.000889       -0.001792       -0.000474       -0.000195       -0.036853       -0.002456       -0.002937       -0.000415       -0.002860       -0.304381       -0.000292       -0.350712        0.608144       -0.004016       -0.001769        0.145835        0.014507        0.000489       -0.000198
D_star(-1)                 -0.007079       -0.001532       -0.001420       -0.045093        0.001947        0.043156       -0.056894       -0.079511       -0.033586       -0.007029       -0.096244       -0.032801       -0.032801        0.020920       -1.976150       -3.733788        3.700987       -3.783331        0.977669        0.177055        0.360845        0.899862        0.316987        0.007828        0.003766               0               0               0               0               0        0.017174        0.011440       -0.091757               0        0.001947               0       -0.008307       -0.079914       -0.123581               0       -0.002055        0.003916       -0.005543        0.063014               0        0.007640        0.018861        0.039630       -0.027788       -0.001532        0.001918       -0.085341       -0.026814       -0.049485        0.041162       -0.076914       -0.672051        0.228904       -0.536517        0.879108       -0.038840       -0.061013        0.225544        0.761741       -0.009049        0.001947
A(-1)                      -0.554666       -0.218610        0.010595        0.336555       -0.008403        1.230539        0.939577        2.549010       -0.395989        0.052463        1.420598        0.541690        0.541690        0.596487        6.587486        5.118463       -4.576773        7.432705       -0.395989       -0.063052       -0.800896       -1.997247       -0.705308       -0.017623        0.001620        0.950000               0               0               0               0       -0.021512        0.011748        2.436612               0       -0.008403               0        0.076893        1.403952        1.584901               0       -0.103380       -0.046512        0.025031       -1.226382               0       -0.023179       -0.075220        0.955070        0.890833       -0.218610       -0.008279        1.409365        0.200125        0.730427        1.173680       -0.906846        1.320307       -0.092714        1.788476       -1.874922        0.682354        0.782484       -0.500596       13.870390        0.083761       -0.008403
R_star(-1)                  0.825014        0.543857       -0.013244       -0.420710        0.561273        6.241563       -4.063361       -3.610189       -2.745197       -0.065581       -5.278920       -2.342629       -2.342629        3.025515      -81.695521     -138.944220      136.601591     -143.051013        1.525899        6.042253       13.857730       34.557931       12.010657        0.305013        0.103943               0        0.900000               0               0               0        0.634514        0.351331       -4.443326               0        0.561273               0       -1.817171        0.712719      -12.210676               0       -0.160211        0.712414       -1.593639        4.736391               0        1.029516        0.720814        6.497019       -1.261695        0.543857        0.552978       -6.095041       -0.250166       -2.714256        5.953162       -6.286717      -25.410838        0.357262      -22.180010       34.555378        0.346398       -6.028551        8.661698       80.648812       -1.979488        0.561273
Y_star(-1)                  0.253011        0.089910        0.033952        1.078536        0.004752       -0.483785        0.128599        1.632323        0.574887        0.168125        0.912496        0.074141        0.074141        0.709092        4.748419        8.563506       -8.489365        8.098558       -0.325113       -0.380562       -0.924484       -2.305446       -0.823027       -0.018385       -0.008558               0               0        0.900000               0               0       -0.039394       -0.024011        1.304244               0        0.004752               0       -0.010509        1.022613        0.889249               0        0.036456        0.002512       -0.014495       -0.073296               0       -0.004949       -0.045151       -0.371521        0.570467        0.089910        0.004682        0.192899        0.641329        0.469177        1.395247        1.316536        1.438586       -0.076119        1.289177       -2.046763        0.497014        0.439032       -0.577844        1.875590       -0.011448        0.004752
P_c(-1)                    -0.009878       -0.001358       -0.000727       -0.023083       -0.001593       -0.018890        0.024616       -0.020569       -0.000124       -0.003598       -0.011770        0.014192        0.014192       -0.009157        0.393448        2.355970       -2.341779        5.315124       -0.000124       -0.061853        0.124977        0.311664       -0.182783       -0.004785       -0.033653               0               0               0               0               0       -0.010863       -0.002971        0.001644               0       -0.001593               0       -2.913024       -0.030387        0.006863       -1.000000        0.002096       -0.001768        0.004539       -0.005262               0        1.535661       -0.209780       -0.019375       -0.007189       -0.001358       -0.001570        0.036923       -0.013726       -0.006052       -0.018017       -0.000284        0.944151       -0.000029        0.106820       -0.545333       -0.014769        0.003388        0.078116       -0.126238       -3.173227       -0.001593
theta_c(-1)                -0.001699       -0.000195       -0.000151       -0.004803       -0.000164       -0.001595        0.000215       -0.005427       -0.000999       -0.000749       -0.003842        0.000124        0.000124       -0.000773        0.006081        0.159644       -0.159520        0.614413       -0.000999       -0.003911        0.015083        0.037613       -0.033691       -0.000414       -0.005191               0               0               0               0               0       -0.000740       -0.000196       -0.002748       -0.154393       -0.000164        0.950000       -0.450031       -0.005918       -0.002026       -0.154393        0.000292       -0.000158        0.000469        0.000230               0        0.237139       -0.031316       -0.001717       -0.001897       -0.000195       -0.000162        0.000322       -0.002856       -0.001976       -0.001521       -0.002287        0.109141       -0.000234        0.001651       -0.035793       -0.002876       -0.001000        0.009427        0.003151       -0.490229       -0.000164
cryp(-1)                   -0.001299       -0.000467       -0.000128       -0.004070       -0.000195       -0.000429       -0.024206       -0.005052       -0.001231       -0.000634       -0.005628       -0.013955       -0.013955       -0.000208       -1.272685       -2.610541        2.596585       -1.688196       -0.001231        0.061296        0.229871        0.573245        0.202369        0.005282        0.000859               0               0               0               0               0        0.012044        0.002694       -0.018314               0       -0.000195               0        0.000442       -0.008142       -0.003529               0       -0.000026       -0.000111        0.000554        0.002783               0        0.002694        0.012639       -0.000876       -0.001766       -0.000467       -0.000193       -0.036309       -0.002420       -0.002894       -0.000409       -0.002818       -0.299882       -0.000288       -0.345529        0.599157       -0.003957       -0.001742        0.143680        0.014293        0.000482       -0.000195
R_c(-1)                    -0.001192       -0.000428       -0.000118       -0.003736       -0.000179       -0.000394       -0.022221       -0.004638       -0.001130       -0.000582       -0.005167       -0.012811       -0.012811       -0.000191       -1.168326       -2.396478        2.383667       -1.549765       -0.001130        0.056269        0.211022        0.526239        0.185775        0.004849        0.000788               0               0               0               0               0        0.011057        0.002473       -0.016812               0       -0.000179               0        0.000406       -0.007474       -0.003240               0       -0.000024       -0.000101        0.000508        0.002555               0        0.002473        0.011603       -0.000804       -0.001621       -0.000428       -0.000177       -0.033331       -0.002222       -0.002656       -0.000375       -0.002587       -0.275292       -0.000264       -0.317196        0.550026       -0.003633       -0.001600        0.131898        0.013121        0.000442       -0.000179
sigma_Rc(-1)                       0               0               0               0               0               0               0               0               0               0               0               0               0               0               0               0               0               0               0               0               0               0               0               0               0               0               0               0               0               0               0               0               0               0               0               0               0               0               0               0               0               0               0               0        0.950000               0               0               0               0               0               0               0               0               0               0               0               0               0               0               0               0               0               0               0               0               0
epsilon(-1)                 0.204376        0.072204        0.019173        0.609054       -0.024163        0.129799        0.145204        0.723809        0.156798        0.094941        0.593886        0.083714        0.083714        0.062918        2.167641        3.498065       -3.414351        2.670922        0.156798       -0.067871       -0.328398       -0.818947       -0.280153       -0.007857        0.000334               0               0               0               0               0       -0.015873       -0.000836        0.519445               0       -0.024163               0        0.073723        0.360205        0.904261               0        0.056205       -0.027420        0.067840       -0.099102               0       -0.040820       -0.018924       -0.757787        0.252958        0.072204       -0.023806        0.217807        0.362161        0.305358        0.123802        0.359080        0.474449        0.036711        0.588506       -0.961644        0.175068        0.446444       -0.205263       -1.312017        0.080308       -0.024163
varepsilon_R               -3.571287       -1.261706       -0.335029      -10.642654        0.422226       -2.268122       -2.537315      -12.647894       -2.739901       -1.659002      -10.377612       -1.462825       -1.462825       -1.099442      -37.877544      -61.125485       59.662660      -46.671915       -2.739901        1.185977        5.738453       14.310356        4.895410        0.137289       -0.005831               0               0               0               0               0        0.277373        0.014613       -9.076831               0        0.422226               0       -1.288246       -6.294255      -15.801137               0       -0.982137        0.479136       -1.185439        1.731720               0        0.713290        0.330677       -3.425026       -4.420210       -1.261706        0.415987       -3.805972       -6.328430       -5.335844       -2.163320       -6.274588       -8.290556       -0.641498      -10.283603       16.803854       -3.059157       -7.801203        3.586788       22.926295       -1.403317        0.422226
varepsilon_A               -0.583859       -0.230116        0.011152        0.354268       -0.008845        1.295304        0.989028        2.683169       -0.416830        0.055224        1.495366        0.570199        0.570199        0.627881        6.934196        5.387856       -4.817656        7.823900       -0.416830       -0.066370       -0.843048       -2.102365       -0.742429       -0.018550        0.001705        1.000000               0               0               0               0       -0.022644        0.012366        2.564855               0       -0.008845               0        0.080940        1.477844        1.668316               0       -0.108821       -0.048960        0.026348       -1.290929               0       -0.024399       -0.079179        1.005337        0.937719       -0.230116       -0.008714        1.483542        0.210658        0.768870        1.235452       -0.954574        1.389797       -0.097593        1.882607       -1.973602        0.718267        0.823667       -0.526943       14.600410        0.088170       -0.008845
varepsilon_Rstar            0.949903        0.611476       -0.008054       -0.255839        0.614500        6.732544       -4.247850       -3.638187       -2.892606       -0.039881       -5.413810       -2.448992       -2.448992        3.263511      -81.499036     -136.860379      134.411387     -141.190983       -2.892606        5.882721       13.704090       34.174789       11.857602        0.302170        0.097821               0        1.000000               0               0               0        0.624419        0.336684       -4.506427               0        0.614500               0       -1.980097        1.166932      -12.987471               0       -0.168367        0.773192       -1.744698        4.966939               0        1.108053        0.712394        7.032932       -1.271480        0.611476        0.605419       -6.371775       -0.152130       -2.783612        6.421455       -6.624295      -25.080432       -0.677251      -22.126665       34.269347        0.567157       -6.412064        8.565666       86.035060       -2.156967        0.614500
varepsilon_Ystar            0.281123        0.099900        0.037725        1.198373        0.005280       -0.537539        0.142888        1.813692        0.638763        0.186805        1.013884        0.082379        0.082379        0.787880        5.276021        9.515006       -9.432628        8.998398       -0.361237       -0.422847       -1.027204       -2.561607       -0.914474       -0.020428       -0.009509               0               0        1.000000               0               0       -0.043771       -0.026679        1.449160               0        0.005280               0       -0.011677        1.136237        0.988055               0        0.040507        0.002791       -0.016105       -0.081440               0       -0.005499       -0.050168       -0.412801        0.633853        0.099900        0.005202        0.214332        0.712587        0.521308        1.550274        1.462818        1.598429       -0.084577        1.432419       -2.274181        0.552238        0.487814       -0.642048        2.083989       -0.012720        0.005280
eps_Rc                             0               0               0               0               0               0               0               0               0               0               0               0               0               0               0               0               0               0               0               0               0               0               0               0               0               0               0               0               0               0               0               0               0               0               0               0               0               0               0               0               0               0               0               0        0.030000               0               0               0               0               0               0               0               0               0               0               0               0               0               0               0               0               0               0               0               0               0
vol                        -0.001788       -0.000206       -0.000159       -0.005056       -0.000173       -0.001679        0.000226       -0.005713       -0.001051       -0.000788       -0.004044        0.000130        0.000130       -0.000814        0.006401        0.168046       -0.167916        0.646750       -0.001051       -0.004116        0.015876        0.039592       -0.035464       -0.000435       -0.005464               0               0               0               0               0       -0.000778       -0.000206       -0.002893       -0.162519       -0.000173        1.000000       -0.473717       -0.006229       -0.002133       -0.162519        0.000307       -0.000166        0.000494        0.000242               0        0.249620       -0.032964       -0.001807       -0.001996       -0.000206       -0.000170        0.000339       -0.003006       -0.002080       -0.001601       -0.002407        0.114885       -0.000246        0.001738       -0.037677       -0.003027       -0.001053        0.009924        0.003317       -0.516031       -0.000173


THEORETICAL MOMENTS
VARIABLE          MEAN  STD. DEV.   VARIANCE
mc              0.8889     0.0124     0.0002
Pi              1.0000     0.0053     0.0000
Z               0.0397     0.0019     0.0000
w               5.0452     0.0805     0.0065
R               1.0150     0.0051     0.0000
epsilon         1.0484     0.0703     0.0049
Q               1.0000     0.0471     0.0022
Y               2.8614     0.1802     0.0325
M               0.4367     0.0221     0.0005
L               0.2622     0.0125     0.0002
C               1.9449     0.1345     0.0181
I               0.3844     0.0271     0.0007
K              19.2175     0.6446     0.4155
EX              0.5082     0.0341     0.0012
N               3.6833     0.6385     0.4077
K_b            14.6954     1.1294     1.2755
K_h             4.5221     0.9618     0.9250
D               5.6295     1.0833     1.1734
D_star          4.2711     0.1419     0.0201
x               0.3047     0.0422     0.0018
psi             1.5999     0.0984     0.0097
phi             3.9897     0.2455     0.0603
upsilon         1.5639     0.0853     0.0073
mu              0.0072     0.0022     0.0000
mu_star         0.0058     0.0008     0.0000
A               1.0000     0.0320     0.0010
R_star          1.0113     0.0057     0.0000
Y_star          0.4847     0.0000     0.0000
Phi             0.0000     0.0000     0.0000
Theta           0.4010     0.0000     0.0000
chi_h           0.0105     0.0045     0.0000
chi_b           0.0134     0.0025     0.0000
Ynet            2.3796     0.1527     0.0233
P_c             1.0000     0.0000     0.0000
R_dc            1.0000     0.0051     0.0000
theta_c         1.0000     0.0000     0.0000
cryp            0.9180     0.0177     0.0003
DC              2.0575     0.0985     0.0097
m               2.0255     0.1948     0.0379
R_c             1.0000     0.0000     0.0000
Lambda          0.9852     0.0039     0.0000
gam             0.0316     0.0073     0.0001
trs             0.4961     0.0146     0.0002
Lambda1         1.0178     0.0758     0.0057
sigma_Rc        0.0000     0.0000     0.0000
mu_cryp         0.0231     0.0089     0.0001
x_c             0.0625     0.0060     0.0000
DE              1.0000     0.0223     0.0005
logY            1.0513     0.0630     0.0040
logPi           0.0000     0.0053     0.0000
logR            0.0149     0.0051     0.0000
logI           -0.9562     0.0706     0.0050
logL           -1.3388     0.0479     0.0023
logC            0.6652     0.0692     0.0048
logEX          -0.6768     0.0670     0.0045
logM           -0.8286     0.0507     0.0026
logD            1.7280     0.1924     0.0370
logD_star       1.4519     0.0332     0.0011
logN            1.3038     0.1734     0.0301
spread         -5.3591     0.2449     0.0600
logDC           0.7215     0.0479     0.0023
logm            0.7058     0.0962     0.0093
leverage        1.3837     0.0615     0.0038
TB             -2.6373     0.6724     0.4522
logcryp        -0.0856     0.0193     0.0004
logRDC          0.0000     0.0051     0.0000



VARIANCE DECOMPOSITION (in percent)
                 varepsilon_R      varepsilon_A  varepsilon_Rstar  varepsilon_Ystar            eps_Rc               vol
mc                      65.78             28.43              5.78              0.00              0.00              0.00
Pi                      45.31             29.88             24.81              0.00              0.00              0.00
Z                       24.95             71.90              3.16              0.00              0.00              0.00
w                       13.81             79.58              6.60              0.00              0.00              0.00
R                        5.24             29.80             64.96              0.00              0.00              0.00
epsilon                  1.39             72.92             25.69              0.00              0.00              0.00
Q                        2.85             64.66             32.49              0.00              0.00              0.00
Y                        3.89             87.94              8.17              0.00              0.00              0.00
M                       12.32              4.43             83.25              0.00              0.00              0.00
L                       13.81             79.58              6.60              0.00              0.00              0.00
C                        4.66             77.29             18.05              0.00              0.00              0.00
I                        2.85             64.66             32.49              0.00              0.00              0.00
K                        0.79             73.59             25.61              0.00              0.00              0.00
EX                       1.39             72.92             25.69              0.00              0.00              0.00
N                       13.43             14.32             72.25              0.00              0.00              0.00
K_b                     18.43              7.40             74.17              0.00              0.00              0.00
K_h                     20.98              8.39             70.63              0.00              0.00              0.00
D                        5.51              9.80             84.69              0.00              0.00              0.00
D_star                  23.27              9.78             66.95              0.00              0.00              0.00
x                        2.62              0.65             96.73              0.00              0.00              0.00
psi                     15.96              4.23             79.81              0.00              0.00              0.00
phi                     15.96              4.23             79.81              0.00              0.00              0.00
upsilon                 16.28              4.11             79.61              0.00              0.00              0.00
mu                      18.49              4.33             77.18              0.00              0.00              0.00
mu_star                  1.36              3.52             95.12              0.00              0.00              0.00
A                        0.00            100.00              0.00              0.00              0.00              0.00
R_star                   0.00              0.00            100.00              0.00              0.00              0.00
Y_star                   0.00              0.00              0.00            100.00              0.00              0.00
Phi                      4.97             35.64             59.39              0.00              0.00              0.00
Theta                   18.15             12.13             69.72              0.00              0.00              0.00
chi_h                   21.51              5.18             73.31              0.00              0.00              0.00
chi_b                    1.39              6.04             92.57              0.00              0.00              0.00
Ynet                     2.87             86.54             10.59              0.00              0.00              0.00
P_c                      0.00              0.00              0.00              0.00              0.00            100.00
R_dc                     5.24             29.80             64.96              0.00              0.00              0.00
theta_c                  0.00              0.00              0.00              0.00              0.00            100.00
cryp                     4.11             36.99             58.90              0.00              0.00              0.00
DC                       3.23             91.06              5.71              0.00              0.00              0.00
m                        5.14             64.53             30.34              0.00              0.00              0.00
R_c                      0.00              0.00              0.00              0.00              0.00            100.00
Lambda                  48.85             26.02             25.13              0.00              0.00              0.00
gam                      3.32             42.59             54.10              0.00              0.00              0.00
trs                      5.14             29.74             65.11              0.00              0.00              0.00
Lambda1                  0.43             70.81             28.75              0.00              0.00              0.00
sigma_Rc                 0.00              0.03              0.00              0.00             99.97              0.00
mu_cryp                  5.49             24.97             69.54              0.00              0.00              0.00
x_c                     14.74             20.16             65.11              0.00              0.00              0.00
DE                      15.05             21.97             62.98              0.00              0.00              0.00
logY                     3.89             87.94              8.17              0.00              0.00              0.00
logPi                   45.31             29.88             24.81              0.00              0.00              0.00
logR                     5.24             29.80             64.96              0.00              0.00              0.00
logI                     2.85             64.66             32.49              0.00              0.00              0.00
logL                    13.81             79.58              6.60              0.00              0.00              0.00
logC                     4.66             77.29             18.05              0.00              0.00              0.00
logEX                    1.39             72.92             25.69              0.00              0.00              0.00
logM                    12.32              4.43             83.25              0.00              0.00              0.00
logD                     5.51              9.80             84.69              0.00              0.00              0.00
logD_star               23.27              9.78             66.95              0.00              0.00              0.00
logN                    13.43             14.32             72.25              0.00              0.00              0.00
spread                  19.15              4.42             76.44              0.00              0.00              0.00
logDC                    3.23             91.06              5.71              0.00              0.00              0.00
logm                     5.14             64.53             30.34              0.00              0.00              0.00
leverage                15.96              4.23             79.81              0.00              0.00              0.00
TB                       1.55             38.92             59.53              0.00              0.00              0.00
logcryp                  4.11             36.99             58.90              0.00              0.00              0.00
logRDC                   5.24             29.80             64.96              0.00              0.00              0.00



MATRIX OF CORRELATIONS
Variables           mc         Pi          Z          w          R    epsilon          Q          Y          M          L          C          I          K         EX          N        K_b        K_h          D     D_star          x        psi        phi    upsilon         mu    mu_star          A     R_star      chi_h      chi_b       Ynet       R_dc       cryp         DC          m     Lambda        gam        trs    Lambda1    mu_cryp        x_c         DE       logY      logPi       logR       logI       logL       logC      logEX       logM       logD  logD_star       logN     spread      logDC       logm   leverage         TB    logcryp     logRDC
mc              1.0000     0.9344     0.2530     0.1699     0.0268     0.0018    -0.1857    -0.0492     0.2114     0.1699    -0.0309    -0.1857    -0.0417     0.0018    -0.0838    -0.0244     0.0007    -0.1111     0.1250     0.1074     0.0634     0.0634     0.0647     0.0466     0.1447    -0.2781     0.2032     0.0040     0.1018    -0.0923     0.0268    -0.0607    -0.0276    -0.0314     0.6114     0.0858    -0.0292     0.2083     0.0327     0.0980     0.1912    -0.0492     0.9344     0.0268    -0.1857     0.1699    -0.0309     0.0018     0.2114    -0.1111     0.1250    -0.0838     0.0320    -0.0276    -0.0314     0.0634    -0.0960    -0.0607     0.0268
Pi              0.9344     1.0000     0.0439    -0.0869     0.3796     0.0029    -0.4764    -0.2949    -0.1132    -0.0869    -0.3144    -0.4764    -0.2429     0.0029    -0.4093    -0.3371     0.2330    -0.4420     0.2481     0.4097     0.3675     0.3675     0.3674     0.3376     0.4019    -0.4086     0.4870     0.2524     0.3466    -0.3444     0.3796    -0.4076    -0.2313    -0.3464     0.2925     0.4264    -0.3819     0.4933     0.3854     0.4201     0.2393    -0.2949     1.0000     0.3796    -0.4764    -0.0869    -0.3144     0.0029    -0.1132    -0.4420     0.2481    -0.4093     0.3224    -0.2313    -0.3464     0.3675     0.0541    -0.4076     0.3796
Z               0.2530     0.0439     1.0000     0.8585    -0.6006     0.6171     0.8004     0.8141     0.2646     0.8585     0.7769     0.8004     0.2486     0.6171     0.4685     0.2899    -0.1738     0.3632    -0.0492    -0.1460    -0.3452    -0.3452    -0.3398    -0.3421     0.0758     0.7890    -0.1202    -0.1936     0.1036     0.8000    -0.6006     0.6240     0.7728     0.7474     0.6656    -0.6383     0.5991    -0.6671    -0.5755    -0.4975     0.0981     0.8141     0.0439    -0.6006     0.8004     0.8585     0.7769     0.6171     0.2646     0.3632    -0.0492     0.4685    -0.3497     0.7728     0.7474    -0.3452     0.3151     0.6240    -0.6006
w               0.1699    -0.0869     0.8585     1.0000    -0.7416     0.7006     0.8357     0.9759     0.3324     1.0000     0.9664     0.8357     0.7101     0.7006     0.5829     0.4822    -0.0904     0.5344    -0.3525    -0.2971    -0.4005    -0.4005    -0.3959    -0.3503    -0.1401     0.8304    -0.1854    -0.1465    -0.0315     0.9647    -0.7416     0.7828     0.9639     0.9282     0.7192    -0.8096     0.7406    -0.8906    -0.7072    -0.6363     0.0330     0.9759    -0.0869    -0.7416     0.8357     1.0000     0.9664     0.7006     0.3324     0.5344    -0.3525     0.5829    -0.3481     0.9639     0.9282    -0.4005     0.3430     0.7828    -0.7416
R               0.0268     0.3796    -0.6006    -0.7416     1.0000    -0.0824    -0.8940    -0.7576    -0.8243    -0.7416    -0.8472    -0.8940    -0.5881    -0.0824    -0.9230    -0.8591     0.6146    -0.9308     0.3544     0.8253     0.8432     0.8432     0.8394     0.8030     0.6908    -0.5016     0.7960     0.6617     0.6410    -0.7816     1.0000    -0.9961    -0.6401    -0.9242    -0.7734     0.9882    -1.0000     0.8782     0.9970     0.9227     0.1625    -0.7576     0.3796     1.0000    -0.8940    -0.7416    -0.8472    -0.0824    -0.8243    -0.9308     0.3544    -0.9230     0.7987    -0.6401    -0.9242     0.8432     0.3211    -0.9961     1.0000
epsilon         0.0018     0.0029     0.6171     0.7006    -0.0824     1.0000     0.3923     0.7096    -0.4402     0.7006     0.5905     0.3923     0.4676     1.0000    -0.0569    -0.1621     0.5037    -0.1457    -0.1260     0.4101     0.2581     0.2581     0.2607     0.2938     0.5133     0.8316     0.5039     0.4673     0.6359     0.6789    -0.0824     0.1588     0.8060     0.4504     0.1070    -0.2151     0.0815    -0.4890    -0.0353    -0.0306     0.1574     0.7096     0.0029    -0.0824     0.3923     0.7006     0.5905     1.0000    -0.4402    -0.1457    -0.1260    -0.0569     0.2962     0.8060     0.4504     0.2581     0.9106     0.1588    -0.0824
Q              -0.1857    -0.4764     0.8004     0.8357    -0.8940     0.3923     1.0000     0.8881     0.5331     0.8357     0.9115     1.0000     0.4912     0.3923     0.8266     0.6827    -0.4724     0.7731    -0.2497    -0.5885    -0.7109    -0.7109    -0.7068    -0.6826    -0.3964     0.8007    -0.5689    -0.5117    -0.3377     0.9082    -0.8940     0.9159     0.7951     0.9371     0.6059    -0.9277     0.8939    -0.9231    -0.8851    -0.8498    -0.0825     0.8881    -0.4764    -0.8940     1.0000     0.8357     0.9115     0.3923     0.5331     0.7731    -0.2497     0.8266    -0.6796     0.7951     0.9371    -0.7109     0.0324     0.9159    -0.8940
Y              -0.0492    -0.2949     0.8141     0.9759    -0.7576     0.7096     0.8881     1.0000     0.2901     0.9759     0.9863     0.8881     0.7289     0.7096     0.6094     0.4941    -0.0917     0.5662    -0.3849    -0.3249    -0.4199    -0.4199    -0.4156    -0.3654    -0.1740     0.9032    -0.2329    -0.1494    -0.0544     0.9981    -0.7576     0.8068     0.9831     0.9477     0.5936    -0.8396     0.7571    -0.9488    -0.7240    -0.6666    -0.0089     1.0000    -0.2949    -0.7576     0.8881     0.9759     0.9863     0.7096     0.2901     0.5662    -0.3849     0.6094    -0.3599     0.9831     0.9477    -0.4199     0.3689     0.8068    -0.7576
M               0.2114    -0.1132     0.2646     0.3324    -0.8243    -0.4402     0.5331     0.2901     1.0000     0.3324     0.4355     0.5331     0.2755    -0.4402     0.8087     0.8210    -0.7795     0.8651    -0.2770    -0.9158    -0.8451    -0.8451    -0.8427    -0.8292    -0.8547    -0.0542    -0.8993    -0.8020    -0.8800     0.3165    -0.8243     0.7751     0.1477     0.5727     0.7635    -0.7345     0.8242    -0.4743    -0.8432    -0.7602    -0.1665     0.2901    -0.1132    -0.8243     0.5331     0.3324     0.4355    -0.4402     1.0000     0.8651    -0.2770     0.8087    -0.8295     0.1477     0.5727    -0.8451    -0.7719     0.7751    -0.8243
L               0.1699    -0.0869     0.8585     1.0000    -0.7416     0.7006     0.8357     0.9759     0.3324     1.0000     0.9664     0.8357     0.7101     0.7006     0.5829     0.4822    -0.0904     0.5344    -0.3525    -0.2971    -0.4005    -0.4005    -0.3959    -0.3503    -0.1401     0.8304    -0.1854    -0.1465    -0.0315     0.9647    -0.7416     0.7828     0.9639     0.9282     0.7192    -0.8096     0.7406    -0.8906    -0.7072    -0.6363     0.0330     0.9759    -0.0869    -0.7416     0.8357     1.0000     0.9664     0.7006     0.3324     0.5344    -0.3525     0.5829    -0.3481     0.9639     0.9282    -0.4005     0.3430     0.7828    -0.7416
C              -0.0309    -0.3144     0.7769     0.9664    -0.8472     0.5905     0.9115     0.9863     0.4355     0.9664     1.0000     0.9115     0.7635     0.5905     0.7056     0.6082    -0.2024     0.6820    -0.4379    -0.4664    -0.5307    -0.5307    -0.5263    -0.4727    -0.3254     0.8314    -0.3698    -0.2629    -0.2104     0.9897    -0.8472     0.8869     0.9505     0.9859     0.6699    -0.9121     0.8468    -0.9774    -0.8185    -0.7530    -0.0427     0.9863    -0.3144    -0.8472     0.9115     0.9664     1.0000     0.5905     0.4355     0.6820    -0.4379     0.7056    -0.4665     0.9505     0.9859    -0.5307     0.2177     0.8869    -0.8472
I              -0.1857    -0.4764     0.8004     0.8357    -0.8940     0.3923     1.0000     0.8881     0.5331     0.8357     0.9115     1.0000     0.4912     0.3923     0.8266     0.6827    -0.4724     0.7731    -0.2497    -0.5885    -0.7109    -0.7109    -0.7068    -0.6826    -0.3964     0.8007    -0.5689    -0.5117    -0.3377     0.9082    -0.8940     0.9159     0.7951     0.9371     0.6059    -0.9277     0.8939    -0.9231    -0.8851    -0.8498    -0.0825     0.8881    -0.4764    -0.8940     1.0000     0.8357     0.9115     0.3923     0.5331     0.7731    -0.2497     0.8266    -0.6796     0.7951     0.9371    -0.7109     0.0324     0.9159    -0.8940
K              -0.0417    -0.2429     0.2486     0.7101    -0.5881     0.4676     0.4912     0.7289     0.2755     0.7101     0.7635     0.4912     1.0000     0.4676     0.4725     0.5261     0.0524     0.5257    -0.5995    -0.3763    -0.2983    -0.2983    -0.2969    -0.2079    -0.3829     0.4887    -0.2030    -0.0264    -0.2164     0.7283    -0.5881     0.6334     0.7598     0.7344     0.4442    -0.6641     0.5882    -0.7750    -0.5584    -0.5329    -0.0778     0.7289    -0.2429    -0.5881     0.4912     0.7101     0.7635     0.4676     0.2755     0.5257    -0.5995     0.4725    -0.1931     0.7598     0.7344    -0.2983     0.2043     0.6334    -0.5881
EX              0.0018     0.0029     0.6171     0.7006    -0.0824     1.0000     0.3923     0.7096    -0.4402     0.7006     0.5905     0.3923     0.4676     1.0000    -0.0569    -0.1621     0.5037    -0.1457    -0.1260     0.4101     0.2581     0.2581     0.2607     0.2938     0.5133     0.8316     0.5039     0.4673     0.6359     0.6789    -0.0824     0.1588     0.8060     0.4504     0.1070    -0.2151     0.0815    -0.4890    -0.0353    -0.0306     0.1574     0.7096     0.0029    -0.0824     0.3923     0.7006     0.5905     1.0000    -0.4402    -0.1457    -0.1260    -0.0569     0.2962     0.8060     0.4504     0.2581     0.9106     0.1588    -0.0824
N              -0.0838    -0.4093     0.4685     0.5829    -0.9230    -0.0569     0.8266     0.6094     0.8087     0.5829     0.7056     0.8266     0.4725    -0.0569     1.0000     0.9696    -0.8218     0.9766    -0.2031    -0.8948    -0.9737    -0.9737    -0.9728    -0.9523    -0.7416     0.3741    -0.8357    -0.8600    -0.7151     0.6442    -0.9230     0.9094     0.4803     0.7982     0.6707    -0.8946     0.9232    -0.7563    -0.9483    -0.9953    -0.1360     0.6094    -0.4093    -0.9230     0.8266     0.5829     0.7056    -0.0569     0.8087     0.9766    -0.2031     1.0000    -0.9482     0.4803     0.7982    -0.9737    -0.4125     0.9094    -0.9230
K_b            -0.0244    -0.3371     0.2899     0.4822    -0.8591    -0.1621     0.6827     0.4941     0.8210     0.4822     0.6082     0.6827     0.5261    -0.1621     0.9696     1.0000    -0.8217     0.9669    -0.2210    -0.9180    -0.9602    -0.9602    -0.9606    -0.9331    -0.8047     0.2032    -0.8277    -0.8640    -0.7727     0.5286    -0.8591     0.8394     0.3768     0.7080     0.6505    -0.8204     0.8594    -0.6657    -0.8905    -0.9632    -0.1440     0.4941    -0.3371    -0.8591     0.6827     0.4822     0.6082    -0.1621     0.8210     0.9669    -0.2210     0.9696    -0.9273     0.3768     0.7080    -0.9602    -0.4927     0.8394    -0.8591
K_h             0.0007     0.2330    -0.1738    -0.0904     0.6146     0.5037    -0.4724    -0.0917    -0.7795    -0.0904    -0.2024    -0.4724     0.0524     0.5037    -0.8218    -0.8217     1.0000    -0.7831    -0.1422     0.8258     0.9276     0.9276     0.9289     0.9563     0.6882     0.0889     0.8359     0.9969     0.7624    -0.1326     0.6146    -0.5612     0.0668    -0.3392    -0.4662     0.5183    -0.6149     0.2623     0.6714     0.7739     0.1169    -0.0917     0.2330     0.6146    -0.4724    -0.0904    -0.2024     0.5037    -0.7795    -0.7831    -0.1422    -0.8218     0.9595     0.0668    -0.3392     0.9276     0.7154    -0.5612     0.6146
D              -0.1111    -0.4420     0.3632     0.5344    -0.9308    -0.1457     0.7731     0.5662     0.8651     0.5344     0.6820     0.7731     0.5257    -0.1457     0.9766     0.9669    -0.7831     1.0000    -0.3654    -0.9570    -0.9521    -0.9521    -0.9509    -0.9180    -0.8577     0.2932    -0.8820    -0.8254    -0.8212     0.6034    -0.9308     0.9155     0.4415     0.7837     0.6534    -0.8995     0.9312    -0.7543    -0.9521    -0.9658    -0.1614     0.5662    -0.4420    -0.9308     0.7731     0.5344     0.6820    -0.1457     0.8651     1.0000    -0.3654     0.9766    -0.9112     0.4415     0.7837    -0.9521    -0.5014     0.9155    -0.9308
D_star          0.1250     0.2481    -0.0492    -0.3525     0.3544    -0.1260    -0.2497    -0.3849    -0.2770    -0.3525    -0.4379    -0.2497    -0.5995    -0.1260    -0.2031    -0.2210    -0.1422    -0.3654     1.0000     0.3862     0.1050     0.1050     0.1032     0.0244     0.5357    -0.2150     0.1672    -0.0951     0.4161    -0.3907     0.3544    -0.3863    -0.4253    -0.4267    -0.1919     0.4082    -0.3551     0.4921     0.3258     0.2210    -0.0138    -0.3849     0.2481     0.3544    -0.2497    -0.3525    -0.4379    -0.1260    -0.2770    -0.3654     1.0000    -0.2031     0.0097    -0.4253    -0.4267     0.1050     0.0383    -0.3863     0.3544
x               0.1074     0.4097    -0.1460    -0.2971     0.8253     0.4101    -0.5885    -0.3249    -0.9158    -0.2971    -0.4664    -0.5885    -0.3763     0.4101    -0.8948    -0.9180     0.8258    -0.9570     0.3862     1.0000     0.9241     0.9241     0.9237     0.8974     0.9576    -0.0341     0.9362     0.8563     0.9506    -0.3671     0.8253    -0.7926    -0.1913    -0.5955    -0.5609     0.7640    -0.8261     0.5643     0.8556     0.8611     0.1807    -0.3249     0.4097     0.8253    -0.5885    -0.2971    -0.4664     0.4101    -0.9158    -0.9570     0.3862    -0.8948     0.8908    -0.1913    -0.5955     0.9241     0.7118    -0.7926     0.8253
psi             0.0634     0.3675    -0.3452    -0.4005     0.8432     0.2581    -0.7109    -0.4199    -0.8451    -0.4005    -0.5307    -0.7109    -0.2983     0.2581    -0.9737    -0.9602     0.9276    -0.9521     0.1050     0.9241     1.0000     1.0000     1.0000     0.9950     0.7810    -0.1875     0.8852     0.9521     0.7910    -0.4596     0.8432    -0.8127    -0.2741    -0.6473    -0.6134     0.7858    -0.8435     0.5928     0.8821     0.9506     0.1403    -0.4199     0.3675     0.8432    -0.7109    -0.4005    -0.5307     0.2581    -0.8451    -0.9521     0.1050    -0.9737     0.9930    -0.2741    -0.6473     1.0000     0.5717    -0.8127     0.8432
phi             0.0634     0.3675    -0.3452    -0.4005     0.8432     0.2581    -0.7109    -0.4199    -0.8451    -0.4005    -0.5307    -0.7109    -0.2983     0.2581    -0.9737    -0.9602     0.9276    -0.9521     0.1050     0.9241     1.0000     1.0000     1.0000     0.9950     0.7810    -0.1875     0.8852     0.9521     0.7910    -0.4596     0.8432    -0.8127    -0.2741    -0.6473    -0.6134     0.7858    -0.8435     0.5928     0.8821     0.9506     0.1403    -0.4199     0.3675     0.8432    -0.7109    -0.4005    -0.5307     0.2581    -0.8451    -0.9521     0.1050    -0.9737     0.9930    -0.2741    -0.6473     1.0000     0.5717    -0.8127     0.8432
upsilon         0.0647     0.3674    -0.3398    -0.3959     0.8394     0.2607    -0.7068    -0.4156    -0.8427    -0.3959    -0.5263    -0.7068    -0.2969     0.2607    -0.9728    -0.9606     0.9289    -0.9509     0.1032     0.9237     1.0000     1.0000     1.0000     0.9952     0.7812    -0.1835     0.8839     0.9533     0.7913    -0.4554     0.8394    -0.8088    -0.2700    -0.6430    -0.6094     0.7819    -0.8397     0.5889     0.8788     0.9497     0.1396    -0.4156     0.3674     0.8394    -0.7068    -0.3959    -0.5263     0.2607    -0.8427    -0.9509     0.1032    -0.9728     0.9931    -0.2700    -0.6430     1.0000     0.5725    -0.8088     0.8394
mu              0.0466     0.3376    -0.3421    -0.3503     0.8030     0.2938    -0.6826    -0.3654    -0.8292    -0.3503    -0.4727    -0.6826    -0.2079     0.2938    -0.9523    -0.9331     0.9563    -0.9180     0.0244     0.8974     0.9950     0.9950     0.9952     1.0000     0.7429    -0.1523     0.8746     0.9737     0.7698    -0.4051     0.8030    -0.7677    -0.2138    -0.5929    -0.5924     0.7374    -0.8032     0.5303     0.8462     0.9242     0.1313    -0.3654     0.3376     0.8030    -0.6826    -0.3503    -0.4727     0.2938    -0.8292    -0.9180     0.0244    -0.9523     0.9997    -0.2138    -0.5929     0.9950     0.5896    -0.7677     0.8030
mu_star         0.1447     0.4019     0.0758    -0.1401     0.6908     0.5133    -0.3964    -0.1740    -0.8547    -0.1401    -0.3254    -0.3964    -0.3829     0.5133    -0.7416    -0.8047     0.6882    -0.8577     0.5357     0.9576     0.7810     0.7810     0.7812     0.7429     1.0000     0.1278     0.8700     0.7192     0.9826    -0.2157     0.6908    -0.6585    -0.0659    -0.4519    -0.4236     0.6310    -0.6919     0.4459     0.7173     0.7037     0.1863    -0.1740     0.4019     0.6908    -0.3964    -0.1401    -0.3254     0.5133    -0.8547    -0.8577     0.5357    -0.7416     0.7331    -0.0659    -0.4519     0.7810     0.7568    -0.6585     0.6908
A              -0.2781    -0.4086     0.7890     0.8304    -0.5016     0.8316     0.8007     0.9032    -0.0542     0.8304     0.8314     0.8007     0.4887     0.8316     0.3741     0.2032     0.0889     0.2932    -0.2150    -0.0341    -0.1875    -0.1875    -0.1835    -0.1523     0.1278     1.0000     0.0000     0.0504     0.2331     0.9012    -0.5016     0.5662     0.9087     0.7559     0.2562    -0.6117     0.5014    -0.8020    -0.4664    -0.4400     0.0282     0.9032    -0.4086    -0.5016     0.8007     0.8304     0.8314     0.8316    -0.0542     0.2932    -0.2150     0.3741    -0.1479     0.9087     0.7559    -0.1875     0.6137     0.5662    -0.5016
R_star          0.2032     0.4870    -0.1202    -0.1854     0.7960     0.5039    -0.5689    -0.2329    -0.8993    -0.1854    -0.3698    -0.5689    -0.2030     0.5039    -0.8357    -0.8277     0.8359    -0.8820     0.1672     0.9362     0.8852     0.8852     0.8839     0.8746     0.8700     0.0000     1.0000     0.8528     0.8984    -0.2790     0.7960    -0.7531    -0.0687    -0.5169    -0.4783     0.7172    -0.7969     0.4828     0.8242     0.7875     0.2669    -0.2329     0.4870     0.7960    -0.5689    -0.1854    -0.3698     0.5039    -0.8993    -0.8820     0.1672    -0.8357     0.8708    -0.0687    -0.5169     0.8852     0.7707    -0.7531     0.7960
chi_h           0.0040     0.2524    -0.1936    -0.1465     0.6617     0.4673    -0.5117    -0.1494    -0.8020    -0.1465    -0.2629    -0.5117    -0.0264     0.4673    -0.8600    -0.8640     0.9969    -0.8254    -0.0951     0.8563     0.9521     0.9521     0.9533     0.9737     0.7192     0.0504     0.8528     1.0000     0.7802    -0.1902     0.6617    -0.6117     0.0069    -0.3975    -0.5017     0.5713    -0.6619     0.3238     0.7162     0.8167     0.1231    -0.1494     0.2524     0.6617    -0.5117    -0.1465    -0.2629     0.4673    -0.8020    -0.8254    -0.0951    -0.8600     0.9758     0.0069    -0.3975     0.9521     0.7000    -0.6117     0.6617
chi_b           0.1018     0.3466     0.1036    -0.0315     0.6410     0.6359    -0.3377    -0.0544    -0.8800    -0.0315    -0.2104    -0.3377    -0.2164     0.6359    -0.7151    -0.7727     0.7624    -0.8212     0.4161     0.9506     0.7910     0.7910     0.7913     0.7698     0.9826     0.2331     0.8984     0.7802     1.0000    -0.0975     0.6410    -0.5953     0.0711    -0.3535    -0.4088     0.5581    -0.6420     0.3282     0.6750     0.6622     0.1867    -0.0544     0.3466     0.6410    -0.3377    -0.0315    -0.2104     0.6359    -0.8800    -0.8212     0.4161    -0.7151     0.7632     0.0711    -0.3535     0.7910     0.8553    -0.5953     0.6410
Ynet           -0.0923    -0.3444     0.8000     0.9647    -0.7816     0.6789     0.9082     0.9981     0.3165     0.9647     0.9897     0.9082     0.7283     0.6789     0.6442     0.5286    -0.1326     0.6034    -0.3907    -0.3671    -0.4596    -0.4596    -0.4554    -0.4051    -0.2157     0.9012    -0.2790    -0.1902    -0.0975     1.0000    -0.7816     0.8296     0.9738     0.9578     0.5840    -0.8613     0.7813    -0.9636    -0.7508    -0.6994    -0.0235     0.9981    -0.3444    -0.7816     0.9082     0.9647     0.9897     0.6789     0.3165     0.6034    -0.3907     0.6442    -0.3990     0.9738     0.9578    -0.4596     0.3350     0.8296    -0.7816
R_dc            0.0268     0.3796    -0.6006    -0.7416     1.0000    -0.0824    -0.8940    -0.7576    -0.8243    -0.7416    -0.8472    -0.8940    -0.5881    -0.0824    -0.9230    -0.8591     0.6146    -0.9308     0.3544     0.8253     0.8432     0.8432     0.8394     0.8030     0.6908    -0.5016     0.7960     0.6617     0.6410    -0.7816     1.0000    -0.9961    -0.6401    -0.9242    -0.7734     0.9882    -1.0000     0.8782     0.9970     0.9227     0.1625    -0.7576     0.3796     1.0000    -0.8940    -0.7416    -0.8472    -0.0824    -0.8243    -0.9308     0.3544    -0.9230     0.7987    -0.6401    -0.9242     0.8432     0.3211    -0.9961     1.0000
cryp           -0.0607    -0.4076     0.6240     0.7828    -0.9961     0.1588     0.9159     0.8068     0.7751     0.7828     0.8869     0.9159     0.6334     0.1588     0.9094     0.8394    -0.5612     0.9155    -0.3863    -0.7926    -0.8127    -0.8127    -0.8088    -0.7677    -0.6585     0.5662    -0.7531    -0.6117    -0.5953     0.8296    -0.9961     1.0000     0.6997     0.9516     0.7516    -0.9978     0.9961    -0.9169    -0.9893    -0.9169    -0.1540     0.8068    -0.4076    -0.9961     0.9159     0.7828     0.8869     0.1588     0.7751     0.9155    -0.3863     0.9094    -0.7623     0.6997     0.9516    -0.8127    -0.2444     1.0000    -0.9961
DC             -0.0276    -0.2313     0.7728     0.9639    -0.6401     0.8060     0.7951     0.9831     0.1477     0.9639     0.9505     0.7951     0.7598     0.8060     0.4803     0.3768     0.0668     0.4415    -0.4253    -0.1913    -0.2741    -0.2741    -0.2700    -0.2138    -0.0659     0.9087    -0.0687     0.0069     0.0711     0.9738    -0.6401     0.6997     1.0000     0.8850     0.5172    -0.7408     0.6396    -0.8994    -0.6003    -0.5490     0.0337     0.9831    -0.2313    -0.6401     0.7951     0.9639     0.9505     0.8060     0.1477     0.4415    -0.4253     0.4803    -0.2073     1.0000     0.8850    -0.2741     0.5026     0.6997    -0.6401
m              -0.0314    -0.3464     0.7474     0.9282    -0.9242     0.4504     0.9371     0.9477     0.5727     0.9282     0.9859     0.9371     0.7344     0.4504     0.7982     0.7080    -0.3392     0.7837    -0.4267    -0.5955    -0.6473    -0.6473    -0.6430    -0.5929    -0.4519     0.7559    -0.5169    -0.3975    -0.3535     0.9578    -0.9242     0.9516     0.8850     1.0000     0.7248    -0.9672     0.9240    -0.9795    -0.9026    -0.8322    -0.0821     0.9477    -0.3464    -0.9242     0.9371     0.9282     0.9859     0.4504     0.5727     0.7837    -0.4267     0.7982    -0.5871     0.8850     1.0000    -0.6473     0.0552     0.9516    -0.9242
Lambda          0.6114     0.2925     0.6656     0.7192    -0.7734     0.1070     0.6059     0.5936     0.7635     0.7192     0.6699     0.6059     0.4442     0.1070     0.6707     0.6505    -0.4662     0.6534    -0.1919    -0.5609    -0.6134    -0.6134    -0.6094    -0.5924    -0.4236     0.2562    -0.4783    -0.5017    -0.4088     0.5840    -0.7734     0.7516     0.5172     0.7248     1.0000    -0.7314     0.7718    -0.5770    -0.7654    -0.6645    -0.0012     0.5936     0.2925    -0.7734     0.6059     0.7192     0.6699     0.1070     0.7635     0.6534    -0.1919     0.6707    -0.5984     0.5172     0.7248    -0.6134    -0.2756     0.7516    -0.7734
gam             0.0858     0.4264    -0.6383    -0.8096     0.9882    -0.2151    -0.9277    -0.8396    -0.7345    -0.8096    -0.9121    -0.9277    -0.6641    -0.2151    -0.8946    -0.8204     0.5183    -0.8995     0.4082     0.7640     0.7858     0.7858     0.7819     0.7374     0.6310    -0.6117     0.7172     0.5713     0.5581    -0.8613     0.9882    -0.9978    -0.7408    -0.9672    -0.7314     1.0000    -0.9882     0.9412     0.9785     0.9080     0.1468    -0.8396     0.4264     0.9882    -0.9277    -0.8096    -0.9121    -0.2151    -0.7345    -0.8995     0.4082    -0.8946     0.7313    -0.7408    -0.9672     0.7858     0.1858    -0.9978     0.9882
trs            -0.0292    -0.3819     0.5991     0.7406    -1.0000     0.0815     0.8939     0.7571     0.8242     0.7406     0.8468     0.8939     0.5882     0.0815     0.9232     0.8594    -0.6149     0.9312    -0.3551    -0.8261    -0.8435    -0.8435    -0.8397    -0.8032    -0.6919     0.5014    -0.7969    -0.6619    -0.6420     0.7813    -1.0000     0.9961     0.6396     0.9240     0.7718    -0.9882     1.0000    -0.8783    -0.9971    -0.9229    -0.1632     0.7571    -0.3819    -1.0000     0.8939     0.7406     0.8468     0.0815     0.8242     0.9312    -0.3551     0.9232    -0.7989     0.6396     0.9240    -0.8435    -0.3217     0.9961    -1.0000
Lambda1         0.2083     0.4933    -0.6671    -0.8906     0.8782    -0.4890    -0.9231    -0.9488    -0.4743    -0.8906    -0.9774    -0.9231    -0.7750    -0.4890    -0.7563    -0.6657     0.2623    -0.7543     0.4921     0.5643     0.5928     0.5928     0.5889     0.5303     0.4459    -0.8020     0.4828     0.3238     0.3282    -0.9636     0.8782    -0.9169    -0.8994    -0.9795    -0.5770     0.9412    -0.8783     1.0000     0.8545     0.7985     0.0996    -0.9488     0.4933     0.8782    -0.9231    -0.8906    -0.9774    -0.4890    -0.4743    -0.7543     0.4921    -0.7563     0.5208    -0.8994    -0.9795     0.5928    -0.1279    -0.9169     0.8782
mu_cryp         0.0327     0.3854    -0.5755    -0.7072     0.9970    -0.0353    -0.8851    -0.7240    -0.8432    -0.7072    -0.8185    -0.8851    -0.5584    -0.0353    -0.9483    -0.8905     0.6714    -0.9521     0.3258     0.8556     0.8821     0.8821     0.8788     0.8462     0.7173    -0.4664     0.8242     0.7162     0.6750    -0.7508     0.9970    -0.9893    -0.6003    -0.9026    -0.7654     0.9785    -0.9971     0.8545     1.0000     0.9448     0.1625    -0.7240     0.3854     0.9970    -0.8851    -0.7072    -0.8185    -0.0353    -0.8432    -0.9521     0.3258    -0.9483     0.8421    -0.6003    -0.9026     0.8821     0.3631    -0.9893     0.9970
x_c             0.0980     0.4201    -0.4975    -0.6363     0.9227    -0.0306    -0.8498    -0.6666    -0.7602    -0.6363    -0.7530    -0.8498    -0.5329    -0.0306    -0.9953    -0.9632     0.7739    -0.9658     0.2210     0.8611     0.9506     0.9506     0.9497     0.9242     0.7037    -0.4400     0.7875     0.8167     0.6622    -0.6994     0.9227    -0.9169    -0.5490    -0.8322    -0.6645     0.9080    -0.9229     0.7985     0.9448     1.0000     0.1243    -0.6666     0.4201     0.9227    -0.8498    -0.6363    -0.7530    -0.0306    -0.7602    -0.9658     0.2210    -0.9953     0.9191    -0.5490    -0.8322     0.9506     0.3282    -0.9169     0.9227
DE              0.1912     0.2393     0.0981     0.0330     0.1625     0.1574    -0.0825    -0.0089    -0.1665     0.0330    -0.0427    -0.0825    -0.0778     0.1574    -0.1360    -0.1440     0.1169    -0.1614    -0.0138     0.1807     0.1403     0.1403     0.1396     0.1313     0.1863     0.0282     0.2669     0.1231     0.1867    -0.0235     0.1625    -0.1540     0.0337    -0.0821    -0.0012     0.1468    -0.1632     0.0996     0.1625     0.1243     1.0000    -0.0089     0.2393     0.1625    -0.0825     0.0330    -0.0427     0.1574    -0.1665    -0.1614    -0.0138    -0.1360     0.1280     0.0337    -0.0821     0.1403     0.1881    -0.1540     0.1625
logY           -0.0492    -0.2949     0.8141     0.9759    -0.7576     0.7096     0.8881     1.0000     0.2901     0.9759     0.9863     0.8881     0.7289     0.7096     0.6094     0.4941    -0.0917     0.5662    -0.3849    -0.3249    -0.4199    -0.4199    -0.4156    -0.3654    -0.1740     0.9032    -0.2329    -0.1494    -0.0544     0.9981    -0.7576     0.8068     0.9831     0.9477     0.5936    -0.8396     0.7571    -0.9488    -0.7240    -0.6666    -0.0089     1.0000    -0.2949    -0.7576     0.8881     0.9759     0.9863     0.7096     0.2901     0.5662    -0.3849     0.6094    -0.3599     0.9831     0.9477    -0.4199     0.3689     0.8068    -0.7576
logPi           0.9344     1.0000     0.0439    -0.0869     0.3796     0.0029    -0.4764    -0.2949    -0.1132    -0.0869    -0.3144    -0.4764    -0.2429     0.0029    -0.4093    -0.3371     0.2330    -0.4420     0.2481     0.4097     0.3675     0.3675     0.3674     0.3376     0.4019    -0.4086     0.4870     0.2524     0.3466    -0.3444     0.3796    -0.4076    -0.2313    -0.3464     0.2925     0.4264    -0.3819     0.4933     0.3854     0.4201     0.2393    -0.2949     1.0000     0.3796    -0.4764    -0.0869    -0.3144     0.0029    -0.1132    -0.4420     0.2481    -0.4093     0.3224    -0.2313    -0.3464     0.3675     0.0541    -0.4076     0.3796
logR            0.0268     0.3796    -0.6006    -0.7416     1.0000    -0.0824    -0.8940    -0.7576    -0.8243    -0.7416    -0.8472    -0.8940    -0.5881    -0.0824    -0.9230    -0.8591     0.6146    -0.9308     0.3544     0.8253     0.8432     0.8432     0.8394     0.8030     0.6908    -0.5016     0.7960     0.6617     0.6410    -0.7816     1.0000    -0.9961    -0.6401    -0.9242    -0.7734     0.9882    -1.0000     0.8782     0.9970     0.9227     0.1625    -0.7576     0.3796     1.0000    -0.8940    -0.7416    -0.8472    -0.0824    -0.8243    -0.9308     0.3544    -0.9230     0.7987    -0.6401    -0.9242     0.8432     0.3211    -0.9961     1.0000
logI           -0.1857    -0.4764     0.8004     0.8357    -0.8940     0.3923     1.0000     0.8881     0.5331     0.8357     0.9115     1.0000     0.4912     0.3923     0.8266     0.6827    -0.4724     0.7731    -0.2497    -0.5885    -0.7109    -0.7109    -0.7068    -0.6826    -0.3964     0.8007    -0.5689    -0.5117    -0.3377     0.9082    -0.8940     0.9159     0.7951     0.9371     0.6059    -0.9277     0.8939    -0.9231    -0.8851    -0.8498    -0.0825     0.8881    -0.4764    -0.8940     1.0000     0.8357     0.9115     0.3923     0.5331     0.7731    -0.2497     0.8266    -0.6796     0.7951     0.9371    -0.7109     0.0324     0.9159    -0.8940
logL            0.1699    -0.0869     0.8585     1.0000    -0.7416     0.7006     0.8357     0.9759     0.3324     1.0000     0.9664     0.8357     0.7101     0.7006     0.5829     0.4822    -0.0904     0.5344    -0.3525    -0.2971    -0.4005    -0.4005    -0.3959    -0.3503    -0.1401     0.8304    -0.1854    -0.1465    -0.0315     0.9647    -0.7416     0.7828     0.9639     0.9282     0.7192    -0.8096     0.7406    -0.8906    -0.7072    -0.6363     0.0330     0.9759    -0.0869    -0.7416     0.8357     1.0000     0.9664     0.7006     0.3324     0.5344    -0.3525     0.5829    -0.3481     0.9639     0.9282    -0.4005     0.3430     0.7828    -0.7416
logC           -0.0309    -0.3144     0.7769     0.9664    -0.8472     0.5905     0.9115     0.9863     0.4355     0.9664     1.0000     0.9115     0.7635     0.5905     0.7056     0.6082    -0.2024     0.6820    -0.4379    -0.4664    -0.5307    -0.5307    -0.5263    -0.4727    -0.3254     0.8314    -0.3698    -0.2629    -0.2104     0.9897    -0.8472     0.8869     0.9505     0.9859     0.6699    -0.9121     0.8468    -0.9774    -0.8185    -0.7530    -0.0427     0.9863    -0.3144    -0.8472     0.9115     0.9664     1.0000     0.5905     0.4355     0.6820    -0.4379     0.7056    -0.4665     0.9505     0.9859    -0.5307     0.2177     0.8869    -0.8472
logEX           0.0018     0.0029     0.6171     0.7006    -0.0824     1.0000     0.3923     0.7096    -0.4402     0.7006     0.5905     0.3923     0.4676     1.0000    -0.0569    -0.1621     0.5037    -0.1457    -0.1260     0.4101     0.2581     0.2581     0.2607     0.2938     0.5133     0.8316     0.5039     0.4673     0.6359     0.6789    -0.0824     0.1588     0.8060     0.4504     0.1070    -0.2151     0.0815    -0.4890    -0.0353    -0.0306     0.1574     0.7096     0.0029    -0.0824     0.3923     0.7006     0.5905     1.0000    -0.4402    -0.1457    -0.1260    -0.0569     0.2962     0.8060     0.4504     0.2581     0.9106     0.1588    -0.0824
logM            0.2114    -0.1132     0.2646     0.3324    -0.8243    -0.4402     0.5331     0.2901     1.0000     0.3324     0.4355     0.5331     0.2755    -0.4402     0.8087     0.8210    -0.7795     0.8651    -0.2770    -0.9158    -0.8451    -0.8451    -0.8427    -0.8292    -0.8547    -0.0542    -0.8993    -0.8020    -0.8800     0.3165    -0.8243     0.7751     0.1477     0.5727     0.7635    -0.7345     0.8242    -0.4743    -0.8432    -0.7602    -0.1665     0.2901    -0.1132    -0.8243     0.5331     0.3324     0.4355    -0.4402     1.0000     0.8651    -0.2770     0.8087    -0.8295     0.1477     0.5727    -0.8451    -0.7719     0.7751    -0.8243
logD           -0.1111    -0.4420     0.3632     0.5344    -0.9308    -0.1457     0.7731     0.5662     0.8651     0.5344     0.6820     0.7731     0.5257    -0.1457     0.9766     0.9669    -0.7831     1.0000    -0.3654    -0.9570    -0.9521    -0.9521    -0.9509    -0.9180    -0.8577     0.2932    -0.8820    -0.8254    -0.8212     0.6034    -0.9308     0.9155     0.4415     0.7837     0.6534    -0.8995     0.9312    -0.7543    -0.9521    -0.9658    -0.1614     0.5662    -0.4420    -0.9308     0.7731     0.5344     0.6820    -0.1457     0.8651     1.0000    -0.3654     0.9766    -0.9112     0.4415     0.7837    -0.9521    -0.5014     0.9155    -0.9308
logD_star       0.1250     0.2481    -0.0492    -0.3525     0.3544    -0.1260    -0.2497    -0.3849    -0.2770    -0.3525    -0.4379    -0.2497    -0.5995    -0.1260    -0.2031    -0.2210    -0.1422    -0.3654     1.0000     0.3862     0.1050     0.1050     0.1032     0.0244     0.5357    -0.2150     0.1672    -0.0951     0.4161    -0.3907     0.3544    -0.3863    -0.4253    -0.4267    -0.1919     0.4082    -0.3551     0.4921     0.3258     0.2210    -0.0138    -0.3849     0.2481     0.3544    -0.2497    -0.3525    -0.4379    -0.1260    -0.2770    -0.3654     1.0000    -0.2031     0.0097    -0.4253    -0.4267     0.1050     0.0383    -0.3863     0.3544
logN           -0.0838    -0.4093     0.4685     0.5829    -0.9230    -0.0569     0.8266     0.6094     0.8087     0.5829     0.7056     0.8266     0.4725    -0.0569     1.0000     0.9696    -0.8218     0.9766    -0.2031    -0.8948    -0.9737    -0.9737    -0.9728    -0.9523    -0.7416     0.3741    -0.8357    -0.8600    -0.7151     0.6442    -0.9230     0.9094     0.4803     0.7982     0.6707    -0.8946     0.9232    -0.7563    -0.9483    -0.9953    -0.1360     0.6094    -0.4093    -0.9230     0.8266     0.5829     0.7056    -0.0569     0.8087     0.9766    -0.2031     1.0000    -0.9482     0.4803     0.7982    -0.9737    -0.4125     0.9094    -0.9230
spread          0.0320     0.3224    -0.3497    -0.3481     0.7987     0.2962    -0.6796    -0.3599    -0.8295    -0.3481    -0.4665    -0.6796    -0.1931     0.2962    -0.9482    -0.9273     0.9595    -0.9112     0.0097     0.8908     0.9930     0.9930     0.9931     0.9997     0.7331    -0.1479     0.8708     0.9758     0.7632    -0.3990     0.7987    -0.7623    -0.2073    -0.5871    -0.5984     0.7313    -0.7989     0.5208     0.8421     0.9191     0.1280    -0.3599     0.3224     0.7987    -0.6796    -0.3481    -0.4665     0.2962    -0.8295    -0.9112     0.0097    -0.9482     1.0000    -0.2073    -0.5871     0.9930     0.5915    -0.7623     0.7987
logDC          -0.0276    -0.2313     0.7728     0.9639    -0.6401     0.8060     0.7951     0.9831     0.1477     0.9639     0.9505     0.7951     0.7598     0.8060     0.4803     0.3768     0.0668     0.4415    -0.4253    -0.1913    -0.2741    -0.2741    -0.2700    -0.2138    -0.0659     0.9087    -0.0687     0.0069     0.0711     0.9738    -0.6401     0.6997     1.0000     0.8850     0.5172    -0.7408     0.6396    -0.8994    -0.6003    -0.5490     0.0337     0.9831    -0.2313    -0.6401     0.7951     0.9639     0.9505     0.8060     0.1477     0.4415    -0.4253     0.4803    -0.2073     1.0000     0.8850    -0.2741     0.5026     0.6997    -0.6401
logm           -0.0314    -0.3464     0.7474     0.9282    -0.9242     0.4504     0.9371     0.9477     0.5727     0.9282     0.9859     0.9371     0.7344     0.4504     0.7982     0.7080    -0.3392     0.7837    -0.4267    -0.5955    -0.6473    -0.6473    -0.6430    -0.5929    -0.4519     0.7559    -0.5169    -0.3975    -0.3535     0.9578    -0.9242     0.9516     0.8850     1.0000     0.7248    -0.9672     0.9240    -0.9795    -0.9026    -0.8322    -0.0821     0.9477    -0.3464    -0.9242     0.9371     0.9282     0.9859     0.4504     0.5727     0.7837    -0.4267     0.7982    -0.5871     0.8850     1.0000    -0.6473     0.0552     0.9516    -0.9242
leverage        0.0634     0.3675    -0.3452    -0.4005     0.8432     0.2581    -0.7109    -0.4199    -0.8451    -0.4005    -0.5307    -0.7109    -0.2983     0.2581    -0.9737    -0.9602     0.9276    -0.9521     0.1050     0.9241     1.0000     1.0000     1.0000     0.9950     0.7810    -0.1875     0.8852     0.9521     0.7910    -0.4596     0.8432    -0.8127    -0.2741    -0.6473    -0.6134     0.7858    -0.8435     0.5928     0.8821     0.9506     0.1403    -0.4199     0.3675     0.8432    -0.7109    -0.4005    -0.5307     0.2581    -0.8451    -0.9521     0.1050    -0.9737     0.9930    -0.2741    -0.6473     1.0000     0.5717    -0.8127     0.8432
TB             -0.0960     0.0541     0.3151     0.3430     0.3211     0.9106     0.0324     0.3689    -0.7719     0.3430     0.2177     0.0324     0.2043     0.9106    -0.4125    -0.4927     0.7154    -0.5014     0.0383     0.7118     0.5717     0.5717     0.5725     0.5896     0.7568     0.6137     0.7707     0.7000     0.8553     0.3350     0.3211    -0.2444     0.5026     0.0552    -0.2756     0.1858    -0.3217    -0.1279     0.3631     0.3282     0.1881     0.3689     0.0541     0.3211     0.0324     0.3430     0.2177     0.9106    -0.7719    -0.5014     0.0383    -0.4125     0.5915     0.5026     0.0552     0.5717     1.0000    -0.2444     0.3211
logcryp        -0.0607    -0.4076     0.6240     0.7828    -0.9961     0.1588     0.9159     0.8068     0.7751     0.7828     0.8869     0.9159     0.6334     0.1588     0.9094     0.8394    -0.5612     0.9155    -0.3863    -0.7926    -0.8127    -0.8127    -0.8088    -0.7677    -0.6585     0.5662    -0.7531    -0.6117    -0.5953     0.8296    -0.9961     1.0000     0.6997     0.9516     0.7516    -0.9978     0.9961    -0.9169    -0.9893    -0.9169    -0.1540     0.8068    -0.4076    -0.9961     0.9159     0.7828     0.8869     0.1588     0.7751     0.9155    -0.3863     0.9094    -0.7623     0.6997     0.9516    -0.8127    -0.2444     1.0000    -0.9961
logRDC          0.0268     0.3796    -0.6006    -0.7416     1.0000    -0.0824    -0.8940    -0.7576    -0.8243    -0.7416    -0.8472    -0.8940    -0.5881    -0.0824    -0.9230    -0.8591     0.6146    -0.9308     0.3544     0.8253     0.8432     0.8432     0.8394     0.8030     0.6908    -0.5016     0.7960     0.6617     0.6410    -0.7816     1.0000    -0.9961    -0.6401    -0.9242    -0.7734     0.9882    -1.0000     0.8782     0.9970     0.9227     0.1625    -0.7576     0.3796     1.0000    -0.8940    -0.7416    -0.8472    -0.0824    -0.8243    -0.9308     0.3544    -0.9230     0.7987    -0.6401    -0.9242     0.8432     0.3211    -0.9961     1.0000



COEFFICIENTS OF AUTOCORRELATION
Order              1        2        3        4        5
mc            0.4693   0.2251   0.1123   0.0598   0.0351
Pi            0.5855   0.3865   0.2871   0.2341   0.2030
Z             0.8482   0.7511   0.6808   0.6244   0.5757
w             0.9162   0.8615   0.8208   0.7873   0.7575
R             0.9211   0.8532   0.7932   0.7393   0.6904
epsilon       0.9479   0.8988   0.8528   0.8098   0.7697
Q             0.9388   0.8775   0.8186   0.7630   0.7110
Y             0.9644   0.9297   0.8964   0.8644   0.8337
M             0.8514   0.7491   0.6712   0.6077   0.5534
L             0.9162   0.8615   0.8208   0.7873   0.7575
C             0.9604   0.9243   0.8907   0.8591   0.8291
I             0.9388   0.8775   0.8186   0.7630   0.7110
K             0.9993   0.9973   0.9941   0.9899   0.9847
EX            0.9479   0.8988   0.8528   0.8098   0.7697
N             0.9295   0.8646   0.8050   0.7500   0.6994
K_b           0.9420   0.8881   0.8380   0.7915   0.7482
K_h           0.9221   0.8503   0.7842   0.7233   0.6673
D             0.9362   0.8774   0.8232   0.7733   0.7274
D_star        0.9957   0.9891   0.9813   0.9727   0.9636
x             0.9345   0.8744   0.8193   0.7688   0.7224
psi           0.9221   0.8506   0.7850   0.7248   0.6694
phi           0.9221   0.8506   0.7850   0.7248   0.6694
upsilon       0.9226   0.8515   0.7861   0.7261   0.6709
mu            0.9185   0.8439   0.7755   0.7128   0.6551
mu_star       0.9502   0.9051   0.8639   0.8259   0.7907
A             0.9500   0.9025   0.8574   0.8145   0.7738
R_star        0.9000   0.8100   0.7290   0.6561   0.5905
chi_h         0.9217   0.8496   0.7831   0.7220   0.6656
chi_b         0.9414   0.8876   0.8383   0.7929   0.7512
Ynet          0.9668   0.9325   0.8988   0.8660   0.8345
R_dc          0.9211   0.8532   0.7932   0.7393   0.6904
cryp          0.9330   0.8730   0.8186   0.7691   0.7238
DC            0.9687   0.9385   0.9093   0.8811   0.8540
m             0.9507   0.9071   0.8672   0.8304   0.7961
Lambda        0.6582   0.4880   0.3976   0.3450   0.3106
gam           0.9412   0.8868   0.8366   0.7904   0.7477
trs           0.9215   0.8538   0.7938   0.7399   0.6910
Lambda1       0.9690   0.9365   0.9042   0.8730   0.8431
mu_cryp       0.9201   0.8506   0.7888   0.7331   0.6826
x_c           0.9360   0.8768   0.8221   0.7714   0.7245
DE           -0.0340  -0.0253  -0.0203  -0.0170  -0.0146
logY          0.9644   0.9297   0.8964   0.8644   0.8337
logPi         0.5855   0.3865   0.2871   0.2341   0.2030
logR          0.9211   0.8532   0.7932   0.7393   0.6904
logI          0.9388   0.8775   0.8186   0.7630   0.7110
logL          0.9162   0.8615   0.8208   0.7873   0.7575
logC          0.9604   0.9243   0.8907   0.8591   0.8291
logEX         0.9479   0.8988   0.8528   0.8098   0.7697
logM          0.8514   0.7491   0.6712   0.6077   0.5534
logD          0.9362   0.8774   0.8232   0.7733   0.7274
logD_star     0.9957   0.9891   0.9813   0.9727   0.9636
logN          0.9295   0.8646   0.8050   0.7500   0.6994
spread        0.9173   0.8419   0.7729   0.7096   0.6516
logDC         0.9687   0.9385   0.9093   0.8811   0.8540
logm          0.9507   0.9071   0.8672   0.8304   0.7961
leverage      0.9221   0.8506   0.7850   0.7248   0.6694
TB            0.9160   0.8447   0.7820   0.7260   0.6753
logcryp       0.9330   0.8730   0.8186   0.7691   0.7238
logRDC        0.9211   0.8532   0.7932   0.7393   0.6904
Total computing time : 0h00m00s
