
<a href = "matlab: helpview('optim','eqn_inaccuracy','CSHelpWindow');">Equation solved, inaccuracy possible</a>.

The vector of function values is near zero, as measured by the value
of the <a href = "matlab: helpview('optim','fcn_tolerance_fsolve','CSHelpWindow');">function tolerance</a>. However, the <a href = "matlab: helpview('optim','last_step_ineffective','CSHelpWindow');">last step was ineffective</a>.

<<a href = "matlab: createExitMsg({'optim:fsolve:Exit3basic'},{'optim:fsolve:Exit3detailed','fsolve','2.033708e-22','2.220446e-16','1.922848e-30','1.000000e-09'},true,true);;">stopping criteria details</a>>

<a href = "matlab: helpview('optim','eqn_inaccuracy','CSHelpWindow');">Equation solved, inaccuracy possible</a>.

The vector of function values is near zero, as measured by the value
of the <a href = "matlab: helpview('optim','fcn_tolerance_fsolve','CSHelpWindow');">function tolerance</a>. However, the <a href = "matlab: helpview('optim','last_step_ineffective','CSHelpWindow');">last step was ineffective</a>.

<<a href = "matlab: createExitMsg({'optim:fsolve:Exit3basic'},{'optim:fsolve:Exit3detailed','fsolve','2.033708e-22','2.220446e-16','1.922848e-30','1.000000e-09'},true,true);;">stopping criteria details</a>>

<a href = "matlab: helpview('optim','eqn_inaccuracy','CSHelpWindow');">Equation solved, inaccuracy possible</a>.

The vector of function values is near zero, as measured by the value
of the <a href = "matlab: helpview('optim','fcn_tolerance_fsolve','CSHelpWindow');">function tolerance</a>. However, the <a href = "matlab: helpview('optim','last_step_ineffective','CSHelpWindow');">last step was ineffective</a>.

<<a href = "matlab: createExitMsg({'optim:fsolve:Exit3basic'},{'optim:fsolve:Exit3detailed','fsolve','2.033708e-22','2.220446e-16','1.922848e-30','1.000000e-09'},true,true);;">stopping criteria details</a>>

<a href = "matlab: helpview('optim','eqn_inaccuracy','CSHelpWindow');">Equation solved, inaccuracy possible</a>.

The vector of function values is near zero, as measured by the value
of the <a href = "matlab: helpview('optim','fcn_tolerance_fsolve','CSHelpWindow');">function tolerance</a>. However, the <a href = "matlab: helpview('optim','last_step_ineffective','CSHelpWindow');">last step was ineffective</a>.

<<a href = "matlab: createExitMsg({'optim:fsolve:Exit3basic'},{'optim:fsolve:Exit3detailed','fsolve','2.033708e-22','2.220446e-16','1.922848e-30','1.000000e-09'},true,true);;">stopping criteria details</a>>

<a href = "matlab: helpview('optim','eqn_inaccuracy','CSHelpWindow');">Equation solved, inaccuracy possible</a>.

The vector of function values is near zero, as measured by the value
of the <a href = "matlab: helpview('optim','fcn_tolerance_fsolve','CSHelpWindow');">function tolerance</a>. However, the <a href = "matlab: helpview('optim','last_step_ineffective','CSHelpWindow');">last step was ineffective</a>.

<<a href = "matlab: createExitMsg({'optim:fsolve:Exit3basic'},{'optim:fsolve:Exit3detailed','fsolve','2.033708e-22','2.220446e-16','1.922848e-30','1.000000e-09'},true,true);;">stopping criteria details</a>>

<a href = "matlab: helpview('optim','eqn_inaccuracy','CSHelpWindow');">Equation solved, inaccuracy possible</a>.

The vector of function values is near zero, as measured by the value
of the <a href = "matlab: helpview('optim','fcn_tolerance_fsolve','CSHelpWindow');">function tolerance</a>. However, the <a href = "matlab: helpview('optim','last_step_ineffective','CSHelpWindow');">last step was ineffective</a>.

<<a href = "matlab: createExitMsg({'optim:fsolve:Exit3basic'},{'optim:fsolve:Exit3detailed','fsolve','2.033708e-22','2.220446e-16','1.922848e-30','1.000000e-09'},true,true);;">stopping criteria details</a>>

<a href = "matlab: helpview('optim','eqn_inaccuracy','CSHelpWindow');">Equation solved, inaccuracy possible</a>.

The vector of function values is near zero, as measured by the value
of the <a href = "matlab: helpview('optim','fcn_tolerance_fsolve','CSHelpWindow');">function tolerance</a>. However, the <a href = "matlab: helpview('optim','last_step_ineffective','CSHelpWindow');">last step was ineffective</a>.

<<a href = "matlab: createExitMsg({'optim:fsolve:Exit3basic'},{'optim:fsolve:Exit3detailed','fsolve','2.033708e-22','2.220446e-16','1.922848e-30','1.000000e-09'},true,true);;">stopping criteria details</a>>
 
STEADY-STATE RESULTS:
 
lambda      		 0.99169
c           		 1.00838
h           		 0.337407
inv         		 0.501717
y           		 1.5101
k           		 20.0687
ne          		 0.414518
atilde      		 1.00795
b           		 1.08366
nc          		 0.297914
Hc          		 0.296227
bc          		 0.723682
Fc          		 0.00194469
vc          		 -2.887
H1c         		 -0.998055
Gc          		 0.703664
omegacbar   		 0.703819
rc          		 1.00168
G1c         		 0.993803
ns          		 0.116604
Hs          		 0.248534
bs          		 0.359982
Fs          		 0.00979083
vs          		 -2.33427
H1s         		 -0.990209
Gs          		 0.75078
omegasbar   		 0.751752
rs          		 1.00188
G1s         		 0.968917
dc          		 0.651314
kb          		 0.0723682
rcl         		 1.00124
rsl         		 1.00188
omegacbar1  		 0.690168
vc1         		 -3.05131
Fc1         		 0.00113924
w           		 2.7281
rp          		 1.00188
q           		 1
rk          		 0.026875
rstilde     		 1.00188
ks          		 0.0107994
ds          		 0.349182
a           		 1
vk          		 10
gdp         		 1.5101
sigma       		 0.1192
utility     		 -0.448127
totutility  		 -239.449
fshock      		 1
ai          		 1
bsshare     		 0.33219
levtot      		 2.61427
levs        		 3.08721
levc        		 2.42916
car         		 0.1
lnb         		 0.0803473
zs          		 1.00317
zc          		 1.00146
lngdp       		 0.412174
Ftot        		 0.0045511
dcar        		 0
totutility1 		 -239.419

<a href = "matlab: helpview('optim','eqn_inaccuracy','CSHelpWindow');">Equation solved, inaccuracy possible</a>.

The vector of function values is near zero, as measured by the value
of the <a href = "matlab: helpview('optim','fcn_tolerance_fsolve','CSHelpWindow');">function tolerance</a>. However, the <a href = "matlab: helpview('optim','last_step_ineffective','CSHelpWindow');">last step was ineffective</a>.

<<a href = "matlab: createExitMsg({'optim:fsolve:Exit3basic'},{'optim:fsolve:Exit3detailed','fsolve','2.033708e-22','2.220446e-16','1.922848e-30','1.000000e-09'},true,true);;">stopping criteria details</a>>
 
 
 
 
Residuals of the static equations:
 
Equation number 1 : 0
Equation number 2 : 0
Equation number 3 : 0
Equation number 4 : 0
Equation number 5 : 0
Equation number 6 : 0
Equation number 7 : 0
Equation number 8 : 0
Equation number 9 : 0
Equation number 10 : 0
Equation number 11 : 0
Equation number 12 : 0
Equation number 13 : 0
Equation number 14 : 0
Equation number 15 : 0
Equation number 16 : 0
Equation number 17 : 0
Equation number 18 : 0
Equation number 19 : 0
Equation number 20 : 0
Equation number 21 : 0
Equation number 22 : 0
Equation number 23 : 0
Equation number 24 : 0
Equation number 25 : 0
Equation number 26 : 0
Equation number 27 : 0
Equation number 28 : 0
Equation number 29 : 0
Equation number 30 : 0
Equation number 31 : 0
Equation number 32 : 0
Equation number 33 : 0
Equation number 34 : 0
Equation number 35 : 0
Equation number 36 : 0
Equation number 37 : 0
Equation number 38 : 0
Equation number 39 : 0
Equation number 40 : 0
Equation number 41 : 0
Equation number 42 : 0
Equation number 43 : 0
Equation number 44 : 0
Equation number 45 : 0
Equation number 46 : 0
Equation number 47 : 0
Equation number 48 : 0
Equation number 49 : 0
Equation number 50 : 0
Equation number 51 : 0
Equation number 52 : 0
Equation number 53 : 0
Equation number 54 : 0
Equation number 55 : 0
Equation number 56 : 0
Equation number 57 : 0
Equation number 58 : 0
Equation number 59 : 0
Equation number 60 : 0
Equation number 61 : 0
Equation number 62 : 0
Equation number 63 : 0
 
 

<a href = "matlab: helpview('optim','eqn_inaccuracy','CSHelpWindow');">Equation solved, inaccuracy possible</a>.

The vector of function values is near zero, as measured by the value
of the <a href = "matlab: helpview('optim','fcn_tolerance_fsolve','CSHelpWindow');">function tolerance</a>. However, the <a href = "matlab: helpview('optim','last_step_ineffective','CSHelpWindow');">last step was ineffective</a>.

<<a href = "matlab: createExitMsg({'optim:fsolve:Exit3basic'},{'optim:fsolve:Exit3detailed','fsolve','2.033708e-22','2.220446e-16','1.922848e-30','1.000000e-09'},true,true);;">stopping criteria details</a>>
 
EIGENVALUES:
         Modulus             Real        Imaginary

               0               -0                0
               0               -0                0
       1.985e-17       -1.985e-17                0
       5.895e-17        5.895e-17                0
          0.0339          -0.0339                0
          0.6815           0.6815                0
           0.817            0.817                0
            0.82             0.82                0
            0.91             0.91                0
            0.95             0.95                0
          0.9674           0.9674                0
            0.97             0.97                0
          0.9718           0.9718                0
          0.9995           0.9995                0
           1.002            1.002                0
           1.002            1.002                0
           1.037            1.037                0
           1.399            1.399                0
           1.646           -1.646                0
       1.505e+15        1.505e+15                0
             Inf              Inf                0


There are 7 eigenvalue(s) larger than 1 in modulus 
for 7 forward-looking variable(s)
 
The rank condition is verified.
 

<a href = "matlab: helpview('optim','eqn_inaccuracy','CSHelpWindow');">Equation solved, inaccuracy possible</a>.

The vector of function values is near zero, as measured by the value
of the <a href = "matlab: helpview('optim','fcn_tolerance_fsolve','CSHelpWindow');">function tolerance</a>. However, the <a href = "matlab: helpview('optim','last_step_ineffective','CSHelpWindow');">last step was ineffective</a>.

<<a href = "matlab: createExitMsg({'optim:fsolve:Exit3basic'},{'optim:fsolve:Exit3detailed','fsolve','2.033708e-22','2.220446e-16','1.922848e-30','1.000000e-09'},true,true);;">stopping criteria details</a>>
[Warning: Aggregate variance and sum of variances by shocks differ by more than 0.01 %] 
[> In <a href="matlab:matlab.internal.language.introspective.errorDocCallback('th_autocovariances', 'C:\dynare\4.3.3\matlab\th_autocovariances.m', 176)" style="font-weight:bold">th_autocovariances</a> (<a href="matlab: opentoline('C:\dynare\4.3.3\matlab\th_autocovariances.m',176,0)">line 176</a>)
In <a href="matlab:matlab.internal.language.introspective.errorDocCallback('disp_th_moments', 'C:\dynare\4.3.3\matlab\disp_th_moments.m', 37)" style="font-weight:bold">disp_th_moments</a> (<a href="matlab: opentoline('C:\dynare\4.3.3\matlab\disp_th_moments.m',37,0)">line 37</a>)
In <a href="matlab:matlab.internal.language.introspective.errorDocCallback('stoch_simul', 'C:\dynare\4.3.3\matlab\stoch_simul.m', 151)" style="font-weight:bold">stoch_simul</a> (<a href="matlab: opentoline('C:\dynare\4.3.3\matlab\stoch_simul.m',151,0)">line 151</a>)
In <a href="matlab:matlab.internal.language.introspective.errorDocCallback('policy_sb', 'D:\crypto2\computer codes\extended model\policy_sb.m', 426)" style="font-weight:bold">policy_sb</a> (<a href="matlab: opentoline('D:\crypto2\computer codes\extended model\policy_sb.m',426,0)">line 426</a>)
In <a href="matlab:matlab.internal.language.introspective.errorDocCallback('dynare', 'C:\dynare\4.3.3\matlab\dynare.m', 120)" style="font-weight:bold">dynare</a> (<a href="matlab: opentoline('C:\dynare\4.3.3\matlab\dynare.m',120,0)">line 120</a>)
In <a href="matlab:matlab.internal.language.introspective.errorDocCallback('opt_rule', 'D:\crypto2\computer codes\extended model\opt_rule.m', 9)" style="font-weight:bold">opt_rule</a> (<a href="matlab: opentoline('D:\crypto2\computer codes\extended model\opt_rule.m',9,0)">line 9</a>)] 
Total computing time : 0h00m03s
