Starting Dynare (version 5.3).
Calling Dynare with arguments: none
Starting preprocessing of the model file ...
Found 65 equation(s).
Evaluating expressions...done
Computing static model derivatives (order 1).
Computing dynamic model derivatives (order 1).
Processing outputs ...
done
Preprocessing completed.


STEADY-STATE RESULTS:

mc        		 0.888889
Pi        		 1
Z         		 0.0393545
w         		 5.09951
R         		 1.015
epsilon   		 1.03163
Q         		 1
Y         		 2.98667
M         		 0.463214
L         		 0.270713
C         		 1.99429
I         		 0.404754
K         		 20.2377
EX        		 0.534767
N         		 3.93239
K_b       		 15.8305
K_h       		 4.40724
D         		 3.58917
D_star    		 8.0962
x         		 0.52761
psi       		 1.61429
phi       		 4.02566
upsilon   		 1.57743
mu        		 0.0067674
mu_star   		 0.0127243
A         		 1
R_star    		 1.00681
Y_star    		 0.518369
Phi       		 0
Theta     		 0.401
chi_h     		 0.00945384
chi_b     		 0.0434066
Ynet      		 2.45594
P_c       		 1
R_dc      		 1
theta_c   		 1
cryp      		 0
DC        		 0
m         		 1.99429
R_c       		 1
Lambda    		 0.985222
spread2   		 -4.99564
gam       		 0.0299384
trs       		 1
Lambda1   		 1.01291
sigma_Rc  		 0
mu_cryp   		 0.0233118
x_c       		 0
DE        		 1
Omega     		 1.55412
logY      		 1.09416
logPi     		 0
logR      		 0.0148886
logI      		 -0.904476
logL      		 -1.30669
logC      		 0.690286
logEX     		 -0.625924
logM      		 -0.769567
logD      		 1.27792
logD_star 		 2.09139
logN      		 1.36925
spread    		 -5.43655
logm      		 0.690286
leverage  		 1.39269
TB        		 -2.63731

EIGENVALUES:
         Modulus             Real        Imaginary

       1.269e-17        1.269e-17                0
       3.175e-16       -3.175e-16                0
       1.831e-15        1.831e-15                0
          0.4504           0.4504                0
             0.9              0.9                0
             0.9              0.9                0
          0.9326           0.9326                0
            0.95             0.95                0
            0.95             0.95                0
            0.95             0.95                0
          0.9772           0.9772                0
          0.9841           0.9841                0
            1.02             1.02                0
           1.041            1.041                0
           1.074            1.074                0
           1.154            1.154                0
           1.621            1.621                0
       7.371e+17       -7.371e+17                0
             Inf              Inf                0


There are 7 eigenvalue(s) larger than 1 in modulus 
for 7 forward-looking variable(s)

The rank condition is verified.

MODEL_DIAGNOSTICS:  The Jacobian of the static model is singular
MODEL_DIAGNOSTICS:  there is 2 colinear relationships between the variables and the equations
Relation 1
Colinear variables:
Z
w
epsilon
Y
M
L
C
I
K
EX
N
K_b
K_h
D
D_star
x
psi
phi
upsilon
mu
mu_star
R_star
Y_star
chi_h
chi_b
Ynet
m
spread2
gam
Lambda1
mu_cryp
Omega
logY
logI
logL
logC
logEX
logM
logD
logD_star
logN
spread
logm
leverage
TB
Relation 2
Colinear variables:
Z
w
epsilon
Y
M
L
C
I
K
EX
N
K_b
K_h
D
D_star
x
psi
phi
upsilon
mu
mu_star
R_star
Y_star
chi_h
chi_b
Ynet
m
spread2
gam
Lambda1
mu_cryp
Omega
logY
logI
logL
logC
logEX
logM
logD
logD_star
logN
spread
logm
leverage
TB
Relation 1
Colinear equations
    47    48
Relation 2
Colinear equations
    47    48
MODEL_DIAGNOSTICS:  The presence of a singularity problem typically indicates that there is one
MODEL_DIAGNOSTICS:  redundant equation entered in the model block, while another non-redundant equation
MODEL_DIAGNOSTICS:  is missing. The problem often derives from Walras Law.

MODEL SUMMARY

  Number of variables:         65
  Number of stochastic shocks: 6
  Number of state variables:   12
  Number of jumpers:           7
  Number of static variables:  47


MATRIX OF COVARIANCE OF EXOGENOUS SHOCKS
Variables               varepsilon_R      varepsilon_A  varepsilon_Rstar  varepsilon_Ystar            eps_Rc               vol
varepsilon_R                0.000006          0.000000          0.000000          0.000000          0.000000          0.000000
varepsilon_A                0.000000          0.000100          0.000000          0.000000          0.000000          0.000000
varepsilon_Rstar            0.000000          0.000000          0.000006          0.000000          0.000000          0.000000
varepsilon_Ystar            0.000000          0.000000          0.000000          0.000000          0.000000          0.000000
eps_Rc                      0.000000          0.000000          0.000000          0.000000          0.000000          0.000000
vol                         0.000000          0.000000          0.000000          0.000000          0.000000          0.000000

POLICY AND TRANSITION FUNCTIONS
                                  mc              Pi               Z               w               R         epsilon               Q               Y               M               L               C               I               K              EX               N             K_b             K_h               D          D_star               x             psi             phi         upsilon              mu         mu_star               A          R_star          Y_star             Phi           Theta           chi_h           chi_b            Ynet             P_c            R_dc         theta_c            cryp              DC               m             R_c          Lambda         spread2             gam             trs         Lambda1        sigma_Rc         mu_cryp             x_c              DE           Omega            logY           logPi            logR            logI            logL            logC           logEX            logM            logD       logD_star            logN          spread            logm        leverage              TB
Constant                    0.888889        1.000000        0.039354        5.099506        1.015000        1.031634        1.000000        2.986667        0.463214        0.270713        1.994286        0.404754       20.237705        0.534767        3.932393       15.830465        4.407240        3.589170        8.096196        0.527610        1.614289        4.025657        1.577431        0.006767        0.012724        1.000000        1.006813        0.518369               0        0.401000        0.009454        0.043407        2.455940        1.000000        1.000000        1.000000               0               0        1.994286        1.000000        0.985222       -4.995638        0.029938        1.000000        1.012915               0        0.023312               0        1.000000        1.554119        1.094158               0        0.014889       -0.904476       -1.306695        0.690286       -0.625924       -0.769567        1.277921        2.091395        1.369248       -5.436547        0.690286        1.392688       -2.637309
R(-1)                      -2.887912       -1.000273       -0.271513       -8.795593        0.339003       -1.617697       -1.962246      -10.902149       -2.469430       -1.400774       -9.088205       -1.191340       -1.191340       -0.838565      -27.259571      -42.370186       41.178845      -30.490392       -2.469430        1.459178        3.702072        9.232099        3.224960        0.090744        0.039758               0               0               0               0               0        0.177220        0.038742       -7.821225               0               0               0               0               0       -9.088205               0       -0.771843       13.409006        0.708201               0        1.407019               0        0.566725               0       -2.568366        1.959771       -3.650272       -1.000273        0.333993       -2.943368       -5.174380       -4.557123       -1.568093       -5.331081       -8.495110       -0.305011       -6.932057       12.147989       -4.557123        2.293315       22.792217
K(-1)                      -0.009274       -0.003571       -0.001900        0.001449        0.000015        0.022363       -0.023318        0.034555       -0.009515        0.000231        0.025848       -0.014157        0.965843        0.011592       -0.549561       -0.680778        1.646621       -0.666927       -0.009515        0.045809        0.118538        0.295605        0.103621        0.002808        0.001284               0               0               0               0               0        0.006613        0.004659        0.022740               0               0               0               0               0        0.025848               0       -0.001796        0.414900       -0.000741               0       -0.026090               0        0.001555               0        0.018106        0.099257        0.011570       -0.003571        0.000015       -0.034976        0.000852        0.012961        0.021677       -0.020541       -0.185816       -0.001175       -0.139752        0.351033        0.012961        0.073430        0.294981
K_b(-1)                    -0.000604       -0.000561        0.000011        0.000371       -0.000477       -0.004613        0.027844        0.002900        0.002206        0.000059        0.009541        0.016905        0.016905       -0.002391        1.400330        2.793831       -2.776926        1.860127        0.002206       -0.110021       -0.245005       -0.610985       -0.214925       -0.005380       -0.003214               0               0               0               0               0       -0.011921       -0.009234        0.023916               0               0               0               0               0        0.009541               0        0.000019       -0.795012       -0.001200               0       -0.008849               0       -0.003907               0       -0.005032       -0.211718        0.000971       -0.000561       -0.000470        0.041766        0.000218        0.004784       -0.004472        0.004763        0.518261        0.000273        0.356101       -0.658782        0.004784       -0.151773       -0.064255
D(-1)                       0.000602        0.000558       -0.000011       -0.000370        0.000475        0.004594       -0.027725       -0.002887       -0.002197       -0.000059       -0.009500       -0.016833       -0.016833        0.002381       -1.394348       -2.781896        2.765064       -1.852181       -0.002197        0.109551        0.243958        0.608374        0.214007        0.005357        0.003200               0               0               0               0               0        0.011870        0.009194       -0.023814               0               0               0               0               0       -0.009500               0       -0.000019        0.791616        0.001195               0        0.008811               0        0.003890               0        0.005011        0.210814       -0.000967        0.000558        0.000468       -0.041588       -0.000217       -0.004764        0.004453       -0.004743       -0.516047       -0.000271       -0.354580        0.655968       -0.004764        0.151124        0.063980
D_star(-1)                 -0.002260        0.000680       -0.000904       -0.029296        0.002732        0.042062       -0.057197       -0.061039       -0.029531       -0.004666       -0.092022       -0.034726       -0.034726        0.021804       -2.149060       -3.915952        3.881226       -3.993856        0.977282        0.245891        0.390555        0.973953        0.342121        0.007826        0.007261               0               0               0               0               0        0.016667        0.027239       -0.093964               0               0               0               0               0       -0.092022               0       -0.001535        1.156446        0.007347               0        0.066856               0        0.009238               0        0.041453        0.334644       -0.020437        0.000680        0.002691       -0.085796       -0.017234       -0.046143        0.040772       -0.063751       -1.112752        0.120709       -0.546502        0.941119       -0.046143        0.241936        0.717425
A(-1)                      -0.567026       -0.219986        0.009551        0.309395       -0.010097        1.190623        0.914036        2.630030       -0.422186        0.049274        1.401014        0.554940        0.554940        0.617183        3.677778        0.173205        0.381735        1.816586       -0.422186        0.093382       -0.016586       -0.041361       -0.000912       -0.005789        0.004416        0.950000               0               0               0               0        0.001378        0.055515        2.457165               0               0               0               0               0        1.401014               0       -0.100725       -0.855420       -0.055182               0       -1.195212               0       -0.015474               0        0.934128       -0.159786        0.880590       -0.219986       -0.009948        1.371055        0.182014        0.702514        1.154115       -0.911429        0.506130       -0.052146        0.935252       -0.752606        0.702514       -0.010274       14.525742
R_star(-1)                  0.842699        0.615230       -0.039094       -1.266435        0.690077        7.881617       -6.129267       -5.798360       -3.999071       -0.201691       -9.060750       -3.721269       -3.721269        4.085589     -156.651016     -275.744639      272.023371     -282.431303        4.097126       16.721994       26.293826       65.570638       22.921114        0.558756        0.481724               0        0.900000               0               0               0        1.168757        1.729312       -8.221727               0               0               0               0               0       -9.060750               0       -0.217278       82.565741        1.568786               0        7.166608               0        1.395349               0        8.255169       22.239638       -1.941415        0.615230        0.679879       -9.193900       -0.745034       -4.543356        7.639938       -8.633317      -78.689869        0.506056      -39.836056       68.255619       -4.543356       16.288182      112.987485
Y_star(-1)                  0.227948        0.077721        0.030658        0.993144        0.001829       -0.450103        0.137807        1.560746        0.562950        0.158167        0.903209        0.083667        0.083667        0.695151        6.195899       10.541325      -10.457658       10.442432       -0.337050       -0.676199       -1.246085       -3.107444       -1.106642       -0.021766       -0.021459               0               0        0.900000               0               0       -0.044904       -0.076376        1.309762               0               0               0               0               0        0.903209               0        0.031943       -3.216324        0.000475               0       -0.105572               0       -0.013555               0       -0.358580       -1.039900        0.522571        0.077721        0.001801        0.206711        0.584259        0.452898        1.299912        1.215313        2.909428       -0.041631        1.575605       -2.547199        0.452898       -0.771910        1.847579
P_c(-1)                            0               0               0               0               0               0               0               0               0               0               0               0               0               0               0               0               0               0               0               0               0               0               0               0               0               0               0               0               0               0               0               0               0               0               0               0               0               0               0       -1.000000               0               0               0               0               0               0        1.554119               0               0               0               0               0               0               0               0               0               0               0               0               0               0               0               0               0               0
theta_c(-1)                        0               0               0               0               0               0               0               0               0               0               0               0               0               0               0               0               0               0               0               0               0               0               0               0               0               0               0               0               0               0               0               0               0       -0.154393               0        0.950000               0               0               0       -0.154393               0               0               0               0               0               0        0.239945               0               0               0               0               0               0               0               0               0               0               0               0               0               0               0               0               0               0
sigma_Rc(-1)                       0               0               0               0               0               0               0               0               0               0               0               0               0               0               0               0               0               0               0               0               0               0               0               0               0               0               0               0               0               0               0               0               0               0               0               0               0               0               0               0               0               0               0               0               0        0.950000               0               0               0               0               0               0               0               0               0               0               0               0               0               0               0               0               0               0               0
epsilon(-1)                 0.213258        0.073957        0.020032        0.648937       -0.024891        0.120570        0.137561        0.803724        0.181648        0.103349        0.668146        0.083518        0.083518        0.062500        1.647672        2.400637       -2.317120        1.766613        0.181648       -0.079088       -0.209522       -0.522498       -0.182131       -0.005298       -0.002099               0               0               0               0               0       -0.009980       -0.000460        0.570920               0               0               0               0               0        0.668146               0        0.056950       -0.782901       -0.051947               0       -0.101526               0       -0.040804               0       -0.778507       -0.089605        0.269104        0.073957       -0.024523        0.206342        0.381765        0.335030        0.116873        0.392147        0.492206        0.022436        0.419000       -0.725245        0.335030       -0.129792       -1.665160
varepsilon_R               -3.666738       -1.271601       -0.344432      -11.157750        0.427979       -2.073062       -2.365211      -13.819147       -3.123233       -1.776967      -11.488037       -1.435993       -1.435993       -1.074612      -28.329891      -41.276300       39.840307      -30.374946       -3.123233        1.359834        3.602495        8.983777        3.131535        0.091097        0.036087               0               0               0               0               0        0.171591        0.007904       -9.816340               0               0               0               0               0      -11.488037               0       -0.979190       13.461121        0.893170               0        1.745625               0        0.701579               0       -3.281096        1.540652       -4.626945       -1.271601        0.421654       -3.547816       -6.564019       -5.760477       -2.009494       -6.742531       -8.462945       -0.385765       -7.204238       12.469787       -5.760477        2.231630       28.630581
varepsilon_A               -0.596870       -0.231565        0.010053        0.325678       -0.010629        1.253288        0.962144        2.768453       -0.444407        0.051867        1.474752        0.584147        0.584147        0.649666        3.871346        0.182321        0.401826        1.912196       -0.444407        0.098297       -0.017459       -0.043538       -0.000960       -0.006094        0.004648        1.000000               0               0               0               0        0.001451        0.058437        2.586490               0               0               0               0               0        1.474752               0       -0.106027       -0.900443       -0.058086               0       -1.258118               0       -0.016289               0        0.983293       -0.168195        0.926937       -0.231565       -0.010472        1.443215        0.191594        0.739489        1.214857       -0.959399        0.532768       -0.054891        0.984476       -0.792217        0.739489       -0.010815       15.290255
varepsilon_Rstar            0.956521        0.677512       -0.035358       -1.145397        0.742347        8.381531       -6.299243       -5.897246       -4.179559       -0.182414       -9.245289       -3.824467       -3.824467        4.344729     -154.855039     -271.394273      267.569806     -278.127841       -4.179559       16.382983       25.725790       64.154089       22.411083        0.550914        0.470374               0        1.000000               0               0               0        1.149699        1.678082       -8.295693               0               0               0               0               0       -9.245289               0       -0.227704       81.406975        1.677448               0        7.365545               0        1.467844               0        8.802036       21.720698       -1.974524        0.677512        0.731376       -9.448865       -0.673828       -4.635890        8.124523       -9.022961      -77.490856       -0.516237      -39.379343       67.430766       -4.635890       15.936302      119.131530
varepsilon_Ystar            0.253275        0.086357        0.034064        1.103494        0.002032       -0.500114        0.153119        1.734162        0.625500        0.175741        1.003566        0.092963        0.092963        0.772390        6.884332       11.712583      -11.619620       11.602702       -0.374500       -0.751332       -1.384539       -3.452716       -1.229602       -0.024185       -0.023844               0               0        1.000000               0               0       -0.049893       -0.084863        1.455292               0               0               0               0               0        1.003566               0        0.035492       -3.573693        0.000528               0       -0.117302               0       -0.015061               0       -0.398422       -1.155444        0.580635        0.086357        0.002002        0.229678        0.649177        0.503221        1.444347        1.350348        3.232698       -0.046256        1.750673       -2.830221        0.503221       -0.857678        2.052865
eps_Rc                             0               0               0               0               0               0               0               0               0               0               0               0               0               0               0               0               0               0               0               0               0               0               0               0               0               0               0               0               0               0               0               0               0               0               0               0               0               0               0               0               0               0               0               0               0        0.030000               0               0               0               0               0               0               0               0               0               0               0               0               0               0               0               0               0               0               0
vol                                0               0               0               0               0               0               0               0               0               0               0               0               0               0               0               0               0               0               0               0               0               0               0               0               0               0               0               0               0               0               0               0               0       -0.162519               0        1.000000               0               0               0       -0.162519               0               0               0               0               0               0        0.252574               0               0               0               0               0               0               0               0               0               0               0               0               0               0               0               0               0               0
[Warning: Aggregate variance and sum of variances by shocks differ by more than 0.01 %] 
[> In <a href="matlab:matlab.internal.language.introspective.errorDocCallback('th_autocovariances', 'C:\dynare\5.3\matlab\th_autocovariances.m', 206)" style="font-weight:bold">th_autocovariances</a> (<a href="matlab: opentoline('C:\dynare\5.3\matlab\th_autocovariances.m',206,0)">line 206</a>)
In <a href="matlab:matlab.internal.language.introspective.errorDocCallback('disp_th_moments', 'C:\dynare\5.3\matlab\disp_th_moments.m', 40)" style="font-weight:bold">disp_th_moments</a> (<a href="matlab: opentoline('C:\dynare\5.3\matlab\disp_th_moments.m',40,0)">line 40</a>)
In <a href="matlab:matlab.internal.language.introspective.errorDocCallback('stoch_simul', 'C:\dynare\5.3\matlab\stoch_simul.m', 210)" style="font-weight:bold">stoch_simul</a> (<a href="matlab: opentoline('C:\dynare\5.3\matlab\stoch_simul.m',210,0)">line 210</a>)
In <a href="matlab:matlab.internal.language.introspective.errorDocCallback('cash.driver', 'D:\crypto_log\Copy_of_crypto2\cash\+cash\driver.m', 835)" style="font-weight:bold">cash.driver</a> (<a href="matlab: opentoline('D:\crypto_log\Copy_of_crypto2\cash\+cash\driver.m',835,0)">line 835</a>)
In <a href="matlab:matlab.internal.language.introspective.errorDocCallback('dynare', 'C:\dynare\5.3\matlab\dynare.m', 281)" style="font-weight:bold">dynare</a> (<a href="matlab: opentoline('C:\dynare\5.3\matlab\dynare.m',281,0)">line 281</a>)
In <a href="matlab:matlab.internal.language.introspective.errorDocCallback('plotcashvs', 'D:\crypto_log\Copy_of_crypto2\plotcashvs.m', 11)" style="font-weight:bold">plotcashvs</a> (<a href="matlab: opentoline('D:\crypto_log\Copy_of_crypto2\plotcashvs.m',11,0)">line 11</a>)] 


THEORETICAL MOMENTS
VARIABLE          MEAN  STD. DEV.   VARIANCE
mc              0.8889     0.0126     0.0002
Pi              1.0000     0.0056     0.0000
Z               0.0394     0.0019     0.0000
w               5.0995     0.0867     0.0075
R               1.0150     0.0061     0.0000
epsilon         1.0316     0.0757     0.0057
Q               1.0000     0.0562     0.0032
Y               2.9867     0.2011     0.0404
M               0.4632     0.0332     0.0011
L               0.2707     0.0138     0.0002
C               1.9943     0.1636     0.0267
I               0.4048     0.0341     0.0012
K              20.2377     0.8167     0.6670
EX              0.5348     0.0392     0.0015
N               3.9324     1.0837     1.1743
K_b            15.8305     1.9690     3.8771
K_h             4.4072     1.7049     2.9068
D               3.5892     2.1107     4.4551
D_star          8.0962     0.4225     0.1785
x               0.5276     0.1238     0.0153
psi             1.6143     0.1739     0.0303
phi             4.0257     0.4338     0.1881
upsilon         1.5774     0.1517     0.0230
mu              0.0068     0.0036     0.0000
mu_star         0.0127     0.0036     0.0000
A               1.0000     0.0320     0.0010
R_star          1.0068     0.0057     0.0000
Y_star          0.5184     0.0000     0.0000
Phi             0.0000     0.0000     0.0000
Theta           0.4010     0.0000     0.0000
chi_h           0.0095     0.0074     0.0001
chi_b           0.0434     0.0137     0.0002
Ynet            2.4559     0.1758     0.0309
P_c             1.0000     0.0000     0.0000
R_dc            1.0000     0.0000     0.0000
theta_c         1.0000     0.0000     0.0000
cryp            0.0000     0.0000     0.0000
DC              0.0000     0.0000     0.0000
m               1.9943     0.1636     0.0267
R_c             1.0000     0.0000     0.0000
Lambda          0.9852     0.0042     0.0000
spread2        -4.9956     0.5294     0.2802
gam             0.0299     0.0147     0.0002
trs             1.0000     0.0000     0.0000
Lambda1         1.0129     0.0941     0.0089
sigma_Rc        0.0000     0.0000     0.0000
mu_cryp         0.0233     0.0113     0.0001
x_c             0.0000     0.0000     0.0000
DE              1.0000     0.0257     0.0007
Omega           1.5541     0.1455     0.0212
logY            1.0942     0.0673     0.0045
logPi           0.0000     0.0056     0.0000
logR            0.0149     0.0060     0.0000
logI           -0.9045     0.0844     0.0071
logL           -1.3067     0.0510     0.0026
logC            0.6903     0.0820     0.0067
logEX          -0.6259     0.0734     0.0054
logM           -0.7696     0.0717     0.0051
logD            1.2779     0.5881     0.3458
logD_star       2.0914     0.0522     0.0027
logN            1.3692     0.2756     0.0759
spread         -5.4365     0.4367     0.1907
logm            0.6903     0.0820     0.0067
leverage        1.3927     0.1077     0.0116
TB             -2.6373     0.8955     0.8020



VARIANCE DECOMPOSITION (in percent)
                 varepsilon_R      varepsilon_A  varepsilon_Rstar  varepsilon_Ystar            eps_Rc               vol
mc                      65.92             28.25              5.83              0.00              0.00              0.00
Pi                      40.17             26.35             33.49              0.00              0.00              0.00
Z                       24.83             68.87              6.30              0.00              0.00              0.00
w                       12.99             70.48             16.53              0.00              0.00              0.00
R                        3.84             20.47             75.69              0.00              0.00              0.00
epsilon                  0.92             59.60             39.48              0.00              0.00              0.00
Q                        1.61             44.39             54.00              0.00              0.00              0.00
Y                        3.71             77.29             19.01              0.00              0.00              0.00
M                        7.01              2.23             90.76              0.00              0.00              0.00
L                       12.99             70.48             16.53              0.00              0.00              0.00
C                        3.86             55.36             40.77              0.00              0.00              0.00
I                        1.61             44.39             54.00              0.00              0.00              0.00
K                        0.36             50.90             48.74              0.00              0.00              0.00
EX                       0.92             59.60             39.48              0.00              0.00              0.00
N                        2.35              3.01             94.65              0.00              0.00              0.00
K_b                      3.06              3.10             93.84              0.00              0.00              0.00
K_h                      3.18              2.12             94.70              0.00              0.00              0.00
D                        0.53              0.65             98.82              0.00              0.00              0.00
D_star                   3.88              0.23             95.89              0.00              0.00              0.00
x                        0.40              0.10             99.50              0.00              0.00              0.00
psi                      2.07              0.10             97.83              0.00              0.00              0.00
phi                      2.07              0.10             97.83              0.00              0.00              0.00
upsilon                  2.09              0.12             97.79              0.00              0.00              0.00
mu                       2.87              0.20             96.93              0.00              0.00              0.00
mu_star                  0.38              0.22             99.40              0.00              0.00              0.00
A                        0.00            100.00              0.00              0.00              0.00              0.00
R_star                   0.00              0.00            100.00              0.00              0.00              0.00
Y_star                   0.00              0.00              0.00            100.00              0.00              0.00
Phi                      1.40             66.86             31.74              0.00              0.00              0.00
Theta                    0.35              2.72             96.94              0.00              0.00              0.00
chi_h                    3.23              1.19             95.58              0.00              0.00              0.00
chi_b                    0.23              3.51             96.26              0.00              0.00              0.00
Ynet                     2.50             69.45             28.05              0.00              0.00              0.00
P_c                      0.00              0.00              0.00              0.00              0.00            100.00
R_dc                     9.62             60.92             29.47              0.00              0.00              0.00
theta_c                  0.00              0.00              0.00              0.00              0.00            100.00
cryp                      NaN               NaN               NaN               NaN               NaN               NaN
DC                        NaN               NaN               NaN               NaN               NaN               NaN
m                        3.86             55.36             40.77              0.00              0.00              0.00
R_c                      0.00              0.00              1.05              0.00              0.00             98.94
Lambda                  42.76             22.18             35.06              0.00              0.00              0.00
spread2                  2.87              0.20             96.93              0.00              0.00              0.00
gam                      2.92             24.41             72.66              0.00              0.00              0.00
trs                      2.97             81.37             15.66              0.00              0.00              0.00
Lambda1                  0.31             42.50             57.19              0.00              0.00              0.00
sigma_Rc                 0.00              0.00              0.00              0.00            100.00              0.00
mu_cryp                  3.21             13.54             83.25              0.00              0.00              0.00
x_c                       NaN               NaN               NaN               NaN               NaN               NaN
DE                      10.37             15.77             73.86              0.00              0.00              0.00
Omega                    1.81              0.28             97.91              0.00              0.00              0.00
logY                     3.71             77.29             19.01              0.00              0.00              0.00
logPi                   40.17             26.35             33.49              0.00              0.00              0.00
logR                     3.84             20.47             75.69              0.00              0.00              0.00
logI                     1.61             44.39             54.00              0.00              0.00              0.00
logL                    12.99             70.48             16.53              0.00              0.00              0.00
logC                     3.86             55.36             40.77              0.00              0.00              0.00
logEX                    0.92             59.60             39.48              0.00              0.00              0.00
logM                     7.01              2.23             90.76              0.00              0.00              0.00
logD                     0.53              0.65             98.82              0.00              0.00              0.00
logD_star                3.88              0.23             95.89              0.00              0.00              0.00
logN                     2.35              3.01             94.65              0.00              0.00              0.00
spread                   3.15              0.28             96.57              0.00              0.00              0.00
logm                     3.86             55.36             40.77              0.00              0.00              0.00
leverage                 2.07              0.10             97.83              0.00              0.00              0.00
TB                       1.08             23.32             75.59              0.00              0.00              0.00



MATRIX OF CORRELATIONS
Variables           mc         Pi          Z          w          R    epsilon          Q          Y          M          L          C          I          K         EX          N        K_b        K_h          D     D_star          x        psi        phi    upsilon         mu    mu_star          A     R_star      chi_h      chi_b       Ynet          m     Lambda    spread2        gam    Lambda1    mu_cryp         DE      Omega       logY      logPi       logR       logI       logL       logC      logEX       logM       logD  logD_star       logN     spread       logm   leverage         TB
mc              1.0000     0.9001     0.2464     0.1517     0.0555     0.0348    -0.2104    -0.0581     0.1082     0.1517    -0.0516    -0.2104    -0.0518     0.0348    -0.1470    -0.1197     0.1134    -0.1504     0.0783     0.1422     0.1281     0.1281     0.1271     0.1323     0.1382    -0.2747     0.2085     0.1153     0.1267    -0.1092    -0.0516     0.5449     0.1323     0.0851     0.2077     0.0710     0.1913     0.1553    -0.0581     0.9001     0.0555    -0.2104     0.1517    -0.0516     0.0348     0.1082    -0.1504     0.0783    -0.1470     0.1270    -0.0516     0.1281    -0.0348
Pi              0.9001     1.0000     0.0097    -0.1683     0.4820     0.1479    -0.5751    -0.3602    -0.3107    -0.1683    -0.4184    -0.5751    -0.3136     0.1479    -0.5457    -0.5144     0.4438    -0.5438     0.2988     0.5231     0.5016     0.5016     0.5002     0.5002     0.5169    -0.3809     0.5628     0.4570     0.4725    -0.4369    -0.4184     0.1321     0.5002     0.5055     0.5750     0.4972     0.2558     0.5198    -0.3602     1.0000     0.4820    -0.5751    -0.1683    -0.4184     0.1479    -0.3107    -0.5438     0.2988    -0.5457     0.4950    -0.4184     0.5016     0.2517
Z               0.2464     0.0097     1.0000     0.8097    -0.5566     0.4737     0.7222     0.7657     0.2831     0.8097     0.6840     0.7222     0.1759     0.4737     0.3250     0.2261    -0.1769     0.2026     0.0423    -0.1354    -0.1932    -0.1932    -0.1901    -0.2539    -0.1171     0.7690    -0.1948    -0.1848     0.0164     0.7327     0.6840     0.6587    -0.2539    -0.5614    -0.5464    -0.4976     0.0559    -0.1653     0.7657     0.0097    -0.5566     0.7222     0.8097     0.6840     0.4737     0.2831     0.2026     0.0423     0.3250    -0.2724     0.6840    -0.1932     0.1432
w               0.1517    -0.1683     0.8097     1.0000    -0.7534     0.4870     0.7952     0.9780     0.4499     1.0000     0.9474     0.7952     0.7199     0.4870     0.4911     0.4520    -0.1771     0.4397    -0.3754    -0.3614    -0.3191    -0.3191    -0.3166    -0.3263    -0.3518     0.7816    -0.2784    -0.2132    -0.2175     0.9597     0.9474     0.7543    -0.3263    -0.7817    -0.8549    -0.6853     0.0071    -0.2909     0.9780    -0.1683    -0.7534     0.7952     1.0000     0.9474     0.4870     0.4499     0.4397    -0.3754     0.4911    -0.3332     0.9474    -0.3191     0.0648
R               0.0555     0.4820    -0.5566    -0.7534     1.0000     0.1710    -0.9336    -0.7727    -0.8889    -0.7534    -0.8949    -0.9336    -0.6200     0.1710    -0.9334    -0.9075     0.7510    -0.9045     0.4778     0.8644     0.8523     0.8523     0.8508     0.8498     0.8561    -0.4180     0.8372     0.7779     0.7611    -0.8366    -0.8949    -0.8043     0.8498     0.9973     0.9228     0.9946     0.1937     0.8372    -0.7727     0.4820     1.0000    -0.9336    -0.7534    -0.8949     0.1710    -0.8889    -0.9045     0.4778    -0.9334     0.8508    -0.8949     0.8523     0.5657
epsilon         0.0348     0.1479     0.4737     0.4870     0.1710     1.0000     0.0458     0.4845    -0.5609     0.4870     0.2567     0.0458     0.2417     1.0000    -0.4565    -0.4929     0.6851    -0.5287     0.1788     0.6026     0.6223     0.6223     0.6245     0.5908     0.6099     0.7490     0.6281     0.6678     0.7097     0.3809     0.2567    -0.0646     0.5908     0.1201    -0.1076     0.2647     0.1964     0.6385     0.4845     0.1479     0.1710     0.0458     0.4870     0.2567     1.0000    -0.5609    -0.5287     0.1788    -0.4565     0.5793     0.2567     0.6223     0.9031
Q              -0.2104    -0.5751     0.7222     0.7952    -0.9336     0.0458     1.0000     0.8476     0.7068     0.7952     0.8999     1.0000     0.4945     0.0458     0.8339     0.7685    -0.6507     0.7589    -0.3161    -0.7029    -0.7236    -0.7236    -0.7211    -0.7504    -0.6884     0.6638    -0.7285    -0.6718    -0.5640     0.8947     0.8999     0.6757    -0.7504    -0.9398    -0.9072    -0.9141    -0.1568    -0.7099     0.8476    -0.5751    -0.9336     1.0000     0.7952     0.8999     0.0458     0.7068     0.7589    -0.3161     0.8339    -0.7575     0.8999    -0.7236    -0.3385
Y              -0.0581    -0.3602     0.7657     0.9780    -0.7727     0.4845     0.8476     1.0000     0.4315     0.9780     0.9678     0.8476     0.7381     0.4845     0.5270     0.4818    -0.2028     0.4758    -0.3957    -0.3950    -0.3494    -0.3494    -0.3466    -0.3575    -0.3846     0.8474    -0.3252    -0.2397    -0.2464     0.9924     0.9678     0.6467    -0.3575    -0.8075    -0.9074    -0.7071    -0.0333    -0.3266     1.0000    -0.3602    -0.7727     0.8476     0.9780     0.9678     0.4845     0.4315     0.4758    -0.3957     0.5270    -0.3634     0.9678    -0.3494     0.0728
M               0.1082    -0.3107     0.2831     0.4499    -0.8889    -0.5609     0.7068     0.4315     1.0000     0.4499     0.6355     0.7068     0.4352    -0.5609     0.9322     0.9324    -0.8684     0.9574    -0.5387    -0.9587    -0.9388    -0.9388    -0.9387    -0.9134    -0.9572    -0.0250    -0.9061    -0.8849    -0.9318     0.5202     0.6355     0.7810    -0.9134    -0.8638    -0.7003    -0.9202    -0.1941    -0.9286     0.4315    -0.3107    -0.8889     0.7068     0.4499     0.6355    -0.5609     1.0000     0.9574    -0.5387     0.9322    -0.9082     0.6355    -0.9388    -0.8620
L               0.1517    -0.1683     0.8097     1.0000    -0.7534     0.4870     0.7952     0.9780     0.4499     1.0000     0.9474     0.7952     0.7199     0.4870     0.4911     0.4520    -0.1771     0.4397    -0.3754    -0.3614    -0.3191    -0.3191    -0.3166    -0.3263    -0.3518     0.7816    -0.2784    -0.2132    -0.2175     0.9597     0.9474     0.7543    -0.3263    -0.7817    -0.8549    -0.6853     0.0071    -0.2909     0.9780    -0.1683    -0.7534     0.7952     1.0000     0.9474     0.4870     0.4499     0.4397    -0.3754     0.4911    -0.3332     0.9474    -0.3191     0.0648
C              -0.0516    -0.4184     0.6840     0.9474    -0.8949     0.2567     0.8999     0.9678     0.6355     0.9474     1.0000     0.8999     0.7871     0.2567     0.7002     0.6680    -0.3944     0.6745    -0.5272    -0.6067    -0.5499    -0.5499    -0.5477    -0.5433    -0.5986     0.7047    -0.5166    -0.4324    -0.4784     0.9873     1.0000     0.7383    -0.5433    -0.9209    -0.9755    -0.8479    -0.0831    -0.5290     0.9678    -0.4184    -0.8949     0.8999     0.9474     1.0000     0.2567     0.6355     0.6745    -0.5272     0.7002    -0.5453     1.0000    -0.5499    -0.1724
I              -0.2104    -0.5751     0.7222     0.7952    -0.9336     0.0458     1.0000     0.8476     0.7068     0.7952     0.8999     1.0000     0.4945     0.0458     0.8339     0.7685    -0.6507     0.7589    -0.3161    -0.7029    -0.7236    -0.7236    -0.7211    -0.7504    -0.6884     0.6638    -0.7285    -0.6718    -0.5640     0.8947     0.8999     0.6757    -0.7504    -0.9398    -0.9072    -0.9141    -0.1568    -0.7099     0.8476    -0.5751    -0.9336     1.0000     0.7952     0.8999     0.0458     0.7068     0.7589    -0.3161     0.8339    -0.7575     0.8999    -0.7236    -0.3385
K              -0.0518    -0.3136     0.1759     0.7199    -0.6200     0.2417     0.4945     0.7381     0.4352     0.7199     0.7871     0.4945     1.0000     0.2417     0.4586     0.5091    -0.1089     0.5164    -0.6835    -0.4647    -0.3270    -0.3270    -0.3265    -0.2677    -0.4703     0.4022    -0.2581    -0.1600    -0.4022     0.7493     0.7871     0.4891    -0.2677    -0.6614    -0.7987    -0.5770    -0.0615    -0.3131     0.7381    -0.3136    -0.6200     0.4945     0.7199     0.7871     0.2417     0.4352     0.5164    -0.6835     0.4586    -0.2574     0.7871    -0.3270    -0.0777
EX              0.0348     0.1479     0.4737     0.4870     0.1710     1.0000     0.0458     0.4845    -0.5609     0.4870     0.2567     0.0458     0.2417     1.0000    -0.4565    -0.4929     0.6851    -0.5287     0.1788     0.6026     0.6223     0.6223     0.6245     0.5908     0.6099     0.7490     0.6281     0.6678     0.7097     0.3809     0.2567    -0.0646     0.5908     0.1201    -0.1076     0.2647     0.1964     0.6385     0.4845     0.1479     0.1710     0.0458     0.4870     0.2567     1.0000    -0.5609    -0.5287     0.1788    -0.4565     0.5793     0.2567     0.6223     0.9031
N              -0.1470    -0.5457     0.3250     0.4911    -0.9334    -0.4565     0.8339     0.5270     0.9322     0.4911     0.7002     0.8339     0.4586    -0.4565     1.0000     0.9900    -0.9237     0.9745    -0.4158    -0.9597    -0.9794    -0.9794    -0.9789    -0.9764    -0.9534     0.1620    -0.9543    -0.9410    -0.8880     0.6208     0.7002     0.6779    -0.9764    -0.9156    -0.7810    -0.9648    -0.2268    -0.9746     0.5270    -0.5457    -0.9334     0.8339     0.4911     0.7002    -0.4565     0.9322     0.9745    -0.4158     1.0000    -0.9747     0.7002    -0.9794    -0.7629
K_b            -0.1197    -0.5144     0.2261     0.4520    -0.9075    -0.4929     0.7685     0.4818     0.9324     0.4520     0.6680     0.7685     0.5091    -0.4929     0.9900     1.0000    -0.9110     0.9774    -0.4426    -0.9667    -0.9765    -0.9765    -0.9764    -0.9636    -0.9630     0.0786    -0.9406    -0.9311    -0.9061     0.5772     0.6680     0.6672    -0.9636    -0.8896    -0.7560    -0.9429    -0.2305    -0.9725     0.4818    -0.5144    -0.9075     0.7685     0.4520     0.6680    -0.4929     0.9324     0.9774    -0.4426     0.9900    -0.9596     0.6680    -0.9765    -0.7853
K_h             0.1134     0.4438    -0.1769    -0.1771     0.7510     0.6851    -0.6507    -0.2028    -0.8684    -0.1771    -0.3944    -0.6507    -0.1089     0.6851    -0.9237    -0.9110     1.0000    -0.8814     0.1837     0.8938     0.9711     0.9711     0.9712     0.9846     0.8869     0.1019     0.9626     0.9987     0.8538    -0.3077    -0.3944    -0.5363     0.9846     0.7106     0.4905     0.8126     0.2367     0.9732    -0.2028     0.4438     0.7510    -0.6507    -0.1771    -0.3944     0.6851    -0.8684    -0.8814     0.1837    -0.9237     0.9850    -0.3944     0.9711     0.8698
D              -0.1504    -0.5438     0.2026     0.4397    -0.9045    -0.5287     0.7589     0.4758     0.9574     0.4397     0.6745     0.7589     0.5164    -0.5287     0.9745     0.9774    -0.8814     1.0000    -0.5869    -0.9956    -0.9680    -0.9680    -0.9678    -0.9399    -0.9941     0.0633    -0.9322    -0.9020    -0.9598     0.5757     0.6745     0.6414    -0.9399    -0.8913    -0.7780    -0.9388    -0.2164    -0.9648     0.4758    -0.5438    -0.9045     0.7589     0.4397     0.6745    -0.5287     0.9574     1.0000    -0.5869     0.9745    -0.9325     0.6745    -0.9680    -0.8202
D_star          0.0783     0.2988     0.0423    -0.3754     0.4778     0.1788    -0.3161    -0.3957    -0.5387    -0.3754    -0.5272    -0.3161    -0.6835     0.1788    -0.4158    -0.4426     0.1837    -0.5869     1.0000     0.5886     0.3875     0.3875     0.3876     0.2903     0.6012    -0.0453     0.2945     0.2178     0.6442    -0.4426    -0.5272    -0.3227     0.2903     0.5089     0.6116     0.4715    -0.0192     0.3835    -0.3957     0.2988     0.4778    -0.3161    -0.3754    -0.5272     0.1788    -0.5387    -0.5869     1.0000    -0.4158     0.2698    -0.5272     0.3875     0.3889
x               0.1422     0.5231    -0.1354    -0.3614     0.8644     0.6026    -0.7029    -0.3950    -0.9587    -0.3614    -0.6067    -0.7029    -0.4647     0.6026    -0.9597    -0.9667     0.8938    -0.9956     0.5886     1.0000     0.9717     0.9717     0.9717     0.9397     0.9997     0.0233     0.9349     0.9116     0.9804    -0.4997    -0.6067    -0.6075     0.9397     0.8474     0.7204     0.9064     0.2168     0.9704    -0.3950     0.5231     0.8644    -0.7029    -0.3614    -0.6067     0.6026    -0.9587    -0.9956     0.5886    -0.9597     0.9312    -0.6067     0.9717     0.8661
psi             0.1281     0.5016    -0.1932    -0.3191     0.8523     0.6223    -0.7236    -0.3494    -0.9388    -0.3191    -0.5499    -0.7236    -0.3270     0.6223    -0.9794    -0.9765     0.9711    -0.9680     0.3875     0.9717     1.0000     1.0000     1.0000     0.9931     0.9674     0.0228     0.9746     0.9813     0.9308    -0.4543    -0.5499    -0.6109     0.9931     0.8243     0.6512     0.9020     0.2321     0.9993    -0.3494     0.5016     0.8523    -0.7236    -0.3191    -0.5499     0.6223    -0.9388    -0.9680     0.3875    -0.9794     0.9897    -0.5499     1.0000     0.8679
phi             0.1281     0.5016    -0.1932    -0.3191     0.8523     0.6223    -0.7236    -0.3494    -0.9388    -0.3191    -0.5499    -0.7236    -0.3270     0.6223    -0.9794    -0.9765     0.9711    -0.9680     0.3875     0.9717     1.0000     1.0000     1.0000     0.9931     0.9674     0.0228     0.9746     0.9813     0.9308    -0.4543    -0.5499    -0.6109     0.9931     0.8243     0.6512     0.9020     0.2321     0.9993    -0.3494     0.5016     0.8523    -0.7236    -0.3191    -0.5499     0.6223    -0.9388    -0.9680     0.3875    -0.9794     0.9897    -0.5499     1.0000     0.8679
upsilon         0.1271     0.5002    -0.1901    -0.3166     0.8508     0.6245    -0.7211    -0.3466    -0.9387    -0.3166    -0.5477    -0.7211    -0.3265     0.6245    -0.9789    -0.9764     0.9712    -0.9678     0.3876     0.9717     1.0000     1.0000     1.0000     0.9929     0.9675     0.0263     0.9742     0.9814     0.9313    -0.4517    -0.5477    -0.6101     0.9929     0.8227     0.6492     0.9007     0.2319     0.9994    -0.3466     0.5002     0.8508    -0.7211    -0.3166    -0.5477     0.6245    -0.9387    -0.9678     0.3876    -0.9789     0.9894    -0.5477     1.0000     0.8692
mu              0.1323     0.5002    -0.2539    -0.3263     0.8498     0.5908    -0.7504    -0.3575    -0.9134    -0.3263    -0.5433    -0.7504    -0.2677     0.5908    -0.9764    -0.9636     0.9846    -0.9399     0.2903     0.9397     0.9931     0.9931     0.9929     1.0000     0.9329    -0.0219     0.9775     0.9916     0.8836    -0.4591    -0.5433    -0.6118     1.0000     0.8189     0.6337     0.8986     0.2365     0.9920    -0.3575     0.5002     0.8498    -0.7504    -0.3263    -0.5433     0.5908    -0.9134    -0.9399     0.2903    -0.9764     0.9996    -0.5433     0.9931     0.8354
mu_star         0.1382     0.5169    -0.1171    -0.3518     0.8561     0.6099    -0.6884    -0.3846    -0.9572    -0.3518    -0.5986    -0.6884    -0.4703     0.6099    -0.9534    -0.9630     0.8869    -0.9941     0.6012     0.9997     0.9674     0.9674     0.9675     0.9329     1.0000     0.0392     0.9283     0.9051     0.9840    -0.4895    -0.5986    -0.6018     0.9329     0.8394     0.7142     0.8987     0.2145     0.9663    -0.3846     0.5169     0.8561    -0.6884    -0.3518    -0.5986     0.6099    -0.9572    -0.9941     0.6012    -0.9534     0.9237    -0.5986     0.9674     0.8698
A              -0.2747    -0.3809     0.7690     0.7816    -0.4180     0.7490     0.6638     0.8474    -0.0250     0.7816     0.7047     0.6638     0.4022     0.7490     0.1620     0.0786     0.1019     0.0633    -0.0453     0.0233     0.0228     0.0228     0.0263    -0.0219     0.0392     1.0000     0.0000     0.0804     0.1839     0.8072     0.7047     0.2423    -0.0219    -0.4620    -0.6237    -0.3403     0.0236     0.0380     0.8474    -0.3809    -0.4180     0.6638     0.7816     0.7047     0.7490    -0.0250     0.0633    -0.0453     0.1620    -0.0348     0.7047     0.0228     0.4715
R_star          0.2085     0.5628    -0.1948    -0.2784     0.8372     0.6281    -0.7285    -0.3252    -0.9061    -0.2784    -0.5166    -0.7285    -0.2581     0.6281    -0.9543    -0.9406     0.9626    -0.9322     0.2945     0.9349     0.9746     0.9746     0.9742     0.9775     0.9283     0.0000     1.0000     0.9693     0.8894    -0.4305    -0.5166    -0.5543     0.9775     0.8067     0.6241     0.8844     0.3020     0.9754    -0.3252     0.5628     0.8372    -0.7285    -0.2784    -0.5166     0.6281    -0.9061    -0.9322     0.2945    -0.9543     0.9759    -0.5166     0.9746     0.8544
chi_h           0.1153     0.4570    -0.1848    -0.2132     0.7779     0.6678    -0.6718    -0.2397    -0.8849    -0.2132    -0.4324    -0.6718    -0.1600     0.6678    -0.9410    -0.9311     0.9987    -0.9020     0.2178     0.9116     0.9813     0.9813     0.9814     0.9916     0.9051     0.0804     0.9693     1.0000     0.8686    -0.3444    -0.4324    -0.5578     0.9916     0.7399     0.5285     0.8369     0.2383     0.9826    -0.2397     0.4570     0.7779    -0.6718    -0.2132    -0.4324     0.6678    -0.8849    -0.9020     0.2178    -0.9410     0.9915    -0.4324     0.9813     0.8677
chi_b           0.1267     0.4725     0.0164    -0.2175     0.7611     0.7097    -0.5640    -0.2464    -0.9318    -0.2175    -0.4784    -0.5640    -0.4022     0.7097    -0.8880    -0.9061     0.8538    -0.9598     0.6442     0.9804     0.9308     0.9308     0.9313     0.8836     0.9840     0.1839     0.8894     0.8686     1.0000    -0.3560    -0.4784    -0.5198     0.8836     0.7418     0.6115     0.8130     0.2036     0.9329    -0.2464     0.4725     0.7611    -0.5640    -0.2175    -0.4784     0.7097    -0.9318    -0.9598     0.6442    -0.8880     0.8712    -0.4784     0.9308     0.9178
Ynet           -0.1092    -0.4369     0.7327     0.9597    -0.8366     0.3809     0.8947     0.9924     0.5202     0.9597     0.9873     0.8947     0.7493     0.3809     0.6208     0.5772    -0.3077     0.5757    -0.4426    -0.4997    -0.4543    -0.4543    -0.4517    -0.4591    -0.4895     0.8072    -0.4305    -0.3444    -0.3560     1.0000     0.9873     0.6643    -0.4591    -0.8681    -0.9497    -0.7807    -0.0652    -0.4338     0.9924    -0.4369    -0.8366     0.8947     0.9597     0.9873     0.3809     0.5202     0.5757    -0.4426     0.6208    -0.4636     0.9873    -0.4543    -0.0366
m              -0.0516    -0.4184     0.6840     0.9474    -0.8949     0.2567     0.8999     0.9678     0.6355     0.9474     1.0000     0.8999     0.7871     0.2567     0.7002     0.6680    -0.3944     0.6745    -0.5272    -0.6067    -0.5499    -0.5499    -0.5477    -0.5433    -0.5986     0.7047    -0.5166    -0.4324    -0.4784     0.9873     1.0000     0.7383    -0.5433    -0.9209    -0.9755    -0.8479    -0.0831    -0.5290     0.9678    -0.4184    -0.8949     0.8999     0.9474     1.0000     0.2567     0.6355     0.6745    -0.5272     0.7002    -0.5453     1.0000    -0.5499    -0.1724
Lambda          0.5449     0.1321     0.6587     0.7543    -0.8043    -0.0646     0.6757     0.6467     0.7810     0.7543     0.7383     0.6757     0.4891    -0.0646     0.6779     0.6672    -0.5363     0.6414    -0.3227    -0.6075    -0.6109    -0.6109    -0.6101    -0.6118    -0.6018     0.2423    -0.5543    -0.5578    -0.5198     0.6643     0.7383     1.0000    -0.6118    -0.7864    -0.6590    -0.7853    -0.0434    -0.5811     0.6467     0.1321    -0.8043     0.6757     0.7543     0.7383    -0.0646     0.7810     0.6414    -0.3227     0.6779    -0.6170     0.7383    -0.6109    -0.4446
spread2         0.1323     0.5002    -0.2539    -0.3263     0.8498     0.5908    -0.7504    -0.3575    -0.9134    -0.3263    -0.5433    -0.7504    -0.2677     0.5908    -0.9764    -0.9636     0.9846    -0.9399     0.2903     0.9397     0.9931     0.9931     0.9929     1.0000     0.9329    -0.0219     0.9775     0.9916     0.8836    -0.4591    -0.5433    -0.6118     1.0000     0.8189     0.6337     0.8986     0.2365     0.9920    -0.3575     0.5002     0.8498    -0.7504    -0.3263    -0.5433     0.5908    -0.9134    -0.9399     0.2903    -0.9764     0.9996    -0.5433     0.9931     0.8354
gam             0.0851     0.5055    -0.5614    -0.7817     0.9973     0.1201    -0.9398    -0.8075    -0.8638    -0.7817    -0.9209    -0.9398    -0.6614     0.1201    -0.9156    -0.8896     0.7106    -0.8913     0.5089     0.8474     0.8243     0.8243     0.8227     0.8189     0.8394    -0.4620     0.8067     0.7399     0.7418    -0.8681    -0.9209    -0.7864     0.8189     1.0000     0.9485     0.9868     0.1847     0.8092    -0.8075     0.5055     0.9973    -0.9398    -0.7817    -0.9209     0.1201    -0.8638    -0.8913     0.5089    -0.9156     0.8193    -0.9209     0.8243     0.5215
Lambda1         0.2077     0.5750    -0.5464    -0.8549     0.9228    -0.1076    -0.9072    -0.9074    -0.7003    -0.8549    -0.9755    -0.9072    -0.7987    -0.1076    -0.7810    -0.7560     0.4905    -0.7780     0.6116     0.7204     0.6512     0.6512     0.6492     0.6337     0.7142    -0.6237     0.6241     0.5285     0.6115    -0.9497    -0.9755    -0.6590     0.6337     0.9485     1.0000     0.8910     0.1340     0.6369    -0.9074     0.5750     0.9228    -0.9072    -0.8549    -0.9755    -0.1076    -0.7003    -0.7780     0.6116    -0.7810     0.6316    -0.9755     0.6512     0.2973
mu_cryp         0.0710     0.4972    -0.4976    -0.6853     0.9946     0.2647    -0.9141    -0.7071    -0.9202    -0.6853    -0.8479    -0.9141    -0.5770     0.2647    -0.9648    -0.9429     0.8126    -0.9388     0.4715     0.9064     0.9020     0.9020     0.9007     0.8986     0.8987    -0.3403     0.8844     0.8369     0.8130    -0.7807    -0.8479    -0.7853     0.8986     0.9868     0.8910     1.0000     0.2059     0.8894    -0.7071     0.4972     0.9946    -0.9141    -0.6853    -0.8479     0.2647    -0.9202    -0.9388     0.4715    -0.9648     0.8986    -0.8479     0.9020     0.6393
DE              0.1913     0.2558     0.0559     0.0071     0.1937     0.1964    -0.1568    -0.0333    -0.1941     0.0071    -0.0831    -0.1568    -0.0615     0.1964    -0.2268    -0.2305     0.2367    -0.2164    -0.0192     0.2168     0.2321     0.2321     0.2319     0.2365     0.2145     0.0236     0.3020     0.2383     0.2036    -0.0652    -0.0831    -0.0434     0.2365     0.1847     0.1340     0.2059     1.0000     0.2362    -0.0333     0.2558     0.1937    -0.1568     0.0071    -0.0831     0.1964    -0.1941    -0.2164    -0.0192    -0.2268     0.2360    -0.0831     0.2321     0.2209
Omega           0.1553     0.5198    -0.1653    -0.2909     0.8372     0.6385    -0.7099    -0.3266    -0.9286    -0.2909    -0.5290    -0.7099    -0.3131     0.6385    -0.9746    -0.9725     0.9732    -0.9648     0.3835     0.9704     0.9993     0.9993     0.9994     0.9920     0.9663     0.0380     0.9754     0.9826     0.9329    -0.4338    -0.5290    -0.5811     0.9920     0.8092     0.6369     0.8894     0.2362     1.0000    -0.3266     0.5198     0.8372    -0.7099    -0.2909    -0.5290     0.6385    -0.9286    -0.9648     0.3835    -0.9746     0.9882    -0.5290     0.9993     0.8725
logY           -0.0581    -0.3602     0.7657     0.9780    -0.7727     0.4845     0.8476     1.0000     0.4315     0.9780     0.9678     0.8476     0.7381     0.4845     0.5270     0.4818    -0.2028     0.4758    -0.3957    -0.3950    -0.3494    -0.3494    -0.3466    -0.3575    -0.3846     0.8474    -0.3252    -0.2397    -0.2464     0.9924     0.9678     0.6467    -0.3575    -0.8075    -0.9074    -0.7071    -0.0333    -0.3266     1.0000    -0.3602    -0.7727     0.8476     0.9780     0.9678     0.4845     0.4315     0.4758    -0.3957     0.5270    -0.3634     0.9678    -0.3494     0.0728
logPi           0.9001     1.0000     0.0097    -0.1683     0.4820     0.1479    -0.5751    -0.3602    -0.3107    -0.1683    -0.4184    -0.5751    -0.3136     0.1479    -0.5457    -0.5144     0.4438    -0.5438     0.2988     0.5231     0.5016     0.5016     0.5002     0.5002     0.5169    -0.3809     0.5628     0.4570     0.4725    -0.4369    -0.4184     0.1321     0.5002     0.5055     0.5750     0.4972     0.2558     0.5198    -0.3602     1.0000     0.4820    -0.5751    -0.1683    -0.4184     0.1479    -0.3107    -0.5438     0.2988    -0.5457     0.4950    -0.4184     0.5016     0.2517
logR            0.0555     0.4820    -0.5566    -0.7534     1.0000     0.1710    -0.9336    -0.7727    -0.8889    -0.7534    -0.8949    -0.9336    -0.6200     0.1710    -0.9334    -0.9075     0.7510    -0.9045     0.4778     0.8644     0.8523     0.8523     0.8508     0.8498     0.8561    -0.4180     0.8372     0.7779     0.7611    -0.8366    -0.8949    -0.8043     0.8498     0.9973     0.9228     0.9946     0.1937     0.8372    -0.7727     0.4820     1.0000    -0.9336    -0.7534    -0.8949     0.1710    -0.8889    -0.9045     0.4778    -0.9334     0.8508    -0.8949     0.8523     0.5657
logI           -0.2104    -0.5751     0.7222     0.7952    -0.9336     0.0458     1.0000     0.8476     0.7068     0.7952     0.8999     1.0000     0.4945     0.0458     0.8339     0.7685    -0.6507     0.7589    -0.3161    -0.7029    -0.7236    -0.7236    -0.7211    -0.7504    -0.6884     0.6638    -0.7285    -0.6718    -0.5640     0.8947     0.8999     0.6757    -0.7504    -0.9398    -0.9072    -0.9141    -0.1568    -0.7099     0.8476    -0.5751    -0.9336     1.0000     0.7952     0.8999     0.0458     0.7068     0.7589    -0.3161     0.8339    -0.7575     0.8999    -0.7236    -0.3385
logL            0.1517    -0.1683     0.8097     1.0000    -0.7534     0.4870     0.7952     0.9780     0.4499     1.0000     0.9474     0.7952     0.7199     0.4870     0.4911     0.4520    -0.1771     0.4397    -0.3754    -0.3614    -0.3191    -0.3191    -0.3166    -0.3263    -0.3518     0.7816    -0.2784    -0.2132    -0.2175     0.9597     0.9474     0.7543    -0.3263    -0.7817    -0.8549    -0.6853     0.0071    -0.2909     0.9780    -0.1683    -0.7534     0.7952     1.0000     0.9474     0.4870     0.4499     0.4397    -0.3754     0.4911    -0.3332     0.9474    -0.3191     0.0648
logC           -0.0516    -0.4184     0.6840     0.9474    -0.8949     0.2567     0.8999     0.9678     0.6355     0.9474     1.0000     0.8999     0.7871     0.2567     0.7002     0.6680    -0.3944     0.6745    -0.5272    -0.6067    -0.5499    -0.5499    -0.5477    -0.5433    -0.5986     0.7047    -0.5166    -0.4324    -0.4784     0.9873     1.0000     0.7383    -0.5433    -0.9209    -0.9755    -0.8479    -0.0831    -0.5290     0.9678    -0.4184    -0.8949     0.8999     0.9474     1.0000     0.2567     0.6355     0.6745    -0.5272     0.7002    -0.5453     1.0000    -0.5499    -0.1724
logEX           0.0348     0.1479     0.4737     0.4870     0.1710     1.0000     0.0458     0.4845    -0.5609     0.4870     0.2567     0.0458     0.2417     1.0000    -0.4565    -0.4929     0.6851    -0.5287     0.1788     0.6026     0.6223     0.6223     0.6245     0.5908     0.6099     0.7490     0.6281     0.6678     0.7097     0.3809     0.2567    -0.0646     0.5908     0.1201    -0.1076     0.2647     0.1964     0.6385     0.4845     0.1479     0.1710     0.0458     0.4870     0.2567     1.0000    -0.5609    -0.5287     0.1788    -0.4565     0.5793     0.2567     0.6223     0.9031
logM            0.1082    -0.3107     0.2831     0.4499    -0.8889    -0.5609     0.7068     0.4315     1.0000     0.4499     0.6355     0.7068     0.4352    -0.5609     0.9322     0.9324    -0.8684     0.9574    -0.5387    -0.9587    -0.9388    -0.9388    -0.9387    -0.9134    -0.9572    -0.0250    -0.9061    -0.8849    -0.9318     0.5202     0.6355     0.7810    -0.9134    -0.8638    -0.7003    -0.9202    -0.1941    -0.9286     0.4315    -0.3107    -0.8889     0.7068     0.4499     0.6355    -0.5609     1.0000     0.9574    -0.5387     0.9322    -0.9082     0.6355    -0.9388    -0.8620
logD           -0.1504    -0.5438     0.2026     0.4397    -0.9045    -0.5287     0.7589     0.4758     0.9574     0.4397     0.6745     0.7589     0.5164    -0.5287     0.9745     0.9774    -0.8814     1.0000    -0.5869    -0.9956    -0.9680    -0.9680    -0.9678    -0.9399    -0.9941     0.0633    -0.9322    -0.9020    -0.9598     0.5757     0.6745     0.6414    -0.9399    -0.8913    -0.7780    -0.9388    -0.2164    -0.9648     0.4758    -0.5438    -0.9045     0.7589     0.4397     0.6745    -0.5287     0.9574     1.0000    -0.5869     0.9745    -0.9325     0.6745    -0.9680    -0.8202
logD_star       0.0783     0.2988     0.0423    -0.3754     0.4778     0.1788    -0.3161    -0.3957    -0.5387    -0.3754    -0.5272    -0.3161    -0.6835     0.1788    -0.4158    -0.4426     0.1837    -0.5869     1.0000     0.5886     0.3875     0.3875     0.3876     0.2903     0.6012    -0.0453     0.2945     0.2178     0.6442    -0.4426    -0.5272    -0.3227     0.2903     0.5089     0.6116     0.4715    -0.0192     0.3835    -0.3957     0.2988     0.4778    -0.3161    -0.3754    -0.5272     0.1788    -0.5387    -0.5869     1.0000    -0.4158     0.2698    -0.5272     0.3875     0.3889
logN           -0.1470    -0.5457     0.3250     0.4911    -0.9334    -0.4565     0.8339     0.5270     0.9322     0.4911     0.7002     0.8339     0.4586    -0.4565     1.0000     0.9900    -0.9237     0.9745    -0.4158    -0.9597    -0.9794    -0.9794    -0.9789    -0.9764    -0.9534     0.1620    -0.9543    -0.9410    -0.8880     0.6208     0.7002     0.6779    -0.9764    -0.9156    -0.7810    -0.9648    -0.2268    -0.9746     0.5270    -0.5457    -0.9334     0.8339     0.4911     0.7002    -0.4565     0.9322     0.9745    -0.4158     1.0000    -0.9747     0.7002    -0.9794    -0.7629
spread          0.1270     0.4950    -0.2724    -0.3332     0.8508     0.5793    -0.7575    -0.3634    -0.9082    -0.3332    -0.5453    -0.7575    -0.2574     0.5793    -0.9747    -0.9596     0.9850    -0.9325     0.2698     0.9312     0.9897     0.9897     0.9894     0.9996     0.9237    -0.0348     0.9759     0.9915     0.8712    -0.4636    -0.5453    -0.6170     0.9996     0.8193     0.6316     0.8986     0.2360     0.9882    -0.3634     0.4950     0.8508    -0.7575    -0.3332    -0.5453     0.5793    -0.9082    -0.9325     0.2698    -0.9747     1.0000    -0.5453     0.9897     0.8257
logm           -0.0516    -0.4184     0.6840     0.9474    -0.8949     0.2567     0.8999     0.9678     0.6355     0.9474     1.0000     0.8999     0.7871     0.2567     0.7002     0.6680    -0.3944     0.6745    -0.5272    -0.6067    -0.5499    -0.5499    -0.5477    -0.5433    -0.5986     0.7047    -0.5166    -0.4324    -0.4784     0.9873     1.0000     0.7383    -0.5433    -0.9209    -0.9755    -0.8479    -0.0831    -0.5290     0.9678    -0.4184    -0.8949     0.8999     0.9474     1.0000     0.2567     0.6355     0.6745    -0.5272     0.7002    -0.5453     1.0000    -0.5499    -0.1724
leverage        0.1281     0.5016    -0.1932    -0.3191     0.8523     0.6223    -0.7236    -0.3494    -0.9388    -0.3191    -0.5499    -0.7236    -0.3270     0.6223    -0.9794    -0.9765     0.9711    -0.9680     0.3875     0.9717     1.0000     1.0000     1.0000     0.9931     0.9674     0.0228     0.9746     0.9813     0.9308    -0.4543    -0.5499    -0.6109     0.9931     0.8243     0.6512     0.9020     0.2321     0.9993    -0.3494     0.5016     0.8523    -0.7236    -0.3191    -0.5499     0.6223    -0.9388    -0.9680     0.3875    -0.9794     0.9897    -0.5499     1.0000     0.8679
TB             -0.0348     0.2517     0.1432     0.0648     0.5657     0.9031    -0.3385     0.0728    -0.8620     0.0648    -0.1724    -0.3385    -0.0777     0.9031    -0.7629    -0.7853     0.8698    -0.8202     0.3889     0.8661     0.8679     0.8679     0.8692     0.8354     0.8698     0.4715     0.8544     0.8677     0.9178    -0.0366    -0.1724    -0.4446     0.8354     0.5215     0.2973     0.6393     0.2209     0.8725     0.0728     0.2517     0.5657    -0.3385     0.0648    -0.1724     0.9031    -0.8620    -0.8202     0.3889    -0.7629     0.8257    -0.1724     0.8679     1.0000



COEFFICIENTS OF AUTOCORRELATION
Order              1        2        3        4        5
mc            0.4623   0.2191   0.1087   0.0582   0.0348
Pi            0.6180   0.4351   0.3429   0.2924   0.2614
Z             0.8462   0.7487   0.6782   0.6216   0.5727
w             0.9200   0.8681   0.8295   0.7975   0.7692
R             0.9293   0.8673   0.8118   0.7615   0.7158
epsilon       0.9424   0.8890   0.8393   0.7933   0.7506
Q             0.9367   0.8743   0.8147   0.7589   0.7068
Y             0.9655   0.9322   0.9002   0.8696   0.8403
M             0.8968   0.8201   0.7581   0.7051   0.6585
L             0.9200   0.8681   0.8295   0.7975   0.7692
C             0.9624   0.9280   0.8961   0.8660   0.8376
I             0.9367   0.8743   0.8147   0.7589   0.7068
K             0.9993   0.9974   0.9943   0.9901   0.9850
EX            0.9424   0.8890   0.8393   0.7933   0.7506
N             0.9309   0.8668   0.8073   0.7522   0.7012
K_b           0.9372   0.8788   0.8245   0.7740   0.7270
K_h           0.9177   0.8418   0.7718   0.7071   0.6474
D             0.9434   0.8907   0.8417   0.7962   0.7539
D_star        0.9983   0.9950   0.9903   0.9845   0.9778
x             0.9432   0.8905   0.8415   0.7960   0.7537
psi           0.9277   0.8607   0.7987   0.7413   0.6881
phi           0.9277   0.8607   0.7987   0.7413   0.6881
upsilon       0.9278   0.8610   0.7991   0.7418   0.6887
mu            0.9208   0.8475   0.7799   0.7175   0.6598
mu_star       0.9450   0.8939   0.8464   0.8022   0.7610
A             0.9500   0.9025   0.8574   0.8145   0.7738
R_star        0.9000   0.8100   0.7290   0.6561   0.5905
chi_h         0.9187   0.8437   0.7744   0.7105   0.6513
chi_b         0.9509   0.9054   0.8629   0.8234   0.7864
Ynet          0.9676   0.9344   0.9018   0.8702   0.8399
m             0.9624   0.9280   0.8961   0.8660   0.8376
Lambda        0.6973   0.5455   0.4628   0.4126   0.3781
spread2       0.9208   0.8475   0.7799   0.7175   0.6598
gam           0.9394   0.8844   0.8341   0.7881   0.7459
Lambda1       0.9698   0.9391   0.9090   0.8802   0.8527
mu_cryp       0.9284   0.8645   0.8066   0.7539   0.7059
DE           -0.0336  -0.0259  -0.0212  -0.0179  -0.0155
Omega         0.9271   0.8601   0.7982   0.7409   0.6879
logY          0.9655   0.9322   0.9002   0.8696   0.8403
logPi         0.6180   0.4351   0.3429   0.2924   0.2614
logR          0.9293   0.8673   0.8118   0.7615   0.7158
logI          0.9367   0.8743   0.8147   0.7589   0.7068
logL          0.9200   0.8681   0.8295   0.7975   0.7692
logC          0.9624   0.9280   0.8961   0.8660   0.8376
logEX         0.9424   0.8890   0.8393   0.7933   0.7506
logM          0.8968   0.8201   0.7581   0.7051   0.6585
logD          0.9434   0.8907   0.8417   0.7962   0.7539
logD_star     0.9983   0.9950   0.9903   0.9845   0.9778
logN          0.9309   0.8668   0.8073   0.7522   0.7012
spread        0.9195   0.8450   0.7763   0.7129   0.6543
logm          0.9624   0.9280   0.8961   0.8660   0.8376
leverage      0.9277   0.8607   0.7987   0.7413   0.6881
TB            0.9223   0.8549   0.7950   0.7411   0.6921
Total computing time : 0h00m01s
Note: warning(s) encountered in MATLAB/Octave code
