Starting Dynare (version 5.1).
Calling Dynare with arguments: none
Starting preprocessing of the model file ...
Found 65 equation(s).
Evaluating expressions...done
Computing static model derivatives (order 1).
Computing dynamic model derivatives (order 1).
Processing outputs ...
done
Preprocessing completed.


STEADY-STATE RESULTS:

mc        		 0.888889
Pi        		 1
Z         		 0.0397052
w         		 5.04517
R         		 1.015
epsilon   		 1.04844
Q         		 1
Y         		 2.86139
M         		 0.436671
L         		 0.262152
C         		 1.94489
I         		 0.384351
K         		 19.2176
EX        		 0.508224
N         		 3.6833
K_b       		 14.6954
K_h       		 4.52218
D         		 5.62923
D_star    		 4.27157
x         		 0.304755
psi       		 1.59988
phi       		 3.98974
upsilon   		 1.56389
mu        		 0.00724973
mu_star   		 0.00577149
A         		 1
R_star    		 1.01125
Y_star    		 0.484744
Phi       		 0
Theta     		 0.401
chi_h     		 0.0104817
chi_b     		 0.0134437
Ynet      		 2.37964
P_c       		 1
R_dc      		 1
theta_c   		 1
cryp      		 0.917821
DC        		 1.77951
m         		 1.74718
R_c       		 1
Lambda    		 0.985222
gam       		 0.027387
trs       		 0.495416
Lambda1   		 1.02199
sigma_Rc  		 0
mu_cryp   		 0.0231117
x_c       		 0.0624564
DE        		 1
logY      		 1.05131
logPi     		 0
logR      		 0.0148886
logI      		 -0.956198
logL      		 -1.33883
logC      		 0.665206
logEX     		 -0.676832
logM      		 -0.828575
logD      		 1.72797
logD_star 		 1.45198
logN      		 1.30381
spread    		 0.00470524
logDC     		 0.576336
logm      		 0.558001
leverage  		 1.38372
TB        		 0.0715536
logcryp   		 -0.085753

EIGENVALUES:
         Modulus             Real        Imaginary

       1.803e-16       -1.803e-16                0
        2.79e-16        -2.79e-16                0
       1.683e-15       -1.683e-15                0
       1.104e-08        1.104e-08                0
       1.104e-08       -1.104e-08                0
           0.451            0.451                0
             0.9              0.9                0
             0.9              0.9                0
          0.9363           0.9363                0
            0.95             0.95                0
            0.95             0.95                0
            0.95             0.95                0
          0.9756           0.9756                0
          0.9846           0.9846                0
           1.024            1.024                0
           1.042            1.042                0
           1.071            1.071                0
           1.164            1.164                0
           1.606            1.606                0
       4.819e+16        4.819e+16                0
       1.841e+18       -1.841e+18                0


There are 7 eigenvalue(s) larger than 1 in modulus 
for 7 forward-looking variable(s)

The rank condition is verified.

MODEL_DIAGNOSTICS:  The Jacobian of the static model is singular
MODEL_DIAGNOSTICS:  there is 2 colinear relationships between the variables and the equations
Relation 1
Colinear variables:
Z
w
epsilon
Y
M
L
C
I
K
EX
N
K_b
K_h
D
D_star
x
psi
phi
upsilon
mu
mu_star
R_star
Y_star
chi_h
chi_b
Ynet
cryp
DC
m
gam
trs
Lambda1
mu_cryp
x_c
logY
logI
logL
logC
logEX
logM
logD
logD_star
logN
spread
logDC
logm
leverage
TB
logcryp
Relation 2
Colinear variables:
Z
w
epsilon
Y
M
L
C
I
K
EX
N
K_b
K_h
D
D_star
x
psi
phi
upsilon
mu
mu_star
R_star
Y_star
chi_h
chi_b
Ynet
cryp
DC
m
gam
trs
Lambda1
mu_cryp
x_c
logY
logI
logL
logC
logEX
logM
logD
logD_star
logN
spread
logDC
logm
leverage
TB
logcryp
Relation 1
Colinear equations
    46    47

Relation 2
Colinear equations
    46    47

MODEL_DIAGNOSTICS:  The presence of a singularity problem typically indicates that there is one
MODEL_DIAGNOSTICS:  redundant equation entered in the model block, while another non-redundant equation
MODEL_DIAGNOSTICS:  is missing. The problem often derives from Walras Law.

MODEL SUMMARY

  Number of variables:         65
  Number of stochastic shocks: 6
  Number of state variables:   14
  Number of jumpers:           7
  Number of static variables:  45


MATRIX OF COVARIANCE OF EXOGENOUS SHOCKS
Variables               varepsilon_R      varepsilon_A  varepsilon_Rstar  varepsilon_Ystar            eps_Rc               vol
varepsilon_R                0.000006          0.000000          0.000000          0.000000          0.000000          0.000000
varepsilon_A                0.000000          0.000100          0.000000          0.000000          0.000000          0.000000
varepsilon_Rstar            0.000000          0.000000          0.000006          0.000000          0.000000          0.000000
varepsilon_Ystar            0.000000          0.000000          0.000000          0.000000          0.000000          0.000000
eps_Rc                      0.000000          0.000000          0.000000          0.000000          0.000000          0.000000
vol                         0.000000          0.000000          0.000000          0.000000          0.000000          0.000000

POLICY AND TRANSITION FUNCTIONS
                                  mc              Pi               Z               w               R         epsilon               Q               Y               M               L               C               I               K              EX               N             K_b             K_h               D          D_star               x             psi             phi         upsilon              mu         mu_star               A          R_star          Y_star             Phi           Theta           chi_h           chi_b            Ynet             P_c            R_dc         theta_c            cryp              DC               m             R_c          Lambda             gam             trs         Lambda1        sigma_Rc         mu_cryp             x_c              DE            logY           logPi            logR            logI            logL            logC           logEX            logM            logD       logD_star            logN          spread           logDC            logm        leverage              TB         logcryp
Constant                    0.888889        1.000000        0.039705        5.045169        1.015000        1.048439        1.000000        2.861393        0.436671        0.262152        1.944891        0.384351       19.217566        0.508224        3.683300       14.695389        4.522177        5.629228        4.271574        0.304755        1.599884        3.989735        1.563891        0.007250        0.005771        1.000000        1.011254        0.484744               0        0.401000        0.010482        0.013444        2.379644        1.000000        1.000000        1.000000        0.917821        1.779506        1.747176        1.000000        0.985222        0.027387        0.495416        1.021995               0        0.023112        0.062456        1.000000        1.051308               0        0.014889       -0.956198       -1.338832        0.665206       -0.676832       -0.828575        1.727973        1.451984        1.303809        0.004705        0.576336        0.558001        1.383725        0.071554       -0.085753
R(-1)                      -2.914810       -1.016060       -0.274756       -8.728001        0.326010       -1.768420       -2.113259      -10.417550       -2.285173       -1.360545       -8.656244       -1.218351       -1.218351       -0.857231      -37.050831      -63.162467       61.944116      -46.195693       -2.285173        1.276825        5.836005       14.553627        5.016663        0.138342        0.000301               0               0               0               0               0        0.287819        0.026457       -7.563743               0               0               0       -0.994847       -7.664761       -8.054628               0       -0.769826        0.622458       -0.075705        1.350967               0        0.569025        0.332733       -2.702778       -3.640727       -1.016060        0.321193       -3.169889       -5.189916       -4.450759       -1.686718       -5.233171       -8.206399       -0.534972      -10.059141        0.078370       -4.307240       -4.610084        3.647768        1.427942       -1.083922
K(-1)                      -0.010561       -0.004170       -0.002073       -0.000224       -0.000236        0.022171       -0.022192        0.033487       -0.009312       -0.000035        0.027887       -0.012795        0.967205        0.010747       -0.442560       -0.519256        1.486461       -0.488432       -0.009312        0.023312        0.100195        0.249862        0.087475        0.002585        0.000192               0               0               0               0               0        0.006363        0.001283        0.025921               0               0               0        0.001949        0.025094        0.025512               0       -0.001903       -0.001220        0.000125       -0.029684               0        0.000934        0.003726        0.016977        0.011703       -0.004170       -0.000233       -0.033289       -0.000133        0.014339        0.021147       -0.021325       -0.086767       -0.002180       -0.120153        0.001423        0.014101        0.014602        0.062626        0.020059        0.002124
K_b(-1)                     0.001305        0.000460        0.000128        0.004063        0.000196        0.000484        0.024708        0.005016        0.001205        0.000633        0.005565        0.014245        0.014245        0.000235        1.297785        2.661815       -2.647570        1.721491        0.001205       -0.062504       -0.234386       -0.584505       -0.206343       -0.005385       -0.000876               0               0               0               0               0       -0.012281       -0.002747        0.018570               0               0               0       -0.000441        0.005272        0.004802               0        0.000018        0.000276       -0.000054       -0.002885               0       -0.002751       -0.012886        0.000922        0.001753        0.000460        0.000193        0.037062        0.002416        0.002861        0.000462        0.002759        0.305813        0.000282        0.352343       -0.002875        0.002963        0.002748       -0.146502       -0.000970       -0.000480
D(-1)                      -0.001299       -0.000458       -0.000127       -0.004044       -0.000195       -0.000482       -0.024594       -0.004993       -0.001199       -0.000630       -0.005539       -0.014179       -0.014179       -0.000234       -1.291797       -2.649533        2.635354       -1.713547       -0.001199        0.062216        0.233305        0.581808        0.205391        0.005361        0.000872               0               0               0               0               0        0.012224        0.002735       -0.018484               0               0               0        0.000439       -0.005248       -0.004780               0       -0.000018       -0.000275        0.000053        0.002872               0        0.002739        0.012827       -0.000918       -0.001745       -0.000458       -0.000193       -0.036891       -0.002405       -0.002848       -0.000460       -0.002747       -0.304402       -0.000281       -0.350717        0.002861       -0.002949       -0.002736        0.145826        0.000966        0.000478
D_star(-1)                 -0.007279       -0.001568       -0.001442       -0.045800        0.001939        0.043252       -0.056876       -0.080472       -0.033870       -0.007139       -0.097273       -0.032791       -0.032791        0.020966       -1.976836       -3.735412        3.702621       -3.784189        0.977384        0.177102        0.360993        0.900231        0.317121        0.007831        0.003767               0               0               0               0               0        0.017182        0.011443       -0.092473               0               0               0       -0.008242       -0.087069       -0.089490               0       -0.002045        0.005157       -0.000573        0.062295               0        0.007631        0.018867        0.039686       -0.028123       -0.001568        0.001911       -0.085314       -0.027234       -0.050014        0.041254       -0.077565       -0.672239        0.228811       -0.536702        0.004138       -0.048929       -0.051220        0.225637        0.054837       -0.008980
A(-1)                      -0.566864       -0.219899        0.009401        0.298648       -0.009144        1.225878        0.941163        2.502290       -0.407179        0.046554        1.375493        0.542606        0.542606        0.594237        6.602933        5.132422       -4.589817        7.484272       -0.407179       -0.065979       -0.803543       -2.003848       -0.707416       -0.017665        0.001565        0.950000               0               0               0               0       -0.021573        0.011527        2.403933               0               0               0        0.077974        1.243516        1.252023               0       -0.101595       -0.048790        0.004450       -1.207263               0       -0.024336       -0.075289        0.949342        0.874501       -0.219899       -0.009009        1.411745        0.177584        0.707234        1.169241       -0.932462        1.329538       -0.095323        1.792668       -0.008852        0.698798        0.716598       -0.502251        1.001416        0.084956
R_star(-1)                  0.761440        0.516013       -0.021049       -0.668651        0.555500        6.317290       -4.026538       -3.968040       -2.862620       -0.104231       -5.698483       -2.321408       -2.321408        3.062268      -81.786962     -139.458943      137.137535     -143.160444        1.408953        6.056015       13.900257       34.663981       12.050811        0.305783        0.104473               0        0.900000               0               0               0        0.636995        0.352588       -4.714916               0               0               0       -1.792461       -4.682669       -5.698212               0       -0.170179        1.121462       -0.157472        4.574638               0        1.021344        0.722218        6.541438       -1.386751        0.516013        0.547290       -6.039806       -0.397599       -2.929975        6.025424       -6.555556      -25.431630        0.329844      -22.204808        0.163016       -2.631443       -3.261384        8.688292        5.924889       -1.952953
Y_star(-1)                  0.255454        0.089418        0.034158        1.085069        0.004748       -0.480747        0.129583        1.639287        0.575890        0.169144        0.917332        0.074708        0.074708        0.710556        4.749457        8.558468       -8.483760        8.093062       -0.324110       -0.379842       -0.923905       -2.304001       -0.822490       -0.018381       -0.008537               0               0        0.900000               0               0       -0.039369       -0.023940        1.308739               0               0               0       -0.010354        0.849219        0.813294               0        0.035495        0.006473       -0.002933       -0.076922               0       -0.004947       -0.045172       -0.369119        0.572898        0.089418        0.004678        0.194375        0.645213        0.471662        1.398114        1.318820        1.437686       -0.075876        1.289457       -0.009625        0.477222        0.465490       -0.577482        0.134665       -0.011281
P_c(-1)                    -0.009343       -0.001289       -0.000670       -0.021298       -0.001571       -0.018931        0.024524       -0.018241        0.000511       -0.003320       -0.009367        0.014139        0.014139       -0.009176        0.393581        2.356876       -2.342737        5.313566        0.000511       -0.061817        0.124871        0.311400       -0.182822       -0.004786       -0.033645               0               0               0               0               0       -0.010868       -0.002968        0.003326               0               0               0       -2.912524       -0.010149       -0.006694       -1.000000        0.002039       -0.002963        0.000468       -0.005168               0        1.535693       -0.209742       -0.019345       -0.006375       -0.001289       -0.001547        0.036786       -0.012664       -0.004816       -0.018056        0.001170        0.943925        0.000120        0.106856       -0.002566       -0.005703       -0.003831        0.078050       -0.009688       -3.173303
theta_c(-1)                -0.001623       -0.000188       -0.000143       -0.004554       -0.000161       -0.001591        0.000205       -0.005107       -0.000914       -0.000710       -0.003518        0.000118        0.000118       -0.000771        0.006087        0.159740       -0.159622        0.614173       -0.000914       -0.003903        0.015075        0.037593       -0.033689       -0.000414       -0.005190               0               0               0               0               0       -0.000740       -0.000195       -0.002518       -0.154393               0        0.950000       -0.449951       -0.003389       -0.002975       -0.154393        0.000282       -0.000284        0.000050        0.000214               0        0.237143       -0.031310       -0.001705       -0.001785       -0.000188       -0.000159        0.000307       -0.002708       -0.001809       -0.001518       -0.002093        0.109104       -0.000214        0.001652       -0.000168       -0.001905       -0.001703        0.009422        0.000143       -0.490238
cryp(-1)                   -0.001280       -0.000452       -0.000125       -0.003984       -0.000193       -0.000475       -0.024231       -0.004919       -0.001182       -0.000621       -0.005457       -0.013970       -0.013970       -0.000230       -1.272706       -2.610377        2.596407       -1.688224       -0.001182        0.061296        0.229857        0.573209        0.202356        0.005281        0.000859               0               0               0               0               0        0.012044        0.002694       -0.018211               0               0               0        0.000432       -0.005170       -0.004709               0       -0.000018       -0.000270        0.000053        0.002829               0        0.002698        0.012637       -0.000904       -0.001719       -0.000452       -0.000190       -0.036346       -0.002369       -0.002806       -0.000453       -0.002706       -0.299903       -0.000277       -0.345534        0.002819       -0.002905       -0.002695        0.143671        0.000952        0.000471
R_c(-1)                    -0.001175       -0.000414       -0.000115       -0.003657       -0.000177       -0.000436       -0.022240       -0.004515       -0.001085       -0.000570       -0.005009       -0.012822       -0.012822       -0.000211       -1.168116       -2.395859        2.383037       -1.549487       -0.001085        0.056259        0.210968        0.526104        0.185726        0.004847        0.000788               0               0               0               0               0        0.011054        0.002473       -0.016714               0               0               0        0.000397       -0.004745       -0.004322               0       -0.000016       -0.000248        0.000048        0.002597               0        0.002476        0.011599       -0.000830       -0.001578       -0.000414       -0.000174       -0.033359       -0.002174       -0.002575       -0.000416       -0.002484       -0.275257       -0.000254       -0.317139        0.002587       -0.002667       -0.002474        0.131864        0.000873        0.000432
sigma_Rc(-1)                       0               0               0               0               0               0               0               0               0               0               0               0               0               0               0               0               0               0               0               0               0               0               0               0               0               0               0               0               0               0               0               0               0               0               0               0               0               0               0               0               0               0               0               0        0.950000               0               0               0               0               0               0               0               0               0               0               0               0               0               0               0               0               0               0               0               0
epsilon(-1)                 0.211115        0.073589        0.019898        0.632094       -0.023750        0.128207        0.143536        0.754386        0.165439        0.098533        0.626282        0.082752        0.082752        0.062148        2.169996        3.519166       -3.436414        2.664152        0.165439       -0.067654       -0.329792       -0.822423       -0.281541       -0.007886        0.000329               0               0               0               0               0       -0.015975       -0.000820        0.541745               0               0               0        0.072410        0.554409        0.582905               0        0.055888       -0.045306        0.005518       -0.096935               0       -0.040213       -0.018994       -0.757925        0.263643        0.073589       -0.023399        0.215303        0.375861        0.322014        0.122284        0.378864        0.473271        0.038730        0.589144       -0.004538        0.311552        0.333627       -0.206135       -0.103291        0.078894
varepsilon_R               -3.689024       -1.285902       -0.347701      -11.045196        0.415001       -2.240293       -2.508139      -13.182135       -2.890874       -1.721756      -10.943635       -1.446010       -1.446010       -1.085968      -37.918469      -61.493850       60.047840      -46.553352       -2.890874        1.182187        5.762773       14.371006        4.919651        0.137801       -0.005752               0               0               0               0               0        0.279153        0.014325       -9.466437               0               0               0       -1.265299       -9.687740      -10.185676               0       -0.976591        0.791676       -0.096425        1.693834               0        0.702680        0.331900       -3.422690       -4.606895       -1.285902        0.408868       -3.762208       -6.567785       -5.626862       -2.136789       -6.620258       -8.269935       -0.676770      -10.294701        0.079298       -5.444061       -5.829795        3.601995        1.804906       -1.378591
varepsilon_A               -0.596698       -0.231473        0.009896        0.314366       -0.009626        1.290398        0.990698        2.633989       -0.428610        0.049004        1.447887        0.571164        0.571164        0.625513        6.950456        5.402550       -4.831386        7.878182       -0.428610       -0.069451       -0.845835       -2.109314       -0.744648       -0.018595        0.001647        1.000000               0               0               0               0       -0.022708        0.012134        2.530456               0               0               0        0.082078        1.308964        1.317919               0       -0.106942       -0.051358        0.004684       -1.270803               0       -0.025617       -0.079251        0.999307        0.920527       -0.231473       -0.009483        1.486047        0.186931        0.744457        1.230781       -0.981539        1.399514       -0.100340        1.887019       -0.009318        0.735577        0.754314       -0.528685        1.054122        0.089427
varepsilon_Rstar            0.880205        0.580707       -0.016621       -0.527990        0.608119        6.816214       -4.206990       -4.031249       -3.021723       -0.082305       -5.875111       -2.425443       -2.425443        3.304119      -81.596375     -137.422699      134.997256     -141.306547       -3.021723        5.897699       13.750456       34.290414       11.901421        0.303007        0.098401               0        1.000000               0               0               0        0.627130        0.338057       -4.804786               0               0               0       -1.952942       -4.794319       -5.911337               0       -0.179488        1.221866       -0.172281        4.790556               0        1.099013        0.713914        7.082004       -1.408842        0.580707        0.599132       -6.310485       -0.313958       -3.020791        6.501298       -6.919908      -25.102296       -0.707403      -22.153065        0.161708       -2.694185       -3.383367        8.594659        6.325841       -2.127803
varepsilon_Ystar            0.283837        0.099353        0.037953        1.205632        0.005276       -0.534164        0.143982        1.821430        0.639878        0.187937        1.019258        0.083009        0.083009        0.789506        5.277174        9.509409       -9.426400        8.992291       -0.360122       -0.422047       -1.026561       -2.560002       -0.913878       -0.020424       -0.009485               0               0        1.000000               0               0       -0.043743       -0.026601        1.454154               0               0               0       -0.011505        0.943577        0.903659               0        0.039439        0.007193       -0.003258       -0.085469               0       -0.005497       -0.050191       -0.410132        0.636554        0.099353        0.005198        0.215972        0.716903        0.524069        1.553460        1.465356        1.597429       -0.084307        1.432730       -0.010694        0.530247        0.517212       -0.641647        0.149628       -0.012535
eps_Rc                             0               0               0               0               0               0               0               0               0               0               0               0               0               0               0               0               0               0               0               0               0               0               0               0               0               0               0               0               0               0               0               0               0               0               0               0               0               0               0               0               0               0               0               0        0.030000               0               0               0               0               0               0               0               0               0               0               0               0               0               0               0               0               0               0               0               0
vol                        -0.001708       -0.000198       -0.000151       -0.004793       -0.000170       -0.001675        0.000216       -0.005376       -0.000962       -0.000747       -0.003703        0.000124        0.000124       -0.000812        0.006407        0.168148       -0.168024        0.646498       -0.000962       -0.004108        0.015868        0.039572       -0.035462       -0.000435       -0.005463               0               0               0               0               0       -0.000779       -0.000206       -0.002651       -0.162519               0        1.000000       -0.473632       -0.003568       -0.003132       -0.162519        0.000297       -0.000299        0.000053        0.000226               0        0.249624       -0.032958       -0.001795       -0.001879       -0.000198       -0.000167        0.000323       -0.002850       -0.001904       -0.001597       -0.002203        0.114847       -0.000225        0.001739       -0.000177       -0.002005       -0.001792        0.009918        0.000150       -0.516040
[Warning: Aggregate variance and sum of variances by shocks differ by more than 0.01 %] 
[> In <a href="matlab:matlab.internal.language.introspective.errorDocCallback('th_autocovariances', 'C:\dynare\5.1\matlab\th_autocovariances.m', 206)" style="font-weight:bold">th_autocovariances</a> (<a href="matlab: opentoline('C:\dynare\5.1\matlab\th_autocovariances.m',206,0)">line 206</a>)
In <a href="matlab:matlab.internal.language.introspective.errorDocCallback('disp_th_moments', 'C:\dynare\5.1\matlab\disp_th_moments.m', 40)" style="font-weight:bold">disp_th_moments</a> (<a href="matlab: opentoline('C:\dynare\5.1\matlab\disp_th_moments.m',40,0)">line 40</a>)
In <a href="matlab:matlab.internal.language.introspective.errorDocCallback('stoch_simul', 'C:\dynare\5.1\matlab\stoch_simul.m', 210)" style="font-weight:bold">stoch_simul</a> (<a href="matlab: opentoline('C:\dynare\5.1\matlab\stoch_simul.m',210,0)">line 210</a>)
In <a href="matlab:matlab.internal.language.introspective.errorDocCallback('cdbc_fix.driver', 'D:\crypto2\crypto_liquidity\cdbc_fix_0.5\+cdbc_fix\driver.m', 834)" style="font-weight:bold">cdbc_fix.driver</a> (<a href="matlab: opentoline('D:\crypto2\crypto_liquidity\cdbc_fix_0.5\+cdbc_fix\driver.m',834,0)">line 834</a>)
In <a href="matlab:matlab.internal.language.introspective.errorDocCallback('dynare', 'C:\dynare\5.1\matlab\dynare.m', 281)" style="font-weight:bold">dynare</a> (<a href="matlab: opentoline('C:\dynare\5.1\matlab\dynare.m',281,0)">line 281</a>)
In <a href="matlab:matlab.internal.language.introspective.errorDocCallback('plotfile_sto', 'D:\crypto2\crypto_liquidity\plotfile_sto.m', 19)" style="font-weight:bold">plotfile_sto</a> (<a href="matlab: opentoline('D:\crypto2\crypto_liquidity\plotfile_sto.m',19,0)">line 19</a>)] 


THEORETICAL MOMENTS
VARIABLE          MEAN  STD. DEV.   VARIANCE
mc              0.8889     0.0126     0.0002
Pi              1.0000     0.0053     0.0000
Z               0.0397     0.0019     0.0000
w               5.0452     0.0809     0.0065
R               1.0150     0.0050     0.0000
epsilon         1.0484     0.0703     0.0049
Q               1.0000     0.0466     0.0022
Y               2.8614     0.1805     0.0326
M               0.4367     0.0227     0.0005
L               0.2622     0.0126     0.0002
C               1.9449     0.1354     0.0183
I               0.3844     0.0269     0.0007
K              19.2176     0.6361     0.4046
EX              0.5082     0.0341     0.0012
N               3.6833     0.6404     0.4101
K_b            14.6954     1.1390     1.2973
K_h             4.5222     0.9690     0.9390
D               5.6292     1.0741     1.1537
D_star          4.2716     0.1294     0.0168
x               0.3048     0.0417     0.0017
psi             1.5999     0.0991     0.0098
phi             3.9897     0.2471     0.0611
upsilon         1.5639     0.0859     0.0074
mu              0.0072     0.0022     0.0000
mu_star         0.0058     0.0008     0.0000
A               1.0000     0.0320     0.0010
R_star          1.0113     0.0057     0.0000
Y_star          0.4847     0.0000     0.0000
Phi             0.0000     0.0000     0.0000
Theta           0.4010     0.0000     0.0000
chi_h           0.0105     0.0045     0.0000
chi_b           0.0134     0.0025     0.0000
Ynet            2.3796     0.1530     0.0234
P_c             1.0000     0.0000     0.0000
R_dc            1.0000     0.0000     0.0000
theta_c         1.0000     0.0000     0.0000
cryp            0.9178     0.0173     0.0003
DC              1.7795     0.1200     0.0144
m               1.7472     0.1260     0.0159
R_c             1.0000     0.0000     0.0000
Lambda          0.9852     0.0039     0.0000
gam             0.0274     0.0108     0.0001
trs             0.4954     0.0014     0.0000
Lambda1         1.0220     0.0734     0.0054
sigma_Rc        0.0000     0.0000     0.0000
mu_cryp         0.0231     0.0087     0.0001
x_c             0.0625     0.0061     0.0000
DE              1.0000     0.0224     0.0005
logY            1.0513     0.0631     0.0040
logPi           0.0000     0.0053     0.0000
logR            0.0149     0.0050     0.0000
logI           -0.9562     0.0699     0.0049
logL           -1.3388     0.0481     0.0023
logC            0.6652     0.0696     0.0048
logEX          -0.6768     0.0671     0.0045
logM           -0.8286     0.0520     0.0027
logD            1.7280     0.1908     0.0364
logD_star       1.4520     0.0303     0.0009
logN            1.3038     0.1739     0.0302
spread          0.0047     0.0012     0.0000
logDC           0.5763     0.0674     0.0045
logm            0.5580     0.0721     0.0052
leverage        1.3837     0.0619     0.0038
TB              0.0716     0.0486     0.0024
logcryp        -0.0858     0.0188     0.0004



VARIANCE DECOMPOSITION (in percent)
                 varepsilon_R      varepsilon_A  varepsilon_Rstar  varepsilon_Ystar            eps_Rc               vol
mc                      66.89             28.28              4.83              0.00              0.00              0.00
Pi                      46.89             29.88             23.23              0.00              0.00              0.00
Z                       25.97             70.66              3.38              0.00              0.00              0.00
w                       14.59             78.87              6.54              0.00              0.00              0.00
R                        5.25             30.15             64.61              0.00              0.00              0.00
epsilon                  1.38             72.09             26.52              0.00              0.00              0.00
Q                        2.83             65.24             31.93              0.00              0.00              0.00
Y                        4.17             87.66              8.17              0.00              0.00              0.00
M                       12.95              4.41             82.63              0.00              0.00              0.00
L                       14.59             78.87              6.54              0.00              0.00              0.00
C                        5.07             76.63             18.30              0.00              0.00              0.00
I                        2.83             65.24             31.93              0.00              0.00              0.00
K                        0.79             74.20             25.01              0.00              0.00              0.00
EX                       1.38             72.09             26.52              0.00              0.00              0.00
N                       13.47             14.27             72.26              0.00              0.00              0.00
K_b                     18.37              7.43             74.21              0.00              0.00              0.00
K_h                     21.04              7.81             71.16              0.00              0.00              0.00
D                        5.56              9.60             84.84              0.00              0.00              0.00
D_star                  30.17              7.73             62.10              0.00              0.00              0.00
x                        2.65              0.48             96.87              0.00              0.00              0.00
psi                     15.94              4.22             79.84              0.00              0.00              0.00
phi                     15.94              4.22             79.84              0.00              0.00              0.00
upsilon                 16.24              4.10             79.66              0.00              0.00              0.00
mu                      18.48              4.24             77.28              0.00              0.00              0.00
mu_star                  1.56              3.19             95.25              0.00              0.00              0.00
A                        0.00            100.00              0.00              0.00              0.00              0.00
R_star                   0.00              0.00            100.00              0.00              0.00              0.00
Y_star                   0.00              0.00              0.00            100.00              0.00              0.00
Phi                      6.84              1.31             91.84              0.00              0.00              0.00
Theta                   26.52             35.93             37.55              0.00              0.00              0.00
chi_h                   21.51              4.78             73.72              0.00              0.00              0.00
chi_b                    1.55              6.46             91.99              0.00              0.00              0.00
Ynet                     3.08             86.30             10.62              0.00              0.00              0.00
P_c                      0.00              0.00              0.00              0.00              0.00            100.00
R_dc                    17.75             12.76             69.49              0.00              0.00              0.00
theta_c                  0.00              0.00              0.00              0.00              0.00            100.00
cryp                     4.13             37.41             58.46              0.00              0.00              0.00
DC                       5.06             77.99             16.95              0.00              0.00              0.00
m                        5.07             75.18             19.75              0.00              0.00              0.00
R_c                      0.00              0.00              0.00              0.00              0.00            100.00
Lambda                  49.43             26.06             24.52              0.00              0.00              0.00
gam                      4.13             37.41             58.46              0.00              0.00              0.00
trs                      3.74             29.23             67.03              0.00              0.00              0.00
Lambda1                  0.45             71.90             27.65              0.00              0.00              0.00
sigma_Rc                 0.00              0.03              0.00              0.00             99.97              0.00
mu_cryp                  5.49             25.16             69.35              0.00              0.00              0.00
x_c                     14.75             20.08             65.18              0.00              0.00              0.00
DE                      14.92             21.55             63.53              0.00              0.00              0.00
logY                     4.17             87.66              8.17              0.00              0.00              0.00
logPi                   46.89             29.88             23.23              0.00              0.00              0.00
logR                     5.25             30.15             64.61              0.00              0.00              0.00
logI                     2.83             65.24             31.93              0.00              0.00              0.00
logL                    14.59             78.87              6.54              0.00              0.00              0.00
logC                     5.07             76.63             18.30              0.00              0.00              0.00
logEX                    1.38             72.09             26.52              0.00              0.00              0.00
logM                    12.95              4.41             82.63              0.00              0.00              0.00
logD                     5.56              9.60             84.84              0.00              0.00              0.00
logD_star               30.17              7.73             62.10              0.00              0.00              0.00
logN                    13.47             14.27             72.26              0.00              0.00              0.00
spread                  19.14              4.31             76.55              0.00              0.00              0.00
logDC                    5.06             77.99             16.95              0.00              0.00              0.00
logm                     5.07             75.18             19.75              0.00              0.00              0.00
leverage                15.94              4.22             79.84              0.00              0.00              0.00
TB                       1.73             37.56             60.71              0.00              0.00              0.00
logcryp                  4.13             37.41             58.46              0.00              0.00              0.00



MATRIX OF CORRELATIONS
Variables           mc         Pi          Z          w          R    epsilon          Q          Y          M          L          C          I          K         EX          N        K_b        K_h          D     D_star          x        psi        phi    upsilon         mu    mu_star          A     R_star      chi_h      chi_b       Ynet       cryp         DC          m     Lambda        gam        trs    Lambda1    mu_cryp        x_c         DE       logY      logPi       logR       logI       logL       logC      logEX       logM       logD  logD_star       logN     spread      logDC       logm   leverage         TB    logcryp
mc              1.0000     0.9354     0.2703     0.1854     0.0143    -0.0023    -0.1754    -0.0369     0.2318     0.1854    -0.0152    -0.1754    -0.0399    -0.0023    -0.0700    -0.0120    -0.0120    -0.0984     0.1356     0.0955     0.0493     0.0493     0.0507     0.0325     0.1370    -0.2748     0.1873    -0.0089     0.0920    -0.0803    -0.0485    -0.0136    -0.0168     0.6237     0.0485    -0.0541     0.2005     0.0199     0.0846     0.1827    -0.0369     0.9354     0.0143    -0.1754     0.1854    -0.0152    -0.0023     0.2318    -0.0984     0.1356    -0.0700     0.0181    -0.0136    -0.0168     0.0493    -0.1098    -0.0485
Pi              0.9354     1.0000     0.0594    -0.0697     0.3651     0.0043    -0.4642    -0.2817    -0.0917    -0.0697    -0.2986    -0.4642    -0.2366     0.0043    -0.3943    -0.3229     0.2242    -0.4281     0.2422     0.3967     0.3532     0.3532     0.3533     0.3243     0.3937    -0.4050     0.4726     0.2425     0.3346    -0.3316    -0.3932    -0.2927    -0.3046     0.3107     0.3932    -0.4024     0.4820     0.3708     0.4053     0.2322    -0.2817     1.0000     0.3651    -0.4642    -0.0697    -0.2986     0.0043    -0.0917    -0.4281     0.2422    -0.3943     0.3094    -0.2927    -0.3046     0.3532     0.0459    -0.3932
Z               0.2703     0.0594     1.0000     0.8643    -0.6136     0.5986     0.8044     0.8180     0.2941     0.8643     0.7849     0.8044     0.2530     0.5986     0.4756     0.2995    -0.1859     0.3760    -0.0500    -0.1613    -0.3547    -0.3547    -0.3494    -0.3510     0.0614     0.7807    -0.1323    -0.2055     0.0895     0.8038     0.6364     0.7878     0.7817     0.6827    -0.6364     0.5885    -0.6757    -0.5876    -0.5031     0.0926     0.8180     0.0594    -0.6136     0.8044     0.8643     0.7849     0.5986     0.2941     0.3760    -0.0500     0.4756    -0.3585     0.7878     0.7817    -0.3547     0.2826     0.6364
w               0.1854    -0.0697     0.8643     1.0000    -0.7481     0.6873     0.8380     0.9752     0.3471     1.0000     0.9659     0.8380     0.7052     0.6873     0.5871     0.4865    -0.1089     0.5352    -0.3151    -0.2938    -0.4085    -0.4085    -0.4040    -0.3612    -0.1279     0.8262    -0.1929    -0.1634    -0.0198     0.9637     0.7882     0.9692     0.9621     0.7298    -0.7882     0.7301    -0.8914    -0.7132    -0.6394     0.0314     0.9752    -0.0697    -0.7481     0.8380     1.0000     0.9659     0.6873     0.3471     0.5352    -0.3151     0.5871    -0.3594     0.9692     0.9621    -0.4085     0.3202     0.7882
R               0.0143     0.3651    -0.6136    -0.7481     1.0000    -0.0770    -0.8933    -0.7640    -0.8241    -0.7481    -0.8551    -0.8933    -0.5856    -0.0770    -0.9215    -0.8562     0.6220    -0.9292     0.3155     0.8213     0.8426     0.8426     0.8389     0.8044     0.6867    -0.5063     0.7948     0.6672     0.6312    -0.7876    -0.9961    -0.8443    -0.8660    -0.7712     0.9961    -0.9990     0.8761     0.9969     0.9214     0.1616    -0.7640     0.3651     1.0000    -0.8933    -0.7481    -0.8551    -0.0770    -0.8241    -0.9292     0.3155    -0.9215     0.8004    -0.8443    -0.8660     0.8426     0.3307    -0.9961
epsilon        -0.0023     0.0043     0.5986     0.6873    -0.0770     1.0000     0.3876     0.6995    -0.4426     0.6873     0.5758     0.3876     0.4703     1.0000    -0.0648    -0.1675     0.5056    -0.1572    -0.1197     0.4265     0.2642     0.2642     0.2667     0.2989     0.5388     0.8264     0.5117     0.4692     0.6583     0.6689     0.1538     0.5923     0.5585     0.1042    -0.1538     0.0617    -0.4909    -0.0285    -0.0227     0.1587     0.6995     0.0043    -0.0770     0.3876     0.6873     0.5758     1.0000    -0.4426    -0.1572    -0.1197    -0.0648     0.3013     0.5923     0.5585     0.2642     0.9082     0.1538
Q              -0.1754    -0.4642     0.8044     0.8380    -0.8933     0.3876     1.0000     0.8918     0.5341     0.8380     0.9154     1.0000     0.4897     0.3876     0.8223     0.6776    -0.4751     0.7708    -0.2257    -0.5844    -0.7074    -0.7074    -0.7034    -0.6801    -0.3917     0.8041    -0.5641    -0.5128    -0.3286     0.9117     0.9157     0.9107     0.9198     0.6037    -0.9157     0.8914    -0.9245    -0.8838    -0.8455    -0.0804     0.8918    -0.4642    -0.8933     1.0000     0.8380     0.9154     0.3876     0.5341     0.7708    -0.2257     0.8223    -0.6773     0.9107     0.9198    -0.7074     0.0226     0.9157
Y              -0.0369    -0.2817     0.8180     0.9752    -0.7640     0.6995     0.8918     1.0000     0.3007     0.9752     0.9857     0.8918     0.7261     0.6995     0.6129     0.4974    -0.1081     0.5665    -0.3510    -0.3203    -0.4265    -0.4265    -0.4222    -0.3746    -0.1610     0.9021    -0.2384    -0.1641    -0.0408     0.9981     0.8124     0.9886     0.9822     0.6016    -0.8124     0.7547    -0.9517    -0.7297    -0.6693    -0.0093     1.0000    -0.2817    -0.7640     0.8918     0.9752     0.9857     0.6995     0.3007     0.5665    -0.3510     0.6129    -0.3696     0.9886     0.9822    -0.4265     0.3504     0.8124
M               0.2318    -0.0917     0.2941     0.3471    -0.8241    -0.4426     0.5341     0.3007     1.0000     0.3471     0.4490     0.5341     0.2633    -0.4426     0.8086     0.8168    -0.7873     0.8637    -0.2345    -0.9134    -0.8454    -0.8454    -0.8431    -0.8318    -0.8536    -0.0471    -0.8989    -0.8075    -0.8744     0.3261     0.7744     0.4317     0.4667     0.7665    -0.7744     0.8217    -0.4666    -0.8436    -0.7601    -0.1662     0.3007    -0.0917    -0.8241     0.5341     0.3471     0.4490    -0.4426     1.0000     0.8637    -0.2345     0.8086    -0.8327     0.4317     0.4667    -0.8454    -0.7774     0.7744
L               0.1854    -0.0697     0.8643     1.0000    -0.7481     0.6873     0.8380     0.9752     0.3471     1.0000     0.9659     0.8380     0.7052     0.6873     0.5871     0.4865    -0.1089     0.5352    -0.3151    -0.2938    -0.4085    -0.4085    -0.4040    -0.3612    -0.1279     0.8262    -0.1929    -0.1634    -0.0198     0.9637     0.7882     0.9692     0.9621     0.7298    -0.7882     0.7301    -0.8914    -0.7132    -0.6394     0.0314     0.9752    -0.0697    -0.7481     0.8380     1.0000     0.9659     0.6873     0.3471     0.5352    -0.3151     0.5871    -0.3594     0.9692     0.9621    -0.4085     0.3202     0.7882
C              -0.0152    -0.2986     0.7849     0.9659    -0.8551     0.5758     0.9154     0.9857     0.4490     0.9659     1.0000     0.9154     0.7566     0.5758     0.7116     0.6135    -0.2244     0.6842    -0.3957    -0.4646    -0.5407    -0.5407    -0.5365    -0.4861    -0.3151     0.8286    -0.3796    -0.2828    -0.1996     0.9891     0.8934     0.9998     0.9998     0.6797    -0.8934     0.8474    -0.9776    -0.8261    -0.7578    -0.0438     0.9857    -0.2986    -0.8551     0.9154     0.9659     1.0000     0.5758     0.4490     0.6842    -0.3957     0.7116    -0.4805     0.9998     0.9998    -0.5407     0.1944     0.8934
I              -0.1754    -0.4642     0.8044     0.8380    -0.8933     0.3876     1.0000     0.8918     0.5341     0.8380     0.9154     1.0000     0.4897     0.3876     0.8223     0.6776    -0.4751     0.7708    -0.2257    -0.5844    -0.7074    -0.7074    -0.7034    -0.6801    -0.3917     0.8041    -0.5641    -0.5128    -0.3286     0.9117     0.9157     0.9107     0.9198     0.6037    -0.9157     0.8914    -0.9245    -0.8838    -0.8455    -0.0804     0.8918    -0.4642    -0.8933     1.0000     0.8380     0.9154     0.3876     0.5341     0.7708    -0.2257     0.8223    -0.6773     0.9107     0.9198    -0.7074     0.0226     0.9157
K              -0.0399    -0.2366     0.2530     0.7052    -0.5856     0.4703     0.4897     0.7261     0.2633     0.7052     0.7566     0.4897     1.0000     0.4703     0.4733     0.5265     0.0375     0.5142    -0.5369    -0.3533    -0.3011    -0.3011    -0.2999    -0.2153    -0.3469     0.4925    -0.2020    -0.0397    -0.1787     0.7254     0.6303     0.7586     0.7543     0.4405    -0.6303     0.5872    -0.7709    -0.5559    -0.5344    -0.0754     0.7261    -0.2366    -0.5856     0.4897     0.7052     0.7566     0.4703     0.2633     0.5142    -0.5369     0.4733    -0.2012     0.7586     0.7543    -0.3011     0.2070     0.6303
EX             -0.0023     0.0043     0.5986     0.6873    -0.0770     1.0000     0.3876     0.6995    -0.4426     0.6873     0.5758     0.3876     0.4703     1.0000    -0.0648    -0.1675     0.5056    -0.1572    -0.1197     0.4265     0.2642     0.2642     0.2667     0.2989     0.5388     0.8264     0.5117     0.4692     0.6583     0.6689     0.1538     0.5923     0.5585     0.1042    -0.1538     0.0617    -0.4909    -0.0285    -0.0227     0.1587     0.6995     0.0043    -0.0770     0.3876     0.6873     0.5758     1.0000    -0.4426    -0.1572    -0.1197    -0.0648     0.3013     0.5923     0.5585     0.2642     0.9082     0.1538
N              -0.0700    -0.3943     0.4756     0.5871    -0.9215    -0.0648     0.8223     0.6129     0.8086     0.5871     0.7116     0.8223     0.4733    -0.0648     1.0000     0.9698    -0.8293     0.9783    -0.1561    -0.8957    -0.9743    -0.9743    -0.9734    -0.9541    -0.7445     0.3735    -0.8353    -0.8658    -0.7115     0.6474     0.9077     0.6990     0.7244     0.6678    -0.9077     0.9245    -0.7513    -0.9478    -0.9953    -0.1333     0.6129    -0.3943    -0.9215     0.8223     0.5871     0.7116    -0.0648     0.8086     0.9783    -0.1561     1.0000    -0.9503     0.6990     0.7244    -0.9743    -0.4230     0.9077
K_b            -0.0120    -0.3229     0.2995     0.4865    -0.8562    -0.1675     0.6776     0.4974     0.8168     0.4865     0.6135     0.6776     0.5265    -0.1675     0.9698     1.0000    -0.8298     0.9666    -0.1630    -0.9153    -0.9608    -0.9608    -0.9612    -0.9356    -0.8027     0.2036    -0.8271    -0.8704    -0.7643     0.5315     0.8363     0.6001     0.6271     0.6463    -0.8362     0.8604    -0.6585    -0.8889    -0.9637    -0.1406     0.4974    -0.3229    -0.8562     0.6776     0.4865     0.6135    -0.1675     0.8168     0.9666    -0.1630     0.9698    -0.9302     0.6001     0.6271    -0.9608    -0.4988     0.8363
K_h            -0.0120     0.2242    -0.1859    -0.1089     0.6220     0.5056    -0.4751    -0.1081    -0.7873    -0.1089    -0.2244    -0.4751     0.0375     0.5056    -0.8293    -0.8298     1.0000    -0.7987    -0.1608     0.8440     0.9317     0.9317     0.9329     0.9584     0.7158     0.0839     0.8396     0.9970     0.7811    -0.1486    -0.5692    -0.2074    -0.2419    -0.4705     0.5692    -0.6259     0.2680     0.6799     0.7819     0.1157    -0.1081     0.2242     0.6220    -0.4751    -0.1089    -0.2244     0.5056    -0.7873    -0.7987    -0.1608    -0.8293     0.9613    -0.2074    -0.2419     0.9317     0.7222    -0.5692
D              -0.0984    -0.4281     0.3760     0.5352    -0.9292    -0.1572     0.7708     0.5665     0.8637     0.5352     0.6842     0.7708     0.5142    -0.1572     0.9783     0.9666    -0.7987     1.0000    -0.3102    -0.9558    -0.9563    -0.9563    -0.9552    -0.9253    -0.8557     0.2929    -0.8858    -0.8383    -0.8146     0.6035     0.9130     0.6702     0.6985     0.6495    -0.9130     0.9364    -0.7445    -0.9519    -0.9669    -0.1596     0.5665    -0.4281    -0.9292     0.7708     0.5352     0.6842    -0.1572     0.8637     1.0000    -0.3102     0.9783    -0.9192     0.6702     0.6985    -0.9563    -0.5135     0.9130
D_star          0.1356     0.2422    -0.0500    -0.3151     0.3155    -0.1197    -0.2257    -0.3510    -0.2345    -0.3151    -0.3957    -0.2257    -0.5369    -0.1197    -0.1561    -0.1630    -0.1608    -0.3102     1.0000     0.3320     0.0642     0.0642     0.0623    -0.0092     0.4803    -0.2099     0.1423    -0.1193     0.3659    -0.3561    -0.3462    -0.3959    -0.3952    -0.1532     0.3462    -0.3267     0.4518     0.2850     0.1718    -0.0220    -0.3510     0.2422     0.3155    -0.2257    -0.3151    -0.3957    -0.1197    -0.2345    -0.3102     1.0000    -0.1561    -0.0225    -0.3959    -0.3952     0.0642     0.0255    -0.3462
x               0.0955     0.3967    -0.1613    -0.2938     0.8213     0.4265    -0.5844    -0.3203    -0.9134    -0.2938    -0.4646    -0.5844    -0.3533     0.4265    -0.8957    -0.9153     0.8440    -0.9558     0.3320     1.0000     0.9288     0.9288     0.9285     0.9060     0.9584    -0.0307     0.9429     0.8712     0.9485    -0.3626    -0.7868    -0.4474    -0.4822    -0.5545     0.7868    -0.8330     0.5473     0.8536     0.8607     0.1799    -0.3203     0.3967     0.8213    -0.5844    -0.2938    -0.4646     0.4265    -0.9134    -0.9558     0.3320    -0.8957     0.9002    -0.4474    -0.4822     0.9288     0.7256    -0.7868
psi             0.0493     0.3532    -0.3547    -0.4085     0.8426     0.2642    -0.7074    -0.4265    -0.8454    -0.4085    -0.5407    -0.7074    -0.3011     0.2642    -0.9743    -0.9608     0.9317    -0.9563     0.0642     0.9288     1.0000     1.0000     1.0000     0.9955     0.7905    -0.1883     0.8849     0.9549     0.7932    -0.4657    -0.8122    -0.5255    -0.5563    -0.6114     0.8122    -0.8472     0.5888     0.8827     0.9513     0.1378    -0.4265     0.3532     0.8426    -0.7074    -0.4085    -0.5407     0.2642    -0.8454    -0.9563     0.0642    -0.9743     0.9936    -0.5255    -0.5563     1.0000     0.5800    -0.8122
phi             0.0493     0.3532    -0.3547    -0.4085     0.8426     0.2642    -0.7074    -0.4265    -0.8454    -0.4085    -0.5407    -0.7074    -0.3011     0.2642    -0.9743    -0.9608     0.9317    -0.9563     0.0642     0.9288     1.0000     1.0000     1.0000     0.9955     0.7905    -0.1883     0.8849     0.9549     0.7932    -0.4657    -0.8122    -0.5255    -0.5563    -0.6114     0.8122    -0.8472     0.5888     0.8827     0.9513     0.1378    -0.4265     0.3532     0.8426    -0.7074    -0.4085    -0.5407     0.2642    -0.8454    -0.9563     0.0642    -0.9743     0.9936    -0.5255    -0.5563     1.0000     0.5800    -0.8122
upsilon         0.0507     0.3533    -0.3494    -0.4040     0.8389     0.2667    -0.7034    -0.4222    -0.8431    -0.4040    -0.5365    -0.7034    -0.2999     0.2667    -0.9734    -0.9612     0.9329    -0.9552     0.0623     0.9285     1.0000     1.0000     1.0000     0.9956     0.7907    -0.1844     0.8835     0.9560     0.7935    -0.4616    -0.8084    -0.5213    -0.5521    -0.6075     0.8084    -0.8436     0.5851     0.8794     0.9504     0.1371    -0.4222     0.3533     0.8389    -0.7034    -0.4040    -0.5365     0.2667    -0.8431    -0.9552     0.0623    -0.9734     0.9937    -0.5213    -0.5521     1.0000     0.5806    -0.8084
mu              0.0325     0.3243    -0.3510    -0.3612     0.8044     0.2989    -0.6801    -0.3746    -0.8318    -0.3612    -0.4861    -0.6801    -0.2153     0.2989    -0.9541    -0.9356     0.9584    -0.9253    -0.0092     0.9060     0.9955     0.9955     0.9956     1.0000     0.7580    -0.1537     0.8747     0.9749     0.7769    -0.4139    -0.7693    -0.4706    -0.5019    -0.5919     0.7693    -0.8079     0.5293     0.8485     0.9263     0.1291    -0.3746     0.3243     0.8044    -0.6801    -0.3612    -0.4861     0.2989    -0.8318    -0.9253    -0.0092    -0.9541     0.9998    -0.4706    -0.5019     0.9955     0.5980    -0.7693
mu_star         0.1370     0.3937     0.0614    -0.1279     0.6867     0.5388    -0.3917    -0.1610    -0.8536    -0.1279    -0.3151    -0.3917    -0.3469     0.5388    -0.7445    -0.8027     0.7158    -0.8557     0.4803     0.9584     0.7905     0.7905     0.7907     0.7580     1.0000     0.1366     0.8852     0.7425     0.9827    -0.2032    -0.6514    -0.2981    -0.3327    -0.4154     0.6514    -0.7041     0.4220     0.7158     0.7041     0.1877    -0.1610     0.3937     0.6867    -0.3917    -0.1279    -0.3151     0.5388    -0.8536    -0.8557     0.4803    -0.7445     0.7493    -0.2981    -0.3327     0.7905     0.7764    -0.6514
A              -0.2748    -0.4050     0.7807     0.8262    -0.5063     0.8264     0.8041     0.9021    -0.0471     0.8262     0.8286     0.8041     0.4925     0.8264     0.3735     0.2036     0.0839     0.2929    -0.2099    -0.0307    -0.1883    -0.1883    -0.1844    -0.1537     0.1366     1.0000     0.0000     0.0459     0.2425     0.9005     0.5711     0.8361     0.8203     0.2597    -0.5711     0.5022    -0.8102    -0.4697    -0.4390     0.0285     0.9021    -0.4050    -0.5063     0.8041     0.8262     0.8286     0.8264    -0.0471     0.2929    -0.2099     0.3735    -0.1494     0.8361     0.8203    -0.1883     0.6017     0.5711
R_star          0.1873     0.4726    -0.1323    -0.1929     0.7948     0.5117    -0.5641    -0.2384    -0.8989    -0.1929    -0.3796    -0.5641    -0.2020     0.5117    -0.8353    -0.8271     0.8396    -0.8858     0.1423     0.9429     0.8849     0.8849     0.8835     0.8747     0.8852     0.0000     1.0000     0.8551     0.9061    -0.2841    -0.7517    -0.3606    -0.3992    -0.4759     0.7517    -0.8092     0.4762     0.8239     0.7872     0.2649    -0.2384     0.4726     0.7948    -0.5641    -0.1929    -0.3796     0.5117    -0.8989    -0.8858     0.1423    -0.8353     0.8710    -0.3606    -0.3992     0.8849     0.7786    -0.7517
chi_h          -0.0089     0.2425    -0.2055    -0.1634     0.6672     0.4692    -0.5128    -0.1641    -0.8075    -0.1634    -0.2828    -0.5128    -0.0397     0.4692    -0.8658    -0.8704     0.9970    -0.8383    -0.1193     0.8712     0.9549     0.9549     0.9560     0.9749     0.7425     0.0459     0.8551     1.0000     0.7948    -0.2046    -0.6178    -0.2660    -0.3002    -0.5045     0.6178    -0.6712     0.3275     0.7228     0.8231     0.1216    -0.1641     0.2425     0.6672    -0.5128    -0.1634    -0.2828     0.4692    -0.8075    -0.8383    -0.1193    -0.8658     0.9768    -0.2660    -0.3002     0.9549     0.7061    -0.6178
chi_b           0.0920     0.3346     0.0895    -0.0198     0.6312     0.6583    -0.3286    -0.0408    -0.8744    -0.0198    -0.1996    -0.3286    -0.1787     0.6583    -0.7115    -0.7643     0.7811    -0.8146     0.3659     0.9485     0.7932     0.7932     0.7935     0.7769     0.9827     0.2425     0.9061     0.7948     1.0000    -0.0840    -0.5828    -0.1810    -0.2189    -0.3974     0.5828    -0.6472     0.3008     0.6676     0.6564     0.1870    -0.0408     0.3346     0.6312    -0.3286    -0.0198    -0.1996     0.6583    -0.8744    -0.8146     0.3659    -0.7115     0.7713    -0.1810    -0.2189     0.7932     0.8700    -0.5828
Ynet           -0.0803    -0.3316     0.8038     0.9637    -0.7876     0.6689     0.9117     0.9981     0.3261     0.9637     0.9891     0.9117     0.7254     0.6689     0.6474     0.5315    -0.1486     0.6035    -0.3561    -0.3626    -0.4657    -0.4657    -0.4616    -0.4139    -0.2032     0.9005    -0.2841    -0.2046    -0.0840     1.0000     0.8349     0.9911     0.9866     0.5910    -0.8349     0.7805    -0.9663    -0.7561    -0.7018    -0.0236     0.9981    -0.3316    -0.7876     0.9117     0.9637     0.9891     0.6689     0.3261     0.6035    -0.3561     0.6474    -0.4083     0.9911     0.9866    -0.4657     0.3170     0.8349
cryp           -0.0485    -0.3932     0.6364     0.7882    -0.9961     0.1538     0.9157     0.8124     0.7744     0.7882     0.8934     0.9157     0.6303     0.1538     0.9077     0.8363    -0.5692     0.9130    -0.3462    -0.7868    -0.8122    -0.8122    -0.8084    -0.7693    -0.6514     0.5711    -0.7517    -0.6178    -0.5828     0.8349     1.0000     0.8839     0.9028     0.7496    -1.0000     0.9956    -0.9151    -0.9890    -0.9154    -0.1528     0.8124    -0.3932    -0.9961     0.9157     0.7882     0.8934     0.1538     0.7744     0.9130    -0.3462     0.9077    -0.7644     0.8839     0.9028    -0.8122    -0.2536     1.0000
DC             -0.0136    -0.2927     0.7878     0.9692    -0.8443     0.5923     0.9107     0.9886     0.4317     0.9692     0.9998     0.9107     0.7586     0.5923     0.6990     0.6001    -0.2074     0.6702    -0.3959    -0.4474    -0.5255    -0.5255    -0.5213    -0.4706    -0.2981     0.8361    -0.3606    -0.2660    -0.1810     0.9911     0.8839     1.0000     0.9991     0.6730    -0.8839     0.8362    -0.9755    -0.8144    -0.7466    -0.0386     0.9886    -0.2927    -0.8443     0.9107     0.9692     0.9998     0.5923     0.4317     0.6702    -0.3959     0.6990    -0.4650     1.0000     0.9991    -0.5255     0.2140     0.8839
m              -0.0168    -0.3046     0.7817     0.9621    -0.8660     0.5585     0.9198     0.9822     0.4667     0.9621     0.9998     0.9198     0.7543     0.5585     0.7244     0.6271    -0.2419     0.6985    -0.3952    -0.4822    -0.5563    -0.5563    -0.5521    -0.5019    -0.3327     0.8203    -0.3992    -0.3002    -0.2189     0.9866     0.9028     0.9991     1.0000     0.6864    -0.9028     0.8586    -0.9794    -0.8379    -0.7690    -0.0492     0.9822    -0.3046    -0.8660     0.9198     0.9621     0.9998     0.5585     0.4667     0.6985    -0.3952     0.7244    -0.4964     0.9991     1.0000    -0.5563     0.1740     0.9028
Lambda          0.6237     0.3107     0.6827     0.7298    -0.7712     0.1042     0.6037     0.6016     0.7665     0.7298     0.6797     0.6037     0.4405     0.1042     0.6678     0.6463    -0.4705     0.6495    -0.1532    -0.5545    -0.6114    -0.6114    -0.6075    -0.5919    -0.4154     0.2597    -0.4759    -0.5045    -0.3974     0.5910     0.7496     0.6730     0.6864     1.0000    -0.7496     0.7443    -0.5737    -0.7630    -0.6619    -0.0029     0.6016     0.3107    -0.7712     0.6037     0.7298     0.6797     0.1042     0.7665     0.6495    -0.1532     0.6678    -0.5981     0.6730     0.6864    -0.6114    -0.2847     0.7496
gam             0.0485     0.3932    -0.6364    -0.7882     0.9961    -0.1538    -0.9157    -0.8124    -0.7744    -0.7882    -0.8934    -0.9157    -0.6303    -0.1538    -0.9077    -0.8362     0.5692    -0.9130     0.3462     0.7868     0.8122     0.8122     0.8084     0.7693     0.6514    -0.5711     0.7517     0.6178     0.5828    -0.8349    -1.0000    -0.8839    -0.9028    -0.7496     1.0000    -0.9956     0.9151     0.9890     0.9154     0.1528    -0.8124     0.3932     0.9961    -0.9157    -0.7882    -0.8934    -0.1538    -0.7744    -0.9130     0.3462    -0.9077     0.7643    -0.8839    -0.9028     0.8122     0.2536    -1.0000
trs            -0.0541    -0.4024     0.5885     0.7301    -0.9990     0.0617     0.8914     0.7547     0.8217     0.7301     0.8474     0.8914     0.5872     0.0617     0.9245     0.8604    -0.6259     0.9364    -0.3267    -0.8330    -0.8472    -0.8472    -0.8436    -0.8079    -0.7041     0.5022    -0.8092    -0.6712    -0.6472     0.7805     0.9956     0.8362     0.8586     0.7443    -0.9956     1.0000    -0.8776    -0.9967    -0.9240    -0.1715     0.7547    -0.4024    -0.9990     0.8914     0.7301     0.8474     0.0617     0.8217     0.9364    -0.3267     0.9245    -0.8032     0.8362     0.8586    -0.8472    -0.3403     0.9956
Lambda1         0.2005     0.4820    -0.6757    -0.8914     0.8761    -0.4909    -0.9245    -0.9517    -0.4666    -0.8914    -0.9776    -0.9245    -0.7709    -0.4909    -0.7513    -0.6585     0.2680    -0.7445     0.4518     0.5473     0.5888     0.5888     0.5851     0.5293     0.4220    -0.8102     0.4762     0.3275     0.3008    -0.9663    -0.9151    -0.9755    -0.9794    -0.5737     0.9151    -0.8776     1.0000     0.8515     0.7940     0.0964    -0.9517     0.4820     0.8761    -0.9245    -0.8914    -0.9776    -0.4909    -0.4666    -0.7445     0.4518    -0.7513     0.5203    -0.9755    -0.9794     0.5888    -0.1266    -0.9151
mu_cryp         0.0199     0.3708    -0.5876    -0.7132     0.9969    -0.0285    -0.8838    -0.7297    -0.8436    -0.7132    -0.8261    -0.8838    -0.5559    -0.0285    -0.9478    -0.8889     0.6799    -0.9519     0.2850     0.8536     0.8827     0.8827     0.8794     0.8485     0.7158    -0.4697     0.8239     0.7228     0.6676    -0.7561    -0.9890    -0.8144    -0.8379    -0.7630     0.9890    -0.9967     0.8515     1.0000     0.9444     0.1614    -0.7297     0.3708     0.9969    -0.8838    -0.7132    -0.8261    -0.0285    -0.8436    -0.9519     0.2850    -0.9478     0.8448    -0.8144    -0.8379     0.8827     0.3738    -0.9890
x_c             0.0846     0.4053    -0.5031    -0.6394     0.9214    -0.0227    -0.8455    -0.6693    -0.7601    -0.6394    -0.7578    -0.8455    -0.5344    -0.0227    -0.9953    -0.9637     0.7819    -0.9669     0.1718     0.8607     0.9513     0.9513     0.9504     0.9263     0.7041    -0.4390     0.7872     0.8231     0.6564    -0.7018    -0.9154    -0.7466    -0.7690    -0.6619     0.9154    -0.9240     0.7940     0.9444     1.0000     0.1215    -0.6693     0.4053     0.9214    -0.8455    -0.6394    -0.7578    -0.0227    -0.7601    -0.9669     0.1718    -0.9953     0.9216    -0.7466    -0.7690     0.9513     0.3389    -0.9154
DE              0.1827     0.2322     0.0926     0.0314     0.1616     0.1587    -0.0804    -0.0093    -0.1662     0.0314    -0.0438    -0.0804    -0.0754     0.1587    -0.1333    -0.1406     0.1157    -0.1596    -0.0220     0.1799     0.1378     0.1378     0.1371     0.1291     0.1877     0.0285     0.2649     0.1216     0.1870    -0.0236    -0.1528    -0.0386    -0.0492    -0.0029     0.1528    -0.1715     0.0964     0.1614     0.1215     1.0000    -0.0093     0.2322     0.1616    -0.0804     0.0314    -0.0438     0.1587    -0.1662    -0.1596    -0.0220    -0.1333     0.1260    -0.0386    -0.0492     0.1378     0.1889    -0.1528
logY           -0.0369    -0.2817     0.8180     0.9752    -0.7640     0.6995     0.8918     1.0000     0.3007     0.9752     0.9857     0.8918     0.7261     0.6995     0.6129     0.4974    -0.1081     0.5665    -0.3510    -0.3203    -0.4265    -0.4265    -0.4222    -0.3746    -0.1610     0.9021    -0.2384    -0.1641    -0.0408     0.9981     0.8124     0.9886     0.9822     0.6016    -0.8124     0.7547    -0.9517    -0.7297    -0.6693    -0.0093     1.0000    -0.2817    -0.7640     0.8918     0.9752     0.9857     0.6995     0.3007     0.5665    -0.3510     0.6129    -0.3696     0.9886     0.9822    -0.4265     0.3504     0.8124
logPi           0.9354     1.0000     0.0594    -0.0697     0.3651     0.0043    -0.4642    -0.2817    -0.0917    -0.0697    -0.2986    -0.4642    -0.2366     0.0043    -0.3943    -0.3229     0.2242    -0.4281     0.2422     0.3967     0.3532     0.3532     0.3533     0.3243     0.3937    -0.4050     0.4726     0.2425     0.3346    -0.3316    -0.3932    -0.2927    -0.3046     0.3107     0.3932    -0.4024     0.4820     0.3708     0.4053     0.2322    -0.2817     1.0000     0.3651    -0.4642    -0.0697    -0.2986     0.0043    -0.0917    -0.4281     0.2422    -0.3943     0.3094    -0.2927    -0.3046     0.3532     0.0459    -0.3932
logR            0.0143     0.3651    -0.6136    -0.7481     1.0000    -0.0770    -0.8933    -0.7640    -0.8241    -0.7481    -0.8551    -0.8933    -0.5856    -0.0770    -0.9215    -0.8562     0.6220    -0.9292     0.3155     0.8213     0.8426     0.8426     0.8389     0.8044     0.6867    -0.5063     0.7948     0.6672     0.6312    -0.7876    -0.9961    -0.8443    -0.8660    -0.7712     0.9961    -0.9990     0.8761     0.9969     0.9214     0.1616    -0.7640     0.3651     1.0000    -0.8933    -0.7481    -0.8551    -0.0770    -0.8241    -0.9292     0.3155    -0.9215     0.8004    -0.8443    -0.8660     0.8426     0.3307    -0.9961
logI           -0.1754    -0.4642     0.8044     0.8380    -0.8933     0.3876     1.0000     0.8918     0.5341     0.8380     0.9154     1.0000     0.4897     0.3876     0.8223     0.6776    -0.4751     0.7708    -0.2257    -0.5844    -0.7074    -0.7074    -0.7034    -0.6801    -0.3917     0.8041    -0.5641    -0.5128    -0.3286     0.9117     0.9157     0.9107     0.9198     0.6037    -0.9157     0.8914    -0.9245    -0.8838    -0.8455    -0.0804     0.8918    -0.4642    -0.8933     1.0000     0.8380     0.9154     0.3876     0.5341     0.7708    -0.2257     0.8223    -0.6773     0.9107     0.9198    -0.7074     0.0226     0.9157
logL            0.1854    -0.0697     0.8643     1.0000    -0.7481     0.6873     0.8380     0.9752     0.3471     1.0000     0.9659     0.8380     0.7052     0.6873     0.5871     0.4865    -0.1089     0.5352    -0.3151    -0.2938    -0.4085    -0.4085    -0.4040    -0.3612    -0.1279     0.8262    -0.1929    -0.1634    -0.0198     0.9637     0.7882     0.9692     0.9621     0.7298    -0.7882     0.7301    -0.8914    -0.7132    -0.6394     0.0314     0.9752    -0.0697    -0.7481     0.8380     1.0000     0.9659     0.6873     0.3471     0.5352    -0.3151     0.5871    -0.3594     0.9692     0.9621    -0.4085     0.3202     0.7882
logC           -0.0152    -0.2986     0.7849     0.9659    -0.8551     0.5758     0.9154     0.9857     0.4490     0.9659     1.0000     0.9154     0.7566     0.5758     0.7116     0.6135    -0.2244     0.6842    -0.3957    -0.4646    -0.5407    -0.5407    -0.5365    -0.4861    -0.3151     0.8286    -0.3796    -0.2828    -0.1996     0.9891     0.8934     0.9998     0.9998     0.6797    -0.8934     0.8474    -0.9776    -0.8261    -0.7578    -0.0438     0.9857    -0.2986    -0.8551     0.9154     0.9659     1.0000     0.5758     0.4490     0.6842    -0.3957     0.7116    -0.4805     0.9998     0.9998    -0.5407     0.1944     0.8934
logEX          -0.0023     0.0043     0.5986     0.6873    -0.0770     1.0000     0.3876     0.6995    -0.4426     0.6873     0.5758     0.3876     0.4703     1.0000    -0.0648    -0.1675     0.5056    -0.1572    -0.1197     0.4265     0.2642     0.2642     0.2667     0.2989     0.5388     0.8264     0.5117     0.4692     0.6583     0.6689     0.1538     0.5923     0.5585     0.1042    -0.1538     0.0617    -0.4909    -0.0285    -0.0227     0.1587     0.6995     0.0043    -0.0770     0.3876     0.6873     0.5758     1.0000    -0.4426    -0.1572    -0.1197    -0.0648     0.3013     0.5923     0.5585     0.2642     0.9082     0.1538
logM            0.2318    -0.0917     0.2941     0.3471    -0.8241    -0.4426     0.5341     0.3007     1.0000     0.3471     0.4490     0.5341     0.2633    -0.4426     0.8086     0.8168    -0.7873     0.8637    -0.2345    -0.9134    -0.8454    -0.8454    -0.8431    -0.8318    -0.8536    -0.0471    -0.8989    -0.8075    -0.8744     0.3261     0.7744     0.4317     0.4667     0.7665    -0.7744     0.8217    -0.4666    -0.8436    -0.7601    -0.1662     0.3007    -0.0917    -0.8241     0.5341     0.3471     0.4490    -0.4426     1.0000     0.8637    -0.2345     0.8086    -0.8327     0.4317     0.4667    -0.8454    -0.7774     0.7744
logD           -0.0984    -0.4281     0.3760     0.5352    -0.9292    -0.1572     0.7708     0.5665     0.8637     0.5352     0.6842     0.7708     0.5142    -0.1572     0.9783     0.9666    -0.7987     1.0000    -0.3102    -0.9558    -0.9563    -0.9563    -0.9552    -0.9253    -0.8557     0.2929    -0.8858    -0.8383    -0.8146     0.6035     0.9130     0.6702     0.6985     0.6495    -0.9130     0.9364    -0.7445    -0.9519    -0.9669    -0.1596     0.5665    -0.4281    -0.9292     0.7708     0.5352     0.6842    -0.1572     0.8637     1.0000    -0.3102     0.9783    -0.9192     0.6702     0.6985    -0.9563    -0.5135     0.9130
logD_star       0.1356     0.2422    -0.0500    -0.3151     0.3155    -0.1197    -0.2257    -0.3510    -0.2345    -0.3151    -0.3957    -0.2257    -0.5369    -0.1197    -0.1561    -0.1630    -0.1608    -0.3102     1.0000     0.3320     0.0642     0.0642     0.0623    -0.0092     0.4803    -0.2099     0.1423    -0.1193     0.3659    -0.3561    -0.3462    -0.3959    -0.3952    -0.1532     0.3462    -0.3267     0.4518     0.2850     0.1718    -0.0220    -0.3510     0.2422     0.3155    -0.2257    -0.3151    -0.3957    -0.1197    -0.2345    -0.3102     1.0000    -0.1561    -0.0225    -0.3959    -0.3952     0.0642     0.0255    -0.3462
logN           -0.0700    -0.3943     0.4756     0.5871    -0.9215    -0.0648     0.8223     0.6129     0.8086     0.5871     0.7116     0.8223     0.4733    -0.0648     1.0000     0.9698    -0.8293     0.9783    -0.1561    -0.8957    -0.9743    -0.9743    -0.9734    -0.9541    -0.7445     0.3735    -0.8353    -0.8658    -0.7115     0.6474     0.9077     0.6990     0.7244     0.6678    -0.9077     0.9245    -0.7513    -0.9478    -0.9953    -0.1333     0.6129    -0.3943    -0.9215     0.8223     0.5871     0.7116    -0.0648     0.8086     0.9783    -0.1561     1.0000    -0.9503     0.6990     0.7244    -0.9743    -0.4230     0.9077
spread          0.0181     0.3094    -0.3585    -0.3594     0.8004     0.3013    -0.6773    -0.3696    -0.8327    -0.3594    -0.4805    -0.6773    -0.2012     0.3013    -0.9503    -0.9302     0.9613    -0.9192    -0.0225     0.9002     0.9936     0.9936     0.9937     0.9998     0.7493    -0.1494     0.8710     0.9768     0.7713    -0.4083    -0.7644    -0.4650    -0.4964    -0.5981     0.7643    -0.8032     0.5203     0.8448     0.9216     0.1260    -0.3696     0.3094     0.8004    -0.6773    -0.3594    -0.4805     0.3013    -0.8327    -0.9192    -0.0225    -0.9503     1.0000    -0.4650    -0.4964     0.9936     0.6001    -0.7644
logDC          -0.0136    -0.2927     0.7878     0.9692    -0.8443     0.5923     0.9107     0.9886     0.4317     0.9692     0.9998     0.9107     0.7586     0.5923     0.6990     0.6001    -0.2074     0.6702    -0.3959    -0.4474    -0.5255    -0.5255    -0.5213    -0.4706    -0.2981     0.8361    -0.3606    -0.2660    -0.1810     0.9911     0.8839     1.0000     0.9991     0.6730    -0.8839     0.8362    -0.9755    -0.8144    -0.7466    -0.0386     0.9886    -0.2927    -0.8443     0.9107     0.9692     0.9998     0.5923     0.4317     0.6702    -0.3959     0.6990    -0.4650     1.0000     0.9991    -0.5255     0.2140     0.8839
logm           -0.0168    -0.3046     0.7817     0.9621    -0.8660     0.5585     0.9198     0.9822     0.4667     0.9621     0.9998     0.9198     0.7543     0.5585     0.7244     0.6271    -0.2419     0.6985    -0.3952    -0.4822    -0.5563    -0.5563    -0.5521    -0.5019    -0.3327     0.8203    -0.3992    -0.3002    -0.2189     0.9866     0.9028     0.9991     1.0000     0.6864    -0.9028     0.8586    -0.9794    -0.8379    -0.7690    -0.0492     0.9822    -0.3046    -0.8660     0.9198     0.9621     0.9998     0.5585     0.4667     0.6985    -0.3952     0.7244    -0.4964     0.9991     1.0000    -0.5563     0.1740     0.9028
leverage        0.0493     0.3532    -0.3547    -0.4085     0.8426     0.2642    -0.7074    -0.4265    -0.8454    -0.4085    -0.5407    -0.7074    -0.3011     0.2642    -0.9743    -0.9608     0.9317    -0.9563     0.0642     0.9288     1.0000     1.0000     1.0000     0.9955     0.7905    -0.1883     0.8849     0.9549     0.7932    -0.4657    -0.8122    -0.5255    -0.5563    -0.6114     0.8122    -0.8472     0.5888     0.8827     0.9513     0.1378    -0.4265     0.3532     0.8426    -0.7074    -0.4085    -0.5407     0.2642    -0.8454    -0.9563     0.0642    -0.9743     0.9936    -0.5255    -0.5563     1.0000     0.5800    -0.8122
TB             -0.1098     0.0459     0.2826     0.3202     0.3307     0.9082     0.0226     0.3504    -0.7774     0.3202     0.1944     0.0226     0.2070     0.9082    -0.4230    -0.4988     0.7222    -0.5135     0.0255     0.7256     0.5800     0.5800     0.5806     0.5980     0.7764     0.6017     0.7786     0.7061     0.8700     0.3170    -0.2536     0.2140     0.1740    -0.2847     0.2536    -0.3403    -0.1266     0.3738     0.3389     0.1889     0.3504     0.0459     0.3307     0.0226     0.3202     0.1944     0.9082    -0.7774    -0.5135     0.0255    -0.4230     0.6001     0.2140     0.1740     0.5800     1.0000    -0.2536
logcryp        -0.0485    -0.3932     0.6364     0.7882    -0.9961     0.1538     0.9157     0.8124     0.7744     0.7882     0.8934     0.9157     0.6303     0.1538     0.9077     0.8363    -0.5692     0.9130    -0.3462    -0.7868    -0.8122    -0.8122    -0.8084    -0.7693    -0.6514     0.5711    -0.7517    -0.6178    -0.5828     0.8349     1.0000     0.8839     0.9028     0.7496    -1.0000     0.9956    -0.9151    -0.9890    -0.9154    -0.1528     0.8124    -0.3932    -0.9961     0.9157     0.7882     0.8934     0.1538     0.7744     0.9130    -0.3462     0.9077    -0.7644     0.8839     0.9028    -0.8122    -0.2536     1.0000



COEFFICIENTS OF AUTOCORRELATION
Order              1        2        3        4        5
mc            0.4610   0.2171   0.1063   0.0557   0.0323
Pi            0.5754   0.3751   0.2767   0.2250   0.1950
Z             0.8403   0.7408   0.6701   0.6139   0.5658
w             0.9105   0.8536   0.8122   0.7783   0.7485
R             0.9194   0.8509   0.7906   0.7366   0.6878
epsilon       0.9474   0.8979   0.8515   0.8082   0.7677
Q             0.9382   0.8767   0.8176   0.7620   0.7100
Y             0.9625   0.9269   0.8929   0.8605   0.8295
M             0.8441   0.7388   0.6598   0.5956   0.5410
L             0.9105   0.8536   0.8122   0.7783   0.7485
C             0.9571   0.9192   0.8845   0.8521   0.8215
I             0.9382   0.8767   0.8176   0.7620   0.7100
K             0.9993   0.9973   0.9941   0.9898   0.9845
EX            0.9474   0.8979   0.8515   0.8082   0.7677
N             0.9297   0.8652   0.8058   0.7511   0.7007
K_b           0.9425   0.8890   0.8392   0.7929   0.7498
K_h           0.9226   0.8512   0.7854   0.7248   0.6689
D             0.9350   0.8751   0.8201   0.7694   0.7228
D_star        0.9946   0.9866   0.9773   0.9673   0.9568
x             0.9325   0.8706   0.8139   0.7619   0.7142
psi           0.9226   0.8516   0.7864   0.7265   0.6714
phi           0.9226   0.8516   0.7864   0.7265   0.6714
upsilon       0.9231   0.8525   0.7876   0.7279   0.6730
mu            0.9192   0.8453   0.7775   0.7152   0.6580
mu_star       0.9470   0.8991   0.8552   0.8149   0.7776
A             0.9500   0.9025   0.8574   0.8145   0.7738
R_star        0.9000   0.8100   0.7290   0.6561   0.5905
chi_h         0.9224   0.8508   0.7848   0.7240   0.6680
chi_b         0.9389   0.8829   0.8315   0.7844   0.7410
Ynet          0.9653   0.9303   0.8959   0.8627   0.8309
cryp          0.9315   0.8708   0.8161   0.7663   0.7209
DC            0.9579   0.9206   0.8864   0.8545   0.8243
m             0.9563   0.9177   0.8823   0.8494   0.8184
Lambda        0.6501   0.4789   0.3895   0.3380   0.3045
gam           0.9315   0.8708   0.8161   0.7664   0.7209
trs           0.9254   0.8592   0.7997   0.7457   0.6966
Lambda1       0.9686   0.9356   0.9030   0.8714   0.8412
mu_cryp       0.9187   0.8487   0.7866   0.7308   0.6803
x_c           0.9364   0.8776   0.8232   0.7728   0.7261
DE           -0.0343  -0.0260  -0.0211  -0.0178  -0.0154
logY          0.9625   0.9269   0.8929   0.8605   0.8295
logPi         0.5754   0.3751   0.2767   0.2250   0.1950
logR          0.9194   0.8509   0.7906   0.7366   0.6878
logI          0.9382   0.8767   0.8176   0.7620   0.7100
logL          0.9105   0.8536   0.8122   0.7783   0.7485
logC          0.9571   0.9192   0.8845   0.8521   0.8215
logEX         0.9474   0.8979   0.8515   0.8082   0.7677
logM          0.8441   0.7388   0.6598   0.5956   0.5410
logD          0.9350   0.8751   0.8201   0.7694   0.7228
logD_star     0.9946   0.9866   0.9773   0.9673   0.9568
logN          0.9297   0.8652   0.8058   0.7511   0.7007
spread        0.9180   0.8432   0.7748   0.7120   0.6544
logDC         0.9579   0.9206   0.8864   0.8545   0.8243
logm          0.9563   0.9177   0.8823   0.8494   0.8184
leverage      0.9226   0.8516   0.7864   0.7265   0.6714
TB            0.9130   0.8400   0.7763   0.7195   0.6683
logcryp       0.9315   0.8708   0.8161   0.7663   0.7209
Total computing time : 0h00m00s
Note: warning(s) encountered in MATLAB/Octave code
