Starting Dynare (version 5.1).
Calling Dynare with arguments: none
Starting preprocessing of the model file ...
Found 67 equation(s).
Evaluating expressions...done
Computing static model derivatives (order 1).
Computing dynamic model derivatives (order 1).
Processing outputs ...
done
Preprocessing completed.


STEADY-STATE RESULTS:

mc        		 0.888889
Pi        		 1
Z         		 0.0397026
w         		 5.04443
R         		 1.015
epsilon   		 1.049
Q         		 1
Y         		 2.85972
M         		 0.436181
L         		 0.262036
C         		 1.94416
I         		 0.384152
K         		 19.2076
EX        		 0.507735
N         		 3.68177
K_b       		 14.6903
K_h       		 4.51727
D         		 5.65384
D_star    		 4.23049
x         		 0.302089
psi       		 1.59999
phi       		 3.99001
upsilon   		 1.56399
mu        		 0.00724611
mu_star   		 0.00568957
A         		 1
R_star    		 1.01131
Y_star    		 0.484018
Phi       		 0
Theta     		 0.401
chi_h     		 0.0104644
chi_b     		 0.0132049
Ynet      		 2.37849
P_c       		 1
R_dc      		 1
P_dc      		 0.107636
theta_c   		 1
cryp      		 0.930129
DC        		 5.31366
DC_sup    		 0.571943
m         		 1.21698
R_c       		 1
Lambda    		 0.985222
gam       		 0.276685
trs       		 0.186349
Lambda1   		 0.772863
sigma_Rc  		 0
mu_cryp   		 0.0231132
x_c       		 0.0633158
DE        		 1
logY      		 1.05072
logPi     		 0
logR      		 0.0148886
logI      		 -0.956718
logL      		 -1.33927
logC      		 0.66483
logEX     		 -0.677796
logM      		 -0.829697
logD      		 1.73233
logD_star 		 1.44232
logN      		 1.30339
spread    		 0.00470258
logDC     		 1.67028
logm      		 0.196369
leverage  		 1.38379
TB        		 0.0715536
logcryp   		 -0.0724317

EIGENVALUES:
         Modulus             Real        Imaginary

       1.084e-17       -1.084e-17                0
       1.092e-16       -1.092e-16                0
       1.028e-15        1.028e-15                0
       3.124e-08        3.124e-08                0
       3.124e-08       -3.124e-08                0
          0.4719           0.4719                0
             0.9              0.9                0
             0.9              0.9                0
          0.9367           0.9367                0
            0.95             0.95                0
            0.95             0.95                0
            0.95             0.95                0
          0.9502           0.9502                0
          0.9759           0.9759                0
           0.984            0.984                0
           1.024            1.024                0
           1.042            1.042                0
           1.071            1.071                0
           1.183            1.183                0
           1.516            1.516                0
             Inf             -Inf                0
             Inf             -Inf                0


There are 7 eigenvalue(s) larger than 1 in modulus 
for 7 forward-looking variable(s)

The rank condition is verified.

MODEL_DIAGNOSTICS:  The Jacobian of the static model is singular
MODEL_DIAGNOSTICS:  there is 2 colinear relationships between the variables and the equations
Relation 1
Colinear variables:
Z
w
epsilon
Y
M
L
C
I
K
EX
N
K_b
K_h
D
D_star
x
psi
phi
upsilon
mu
mu_star
R_star
Y_star
chi_h
chi_b
Ynet
P_dc
cryp
DC
DC_sup
m
gam
trs
Lambda1
mu_cryp
x_c
logY
logI
logL
logC
logEX
logM
logD
logD_star
logN
spread
logDC
logm
leverage
TB
logcryp
Relation 2
Colinear variables:
Z
w
epsilon
Y
M
L
C
I
K
EX
N
K_b
K_h
D
D_star
x
psi
phi
upsilon
mu
mu_star
R_star
Y_star
chi_h
chi_b
Ynet
P_dc
cryp
DC
DC_sup
m
gam
trs
Lambda1
mu_cryp
x_c
logY
logI
logL
logC
logEX
logM
logD
logD_star
logN
spread
logDC
logm
leverage
TB
logcryp
Relation 1
Colinear equations
    48    49

Relation 2
Colinear equations
    48    49

MODEL_DIAGNOSTICS:  The presence of a singularity problem typically indicates that there is one
MODEL_DIAGNOSTICS:  redundant equation entered in the model block, while another non-redundant equation
MODEL_DIAGNOSTICS:  is missing. The problem often derives from Walras Law.

MODEL SUMMARY

  Number of variables:         67
  Number of stochastic shocks: 6
  Number of state variables:   15
  Number of jumpers:           7
  Number of static variables:  46


MATRIX OF COVARIANCE OF EXOGENOUS SHOCKS
Variables               varepsilon_R      varepsilon_A  varepsilon_Rstar  varepsilon_Ystar            eps_Rc               vol
varepsilon_R                0.000006          0.000000          0.000000          0.000000          0.000000          0.000000
varepsilon_A                0.000000          0.000100          0.000000          0.000000          0.000000          0.000000
varepsilon_Rstar            0.000000          0.000000          0.000006          0.000000          0.000000          0.000000
varepsilon_Ystar            0.000000          0.000000          0.000000          0.000000          0.000000          0.000000
eps_Rc                      0.000000          0.000000          0.000000          0.000000          0.000000          0.000000
vol                         0.000000          0.000000          0.000000          0.000000          0.000000          0.000000

POLICY AND TRANSITION FUNCTIONS
                                  mc              Pi               Z               w               R         epsilon               Q               Y               M               L               C               I               K              EX               N             K_b             K_h               D          D_star               x             psi             phi         upsilon              mu         mu_star               A          R_star          Y_star             Phi           Theta           chi_h           chi_b            Ynet             P_c            R_dc            P_dc         theta_c            cryp              DC          DC_sup               m             R_c          Lambda             gam             trs         Lambda1        sigma_Rc         mu_cryp             x_c              DE            logY           logPi            logR            logI            logL            logC           logEX            logM            logD       logD_star            logN          spread           logDC            logm        leverage              TB         logcryp
Constant                    0.888889        1.000000        0.039703        5.044429        1.015000        1.049000        1.000000        2.859715        0.436181        0.262036        1.944159        0.384152       19.207588        0.507735        3.681774       14.690313        4.517275        5.653836        4.230485        0.302089        1.599994        3.990010        1.563994        0.007246        0.005690        1.000000        1.011308        0.484018               0        0.401000        0.010464        0.013205        2.378491        1.000000        1.000000        0.107636        1.000000        0.930129        5.313661        0.571943        1.216976        1.000000        0.985222        0.276685        0.186349        0.772863               0        0.023113        0.063316        1.000000        1.050722               0        0.014889       -0.956718       -1.339272        0.664830       -0.677796       -0.829697        1.732335        1.442318        1.303395        0.004703        1.670281        0.196369        1.383794        0.071554       -0.072432
R(-1)                      -2.676280       -0.969476       -0.249242       -7.916901        0.340401       -1.814699       -2.170274       -9.342468       -1.983668       -1.233747       -7.526045       -1.250572       -1.250572       -0.878347      -37.110720      -62.730186       61.479614      -46.664098       -1.983668        1.281345        5.822583       14.520158        4.997876        0.137972       -0.000495               0               0               0               0               0        0.285521        0.026975       -6.782558               0        0.374658        0.040327               0       -1.052479      -19.350127       -1.868494       -4.781414               0       -0.783256        0.371707       -0.043569        1.063061               0        0.590626        0.336138       -2.699408       -3.266923       -0.969476        0.335370       -3.255412       -4.708303       -3.871106       -1.729932       -4.547806       -8.253529       -0.468899      -10.079576        0.078252       -3.641581       -3.928930        3.639128        1.105321       -1.131540
K(-1)                      -0.010237       -0.004224       -0.002046        0.000674       -0.000233        0.022570       -0.022059        0.034461       -0.009152        0.000105        0.028624       -0.012711        0.967289        0.010924       -0.441469       -0.518121        1.485410       -0.487296       -0.009152        0.023164        0.100125        0.249688        0.087411        0.002583        0.000183               0               0               0               0               0        0.006355        0.001268        0.026594               0       -0.000143       -0.000015               0        0.001980        0.064792        0.006892        0.018694               0       -0.002022       -0.008275        0.000480       -0.022673               0        0.000938        0.003765        0.017292        0.012051       -0.004224       -0.000230       -0.033088        0.000401        0.014723        0.021516       -0.020982       -0.086189       -0.002163       -0.119907        0.001423        0.012194        0.015361        0.062578        0.020076        0.002129
K_b(-1)                     0.001350        0.000498        0.000132        0.004188        0.000213        0.000526        0.024619        0.005156        0.001230        0.000653        0.005676        0.014186        0.014186        0.000254        1.296606        2.659985       -2.645799        1.719324        0.001230       -0.061897       -0.234366       -0.584455       -0.206331       -0.005384       -0.000847               0               0               0               0               0       -0.012266       -0.002695        0.018597               0        0.000134        0.000014               0       -0.000498        0.008867        0.001031        0.003937               0        0.000031       -0.000512        0.000237       -0.002114               0       -0.002726       -0.013057        0.001000        0.001803        0.000498        0.000209        0.036928        0.002491        0.002920        0.000501        0.002820        0.304099        0.000291        0.352169       -0.002874        0.001669        0.003235       -0.146479       -0.000975       -0.000535
D(-1)                      -0.001343       -0.000496       -0.000131       -0.004169       -0.000212       -0.000523       -0.024505       -0.005132       -0.001224       -0.000650       -0.005650       -0.014121       -0.014121       -0.000253       -1.290627       -2.647717        2.633597       -1.711395       -0.001224        0.061612        0.233285        0.581759        0.205379        0.005359        0.000843               0               0               0               0               0        0.012209        0.002683       -0.018511               0       -0.000133       -0.000014               0        0.000496       -0.008826       -0.001026       -0.003918               0       -0.000031        0.000509       -0.000236        0.002104               0        0.002714        0.012997       -0.000995       -0.001794       -0.000496       -0.000209       -0.036758       -0.002479       -0.002906       -0.000499       -0.002807       -0.302696       -0.000289       -0.350545        0.002860       -0.001661       -0.003220        0.145804        0.000971        0.000533
D_star(-1)                 -0.006195       -0.001237       -0.001314       -0.041724        0.002003        0.042291       -0.057356       -0.074683       -0.032016       -0.006502       -0.090520       -0.033050       -0.033050        0.020470       -1.974338       -3.726882        3.693832       -3.781444        0.979291        0.176073        0.360309        0.898525        0.316484        0.007820        0.003719               0               0               0               0               0        0.017132        0.011286       -0.087962               0        0.002640        0.000284               0       -0.008583       -0.152794       -0.014937       -0.062121               0       -0.001985        0.015686       -0.003380        0.047896               0        0.007718        0.019110        0.039079       -0.026115       -0.001237        0.001974       -0.086034       -0.024814       -0.046560        0.040316       -0.073401       -0.668828        0.231484       -0.536246        0.004133       -0.028755       -0.051045        0.225194        0.052486       -0.009228
A(-1)                      -0.542805       -0.219896        0.011687        0.371210       -0.008362        1.239994        0.944304        2.588065       -0.387207        0.057848        1.454027        0.544134        0.544134        0.600180        6.656136        5.211931       -4.667797        7.523091       -0.387207       -0.063000       -0.814029       -2.029998       -0.717008       -0.017857        0.001702        0.950000               0               0               0               0       -0.021923        0.011647        2.463658               0        0.006457        0.000695               0        0.076879        4.774595        0.517613        0.863980               0       -0.106996       -0.364864       -0.028598       -0.915376               0       -0.023290       -0.077020        0.962176        0.905008       -0.219896       -0.008238        1.416456        0.220764        0.747895        1.182072       -0.887720        1.330617       -0.091528        1.807861       -0.008922        0.898551        0.709940       -0.508770        0.987387        0.082654
R_star(-1)                  0.971903        0.602831        0.003745        0.118969        0.576481        6.135639       -4.127417       -2.857011       -2.510093        0.018540       -4.417788       -2.378332       -2.378332        2.969760      -81.220530     -137.266971      134.888640     -142.214603        1.720392        5.959356       13.741867       34.268996       11.901559        0.302319        0.100561               0        0.900000               0               0               0        0.626246        0.343102       -3.869524               0        0.555567        0.059799               0       -1.883200       -8.260730       -0.571402       -2.985430               0       -0.144355        1.412538       -0.136238        3.556900               0        1.051046        0.724764        6.451867       -0.999054        0.602831        0.567961       -6.191125        0.070753       -2.272339        5.849035       -5.754699      -25.153650        0.406665      -22.060163        0.161103       -1.554621       -2.453154        8.588700        5.479853       -2.024665
Y_star(-1)                  0.252814        0.091889        0.033970        1.079023        0.005326       -0.486610        0.125582        1.633467        0.575539        0.168152        0.915347        0.072364        0.072364        0.708572        4.715112        8.528068       -8.455704        8.045530       -0.324461       -0.376608       -0.919289       -2.292492       -0.818605       -0.018294       -0.008435               0               0        0.900000               0               0       -0.039215       -0.023601        1.304792               0        0.004330        0.000466               0       -0.012380        3.012152        0.326693        0.543527               0        0.037916       -0.019329       -0.018232       -0.054604               0       -0.004012       -0.045550       -0.371991        0.571199        0.091889        0.005247        0.188373        0.641712        0.470819        1.395555        1.319495        1.423021       -0.076696        1.280663       -0.009592        0.566869        0.446621       -0.574558        0.133033       -0.013310
P_c(-1)                    -0.010319       -0.001404       -0.000770       -0.024449       -0.001620       -0.019069        0.024948       -0.022245       -0.000527       -0.003810       -0.013445        0.014376        0.014376       -0.009230        0.396911        2.384697       -2.370321        5.383973       -0.000527       -0.062104        0.127159        0.317104       -0.185146       -0.004846       -0.034115               0               0               0               0               0       -0.010990       -0.002956        0.000572               0       -0.001346       -0.000145               0       -2.951432       -0.034179       -0.004449       -0.008564       -1.000000        0.002160       -0.002351       -0.000092       -0.004011               0        1.535685       -0.212768       -0.019582       -0.007779       -0.001404       -0.001596        0.037422       -0.014540       -0.006915       -0.018178       -0.001209        0.952269       -0.000125        0.107804       -0.002599       -0.006432       -0.007037        0.079475       -0.008702       -3.173142
P_dc(-1)                   -0.142634       -0.060812       -0.018073       -0.574061       -0.010286        0.205572        0.079069       -0.842875       -0.284030       -0.089460       -0.998692        0.045562        0.045562        0.099501       -0.382357       -1.484067        1.529629       -0.562733       -0.284030        0.045551        0.131034        0.326768        0.120848        0.002423        0.001395               0               0               0               0               0        0.007062        0.003692       -0.645349               0       -0.453714        0.951164               0        0.054536      -48.522061       -0.168575        2.017040               0       -0.023293        1.031312        1.635858       -0.428304               0       -0.013829        0.005102        0.135158       -0.294741       -0.060812       -0.010134        0.118603       -0.341403       -0.513688        0.195970       -0.651174       -0.099531       -0.067139       -0.103851        0.001321       -9.131569        1.657420        0.081896        0.383530        0.058632
theta_c(-1)                -0.001743       -0.000193       -0.000155       -0.004930       -0.000165       -0.001632        0.000210       -0.005571       -0.001027       -0.000768       -0.003958        0.000121        0.000121       -0.000790        0.006049        0.161728       -0.161608        0.622515       -0.001027       -0.003932        0.015321        0.038207       -0.034169       -0.000419       -0.005264               0               0               0               0               0       -0.000749       -0.000196       -0.002838       -0.154393       -0.000120       -0.000013        0.950000       -0.455972       -0.009713       -0.001114       -0.002541       -0.154393        0.000304       -0.000075       -0.000039        0.000165               0        0.237145       -0.031749       -0.001749       -0.001948       -0.000193       -0.000163        0.000314       -0.002932       -0.002036       -0.001556       -0.002353        0.110105       -0.000243        0.001643       -0.000171       -0.001828       -0.002088        0.009576        0.000237       -0.490225
cryp(-1)                   -0.001324       -0.000489       -0.000129       -0.004107       -0.000209       -0.000516       -0.024143       -0.005056       -0.001206       -0.000640       -0.005566       -0.013912       -0.013912       -0.000250       -1.271553       -2.608589        2.594677       -1.686103       -0.001206        0.060701        0.229838        0.573162        0.202344        0.005280        0.000831               0               0               0               0               0        0.012029        0.002643       -0.018238               0       -0.000131       -0.000014               0        0.000488       -0.008696       -0.001011       -0.003861               0       -0.000031        0.000502       -0.000233        0.002073               0        0.002674        0.012805       -0.000980       -0.001768       -0.000489       -0.000205       -0.036215       -0.002443       -0.002863       -0.000492       -0.002765       -0.298223       -0.000285       -0.345364        0.002818       -0.001637       -0.003172        0.143649        0.000957        0.000525
R_c(-1)                    -0.001231       -0.000455       -0.000120       -0.003820       -0.000194       -0.000480       -0.022456       -0.004703       -0.001122       -0.000595       -0.005178       -0.012940       -0.012940       -0.000232       -1.182709       -2.426325        2.413385       -1.568294       -0.001122        0.056460        0.213779        0.533115        0.188206        0.004911        0.000773               0               0               0               0               0        0.011188        0.002458       -0.016963               0       -0.000122       -0.000013               0        0.000454       -0.008088       -0.000941       -0.003591               0       -0.000029        0.000467       -0.000217        0.001928               0        0.002487        0.011910       -0.000912       -0.001644       -0.000455       -0.000191       -0.033684       -0.002272       -0.002663       -0.000457       -0.002572       -0.277386       -0.000265       -0.321233        0.002621       -0.001522       -0.002951        0.133612        0.000890        0.000488
sigma_Rc(-1)                       0               0               0               0               0               0               0               0               0               0               0               0               0               0               0               0               0               0               0               0               0               0               0               0               0               0               0               0               0               0               0               0               0               0               0               0               0               0               0               0               0               0               0               0               0               0        0.950000               0               0               0               0               0               0               0               0               0               0               0               0               0               0               0               0               0               0               0               0
epsilon(-1)                 0.193672        0.070153        0.018034        0.572837       -0.024788        0.131480        0.147589        0.675900        0.143458        0.089269        0.543874        0.085045        0.085045        0.063638        2.171381        3.481985       -3.396941        2.694574        0.143458       -0.068081       -0.328239       -0.818550       -0.279671       -0.007846        0.000377               0               0               0               0               0       -0.015785       -0.000873        0.484721               0       -0.027243       -0.002932               0        0.076578        1.400653        0.135180        0.345399               0        0.056827       -0.026769        0.003066       -0.076295               0       -0.041764       -0.019139       -0.757797        0.236352        0.070153       -0.024422        0.221384        0.340675        0.279748        0.125338        0.328896        0.476592        0.033911        0.589765       -0.004522        0.263595        0.283817       -0.205150       -0.079820        0.082330
varepsilon_R               -3.386036       -1.226516       -0.315299      -10.015105        0.433379       -2.298700       -2.580350      -11.816989       -2.508127       -1.560725       -9.508740       -1.486869       -1.486869       -1.112613      -37.962988      -60.876724       59.389855      -47.110145       -2.508127        1.190278        5.738705       14.310986        4.889578        0.137179       -0.006590               0               0               0               0               0        0.275968        0.015264       -8.474546               0        0.476291        0.051266               0       -1.338836      -24.488095       -2.363398       -6.038726               0       -0.993534        0.468004       -0.053608        1.333886               0        0.730177        0.334621       -3.417841       -4.132226       -1.226516        0.426975       -3.870525       -5.956137       -4.890927       -2.191325       -5.750191       -8.332422       -0.592870      -10.311059        0.079067       -4.608517       -4.962075        3.586705        1.395514       -1.439409
varepsilon_A               -0.571374       -0.231470        0.012302        0.390747       -0.008802        1.305257        0.994004        2.724278       -0.407586        0.060893        1.530555        0.572773        0.572773        0.631768        7.006459        5.486243       -4.913471        7.919043       -0.407586       -0.066315       -0.856873       -2.136840       -0.754745       -0.018797        0.001791        1.000000               0               0               0               0       -0.023077        0.012260        2.593325               0        0.006797        0.000732               0        0.080925        5.025889        0.544856        0.909453               0       -0.112627       -0.384067       -0.030103       -0.963554               0       -0.024516       -0.081073        1.012817        0.952640       -0.231470       -0.008672        1.491006        0.232383        0.787258        1.244287       -0.934442        1.400650       -0.096345        1.903012       -0.009392        0.945843        0.747305       -0.535547        1.039354        0.087004
varepsilon_Rstar            1.108688        0.675561        0.010267        0.326119        0.631223        6.620807       -4.319428       -2.827333       -2.640181        0.050821       -4.487919       -2.488974       -2.488974        3.204590      -81.068347     -135.196379      132.707405     -140.440142       -2.640181        5.803121       13.594034       33.900333       11.752944        0.299565        0.094450               0        1.000000               0               0               0        0.616200        0.328769       -3.890626               0        0.605028        0.065123               0       -2.052550       -8.468406       -0.565467       -3.028406               0       -0.151166        1.496578       -0.135667        3.729493               0        1.131954        0.716469        6.987101       -0.988677        0.675561        0.621894       -6.479143        0.193948       -2.308411        6.311540       -6.052942      -24.839799       -0.624085      -22.018828        0.159795       -1.593705       -2.488468        8.496303        5.844772       -2.206736
varepsilon_Ystar            0.280905        0.102099        0.037745        1.198914        0.005918       -0.540678        0.139535        1.814963        0.639488        0.186835        1.017052        0.080404        0.080404        0.787302        5.239014        9.475631       -9.395227        8.939478       -0.360512       -0.418454       -1.021433       -2.547214       -0.909561       -0.020326       -0.009372               0               0        1.000000               0               0       -0.043573       -0.026223        1.449769               0        0.004811        0.000518               0       -0.013756        3.346835        0.362993        0.603919               0        0.042129       -0.021477       -0.020258       -0.060671               0       -0.004458       -0.050612       -0.413323        0.634666        0.102099        0.005830        0.209303        0.713013        0.523132        1.550616        1.466106        1.581135       -0.085218        1.422959       -0.010658        0.629855        0.496246       -0.638398        0.147814       -0.014789
eps_Rc                             0               0               0               0               0               0               0               0               0               0               0               0               0               0               0               0               0               0               0               0               0               0               0               0               0               0               0               0               0               0               0               0               0               0               0               0               0               0               0               0               0               0               0               0               0               0        0.030000               0               0               0               0               0               0               0               0               0               0               0               0               0               0               0               0               0               0               0               0
vol                        -0.001835       -0.000203       -0.000163       -0.005189       -0.000174       -0.001718        0.000221       -0.005865       -0.001081       -0.000809       -0.004166        0.000127        0.000127       -0.000831        0.006368        0.170240       -0.170113        0.655279       -0.001081       -0.004139        0.016127        0.040218       -0.035967       -0.000441       -0.005541               0               0               0               0               0       -0.000788       -0.000206       -0.002988       -0.162519       -0.000127       -0.000014        1.000000       -0.479971       -0.010224       -0.001173       -0.002675       -0.162519        0.000320       -0.000079       -0.000042        0.000174               0        0.249627       -0.033420       -0.001841       -0.002051       -0.000203       -0.000171        0.000331       -0.003086       -0.002143       -0.001638       -0.002477        0.115900       -0.000255        0.001730       -0.000180       -0.001924       -0.002198        0.010080        0.000249       -0.516026


THEORETICAL MOMENTS
VARIABLE          MEAN  STD. DEV.   VARIANCE
mc              0.8889     0.0121     0.0001
Pi              1.0000     0.0053     0.0000
Z               0.0397     0.0018     0.0000
w               5.0444     0.0798     0.0064
R               1.0150     0.0053     0.0000
epsilon         1.0490     0.0701     0.0049
Q               1.0000     0.0476     0.0023
Y               2.8597     0.1795     0.0322
M               0.4362     0.0215     0.0005
L               0.2620     0.0124     0.0002
C               1.9442     0.1335     0.0178
I               0.3842     0.0275     0.0008
K              19.2076     0.6418     0.4119
EX              0.5077     0.0339     0.0012
N               3.6818     0.6342     0.4022
K_b            14.6903     1.1157     1.2449
K_h             4.5173     0.9442     0.8914
D               5.6538     1.0773     1.1606
D_star          4.2305     0.1296     0.0168
x               0.3021     0.0416     0.0017
psi             1.6000     0.0974     0.0095
phi             3.9900     0.2430     0.0591
upsilon         1.5640     0.0844     0.0071
mu              0.0072     0.0021     0.0000
mu_star         0.0057     0.0008     0.0000
A               1.0000     0.0320     0.0010
R_star          1.0113     0.0057     0.0000
Y_star          0.4840     0.0000     0.0000
Phi             0.0000     0.0000     0.0000
Theta           0.4010     0.0000     0.0000
chi_h           0.0105     0.0044     0.0000
chi_b           0.0132     0.0025     0.0000
Ynet            2.3785     0.1522     0.0232
P_c             1.0000     0.0000     0.0000
R_dc            1.0000     0.0040     0.0000
P_dc            0.1076     0.0075     0.0001
theta_c         1.0000     0.0000     0.0000
cryp            0.9301     0.0182     0.0003
DC              5.3137     0.6404     0.4102
DC_sup          0.5719     0.0359     0.0013
m               1.2170     0.0711     0.0051
R_c             1.0000     0.0000     0.0000
Lambda          0.9852     0.0041     0.0000
gam             0.2767     0.0279     0.0008
trs             0.1863     0.0116     0.0001
Lambda1         0.7729     0.0548     0.0030
sigma_Rc        0.0000     0.0000     0.0000
mu_cryp         0.0231     0.0091     0.0001
x_c             0.0633     0.0061     0.0000
DE              1.0000     0.0222     0.0005
logY            1.0507     0.0628     0.0039
logPi           0.0000     0.0053     0.0000
logR            0.0149     0.0052     0.0000
logI           -0.9567     0.0715     0.0051
logL           -1.3393     0.0475     0.0023
logC            0.6648     0.0687     0.0047
logEX          -0.6778     0.0669     0.0045
logM           -0.8297     0.0493     0.0024
logD            1.7323     0.1905     0.0363
logD_star       1.4423     0.0306     0.0009
logN            1.3034     0.1722     0.0297
spread          0.0047     0.0011     0.0000
logDC           1.6703     0.1205     0.0145
logm            0.1964     0.0585     0.0034
leverage        1.3838     0.0609     0.0037
TB              0.0716     0.0475     0.0023
logcryp        -0.0724     0.0196     0.0004



VARIANCE DECOMPOSITION (in percent)
                 varepsilon_R      varepsilon_A  varepsilon_Rstar  varepsilon_Ystar            eps_Rc               vol
mc                      62.91             29.00              8.08              0.00              0.00              0.00
Pi                      42.77             30.20             27.03              0.00              0.00              0.00
Z                       23.38             73.83              2.78              0.00              0.00              0.00
w                       12.66             80.76              6.57              0.00              0.00              0.00
R                        5.29             29.26             65.45              0.00              0.00              0.00
epsilon                  1.38             73.41             25.21              0.00              0.00              0.00
Q                        2.87             64.31             32.82              0.00              0.00              0.00
Y                        3.49             88.51              8.00              0.00              0.00              0.00
M                       11.18              4.65             84.17              0.00              0.00              0.00
L                       12.66             80.76              6.57              0.00              0.00              0.00
C                        4.06             78.29             17.64              0.00              0.00              0.00
I                        2.87             64.31             32.82              0.00              0.00              0.00
K                        0.78             74.05             25.17              0.00              0.00              0.00
EX                       1.38             73.41             25.21              0.00              0.00              0.00
N                       13.56             14.68             71.76              0.00              0.00              0.00
K_b                     18.75              7.68             73.58              0.00              0.00              0.00
K_h                     21.59              8.65             69.76              0.00              0.00              0.00
D                        5.65              9.95             84.40              0.00              0.00              0.00
D_star                  27.31              8.50             64.18              0.00              0.00              0.00
x                        2.76              0.38             96.86              0.00              0.00              0.00
psi                     16.26              4.42             79.32              0.00              0.00              0.00
phi                     16.26              4.42             79.32              0.00              0.00              0.00
upsilon                 16.60              4.29             79.11              0.00              0.00              0.00
mu                      18.86              4.47             76.67              0.00              0.00              0.00
mu_star                  1.54              2.81             95.65              0.00              0.00              0.00
A                        0.00            100.00              0.00              0.00              0.00              0.00
R_star                   0.00              0.00            100.00              0.00              0.00              0.00
Y_star                   0.00              0.00              0.00            100.00              0.00              0.00
Phi                      1.04             49.21             49.75              0.00              0.00              0.00
Theta                    6.32             67.93             25.75              0.00              0.00              0.00
chi_h                   22.13              5.35             72.53              0.00              0.00              0.00
chi_b                    1.50              5.55             92.96              0.00              0.00              0.00
Ynet                     2.59             87.08             10.34              0.00              0.00              0.00
P_c                      0.00              0.00              0.00              0.00              0.00            100.00
R_dc                    11.18             17.42             71.40              0.00              0.00              0.00
P_dc                     0.75             38.12             61.12              0.00              0.00              0.00
theta_c                  0.00              0.00              0.00              0.00              0.00            100.00
cryp                     4.25             36.20             59.56              0.00              0.00              0.00
DC                       1.61             63.32             35.07              0.00              0.00              0.00
DC_sup                   3.49             88.51              8.00              0.00              0.00              0.00
m                        5.63             82.05             12.32              0.00              0.00              0.00
R_c                      0.00              0.00              0.00              0.00              0.00            100.00
Lambda                  47.76             25.96             26.28              0.00              0.00              0.00
gam                      0.29             63.33             36.38              0.00              0.00              0.00
trs                      0.97             42.45             56.58              0.00              0.00              0.00
Lambda1                  0.51             72.08             27.42              0.00              0.00              0.00
sigma_Rc                 0.00              0.01              0.00              0.00             99.99              0.00
mu_cryp                  5.52             24.75             69.74              0.00              0.00              0.00
x_c                     14.88             20.67             64.45              0.00              0.00              0.00
DE                      15.10             22.47             62.43              0.00              0.00              0.00
logY                     3.49             88.51              8.00              0.00              0.00              0.00
logPi                   42.77             30.20             27.03              0.00              0.00              0.00
logR                     5.29             29.26             65.45              0.00              0.00              0.00
logI                     2.87             64.31             32.82              0.00              0.00              0.00
logL                    12.66             80.76              6.57              0.00              0.00              0.00
logC                     4.06             78.29             17.64              0.00              0.00              0.00
logEX                    1.38             73.41             25.21              0.00              0.00              0.00
logM                    11.18              4.65             84.17              0.00              0.00              0.00
logD                     5.65              9.95             84.40              0.00              0.00              0.00
logD_star               27.31              8.50             64.18              0.00              0.00              0.00
logN                    13.56             14.68             71.76              0.00              0.00              0.00
spread                  19.54              4.54             75.92              0.00              0.00              0.00
logDC                    1.61             63.32             35.07              0.00              0.00              0.00
logm                     5.63             82.05             12.32              0.00              0.00              0.00
leverage                16.26              4.42             79.32              0.00              0.00              0.00
TB                       1.29             40.00             58.71              0.00              0.00              0.00
logcryp                  4.25             36.20             59.56              0.00              0.00              0.00



MATRIX OF CORRELATIONS
Variables           mc         Pi          Z          w          R    epsilon          Q          Y          M          L          C          I          K         EX          N        K_b        K_h          D     D_star          x        psi        phi    upsilon         mu    mu_star          A     R_star      chi_h      chi_b       Ynet       R_dc       P_dc       cryp         DC     DC_sup          m     Lambda        gam        trs    Lambda1    mu_cryp        x_c         DE       logY      logPi       logR       logI       logL       logC      logEX       logM       logD  logD_star       logN     spread      logDC       logm   leverage         TB    logcryp
mc              1.0000     0.9391     0.2259     0.1463     0.0583     0.0095    -0.2113    -0.0694     0.1750     0.1463    -0.0556    -0.2113    -0.0453     0.0095    -0.1135    -0.0497     0.0279    -0.1397     0.1348     0.1350     0.0938     0.0938     0.0950     0.0769     0.1683    -0.2858     0.2359     0.0315     0.1251    -0.1126    -0.0177     0.0402    -0.0895    -0.0595    -0.0694    -0.0509     0.5833     0.1983     0.0550     0.2331     0.0644     0.1265     0.2086    -0.0694     0.9391     0.0583    -0.2113     0.1463    -0.0556     0.0095     0.1750    -0.1397     0.1348    -0.1135     0.0620    -0.0595    -0.0509     0.0938    -0.0724    -0.0895
Pi              0.9391     1.0000     0.0222    -0.0998     0.3967     0.0056    -0.4915    -0.3044    -0.1357    -0.0998    -0.3250    -0.4915    -0.2366     0.0056    -0.4245    -0.3466     0.2487    -0.4552     0.2635     0.4221     0.3839     0.3839     0.3837     0.3549     0.4100    -0.4133     0.5046     0.2678     0.3566    -0.3534     0.2423     0.2705    -0.4227    -0.3155    -0.3044    -0.3142     0.2708     0.4728     0.2577     0.5061     0.4024     0.4339     0.2522    -0.3044     1.0000     0.3967    -0.4915    -0.0998    -0.3250     0.0056    -0.1357    -0.4552     0.2635    -0.4245     0.3397    -0.3155    -0.3142     0.3839     0.0654    -0.4227
Z               0.2259     0.0222     1.0000     0.8584    -0.5966     0.6443     0.8003     0.8166     0.2284     0.8584     0.7731     0.8003     0.2647     0.6443     0.4616     0.2780    -0.1486     0.3624    -0.1116    -0.1421    -0.3328    -0.3328    -0.3271    -0.3264     0.0843     0.8021    -0.0998    -0.1699     0.1075     0.8028    -0.5961    -0.2109     0.6244     0.5477     0.8166     0.8528     0.6528    -0.5840    -0.2119    -0.6956    -0.5709    -0.4920     0.1068     0.8166     0.0222    -0.5966     0.8003     0.8584     0.7731     0.6443     0.2284     0.3624    -0.1116     0.4616    -0.3336     0.5477     0.8528    -0.3328     0.3570     0.6244
w               0.1463    -0.0998     0.8584     1.0000    -0.7255     0.7142     0.8254     0.9767     0.3155     1.0000     0.9664     0.8254     0.7218     0.7142     0.5770     0.4763    -0.0722     0.5288    -0.3853    -0.2870    -0.3922    -0.3922    -0.3875    -0.3393    -0.1251     0.8369    -0.1718    -0.1300    -0.0193     0.9656    -0.4039    -0.6353     0.7674     0.8772     0.9767     0.9660     0.7012    -0.8651    -0.6458    -0.8929    -0.6928    -0.6328     0.0384     0.9767    -0.0998    -0.7255     0.8254     1.0000     0.9664     0.7142     0.3155     0.5288    -0.3853     0.5770    -0.3366     0.8772     0.9660    -0.3922     0.3676     0.7674
R               0.0583     0.3967    -0.5966    -0.7255     1.0000    -0.0782    -0.8961    -0.7443    -0.8254    -0.7255    -0.8302    -0.8961    -0.5720    -0.0782    -0.9235    -0.8533     0.6195    -0.9311     0.3849     0.8276     0.8465     0.8465     0.8424     0.8078     0.6880    -0.5004     0.8019     0.6657     0.6456    -0.7692     0.7643     0.6638    -0.9965    -0.7726    -0.7443    -0.8199    -0.7761     0.8608     0.5925     0.8757     0.9973     0.9208     0.1665    -0.7443     0.3967     1.0000    -0.8961    -0.7255    -0.8302    -0.0782    -0.8254    -0.9311     0.3849    -0.9235     0.8039    -0.7726    -0.8199     0.8465     0.3179    -0.9965
epsilon         0.0095     0.0056     0.6443     0.7142    -0.0782     1.0000     0.3917     0.7182    -0.4389     0.7142     0.6037     0.3917     0.4644     1.0000    -0.0499    -0.1577     0.5021    -0.1413    -0.1163     0.4107     0.2510     0.2510     0.2537     0.2881     0.5261     0.8359     0.5001     0.4652     0.6417     0.6873     0.1261    -0.2145     0.1516     0.4985     0.7182     0.6291     0.1006    -0.4406    -0.3056    -0.4955    -0.0341    -0.0389     0.1570     0.7182     0.0056    -0.0782     0.3917     0.7142     0.6037     1.0000    -0.4389    -0.1413    -0.1163    -0.0499     0.2907     0.4985     0.6291     0.2510     0.9135     0.1516
Q              -0.2113    -0.4915     0.8003     0.8254    -0.8961     0.3917     1.0000     0.8782     0.5285     0.8254     0.8987     1.0000     0.4843     0.3917     0.8280     0.6782    -0.4722     0.7777    -0.2949    -0.5949    -0.7135    -0.7135    -0.7092    -0.6851    -0.3971     0.7977    -0.5721    -0.5113    -0.3470     0.8989    -0.7278    -0.5113     0.9188     0.7540     0.8782     0.9303     0.6086    -0.8599    -0.4785    -0.9339    -0.8874    -0.8493    -0.0872     0.8782    -0.4915    -0.8961     1.0000     0.8254     0.8987     0.3917     0.5285     0.7777    -0.2949     0.8280    -0.6821     0.7540     0.9303    -0.7135     0.0406     0.9188
Y              -0.0694    -0.3044     0.8166     0.9767    -0.7443     0.7182     0.8782     1.0000     0.2802     0.9767     0.9867     0.8782     0.7377     0.7182     0.6065     0.4911    -0.0789     0.5636    -0.4178    -0.3187    -0.4158    -0.4158    -0.4114    -0.3589    -0.1627     0.9060    -0.2244    -0.1380    -0.0466     0.9982    -0.4034    -0.6494     0.7933     0.8975     1.0000     0.9852     0.5806    -0.9154    -0.6632    -0.9510    -0.7127    -0.6656    -0.0065     1.0000    -0.3044    -0.7443     0.8782     0.9767     0.9867     0.7182     0.2802     0.5636    -0.4178     0.6065    -0.3529     0.8975     0.9852    -0.4158     0.3864     0.7933
M               0.1750    -0.1357     0.2284     0.3155    -0.8254    -0.4389     0.5285     0.2802     1.0000     0.3155     0.4222     0.5285     0.2969    -0.4389     0.8084     0.8253    -0.7734     0.8703    -0.3369    -0.9252    -0.8437    -0.8437    -0.8414    -0.8262    -0.8739    -0.0588    -0.8986    -0.7977    -0.8948     0.3078    -0.6895    -0.5247     0.7796     0.4503     0.2802     0.3872     0.7638    -0.5133    -0.4147    -0.4745    -0.8431    -0.7597    -0.1635     0.2802    -0.1357    -0.8254     0.5285     0.3155     0.4222    -0.4389     1.0000     0.8703    -0.3369     0.8084    -0.8262     0.4503     0.3872    -0.8437    -0.7665     0.7796
L               0.1463    -0.0998     0.8584     1.0000    -0.7255     0.7142     0.8254     0.9767     0.3155     1.0000     0.9664     0.8254     0.7218     0.7142     0.5770     0.4763    -0.0722     0.5288    -0.3853    -0.2870    -0.3922    -0.3922    -0.3875    -0.3393    -0.1251     0.8369    -0.1718    -0.1300    -0.0193     0.9656    -0.4039    -0.6353     0.7674     0.8772     0.9767     0.9660     0.7012    -0.8651    -0.6458    -0.8929    -0.6928    -0.6328     0.0384     0.9767    -0.0998    -0.7255     0.8254     1.0000     0.9664     0.7142     0.3155     0.5288    -0.3853     0.5770    -0.3366     0.8772     0.9660    -0.3922     0.3676     0.7674
C              -0.0556    -0.3250     0.7731     0.9664    -0.8302     0.6037     0.8987     0.9867     0.4222     0.9664     1.0000     0.8987     0.7788     0.6037     0.6993     0.6034    -0.1837     0.6760    -0.4775    -0.4564    -0.5220    -0.5220    -0.5177    -0.4612    -0.3130     0.8355    -0.3558    -0.2461    -0.1990     0.9900    -0.4555    -0.7315     0.8705     0.9381     0.9867     0.9837     0.6542    -0.9598    -0.7286    -0.9772    -0.8030    -0.7493    -0.0384     0.9867    -0.3250    -0.8302     0.8987     0.9664     1.0000     0.6037     0.4222     0.6760    -0.4775     0.6993    -0.4543     0.9381     0.9837    -0.5220     0.2402     0.8705
I              -0.2113    -0.4915     0.8003     0.8254    -0.8961     0.3917     1.0000     0.8782     0.5285     0.8254     0.8987     1.0000     0.4843     0.3917     0.8280     0.6782    -0.4722     0.7777    -0.2949    -0.5949    -0.7135    -0.7135    -0.7092    -0.6851    -0.3971     0.7977    -0.5721    -0.5113    -0.3470     0.8989    -0.7278    -0.5113     0.9188     0.7540     0.8782     0.9303     0.6086    -0.8599    -0.4785    -0.9339    -0.8874    -0.8493    -0.0872     0.8782    -0.4915    -0.8961     1.0000     0.8254     0.8987     0.3917     0.5285     0.7777    -0.2949     0.8280    -0.6821     0.7540     0.9303    -0.7135     0.0406     0.9188
K              -0.0453    -0.2366     0.2647     0.7218    -0.5720     0.4644     0.4843     0.7377     0.2969     0.7218     0.7788     0.4843     1.0000     0.4644     0.4774     0.5344     0.0483     0.5210    -0.5758    -0.3646    -0.3050    -0.3050    -0.3039    -0.2143    -0.3643     0.4945    -0.2074    -0.0317    -0.1971     0.7367     0.0317    -0.9139     0.6129     0.9143     0.7377     0.6707     0.4380    -0.8468    -0.9307    -0.7495    -0.5460    -0.5406    -0.0779     0.7377    -0.2366    -0.5720     0.4843     0.7218     0.7788     0.4644     0.2969     0.5210    -0.5758     0.4774    -0.1992     0.9143     0.6707    -0.3050     0.1974     0.6129
EX              0.0095     0.0056     0.6443     0.7142    -0.0782     1.0000     0.3917     0.7182    -0.4389     0.7142     0.6037     0.3917     0.4644     1.0000    -0.0499    -0.1577     0.5021    -0.1413    -0.1163     0.4107     0.2510     0.2510     0.2537     0.2881     0.5261     0.8359     0.5001     0.4652     0.6417     0.6873     0.1261    -0.2145     0.1516     0.4985     0.7182     0.6291     0.1006    -0.4406    -0.3056    -0.4955    -0.0341    -0.0389     0.1570     0.7182     0.0056    -0.0782     0.3917     0.7142     0.6037     1.0000    -0.4389    -0.1413    -0.1163    -0.0499     0.2907     0.4985     0.6291     0.2510     0.9135     0.1516
N              -0.1135    -0.4245     0.4616     0.5770    -0.9235    -0.0499     0.8280     0.6065     0.8084     0.5770     0.6993     0.8280     0.4774    -0.0499     1.0000     0.9676    -0.8189     0.9787    -0.2430    -0.8976    -0.9738    -0.9738    -0.9728    -0.9520    -0.7438     0.3788    -0.8336    -0.8576    -0.7198     0.6418    -0.6932    -0.6281     0.9119     0.6802     0.6065     0.6753     0.6747    -0.7651    -0.5573    -0.7601    -0.9477    -0.9949    -0.1399     0.6065    -0.4245    -0.9235     0.8280     0.5770     0.6993    -0.0499     0.8084     0.9787    -0.2430     1.0000    -0.9479     0.6802     0.6753    -0.9738    -0.4018     0.9119
K_b            -0.0497    -0.3466     0.2780     0.4763    -0.8533    -0.1577     0.6782     0.4911     0.8253     0.4763     0.6034     0.6782     0.5344    -0.1577     0.9676     1.0000    -0.8185     0.9655    -0.2477    -0.9170    -0.9588    -0.9588    -0.9593    -0.9314    -0.8056     0.2053    -0.8236    -0.8617    -0.7735     0.5258    -0.5522    -0.6962     0.8349     0.6596     0.4911     0.5450     0.6515    -0.7096    -0.6245    -0.6582    -0.8839    -0.9618    -0.1469     0.4911    -0.3466    -0.8533     0.6782     0.4763     0.6034    -0.1577     0.8253     0.9655    -0.2477     0.9676    -0.9255     0.6596     0.5450    -0.9588    -0.4865     0.8349
K_h             0.0279     0.2487    -0.1486    -0.0722     0.6195     0.5021    -0.4722    -0.0789    -0.7734    -0.0722    -0.1837    -0.4722     0.0483     0.5021    -0.8189    -0.8185     1.0000    -0.7868    -0.0987     0.8358     0.9257     0.9257     0.9271     0.9550     0.7044     0.0935     0.8323     0.9968     0.7800    -0.1206     0.6741     0.2014    -0.5700    -0.1579    -0.0789    -0.1881    -0.4722     0.2629     0.1054     0.2683     0.6734     0.7691     0.1207    -0.0789     0.2487     0.6195    -0.4722    -0.0722    -0.1837     0.5021    -0.7734    -0.7868    -0.0987    -0.8189     0.9583    -0.1579    -0.1881     0.9257     0.7091    -0.5700
D              -0.1397    -0.4552     0.3624     0.5288    -0.9311    -0.1413     0.7777     0.5636     0.8703     0.5288     0.6760     0.7777     0.5210    -0.1413     0.9787     0.9655    -0.7868     1.0000    -0.3914    -0.9563    -0.9555    -0.9555    -0.9543    -0.9226    -0.8542     0.3001    -0.8839    -0.8290    -0.8202     0.6011    -0.6463    -0.7007     0.9167     0.6999     0.5636     0.6308     0.6591    -0.7803    -0.6226    -0.7508    -0.9518    -0.9673    -0.1644     0.5636    -0.4552    -0.9311     0.7777     0.5288     0.6760    -0.1413     0.8703     1.0000    -0.3914     0.9787    -0.9161     0.6999     0.6308    -0.9555    -0.4951     0.9167
D_star          0.1348     0.2635    -0.1116    -0.3853     0.3849    -0.1163    -0.2949    -0.4178    -0.3369    -0.3853    -0.4775    -0.2949    -0.5758    -0.1163    -0.2430    -0.2477    -0.0987    -0.3914     1.0000     0.4043     0.1475     0.1475     0.1454     0.0700     0.5398    -0.2486     0.2155    -0.0527     0.4205    -0.4247    -0.0924     0.7058    -0.4110    -0.6270    -0.4178    -0.3768    -0.2180     0.5901     0.7020     0.4958     0.3594     0.2598    -0.0171    -0.4178     0.2635     0.3849    -0.2949    -0.3853    -0.4775    -0.1163    -0.3369    -0.3914     1.0000    -0.2430     0.0561    -0.6270    -0.3768     0.1475     0.0695    -0.4110
x               0.1350     0.4221    -0.1421    -0.2870     0.8276     0.4107    -0.5949    -0.3187    -0.9252    -0.2870    -0.4564    -0.5949    -0.3646     0.4107    -0.8976    -0.9170     0.8358    -0.9563     0.4043     1.0000     0.9295     0.9295     0.9291     0.9053     0.9563    -0.0387     0.9421     0.8655     0.9509    -0.3615     0.5965     0.6132    -0.7954    -0.5216    -0.3187    -0.4005    -0.5691     0.6057     0.5173     0.5553     0.8571     0.8624     0.1834    -0.3187     0.4221     0.8276    -0.5949    -0.2870    -0.4564     0.4107    -0.9252    -0.9563     0.4043    -0.8976     0.8993    -0.5216    -0.4005     0.9295     0.7125    -0.7954
psi             0.0938     0.3839    -0.3328    -0.3922     0.8465     0.2510    -0.7135    -0.4158    -0.8437    -0.3922    -0.5220    -0.7135    -0.3050     0.2510    -0.9738    -0.9588     0.9257    -0.9555     0.1475     0.9295     1.0000     1.0000     1.0000     0.9950     0.7882    -0.1912     0.8828     0.9507     0.7997    -0.4560     0.7024     0.5082    -0.8189    -0.5113    -0.4158    -0.5023    -0.6194     0.6063     0.4230     0.5984     0.8835     0.9500     0.1441    -0.4158     0.3839     0.8465    -0.7135    -0.3922    -0.5220     0.2510    -0.8437    -0.9555     0.1475    -0.9738     0.9929    -0.5113    -0.5023     1.0000     0.5615    -0.8189
phi             0.0938     0.3839    -0.3328    -0.3922     0.8465     0.2510    -0.7135    -0.4158    -0.8437    -0.3922    -0.5220    -0.7135    -0.3050     0.2510    -0.9738    -0.9588     0.9257    -0.9555     0.1475     0.9295     1.0000     1.0000     1.0000     0.9950     0.7882    -0.1912     0.8828     0.9507     0.7997    -0.4560     0.7024     0.5082    -0.8189    -0.5113    -0.4158    -0.5023    -0.6194     0.6063     0.4230     0.5984     0.8835     0.9500     0.1441    -0.4158     0.3839     0.8465    -0.7135    -0.3922    -0.5220     0.2510    -0.8437    -0.9555     0.1475    -0.9738     0.9929    -0.5113    -0.5023     1.0000     0.5615    -0.8189
upsilon         0.0950     0.3837    -0.3271    -0.3875     0.8424     0.2537    -0.7092    -0.4114    -0.8414    -0.3875    -0.5177    -0.7092    -0.3039     0.2537    -0.9728    -0.9593     0.9271    -0.9543     0.1454     0.9291     1.0000     1.0000     1.0000     0.9951     0.7885    -0.1871     0.8813     0.9520     0.8000    -0.4517     0.6972     0.5079    -0.8147    -0.5089    -0.4114    -0.4973    -0.6152     0.6032     0.4230     0.5943     0.8799     0.9491     0.1434    -0.4114     0.3837     0.8424    -0.7092    -0.3875    -0.5177     0.2537    -0.8414    -0.9543     0.1454    -0.9728     0.9930    -0.5089    -0.4973     1.0000     0.5623    -0.8147
mu              0.0769     0.3549    -0.3264    -0.3393     0.8078     0.2881    -0.6851    -0.3589    -0.8262    -0.3393    -0.4612    -0.6851    -0.2143     0.2881    -0.9520    -0.9314     0.9550    -0.9226     0.0700     0.9053     0.9950     0.9950     0.9951     1.0000     0.7535    -0.1538     0.8724     0.9728     0.7824    -0.3992     0.7238     0.4245    -0.7757    -0.4331    -0.3589    -0.4534    -0.5988     0.5348     0.3369     0.5379     0.8487     0.9229     0.1355    -0.3589     0.3549     0.8078    -0.6851    -0.3393    -0.4612     0.2881    -0.8262    -0.9226     0.0700    -0.9520     0.9997    -0.4331    -0.4534     0.9950     0.5800    -0.7757
mu_star         0.1683     0.4100     0.0843    -0.1251     0.6880     0.5261    -0.3971    -0.1627    -0.8739    -0.1251    -0.3130    -0.3971    -0.3643     0.5261    -0.7438    -0.8056     0.7044    -0.8542     0.5398     0.9563     0.7882     0.7882     0.7885     0.7535     1.0000     0.1307     0.8817     0.7340     0.9822    -0.2051     0.3985     0.6338    -0.6544    -0.4523    -0.1627    -0.2255    -0.4278     0.5122     0.5420     0.4220     0.7148     0.7042     0.1885    -0.1627     0.4100     0.6880    -0.3971    -0.1251    -0.3130     0.5261    -0.8739    -0.8542     0.5398    -0.7438     0.7443    -0.4523    -0.2255     0.7882     0.7717    -0.6544
A              -0.2858    -0.4133     0.8021     0.8369    -0.5004     0.8359     0.7977     0.9060    -0.0588     0.8369     0.8355     0.7977     0.4945     0.8359     0.3788     0.2053     0.0935     0.3001    -0.2486    -0.0387    -0.1912    -0.1912    -0.1871    -0.1538     0.1307     1.0000     0.0000     0.0540     0.2298     0.9039    -0.3084    -0.3528     0.5642     0.6765     0.9060     0.8776     0.2542    -0.7265    -0.3964    -0.8177    -0.4669    -0.4453     0.0266     0.9060    -0.4133    -0.5004     0.7977     0.8369     0.8355     0.8359    -0.0588     0.3001    -0.2486     0.3788    -0.1489     0.6765     0.8776    -0.1912     0.6240     0.5642
R_star          0.2359     0.5046    -0.0998    -0.1718     0.8019     0.5001    -0.5721    -0.2244    -0.8986    -0.1718    -0.3558    -0.5721    -0.2074     0.5001    -0.8336    -0.8236     0.8323    -0.8839     0.2155     0.9421     0.8828     0.8828     0.8813     0.8724     0.8817     0.0000     1.0000     0.8494     0.9092    -0.2711     0.7270     0.4158    -0.7620    -0.3581    -0.2244    -0.3375    -0.4863     0.4938     0.3072     0.4875     0.8279     0.7837     0.2714    -0.2244     0.5046     0.8019    -0.5721    -0.1718    -0.3558     0.5001    -0.8986    -0.8839     0.2155    -0.8336     0.8686    -0.3581    -0.3375     0.8828     0.7644    -0.7620
chi_h           0.0315     0.2678    -0.1699    -0.1300     0.6657     0.4652    -0.5113    -0.1380    -0.7977    -0.1300    -0.2461    -0.5113    -0.0317     0.4652    -0.8576    -0.8617     0.9968    -0.8290    -0.0527     0.8655     0.9507     0.9507     0.9520     0.9728     0.7340     0.0540     0.8494     1.0000     0.7963    -0.1796     0.6720     0.2747    -0.6194    -0.2312    -0.1380    -0.2419    -0.5075     0.3308     0.1799     0.3284     0.7175     0.8129     0.1270    -0.1380     0.2678     0.6657    -0.5113    -0.1300    -0.2461     0.4652    -0.7977    -0.8290    -0.0527    -0.8576     0.9748    -0.2312    -0.2419     0.9507     0.6937    -0.6194
chi_b           0.1251     0.3566     0.1075    -0.0193     0.6456     0.6417    -0.3470    -0.0466    -0.8948    -0.0193    -0.1990    -0.3470    -0.1971     0.6417    -0.7198    -0.7735     0.7800    -0.8202     0.4205     0.9509     0.7997     0.7997     0.8000     0.7824     0.9822     0.2298     0.9092     0.7963     1.0000    -0.0903     0.4700     0.4913    -0.5999    -0.3092    -0.0466    -0.1321    -0.4195     0.3859     0.3873     0.3136     0.6790     0.6648     0.1887    -0.0466     0.3566     0.6456    -0.3470    -0.0193    -0.1990     0.6417    -0.8948    -0.8202     0.4205    -0.7198     0.7766    -0.3092    -0.1321     0.7997     0.8638    -0.5999
Ynet           -0.1126    -0.3534     0.8028     0.9656    -0.7692     0.6873     0.8989     0.9982     0.3078     0.9656     0.9900     0.8989     0.7367     0.6873     0.6418     0.5258    -0.1206     0.6011    -0.4247    -0.3615    -0.4560    -0.4560    -0.4517    -0.3992    -0.2051     0.9039    -0.2711    -0.1796    -0.0903     1.0000    -0.4258    -0.6608     0.8171     0.9031     0.9982     0.9871     0.5726    -0.9307    -0.6706    -0.9661    -0.7402    -0.6987    -0.0217     0.9982    -0.3534    -0.7692     0.8989     0.9656     0.9900     0.6873     0.3078     0.6011    -0.4247     0.6418    -0.3927     0.9031     0.9871    -0.4560     0.3518     0.8171
R_dc           -0.0177     0.2423    -0.5961    -0.4039     0.7643     0.1261    -0.7278    -0.4034    -0.6895    -0.4039    -0.4555    -0.7278     0.0317     0.1261    -0.6932    -0.5522     0.6741    -0.6463    -0.0924     0.5965     0.7024     0.7024     0.6972     0.7238     0.3985    -0.3084     0.7270     0.6720     0.4700    -0.4258     1.0000     0.0286    -0.7350    -0.2267    -0.4034    -0.5523    -0.6373     0.3904    -0.0650     0.5148     0.7695     0.6511     0.1763    -0.4034     0.2423     0.7643    -0.7278    -0.4039    -0.4555     0.1261    -0.6895    -0.6463    -0.0924    -0.6932     0.7322    -0.2267    -0.5523     0.7024     0.4024    -0.7350
P_dc            0.0402     0.2705    -0.2109    -0.6353     0.6638    -0.2145    -0.5113    -0.6494    -0.5247    -0.6353    -0.7315    -0.5113    -0.9139    -0.2145    -0.6281    -0.6962     0.2014    -0.7007     0.7058     0.6132     0.5082     0.5082     0.5079     0.4245     0.6338    -0.3528     0.4158     0.2747     0.4913    -0.6608     0.0286     1.0000    -0.6865    -0.9182    -0.6494    -0.5991    -0.5065     0.8565     0.9919     0.7266     0.6549     0.6676     0.0499    -0.6494     0.2705     0.6638    -0.5113    -0.6353    -0.7315    -0.2145    -0.5247    -0.7007     0.7058    -0.6281     0.4096    -0.9182    -0.5991     0.5082     0.0843    -0.6865
cryp           -0.0895    -0.4227     0.6244     0.7674    -0.9965     0.1516     0.9188     0.7933     0.7796     0.7674     0.8705     0.9188     0.6129     0.1516     0.9119     0.8349    -0.5700     0.9167    -0.4110    -0.7954    -0.8189    -0.8189    -0.8147    -0.7757    -0.6544     0.5642    -0.7620    -0.6194    -0.5999     0.8171    -0.7350    -0.6865     1.0000     0.8114     0.7933     0.8590     0.7555    -0.8963    -0.6238    -0.9129    -0.9904    -0.9168    -0.1586     0.7933    -0.4227    -0.9965     0.9188     0.7674     0.8705     0.1516     0.7796     0.9167    -0.4110     0.9119    -0.7709     0.8114     0.8590    -0.8189    -0.2447     1.0000
DC             -0.0595    -0.3155     0.5477     0.8772    -0.7726     0.4985     0.7540     0.8975     0.4503     0.8772     0.9381     0.7540     0.9143     0.4985     0.6802     0.6596    -0.1579     0.6999    -0.6270    -0.5216    -0.5113    -0.5113    -0.5089    -0.4331    -0.4523     0.6765    -0.3581    -0.2312    -0.3092     0.9031    -0.2267    -0.9182     0.8114     1.0000     0.8975     0.8606     0.5962    -0.9735    -0.9207    -0.9167    -0.7510    -0.7339    -0.0323     0.8975    -0.3155    -0.7726     0.7540     0.8772     0.9381     0.4985     0.4503     0.6999    -0.6270     0.6802    -0.4213     1.0000     0.8606    -0.5113     0.1524     0.8114
DC_sup         -0.0694    -0.3044     0.8166     0.9767    -0.7443     0.7182     0.8782     1.0000     0.2802     0.9767     0.9867     0.8782     0.7377     0.7182     0.6065     0.4911    -0.0789     0.5636    -0.4178    -0.3187    -0.4158    -0.4158    -0.4114    -0.3589    -0.1627     0.9060    -0.2244    -0.1380    -0.0466     0.9982    -0.4034    -0.6494     0.7933     0.8975     1.0000     0.9852     0.5806    -0.9154    -0.6632    -0.9510    -0.7127    -0.6656    -0.0065     1.0000    -0.3044    -0.7443     0.8782     0.9767     0.9867     0.7182     0.2802     0.5636    -0.4178     0.6065    -0.3529     0.8975     0.9852    -0.4158     0.3864     0.7933
m              -0.0509    -0.3142     0.8528     0.9660    -0.8199     0.6291     0.9303     0.9852     0.3872     0.9660     0.9837     0.9303     0.6707     0.6291     0.6753     0.5450    -0.1881     0.6308    -0.3768    -0.4005    -0.5023    -0.5023    -0.4973    -0.4534    -0.2255     0.8776    -0.3375    -0.2419    -0.1321     0.9871    -0.5523    -0.5991     0.8590     0.8606     0.9852     1.0000     0.6527    -0.9062    -0.5935    -0.9612    -0.7912    -0.7210    -0.0396     0.9852    -0.3142    -0.8199     0.9303     0.9660     0.9837     0.6291     0.3872     0.6308    -0.3768     0.6753    -0.4495     0.8606     1.0000    -0.5023     0.2742     0.8590
Lambda          0.5833     0.2708     0.6528     0.7012    -0.7761     0.1006     0.6086     0.5806     0.7638     0.7012     0.6542     0.6086     0.4380     0.1006     0.6747     0.6515    -0.4722     0.6591    -0.2180    -0.5691    -0.6194    -0.6194    -0.6152    -0.5988    -0.4278     0.2542    -0.4863    -0.5075    -0.4195     0.5726    -0.6373    -0.5065     0.7555     0.5962     0.5806     0.6527     1.0000    -0.5809    -0.4419    -0.5762    -0.7687    -0.6665     0.0007     0.5806     0.2708    -0.7761     0.6086     0.7012     0.6542     0.1006     0.7638     0.6591    -0.2180     0.6747    -0.6053     0.5962     0.6527    -0.6194    -0.2740     0.7555
gam             0.1983     0.4728    -0.5840    -0.8651     0.8608    -0.4406    -0.8599    -0.9154    -0.5133    -0.8651    -0.9598    -0.8599    -0.8468    -0.4406    -0.7651    -0.7096     0.2629    -0.7803     0.5901     0.6057     0.6063     0.6063     0.6032     0.5348     0.5122    -0.7265     0.4938     0.3308     0.3859    -0.9307     0.3904     0.8565    -0.8963    -0.9735    -0.9154    -0.9062    -0.5809     1.0000     0.8439     0.9768     0.8417     0.8091     0.0939    -0.9154     0.4728     0.8608    -0.8599    -0.8651    -0.9598    -0.4406    -0.5133    -0.7803     0.5901    -0.7651     0.5233    -0.9735    -0.9062     0.6063    -0.0824    -0.8963
trs             0.0550     0.2577    -0.2119    -0.6458     0.5925    -0.3056    -0.4785    -0.6632    -0.4147    -0.6458    -0.7286    -0.4785    -0.9307    -0.3056    -0.5573    -0.6245     0.1054    -0.6226     0.7020     0.5173     0.4230     0.4230     0.4230     0.3369     0.5420    -0.3964     0.3072     0.1799     0.3873    -0.6706    -0.0650     0.9919    -0.6238    -0.9207    -0.6632    -0.5935    -0.4419     0.8439     1.0000     0.7120     0.5804     0.6071     0.0207    -0.6632     0.2577     0.5925    -0.4785    -0.6458    -0.7286    -0.3056    -0.4147    -0.6226     0.7020    -0.5573     0.3213    -0.9207    -0.5935     0.4230    -0.0306    -0.6238
Lambda1         0.2331     0.5061    -0.6956    -0.8929     0.8757    -0.4955    -0.9339    -0.9510    -0.4745    -0.8929    -0.9772    -0.9339    -0.7495    -0.4955    -0.7601    -0.6582     0.2683    -0.7508     0.4958     0.5553     0.5984     0.5984     0.5943     0.5379     0.4220    -0.8177     0.4875     0.3284     0.3136    -0.9661     0.5148     0.7266    -0.9129    -0.9167    -0.9510    -0.9612    -0.5762     0.9768     0.7120     1.0000     0.8537     0.8016     0.1037    -0.9510     0.5061     0.8757    -0.9339    -0.8929    -0.9772    -0.4955    -0.4745    -0.7508     0.4958    -0.7601     0.5290    -0.9167    -0.9612     0.5984    -0.1392    -0.9129
mu_cryp         0.0644     0.4024    -0.5709    -0.6928     0.9973    -0.0341    -0.8874    -0.7127    -0.8431    -0.6928    -0.8030    -0.8874    -0.5460    -0.0341    -0.9477    -0.8839     0.6734    -0.9518     0.3594     0.8571     0.8835     0.8835     0.8799     0.8487     0.7148    -0.4669     0.8279     0.7175     0.6790    -0.7402     0.7695     0.6549    -0.9904    -0.7510    -0.7127    -0.7912    -0.7687     0.8417     0.5804     0.8537     1.0000     0.9420     0.1664    -0.7127     0.4024     0.9973    -0.8874    -0.6928    -0.8030    -0.0341    -0.8431    -0.9518     0.3594    -0.9477     0.8450    -0.7510    -0.7912     0.8835     0.3574    -0.9904
x_c             0.1265     0.4339    -0.4920    -0.6328     0.9208    -0.0389    -0.8493    -0.6656    -0.7597    -0.6328    -0.7493    -0.8493    -0.5406    -0.0389    -0.9949    -0.9618     0.7691    -0.9673     0.2598     0.8624     0.9500     0.9500     0.9491     0.9229     0.7042    -0.4453     0.7837     0.8129     0.6648    -0.6987     0.6511     0.6676    -0.9168    -0.7339    -0.6656    -0.7210    -0.6665     0.8091     0.6071     0.8016     0.9420     1.0000     0.1277    -0.6656     0.4339     0.9208    -0.8493    -0.6328    -0.7493    -0.0389    -0.7597    -0.9673     0.2598    -0.9949     0.9177    -0.7339    -0.7210     0.9500     0.3162    -0.9168
DE              0.2086     0.2522     0.1068     0.0384     0.1665     0.1570    -0.0872    -0.0065    -0.1635     0.0384    -0.0384    -0.0872    -0.0779     0.1570    -0.1399    -0.1469     0.1207    -0.1644    -0.0171     0.1834     0.1441     0.1441     0.1434     0.1355     0.1885     0.0266     0.2714     0.1270     0.1887    -0.0217     0.1763     0.0499    -0.1586    -0.0323    -0.0065    -0.0396     0.0007     0.0939     0.0207     0.1037     0.1664     0.1277     1.0000    -0.0065     0.2522     0.1665    -0.0872     0.0384    -0.0384     0.1570    -0.1635    -0.1644    -0.0171    -0.1399     0.1321    -0.0323    -0.0396     0.1441     0.1862    -0.1586
logY           -0.0694    -0.3044     0.8166     0.9767    -0.7443     0.7182     0.8782     1.0000     0.2802     0.9767     0.9867     0.8782     0.7377     0.7182     0.6065     0.4911    -0.0789     0.5636    -0.4178    -0.3187    -0.4158    -0.4158    -0.4114    -0.3589    -0.1627     0.9060    -0.2244    -0.1380    -0.0466     0.9982    -0.4034    -0.6494     0.7933     0.8975     1.0000     0.9852     0.5806    -0.9154    -0.6632    -0.9510    -0.7127    -0.6656    -0.0065     1.0000    -0.3044    -0.7443     0.8782     0.9767     0.9867     0.7182     0.2802     0.5636    -0.4178     0.6065    -0.3529     0.8975     0.9852    -0.4158     0.3864     0.7933
logPi           0.9391     1.0000     0.0222    -0.0998     0.3967     0.0056    -0.4915    -0.3044    -0.1357    -0.0998    -0.3250    -0.4915    -0.2366     0.0056    -0.4245    -0.3466     0.2487    -0.4552     0.2635     0.4221     0.3839     0.3839     0.3837     0.3549     0.4100    -0.4133     0.5046     0.2678     0.3566    -0.3534     0.2423     0.2705    -0.4227    -0.3155    -0.3044    -0.3142     0.2708     0.4728     0.2577     0.5061     0.4024     0.4339     0.2522    -0.3044     1.0000     0.3967    -0.4915    -0.0998    -0.3250     0.0056    -0.1357    -0.4552     0.2635    -0.4245     0.3397    -0.3155    -0.3142     0.3839     0.0654    -0.4227
logR            0.0583     0.3967    -0.5966    -0.7255     1.0000    -0.0782    -0.8961    -0.7443    -0.8254    -0.7255    -0.8302    -0.8961    -0.5720    -0.0782    -0.9235    -0.8533     0.6195    -0.9311     0.3849     0.8276     0.8465     0.8465     0.8424     0.8078     0.6880    -0.5004     0.8019     0.6657     0.6456    -0.7692     0.7643     0.6638    -0.9965    -0.7726    -0.7443    -0.8199    -0.7761     0.8608     0.5925     0.8757     0.9973     0.9208     0.1665    -0.7443     0.3967     1.0000    -0.8961    -0.7255    -0.8302    -0.0782    -0.8254    -0.9311     0.3849    -0.9235     0.8039    -0.7726    -0.8199     0.8465     0.3179    -0.9965
logI           -0.2113    -0.4915     0.8003     0.8254    -0.8961     0.3917     1.0000     0.8782     0.5285     0.8254     0.8987     1.0000     0.4843     0.3917     0.8280     0.6782    -0.4722     0.7777    -0.2949    -0.5949    -0.7135    -0.7135    -0.7092    -0.6851    -0.3971     0.7977    -0.5721    -0.5113    -0.3470     0.8989    -0.7278    -0.5113     0.9188     0.7540     0.8782     0.9303     0.6086    -0.8599    -0.4785    -0.9339    -0.8874    -0.8493    -0.0872     0.8782    -0.4915    -0.8961     1.0000     0.8254     0.8987     0.3917     0.5285     0.7777    -0.2949     0.8280    -0.6821     0.7540     0.9303    -0.7135     0.0406     0.9188
logL            0.1463    -0.0998     0.8584     1.0000    -0.7255     0.7142     0.8254     0.9767     0.3155     1.0000     0.9664     0.8254     0.7218     0.7142     0.5770     0.4763    -0.0722     0.5288    -0.3853    -0.2870    -0.3922    -0.3922    -0.3875    -0.3393    -0.1251     0.8369    -0.1718    -0.1300    -0.0193     0.9656    -0.4039    -0.6353     0.7674     0.8772     0.9767     0.9660     0.7012    -0.8651    -0.6458    -0.8929    -0.6928    -0.6328     0.0384     0.9767    -0.0998    -0.7255     0.8254     1.0000     0.9664     0.7142     0.3155     0.5288    -0.3853     0.5770    -0.3366     0.8772     0.9660    -0.3922     0.3676     0.7674
logC           -0.0556    -0.3250     0.7731     0.9664    -0.8302     0.6037     0.8987     0.9867     0.4222     0.9664     1.0000     0.8987     0.7788     0.6037     0.6993     0.6034    -0.1837     0.6760    -0.4775    -0.4564    -0.5220    -0.5220    -0.5177    -0.4612    -0.3130     0.8355    -0.3558    -0.2461    -0.1990     0.9900    -0.4555    -0.7315     0.8705     0.9381     0.9867     0.9837     0.6542    -0.9598    -0.7286    -0.9772    -0.8030    -0.7493    -0.0384     0.9867    -0.3250    -0.8302     0.8987     0.9664     1.0000     0.6037     0.4222     0.6760    -0.4775     0.6993    -0.4543     0.9381     0.9837    -0.5220     0.2402     0.8705
logEX           0.0095     0.0056     0.6443     0.7142    -0.0782     1.0000     0.3917     0.7182    -0.4389     0.7142     0.6037     0.3917     0.4644     1.0000    -0.0499    -0.1577     0.5021    -0.1413    -0.1163     0.4107     0.2510     0.2510     0.2537     0.2881     0.5261     0.8359     0.5001     0.4652     0.6417     0.6873     0.1261    -0.2145     0.1516     0.4985     0.7182     0.6291     0.1006    -0.4406    -0.3056    -0.4955    -0.0341    -0.0389     0.1570     0.7182     0.0056    -0.0782     0.3917     0.7142     0.6037     1.0000    -0.4389    -0.1413    -0.1163    -0.0499     0.2907     0.4985     0.6291     0.2510     0.9135     0.1516
logM            0.1750    -0.1357     0.2284     0.3155    -0.8254    -0.4389     0.5285     0.2802     1.0000     0.3155     0.4222     0.5285     0.2969    -0.4389     0.8084     0.8253    -0.7734     0.8703    -0.3369    -0.9252    -0.8437    -0.8437    -0.8414    -0.8262    -0.8739    -0.0588    -0.8986    -0.7977    -0.8948     0.3078    -0.6895    -0.5247     0.7796     0.4503     0.2802     0.3872     0.7638    -0.5133    -0.4147    -0.4745    -0.8431    -0.7597    -0.1635     0.2802    -0.1357    -0.8254     0.5285     0.3155     0.4222    -0.4389     1.0000     0.8703    -0.3369     0.8084    -0.8262     0.4503     0.3872    -0.8437    -0.7665     0.7796
logD           -0.1397    -0.4552     0.3624     0.5288    -0.9311    -0.1413     0.7777     0.5636     0.8703     0.5288     0.6760     0.7777     0.5210    -0.1413     0.9787     0.9655    -0.7868     1.0000    -0.3914    -0.9563    -0.9555    -0.9555    -0.9543    -0.9226    -0.8542     0.3001    -0.8839    -0.8290    -0.8202     0.6011    -0.6463    -0.7007     0.9167     0.6999     0.5636     0.6308     0.6591    -0.7803    -0.6226    -0.7508    -0.9518    -0.9673    -0.1644     0.5636    -0.4552    -0.9311     0.7777     0.5288     0.6760    -0.1413     0.8703     1.0000    -0.3914     0.9787    -0.9161     0.6999     0.6308    -0.9555    -0.4951     0.9167
logD_star       0.1348     0.2635    -0.1116    -0.3853     0.3849    -0.1163    -0.2949    -0.4178    -0.3369    -0.3853    -0.4775    -0.2949    -0.5758    -0.1163    -0.2430    -0.2477    -0.0987    -0.3914     1.0000     0.4043     0.1475     0.1475     0.1454     0.0700     0.5398    -0.2486     0.2155    -0.0527     0.4205    -0.4247    -0.0924     0.7058    -0.4110    -0.6270    -0.4178    -0.3768    -0.2180     0.5901     0.7020     0.4958     0.3594     0.2598    -0.0171    -0.4178     0.2635     0.3849    -0.2949    -0.3853    -0.4775    -0.1163    -0.3369    -0.3914     1.0000    -0.2430     0.0561    -0.6270    -0.3768     0.1475     0.0695    -0.4110
logN           -0.1135    -0.4245     0.4616     0.5770    -0.9235    -0.0499     0.8280     0.6065     0.8084     0.5770     0.6993     0.8280     0.4774    -0.0499     1.0000     0.9676    -0.8189     0.9787    -0.2430    -0.8976    -0.9738    -0.9738    -0.9728    -0.9520    -0.7438     0.3788    -0.8336    -0.8576    -0.7198     0.6418    -0.6932    -0.6281     0.9119     0.6802     0.6065     0.6753     0.6747    -0.7651    -0.5573    -0.7601    -0.9477    -0.9949    -0.1399     0.6065    -0.4245    -0.9235     0.8280     0.5770     0.6993    -0.0499     0.8084     0.9787    -0.2430     1.0000    -0.9479     0.6802     0.6753    -0.9738    -0.4018     0.9119
spread          0.0620     0.3397    -0.3336    -0.3366     0.8039     0.2907    -0.6821    -0.3529    -0.8262    -0.3366    -0.4543    -0.6821    -0.1992     0.2907    -0.9479    -0.9255     0.9583    -0.9161     0.0561     0.8993     0.9929     0.9929     0.9930     0.9997     0.7443    -0.1489     0.8686     0.9748     0.7766    -0.3927     0.7322     0.4096    -0.7709    -0.4213    -0.3529    -0.4495    -0.6053     0.5233     0.3213     0.5290     0.8450     0.9177     0.1321    -0.3529     0.3397     0.8039    -0.6821    -0.3366    -0.4543     0.2907    -0.8262    -0.9161     0.0561    -0.9479     1.0000    -0.4213    -0.4495     0.9929     0.5820    -0.7709
logDC          -0.0595    -0.3155     0.5477     0.8772    -0.7726     0.4985     0.7540     0.8975     0.4503     0.8772     0.9381     0.7540     0.9143     0.4985     0.6802     0.6596    -0.1579     0.6999    -0.6270    -0.5216    -0.5113    -0.5113    -0.5089    -0.4331    -0.4523     0.6765    -0.3581    -0.2312    -0.3092     0.9031    -0.2267    -0.9182     0.8114     1.0000     0.8975     0.8606     0.5962    -0.9735    -0.9207    -0.9167    -0.7510    -0.7339    -0.0323     0.8975    -0.3155    -0.7726     0.7540     0.8772     0.9381     0.4985     0.4503     0.6999    -0.6270     0.6802    -0.4213     1.0000     0.8606    -0.5113     0.1524     0.8114
logm           -0.0509    -0.3142     0.8528     0.9660    -0.8199     0.6291     0.9303     0.9852     0.3872     0.9660     0.9837     0.9303     0.6707     0.6291     0.6753     0.5450    -0.1881     0.6308    -0.3768    -0.4005    -0.5023    -0.5023    -0.4973    -0.4534    -0.2255     0.8776    -0.3375    -0.2419    -0.1321     0.9871    -0.5523    -0.5991     0.8590     0.8606     0.9852     1.0000     0.6527    -0.9062    -0.5935    -0.9612    -0.7912    -0.7210    -0.0396     0.9852    -0.3142    -0.8199     0.9303     0.9660     0.9837     0.6291     0.3872     0.6308    -0.3768     0.6753    -0.4495     0.8606     1.0000    -0.5023     0.2742     0.8590
leverage        0.0938     0.3839    -0.3328    -0.3922     0.8465     0.2510    -0.7135    -0.4158    -0.8437    -0.3922    -0.5220    -0.7135    -0.3050     0.2510    -0.9738    -0.9588     0.9257    -0.9555     0.1475     0.9295     1.0000     1.0000     1.0000     0.9950     0.7882    -0.1912     0.8828     0.9507     0.7997    -0.4560     0.7024     0.5082    -0.8189    -0.5113    -0.4158    -0.5023    -0.6194     0.6063     0.4230     0.5984     0.8835     0.9500     0.1441    -0.4158     0.3839     0.8465    -0.7135    -0.3922    -0.5220     0.2510    -0.8437    -0.9555     0.1475    -0.9738     0.9929    -0.5113    -0.5023     1.0000     0.5615    -0.8189
TB             -0.0724     0.0654     0.3570     0.3676     0.3179     0.9135     0.0406     0.3864    -0.7665     0.3676     0.2402     0.0406     0.1974     0.9135    -0.4018    -0.4865     0.7091    -0.4951     0.0695     0.7125     0.5615     0.5615     0.5623     0.5800     0.7717     0.6240     0.7644     0.6937     0.8638     0.3518     0.4024     0.0843    -0.2447     0.1524     0.3864     0.2742    -0.2740    -0.0824    -0.0306    -0.1392     0.3574     0.3162     0.1862     0.3864     0.0654     0.3179     0.0406     0.3676     0.2402     0.9135    -0.7665    -0.4951     0.0695    -0.4018     0.5820     0.1524     0.2742     0.5615     1.0000    -0.2447
logcryp        -0.0895    -0.4227     0.6244     0.7674    -0.9965     0.1516     0.9188     0.7933     0.7796     0.7674     0.8705     0.9188     0.6129     0.1516     0.9119     0.8349    -0.5700     0.9167    -0.4110    -0.7954    -0.8189    -0.8189    -0.8147    -0.7757    -0.6544     0.5642    -0.7620    -0.6194    -0.5999     0.8171    -0.7350    -0.6865     1.0000     0.8114     0.7933     0.8590     0.7555    -0.8963    -0.6238    -0.9129    -0.9904    -0.9168    -0.1586     0.7933    -0.4227    -0.9965     0.9188     0.7674     0.8705     0.1516     0.7796     0.9167    -0.4110     0.9119    -0.7709     0.8114     0.8590    -0.8189    -0.2447     1.0000



COEFFICIENTS OF AUTOCORRELATION
Order              1        2        3        4        5
mc            0.4843   0.2398   0.1236   0.0678   0.0408
Pi            0.5969   0.3976   0.2953   0.2394   0.2062
Z             0.8599   0.7667   0.6974   0.6408   0.5917
w             0.9244   0.8729   0.8335   0.8003   0.7707
R             0.9213   0.8517   0.7892   0.7328   0.6816
epsilon       0.9483   0.8996   0.8541   0.8114   0.7715
Q             0.9387   0.8765   0.8165   0.7597   0.7065
Y             0.9673   0.9344   0.9020   0.8706   0.8403
M             0.8666   0.7715   0.6975   0.6360   0.5830
L             0.9244   0.8729   0.8335   0.8003   0.7707
C             0.9659   0.9332   0.9018   0.8717   0.8429
I             0.9387   0.8765   0.8165   0.7597   0.7065
K             0.9993   0.9972   0.9939   0.9895   0.9840
EX            0.9483   0.8996   0.8541   0.8114   0.7715
N             0.9289   0.8633   0.8029   0.7474   0.6963
K_b           0.9418   0.8878   0.8378   0.7914   0.7484
K_h           0.9208   0.8481   0.7813   0.7200   0.6636
D             0.9359   0.8765   0.8217   0.7712   0.7246
D_star        0.9952   0.9877   0.9785   0.9683   0.9574
x             0.9344   0.8740   0.8184   0.7673   0.7203
psi           0.9214   0.8493   0.7832   0.7225   0.6669
phi           0.9214   0.8493   0.7832   0.7225   0.6669
upsilon       0.9218   0.8501   0.7844   0.7241   0.6687
mu            0.9174   0.8418   0.7725   0.7091   0.6510
mu_star       0.9501   0.9051   0.8637   0.8255   0.7898
A             0.9500   0.9025   0.8574   0.8145   0.7738
R_star        0.9000   0.8100   0.7290   0.6561   0.5905
chi_h         0.9205   0.8474   0.7804   0.7188   0.6622
chi_b         0.9413   0.8872   0.8375   0.7915   0.7491
Ynet          0.9691   0.9364   0.9036   0.8715   0.8404
R_dc          0.8515   0.7288   0.6240   0.5328   0.4528
P_dc          0.9984   0.9939   0.9871   0.9783   0.9677
cryp          0.9318   0.8693   0.8120   0.7595   0.7114
DC            0.9896   0.9776   0.9645   0.9504   0.9356
DC_sup        0.9673   0.9344   0.9020   0.8706   0.8403
m             0.9512   0.9056   0.8629   0.8229   0.7852
Lambda        0.6702   0.5002   0.4069   0.3509   0.3136
gam           0.9801   0.9586   0.9365   0.9145   0.8926
trs           0.9970   0.9918   0.9845   0.9753   0.9645
Lambda1       0.9665   0.9310   0.8957   0.8615   0.8289
mu_cryp       0.9203   0.8493   0.7854   0.7275   0.6749
x_c           0.9355   0.8758   0.8207   0.7698   0.7227
DE           -0.0332  -0.0241  -0.0189  -0.0156  -0.0134
logY          0.9673   0.9344   0.9020   0.8706   0.8403
logPi         0.5969   0.3976   0.2953   0.2394   0.2062
logR          0.9213   0.8517   0.7892   0.7328   0.6816
logI          0.9387   0.8765   0.8165   0.7597   0.7065
logL          0.9244   0.8729   0.8335   0.8003   0.7707
logC          0.9659   0.9332   0.9018   0.8717   0.8429
logEX         0.9483   0.8996   0.8541   0.8114   0.7715
logM          0.8666   0.7715   0.6975   0.6360   0.5830
logD          0.9359   0.8765   0.8217   0.7712   0.7246
logD_star     0.9952   0.9877   0.9785   0.9683   0.9574
logN          0.9289   0.8633   0.8029   0.7474   0.6963
spread        0.9162   0.8397   0.7697   0.7058   0.6472
logDC         0.9896   0.9776   0.9645   0.9504   0.9356
logm          0.9512   0.9056   0.8629   0.8229   0.7852
leverage      0.9214   0.8493   0.7832   0.7225   0.6669
TB            0.9214   0.8533   0.7926   0.7379   0.6882
logcryp       0.9318   0.8693   0.8120   0.7595   0.7114
Total computing time : 0h00m00s
