Starting Dynare (version 5.1).
Calling Dynare with arguments: none
Starting preprocessing of the model file ...
Found 65 equation(s).
Evaluating expressions...done
Computing static model derivatives (order 1).
Computing dynamic model derivatives (order 1).
Processing outputs ...
done
Preprocessing completed.


STEADY-STATE RESULTS:

mc        		 0.888889
Pi        		 1
Z         		 0.0399151
w         		 5.0796
R         		 1.015
epsilon   		 1.01905
Q         		 1
Y         		 2.94031
M         		 0.461656
L         		 0.267555
C         		 2.04543
I         		 0.392875
K         		 19.6437
EX        		 0.489346
N         		 3.73369
K_b       		 14.8151
K_h       		 4.82864
D         		 8.85181
D_star    		 1.17994
x         		 0.0811612
psi       		 1.59115
phi       		 3.96795
upsilon   		 1.55568
mu        		 0.00753332
mu_star   		 -0.00109713
A         		 1
R_star    		 1.01572
Y_star    		 0.4802
Phi       		 0
Theta     		 0.401
chi_h     		 0.0116913
chi_b     		 0.000961253
Ynet      		 2.4572
P_c       		 1
R_dc      		 1
theta_c   		 1
cryp      		 1.02814
DC        		 2.16362
m         		 2.13046
R_c       		 1
Lambda    		 0.985222
gam       		 0.0293252
trs       		 0.496138
Lambda1   		 0.945213
sigma_Rc  		 0
mu_cryp   		 0.0229903
x_c       		 0.0693981
DE        		 1
logY      		 1.07851
logPi     		 0
logR      		 0.0148886
logI      		 -0.934265
logL      		 -1.31843
logC      		 0.71561
logEX     		 -0.714686
logM      		 -0.772936
logD      		 2.18062
logD_star 		 0.165461
logN      		 1.3174
spread    		 -5.31544
logDC     		 0.771785
logm      		 0.756338
leverage  		 1.37825
TB        		 0.02769
logcryp   		 0.0277508

EIGENVALUES:
         Modulus             Real        Imaginary

       5.474e-16       -5.474e-16                0
       1.179e-15       -1.179e-15                0
       1.085e-14        1.085e-14                0
       1.621e-08        1.621e-08                0
       1.621e-08       -1.621e-08                0
          0.4578           0.4578                0
             0.9              0.9                0
             0.9              0.9                0
             0.9              0.9                0
          0.9376           0.9376                0
            0.95             0.95                0
            0.95             0.95                0
          0.9749           0.9749                0
          0.9861           0.9861                0
           1.028            1.028                0
           1.045            1.045                0
            1.07             1.07                0
           1.182            1.182                0
           1.556            1.556                0
             Inf             -Inf                0
             Inf             -Inf                0


There are 7 eigenvalue(s) larger than 1 in modulus 
for 7 forward-looking variable(s)

The rank condition is verified.

MODEL_DIAGNOSTICS:  The Jacobian of the static model is singular
MODEL_DIAGNOSTICS:  there is 2 colinear relationships between the variables and the equations
Relation 1
Colinear variables:
Z
w
epsilon
Y
M
L
C
I
K
EX
N
K_b
K_h
D
D_star
x
psi
phi
upsilon
mu
mu_star
R_star
Y_star
chi_h
chi_b
Ynet
cryp
DC
m
gam
trs
Lambda1
mu_cryp
x_c
logY
logI
logL
logC
logEX
logM
logD
logD_star
logN
spread
logDC
logm
leverage
TB
logcryp
Relation 2
Colinear variables:
Z
w
epsilon
Y
M
L
C
I
K
EX
N
K_b
K_h
D
D_star
x
psi
phi
upsilon
mu
mu_star
R_star
Y_star
chi_h
chi_b
Ynet
cryp
DC
m
gam
trs
Lambda1
mu_cryp
x_c
logY
logI
logL
logC
logEX
logM
logD
logD_star
logN
spread
logDC
logm
leverage
TB
logcryp
Relation 1
Colinear equations
    46    47

Relation 2
Colinear equations
    46    47

MODEL_DIAGNOSTICS:  The presence of a singularity problem typically indicates that there is one
MODEL_DIAGNOSTICS:  redundant equation entered in the model block, while another non-redundant equation
MODEL_DIAGNOSTICS:  is missing. The problem often derives from Walras Law.

MODEL SUMMARY

  Number of variables:         65
  Number of stochastic shocks: 6
  Number of state variables:   14
  Number of jumpers:           7
  Number of static variables:  45


MATRIX OF COVARIANCE OF EXOGENOUS SHOCKS
Variables               varepsilon_R      varepsilon_A  varepsilon_Rstar  varepsilon_Ystar            eps_Rc               vol
varepsilon_R                0.000006          0.000000          0.000000          0.000000          0.000000          0.000000
varepsilon_A                0.000000          0.000100          0.000000          0.000000          0.000000          0.000000
varepsilon_Rstar            0.000000          0.000000          0.000006          0.000000          0.000000          0.000000
varepsilon_Ystar            0.000000          0.000000          0.000000          0.000000          0.000000          0.000000
eps_Rc                      0.000000          0.000000          0.000000          0.000000          0.000000          0.000000
vol                         0.000000          0.000000          0.000000          0.000000          0.000000          0.000000

POLICY AND TRANSITION FUNCTIONS
                                logY           logPi            logR               R            logI            logL            logC           logEX            logM            logD       logD_star            logN          spread           logDC            logm        leverage              TB         logcryp            R_dc
Constant                    1.078514               0        0.014889        1.015000       -0.934265       -1.318428        0.715610       -0.714686       -0.772936        2.180622        0.165461        1.317398       -5.315441        0.771785        0.756338        1.378249        0.027690        0.027751        1.000000
R(-1)                      -3.492024       -1.027920        0.302840        0.307382       -3.391426       -5.049846       -4.121852       -1.921442       -4.811687       -7.717226       -1.882595      -13.554569       21.690495       -2.491673       -5.887563        5.147947        1.281094       -1.021338        0.307382
K(-1)                       0.011978       -0.004255       -0.000387       -0.000392       -0.028695        0.000187        0.015324        0.019089       -0.018840       -0.032578       -0.007371       -0.093326        0.242047        0.013151        0.017678        0.051472        0.018038        0.002656       -0.000392
K_b(-1)                     0.001320        0.001227        0.000791        0.000802        0.030793        0.003115        0.000788        0.005815       -0.001662        0.185643       -0.000650        0.334216       -0.555132        0.005093       -0.003876       -0.138817        0.003613       -0.002598        0.000802
D(-1)                      -0.001314       -0.001221       -0.000787       -0.000798       -0.030645       -0.003100       -0.000784       -0.005787        0.001654       -0.184748        0.000647       -0.332605        0.552457       -0.005069        0.003858        0.138148       -0.003596        0.002585       -0.000798
D_star(-1)                 -0.030221       -0.003275        0.000957        0.000971       -0.076488       -0.031333       -0.046348        0.035597       -0.077374       -0.393474        0.830549       -0.473621        0.765521       -0.041134       -0.051996        0.188954        0.053140       -0.005423        0.000971
A(-1)                       0.595802       -0.276109       -0.042172       -0.042805        1.274429       -0.174365        0.402523        0.953784       -1.186270        1.395776       -0.464134        2.101180       -2.414889        0.170539        0.653795       -0.685331        1.014379        0.181349       -0.042805
R_star(-1)                 -0.588736        0.547316        0.480175        0.487378       -3.727217        0.343010       -1.384490        4.719024       -4.261676       -6.331049       -0.667401       -9.445827       12.995728        1.230062       -4.216415        3.495501        4.276663       -1.657144        0.487378
Y_star(-1)                  0.546265        0.089488        0.006669        0.006769        0.152637        0.617927        0.424322        1.448439        1.249685        0.581622       -0.273808        0.854256       -1.364754        0.462496        0.382974       -0.349471        0.131863       -0.019581        0.006769
P_c(-1)                    -0.008137       -0.000809       -0.001269       -0.001288        0.035464       -0.014565       -0.008411       -0.016292       -0.003127        0.665876       -0.001224        0.087029       -0.559092       -0.015350       -0.000896        0.111054       -0.006529       -3.174369       -0.001288
theta_c(-1)                -0.001944       -0.000187       -0.000180       -0.000183        0.000357       -0.003002       -0.001975       -0.001875       -0.002127        0.078125       -0.000832        0.000380       -0.038306       -0.002961       -0.000906        0.012159        0.000064       -0.490167       -0.000183
cryp(-1)                   -0.001295       -0.001203       -0.000775       -0.000787       -0.030192       -0.003054       -0.000772       -0.005702        0.001630       -0.182018        0.000638       -0.327690        0.544293       -0.004994        0.003801        0.136106       -0.003543        0.002547       -0.000787
R_c(-1)                    -0.001331       -0.001237       -0.000797       -0.000809       -0.031041       -0.003140       -0.000794       -0.005862        0.001676       -0.187140        0.000656       -0.336911        0.559609       -0.005135        0.003908        0.139936       -0.003642        0.002619       -0.000809
epsilon(-1)                 0.260006        0.075993       -0.023135       -0.023482        0.233382        0.375215        0.307401        0.139766        0.360521        0.456134        0.141056        0.795871       -1.260414        0.182831        0.442327       -0.294562       -0.098043        0.077980       -0.023482
varepsilon_R               -4.415966       -1.290667        0.392932        0.398826       -3.963795       -6.372695       -5.220928       -2.373794       -6.123133       -7.747033       -2.395705      -13.517160       21.407011       -3.105224       -7.512530        5.002883        1.665174       -1.324427        0.398826
varepsilon_A                0.662002       -0.306788       -0.046858       -0.047561        1.416032       -0.193738        0.447248        1.059760       -1.318078        1.550863       -0.515704        2.334645       -2.683209        0.189487        0.726439       -0.761479        1.127087        0.201499       -0.047561
varepsilon_Rstar           -0.615144        0.612356        0.532293        0.540277       -4.042626        0.421566       -1.478498        5.197412       -4.635325       -6.526619       -1.813593       -9.884035       13.451597        1.419830       -4.617791        3.639997        4.683257       -1.834271        0.540277
varepsilon_Ystar            0.606962        0.099431        0.007410        0.007521        0.169597        0.686586        0.471469        1.609377        1.388539        0.646246       -0.304231        0.949174       -1.516394        0.513884        0.425527       -0.388301        0.146515       -0.021756        0.007521
vol                        -0.002046       -0.000197       -0.000189       -0.000192        0.000376       -0.003160       -0.002079       -0.001974       -0.002239        0.082237       -0.000876        0.000400       -0.040322       -0.003117       -0.000954        0.012799        0.000068       -0.515965       -0.000192


THEORETICAL MOMENTS
VARIABLE          MEAN  STD. DEV.   VARIANCE
logY            1.0785     0.0400     0.0016
logPi           0.0000     0.0057     0.0000
logR            0.0149     0.0047     0.0000
R               1.0150     0.0048     0.0000
logI           -0.9343     0.0506     0.0026
logL           -1.3184     0.0317     0.0010
logC            0.7156     0.0427     0.0018
logEX          -0.7147     0.0444     0.0020
logM           -0.7729     0.0381     0.0015
logD            2.1806     0.0785     0.0062
logD_star       0.1655     0.1849     0.0342
logN            1.3174     0.1237     0.0153
spread         -5.3154     0.1710     0.0293
logDC           0.7718     0.0245     0.0006
logm            0.7563     0.0679     0.0046
leverage        1.3782     0.0442     0.0020
TB              0.0277     0.0339     0.0012
logcryp         0.0278     0.0168     0.0003
R_dc            1.0000     0.0048     0.0000



VARIANCE DECOMPOSITION (in percent)
                 varepsilon_R      varepsilon_A  varepsilon_Rstar  varepsilon_Ystar            eps_Rc               vol
logY                     9.53             85.71              4.76              0.00              0.00              0.00
logPi                   41.68             40.22             18.11              0.00              0.00              0.00
logR                     5.37             39.74             54.89              0.00              0.00              0.00
R                        5.37             39.74             54.89              0.00              0.00              0.00
logI                     6.31             70.99             22.69              0.00              0.00              0.00
logL                    31.77             65.35              2.88              0.00              0.00              0.00
logC                    11.54             77.65             10.81              0.00              0.00              0.00
logEX                    4.09             61.77             34.14              0.00              0.00              0.00
logM                    20.67             15.09             64.24              0.00              0.00              0.00
logD                    31.10             44.90             24.00              0.00              0.00              0.00
logD_star                6.75              8.05             85.20              0.00              0.00              0.00
logN                    49.16             27.57             23.27              0.00              0.00              0.00
spread                  66.34             13.91             19.75              0.00              0.00              0.00
logDC                   12.82             79.71              7.47              0.00              0.00              0.00
logm                     9.38             65.34             25.28              0.00              0.00              0.00
leverage                61.84             15.75             22.42              0.00              0.00              0.00
TB                       3.56             34.67             61.77              0.00              0.00              0.00
logcryp                  4.76             44.93             50.31              0.00              0.00              0.00
R_dc                     5.37             39.74             54.89              0.00              0.00              0.00



MATRIX OF CORRELATIONS
Variables         logY      logPi       logR          R       logI       logL       logC      logEX       logM       logD  logD_star       logN     spread      logDC       logm   leverage         TB    logcryp       R_dc
logY            1.0000    -0.1789    -0.8055    -0.8055     0.9085     0.9266     0.9880     0.6671     0.2507     0.8069    -0.1181     0.6967    -0.5343     0.8857     0.9482    -0.5657     0.2972     0.8332    -0.8055
logPi          -0.1789     1.0000     0.3520     0.3520    -0.3958     0.1956    -0.1543     0.0199     0.1938    -0.2024    -0.0009    -0.1505     0.0429     0.0992    -0.2409     0.0918    -0.0877    -0.3687     0.3520
logR           -0.8055     0.3520     1.0000     1.0000    -0.9031    -0.7128    -0.8612    -0.1423    -0.6250    -0.7761    -0.1360    -0.7437     0.6128    -0.4624    -0.9477     0.6491     0.2329    -0.9982     1.0000
R              -0.8055     0.3520     1.0000     1.0000    -0.9031    -0.7128    -0.8612    -0.1423    -0.6250    -0.7761    -0.1360    -0.7437     0.6128    -0.4624    -0.9477     0.6491     0.2329    -0.9982     1.0000
logI            0.9085    -0.3958    -0.9031    -0.9031     1.0000     0.7700     0.9105     0.4251     0.3589     0.8635    -0.0381     0.7958    -0.6799     0.6488     0.9394    -0.7034     0.0861     0.9186    -0.9031
logL            0.9266     0.1956    -0.7128    -0.7128     0.7700     1.0000     0.9351     0.6144     0.3935     0.7448    -0.0924     0.6605    -0.5404     0.8908     0.8770    -0.5541     0.1894     0.7306    -0.7128
logC            0.9880    -0.1543    -0.8612    -0.8612     0.9105     0.9351     1.0000     0.5556     0.3901     0.8357    -0.1239     0.7174    -0.5557     0.8489     0.9784    -0.5881     0.1536     0.8838    -0.8612
logEX           0.6671     0.0199    -0.1423    -0.1423     0.4251     0.6144     0.5556     1.0000    -0.4836     0.3381    -0.0700     0.2985    -0.1876     0.8210     0.4070    -0.2033     0.8911     0.1856    -0.1423
logM            0.2507     0.1938    -0.6250    -0.6250     0.3589     0.3935     0.3901    -0.4836     1.0000     0.4323    -0.0209     0.3850    -0.3809     0.0316     0.4987    -0.3778    -0.8281     0.5942    -0.6250
logD            0.8069    -0.2024    -0.7761    -0.7761     0.8635     0.7448     0.8357     0.3381     0.4323     1.0000    -0.1176     0.9268    -0.8515     0.6507     0.8407    -0.8701    -0.0076     0.7923    -0.7761
logD_star      -0.1181    -0.0009    -0.1360    -0.1360    -0.0381    -0.0924    -0.1239    -0.0700    -0.0209    -0.1176     1.0000     0.2428    -0.2834    -0.3565    -0.0229    -0.2969    -0.0340     0.1000    -0.1360
logN            0.6967    -0.1505    -0.7437    -0.7437     0.7958     0.6605     0.7174     0.2985     0.3850     0.9268     0.2428     1.0000    -0.9687     0.4783     0.7530    -0.9831    -0.0085     0.7454    -0.7437
spread         -0.5343     0.0429     0.6128     0.6128    -0.6799    -0.5404    -0.5557    -0.1876    -0.3809    -0.8515    -0.2834    -0.9687     1.0000    -0.3326    -0.5981     0.9965     0.0774    -0.6061     0.6128
logDC           0.8857     0.0992    -0.4624    -0.4624     0.6488     0.8908     0.8489     0.8210     0.0316     0.6507    -0.3565     0.4783    -0.3326     1.0000     0.7213    -0.3514     0.5094     0.5036    -0.4624
logm            0.9482    -0.2409    -0.9477    -0.9477     0.9394     0.8770     0.9784     0.4070     0.4987     0.8407    -0.0229     0.7530    -0.5981     0.7213     1.0000    -0.6332     0.0021     0.9612    -0.9477
leverage       -0.5657     0.0918     0.6491     0.6491    -0.7034    -0.5541    -0.5881    -0.2033    -0.3778    -0.8701    -0.2969    -0.9831     0.9965    -0.3514    -0.6332     1.0000     0.0657    -0.6441     0.6491
TB              0.2972    -0.0877     0.2329     0.2329     0.0861     0.1894     0.1536     0.8911    -0.8281    -0.0076    -0.0340    -0.0085     0.0774     0.5094     0.0021     0.0657     1.0000    -0.1892     0.2329
logcryp         0.8332    -0.3687    -0.9982    -0.9982     0.9186     0.7306     0.8838     0.1856     0.5942     0.7923     0.1000     0.7454    -0.6061     0.5036     0.9612    -0.6441    -0.1892     1.0000    -0.9982
R_dc           -0.8055     0.3520     1.0000     1.0000    -0.9031    -0.7128    -0.8612    -0.1423    -0.6250    -0.7761    -0.1360    -0.7437     0.6128    -0.4624    -0.9477     0.6491     0.2329    -0.9982     1.0000



COEFFICIENTS OF AUTOCORRELATION
Order             1       2       3       4       5
logY         0.9253  0.8554  0.7911  0.7323  0.6788
logPi        0.5400  0.3218  0.2150  0.1599  0.1290
logR         0.9164  0.8354  0.7597  0.6902  0.6270
R            0.9164  0.8354  0.7597  0.6902  0.6270
logI         0.9127  0.8233  0.7381  0.6593  0.5875
logL         0.7945  0.6755  0.5986  0.5429  0.4988
logC         0.9155  0.8436  0.7805  0.7242  0.6735
logEX        0.9123  0.8305  0.7553  0.6869  0.6249
logM         0.7473  0.5970  0.4970  0.4234  0.3646
logD         0.9240  0.8547  0.7915  0.7339  0.6814
logD_star    0.9981  0.9940  0.9885  0.9819  0.9744
logN         0.9215  0.8505  0.7861  0.7273  0.6737
spread       0.9155  0.8402  0.7721  0.7101  0.6536
logDC        0.9064  0.8380  0.7832  0.7367  0.6959
logm         0.9172  0.8419  0.7737  0.7118  0.6558
leverage     0.9207  0.8486  0.7828  0.7227  0.6677
TB           0.8623  0.7555  0.6673  0.5915  0.5251
logcryp      0.9213  0.8430  0.7690  0.7007  0.6382
R_dc         0.9164  0.8354  0.7597  0.6902  0.6270
Total computing time : 0h00m00s
