Starting Dynare (version 4.4.3).
Starting preprocessing of the model file ...
Found 57 equation(s).
Evaluating expressions...done
Computing static model derivatives:
 - order 1
Computing dynamic model derivatives:
 - order 1
 - order 2
Processing outputs ...done
Preprocessing completed.
Starting MATLAB/Octave computing.

<a href = "matlab: helpview([docroot '/toolbox/optim/msg_csh/optim_msg_csh.map'],'eqn_inaccuracy','CSHelpWindow');">Equation solved, inaccuracy possible</a>.

The vector of function values is near zero, as measured by the selected value
of the <a href = "matlab: helpview([docroot '/toolbox/optim/msg_csh/optim_msg_csh.map'],'fcn_tolerance_fsolve','CSHelpWindow');">function tolerance</a>. However, the <a href = "matlab: helpview([docroot '/toolbox/optim/msg_csh/optim_msg_csh.map'],'last_step_ineffective','CSHelpWindow');">last step was ineffective</a>.

<<a href = "matlab: createExitMsg('trustnleqn',3.000000e+00,true,true,'fsolve',5.972442e-17,'selected',2.220446e-16,5.916457e-31,'selected',1.000000e-09,5.916457e-31,'selected',1.000000e-09);">stopping criteria details</a>>


<a href = "matlab: helpview([docroot '/toolbox/optim/msg_csh/optim_msg_csh.map'],'eqn_inaccuracy','CSHelpWindow');">Equation solved, inaccuracy possible</a>.

The vector of function values is near zero, as measured by the selected value
of the <a href = "matlab: helpview([docroot '/toolbox/optim/msg_csh/optim_msg_csh.map'],'fcn_tolerance_fsolve','CSHelpWindow');">function tolerance</a>. However, the <a href = "matlab: helpview([docroot '/toolbox/optim/msg_csh/optim_msg_csh.map'],'last_step_ineffective','CSHelpWindow');">last step was ineffective</a>.

<<a href = "matlab: createExitMsg('trustnleqn',3.000000e+00,true,true,'fsolve',5.972442e-17,'selected',2.220446e-16,5.916457e-31,'selected',1.000000e-09,5.916457e-31,'selected',1.000000e-09);">stopping criteria details</a>>


<a href = "matlab: helpview([docroot '/toolbox/optim/msg_csh/optim_msg_csh.map'],'eqn_inaccuracy','CSHelpWindow');">Equation solved, inaccuracy possible</a>.

The vector of function values is near zero, as measured by the selected value
of the <a href = "matlab: helpview([docroot '/toolbox/optim/msg_csh/optim_msg_csh.map'],'fcn_tolerance_fsolve','CSHelpWindow');">function tolerance</a>. However, the <a href = "matlab: helpview([docroot '/toolbox/optim/msg_csh/optim_msg_csh.map'],'last_step_ineffective','CSHelpWindow');">last step was ineffective</a>.

<<a href = "matlab: createExitMsg('trustnleqn',3.000000e+00,true,true,'fsolve',5.972442e-17,'selected',2.220446e-16,5.916457e-31,'selected',1.000000e-09,5.916457e-31,'selected',1.000000e-09);">stopping criteria details</a>>


<a href = "matlab: helpview([docroot '/toolbox/optim/msg_csh/optim_msg_csh.map'],'eqn_inaccuracy','CSHelpWindow');">Equation solved, inaccuracy possible</a>.

The vector of function values is near zero, as measured by the selected value
of the <a href = "matlab: helpview([docroot '/toolbox/optim/msg_csh/optim_msg_csh.map'],'fcn_tolerance_fsolve','CSHelpWindow');">function tolerance</a>. However, the <a href = "matlab: helpview([docroot '/toolbox/optim/msg_csh/optim_msg_csh.map'],'last_step_ineffective','CSHelpWindow');">last step was ineffective</a>.

<<a href = "matlab: createExitMsg('trustnleqn',3.000000e+00,true,true,'fsolve',5.972442e-17,'selected',2.220446e-16,5.916457e-31,'selected',1.000000e-09,5.916457e-31,'selected',1.000000e-09);">stopping criteria details</a>>


<a href = "matlab: helpview([docroot '/toolbox/optim/msg_csh/optim_msg_csh.map'],'eqn_inaccuracy','CSHelpWindow');">Equation solved, inaccuracy possible</a>.

The vector of function values is near zero, as measured by the selected value
of the <a href = "matlab: helpview([docroot '/toolbox/optim/msg_csh/optim_msg_csh.map'],'fcn_tolerance_fsolve','CSHelpWindow');">function tolerance</a>. However, the <a href = "matlab: helpview([docroot '/toolbox/optim/msg_csh/optim_msg_csh.map'],'last_step_ineffective','CSHelpWindow');">last step was ineffective</a>.

<<a href = "matlab: createExitMsg('trustnleqn',3.000000e+00,true,true,'fsolve',5.972442e-17,'selected',2.220446e-16,5.916457e-31,'selected',1.000000e-09,5.916457e-31,'selected',1.000000e-09);">stopping criteria details</a>>


<a href = "matlab: helpview([docroot '/toolbox/optim/msg_csh/optim_msg_csh.map'],'eqn_inaccuracy','CSHelpWindow');">Equation solved, inaccuracy possible</a>.

The vector of function values is near zero, as measured by the selected value
of the <a href = "matlab: helpview([docroot '/toolbox/optim/msg_csh/optim_msg_csh.map'],'fcn_tolerance_fsolve','CSHelpWindow');">function tolerance</a>. However, the <a href = "matlab: helpview([docroot '/toolbox/optim/msg_csh/optim_msg_csh.map'],'last_step_ineffective','CSHelpWindow');">last step was ineffective</a>.

<<a href = "matlab: createExitMsg('trustnleqn',3.000000e+00,true,true,'fsolve',5.972442e-17,'selected',2.220446e-16,5.916457e-31,'selected',1.000000e-09,5.916457e-31,'selected',1.000000e-09);">stopping criteria details</a>>


<a href = "matlab: helpview([docroot '/toolbox/optim/msg_csh/optim_msg_csh.map'],'eqn_inaccuracy','CSHelpWindow');">Equation solved, inaccuracy possible</a>.

The vector of function values is near zero, as measured by the selected value
of the <a href = "matlab: helpview([docroot '/toolbox/optim/msg_csh/optim_msg_csh.map'],'fcn_tolerance_fsolve','CSHelpWindow');">function tolerance</a>. However, the <a href = "matlab: helpview([docroot '/toolbox/optim/msg_csh/optim_msg_csh.map'],'last_step_ineffective','CSHelpWindow');">last step was ineffective</a>.

<<a href = "matlab: createExitMsg('trustnleqn',3.000000e+00,true,true,'fsolve',5.972442e-17,'selected',2.220446e-16,5.916457e-31,'selected',1.000000e-09,5.916457e-31,'selected',1.000000e-09);">stopping criteria details</a>>


<a href = "matlab: helpview([docroot '/toolbox/optim/msg_csh/optim_msg_csh.map'],'eqn_inaccuracy','CSHelpWindow');">Equation solved, inaccuracy possible</a>.

The vector of function values is near zero, as measured by the selected value
of the <a href = "matlab: helpview([docroot '/toolbox/optim/msg_csh/optim_msg_csh.map'],'fcn_tolerance_fsolve','CSHelpWindow');">function tolerance</a>. However, the <a href = "matlab: helpview([docroot '/toolbox/optim/msg_csh/optim_msg_csh.map'],'last_step_ineffective','CSHelpWindow');">last step was ineffective</a>.

<<a href = "matlab: createExitMsg('trustnleqn',3.000000e+00,true,true,'fsolve',5.972442e-17,'selected',2.220446e-16,5.916457e-31,'selected',1.000000e-09,5.916457e-31,'selected',1.000000e-09);">stopping criteria details</a>>


<a href = "matlab: helpview([docroot '/toolbox/optim/msg_csh/optim_msg_csh.map'],'eqn_inaccuracy','CSHelpWindow');">Equation solved, inaccuracy possible</a>.

The vector of function values is near zero, as measured by the selected value
of the <a href = "matlab: helpview([docroot '/toolbox/optim/msg_csh/optim_msg_csh.map'],'fcn_tolerance_fsolve','CSHelpWindow');">function tolerance</a>. However, the <a href = "matlab: helpview([docroot '/toolbox/optim/msg_csh/optim_msg_csh.map'],'last_step_ineffective','CSHelpWindow');">last step was ineffective</a>.

<<a href = "matlab: createExitMsg('trustnleqn',3.000000e+00,true,true,'fsolve',5.972442e-17,'selected',2.220446e-16,5.916457e-31,'selected',1.000000e-09,5.916457e-31,'selected',1.000000e-09);">stopping criteria details</a>>


STEADY-STATE RESULTS:

lambda      		 1.00448
c           		 0.995537
h           		 0.333333
inv         		 0.483438
y           		 1.47898
k           		 19.3375
ne          		 0.561516
atilde      		 1.02451
b           		 0.882083
nc          		 0.397889
Hc          		 0.414079
bc          		 0.590703
Fc          		 0.0396601
vc          		 -1.75464
H1c         		 -0.96034
Gc          		 0.584204
omegacbar   		 0.58831
rc          		 1.00168
G1c         		 0.935278
ns          		 0.163626
Hs          		 0.369976
bs          		 0.29138
Fs          		 0.0691136
vs          		 -1.48243
H1s         		 -0.930886
Gs          		 0.626241
omegasbar   		 0.634905
rs          		 1.00188
G1s         		 0.884826
dc          		 0.531633
kb          		 0.0590703
rcl         		 1.00168
w           		 2.66084
rp          		 1.00188
q           		 1
rk          		 0.026875
a           		 1
vk          		 10
gdp         		 1.47898
sigma       		 0.28
utility     		 -0.450001
totutility  		 -240.451
fshock      		 1
ai          		 1
bsshare     		 0.330331
levtot      		 1.5709
levs        		 1.78076
levc        		 1.48459
car         		 0.1
lnb         		 -0.125469
zs          		 1.01574
zc          		 1.00872
lngdp       		 0.39135
Ftot        		 0.0493895
bty         		 0.596415
dcar        		 0
totutility1 		 -240.415

<a href = "matlab: helpview([docroot '/toolbox/optim/msg_csh/optim_msg_csh.map'],'eqn_inaccuracy','CSHelpWindow');">Equation solved, inaccuracy possible</a>.

The vector of function values is near zero, as measured by the selected value
of the <a href = "matlab: helpview([docroot '/toolbox/optim/msg_csh/optim_msg_csh.map'],'fcn_tolerance_fsolve','CSHelpWindow');">function tolerance</a>. However, the <a href = "matlab: helpview([docroot '/toolbox/optim/msg_csh/optim_msg_csh.map'],'last_step_ineffective','CSHelpWindow');">last step was ineffective</a>.

<<a href = "matlab: createExitMsg('trustnleqn',3.000000e+00,true,true,'fsolve',5.972442e-17,'selected',2.220446e-16,5.916457e-31,'selected',1.000000e-09,5.916457e-31,'selected',1.000000e-09);">stopping criteria details</a>>





Residuals of the static equations:

Equation number 1 : 0
Equation number 2 : 0
Equation number 3 : 0
Equation number 4 : 0
Equation number 5 : 0
Equation number 6 : 0
Equation number 7 : 0
Equation number 8 : 0
Equation number 9 : 0
Equation number 10 : 0
Equation number 11 : 0
Equation number 12 : 0
Equation number 13 : 0
Equation number 14 : 0
Equation number 15 : 0
Equation number 16 : 0
Equation number 17 : 0
Equation number 18 : 0
Equation number 19 : 0
Equation number 20 : 0
Equation number 21 : 0
Equation number 22 : 0
Equation number 23 : 0
Equation number 24 : 0
Equation number 25 : 0
Equation number 26 : 0
Equation number 27 : 0
Equation number 28 : 0
Equation number 29 : 0
Equation number 30 : 0
Equation number 31 : 0
Equation number 32 : 0
Equation number 33 : 0
Equation number 34 : 0
Equation number 35 : 0
Equation number 36 : 0
Equation number 37 : 0
Equation number 38 : 0
Equation number 39 : 0
Equation number 40 : 0
Equation number 41 : 0
Equation number 42 : 0
Equation number 43 : 0
Equation number 44 : 0
Equation number 45 : 0
Equation number 46 : 0
Equation number 47 : 0
Equation number 48 : 0
Equation number 49 : 0
Equation number 50 : 0
Equation number 51 : 0
Equation number 52 : 0
Equation number 53 : 0
Equation number 54 : 0
Equation number 55 : 0
Equation number 56 : 0
Equation number 57 : 0



<a href = "matlab: helpview([docroot '/toolbox/optim/msg_csh/optim_msg_csh.map'],'eqn_inaccuracy','CSHelpWindow');">Equation solved, inaccuracy possible</a>.

The vector of function values is near zero, as measured by the selected value
of the <a href = "matlab: helpview([docroot '/toolbox/optim/msg_csh/optim_msg_csh.map'],'fcn_tolerance_fsolve','CSHelpWindow');">function tolerance</a>. However, the <a href = "matlab: helpview([docroot '/toolbox/optim/msg_csh/optim_msg_csh.map'],'last_step_ineffective','CSHelpWindow');">last step was ineffective</a>.

<<a href = "matlab: createExitMsg('trustnleqn',3.000000e+00,true,true,'fsolve',5.972442e-17,'selected',2.220446e-16,5.916457e-31,'selected',1.000000e-09,5.916457e-31,'selected',1.000000e-09);">stopping criteria details</a>>


EIGENVALUES:
         Modulus             Real        Imaginary

               0               -0                0
               0                0                0
       4.041e-16       -4.041e-16                0
        0.005141        -0.005141                0
          0.6758           0.6758                0
          0.7931           0.7931                0
            0.82             0.82                0
          0.8969           0.8969                0
            0.91             0.91                0
            0.95             0.95                0
          0.9673           0.9673                0
            0.97             0.97                0
          0.9999           0.9999                0
           1.002            1.002                0
           1.002            1.002                0
           1.038            1.038                0
           1.397            1.397                0
           1.786           -1.786                0
       3.313e+16       -3.313e+16                0
             Inf             -Inf                0


There are 7 eigenvalue(s) larger than 1 in modulus 
for 7 forward-looking variable(s)

The rank condition is verified.


<a href = "matlab: helpview([docroot '/toolbox/optim/msg_csh/optim_msg_csh.map'],'eqn_inaccuracy','CSHelpWindow');">Equation solved, inaccuracy possible</a>.

The vector of function values is near zero, as measured by the selected value
of the <a href = "matlab: helpview([docroot '/toolbox/optim/msg_csh/optim_msg_csh.map'],'fcn_tolerance_fsolve','CSHelpWindow');">function tolerance</a>. However, the <a href = "matlab: helpview([docroot '/toolbox/optim/msg_csh/optim_msg_csh.map'],'last_step_ineffective','CSHelpWindow');">last step was ineffective</a>.

<<a href = "matlab: createExitMsg('trustnleqn',3.000000e+00,true,true,'fsolve',5.972442e-17,'selected',2.220446e-16,5.916457e-31,'selected',1.000000e-09,5.916457e-31,'selected',1.000000e-09);">stopping criteria details</a>>

[¾¯¸æ: Aggregate variance and sum of variances by shocks differ by more than 0.01 %] 
[> In <a href="matlab:matlab.internal.language.introspective.errorDocCallback('th_autocovariances', 'D:\dynare\4.4.3\matlab\th_autocovariances.m', 198)" style="font-weight:bold">th_autocovariances</a> (<a href="matlab: opentoline('D:\dynare\4.4.3\matlab\th_autocovariances.m',198,0)">line 198</a>)
  In <a href="matlab:matlab.internal.language.introspective.errorDocCallback('disp_th_moments', 'D:\dynare\4.4.3\matlab\disp_th_moments.m', 37)" style="font-weight:bold">disp_th_moments</a> (<a href="matlab: opentoline('D:\dynare\4.4.3\matlab\disp_th_moments.m',37,0)">line 37</a>)
  In <a href="matlab:matlab.internal.language.introspective.errorDocCallback('stoch_simul', 'D:\dynare\4.4.3\matlab\stoch_simul.m', 164)" style="font-weight:bold">stoch_simul</a> (<a href="matlab: opentoline('D:\dynare\4.4.3\matlab\stoch_simul.m',164,0)">line 164</a>)
  In <a href="matlab:matlab.internal.language.introspective.errorDocCallback('policy_sb_sepa', 'D:\Anita\researches\Shadow banking project\shadow banking draft 20171025\organized codes\policy_sb_sepa.m', 508)" style="font-weight:bold">policy_sb_sepa</a> (<a href="matlab: opentoline('D:\Anita\researches\Shadow banking project\shadow banking draft 20171025\organized codes\policy_sb_sepa.m',508,0)">line 508</a>)
  In <a href="matlab:matlab.internal.language.introspective.errorDocCallback('dynare', 'D:\dynare\4.4.3\matlab\dynare.m', 180)" style="font-weight:bold">dynare</a> (<a href="matlab: opentoline('D:\dynare\4.4.3\matlab\dynare.m',180,0)">line 180</a>)
  In <a href="matlab:matlab.internal.language.introspective.errorDocCallback('opt_rule', 'D:\Anita\researches\Shadow banking project\shadow banking draft 20171025\organized codes\opt_rule.m', 23)" style="font-weight:bold">opt_rule</a> (<a href="matlab: opentoline('D:\Anita\researches\Shadow banking project\shadow banking draft 20171025\organized codes\opt_rule.m',23,0)">line 23</a>)] 
Total computing time : 0h00m03s
Note: warning(s) encountered in MATLAB/Octave code
