Starting Dynare (version 5.1).
Calling Dynare with arguments: none
Starting preprocessing of the model file ...
Found 64 equation(s).
Evaluating expressions...done
Computing static model derivatives (order 1).
Computing dynamic model derivatives (order 1).
Processing outputs ...
done
Preprocessing completed.


STEADY-STATE RESULTS:

mc        		 0.888889
Pi        		 1
Z         		 0.0393545
w         		 5.09951
R         		 1.015
epsilon   		 1.03163
Q         		 1
Y         		 2.98667
M         		 0.463214
L         		 0.270713
C         		 1.99429
I         		 0.404754
K         		 20.2377
EX        		 0.534767
N         		 3.93239
K_b       		 15.8305
K_h       		 4.40724
D         		 3.58917
D_star    		 8.0962
x         		 0.52761
psi       		 1.61429
phi       		 4.02566
upsilon   		 1.57743
mu        		 0.0067674
mu_star   		 0.0127243
A         		 1
R_star    		 1.00681
Y_star    		 0.518369
Phi       		 0
Theta     		 0.401
chi_h     		 0.00945384
chi_b     		 0.0434066
Ynet      		 2.45594
P_c       		 1
R_dc      		 1
theta_c   		 1
cryp      		 0
DC        		 2.10997
m         		 2.07671
R_c       		 1
Lambda    		 0.985222
gam       		 0.0313806
trs       		 0.496027
Lambda1   		 1.01147
sigma_Rc  		 0
mu_cryp   		 0.0233118
x_c       		 0
DE        		 1
logY      		 1.09416
logPi     		 0
logR      		 0.0148886
logI      		 -0.904476
logL      		 -1.30669
logC      		 0.690286
logEX     		 -0.625924
logM      		 -0.769567
logD      		 1.27792
logD_star 		 2.09139
logN      		 1.36925
spread    		 -5.43655
logDC     		 0.746676
logm      		 0.730783
leverage  		 1.39269
TB        		 -2.63731

EIGENVALUES:
         Modulus             Real        Imaginary

       3.517e-16        3.517e-16                0
       4.602e-16        4.602e-16                0
       1.191e-15       -1.191e-15                0
          0.4496           0.4496                0
             0.9              0.9                0
             0.9              0.9                0
          0.9326           0.9326                0
            0.95             0.95                0
            0.95             0.95                0
            0.95             0.95                0
          0.9772           0.9772                0
          0.9841           0.9841                0
            1.02             1.02                0
           1.041            1.041                0
           1.074            1.074                0
           1.153            1.153                0
           1.626            1.626                0
             Inf             -Inf                0
             Inf             -Inf                0


There are 7 eigenvalue(s) larger than 1 in modulus 
for 7 forward-looking variable(s)

The rank condition is verified.

MODEL_DIAGNOSTICS:  The Jacobian of the static model is singular
MODEL_DIAGNOSTICS:  there is 2 colinear relationships between the variables and the equations
Relation 1
Colinear variables:
Z
w
epsilon
Y
M
L
C
I
K
EX
N
K_b
K_h
D
D_star
x
psi
phi
upsilon
mu
mu_star
R_star
Y_star
chi_h
chi_b
Ynet
DC
m
gam
trs
Lambda1
mu_cryp
logY
logI
logL
logC
logEX
logM
logD
logD_star
logN
spread
logDC
logm
leverage
TB
Relation 2
Colinear variables:
Z
w
epsilon
Y
M
L
C
I
K
EX
N
K_b
K_h
D
D_star
x
psi
phi
upsilon
mu
mu_star
R_star
Y_star
chi_h
chi_b
Ynet
DC
m
gam
Lambda1
mu_cryp
logY
logI
logL
logC
logEX
logM
logD
logD_star
logN
spread
logDC
logm
leverage
TB
Relation 1
Colinear equations
    46    47

Relation 2
Colinear equations
    46    47

MODEL_DIAGNOSTICS:  The presence of a singularity problem typically indicates that there is one
MODEL_DIAGNOSTICS:  redundant equation entered in the model block, while another non-redundant equation
MODEL_DIAGNOSTICS:  is missing. The problem often derives from Walras Law.

MODEL SUMMARY

  Number of variables:         64
  Number of stochastic shocks: 6
  Number of state variables:   12
  Number of jumpers:           7
  Number of static variables:  46


MATRIX OF COVARIANCE OF EXOGENOUS SHOCKS
Variables               varepsilon_R      varepsilon_A  varepsilon_Rstar  varepsilon_Ystar            eps_Rc               vol
varepsilon_R                0.000006          0.000000          0.000000          0.000000          0.000000          0.000000
varepsilon_A                0.000000          0.000100          0.000000          0.000000          0.000000          0.000000
varepsilon_Rstar            0.000000          0.000000          0.000006          0.000000          0.000000          0.000000
varepsilon_Ystar            0.000000          0.000000          0.000000          0.000000          0.000000          0.000000
eps_Rc                      0.000000          0.000000          0.000000          0.000000          0.000000          0.000000
vol                         0.000000          0.000000          0.000000          0.000000          0.000000          0.000000

POLICY AND TRANSITION FUNCTIONS
                                  mc              Pi               Z               w               R         epsilon               Q               Y               M               L               C               I               K              EX               N             K_b             K_h               D          D_star               x             psi             phi         upsilon              mu         mu_star               A          R_star          Y_star             Phi           Theta           chi_h           chi_b            Ynet             P_c            R_dc         theta_c            cryp              DC               m             R_c          Lambda             gam             trs         Lambda1        sigma_Rc         mu_cryp             x_c              DE            logY           logPi            logR            logI            logL            logC           logEX            logM            logD       logD_star            logN          spread           logDC            logm        leverage              TB
Constant                    0.888889        1.000000        0.039354        5.099506        1.015000        1.031634        1.000000        2.986667        0.463214        0.270713        1.994286        0.404754       20.237705        0.534767        3.932393       15.830465        4.407240        3.589170        8.096196        0.527610        1.614289        4.025657        1.577431        0.006767        0.012724        1.000000        1.006813        0.518369               0        0.401000        0.009454        0.043407        2.455940        1.000000        1.000000        1.000000               0        2.109974        2.076705        1.000000        0.985222        0.031381        0.496027        1.011473               0        0.023312               0        1.000000        1.094158               0        0.014889       -0.904476       -1.306695        0.690286       -0.625924       -0.769567        1.277921        2.091395        1.369248       -5.436547        0.746676        0.730783        1.392688       -2.637309
R(-1)                      -2.898637       -1.002489       -0.272662       -8.832797        0.338357       -1.614930       -1.959711      -10.953271       -2.484190       -1.406699       -9.142567       -1.189802       -1.189802       -0.837130      -27.268370      -42.412236       41.222434      -30.490619       -2.484190        1.459695        3.705488        9.240617        3.228040        0.090807        0.039781               0               0               0               0               0        0.177406        0.038822       -7.858668               0               0               0               0       -9.468766       -9.737961               0       -0.771361        0.740753       -0.050376        1.400728               0        0.565781               0       -2.567899       -3.667389       -1.002489        0.333357       -2.939567       -5.196267       -4.584382       -1.565410       -5.362945       -8.495173       -0.306834       -6.934295       12.154779       -4.487622       -4.689139        2.295431       23.018547
K(-1)                      -0.009301       -0.003575       -0.001903        0.001361        0.000013        0.022357       -0.023310        0.034441       -0.009544        0.000217        0.025734       -0.014152        0.965848        0.011589       -0.549464       -0.680665        1.646512       -0.666719       -0.009544        0.045797        0.118521        0.295564        0.103607        0.002808        0.001284               0               0               0               0               0        0.006613        0.004657        0.022661               0               0               0               0        0.027099        0.026934               0       -0.001793       -0.000779        0.000032       -0.026005               0        0.001552               0        0.018096        0.011531       -0.003575        0.000013       -0.034965        0.000801        0.012904        0.021672       -0.020604       -0.185758       -0.001179       -0.139728        0.350998        0.012843        0.012970        0.073420        0.295350
K_b(-1)                    -0.000601       -0.000559        0.000012        0.000385       -0.000477       -0.004621        0.027843        0.002922        0.002215        0.000061        0.009569        0.016905        0.016905       -0.002395        1.400387        2.793946       -2.777041        1.860223        0.002215       -0.110028       -0.245018       -0.611017       -0.214936       -0.005380       -0.003214               0               0               0               0               0       -0.011922       -0.009235        0.023934               0               0               0               0        0.009745        0.010367               0        0.000020       -0.001256        0.000093       -0.008810               0       -0.003907               0       -0.005038        0.000978       -0.000559       -0.000470        0.041765        0.000226        0.004798       -0.004479        0.004781        0.518288        0.000274        0.356116       -0.658808        0.004619        0.004992       -0.151781       -0.064423
D(-1)                       0.000599        0.000557       -0.000012       -0.000383        0.000475        0.004601       -0.027724       -0.002909       -0.002205       -0.000061       -0.009528       -0.016832       -0.016832        0.002385       -1.394405       -2.782011        2.765178       -1.852277       -0.002205        0.109558        0.243971        0.608407        0.214018        0.005357        0.003200               0               0               0               0               0        0.011871        0.009195       -0.023832               0               0               0               0       -0.009704       -0.010323               0       -0.000020        0.001251       -0.000093        0.008772               0        0.003890               0        0.005017       -0.000974        0.000557        0.000468       -0.041587       -0.000225       -0.004778        0.004460       -0.004760       -0.516074       -0.000272       -0.354595        0.655994       -0.004599       -0.004971        0.151132        0.064148
D_star(-1)                 -0.002284        0.000672       -0.000907       -0.029394        0.002731        0.042095       -0.057194       -0.061187       -0.029581       -0.004681       -0.092195       -0.034724       -0.034724        0.021821       -2.149334       -3.916516        3.881792       -3.994302        0.977232        0.245921        0.390615        0.974103        0.342175        0.007827        0.007262               0               0               0               0               0        0.016670        0.027242       -0.094081               0               0               0               0       -0.095408       -0.098281               0       -0.001537        0.007694       -0.000527        0.066611               0        0.009238               0        0.041476       -0.020487        0.000672        0.002690       -0.085791       -0.017292       -0.046230        0.040804       -0.063860       -1.112876        0.120703       -0.546572        0.941247       -0.045218       -0.047325        0.241974        0.718363
A(-1)                      -0.568373       -0.220119        0.009422        0.305228       -0.010183        1.189993        0.914298        2.624796       -0.423417        0.048610        1.396086        0.555099        0.555099        0.616856        3.684067        0.182019        0.373080        1.829524       -0.423417        0.092548       -0.017846       -0.044505       -0.002032       -0.005809        0.004390        0.950000               0               0               0               0        0.001341        0.055413        2.453631               0               0               0               0        1.464774        1.466890               0       -0.100515       -0.057927        0.003035       -1.190789               0       -0.015622               0        0.933384        0.878838       -0.220119       -0.010033        1.371447        0.179563        0.700043        1.153503       -0.914085        0.509735       -0.052298        0.936851       -0.755053        0.694214        0.706354       -0.011055       14.538371
R_star(-1)                  0.834097        0.611557       -0.040154       -1.300781        0.689380        7.892548       -6.125391       -5.849921       -4.016458       -0.207161       -9.121836       -3.718916       -3.718916        4.091255     -156.706356     -275.877241      272.158325     -282.516839        4.079738       16.728826       26.309278       65.609172       22.935002        0.558995        0.481960               0        0.900000               0               0               0        1.169335        1.730241       -8.261920               0               0               0               0       -9.138514      -10.044914               0       -0.218614        1.641843       -0.126453        7.129649               0        1.394487               0        8.262091       -1.958678        0.611557        0.679193       -9.188087       -0.765240       -4.573987        7.650534       -8.670854      -78.713700        0.503908      -39.850129       68.283604       -4.331103       -4.836947       16.297755      113.309671
Y_star(-1)                  0.228198        0.077675        0.030679        0.993841        0.001828       -0.449832        0.137890        1.561535        0.563081        0.158278        0.903777        0.083717        0.083717        0.695291        6.195208       10.540009      -10.456292       10.440818       -0.336919       -0.676052       -1.245802       -3.106737       -1.106382       -0.021764       -0.021454               0               0        0.900000               0               0       -0.044898       -0.076352        1.310260               0               0               0               0        0.961236        0.935767               0        0.031849        0.000489       -0.001242       -0.105588               0       -0.013552               0       -0.358363        0.522835        0.077675        0.001801        0.206835        0.584669        0.453183        1.300175        1.215597        2.908979       -0.041614        1.575430       -2.546880        0.455568        0.450601       -0.771734        1.847706
P_c(-1)                            0               0               0               0               0               0               0               0               0               0               0               0               0               0               0               0               0               0               0               0               0               0               0               0               0               0               0               0               0               0               0               0               0               0               0               0               0               0               0       -1.000000               0               0               0               0               0        1.554119               0               0               0               0               0               0               0               0               0               0               0               0               0               0               0               0               0               0
theta_c(-1)                        0               0               0               0               0               0               0               0               0               0               0               0               0               0               0               0               0               0               0               0               0               0               0               0               0               0               0               0               0               0               0               0               0       -0.154393               0        0.950000               0               0               0       -0.154393               0               0               0               0               0        0.239945               0               0               0               0               0               0               0               0               0               0               0               0               0               0               0               0               0               0
sigma_Rc(-1)                       0               0               0               0               0               0               0               0               0               0               0               0               0               0               0               0               0               0               0               0               0               0               0               0               0               0               0               0               0               0               0               0               0               0               0               0               0               0               0               0               0               0               0               0        0.950000               0               0               0               0               0               0               0               0               0               0               0               0               0               0               0               0               0               0               0
epsilon(-1)                 0.214049        0.074120        0.020117        0.651679       -0.024844        0.120367        0.137374        0.807491        0.182735        0.103785        0.672151        0.083404        0.083404        0.062395        1.648306        2.403710       -2.320306        1.766604        0.182735       -0.079125       -0.209770       -0.523118       -0.182355       -0.005303       -0.002100               0               0               0               0               0       -0.009993       -0.000465        0.573678               0               0               0               0        0.696175        0.715878               0        0.056914       -0.054334        0.003693       -0.101072               0       -0.040734               0       -0.778540        0.270365        0.074120       -0.024477        0.206061        0.383378        0.337038        0.116676        0.394494        0.492204        0.022570        0.419161       -0.725739        0.329945        0.344718       -0.129946       -1.681817
varepsilon_R               -3.680332       -1.274406       -0.345887      -11.204893        0.427159       -2.069584       -2.361999      -13.883911       -3.141923       -1.784475      -11.556886       -1.434043       -1.434043       -1.072809      -28.340799      -41.329139       39.895096      -30.374803       -3.141923        1.360461        3.606770        8.994438        3.135391        0.091175        0.036114               0               0               0               0               0        0.171826        0.008001       -9.863765               0               0               0               0      -11.969961      -12.308725               0       -0.978575        0.934217       -0.063498        1.737816               0        0.700382               0       -3.280529       -4.648630       -1.274406        0.420847       -3.542998       -6.591752       -5.795000       -2.006123       -6.782880       -8.462905       -0.388074       -7.207011       12.478285       -5.673037       -5.927044        2.234278       28.916983
varepsilon_A               -0.598287       -0.231704        0.009918        0.321293       -0.010719        1.252624        0.962419        2.762943       -0.445702        0.051169        1.469565        0.584315        0.584315        0.649322        3.877965        0.191598        0.392716        1.925815       -0.445702        0.097418       -0.018786       -0.046847       -0.002139       -0.006115        0.004621        1.000000               0               0               0               0        0.001412        0.058330        2.582770               0               0               0               0        1.541867        1.544095               0       -0.105805       -0.060975        0.003195       -1.253462               0       -0.016444               0        0.982510        0.925092       -0.231704       -0.010561        1.443628        0.189014        0.736888        1.214214       -0.962195        0.536563       -0.055051        0.986159       -0.794792        0.730752        0.743531       -0.011637       15.303549
varepsilon_Rstar            0.947181        0.673502       -0.036509       -1.182684        0.741581        8.393385       -6.294966       -5.953213       -4.198430       -0.188352       -9.311619       -3.821870       -3.821870        4.350874     -154.914076     -271.536568      267.714698     -278.218893       -4.198429       16.390301       25.742420       64.195561       22.426034        0.551171        0.470627               0        1.000000               0               0               0        1.150320        1.679081       -8.339305               0               0               0               0       -9.301442      -10.282886               0       -0.229168        1.755528       -0.135796        7.326668               0        1.466892               0        8.809516       -1.993263        0.673502        0.730622       -9.442448       -0.695764       -4.669150        8.136014       -9.063699      -77.516224       -0.518568      -39.394355       67.460722       -4.408321       -4.951538       15.946604      119.481132
varepsilon_Ystar            0.253554        0.086306        0.034088        1.104267        0.002031       -0.499813        0.153211        1.735039        0.625646        0.175864        1.004196        0.093019        0.093019        0.772546        6.883565       11.711121      -11.618102       11.600909       -0.374354       -0.751169       -1.384224       -3.451930       -1.229313       -0.024182       -0.023838               0               0        1.000000               0               0       -0.049887       -0.084836        1.455845               0               0               0               0        1.068040        1.039741               0        0.035388        0.000543       -0.001379       -0.117320               0       -0.015058               0       -0.398181        0.580928        0.086306        0.002001        0.229817        0.649632        0.503537        1.444639        1.350663        3.232198       -0.046238        1.750477       -2.829867        0.506186        0.500668       -0.857482        2.053006
eps_Rc                             0               0               0               0               0               0               0               0               0               0               0               0               0               0               0               0               0               0               0               0               0               0               0               0               0               0               0               0               0               0               0               0               0               0               0               0               0               0               0               0               0               0               0               0        0.030000               0               0               0               0               0               0               0               0               0               0               0               0               0               0               0               0               0               0               0
vol                                0               0               0               0               0               0               0               0               0               0               0               0               0               0               0               0               0               0               0               0               0               0               0               0               0               0               0               0               0               0               0               0               0       -0.162519               0        1.000000               0               0               0       -0.162519               0               0               0               0               0        0.252574               0               0               0               0               0               0               0               0               0               0               0               0               0               0               0               0               0               0
[Warning: Aggregate variance and sum of variances by shocks differ by more than 0.01 %] 
[> In <a href="matlab:matlab.internal.language.introspective.errorDocCallback('th_autocovariances', 'C:\dynare\5.1\matlab\th_autocovariances.m', 206)" style="font-weight:bold">th_autocovariances</a> (<a href="matlab: opentoline('C:\dynare\5.1\matlab\th_autocovariances.m',206,0)">line 206</a>)
In <a href="matlab:matlab.internal.language.introspective.errorDocCallback('disp_th_moments', 'C:\dynare\5.1\matlab\disp_th_moments.m', 40)" style="font-weight:bold">disp_th_moments</a> (<a href="matlab: opentoline('C:\dynare\5.1\matlab\disp_th_moments.m',40,0)">line 40</a>)
In <a href="matlab:matlab.internal.language.introspective.errorDocCallback('stoch_simul', 'C:\dynare\5.1\matlab\stoch_simul.m', 210)" style="font-weight:bold">stoch_simul</a> (<a href="matlab: opentoline('C:\dynare\5.1\matlab\stoch_simul.m',210,0)">line 210</a>)
In <a href="matlab:matlab.internal.language.introspective.errorDocCallback('cash_cbdc.driver', 'D:\Copy_of_crypto2\cash_cbdc\+cash_cbdc\driver.m', 827)" style="font-weight:bold">cash_cbdc.driver</a> (<a href="matlab: opentoline('D:\Copy_of_crypto2\cash_cbdc\+cash_cbdc\driver.m',827,0)">line 827</a>)
In <a href="matlab:matlab.internal.language.introspective.errorDocCallback('dynare', 'C:\dynare\5.1\matlab\dynare.m', 281)" style="font-weight:bold">dynare</a> (<a href="matlab: opentoline('C:\dynare\5.1\matlab\dynare.m',281,0)">line 281</a>)
In <a href="matlab:matlab.internal.language.introspective.errorDocCallback('plotcashvs4', 'D:\Copy_of_crypto2\plotcashvs4.m', 20)" style="font-weight:bold">plotcashvs4</a> (<a href="matlab: opentoline('D:\Copy_of_crypto2\plotcashvs4.m',20,0)">line 20</a>)] 


THEORETICAL MOMENTS
VARIABLE          MEAN  STD. DEV.   VARIANCE
mc              0.8889     0.0127     0.0002
Pi              1.0000     0.0056     0.0000
Z               0.0394     0.0019     0.0000
w               5.0995     0.0867     0.0075
R               1.0150     0.0061     0.0000
epsilon         1.0316     0.0757     0.0057
Q               1.0000     0.0562     0.0032
Y               2.9867     0.2011     0.0405
M               0.4632     0.0333     0.0011
L               0.2707     0.0138     0.0002
C               1.9943     0.1637     0.0268
I               0.4048     0.0341     0.0012
K              20.2377     0.8155     0.6651
EX              0.5348     0.0392     0.0015
N               3.9324     1.0842     1.1754
K_b            15.8305     1.9708     3.8839
K_h             4.4072     1.7064     2.9116
D               3.5892     2.1099     4.4516
D_star          8.0962     0.4202     0.1766
x               0.5276     0.1238     0.0153
psi             1.6143     0.1741     0.0303
phi             4.0257     0.4341     0.1884
upsilon         1.5774     0.1518     0.0230
mu              0.0068     0.0036     0.0000
mu_star         0.0127     0.0036     0.0000
A               1.0000     0.0320     0.0010
R_star          1.0068     0.0057     0.0000
Y_star          0.5184     0.0000     0.0000
Phi             0.0000     0.0000     0.0000
Theta           0.4010     0.0000     0.0000
chi_h           0.0095     0.0074     0.0001
chi_b           0.0434     0.0137     0.0002
Ynet            2.4559     0.1758     0.0309
P_c             1.0000     0.0000     0.0000
R_dc            1.0000     0.0000     0.0000
theta_c         1.0000     0.0000     0.0000
cryp            0.0000     0.0000     0.0000
DC              2.1100     0.1692     0.0286
m               2.0767     0.1747     0.0305
R_c             1.0000     0.0000     0.0000
Lambda          0.9852     0.0042     0.0000
gam             0.0314     0.0153     0.0002
trs             0.4960     0.0011     0.0000
Lambda1         1.0115     0.0936     0.0088
sigma_Rc        0.0000     0.0000     0.0000
mu_cryp         0.0233     0.0113     0.0001
x_c             0.0000     0.0000     0.0000
DE              1.0000     0.0257     0.0007
logY            1.0942     0.0673     0.0045
logPi           0.0000     0.0056     0.0000
logR            0.0149     0.0060     0.0000
logI           -0.9045     0.0843     0.0071
logL           -1.3067     0.0510     0.0026
logC            0.6903     0.0821     0.0067
logEX          -0.6259     0.0734     0.0054
logM           -0.7696     0.0719     0.0052
logD            1.2779     0.5878     0.3456
logD_star       2.0914     0.0519     0.0027
logN            1.3692     0.2757     0.0760
spread         -5.4365     0.4370     0.1910
logDC           0.7467     0.0802     0.0064
logm            0.7308     0.0841     0.0071
leverage        1.3927     0.1078     0.0116
TB             -2.6373     0.8967     0.8040



VARIANCE DECOMPOSITION (in percent)
                 varepsilon_R      varepsilon_A  varepsilon_Rstar  varepsilon_Ystar            eps_Rc               vol
mc                      66.06             28.24              5.70              0.00              0.00              0.00
Pi                      40.35             26.36             33.29              0.00              0.00              0.00
Z                       24.94             68.72              6.34              0.00              0.00              0.00
w                       13.07             70.42             16.51              0.00              0.00              0.00
R                        3.84             20.49             75.67              0.00              0.00              0.00
epsilon                  0.92             59.49             39.59              0.00              0.00              0.00
Q                        1.61             44.43             53.95              0.00              0.00              0.00
Y                        3.74             77.26             19.00              0.00              0.00              0.00
M                        7.06              2.24             90.70              0.00              0.00              0.00
L                       13.07             70.42             16.51              0.00              0.00              0.00
C                        3.90             55.32             40.78              0.00              0.00              0.00
I                        1.61             44.43             53.95              0.00              0.00              0.00
K                        0.36             50.95             48.69              0.00              0.00              0.00
EX                       0.92             59.49             39.59              0.00              0.00              0.00
N                        2.35              3.01             94.64              0.00              0.00              0.00
K_b                      3.06              3.10             93.84              0.00              0.00              0.00
K_h                      3.19              2.10             94.71              0.00              0.00              0.00
D                        0.53              0.64             98.83              0.00              0.00              0.00
D_star                   3.95              0.22             95.82              0.00              0.00              0.00
x                        0.40              0.10             99.50              0.00              0.00              0.00
psi                      2.07              0.10             97.83              0.00              0.00              0.00
phi                      2.07              0.10             97.83              0.00              0.00              0.00
upsilon                  2.09              0.11             97.79              0.00              0.00              0.00
mu                       2.88              0.19             96.93              0.00              0.00              0.00
mu_star                  0.38              0.22             99.40              0.00              0.00              0.00
A                        0.00            100.00              0.00              0.00              0.00              0.00
R_star                   0.00              0.00            100.00              0.00              0.00              0.00
Y_star                   0.00              0.00              0.00            100.00              0.00              0.00
Phi                      2.04              0.51             97.45              0.00              0.00              0.00
Theta                   20.35             51.23             28.42              0.00              0.00              0.00
chi_h                    3.23              1.17             95.59              0.00              0.00              0.00
chi_b                    0.23              3.52             96.25              0.00              0.00              0.00
Ynet                     2.52             69.43             28.05              0.00              0.00              0.00
P_c                      0.00              0.00              0.00              0.00              0.00            100.00
R_dc                     3.13             11.91             84.95              0.00              0.00              0.00
theta_c                  0.00              0.00              0.00              0.00              0.00            100.00
cryp                      NaN               NaN               NaN               NaN               NaN               NaN
DC                       3.91             56.19             39.89              0.00              0.00              0.00
m                        3.89             54.40             41.71              0.00              0.00              0.00
R_c                      0.00              0.00              0.22              0.00              0.00             99.77
Lambda                  42.82             22.19             34.99              0.00              0.00              0.00
gam                      2.93             24.44             72.63              0.00              0.00              0.00
trs                      2.64             19.00             78.35              0.00              0.00              0.00
Lambda1                  0.31             42.59             57.10              0.00              0.00              0.00
sigma_Rc                 0.00              0.00              0.11              0.00             99.89              0.00
mu_cryp                  3.21             13.55             83.25              0.00              0.00              0.00
x_c                       NaN               NaN               NaN               NaN               NaN               NaN
DE                      10.35             15.73             73.91              0.00              0.00              0.00
logY                     3.74             77.26             19.00              0.00              0.00              0.00
logPi                   40.35             26.36             33.29              0.00              0.00              0.00
logR                     3.84             20.49             75.67              0.00              0.00              0.00
logI                     1.61             44.43             53.95              0.00              0.00              0.00
logL                    13.07             70.42             16.51              0.00              0.00              0.00
logC                     3.90             55.32             40.78              0.00              0.00              0.00
logEX                    0.92             59.49             39.59              0.00              0.00              0.00
logM                     7.06              2.24             90.70              0.00              0.00              0.00
logD                     0.53              0.64             98.83              0.00              0.00              0.00
logD_star                3.95              0.22             95.82              0.00              0.00              0.00
logN                     2.35              3.01             94.64              0.00              0.00              0.00
spread                   3.15              0.28             96.56              0.00              0.00              0.00
logDC                    3.91             56.19             39.89              0.00              0.00              0.00
logm                     3.89             54.40             41.71              0.00              0.00              0.00
leverage                 2.07              0.10             97.83              0.00              0.00              0.00
TB                       1.10             23.21             75.69              0.00              0.00              0.00



MATRIX OF CORRELATIONS
Variables           mc         Pi          Z          w          R    epsilon          Q          Y          M          L          C          I          K         EX          N        K_b        K_h          D     D_star          x        psi        phi    upsilon         mu    mu_star          A     R_star      chi_h      chi_b       Ynet         DC          m     Lambda        gam        trs    Lambda1    mu_cryp         DE       logY      logPi       logR       logI       logL       logC      logEX       logM       logD  logD_star       logN     spread      logDC       logm   leverage         TB
mc              1.0000     0.9002     0.2484     0.1535     0.0540     0.0341    -0.2089    -0.0566     0.1105     0.1535    -0.0498    -0.2089    -0.0515     0.0341    -0.1453    -0.1180     0.1116    -0.1488     0.0785     0.1406     0.1264     0.1264     0.1254     0.1304     0.1367    -0.2744     0.2065     0.1135     0.1254    -0.1076    -0.0486    -0.0510     0.5465     0.0835    -0.0887     0.2066     0.0694     0.1899    -0.0566     0.9002     0.0540    -0.2089     0.1535    -0.0498     0.0341     0.1105    -0.1488     0.0785    -0.1453     0.1252    -0.0486    -0.0510     0.1264    -0.0365
Pi              0.9002     1.0000     0.0112    -0.1665     0.4804     0.1479    -0.5738    -0.3588    -0.3085    -0.1665    -0.4168    -0.5738    -0.3129     0.1479    -0.5441    -0.5128     0.4428    -0.5424     0.2981     0.5217     0.5002     0.5002     0.4988     0.4988     0.5155    -0.3806     0.5613     0.4558     0.4713    -0.4355    -0.4130    -0.4206     0.1343     0.5039    -0.5118     0.5738     0.4957     0.2547    -0.3588     1.0000     0.4804    -0.5738    -0.1665    -0.4168     0.1479    -0.3085    -0.5424     0.2981    -0.5441     0.4936    -0.4130    -0.4206     0.5002     0.2506
Z               0.2484     0.0112     1.0000     0.8106    -0.5582     0.4712     0.7230     0.7664     0.2862     0.8106     0.6853     0.7230     0.1765     0.4712     0.3263     0.2276    -0.1785     0.2043     0.0421    -0.1372    -0.1949    -0.1949    -0.1918    -0.2554    -0.1190     0.7680    -0.1963    -0.1864     0.0145     0.7335     0.6874     0.6831     0.6607    -0.5629     0.5281    -0.5477    -0.4991     0.0550     0.7664     0.0112    -0.5582     0.7230     0.8106     0.6853     0.4712     0.2862     0.2043     0.0421     0.3263    -0.2738     0.6874     0.6831    -0.1949     0.1396
w               0.1535    -0.1665     0.8106     1.0000    -0.7540     0.4853     0.7956     0.9779     0.4511     1.0000     0.9474     0.7956     0.7193     0.4853     0.4918     0.4528    -0.1792     0.4399    -0.3731    -0.3616    -0.3203    -0.3203    -0.3178    -0.3278    -0.3520     0.7811    -0.2794    -0.2151    -0.2173     0.9597     0.9501     0.9444     0.7554    -0.7822     0.7349    -0.8551    -0.6858     0.0067     0.9779    -0.1665    -0.7540     0.7956     1.0000     0.9474     0.4853     0.4511     0.4399    -0.3731     0.4918    -0.3347     0.9501     0.9444    -0.3203     0.0626
R               0.0540     0.4804    -0.5582    -0.7540     1.0000     0.1718    -0.9336    -0.7733    -0.8890    -0.7540    -0.8956    -0.9336    -0.6197     0.1718    -0.9333    -0.9074     0.7518    -0.9043     0.4763     0.8642     0.8524     0.8524     0.8508     0.8501     0.8559    -0.4184     0.8372     0.7786     0.7608    -0.8371    -0.8902    -0.9010    -0.8041     0.9973    -0.9990     0.9228     0.9946     0.1937    -0.7733     0.4804     1.0000    -0.9336    -0.7540    -0.8956     0.1718    -0.8890    -0.9043     0.4763    -0.9333     0.8511    -0.8902    -0.9010     0.8524     0.5665
epsilon         0.0341     0.1479     0.4712     0.4853     0.1718     1.0000     0.0450     0.4831    -0.5614     0.4853     0.2549     0.0450     0.2417     1.0000    -0.4574    -0.4936     0.6856    -0.5299     0.1798     0.6037     0.6230     0.6230     0.6251     0.5914     0.6110     0.7482     0.6290     0.6683     0.7110     0.3795     0.2659     0.2435    -0.0651     0.1209    -0.1933    -0.1073     0.2658     0.1965     0.4831     0.1479     0.1718     0.0450     0.4853     0.2549     1.0000    -0.5614    -0.5299     0.1798    -0.4574     0.5800     0.2659     0.2435     0.6230     0.9031
Q              -0.2089    -0.5738     0.7230     0.7956    -0.9336     0.0450     1.0000     0.8481     0.7071     0.7956     0.9004     1.0000     0.4943     0.0450     0.8336     0.7682    -0.6510     0.7587    -0.3149    -0.7027    -0.7235    -0.7235    -0.7210    -0.7504    -0.6882     0.6641    -0.7282    -0.6720    -0.5638     0.8951     0.8970     0.9039     0.6755    -0.9398     0.9302    -0.9074    -0.9140    -0.1566     0.8481    -0.5738    -0.9336     1.0000     0.7956     0.9004     0.0450     0.7071     0.7587    -0.3149     0.8336    -0.7575     0.8970     0.9039    -0.7235    -0.3395
Y              -0.0566    -0.3588     0.7664     0.9779    -0.7733     0.4831     0.8481     1.0000     0.4324     0.9779     0.9677     0.8481     0.7377     0.4831     0.5277     0.4825    -0.2047     0.4759    -0.3936    -0.3951    -0.3503    -0.3503    -0.3476    -0.3588    -0.3846     0.8473    -0.3260    -0.2413    -0.2461     0.9924     0.9702     0.9650     0.6475    -0.8080     0.7613    -0.9077    -0.7076    -0.0334     1.0000    -0.3588    -0.7733     0.8481     0.9779     0.9677     0.4831     0.4324     0.4759    -0.3936     0.5277    -0.3647     0.9702     0.9650    -0.3503     0.0710
M               0.1105    -0.3085     0.2862     0.4511    -0.8890    -0.5614     0.7071     0.4324     1.0000     0.4511     0.6364     0.7071     0.4340    -0.5614     0.9323     0.9323    -0.8694     0.9572    -0.5367    -0.9584    -0.9389    -0.9389    -0.9388    -0.9139    -0.9568    -0.0244    -0.9064    -0.8857    -0.9313     0.5209     0.6278     0.6452     0.7813    -0.8638     0.8928    -0.6997    -0.9203    -0.1942     0.4324    -0.3085    -0.8890     0.7071     0.4511     0.6364    -0.5614     1.0000     0.9572    -0.5367     0.9323    -0.9088     0.6278     0.6452    -0.9389    -0.8625
L               0.1535    -0.1665     0.8106     1.0000    -0.7540     0.4853     0.7956     0.9779     0.4511     1.0000     0.9474     0.7956     0.7193     0.4853     0.4918     0.4528    -0.1792     0.4399    -0.3731    -0.3616    -0.3203    -0.3203    -0.3178    -0.3278    -0.3520     0.7811    -0.2794    -0.2151    -0.2173     0.9597     0.9501     0.9444     0.7554    -0.7822     0.7349    -0.8551    -0.6858     0.0067     0.9779    -0.1665    -0.7540     0.7956     1.0000     0.9474     0.4853     0.4511     0.4399    -0.3731     0.4918    -0.3347     0.9501     0.9444    -0.3203     0.0626
C              -0.0498    -0.4168     0.6853     0.9474    -0.8956     0.2549     0.9004     0.9677     0.6364     0.9474     1.0000     0.9004     0.7863     0.2549     0.7011     0.6689    -0.3968     0.6748    -0.5248    -0.6069    -0.5512    -0.5512    -0.5490    -0.5450    -0.5989     0.7044    -0.5177    -0.4346    -0.4783     0.9873     0.9999     0.9999     0.7391    -0.9215     0.8888    -0.9755    -0.8485    -0.0833     0.9677    -0.4168    -0.8956     0.9004     0.9474     1.0000     0.2549     0.6364     0.6748    -0.5248     0.7011    -0.5470     0.9999     0.9999    -0.5512    -0.1744
I              -0.2089    -0.5738     0.7230     0.7956    -0.9336     0.0450     1.0000     0.8481     0.7071     0.7956     0.9004     1.0000     0.4943     0.0450     0.8336     0.7682    -0.6510     0.7587    -0.3149    -0.7027    -0.7235    -0.7235    -0.7210    -0.7504    -0.6882     0.6641    -0.7282    -0.6720    -0.5638     0.8951     0.8970     0.9039     0.6755    -0.9398     0.9302    -0.9074    -0.9140    -0.1566     0.8481    -0.5738    -0.9336     1.0000     0.7956     0.9004     0.0450     0.7071     0.7587    -0.3149     0.8336    -0.7575     0.8970     0.9039    -0.7235    -0.3395
K              -0.0515    -0.3129     0.1765     0.7193    -0.6197     0.2417     0.4943     0.7377     0.4340     0.7193     0.7863     0.4943     1.0000     0.2417     0.4588     0.5094    -0.1104     0.5155    -0.6809    -0.4637    -0.3273    -0.3273    -0.3267    -0.2685    -0.4692     0.4026    -0.2581    -0.1613    -0.4005     0.7488     0.7882     0.7842     0.4886    -0.6610     0.6239    -0.7983    -0.5766    -0.0611     0.7377    -0.3129    -0.6197     0.4943     0.7193     0.7863     0.2417     0.4340     0.5155    -0.6809     0.4588    -0.2583     0.7882     0.7842    -0.3273    -0.0774
EX              0.0341     0.1479     0.4712     0.4853     0.1718     1.0000     0.0450     0.4831    -0.5614     0.4853     0.2549     0.0450     0.2417     1.0000    -0.4574    -0.4936     0.6856    -0.5299     0.1798     0.6037     0.6230     0.6230     0.6251     0.5914     0.6110     0.7482     0.6290     0.6683     0.7110     0.3795     0.2659     0.2435    -0.0651     0.1209    -0.1933    -0.1073     0.2658     0.1965     0.4831     0.1479     0.1718     0.0450     0.4853     0.2549     1.0000    -0.5614    -0.5299     0.1798    -0.4574     0.5800     0.2659     0.2435     0.6230     0.9031
N              -0.1453    -0.5441     0.3263     0.4918    -0.9333    -0.4574     0.8336     0.5277     0.9323     0.4918     0.7011     0.8336     0.4588    -0.4574     1.0000     0.9900    -0.9242     0.9747    -0.4151    -0.9599    -0.9795    -0.9795    -0.9789    -0.9765    -0.9536     0.1621    -0.9542    -0.9414    -0.8882     0.6214     0.6927     0.7097     0.6776    -0.9156     0.9412    -0.7809    -0.9649    -0.2264     0.5277    -0.5441    -0.9333     0.8336     0.4918     0.7011    -0.4574     0.9323     0.9747    -0.4151     1.0000    -0.9749     0.6927     0.7097    -0.9795    -0.7637
K_b            -0.1180    -0.5128     0.2276     0.4528    -0.9074    -0.4936     0.7682     0.4825     0.9323     0.4528     0.6689     0.7682     0.5094    -0.4936     0.9900     1.0000    -0.9115     0.9774    -0.4418    -0.9667    -0.9765    -0.9765    -0.9764    -0.9637    -0.9631     0.0788    -0.9405    -0.9314    -0.9062     0.5778     0.6604     0.6776     0.6669    -0.8895     0.9168    -0.7559    -0.9429    -0.2300     0.4825    -0.5128    -0.9074     0.7682     0.4528     0.6689    -0.4936     0.9323     0.9774    -0.4418     0.9900    -0.9598     0.6604     0.6776    -0.9765    -0.7858
K_h             0.1116     0.4428    -0.1785    -0.1792     0.7518     0.6856    -0.6510    -0.2047    -0.8694    -0.1792    -0.3968    -0.6510    -0.1104     0.6856    -0.9242    -0.9115     1.0000    -0.8825     0.1848     0.8949     0.9714     0.9714     0.9715     0.9847     0.8881     0.1014     0.9628     0.9987     0.8552    -0.3095    -0.3860    -0.4078    -0.5367     0.7114    -0.7607     0.4914     0.8135     0.2365    -0.2047     0.4428     0.7518    -0.6510    -0.1792    -0.3968     0.6856    -0.8694    -0.8825     0.1848    -0.9242     0.9851    -0.3860    -0.4078     0.9714     0.8706
D              -0.1488    -0.5424     0.2043     0.4399    -0.9043    -0.5299     0.7587     0.4759     0.9572     0.4399     0.6748     0.7587     0.5155    -0.5299     0.9747     0.9774    -0.8825     1.0000    -0.5856    -0.9956    -0.9683    -0.9683    -0.9681    -0.9405    -0.9941     0.0632    -0.9325    -0.9030    -0.9598     0.5757     0.6664     0.6833     0.6409    -0.8911     0.9175    -0.7774    -0.9388    -0.2162     0.4759    -0.5424    -0.9043     0.7587     0.4399     0.6748    -0.5299     0.9572     1.0000    -0.5856     0.9747    -0.9332     0.6664     0.6833    -0.9683    -0.8209
D_star          0.0785     0.2981     0.0421    -0.3731     0.4763     0.1798    -0.3149    -0.3936    -0.5367    -0.3731    -0.5248    -0.3149    -0.6809     0.1798    -0.4151    -0.4418     0.1848    -0.5856     1.0000     0.5873     0.3873     0.3873     0.3874     0.2906     0.6000    -0.0444     0.2942     0.2187     0.6429    -0.4405    -0.5240    -0.5255    -0.3208     0.5072    -0.4943     0.6096     0.4701    -0.0198    -0.3936     0.2981     0.4763    -0.3149    -0.3731    -0.5248     0.1798    -0.5367    -0.5856     1.0000    -0.4151     0.2702    -0.5240    -0.5255     0.3873     0.3886
x               0.1406     0.5217    -0.1372    -0.3616     0.8642     0.6037    -0.7027    -0.3951    -0.9584    -0.3616    -0.6069    -0.7027    -0.4637     0.6037    -0.9599    -0.9667     0.8949    -0.9956     0.5873     1.0000     0.9719     0.9719     0.9720     0.9403     0.9997     0.0234     0.9353     0.9126     0.9804    -0.4997    -0.5980    -0.6161    -0.6070     0.8471    -0.8790     0.7197     0.9064     0.2166    -0.3951     0.5217     0.8642    -0.7027    -0.3616    -0.6069     0.6037    -0.9584    -0.9956     0.5873    -0.9599     0.9319    -0.5980    -0.6161     0.9719     0.8667
psi             0.1264     0.5002    -0.1949    -0.3203     0.8524     0.6230    -0.7235    -0.3503    -0.9389    -0.3203    -0.5512    -0.7235    -0.3273     0.6230    -0.9795    -0.9765     0.9714    -0.9683     0.3873     0.9719     1.0000     1.0000     1.0000     0.9932     0.9677     0.0225     0.9745     0.9815     0.9312    -0.4552    -0.5414    -0.5613    -0.6107     0.8244    -0.8633     0.6512     0.9022     0.2317    -0.3503     0.5002     0.8524    -0.7235    -0.3203    -0.5512     0.6230    -0.9389    -0.9683     0.3873    -0.9795     0.9898    -0.5414    -0.5613     1.0000     0.8684
phi             0.1264     0.5002    -0.1949    -0.3203     0.8524     0.6230    -0.7235    -0.3503    -0.9389    -0.3203    -0.5512    -0.7235    -0.3273     0.6230    -0.9795    -0.9765     0.9714    -0.9683     0.3873     0.9719     1.0000     1.0000     1.0000     0.9932     0.9677     0.0225     0.9745     0.9815     0.9312    -0.4552    -0.5414    -0.5613    -0.6107     0.8244    -0.8633     0.6512     0.9022     0.2317    -0.3503     0.5002     0.8524    -0.7235    -0.3203    -0.5512     0.6230    -0.9389    -0.9683     0.3873    -0.9795     0.9898    -0.5414    -0.5613     1.0000     0.8684
upsilon         0.1254     0.4988    -0.1918    -0.3178     0.8508     0.6251    -0.7210    -0.3476    -0.9388    -0.3178    -0.5490    -0.7210    -0.3267     0.6251    -0.9789    -0.9764     0.9715    -0.9681     0.3874     0.9720     1.0000     1.0000     1.0000     0.9930     0.9678     0.0260     0.9742     0.9816     0.9317    -0.4526    -0.5391    -0.5590    -0.6099     0.8228    -0.8619     0.6492     0.9009     0.2316    -0.3476     0.4988     0.8508    -0.7210    -0.3178    -0.5490     0.6251    -0.9388    -0.9681     0.3874    -0.9789     0.9895    -0.5391    -0.5590     1.0000     0.8697
mu              0.1304     0.4988    -0.2554    -0.3278     0.8501     0.5914    -0.7504    -0.3588    -0.9139    -0.3278    -0.5450    -0.7504    -0.2685     0.5914    -0.9765    -0.9637     0.9847    -0.9405     0.2906     0.9403     0.9932     0.9932     0.9930     1.0000     0.9335    -0.0222     0.9775     0.9917     0.8844    -0.4603    -0.5351    -0.5551    -0.6118     0.8193    -0.8586     0.6340     0.8989     0.2361    -0.3588     0.4988     0.8501    -0.7504    -0.3278    -0.5450     0.5914    -0.9139    -0.9405     0.2906    -0.9765     0.9996    -0.5351    -0.5551     0.9932     0.8361
mu_star         0.1367     0.5155    -0.1190    -0.3520     0.8559     0.6110    -0.6882    -0.3846    -0.9568    -0.3520    -0.5989    -0.6882    -0.4692     0.6110    -0.9536    -0.9631     0.8881    -0.9941     0.6000     0.9997     0.9677     0.9677     0.9678     0.9335     1.0000     0.0392     0.9287     0.9061     0.9840    -0.4895    -0.5899    -0.6080    -0.6012     0.8391    -0.8713     0.7134     0.8987     0.2143    -0.3846     0.5155     0.8559    -0.6882    -0.3520    -0.5989     0.6110    -0.9568    -0.9941     0.6000    -0.9536     0.9245    -0.5899    -0.6080     0.9677     0.8704
A              -0.2744    -0.3806     0.7680     0.7811    -0.4184     0.7482     0.6641     0.8473    -0.0244     0.7811     0.7044     0.6641     0.4026     0.7482     0.1621     0.0788     0.1014     0.0632    -0.0444     0.0234     0.0225     0.0225     0.0260    -0.0222     0.0392     1.0000     0.0000     0.0799     0.1841     0.8071     0.7101     0.6984     0.2427    -0.4625     0.4059    -0.6245    -0.3404     0.0237     0.8473    -0.3806    -0.4184     0.6641     0.7811     0.7044     0.7482    -0.0244     0.0632    -0.0444     0.1621    -0.0350     0.7101     0.6984     0.0225     0.4703
R_star          0.2065     0.5613    -0.1963    -0.2794     0.8372     0.6290    -0.7282    -0.3260    -0.9064    -0.2794    -0.5177    -0.7282    -0.2581     0.6290    -0.9542    -0.9405     0.9628    -0.9325     0.2942     0.9353     0.9745     0.9745     0.9742     0.9775     0.9287     0.0000     1.0000     0.9694     0.8900    -0.4312    -0.5075    -0.5282    -0.5542     0.8068    -0.8492     0.6239     0.8845     0.3017    -0.3260     0.5613     0.8372    -0.7282    -0.2794    -0.5177     0.6290    -0.9064    -0.9325     0.2942    -0.9542     0.9759    -0.5075    -0.5282     0.9745     0.8552
chi_h           0.1135     0.4558    -0.1864    -0.2151     0.7786     0.6683    -0.6720    -0.2413    -0.8857    -0.2151    -0.4346    -0.6720    -0.1613     0.6683    -0.9414    -0.9314     0.9987    -0.9030     0.2187     0.9126     0.9815     0.9815     0.9816     0.9917     0.9061     0.0799     0.9694     1.0000     0.8698    -0.3460    -0.4240    -0.4454    -0.5582     0.7406    -0.7876     0.5292     0.8375     0.2380    -0.2413     0.4558     0.7786    -0.6720    -0.2151    -0.4346     0.6683    -0.8857    -0.9030     0.2187    -0.9414     0.9915    -0.4240    -0.4454     0.9815     0.8685
chi_b           0.1254     0.4713     0.0145    -0.2173     0.7608     0.7110    -0.5638    -0.2461    -0.9313    -0.2173    -0.4783    -0.5638    -0.4005     0.7110    -0.8882    -0.9062     0.8552    -0.9598     0.6429     0.9804     0.9312     0.9312     0.9317     0.8844     0.9840     0.1841     0.8900     0.8698     1.0000    -0.3557    -0.4689    -0.4879    -0.5192     0.7413    -0.7798     0.6104     0.8130     0.2035    -0.2461     0.4713     0.7608    -0.5638    -0.2173    -0.4783     0.7110    -0.9313    -0.9598     0.6429    -0.8882     0.8721    -0.4689    -0.4879     0.9312     0.9183
Ynet           -0.1076    -0.4355     0.7335     0.9597    -0.8371     0.3795     0.8951     0.9924     0.5209     0.9597     0.9873     0.8951     0.7488     0.3795     0.6214     0.5778    -0.3095     0.5757    -0.4405    -0.4997    -0.4552    -0.4552    -0.4526    -0.4603    -0.4895     0.8071    -0.4312    -0.3460    -0.3557     1.0000     0.9885     0.9859     0.6649    -0.8685     0.8288    -0.9500    -0.7811    -0.0653     0.9924    -0.4355    -0.8371     0.8951     0.9597     0.9873     0.3795     0.5209     0.5757    -0.4405     0.6214    -0.4648     0.9885     0.9859    -0.4552    -0.0383
DC             -0.0486    -0.4130     0.6874     0.9501    -0.8902     0.2659     0.8970     0.9702     0.6278     0.9501     0.9999     0.8970     0.7882     0.2659     0.6927     0.6604    -0.3860     0.6664    -0.5240    -0.5980    -0.5414    -0.5414    -0.5391    -0.5351    -0.5899     0.7101    -0.5075    -0.4240    -0.4689     0.9885     1.0000     0.9997     0.7358    -0.9167     0.8832    -0.9739    -0.8421    -0.0799     0.9702    -0.4130    -0.8902     0.8970     0.9501     0.9999     0.2659     0.6278     0.6664    -0.5240     0.6927    -0.5372     1.0000     0.9997    -0.5414    -0.1632
m              -0.0510    -0.4206     0.6831     0.9444    -0.9010     0.2435     0.9039     0.9650     0.6452     0.9444     0.9999     0.9039     0.7842     0.2435     0.7097     0.6776    -0.4078     0.6833    -0.5255    -0.6161    -0.5613    -0.5613    -0.5590    -0.5551    -0.6080     0.6984    -0.5282    -0.4454    -0.4879     0.9859     0.9997     1.0000     0.7424    -0.9262     0.8944    -0.9770    -0.8550    -0.0867     0.9650    -0.4206    -0.9010     0.9039     0.9444     0.9999     0.2435     0.6452     0.6833    -0.5255     0.7097    -0.5570     0.9997     1.0000    -0.5613    -0.1860
Lambda          0.5465     0.1343     0.6607     0.7554    -0.8041    -0.0651     0.6755     0.6475     0.7813     0.7554     0.7391     0.6755     0.4886    -0.0651     0.6776     0.6669    -0.5367     0.6409    -0.3208    -0.6070    -0.6107    -0.6107    -0.6099    -0.6118    -0.6012     0.2427    -0.5542    -0.5582    -0.5192     0.6649     0.7358     0.7424     1.0000    -0.7861     0.7809    -0.6587    -0.7850    -0.0438     0.6475     0.1343    -0.8041     0.6755     0.7554     0.7391    -0.0651     0.7813     0.6409    -0.3208     0.6776    -0.6171     0.7358     0.7424    -0.6107    -0.4454
gam             0.0835     0.5039    -0.5629    -0.7822     0.9973     0.1209    -0.9398    -0.8080    -0.8638    -0.7822    -0.9215    -0.9398    -0.6610     0.1209    -0.9156    -0.8895     0.7114    -0.8911     0.5072     0.8471     0.8244     0.8244     0.8228     0.8193     0.8391    -0.4625     0.8068     0.7406     0.7413    -0.8685    -0.9167    -0.9262    -0.7861     1.0000    -0.9970     0.9485     0.9868     0.1846    -0.8080     0.5039     0.9973    -0.9398    -0.7822    -0.9215     0.1209    -0.8638    -0.8911     0.5072    -0.9156     0.8198    -0.9167    -0.9262     0.8244     0.5223
trs            -0.0887    -0.5118     0.5281     0.7349    -0.9990    -0.1933     0.9302     0.7613     0.8928     0.7349     0.8888     0.9302     0.6239    -0.1933     0.9412     0.9168    -0.7607     0.9175    -0.4943    -0.8790    -0.8633    -0.8633    -0.8619    -0.8586    -0.8713     0.4059    -0.8492    -0.7876    -0.7798     0.8288     0.8832     0.8944     0.7809    -0.9970     1.0000    -0.9255    -0.9959    -0.2013     0.7613    -0.5118    -0.9990     0.9302     0.7349     0.8888    -0.1933     0.8928     0.9175    -0.4943     0.9412    -0.8587     0.8832     0.8944    -0.8633    -0.5816
Lambda1         0.2066     0.5738    -0.5477    -0.8551     0.9228    -0.1073    -0.9074    -0.9077    -0.6997    -0.8551    -0.9755    -0.9074    -0.7983    -0.1073    -0.7809    -0.7559     0.4914    -0.7774     0.6096     0.7197     0.6512     0.6512     0.6492     0.6340     0.7134    -0.6245     0.6239     0.5292     0.6104    -0.9500    -0.9739    -0.9770    -0.6587     0.9485    -0.9255     1.0000     0.8908     0.1337    -0.9077     0.5738     0.9228    -0.9074    -0.8551    -0.9755    -0.1073    -0.6997    -0.7774     0.6096    -0.7809     0.6321    -0.9739    -0.9770     0.6512     0.2976
mu_cryp         0.0694     0.4957    -0.4991    -0.6858     0.9946     0.2658    -0.9140    -0.7076    -0.9203    -0.6858    -0.8485    -0.9140    -0.5766     0.2658    -0.9649    -0.9429     0.8135    -0.9388     0.4701     0.9064     0.9022     0.9022     0.9009     0.8989     0.8987    -0.3404     0.8845     0.8375     0.8130    -0.7811    -0.8421    -0.8550    -0.7850     0.9868    -0.9959     0.8908     1.0000     0.2058    -0.7076     0.4957     0.9946    -0.9140    -0.6858    -0.8485     0.2658    -0.9203    -0.9388     0.4701    -0.9649     0.8990    -0.8421    -0.8550     0.9022     0.6402
DE              0.1899     0.2547     0.0550     0.0067     0.1937     0.1965    -0.1566    -0.0334    -0.1942     0.0067    -0.0833    -0.1566    -0.0611     0.1965    -0.2264    -0.2300     0.2365    -0.2162    -0.0198     0.2166     0.2317     0.2317     0.2316     0.2361     0.2143     0.0237     0.3017     0.2380     0.2035    -0.0653    -0.0799    -0.0867    -0.0438     0.1846    -0.2013     0.1337     0.2058     1.0000    -0.0334     0.2547     0.1937    -0.1566     0.0067    -0.0833     0.1965    -0.1942    -0.2162    -0.0198    -0.2264     0.2357    -0.0799    -0.0867     0.2317     0.2210
logY           -0.0566    -0.3588     0.7664     0.9779    -0.7733     0.4831     0.8481     1.0000     0.4324     0.9779     0.9677     0.8481     0.7377     0.4831     0.5277     0.4825    -0.2047     0.4759    -0.3936    -0.3951    -0.3503    -0.3503    -0.3476    -0.3588    -0.3846     0.8473    -0.3260    -0.2413    -0.2461     0.9924     0.9702     0.9650     0.6475    -0.8080     0.7613    -0.9077    -0.7076    -0.0334     1.0000    -0.3588    -0.7733     0.8481     0.9779     0.9677     0.4831     0.4324     0.4759    -0.3936     0.5277    -0.3647     0.9702     0.9650    -0.3503     0.0710
logPi           0.9002     1.0000     0.0112    -0.1665     0.4804     0.1479    -0.5738    -0.3588    -0.3085    -0.1665    -0.4168    -0.5738    -0.3129     0.1479    -0.5441    -0.5128     0.4428    -0.5424     0.2981     0.5217     0.5002     0.5002     0.4988     0.4988     0.5155    -0.3806     0.5613     0.4558     0.4713    -0.4355    -0.4130    -0.4206     0.1343     0.5039    -0.5118     0.5738     0.4957     0.2547    -0.3588     1.0000     0.4804    -0.5738    -0.1665    -0.4168     0.1479    -0.3085    -0.5424     0.2981    -0.5441     0.4936    -0.4130    -0.4206     0.5002     0.2506
logR            0.0540     0.4804    -0.5582    -0.7540     1.0000     0.1718    -0.9336    -0.7733    -0.8890    -0.7540    -0.8956    -0.9336    -0.6197     0.1718    -0.9333    -0.9074     0.7518    -0.9043     0.4763     0.8642     0.8524     0.8524     0.8508     0.8501     0.8559    -0.4184     0.8372     0.7786     0.7608    -0.8371    -0.8902    -0.9010    -0.8041     0.9973    -0.9990     0.9228     0.9946     0.1937    -0.7733     0.4804     1.0000    -0.9336    -0.7540    -0.8956     0.1718    -0.8890    -0.9043     0.4763    -0.9333     0.8511    -0.8902    -0.9010     0.8524     0.5665
logI           -0.2089    -0.5738     0.7230     0.7956    -0.9336     0.0450     1.0000     0.8481     0.7071     0.7956     0.9004     1.0000     0.4943     0.0450     0.8336     0.7682    -0.6510     0.7587    -0.3149    -0.7027    -0.7235    -0.7235    -0.7210    -0.7504    -0.6882     0.6641    -0.7282    -0.6720    -0.5638     0.8951     0.8970     0.9039     0.6755    -0.9398     0.9302    -0.9074    -0.9140    -0.1566     0.8481    -0.5738    -0.9336     1.0000     0.7956     0.9004     0.0450     0.7071     0.7587    -0.3149     0.8336    -0.7575     0.8970     0.9039    -0.7235    -0.3395
logL            0.1535    -0.1665     0.8106     1.0000    -0.7540     0.4853     0.7956     0.9779     0.4511     1.0000     0.9474     0.7956     0.7193     0.4853     0.4918     0.4528    -0.1792     0.4399    -0.3731    -0.3616    -0.3203    -0.3203    -0.3178    -0.3278    -0.3520     0.7811    -0.2794    -0.2151    -0.2173     0.9597     0.9501     0.9444     0.7554    -0.7822     0.7349    -0.8551    -0.6858     0.0067     0.9779    -0.1665    -0.7540     0.7956     1.0000     0.9474     0.4853     0.4511     0.4399    -0.3731     0.4918    -0.3347     0.9501     0.9444    -0.3203     0.0626
logC           -0.0498    -0.4168     0.6853     0.9474    -0.8956     0.2549     0.9004     0.9677     0.6364     0.9474     1.0000     0.9004     0.7863     0.2549     0.7011     0.6689    -0.3968     0.6748    -0.5248    -0.6069    -0.5512    -0.5512    -0.5490    -0.5450    -0.5989     0.7044    -0.5177    -0.4346    -0.4783     0.9873     0.9999     0.9999     0.7391    -0.9215     0.8888    -0.9755    -0.8485    -0.0833     0.9677    -0.4168    -0.8956     0.9004     0.9474     1.0000     0.2549     0.6364     0.6748    -0.5248     0.7011    -0.5470     0.9999     0.9999    -0.5512    -0.1744
logEX           0.0341     0.1479     0.4712     0.4853     0.1718     1.0000     0.0450     0.4831    -0.5614     0.4853     0.2549     0.0450     0.2417     1.0000    -0.4574    -0.4936     0.6856    -0.5299     0.1798     0.6037     0.6230     0.6230     0.6251     0.5914     0.6110     0.7482     0.6290     0.6683     0.7110     0.3795     0.2659     0.2435    -0.0651     0.1209    -0.1933    -0.1073     0.2658     0.1965     0.4831     0.1479     0.1718     0.0450     0.4853     0.2549     1.0000    -0.5614    -0.5299     0.1798    -0.4574     0.5800     0.2659     0.2435     0.6230     0.9031
logM            0.1105    -0.3085     0.2862     0.4511    -0.8890    -0.5614     0.7071     0.4324     1.0000     0.4511     0.6364     0.7071     0.4340    -0.5614     0.9323     0.9323    -0.8694     0.9572    -0.5367    -0.9584    -0.9389    -0.9389    -0.9388    -0.9139    -0.9568    -0.0244    -0.9064    -0.8857    -0.9313     0.5209     0.6278     0.6452     0.7813    -0.8638     0.8928    -0.6997    -0.9203    -0.1942     0.4324    -0.3085    -0.8890     0.7071     0.4511     0.6364    -0.5614     1.0000     0.9572    -0.5367     0.9323    -0.9088     0.6278     0.6452    -0.9389    -0.8625
logD           -0.1488    -0.5424     0.2043     0.4399    -0.9043    -0.5299     0.7587     0.4759     0.9572     0.4399     0.6748     0.7587     0.5155    -0.5299     0.9747     0.9774    -0.8825     1.0000    -0.5856    -0.9956    -0.9683    -0.9683    -0.9681    -0.9405    -0.9941     0.0632    -0.9325    -0.9030    -0.9598     0.5757     0.6664     0.6833     0.6409    -0.8911     0.9175    -0.7774    -0.9388    -0.2162     0.4759    -0.5424    -0.9043     0.7587     0.4399     0.6748    -0.5299     0.9572     1.0000    -0.5856     0.9747    -0.9332     0.6664     0.6833    -0.9683    -0.8209
logD_star       0.0785     0.2981     0.0421    -0.3731     0.4763     0.1798    -0.3149    -0.3936    -0.5367    -0.3731    -0.5248    -0.3149    -0.6809     0.1798    -0.4151    -0.4418     0.1848    -0.5856     1.0000     0.5873     0.3873     0.3873     0.3874     0.2906     0.6000    -0.0444     0.2942     0.2187     0.6429    -0.4405    -0.5240    -0.5255    -0.3208     0.5072    -0.4943     0.6096     0.4701    -0.0198    -0.3936     0.2981     0.4763    -0.3149    -0.3731    -0.5248     0.1798    -0.5367    -0.5856     1.0000    -0.4151     0.2702    -0.5240    -0.5255     0.3873     0.3886
logN           -0.1453    -0.5441     0.3263     0.4918    -0.9333    -0.4574     0.8336     0.5277     0.9323     0.4918     0.7011     0.8336     0.4588    -0.4574     1.0000     0.9900    -0.9242     0.9747    -0.4151    -0.9599    -0.9795    -0.9795    -0.9789    -0.9765    -0.9536     0.1621    -0.9542    -0.9414    -0.8882     0.6214     0.6927     0.7097     0.6776    -0.9156     0.9412    -0.7809    -0.9649    -0.2264     0.5277    -0.5441    -0.9333     0.8336     0.4918     0.7011    -0.4574     0.9323     0.9747    -0.4151     1.0000    -0.9749     0.6927     0.7097    -0.9795    -0.7637
spread          0.1252     0.4936    -0.2738    -0.3347     0.8511     0.5800    -0.7575    -0.3647    -0.9088    -0.3347    -0.5470    -0.7575    -0.2583     0.5800    -0.9749    -0.9598     0.9851    -0.9332     0.2702     0.9319     0.9898     0.9898     0.9895     0.9996     0.9245    -0.0350     0.9759     0.9915     0.8721    -0.4648    -0.5372    -0.5570    -0.6171     0.8198    -0.8587     0.6321     0.8990     0.2357    -0.3647     0.4936     0.8511    -0.7575    -0.3347    -0.5470     0.5800    -0.9088    -0.9332     0.2702    -0.9749     1.0000    -0.5372    -0.5570     0.9898     0.8265
logDC          -0.0486    -0.4130     0.6874     0.9501    -0.8902     0.2659     0.8970     0.9702     0.6278     0.9501     0.9999     0.8970     0.7882     0.2659     0.6927     0.6604    -0.3860     0.6664    -0.5240    -0.5980    -0.5414    -0.5414    -0.5391    -0.5351    -0.5899     0.7101    -0.5075    -0.4240    -0.4689     0.9885     1.0000     0.9997     0.7358    -0.9167     0.8832    -0.9739    -0.8421    -0.0799     0.9702    -0.4130    -0.8902     0.8970     0.9501     0.9999     0.2659     0.6278     0.6664    -0.5240     0.6927    -0.5372     1.0000     0.9997    -0.5414    -0.1632
logm           -0.0510    -0.4206     0.6831     0.9444    -0.9010     0.2435     0.9039     0.9650     0.6452     0.9444     0.9999     0.9039     0.7842     0.2435     0.7097     0.6776    -0.4078     0.6833    -0.5255    -0.6161    -0.5613    -0.5613    -0.5590    -0.5551    -0.6080     0.6984    -0.5282    -0.4454    -0.4879     0.9859     0.9997     1.0000     0.7424    -0.9262     0.8944    -0.9770    -0.8550    -0.0867     0.9650    -0.4206    -0.9010     0.9039     0.9444     0.9999     0.2435     0.6452     0.6833    -0.5255     0.7097    -0.5570     0.9997     1.0000    -0.5613    -0.1860
leverage        0.1264     0.5002    -0.1949    -0.3203     0.8524     0.6230    -0.7235    -0.3503    -0.9389    -0.3203    -0.5512    -0.7235    -0.3273     0.6230    -0.9795    -0.9765     0.9714    -0.9683     0.3873     0.9719     1.0000     1.0000     1.0000     0.9932     0.9677     0.0225     0.9745     0.9815     0.9312    -0.4552    -0.5414    -0.5613    -0.6107     0.8244    -0.8633     0.6512     0.9022     0.2317    -0.3503     0.5002     0.8524    -0.7235    -0.3203    -0.5512     0.6230    -0.9389    -0.9683     0.3873    -0.9795     0.9898    -0.5414    -0.5613     1.0000     0.8684
TB             -0.0365     0.2506     0.1396     0.0626     0.5665     0.9031    -0.3395     0.0710    -0.8625     0.0626    -0.1744    -0.3395    -0.0774     0.9031    -0.7637    -0.7858     0.8706    -0.8209     0.3886     0.8667     0.8684     0.8684     0.8697     0.8361     0.8704     0.4703     0.8552     0.8685     0.9183    -0.0383    -0.1632    -0.1860    -0.4454     0.5223    -0.5816     0.2976     0.6402     0.2210     0.0710     0.2506     0.5665    -0.3395     0.0626    -0.1744     0.9031    -0.8625    -0.8209     0.3886    -0.7637     0.8265    -0.1632    -0.1860     0.8684     1.0000



COEFFICIENTS OF AUTOCORRELATION
Order              1        2        3        4        5
mc            0.4613   0.2182   0.1080   0.0577   0.0344
Pi            0.6168   0.4338   0.3417   0.2913   0.2604
Z             0.8454   0.7475   0.6770   0.6204   0.5716
w             0.9194   0.8672   0.8285   0.7965   0.7682
R             0.9292   0.8671   0.8115   0.7612   0.7155
epsilon       0.9424   0.8889   0.8392   0.7931   0.7504
Q             0.9367   0.8742   0.8146   0.7587   0.7066
Y             0.9653   0.9318   0.8998   0.8692   0.8398
M             0.8962   0.8192   0.7571   0.7040   0.6573
L             0.9194   0.8672   0.8285   0.7965   0.7682
C             0.9620   0.9275   0.8954   0.8653   0.8368
I             0.9367   0.8742   0.8146   0.7587   0.7066
K             0.9993   0.9974   0.9943   0.9901   0.9850
EX            0.9424   0.8889   0.8392   0.7931   0.7504
N             0.9310   0.8668   0.8074   0.7523   0.7012
K_b           0.9372   0.8789   0.8246   0.7742   0.7272
K_h           0.9178   0.8419   0.7719   0.7072   0.6475
D             0.9433   0.8905   0.8415   0.7959   0.7536
D_star        0.9983   0.9949   0.9902   0.9844   0.9777
x             0.9431   0.8903   0.8413   0.7957   0.7534
psi           0.9277   0.8608   0.7988   0.7414   0.6882
phi           0.9277   0.8608   0.7988   0.7414   0.6882
upsilon       0.9279   0.8610   0.7992   0.7419   0.6887
mu            0.9208   0.8476   0.7801   0.7176   0.6600
mu_star       0.9449   0.8937   0.8461   0.8019   0.7607
A             0.9500   0.9025   0.8574   0.8145   0.7738
R_star        0.9000   0.8100   0.7290   0.6561   0.5905
chi_h         0.9188   0.8438   0.7746   0.7106   0.6516
chi_b         0.9508   0.9051   0.8626   0.8229   0.7859
Ynet          0.9674   0.9341   0.9014   0.8698   0.8395
DC            0.9625   0.9284   0.8967   0.8669   0.8387
m             0.9615   0.9265   0.8940   0.8635   0.8347
Lambda        0.6964   0.5444   0.4619   0.4118   0.3774
gam           0.9392   0.8841   0.8339   0.7878   0.7456
trs           0.9340   0.8742   0.8198   0.7701   0.7247
Lambda1       0.9698   0.9390   0.9089   0.8800   0.8525
mu_cryp       0.9283   0.8642   0.8064   0.7537   0.7056
DE           -0.0337  -0.0260  -0.0213  -0.0180  -0.0156
logY          0.9653   0.9318   0.8998   0.8692   0.8398
logPi         0.6168   0.4338   0.3417   0.2913   0.2604
logR          0.9292   0.8671   0.8115   0.7612   0.7155
logI          0.9367   0.8742   0.8146   0.7587   0.7066
logL          0.9194   0.8672   0.8285   0.7965   0.7682
logC          0.9620   0.9275   0.8954   0.8653   0.8368
logEX         0.9424   0.8889   0.8392   0.7931   0.7504
logM          0.8962   0.8192   0.7571   0.7040   0.6573
logD          0.9433   0.8905   0.8415   0.7959   0.7536
logD_star     0.9983   0.9949   0.9902   0.9844   0.9777
logN          0.9310   0.8668   0.8074   0.7523   0.7012
spread        0.9195   0.8451   0.7765   0.7131   0.6546
logDC         0.9625   0.9284   0.8967   0.8669   0.8387
logm          0.9615   0.9265   0.8940   0.8635   0.8347
leverage      0.9277   0.8608   0.7988   0.7414   0.6882
TB            0.9220   0.8545   0.7945   0.7404   0.6914
Total computing time : 0h00m00s
Note: warning(s) encountered in MATLAB/Octave code
