Starting Dynare (version 5.1).
Calling Dynare with arguments: none
Starting preprocessing of the model file ...
Found 65 equation(s).
Evaluating expressions...done
Computing static model derivatives (order 1).
Computing dynamic model derivatives (order 1).
Processing outputs ...
done
Preprocessing completed.


STEADY-STATE RESULTS:

mc        		 0.888889
Pi        		 1
Z         		 0.0397045
w         		 5.04467
R         		 1.015
epsilon   		 1.04877
Q         		 1
Y         		 2.86027
M         		 0.43636
L         		 0.262074
C         		 1.94436
I         		 0.384207
K         		 19.2104
EX        		 0.507914
N         		 3.68203
K_b       		 14.6906
K_h       		 4.51973
D         		 5.64301
D_star    		 4.24788
x         		 0.303258
psi       		 1.59992
phi       		 3.98982
upsilon   		 1.56392
mu        		 0.00724866
mu_star   		 0.00572546
A         		 1
R_star    		 1.01128
Y_star    		 0.484294
Phi       		 0
Theta     		 0.401
chi_h     		 0.0104743
chi_b     		 0.0133077
Ynet      		 2.37884
P_c       		 1
R_dc      		 1
theta_c   		 1
cryp      		 0.923849
DC        		 3.59239
m         		 1.38425
R_c       		 1
Lambda    		 0.985222
gam       		 0.15867
trs       		 0.27815
Lambda1   		 0.890865
sigma_Rc  		 0
mu_cryp   		 0.0231121
x_c       		 0.0628869
DE        		 1
logY      		 1.05091
logPi     		 0
logR      		 0.0148886
logI      		 -0.956573
logL      		 -1.33913
logC      		 0.664934
logEX     		 -0.677443
logM      		 -0.829287
logD      		 1.73042
logD_star 		 1.44642
logN      		 1.30347
spread    		 0.00470445
logDC     		 1.27882
logm      		 0.32516
leverage  		 1.38375
TB        		 0.0715536
logcryp   		 -0.0792061

EIGENVALUES:
         Modulus             Real        Imaginary

       5.359e-17       -5.359e-17                0
        1.12e-15         1.12e-15                0
       5.704e-12       -5.704e-12                0
       1.825e-10        2.852e-12        1.825e-10
       1.825e-10        2.852e-12       -1.825e-10
          0.4639           0.4639                0
             0.9              0.9                0
             0.9              0.9                0
          0.9363           0.9363                0
            0.95             0.95                0
            0.95             0.95                0
            0.95             0.95                0
          0.9755           0.9755                0
           0.985            0.985                0
           1.025            1.025                0
           1.042            1.042                0
           1.071            1.071                0
           1.195            1.195                0
           1.519            1.519                0
       3.487e+16        3.487e+16                0
             Inf              Inf                0


There are 7 eigenvalue(s) larger than 1 in modulus 
for 7 forward-looking variable(s)

The rank condition is verified.

MODEL_DIAGNOSTICS:  The Jacobian of the static model is singular
MODEL_DIAGNOSTICS:  there is 2 colinear relationships between the variables and the equations
Relation 1
Colinear variables:
Z
w
epsilon
Y
M
L
C
I
K
EX
N
K_b
K_h
D
D_star
x
psi
phi
upsilon
mu
mu_star
R_star
Y_star
chi_h
chi_b
Ynet
cryp
DC
m
gam
trs
Lambda1
mu_cryp
x_c
logY
logI
logL
logC
logEX
logM
logD
logD_star
logN
spread
logDC
logm
leverage
TB
logcryp
Relation 2
Colinear variables:
Z
w
epsilon
Y
M
L
C
I
K
EX
N
K_b
K_h
D
D_star
x
psi
phi
upsilon
mu
mu_star
R_star
Y_star
chi_h
chi_b
Ynet
cryp
DC
m
gam
trs
Lambda1
mu_cryp
x_c
logY
logI
logL
logC
logEX
logM
logD
logD_star
logN
spread
logDC
logm
leverage
TB
logcryp
Relation 1
Colinear equations
    46    47

Relation 2
Colinear equations
    46    47

MODEL_DIAGNOSTICS:  The presence of a singularity problem typically indicates that there is one
MODEL_DIAGNOSTICS:  redundant equation entered in the model block, while another non-redundant equation
MODEL_DIAGNOSTICS:  is missing. The problem often derives from Walras Law.

MODEL SUMMARY

  Number of variables:         65
  Number of stochastic shocks: 6
  Number of state variables:   14
  Number of jumpers:           7
  Number of static variables:  45


MATRIX OF COVARIANCE OF EXOGENOUS SHOCKS
Variables               varepsilon_R      varepsilon_A  varepsilon_Rstar  varepsilon_Ystar            eps_Rc               vol
varepsilon_R                0.000006          0.000000          0.000000          0.000000          0.000000          0.000000
varepsilon_A                0.000000          0.000100          0.000000          0.000000          0.000000          0.000000
varepsilon_Rstar            0.000000          0.000000          0.000006          0.000000          0.000000          0.000000
varepsilon_Ystar            0.000000          0.000000          0.000000          0.000000          0.000000          0.000000
eps_Rc                      0.000000          0.000000          0.000000          0.000000          0.000000          0.000000
vol                         0.000000          0.000000          0.000000          0.000000          0.000000          0.000000

POLICY AND TRANSITION FUNCTIONS
                                  mc              Pi               Z               w               R         epsilon               Q               Y               M               L               C               I               K              EX               N             K_b             K_h               D          D_star               x             psi             phi         upsilon              mu         mu_star               A          R_star          Y_star             Phi           Theta           chi_h           chi_b            Ynet             P_c            R_dc         theta_c            cryp              DC               m             R_c          Lambda             gam             trs         Lambda1        sigma_Rc         mu_cryp             x_c              DE            logY           logPi            logR            logI            logL            logC           logEX            logM            logD       logD_star            logN          spread           logDC            logm        leverage              TB         logcryp
Constant                    0.888889        1.000000        0.039704        5.044672        1.015000        1.048772        1.000000        2.860265        0.436360        0.262074        1.944362        0.384207       19.210374        0.507914        3.682035       14.690641        4.519733        5.643006        4.247882        0.303258        1.599916        3.989816        1.563921        0.007249        0.005725        1.000000        1.011284        0.484294               0        0.401000        0.010474        0.013308        2.378841        1.000000        1.000000        1.000000        0.923849        3.592386        1.384252        1.000000        0.985222        0.158670        0.278150        0.890865               0        0.023112        0.062887        1.000000        1.050914               0        0.014889       -0.956573       -1.339128        0.664934       -0.677443       -0.829287        1.730417        1.446422        1.303466        0.004704        1.278817        0.325160        1.383745        0.071554       -0.079206
R(-1)                      -2.758526       -0.983997       -0.257915       -8.192369        0.335523       -1.806930       -2.152800       -9.703500       -2.082729       -1.276798       -7.900385       -1.240683       -1.240683       -0.875085      -37.060427      -62.803990       61.563307      -46.451559       -2.082729        1.278144        5.819376       14.512160        4.997598        0.137971       -0.000200               0               0               0               0               0        0.286018        0.026635       -7.043372               0        0.335523               0       -1.031448      -14.844281       -5.584091               0       -0.777165        0.378373        0.019704        1.229145               0        0.583193        0.334020       -2.706898       -3.392517       -0.983997        0.330564       -3.229200       -4.871894       -4.063228       -1.722901       -4.772958       -8.231705       -0.490298      -10.065203        0.078222       -4.132151       -4.034014        3.637301        1.207644       -1.116468
K(-1)                      -0.010176       -0.004130       -0.002036        0.000987       -0.000213        0.022326       -0.022247        0.034983       -0.008948        0.000154        0.029354       -0.012821        0.967179        0.010812       -0.442628       -0.518903        1.486082       -0.489209       -0.008948        0.023275        0.100226        0.249939        0.087493        0.002585        0.000187               0               0               0               0               0        0.006361        0.001277        0.026988               0       -0.000213               0        0.001938        0.040186        0.023193               0       -0.001959       -0.004736        0.001118       -0.026744               0        0.000970        0.003752        0.017158        0.012231       -0.004130       -0.000210       -0.033370        0.000587        0.015097        0.021288       -0.020506       -0.086693       -0.002106       -0.120213        0.001424        0.011187        0.016755        0.062644        0.019760        0.002098
K_b(-1)                     0.001353        0.000495        0.000134        0.004243        0.000206        0.000437        0.024640        0.005271        0.001286        0.000661        0.005856        0.014200        0.014200        0.000212        1.297250        2.661283       -2.647083        1.720563        0.001286       -0.062191       -0.234426       -0.584603       -0.206382       -0.005386       -0.000861               0               0               0               0               0       -0.012277       -0.002720        0.018728               0        0.000206               0       -0.000477        0.012322        0.003923               0        0.000034       -0.000349       -0.000120       -0.002426               0       -0.002737       -0.012974        0.000911        0.001843        0.000495        0.000203        0.036960        0.002523        0.003012        0.000417        0.002948        0.304902        0.000303        0.352319       -0.002875        0.003430        0.002834       -0.146524       -0.001075       -0.000516
D(-1)                      -0.001346       -0.000493       -0.000133       -0.004224       -0.000205       -0.000435       -0.024526       -0.005247       -0.001281       -0.000658       -0.005829       -0.014135       -0.014135       -0.000211       -1.291266       -2.649005        2.634871       -1.712625       -0.001281        0.061904        0.233344        0.581906        0.205430        0.005361        0.000857               0               0               0               0               0        0.012220        0.002707       -0.018641               0       -0.000205               0        0.000475       -0.012265       -0.003905               0       -0.000034        0.000347        0.000119        0.002415               0        0.002724        0.012914       -0.000907       -0.001834       -0.000493       -0.000202       -0.036789       -0.002512       -0.002998       -0.000415       -0.002935       -0.303495       -0.000301       -0.350693        0.002862       -0.003414       -0.002821        0.145848        0.001070        0.000514
D_star(-1)                 -0.006972       -0.001521       -0.001407       -0.044697        0.001947        0.043094       -0.056910       -0.078936       -0.033395       -0.006966       -0.095530       -0.032798       -0.032798        0.020870       -1.975033       -3.732005        3.699207       -3.781901        0.977889        0.176571        0.360697        0.899495        0.316856        0.007826        0.003742               0               0               0               0               0        0.017163        0.011359       -0.091239               0        0.001947               0       -0.008394       -0.153030       -0.071845               0       -0.002065        0.010650       -0.001868        0.055870               0        0.007637        0.018983        0.039569       -0.027597       -0.001521        0.001918       -0.085365       -0.026581       -0.049132        0.041090       -0.076531       -0.670193        0.230206       -0.536397        0.004136       -0.042598       -0.051901        0.225448        0.054265       -0.009085
A(-1)                      -0.546325       -0.217765        0.011401        0.362138       -0.007874        1.234708        0.938685        2.579274       -0.388424        0.056440        1.450180        0.540974        0.540974        0.597962        6.593791        5.137055       -4.596081        7.430694       -0.388424       -0.061415       -0.803852       -2.004620       -0.708160       -0.017662        0.001677        0.950000               0               0               0               0       -0.021597        0.011755        2.457706               0       -0.007874               0        0.076677        2.223093        1.106945               0       -0.104658       -0.193698        0.036309       -1.090082               0       -0.022419       -0.075802        0.959524        0.901760       -0.217765       -0.007758        1.408027        0.215358        0.745838        1.177290       -0.890145        1.316797       -0.091439        1.790801       -0.008833        0.618835        0.799671       -0.502434        0.986386        0.082997
R_star(-1)                  0.875179        0.565722       -0.006916       -0.219680        0.565171        6.173055       -4.080759       -3.314372       -2.644418       -0.034238       -4.927104       -2.351787       -2.351787        2.989573      -81.244632     -137.806014      135.454227     -142.222800        1.603464        5.981694       13.765447       34.327798       11.927067        0.302988        0.101904               0        0.900000               0               0               0        0.629103        0.345843       -4.209603               0        0.565171               0       -1.845774       -3.735506       -4.384458               0       -0.151814        0.975144       -0.427174        4.261923               0        1.034214        0.720896        6.451706       -1.158764        0.565722        0.556819       -6.121138       -0.130641       -2.534047        5.885984       -6.060171      -25.203377        0.377474      -22.065144        0.161489       -1.039840       -3.167385        8.603855        5.633991       -1.997916
Y_star(-1)                  0.252218        0.090626        0.033918        1.077354        0.004836       -0.486995        0.127477        1.631797        0.575384        0.167908        0.913504        0.073467        0.073467        0.708046        4.740408        8.560340       -8.486873        8.088922       -0.324616       -0.379361       -0.923565       -2.303154       -0.822241       -0.018374       -0.008505               0               0        0.900000               0               0       -0.039376       -0.023844        1.304076               0        0.004836               0       -0.010965        2.060007        0.589558               0        0.037243       -0.012014       -0.029622       -0.061198               0       -0.004810       -0.045408       -0.373722        0.570506        0.090626        0.004764        0.191216        0.640688        0.469822        1.394028        1.318599        1.433442       -0.076418        1.287443       -0.009629        0.573437        0.425904       -0.577258        0.132662       -0.011869
P_c(-1)                    -0.010387       -0.001420       -0.000779       -0.024728       -0.001620       -0.018959        0.024829       -0.022660       -0.000668       -0.003854       -0.013903        0.014309        0.014309       -0.009182        0.394982        2.369143       -2.354834        5.348697       -0.000668       -0.061966        0.126114        0.314499       -0.183901       -0.004814       -0.033881               0               0               0               0               0       -0.010922       -0.002962        0.000197               0       -0.001620               0       -2.931503       -0.046172       -0.006553       -1.000000        0.002158       -0.001409        0.001630       -0.004693               0        1.535633       -0.211252       -0.019497       -0.007922       -0.001420       -0.001596        0.037244       -0.014706       -0.007151       -0.018078       -0.001530        0.947845       -0.000157        0.107273       -0.002582       -0.012853       -0.004734        0.078825       -0.008514       -3.173140
theta_c(-1)                -0.001775       -0.000203       -0.000159       -0.005046       -0.000168       -0.001609        0.000225       -0.005733       -0.001076       -0.000786       -0.004144        0.000130        0.000130       -0.000779        0.006089        0.160575       -0.160446        0.618454       -0.001076       -0.003925        0.015203        0.037912       -0.033925       -0.000416       -0.005227               0               0               0               0               0       -0.000744       -0.000196       -0.002963       -0.154393       -0.000168        0.950000       -0.452888       -0.010298       -0.002519       -0.154393        0.000302       -0.000017        0.000210        0.000212               0        0.237134       -0.031530       -0.001738       -0.002005       -0.000203       -0.000165        0.000338       -0.003001       -0.002131       -0.001534       -0.002467        0.109597       -0.000253        0.001654       -0.000170       -0.002866       -0.001820        0.009502        0.000297       -0.490219
cryp(-1)                   -0.001327       -0.000485       -0.000131       -0.004161       -0.000202       -0.000428       -0.024164       -0.005169       -0.001262       -0.000649       -0.005742       -0.013926       -0.013926       -0.000207       -1.272183       -2.609857        2.595932       -1.687315       -0.001262        0.060989        0.229896        0.573307        0.202394        0.005282        0.000844               0               0               0               0               0        0.012040        0.002667       -0.018366               0       -0.000202               0        0.000467       -0.012084       -0.003847               0       -0.000033        0.000342        0.000117        0.002379               0        0.002684        0.012724       -0.000894       -0.001807       -0.000485       -0.000199       -0.036246       -0.002475       -0.002953       -0.000408       -0.002891       -0.299010       -0.000297       -0.345511        0.002819       -0.003364       -0.002779        0.143693        0.001054        0.000506
R_c(-1)                    -0.001226       -0.000448       -0.000121       -0.003844       -0.000187       -0.000396       -0.022324       -0.004776       -0.001166       -0.000599       -0.005305       -0.012865       -0.012865       -0.000192       -1.175305       -2.411116        2.398250       -1.558825       -0.001166        0.056345        0.212389        0.529649        0.186982        0.004880        0.000780               0               0               0               0               0        0.011123        0.002464       -0.016967               0       -0.000187               0        0.000432       -0.011164       -0.003554               0       -0.000031        0.000316        0.000108        0.002198               0        0.002480        0.011755       -0.000826       -0.001670       -0.000448       -0.000184       -0.033486       -0.002286       -0.002728       -0.000377       -0.002671       -0.276240       -0.000274       -0.319200        0.002605       -0.003108       -0.002568        0.132750        0.000974        0.000467
sigma_Rc(-1)                       0               0               0               0               0               0               0               0               0               0               0               0               0               0               0               0               0               0               0               0               0               0               0               0               0               0               0               0               0               0               0               0               0               0               0               0               0               0               0               0               0               0               0               0        0.950000               0               0               0               0               0               0               0               0               0               0               0               0               0               0               0               0               0               0               0               0
epsilon(-1)                 0.199684        0.071224        0.018667        0.592938       -0.024437        0.130980        0.146363        0.702210        0.150658        0.092411        0.571097        0.084351        0.084351        0.063433        2.168945        3.489631       -3.405281        2.680562        0.150658       -0.067793       -0.328234       -0.818539       -0.279850       -0.007851        0.000360               0               0               0               0               0       -0.015829       -0.000841        0.503720               0       -0.024437               0        0.075059        1.072521        0.403745               0        0.056397       -0.027324       -0.001382       -0.088243               0       -0.041232       -0.019033       -0.757382        0.245505        0.071224       -0.024076        0.219545        0.352612        0.293719        0.124889        0.345260        0.475024        0.035467        0.589062       -0.004523        0.298554        0.291670       -0.205157       -0.087225        0.081246
varepsilon_R               -3.490382       -1.244970       -0.326291      -10.364275        0.427143       -2.289476       -2.558363      -12.274306       -2.633431       -1.615294       -9.982500       -1.474413       -1.474413       -1.108779      -37.912144      -60.997122       59.522709      -46.854977       -2.633431        1.184989        5.737379       14.307678        4.891648        0.137235       -0.006295               0               0               0               0               0        0.276687        0.014699       -8.804788               0        0.427143               0       -1.311997      -18.747165       -7.057270               0       -0.985792        0.477610        0.024160        1.542445               0        0.720709        0.332693       -3.427977       -4.291317       -1.244970        0.420830       -3.837544       -6.163498       -5.134075       -2.183006       -6.034991       -8.303195       -0.619940      -10.296519        0.079059       -5.218583       -5.098256        3.586050        1.524651       -1.420141
varepsilon_A               -0.575079       -0.229227        0.012001        0.381198       -0.008289        1.299693        0.988089        2.715025       -0.408867        0.059410        1.526505        0.569447        0.569447        0.629433        6.940833        5.407426       -4.837979        7.821783       -0.408867       -0.064647       -0.846160       -2.110126       -0.745432       -0.018591        0.001765        1.000000               0               0               0               0       -0.022734        0.012374        2.587059               0       -0.008289               0        0.080713        2.340098        1.165206               0       -0.110166       -0.203893        0.038220       -1.147454               0       -0.023599       -0.079792        1.010026        0.949221       -0.229227       -0.008166        1.482134        0.226693        0.785093        1.239252       -0.936995        1.386102       -0.096252        1.885053       -0.009298        0.651405        0.841758       -0.528878        1.038301        0.087366
varepsilon_Rstar            1.004960        0.635680       -0.001117       -0.035480        0.618883        6.657821       -4.268567       -3.314226       -2.782382       -0.005530       -5.028701       -2.460023       -2.460023        3.224343      -81.053933     -135.699766      133.239743     -140.374431       -2.782382        5.822234       13.611493       33.943872       11.773464        0.300126        0.095761               0        1.000000               0               0               0        0.618898        0.331257       -4.251506               0        0.618883               0       -2.011685       -3.436341       -4.536307               0       -0.159046        1.033788       -0.465920        4.474714               0        1.113481        0.712397        6.983887       -1.158713        0.635680        0.609737       -6.402850       -0.021100       -2.586299        6.348207       -6.376340      -24.875827       -0.655004      -22.013353        0.160128       -0.956562       -3.277083        8.507629        6.006724       -2.177503
varepsilon_Ystar            0.280242        0.100696        0.037686        1.197060        0.005373       -0.541105        0.141642        1.813108        0.639316        0.186564        1.015005        0.081630        0.081630        0.786718        5.267120        9.511489       -9.429859        8.987691       -0.360684       -0.421512       -1.026183       -2.559059       -0.913601       -0.020415       -0.009450               0               0        1.000000               0               0       -0.043751       -0.026493        1.448973               0        0.005373               0       -0.012183        2.288897        0.655064               0        0.041381       -0.013349       -0.032913       -0.067998               0       -0.005345       -0.050453       -0.415246        0.633895        0.100696        0.005294        0.212462        0.711876        0.522025        1.548920        1.465109        1.592713       -0.084909        1.430492       -0.010699        0.637152        0.473226       -0.641398        0.147402       -0.013187
eps_Rc                             0               0               0               0               0               0               0               0               0               0               0               0               0               0               0               0               0               0               0               0               0               0               0               0               0               0               0               0               0               0               0               0               0               0               0               0               0               0               0               0               0               0               0               0        0.030000               0               0               0               0               0               0               0               0               0               0               0               0               0               0               0               0               0               0               0               0
vol                        -0.001868       -0.000214       -0.000167       -0.005312       -0.000177       -0.001694        0.000237       -0.006035       -0.001133       -0.000828       -0.004362        0.000137        0.000137       -0.000820        0.006410        0.169027       -0.168890        0.651004       -0.001133       -0.004132        0.016003        0.039907       -0.035710       -0.000438       -0.005502               0               0               0               0               0       -0.000783       -0.000206       -0.003119       -0.162519       -0.000177        1.000000       -0.476724       -0.010839       -0.002652       -0.162519        0.000318       -0.000018        0.000221        0.000223               0        0.249615       -0.033189       -0.001829       -0.002110       -0.000214       -0.000174        0.000356       -0.003159       -0.002244       -0.001615       -0.002597        0.115365       -0.000267        0.001741       -0.000178       -0.003017       -0.001916        0.010002        0.000313       -0.516020
[Warning: Aggregate variance and sum of variances by shocks differ by more than 0.01 %] 
[> In <a href="matlab:matlab.internal.language.introspective.errorDocCallback('th_autocovariances', 'C:\dynare\5.1\matlab\th_autocovariances.m', 206)" style="font-weight:bold">th_autocovariances</a> (<a href="matlab: opentoline('C:\dynare\5.1\matlab\th_autocovariances.m',206,0)">line 206</a>)
In <a href="matlab:matlab.internal.language.introspective.errorDocCallback('disp_th_moments', 'C:\dynare\5.1\matlab\disp_th_moments.m', 40)" style="font-weight:bold">disp_th_moments</a> (<a href="matlab: opentoline('C:\dynare\5.1\matlab\disp_th_moments.m',40,0)">line 40</a>)
In <a href="matlab:matlab.internal.language.introspective.errorDocCallback('stoch_simul', 'C:\dynare\5.1\matlab\stoch_simul.m', 210)" style="font-weight:bold">stoch_simul</a> (<a href="matlab: opentoline('C:\dynare\5.1\matlab\stoch_simul.m',210,0)">line 210</a>)
In <a href="matlab:matlab.internal.language.introspective.errorDocCallback('cdbc_markdown.driver', 'D:\crypto2\crypto_storage\cdbc_markdown_0.8\+cdbc_markdown\driver.m', 834)" style="font-weight:bold">cdbc_markdown.driver</a> (<a href="matlab: opentoline('D:\crypto2\crypto_storage\cdbc_markdown_0.8\+cdbc_markdown\driver.m',834,0)">line 834</a>)
In <a href="matlab:matlab.internal.language.introspective.errorDocCallback('dynare', 'C:\dynare\5.1\matlab\dynare.m', 281)" style="font-weight:bold">dynare</a> (<a href="matlab: opentoline('C:\dynare\5.1\matlab\dynare.m',281,0)">line 281</a>)
In <a href="matlab:matlab.internal.language.introspective.errorDocCallback('plotfile_sto', 'D:\crypto2\crypto_storage\plotfile_sto.m', 40)" style="font-weight:bold">plotfile_sto</a> (<a href="matlab: opentoline('D:\crypto2\crypto_storage\plotfile_sto.m',40,0)">line 40</a>)] 


THEORETICAL MOMENTS
VARIABLE          MEAN  STD. DEV.   VARIANCE
mc              0.8889     0.0122     0.0001
Pi              1.0000     0.0053     0.0000
Z               0.0397     0.0019     0.0000
w               5.0447     0.0802     0.0064
R               1.0150     0.0052     0.0000
epsilon         1.0488     0.0702     0.0049
Q               1.0000     0.0474     0.0022
Y               2.8603     0.1798     0.0323
M               0.4364     0.0217     0.0005
L               0.2621     0.0125     0.0002
C               1.9444     0.1337     0.0179
I               0.3842     0.0273     0.0007
K              19.2104     0.6505     0.4231
EX              0.5079     0.0340     0.0012
N               3.6820     0.6351     0.4034
K_b            14.6906     1.1178     1.2494
K_h             4.5197     0.9529     0.9081
D               5.6430     1.0856     1.1786
D_star          4.2479     0.1513     0.0229
x               0.3033     0.0423     0.0018
psi             1.5999     0.0976     0.0095
phi             3.9898     0.2435     0.0593
upsilon         1.5639     0.0846     0.0072
mu              0.0072     0.0021     0.0000
mu_star         0.0057     0.0008     0.0000
A               1.0000     0.0320     0.0010
R_star          1.0113     0.0057     0.0000
Y_star          0.4843     0.0000     0.0000
Phi             0.0000     0.0000     0.0000
Theta           0.4010     0.0000     0.0000
chi_h           0.0105     0.0044     0.0000
chi_b           0.0133     0.0025     0.0000
Ynet            2.3788     0.1525     0.0232
P_c             1.0000     0.0000     0.0000
R_dc            1.0000     0.0052     0.0000
theta_c         1.0000     0.0000     0.0000
cryp            0.9238     0.0181     0.0003
DC              3.5924     0.2170     0.0471
m               1.3843     0.1005     0.0101
R_c             1.0000     0.0000     0.0000
Lambda          0.9852     0.0040     0.0000
gam             0.1587     0.0140     0.0002
trs             0.2781     0.0033     0.0000
Lambda1         0.8909     0.0682     0.0046
sigma_Rc        0.0000     0.0000     0.0000
mu_cryp         0.0231     0.0090     0.0001
x_c             0.0629     0.0060     0.0000
DE              1.0000     0.0222     0.0005
logY            1.0509     0.0629     0.0040
logPi           0.0000     0.0053     0.0000
logR            0.0149     0.0051     0.0000
logI           -0.9566     0.0711     0.0051
logL           -1.3391     0.0477     0.0023
logC            0.6649     0.0688     0.0047
logEX          -0.6774     0.0669     0.0045
logM           -0.8293     0.0497     0.0025
logD            1.7304     0.1924     0.0370
logD_star       1.4464     0.0356     0.0013
logN            1.3035     0.1725     0.0298
spread          0.0047     0.0011     0.0000
logDC           1.2788     0.0604     0.0036
logm            0.3252     0.0726     0.0053
leverage        1.3837     0.0610     0.0037
TB              0.0716     0.0476     0.0023
logcryp        -0.0792     0.0196     0.0004



VARIANCE DECOMPOSITION (in percent)
                 varepsilon_R      varepsilon_A  varepsilon_Rstar  varepsilon_Ystar            eps_Rc               vol
mc                      64.90             28.50              6.59              0.00              0.00              0.00
Pi                      44.14             29.85             26.01              0.00              0.00              0.00
Z                       24.25             72.77              2.99              0.00              0.00              0.00
w                       13.29             80.10              6.61              0.00              0.00              0.00
R                        5.22             29.56             65.21              0.00              0.00              0.00
epsilon                  1.40             73.64             24.96              0.00              0.00              0.00
Q                        2.87             64.32             32.81              0.00              0.00              0.00
Y                        3.70             88.18              8.12              0.00              0.00              0.00
M                       11.96              4.50             83.54              0.00              0.00              0.00
L                       13.29             80.10              6.61              0.00              0.00              0.00
C                        4.39             77.88             17.73              0.00              0.00              0.00
I                        2.87             64.32             32.81              0.00              0.00              0.00
K                        0.79             73.25             25.96              0.00              0.00              0.00
EX                       1.40             73.64             24.96              0.00              0.00              0.00
N                       13.54             14.49             71.97              0.00              0.00              0.00
K_b                     18.70              7.44             73.86              0.00              0.00              0.00
K_h                     21.20              8.93             69.87              0.00              0.00              0.00
D                        5.54             10.12             84.34              0.00              0.00              0.00
D_star                  19.32             11.51             69.17              0.00              0.00              0.00
x                        2.62              0.84             96.55              0.00              0.00              0.00
psi                     16.18              4.32             79.50              0.00              0.00              0.00
phi                     16.18              4.32             79.50              0.00              0.00              0.00
upsilon                 16.51              4.20             79.29              0.00              0.00              0.00
mu                      18.72              4.47             76.81              0.00              0.00              0.00
mu_star                  1.27              3.97             94.75              0.00              0.00              0.00
A                        0.00            100.00              0.00              0.00              0.00              0.00
R_star                   0.00              0.00            100.00              0.00              0.00              0.00
Y_star                   0.00              0.00              0.00            100.00              0.00              0.00
Phi                      0.70             82.76             16.53              0.00              0.00              0.00
Theta                   13.03             11.55             75.43              0.00              0.00              0.00
chi_h                   21.78              5.57             72.65              0.00              0.00              0.00
chi_b                    1.30              5.83             92.87              0.00              0.00              0.00
Ynet                     2.74             86.77             10.49              0.00              0.00              0.00
P_c                      0.00              0.00              0.00              0.00              0.00            100.00
R_dc                     5.22             29.56             65.21              0.00              0.00              0.00
theta_c                  0.00              0.00              0.00              0.00              0.00            100.00
cryp                     4.08             36.73             59.19              0.00              0.00              0.00
DC                       5.91             83.45             10.64              0.00              0.00              0.00
m                        3.88             75.39             20.73              0.00              0.00              0.00
R_c                      0.00              0.00              0.00              0.00              0.00            100.00
Lambda                  48.38             26.01             25.61              0.00              0.00              0.00
gam                      0.92             65.02             34.06              0.00              0.00              0.00
trs                      0.14             23.02             76.84              0.00              0.00              0.00
Lambda1                  0.42             70.10             29.48              0.00              0.00              0.00
sigma_Rc                 0.00              0.03              0.00              0.00             99.97              0.00
mu_cryp                  5.49             24.88             69.63              0.00              0.00              0.00
x_c                     14.89             20.37             64.75              0.00              0.00              0.00
DE                      15.18             22.34             62.48              0.00              0.00              0.00
logY                     3.70             88.18              8.12              0.00              0.00              0.00
logPi                   44.14             29.85             26.01              0.00              0.00              0.00
logR                     5.22             29.56             65.21              0.00              0.00              0.00
logI                     2.87             64.32             32.81              0.00              0.00              0.00
logL                    13.29             80.10              6.61              0.00              0.00              0.00
logC                     4.39             77.88             17.73              0.00              0.00              0.00
logEX                    1.40             73.64             24.96              0.00              0.00              0.00
logM                    11.96              4.50             83.54              0.00              0.00              0.00
logD                     5.54             10.12             84.34              0.00              0.00              0.00
logD_star               19.32             11.51             69.17              0.00              0.00              0.00
logN                    13.54             14.49             71.97              0.00              0.00              0.00
spread                  19.38              4.56             76.05              0.00              0.00              0.00
logDC                    5.91             83.45             10.64              0.00              0.00              0.00
logm                     3.88             75.39             20.73              0.00              0.00              0.00
leverage                16.18              4.32             79.50              0.00              0.00              0.00
TB                       1.44             40.13             58.43              0.00              0.00              0.00
logcryp                  4.08             36.73             59.19              0.00              0.00              0.00



MATRIX OF CORRELATIONS
Variables           mc         Pi          Z          w          R    epsilon          Q          Y          M          L          C          I          K         EX          N        K_b        K_h          D     D_star          x        psi        phi    upsilon         mu    mu_star          A     R_star      chi_h      chi_b       Ynet       R_dc       cryp         DC          m     Lambda        gam        trs    Lambda1    mu_cryp        x_c         DE       logY      logPi       logR       logI       logL       logC      logEX       logM       logD  logD_star       logN     spread      logDC       logm   leverage         TB    logcryp
mc              1.0000     0.9338     0.2415     0.1595     0.0367     0.0048    -0.1935    -0.0575     0.1978     0.1595    -0.0415    -0.1935    -0.0430     0.0048    -0.0939    -0.0331     0.0095    -0.1205     0.1183     0.1164     0.0739     0.0739     0.0752     0.0567     0.1509    -0.2803     0.2156     0.0130     0.1092    -0.1004     0.0367    -0.0704     0.0115    -0.0600     0.6018     0.1840    -0.3045     0.2144     0.0428     0.1078     0.1981    -0.0575     0.9338     0.0367    -0.1935     0.1595    -0.0415     0.0048     0.1978    -0.1205     0.1183    -0.0939     0.0420     0.0115    -0.0600     0.0739    -0.0866    -0.0704
Pi              0.9338     1.0000     0.0344    -0.0979     0.3904     0.0010    -0.4850    -0.3033    -0.1267    -0.0979    -0.3242    -0.4850    -0.2473     0.0010    -0.4195    -0.3463     0.2375    -0.4516     0.2518     0.4189     0.3770     0.3770     0.3770     0.3460     0.4068    -0.4109     0.4975     0.2578     0.3548    -0.3524     0.3904    -0.4182    -0.2488    -0.3496     0.2791     0.4859    -0.6245     0.5013     0.3961     0.4299     0.2448    -0.3033     1.0000     0.3904    -0.4850    -0.0979    -0.3242     0.0010    -0.1267    -0.4516     0.2518    -0.4195     0.3306    -0.2488    -0.3496     0.3770     0.0583    -0.4182
Z               0.2415     0.0344     1.0000     0.8542    -0.5897     0.6319     0.7965     0.8110     0.2418     0.8542     0.7710     0.7965     0.2453     0.6319     0.4636     0.2828    -0.1643     0.3545    -0.0485    -0.1342    -0.3389    -0.3389    -0.3335    -0.3356     0.0910     0.7948    -0.1096    -0.1844     0.1151     0.7970    -0.5897     0.6136     0.8016     0.7573     0.6526    -0.6643     0.3962    -0.6598    -0.5656    -0.4937     0.1031     0.8110     0.0344    -0.5897     0.7965     0.8542     0.7710     0.6319     0.2418     0.3545    -0.0485     0.4636    -0.3431     0.8016     0.7573    -0.3389     0.3410     0.6136
w               0.1595    -0.0979     0.8542     1.0000    -0.7359     0.7116     0.8335     0.9764     0.3210     1.0000     0.9668     0.8335     0.7134     0.7116     0.5801     0.4790    -0.0749     0.5350    -0.3765    -0.2994    -0.3949    -0.3949    -0.3902    -0.3418    -0.1459     0.8334    -0.1785    -0.1325    -0.0395     0.9653    -0.7359     0.7780     0.9869     0.9561     0.7114    -0.8836     0.5911    -0.8893    -0.7022    -0.6343     0.0347     0.9764    -0.0979    -0.7359     0.8335     1.0000     0.9668     0.7116     0.3210     0.5350    -0.3765     0.5801    -0.3390     0.9869     0.9561    -0.3949     0.3618     0.7780
R               0.0367     0.3904    -0.5897    -0.7359     1.0000    -0.0878    -0.8941    -0.7522    -0.8237    -0.7359    -0.8403    -0.8941    -0.5898    -0.0878    -0.9236    -0.8604     0.6067    -0.9322     0.3783     0.8283     0.8432     0.8432     0.8392     0.8009     0.6902    -0.4984     0.7968     0.6555     0.6475    -0.7765     1.0000    -0.9961    -0.7729    -0.8609    -0.7749     0.9113    -0.9540     0.8794     0.9971     0.9229     0.1632    -0.7522     0.3904     1.0000    -0.8941    -0.7359    -0.8403    -0.0878    -0.8237    -0.9322     0.3783    -0.9236     0.7962    -0.7729    -0.8609     0.8432     0.3120    -0.9961
epsilon         0.0048     0.0010     0.6319     0.7116    -0.0878     1.0000     0.3980     0.7186    -0.4369     0.7116     0.6037     0.3980     0.4667     1.0000    -0.0472    -0.1547     0.5001    -0.1331    -0.1322     0.3956     0.2497     0.2497     0.2524     0.2869     0.4940     0.8361     0.4968     0.4636     0.6177     0.6881    -0.0878     0.1641     0.6907     0.5708     0.1102    -0.4402    -0.0165    -0.4895    -0.0423    -0.0405     0.1562     0.7186     0.0010    -0.0878     0.3980     0.7116     0.6037     1.0000    -0.4369    -0.1331    -0.1322    -0.0472     0.2895     0.6907     0.5708     0.2497     0.9125     0.1641
Q              -0.1935    -0.4850     0.7965     0.8335    -0.8941     0.3980     1.0000     0.8852     0.5305     0.8335     0.9080     1.0000     0.4924     0.3980     0.8301     0.6861    -0.4687     0.7756    -0.2647    -0.5911    -0.7139    -0.7139    -0.7097    -0.6840    -0.3949     0.7987    -0.5715    -0.5093    -0.3430     0.9055    -0.8941     0.9158     0.8711     0.9177     0.6073    -0.9327     0.8448    -0.9220    -0.8859    -0.8532    -0.0836     0.8852    -0.4850    -0.8941     1.0000     0.8335     0.9080     0.3980     0.5305     0.7756    -0.2647     0.8301    -0.6807     0.8711     0.9177    -0.7139     0.0427     0.9158
Y              -0.0575    -0.3033     0.8110     0.9764    -0.7522     0.7186     0.8852     1.0000     0.2814     0.9764     0.9868     0.8852     0.7309     0.7186     0.6072     0.4917    -0.0779     0.5674    -0.4067    -0.3283    -0.4156    -0.4156    -0.4111    -0.3581    -0.1806     0.9041    -0.2277    -0.1368    -0.0639     0.9982    -0.7522     0.8022     0.9955     0.9800     0.5877    -0.9339     0.6643    -0.9463    -0.7195    -0.6650    -0.0083     1.0000    -0.3033    -0.7522     0.8852     0.9764     0.9868     0.7186     0.2814     0.5674    -0.4067     0.6072    -0.3520     0.9955     0.9800    -0.4156     0.3849     0.8022
M               0.1978    -0.1267     0.2418     0.3210    -0.8237    -0.4369     0.5305     0.2814     1.0000     0.3210     0.4239     0.5305     0.2842    -0.4369     0.8063     0.8219    -0.7701     0.8643    -0.3039    -0.9166    -0.8422    -0.8422    -0.8398    -0.8243    -0.8527    -0.0601    -0.8982    -0.7945    -0.8832     0.3082    -0.8237     0.7749     0.3325     0.4546     0.7621    -0.5379     0.7789    -0.4788    -0.8420    -0.7575    -0.1662     0.2814    -0.1267    -0.8237     0.5305     0.3210     0.4239    -0.4369     1.0000     0.8643    -0.3039     0.8063    -0.8242     0.3325     0.4546    -0.8422    -0.7667     0.7749
L               0.1595    -0.0979     0.8542     1.0000    -0.7359     0.7116     0.8335     0.9764     0.3210     1.0000     0.9668     0.8335     0.7134     0.7116     0.5801     0.4790    -0.0749     0.5350    -0.3765    -0.2994    -0.3949    -0.3949    -0.3902    -0.3418    -0.1459     0.8334    -0.1785    -0.1325    -0.0395     0.9653    -0.7359     0.7780     0.9869     0.9561     0.7114    -0.8836     0.5911    -0.8893    -0.7022    -0.6343     0.0347     0.9764    -0.0979    -0.7359     0.8335     1.0000     0.9668     0.7116     0.3210     0.5350    -0.3765     0.5801    -0.3390     0.9869     0.9561    -0.3949     0.3618     0.7780
C              -0.0415    -0.3242     0.7710     0.9668    -0.8403     0.6037     0.9080     0.9868     0.4239     0.9668     1.0000     0.9080     0.7686     0.6037     0.7006     0.6033    -0.1830     0.6807    -0.4648    -0.4670    -0.5226    -0.5226    -0.5181    -0.4611    -0.3292     0.8339    -0.3606    -0.2452    -0.2169     0.9901    -0.8403     0.8812     0.9921     0.9990     0.6625    -0.9730     0.7602    -0.9766    -0.8119    -0.7488    -0.0413     0.9868    -0.3242    -0.8403     0.9080     0.9668     1.0000     0.6037     0.4239     0.6807    -0.4648     0.7006    -0.4542     0.9921     0.9990    -0.5226     0.2380     0.8812
I              -0.1935    -0.4850     0.7965     0.8335    -0.8941     0.3980     1.0000     0.8852     0.5305     0.8335     0.9080     1.0000     0.4924     0.3980     0.8301     0.6861    -0.4687     0.7756    -0.2647    -0.5911    -0.7139    -0.7139    -0.7097    -0.6840    -0.3949     0.7987    -0.5715    -0.5093    -0.3430     0.9055    -0.8941     0.9158     0.8711     0.9177     0.6073    -0.9327     0.8448    -0.9220    -0.8859    -0.8532    -0.0836     0.8852    -0.4850    -0.8941     1.0000     0.8335     0.9080     0.3980     0.5305     0.7756    -0.2647     0.8301    -0.6807     0.8711     0.9177    -0.7139     0.0427     0.9158
K              -0.0430    -0.2473     0.2453     0.7134    -0.5898     0.4667     0.4924     0.7309     0.2842     0.7134     0.7686     0.4924     1.0000     0.4667     0.4719     0.5257     0.0659     0.5350    -0.6381    -0.3934    -0.2958    -0.2958    -0.2943    -0.2013    -0.4089     0.4862    -0.2034    -0.0144    -0.2437     0.7304    -0.5898     0.6356     0.7625     0.7678     0.4470    -0.7617     0.5843    -0.7780    -0.5602    -0.5316    -0.0798     0.7309    -0.2473    -0.5898     0.4924     0.7134     0.7686     0.4667     0.2842     0.5350    -0.6381     0.4719    -0.1857     0.7625     0.7678    -0.2958     0.2038     0.6356
EX              0.0048     0.0010     0.6319     0.7116    -0.0878     1.0000     0.3980     0.7186    -0.4369     0.7116     0.6037     0.3980     0.4667     1.0000    -0.0472    -0.1547     0.5001    -0.1331    -0.1322     0.3956     0.2497     0.2497     0.2524     0.2869     0.4940     0.8361     0.4968     0.4636     0.6177     0.6881    -0.0878     0.1641     0.6907     0.5708     0.1102    -0.4402    -0.0165    -0.4895    -0.0423    -0.0405     0.1562     0.7186     0.0010    -0.0878     0.3980     0.7116     0.6037     1.0000    -0.4369    -0.1331    -0.1322    -0.0472     0.2895     0.6907     0.5708     0.2497     0.9125     0.1641
N              -0.0939    -0.4195     0.4636     0.5801    -0.9236    -0.0472     0.8301     0.6072     0.8063     0.5801     0.7006     0.8301     0.4719    -0.0472     1.0000     0.9692    -0.8147     0.9750    -0.2296    -0.8927    -0.9733    -0.9733    -0.9723    -0.9505    -0.7330     0.3764    -0.8345    -0.8544    -0.7145     0.6420    -0.9236     0.9103     0.6231     0.7252     0.6730    -0.7956     0.9053    -0.7598    -0.9483    -0.9952    -0.1373     0.6072    -0.4195    -0.9236     0.8301     0.5801     0.7006    -0.0472     0.8063     0.9750    -0.2296     1.0000    -0.9461     0.6231     0.7252    -0.9733    -0.4005     0.9103
K_b            -0.0331    -0.3463     0.2828     0.4790    -0.8604    -0.1547     0.6861     0.4917     0.8219     0.4790     0.6033     0.6861     0.5257    -0.1547     0.9692     1.0000    -0.8142     0.9666    -0.2541    -0.9185    -0.9595    -0.9595    -0.9598    -0.9308    -0.8004     0.2041    -0.8266    -0.8581    -0.7758     0.5262    -0.8604     0.8410     0.5222     0.6296     0.6538    -0.7084     0.8543    -0.6704    -0.8910    -0.9626    -0.1458     0.4917    -0.3463    -0.8604     0.6861     0.4790     0.6033    -0.1547     0.8219     0.9666    -0.2541     0.9692    -0.9247     0.5222     0.6296    -0.9595    -0.4843     0.8410
K_h             0.0095     0.2375    -0.1643    -0.0749     0.6067     0.5001    -0.4687    -0.0779    -0.7701    -0.0749    -0.1830    -0.4687     0.0659     0.5001    -0.8147    -0.8142     1.0000    -0.7686    -0.1376     0.8089     0.9236     0.9236     0.9250     0.9544     0.6598     0.0924     0.8308     0.9968     0.7437    -0.1187     0.6067    -0.5527    -0.0920    -0.2144    -0.4618     0.3110    -0.6033     0.2553     0.6627     0.7663     0.1165    -0.0779     0.2375     0.6067    -0.4687    -0.0749    -0.1830     0.5001    -0.7701    -0.7686    -0.1376    -0.8147     0.9579    -0.0920    -0.2144     0.9236     0.7072    -0.5527
D              -0.1205    -0.4516     0.3545     0.5350    -0.9322    -0.1331     0.7756     0.5674     0.8643     0.5350     0.6807     0.7756     0.5350    -0.1331     0.9750     0.9666    -0.7686     1.0000    -0.3990    -0.9573    -0.9482    -0.9482    -0.9470    -0.9113    -0.8549     0.2958    -0.8778    -0.8133    -0.8239     0.6043    -0.9322     0.9179     0.5931     0.7090     0.6569    -0.7982     0.9436    -0.7623    -0.9524    -0.9646    -0.1623     0.5674    -0.4516    -0.9322     0.7756     0.5350     0.6807    -0.1331     0.8643     1.0000    -0.3990     0.9750    -0.9040     0.5931     0.7090    -0.9482    -0.4881     0.9179
D_star          0.1183     0.2518    -0.0485    -0.3765     0.3783    -0.1322    -0.2647    -0.4067    -0.3039    -0.3765    -0.4648    -0.2647    -0.6381    -0.1322    -0.2296    -0.2541    -0.1376    -0.3990     1.0000     0.4208     0.1266     0.1266     0.1247     0.0404     0.5739    -0.2191     0.1810    -0.0865     0.4495    -0.4128     0.3783    -0.4112    -0.4437    -0.4704    -0.2166     0.5029    -0.4435     0.5176     0.3505     0.2488    -0.0074    -0.4067     0.2518     0.3783    -0.2647    -0.3765    -0.4648    -0.1322    -0.3039    -0.3990     1.0000    -0.2296     0.0248    -0.4437    -0.4704     0.1266     0.0439    -0.4112
x               0.1164     0.4189    -0.1342    -0.2994     0.8283     0.3956    -0.5911    -0.3283    -0.9166    -0.2994    -0.4670    -0.5911    -0.3934     0.3956    -0.8927    -0.9185     0.8089    -0.9573     0.4208     1.0000     0.9189     0.9189     0.9185     0.8889     0.9552    -0.0375     0.9305     0.8422     0.9518    -0.3702     0.8283    -0.7969    -0.3630    -0.5019    -0.5659     0.6210    -0.8749     0.5767     0.8569     0.8598     0.1812    -0.3283     0.4189     0.8283    -0.5911    -0.2994    -0.4670     0.3956    -0.9166    -0.9573     0.4208    -0.8927     0.8816    -0.3630    -0.5019     0.9189     0.6993    -0.7969
psi             0.0739     0.3770    -0.3389    -0.3949     0.8432     0.2497    -0.7139    -0.4156    -0.8422    -0.3949    -0.5226    -0.7139    -0.2958     0.2497    -0.9733    -0.9595     0.9236    -0.9482     0.1266     0.9189     1.0000     1.0000     1.0000     0.9946     0.7672    -0.1889     0.8840     0.9493     0.7857    -0.4553     0.8432    -0.8128    -0.4335    -0.5520    -0.6152     0.6409    -0.8375     0.5955     0.8814     0.9500     0.1413    -0.4156     0.3770     0.8432    -0.7139    -0.3949    -0.5226     0.2497    -0.8422    -0.9482     0.1266    -0.9733     0.9924    -0.4335    -0.5520     1.0000     0.5613    -0.8128
phi             0.0739     0.3770    -0.3389    -0.3949     0.8432     0.2497    -0.7139    -0.4156    -0.8422    -0.3949    -0.5226    -0.7139    -0.2958     0.2497    -0.9733    -0.9595     0.9236    -0.9482     0.1266     0.9189     1.0000     1.0000     1.0000     0.9946     0.7672    -0.1889     0.8840     0.9493     0.7857    -0.4553     0.8432    -0.8128    -0.4335    -0.5520    -0.6152     0.6409    -0.8375     0.5955     0.8814     0.9500     0.1413    -0.4156     0.3770     0.8432    -0.7139    -0.3949    -0.5226     0.2497    -0.8422    -0.9482     0.1266    -0.9733     0.9924    -0.4335    -0.5520     1.0000     0.5613    -0.8128
upsilon         0.0752     0.3770    -0.3335    -0.3902     0.8392     0.2524    -0.7097    -0.4111    -0.8398    -0.3902    -0.5181    -0.7097    -0.2943     0.2524    -0.9723    -0.9598     0.9250    -0.9470     0.1247     0.9185     1.0000     1.0000     1.0000     0.9947     0.7673    -0.1849     0.8826     0.9506     0.7860    -0.4509     0.8392    -0.8087    -0.4290    -0.5476    -0.6110     0.6368    -0.8345     0.5915     0.8779     0.9490     0.1407    -0.4111     0.3770     0.8392    -0.7097    -0.3902    -0.5181     0.2524    -0.8398    -0.9470     0.1247    -0.9723     0.9925    -0.4290    -0.5476     1.0000     0.5621    -0.8087
mu              0.0567     0.3460    -0.3356    -0.3418     0.8009     0.2869    -0.6840    -0.3581    -0.8243    -0.3418    -0.4611    -0.6840    -0.2013     0.2869    -0.9505    -0.9308     0.9544    -0.9113     0.0404     0.8889     0.9946     0.9946     0.9947     1.0000     0.7244    -0.1524     0.8729     0.9726     0.7606    -0.3978     0.8009    -0.7653    -0.3729    -0.4904    -0.5925     0.5778    -0.7889     0.5297     0.8434     0.9221     0.1320    -0.3581     0.3460     0.8009    -0.6840    -0.3418    -0.4611     0.2869    -0.8243    -0.9113     0.0404    -0.9505     0.9997    -0.3729    -0.4904     0.9946     0.5797    -0.7653
mu_star         0.1509     0.4068     0.0910    -0.1459     0.6902     0.4940    -0.3949    -0.1806    -0.8527    -0.1459    -0.3292    -0.3949    -0.4089     0.4940    -0.7330    -0.8004     0.6598    -0.8549     0.5739     0.9552     0.7672     0.7672     0.7673     0.7244     1.0000     0.1235     0.8557     0.6940     0.9823    -0.2215     0.6902    -0.6603    -0.2240    -0.3650    -0.4266     0.4986    -0.7818     0.4604     0.7143     0.6967     0.1853    -0.1806     0.4068     0.6902    -0.3949    -0.1459    -0.3292     0.4940    -0.8527    -0.8549     0.5739    -0.7330     0.7138    -0.2240    -0.3650     0.7672     0.7405    -0.6603
A              -0.2803    -0.4109     0.7948     0.8334    -0.4984     0.8361     0.7987     0.9041    -0.0601     0.8334     0.8339     0.7987     0.4862     0.8361     0.3764     0.2041     0.0924     0.2958    -0.2191    -0.0375    -0.1889    -0.1889    -0.1849    -0.1524     0.1235     1.0000     0.0000     0.0535     0.2260     0.9021    -0.4984     0.5629     0.8625     0.8207     0.2539    -0.7652     0.4516    -0.7962    -0.4645    -0.4426     0.0280     0.9041    -0.4109    -0.4984     0.7987     0.8334     0.8339     0.8361    -0.0601     0.2958    -0.2191     0.3764    -0.1477     0.8625     0.8207    -0.1889     0.6241     0.5629
R_star          0.2156     0.4975    -0.1096    -0.1785     0.7968     0.4968    -0.5715    -0.2277    -0.8982    -0.1785    -0.3606    -0.5715    -0.2034     0.4968    -0.8345    -0.8266     0.8308    -0.8778     0.1810     0.9305     0.8840     0.8840     0.8826     0.8729     0.8557     0.0000     1.0000     0.8489     0.8915    -0.2738     0.7968    -0.7539    -0.2447    -0.4001    -0.4800     0.5381    -0.8601     0.4869     0.8242     0.7858     0.2683    -0.2277     0.4975     0.7968    -0.5715    -0.1785    -0.3606     0.4968    -0.8982    -0.8778     0.1810    -0.8345     0.8689    -0.2447    -0.4001     0.8840     0.7632    -0.7539
chi_h           0.0130     0.2578    -0.1844    -0.1325     0.6555     0.4636    -0.5093    -0.1368    -0.7945    -0.1325    -0.2452    -0.5093    -0.0144     0.4636    -0.8544    -0.8581     0.9968    -0.8133    -0.0865     0.8422     0.9493     0.9493     0.9506     0.9726     0.6940     0.0535     0.8489     1.0000     0.7649    -0.1777     0.6555    -0.6050    -0.1536    -0.2766    -0.4987     0.3730    -0.6515     0.3185     0.7092     0.8106     0.1232    -0.1368     0.2578     0.6555    -0.5093    -0.1325    -0.2452     0.4636    -0.7945    -0.8133    -0.0865    -0.8544     0.9748    -0.1536    -0.2766     0.9493     0.6923    -0.6050
chi_b           0.1092     0.3548     0.1151    -0.0395     0.6475     0.6177    -0.3430    -0.0639    -0.8832    -0.0395    -0.2169    -0.3430    -0.2437     0.6177    -0.7145    -0.7758     0.7437    -0.8239     0.4495     0.9518     0.7857     0.7857     0.7860     0.7606     0.9823     0.2260     0.8915     0.7649     1.0000    -0.1065     0.6475    -0.6038    -0.1061    -0.2552    -0.4168     0.3947    -0.7307     0.3476     0.6793     0.6630     0.1865    -0.0639     0.3548     0.6475    -0.3430    -0.0395    -0.2169     0.6177    -0.8832    -0.8239     0.4495    -0.7145     0.7533    -0.1061    -0.2552     0.7857     0.8426    -0.6038
Ynet           -0.1004    -0.3524     0.7970     0.9653    -0.7765     0.6881     0.9055     0.9982     0.3082     0.9653     0.9901     0.9055     0.7304     0.6881     0.6420     0.5262    -0.1187     0.6043    -0.4128    -0.3702    -0.4553    -0.4553    -0.4509    -0.3978    -0.2215     0.9021    -0.2738    -0.1777    -0.1065     1.0000    -0.7765     0.8252     0.9921     0.9856     0.5788    -0.9502     0.7017    -0.9614    -0.7464    -0.6978    -0.0230     0.9982    -0.3524    -0.7765     0.9055     0.9653     0.9901     0.6881     0.3082     0.6043    -0.4128     0.6420    -0.3912     0.9921     0.9856    -0.4553     0.3509     0.8252
R_dc            0.0367     0.3904    -0.5897    -0.7359     1.0000    -0.0878    -0.8941    -0.7522    -0.8237    -0.7359    -0.8403    -0.8941    -0.5898    -0.0878    -0.9236    -0.8604     0.6067    -0.9322     0.3783     0.8283     0.8432     0.8432     0.8392     0.8009     0.6902    -0.4984     0.7968     0.6555     0.6475    -0.7765     1.0000    -0.9961    -0.7729    -0.8609    -0.7749     0.9113    -0.9540     0.8794     0.9971     0.9229     0.1632    -0.7522     0.3904     1.0000    -0.8941    -0.7359    -0.8403    -0.0878    -0.8237    -0.9322     0.3783    -0.9236     0.7962    -0.7729    -0.8609     0.8432     0.3120    -0.9961
cryp           -0.0704    -0.4182     0.6136     0.7780    -0.9961     0.1641     0.9158     0.8022     0.7749     0.7780     0.8812     0.9158     0.6356     0.1641     0.9103     0.8410    -0.5527     0.9179    -0.4112    -0.7969    -0.8128    -0.8128    -0.8087    -0.7653    -0.6603     0.5629    -0.7539    -0.6050    -0.6038     0.8252    -0.9961     1.0000     0.8194     0.8996     0.7529    -0.9441     0.9540    -0.9180    -0.9895    -0.9174    -0.1548     0.8022    -0.4182    -0.9961     0.9158     0.7780     0.8812     0.1641     0.7749     0.9179    -0.4112     0.9103    -0.7595     0.8194     0.8996    -0.8128    -0.2354     1.0000
DC              0.0115    -0.2488     0.8016     0.9869    -0.7729     0.6907     0.8711     0.9955     0.3325     0.9869     0.9921     0.8711     0.7625     0.6907     0.6231     0.5222    -0.0920     0.5931    -0.4437    -0.3630    -0.4335    -0.4335    -0.4290    -0.3729    -0.2240     0.8625    -0.2447    -0.1536    -0.1061     0.9921    -0.7729     0.8194     1.0000     0.9856     0.6456    -0.9373     0.6727    -0.9464    -0.7402    -0.6787    -0.0036     0.9955    -0.2488    -0.7729     0.8711     0.9869     0.9921     0.6907     0.3325     0.5931    -0.4437     0.6231    -0.3669     1.0000     0.9856    -0.4335     0.3417     0.8194
m              -0.0600    -0.3496     0.7573     0.9561    -0.8609     0.5708     0.9177     0.9800     0.4546     0.9561     0.9990     0.9177     0.7678     0.5708     0.7252     0.6296    -0.2144     0.7090    -0.4704    -0.5019    -0.5520    -0.5520    -0.5476    -0.4904    -0.3650     0.8207    -0.4001    -0.2766    -0.2552     0.9856    -0.8609     0.8996     0.9856     1.0000     0.6660    -0.9819     0.7881    -0.9836    -0.8342    -0.7708    -0.0545     0.9800    -0.3496    -0.8609     0.9177     0.9561     0.9990     0.5708     0.4546     0.7090    -0.4704     0.7252    -0.4833     0.9856     1.0000    -0.5520     0.2006     0.8996
Lambda          0.6018     0.2791     0.6526     0.7114    -0.7749     0.1102     0.6073     0.5877     0.7621     0.7114     0.6625     0.6073     0.4470     0.1102     0.6730     0.6538    -0.4618     0.6569    -0.2166    -0.5659    -0.6152    -0.6152    -0.6110    -0.5925    -0.4266     0.2539    -0.4800    -0.4987    -0.4168     0.5788    -0.7749     0.7529     0.6456     0.6660     1.0000    -0.6224     0.5639    -0.5793    -0.7672    -0.6663     0.0005     0.5877     0.2791    -0.7749     0.6073     0.7114     0.6625     0.1102     0.7621     0.6569    -0.2166     0.6730    -0.5983     0.6456     0.6660    -0.6152    -0.2680     0.7529
gam             0.1840     0.4859    -0.6643    -0.8836     0.9113    -0.4402    -0.9327    -0.9339    -0.5379    -0.8836    -0.9730    -0.9327    -0.7617    -0.4402    -0.7956    -0.7084     0.3110    -0.7982     0.5029     0.6210     0.6409     0.6409     0.6368     0.5778     0.4986    -0.7652     0.5381     0.3730     0.3947    -0.9502     0.9113    -0.9441    -0.9373    -0.9819    -0.6224     1.0000    -0.8845     0.9974     0.8910     0.8318     0.1108    -0.9339     0.4859     0.9113    -0.9327    -0.8836    -0.9730    -0.4402    -0.5379    -0.7982     0.5029    -0.7956     0.5685    -0.9373    -0.9819     0.6409    -0.0695    -0.9441
trs            -0.3045    -0.6245     0.3962     0.5911    -0.9540    -0.0165     0.8448     0.6643     0.7789     0.5911     0.7602     0.8448     0.5843    -0.0165     0.9053     0.8543    -0.6033     0.9436    -0.4435    -0.8749    -0.8375    -0.8375    -0.8345    -0.7889    -0.7818     0.4516    -0.8601    -0.6515    -0.7307     0.7017    -0.9540     0.9540     0.6727     0.7881     0.5639    -0.8845     1.0000    -0.8592    -0.9560    -0.9022    -0.2252     0.6643    -0.6245    -0.9540     0.8448     0.5911     0.7602    -0.0165     0.7789     0.9436    -0.4435     0.9053    -0.7793     0.6727     0.7881    -0.8375    -0.3661     0.9540
Lambda1         0.2144     0.5013    -0.6598    -0.8893     0.8794    -0.4895    -0.9220    -0.9463    -0.4788    -0.8893    -0.9766    -0.9220    -0.7780    -0.4895    -0.7598    -0.6704     0.2553    -0.7623     0.5176     0.5767     0.5955     0.5955     0.5915     0.5297     0.4604    -0.7962     0.4869     0.3185     0.3476    -0.9614     0.8794    -0.9180    -0.9464    -0.9836    -0.5793     0.9974    -0.8592     1.0000     0.8565     0.8015     0.1019    -0.9463     0.5013     0.8794    -0.9220    -0.8893    -0.9766    -0.4895    -0.4788    -0.7623     0.5176    -0.7598     0.5196    -0.9464    -0.9836     0.5955    -0.1316    -0.9180
mu_cryp         0.0428     0.3961    -0.5656    -0.7022     0.9971    -0.0423    -0.8859    -0.7195    -0.8420    -0.7022    -0.8119    -0.8859    -0.5602    -0.0423    -0.9483    -0.8910     0.6627    -0.9524     0.3505     0.8569     0.8814     0.8814     0.8779     0.8434     0.7143    -0.4645     0.8242     0.7092     0.6793    -0.7464     0.9971    -0.9895    -0.7402    -0.8342    -0.7672     0.8910    -0.9560     0.8565     1.0000     0.9445     0.1632    -0.7195     0.3961     0.9971    -0.8859    -0.7022    -0.8119    -0.0423    -0.8420    -0.9524     0.3505    -0.9483     0.8389    -0.7402    -0.8342     0.8814     0.3528    -0.9895
x_c             0.1078     0.4299    -0.4937    -0.6343     0.9229    -0.0405    -0.8532    -0.6650    -0.7575    -0.6343    -0.7488    -0.8532    -0.5316    -0.0405    -0.9952    -0.9626     0.7663    -0.9646     0.2488     0.8598     0.9500     0.9500     0.9490     0.9221     0.6967    -0.4426     0.7858     0.8106     0.6630    -0.6978     0.9229    -0.9174    -0.6787    -0.7708    -0.6663     0.8318    -0.9022     0.8015     0.9445     1.0000     0.1256    -0.6650     0.4299     0.9229    -0.8532    -0.6343    -0.7488    -0.0405    -0.7575    -0.9646     0.2488    -0.9952     0.9167    -0.6787    -0.7708     0.9500     0.3157    -0.9174
DE              0.1981     0.2448     0.1031     0.0347     0.1632     0.1562    -0.0836    -0.0083    -0.1662     0.0347    -0.0413    -0.0836    -0.0798     0.1562    -0.1373    -0.1458     0.1165    -0.1623    -0.0074     0.1812     0.1413     0.1413     0.1407     0.1320     0.1853     0.0280     0.2683     0.1232     0.1865    -0.0230     0.1632    -0.1548    -0.0036    -0.0545     0.0005     0.1108    -0.2252     0.1019     0.1632     0.1256     1.0000    -0.0083     0.2448     0.1632    -0.0836     0.0347    -0.0413     0.1562    -0.1662    -0.1623    -0.0074    -0.1373     0.1286    -0.0036    -0.0545     0.1413     0.1871    -0.1548
logY           -0.0575    -0.3033     0.8110     0.9764    -0.7522     0.7186     0.8852     1.0000     0.2814     0.9764     0.9868     0.8852     0.7309     0.7186     0.6072     0.4917    -0.0779     0.5674    -0.4067    -0.3283    -0.4156    -0.4156    -0.4111    -0.3581    -0.1806     0.9041    -0.2277    -0.1368    -0.0639     0.9982    -0.7522     0.8022     0.9955     0.9800     0.5877    -0.9339     0.6643    -0.9463    -0.7195    -0.6650    -0.0083     1.0000    -0.3033    -0.7522     0.8852     0.9764     0.9868     0.7186     0.2814     0.5674    -0.4067     0.6072    -0.3520     0.9955     0.9800    -0.4156     0.3849     0.8022
logPi           0.9338     1.0000     0.0344    -0.0979     0.3904     0.0010    -0.4850    -0.3033    -0.1267    -0.0979    -0.3242    -0.4850    -0.2473     0.0010    -0.4195    -0.3463     0.2375    -0.4516     0.2518     0.4189     0.3770     0.3770     0.3770     0.3460     0.4068    -0.4109     0.4975     0.2578     0.3548    -0.3524     0.3904    -0.4182    -0.2488    -0.3496     0.2791     0.4859    -0.6245     0.5013     0.3961     0.4299     0.2448    -0.3033     1.0000     0.3904    -0.4850    -0.0979    -0.3242     0.0010    -0.1267    -0.4516     0.2518    -0.4195     0.3306    -0.2488    -0.3496     0.3770     0.0583    -0.4182
logR            0.0367     0.3904    -0.5897    -0.7359     1.0000    -0.0878    -0.8941    -0.7522    -0.8237    -0.7359    -0.8403    -0.8941    -0.5898    -0.0878    -0.9236    -0.8604     0.6067    -0.9322     0.3783     0.8283     0.8432     0.8432     0.8392     0.8009     0.6902    -0.4984     0.7968     0.6555     0.6475    -0.7765     1.0000    -0.9961    -0.7729    -0.8609    -0.7749     0.9113    -0.9540     0.8794     0.9971     0.9229     0.1632    -0.7522     0.3904     1.0000    -0.8941    -0.7359    -0.8403    -0.0878    -0.8237    -0.9322     0.3783    -0.9236     0.7962    -0.7729    -0.8609     0.8432     0.3120    -0.9961
logI           -0.1935    -0.4850     0.7965     0.8335    -0.8941     0.3980     1.0000     0.8852     0.5305     0.8335     0.9080     1.0000     0.4924     0.3980     0.8301     0.6861    -0.4687     0.7756    -0.2647    -0.5911    -0.7139    -0.7139    -0.7097    -0.6840    -0.3949     0.7987    -0.5715    -0.5093    -0.3430     0.9055    -0.8941     0.9158     0.8711     0.9177     0.6073    -0.9327     0.8448    -0.9220    -0.8859    -0.8532    -0.0836     0.8852    -0.4850    -0.8941     1.0000     0.8335     0.9080     0.3980     0.5305     0.7756    -0.2647     0.8301    -0.6807     0.8711     0.9177    -0.7139     0.0427     0.9158
logL            0.1595    -0.0979     0.8542     1.0000    -0.7359     0.7116     0.8335     0.9764     0.3210     1.0000     0.9668     0.8335     0.7134     0.7116     0.5801     0.4790    -0.0749     0.5350    -0.3765    -0.2994    -0.3949    -0.3949    -0.3902    -0.3418    -0.1459     0.8334    -0.1785    -0.1325    -0.0395     0.9653    -0.7359     0.7780     0.9869     0.9561     0.7114    -0.8836     0.5911    -0.8893    -0.7022    -0.6343     0.0347     0.9764    -0.0979    -0.7359     0.8335     1.0000     0.9668     0.7116     0.3210     0.5350    -0.3765     0.5801    -0.3390     0.9869     0.9561    -0.3949     0.3618     0.7780
logC           -0.0415    -0.3242     0.7710     0.9668    -0.8403     0.6037     0.9080     0.9868     0.4239     0.9668     1.0000     0.9080     0.7686     0.6037     0.7006     0.6033    -0.1830     0.6807    -0.4648    -0.4670    -0.5226    -0.5226    -0.5181    -0.4611    -0.3292     0.8339    -0.3606    -0.2452    -0.2169     0.9901    -0.8403     0.8812     0.9921     0.9990     0.6625    -0.9730     0.7602    -0.9766    -0.8119    -0.7488    -0.0413     0.9868    -0.3242    -0.8403     0.9080     0.9668     1.0000     0.6037     0.4239     0.6807    -0.4648     0.7006    -0.4542     0.9921     0.9990    -0.5226     0.2380     0.8812
logEX           0.0048     0.0010     0.6319     0.7116    -0.0878     1.0000     0.3980     0.7186    -0.4369     0.7116     0.6037     0.3980     0.4667     1.0000    -0.0472    -0.1547     0.5001    -0.1331    -0.1322     0.3956     0.2497     0.2497     0.2524     0.2869     0.4940     0.8361     0.4968     0.4636     0.6177     0.6881    -0.0878     0.1641     0.6907     0.5708     0.1102    -0.4402    -0.0165    -0.4895    -0.0423    -0.0405     0.1562     0.7186     0.0010    -0.0878     0.3980     0.7116     0.6037     1.0000    -0.4369    -0.1331    -0.1322    -0.0472     0.2895     0.6907     0.5708     0.2497     0.9125     0.1641
logM            0.1978    -0.1267     0.2418     0.3210    -0.8237    -0.4369     0.5305     0.2814     1.0000     0.3210     0.4239     0.5305     0.2842    -0.4369     0.8063     0.8219    -0.7701     0.8643    -0.3039    -0.9166    -0.8422    -0.8422    -0.8398    -0.8243    -0.8527    -0.0601    -0.8982    -0.7945    -0.8832     0.3082    -0.8237     0.7749     0.3325     0.4546     0.7621    -0.5379     0.7789    -0.4788    -0.8420    -0.7575    -0.1662     0.2814    -0.1267    -0.8237     0.5305     0.3210     0.4239    -0.4369     1.0000     0.8643    -0.3039     0.8063    -0.8242     0.3325     0.4546    -0.8422    -0.7667     0.7749
logD           -0.1205    -0.4516     0.3545     0.5350    -0.9322    -0.1331     0.7756     0.5674     0.8643     0.5350     0.6807     0.7756     0.5350    -0.1331     0.9750     0.9666    -0.7686     1.0000    -0.3990    -0.9573    -0.9482    -0.9482    -0.9470    -0.9113    -0.8549     0.2958    -0.8778    -0.8133    -0.8239     0.6043    -0.9322     0.9179     0.5931     0.7090     0.6569    -0.7982     0.9436    -0.7623    -0.9524    -0.9646    -0.1623     0.5674    -0.4516    -0.9322     0.7756     0.5350     0.6807    -0.1331     0.8643     1.0000    -0.3990     0.9750    -0.9040     0.5931     0.7090    -0.9482    -0.4881     0.9179
logD_star       0.1183     0.2518    -0.0485    -0.3765     0.3783    -0.1322    -0.2647    -0.4067    -0.3039    -0.3765    -0.4648    -0.2647    -0.6381    -0.1322    -0.2296    -0.2541    -0.1376    -0.3990     1.0000     0.4208     0.1266     0.1266     0.1247     0.0404     0.5739    -0.2191     0.1810    -0.0865     0.4495    -0.4128     0.3783    -0.4112    -0.4437    -0.4704    -0.2166     0.5029    -0.4435     0.5176     0.3505     0.2488    -0.0074    -0.4067     0.2518     0.3783    -0.2647    -0.3765    -0.4648    -0.1322    -0.3039    -0.3990     1.0000    -0.2296     0.0248    -0.4437    -0.4704     0.1266     0.0439    -0.4112
logN           -0.0939    -0.4195     0.4636     0.5801    -0.9236    -0.0472     0.8301     0.6072     0.8063     0.5801     0.7006     0.8301     0.4719    -0.0472     1.0000     0.9692    -0.8147     0.9750    -0.2296    -0.8927    -0.9733    -0.9733    -0.9723    -0.9505    -0.7330     0.3764    -0.8345    -0.8544    -0.7145     0.6420    -0.9236     0.9103     0.6231     0.7252     0.6730    -0.7956     0.9053    -0.7598    -0.9483    -0.9952    -0.1373     0.6072    -0.4195    -0.9236     0.8301     0.5801     0.7006    -0.0472     0.8063     0.9750    -0.2296     1.0000    -0.9461     0.6231     0.7252    -0.9733    -0.4005     0.9103
spread          0.0420     0.3306    -0.3431    -0.3390     0.7962     0.2895    -0.6807    -0.3520    -0.8242    -0.3390    -0.4542    -0.6807    -0.1857     0.2895    -0.9461    -0.9247     0.9579    -0.9040     0.0248     0.8816     0.9924     0.9924     0.9925     0.9997     0.7138    -0.1477     0.8689     0.9748     0.7533    -0.3912     0.7962    -0.7595    -0.3669    -0.4833    -0.5983     0.5685    -0.7793     0.5196     0.8389     0.9167     0.1286    -0.3520     0.3306     0.7962    -0.6807    -0.3390    -0.4542     0.2895    -0.8242    -0.9040     0.0248    -0.9461     1.0000    -0.3669    -0.4833     0.9924     0.5815    -0.7595
logDC           0.0115    -0.2488     0.8016     0.9869    -0.7729     0.6907     0.8711     0.9955     0.3325     0.9869     0.9921     0.8711     0.7625     0.6907     0.6231     0.5222    -0.0920     0.5931    -0.4437    -0.3630    -0.4335    -0.4335    -0.4290    -0.3729    -0.2240     0.8625    -0.2447    -0.1536    -0.1061     0.9921    -0.7729     0.8194     1.0000     0.9856     0.6456    -0.9373     0.6727    -0.9464    -0.7402    -0.6787    -0.0036     0.9955    -0.2488    -0.7729     0.8711     0.9869     0.9921     0.6907     0.3325     0.5931    -0.4437     0.6231    -0.3669     1.0000     0.9856    -0.4335     0.3417     0.8194
logm           -0.0600    -0.3496     0.7573     0.9561    -0.8609     0.5708     0.9177     0.9800     0.4546     0.9561     0.9990     0.9177     0.7678     0.5708     0.7252     0.6296    -0.2144     0.7090    -0.4704    -0.5019    -0.5520    -0.5520    -0.5476    -0.4904    -0.3650     0.8207    -0.4001    -0.2766    -0.2552     0.9856    -0.8609     0.8996     0.9856     1.0000     0.6660    -0.9819     0.7881    -0.9836    -0.8342    -0.7708    -0.0545     0.9800    -0.3496    -0.8609     0.9177     0.9561     0.9990     0.5708     0.4546     0.7090    -0.4704     0.7252    -0.4833     0.9856     1.0000    -0.5520     0.2006     0.8996
leverage        0.0739     0.3770    -0.3389    -0.3949     0.8432     0.2497    -0.7139    -0.4156    -0.8422    -0.3949    -0.5226    -0.7139    -0.2958     0.2497    -0.9733    -0.9595     0.9236    -0.9482     0.1266     0.9189     1.0000     1.0000     1.0000     0.9946     0.7672    -0.1889     0.8840     0.9493     0.7857    -0.4553     0.8432    -0.8128    -0.4335    -0.5520    -0.6152     0.6409    -0.8375     0.5955     0.8814     0.9500     0.1413    -0.4156     0.3770     0.8432    -0.7139    -0.3949    -0.5226     0.2497    -0.8422    -0.9482     0.1266    -0.9733     0.9924    -0.4335    -0.5520     1.0000     0.5613    -0.8128
TB             -0.0866     0.0583     0.3410     0.3618     0.3120     0.9125     0.0427     0.3849    -0.7667     0.3618     0.2380     0.0427     0.2038     0.9125    -0.4005    -0.4843     0.7072    -0.4881     0.0439     0.6993     0.5613     0.5613     0.5621     0.5797     0.7405     0.6241     0.7632     0.6923     0.8426     0.3509     0.3120    -0.2354     0.3417     0.2006    -0.2680    -0.0695    -0.3661    -0.1316     0.3528     0.3157     0.1871     0.3849     0.0583     0.3120     0.0427     0.3618     0.2380     0.9125    -0.7667    -0.4881     0.0439    -0.4005     0.5815     0.3417     0.2006     0.5613     1.0000    -0.2354
logcryp        -0.0704    -0.4182     0.6136     0.7780    -0.9961     0.1641     0.9158     0.8022     0.7749     0.7780     0.8812     0.9158     0.6356     0.1641     0.9103     0.8410    -0.5527     0.9179    -0.4112    -0.7969    -0.8128    -0.8128    -0.8087    -0.7653    -0.6603     0.5629    -0.7539    -0.6050    -0.6038     0.8252    -0.9961     1.0000     0.8194     0.8996     0.7529    -0.9441     0.9540    -0.9180    -0.9895    -0.9174    -0.1548     0.8022    -0.4182    -0.9961     0.9158     0.7780     0.8812     0.1641     0.7749     0.9179    -0.4112     0.9103    -0.7595     0.8194     0.8996    -0.8128    -0.2354     1.0000



COEFFICIENTS OF AUTOCORRELATION
Order              1        2        3        4        5
mc            0.4752   0.2308   0.1166   0.0629   0.0372
Pi            0.5925   0.3945   0.2944   0.2405   0.2086
Z             0.8533   0.7580   0.6880   0.6314   0.5824
w             0.9199   0.8667   0.8266   0.7933   0.7636
R             0.9224   0.8550   0.7952   0.7413   0.6925
epsilon       0.9482   0.8995   0.8539   0.8112   0.7714
Q             0.9392   0.8782   0.8194   0.7638   0.7118
Y             0.9656   0.9317   0.8987   0.8670   0.8365
M             0.8561   0.7557   0.6788   0.6157   0.5618
L             0.9199   0.8667   0.8266   0.7933   0.7636
C             0.9626   0.9278   0.8950   0.8640   0.8345
I             0.9392   0.8782   0.8194   0.7638   0.7118
K             0.9993   0.9973   0.9942   0.9899   0.9848
EX            0.9482   0.8995   0.8539   0.8112   0.7714
N             0.9293   0.8642   0.8042   0.7490   0.6982
K_b           0.9416   0.8874   0.8371   0.7904   0.7470
K_h           0.9218   0.8497   0.7834   0.7224   0.6663
D             0.9371   0.8790   0.8254   0.7762   0.7308
D_star        0.9963   0.9906   0.9836   0.9759   0.9677
x             0.9359   0.8772   0.8233   0.7738   0.7284
psi           0.9216   0.8497   0.7838   0.7232   0.6675
phi           0.9216   0.8497   0.7838   0.7232   0.6675
upsilon       0.9221   0.8505   0.7848   0.7245   0.6691
mu            0.9179   0.8428   0.7739   0.7107   0.6528
mu_star       0.9527   0.9100   0.8709   0.8348   0.8014
A             0.9500   0.9025   0.8574   0.8145   0.7738
R_star        0.9000   0.8100   0.7290   0.6561   0.5905
chi_h         0.9212   0.8487   0.7819   0.7205   0.6640
chi_b         0.9432   0.8912   0.8434   0.7994   0.7588
Ynet          0.9677   0.9341   0.9007   0.8683   0.8370
R_dc          0.9224   0.8550   0.7952   0.7413   0.6925
cryp          0.9342   0.8747   0.8206   0.7712   0.7260
DC            0.9581   0.9223   0.8900   0.8600   0.8317
m             0.9634   0.9284   0.8952   0.8635   0.8334
Lambda        0.6641   0.4947   0.4038   0.3504   0.3153
gam           0.9662   0.9307   0.8957   0.8621   0.8300
trs           0.9293   0.8657   0.8083   0.7561   0.7086
Lambda1       0.9694   0.9371   0.9051   0.8741   0.8445
mu_cryp       0.9212   0.8522   0.7905   0.7348   0.6843
x_c           0.9357   0.8762   0.8212   0.7703   0.7232
DE           -0.0337  -0.0248  -0.0197  -0.0164  -0.0140
logY          0.9656   0.9317   0.8987   0.8670   0.8365
logPi         0.5925   0.3945   0.2944   0.2405   0.2086
logR          0.9224   0.8550   0.7952   0.7413   0.6925
logI          0.9392   0.8782   0.8194   0.7638   0.7118
logL          0.9199   0.8667   0.8266   0.7933   0.7636
logC          0.9626   0.9278   0.8950   0.8640   0.8345
logEX         0.9482   0.8995   0.8539   0.8112   0.7714
logM          0.8561   0.7557   0.6788   0.6157   0.5618
logD          0.9371   0.8790   0.8254   0.7762   0.7308
logD_star     0.9963   0.9906   0.9836   0.9759   0.9677
logN          0.9293   0.8642   0.8042   0.7490   0.6982
spread        0.9168   0.8408   0.7713   0.7076   0.6492
logDC         0.9581   0.9223   0.8900   0.8600   0.8317
logm          0.9634   0.9284   0.8952   0.8635   0.8334
leverage      0.9216   0.8497   0.7838   0.7232   0.6675
TB            0.9182   0.8481   0.7863   0.7308   0.6806
logcryp       0.9342   0.8747   0.8206   0.7712   0.7260
Total computing time : 0h00m00s
Note: warning(s) encountered in MATLAB/Octave code
