Starting Dynare (version 5.2).
Calling Dynare with arguments: none
Starting preprocessing of the model file ...
Found 63 equation(s).
Evaluating expressions...done
Computing static model derivatives (order 1).
Computing dynamic model derivatives (order 1).
Processing outputs ...
done
Preprocessing completed.


STEADY-STATE RESULTS:

mc        		 0.888889
Pi        		 1
Z         		 0.0397027
w         		 5.0678
R         		 1.015
epsilon   		 1.03508
Q         		 1
Y         		 2.91308
M         		 0.450296
L         		 0.265695
C         		 1.95575
I         		 0.39132
K         		 19.566
EX        		 0.521849
N         		 3.75046
K_b       		 14.9643
K_h       		 4.60164
D         		 4.1137
D_star    		 6.8919
x         		 0.476712
psi       		 1.59999
phi       		 3.99
upsilon   		 1.56399
mu        		 0.00724622
mu_star   		 0.0110698
A         		 1
R_star    		 1.00782
Y_star    		 0.504162
Phi       		 0
Theta     		 0.401
chi_h     		 0.0106601
chi_b     		 0.033497
Ynet      		 2.40283
P_c       		 1
R_dc      		 1
theta_c   		 1
cryp      		 0
DC        		 0
m         		 1.95575
R_c       		 1
Lambda    		 0.985222
gam       		 0.314602
trs       		 1
Lambda1   		 0.742607
sigma_Rc  		 0
mu_cryp   		 0.0231132
x_c       		 0
DE        		 1
logY      		 1.06921
logPi     		 0
logR      		 0.0148886
logI      		 -0.938231
logL      		 -1.32541
logC      		 0.670776
logEX     		 -0.650377
logM      		 -0.797851
logD      		 1.41432
logD_star 		 1.93035
logN      		 1.32188
spread    		 0.00470266
logm      		 0.670776
leverage  		 1.38379
TB        		 0.0715536

EIGENVALUES:
         Modulus             Real        Imaginary

        4.39e-17         4.39e-17                0
       1.676e-15       -1.676e-15                0
       2.204e-15        2.204e-15                0
           0.458            0.458                0
             0.9              0.9                0
             0.9              0.9                0
          0.9341           0.9341                0
            0.95             0.95                0
            0.95             0.95                0
            0.95             0.95                0
           0.977            0.977                0
           0.984            0.984                0
           1.021            1.021                0
           1.041            1.041                0
           1.073            1.073                0
           1.169            1.169                0
           1.571            1.571                0
       1.171e+17       -1.171e+17                0
       1.118e+18        1.118e+18                0


There are 7 eigenvalue(s) larger than 1 in modulus 
for 7 forward-looking variable(s)

The rank condition is verified.

MODEL_DIAGNOSTICS:  The Jacobian of the static model is singular
MODEL_DIAGNOSTICS:  there is 2 colinear relationships between the variables and the equations
Relation 1
Colinear variables:
Z
w
epsilon
Y
M
L
C
I
K
EX
N
K_b
K_h
D
D_star
x
psi
phi
upsilon
mu
mu_star
R_star
Y_star
chi_h
chi_b
Ynet
m
gam
Lambda1
mu_cryp
logY
logI
logL
logC
logEX
logM
logD
logD_star
logN
spread
logm
leverage
TB
Relation 2
Colinear variables:
Z
w
epsilon
Y
M
L
C
I
K
EX
N
K_b
K_h
D
D_star
x
psi
phi
upsilon
mu
mu_star
R_star
Y_star
chi_h
chi_b
Ynet
m
gam
Lambda1
mu_cryp
logY
logI
logL
logC
logEX
logM
logD
logD_star
logN
spread
logm
leverage
TB
Relation 1
Colinear equations
    46    47

Relation 2
Colinear equations
    46    47

MODEL_DIAGNOSTICS:  The presence of a singularity problem typically indicates that there is one
MODEL_DIAGNOSTICS:  redundant equation entered in the model block, while another non-redundant equation
MODEL_DIAGNOSTICS:  is missing. The problem often derives from Walras Law.

MODEL SUMMARY

  Number of variables:         63
  Number of stochastic shocks: 6
  Number of state variables:   12
  Number of jumpers:           7
  Number of static variables:  45


MATRIX OF COVARIANCE OF EXOGENOUS SHOCKS
Variables               varepsilon_R      varepsilon_A  varepsilon_Rstar  varepsilon_Ystar            eps_Rc               vol
varepsilon_R                0.000006          0.000000          0.000000          0.000000          0.000000          0.000000
varepsilon_A                0.000000          0.000100          0.000000          0.000000          0.000000          0.000000
varepsilon_Rstar            0.000000          0.000000          0.000006          0.000000          0.000000          0.000000
varepsilon_Ystar            0.000000          0.000000          0.000000          0.000000          0.000000          0.000000
eps_Rc                      0.000000          0.000000          0.000000          0.000000          0.000000          0.000000
vol                         0.000000          0.000000          0.000000          0.000000          0.000000          0.000000

POLICY AND TRANSITION FUNCTIONS
                                  mc              Pi               Z               w               R         epsilon               Q               Y               M               L               C               I               K              EX               N             K_b             K_h               D          D_star               x             psi             phi         upsilon              mu         mu_star               A          R_star          Y_star             Phi           Theta           chi_h           chi_b            Ynet             P_c            R_dc         theta_c            cryp              DC               m             R_c          Lambda             gam             trs         Lambda1        sigma_Rc         mu_cryp             x_c              DE            logY           logPi            logR            logI            logL            logC           logEX            logM            logD       logD_star            logN          spread            logm        leverage              TB
Constant                    0.888889        1.000000        0.039703        5.067800        1.015000        1.035082        1.000000        2.913080        0.450296        0.265695        1.955755        0.391320       19.565980        0.521849        3.750460       14.964338        4.601643        4.113697        6.891895        0.476712        1.599990        3.990001        1.563991        0.007246        0.011070        1.000000        1.007816        0.504162               0        0.401000        0.010660        0.033497        2.402831        1.000000        1.000000        1.000000               0               0        1.955755        1.000000        0.985222        0.314602        1.000000        0.742607               0        0.023113               0        1.000000        1.069211               0        0.014889       -0.938231       -1.325405        0.670776       -0.650377       -0.797851        1.414322        1.930346        1.321878        0.004703        0.670776        1.383791        0.071554
R(-1)                      -2.797052       -0.982203       -0.263886       -8.420867        0.343439       -1.659928       -2.037620      -10.195439       -2.270795       -1.324471       -8.416431       -1.196041       -1.196041       -0.836872      -28.884106      -46.575726       45.379685      -34.349745       -2.270795        1.533541        4.082241       10.180152        3.561248        0.103167        0.037564               0               0               0               0               0        0.210903        0.043002       -7.351428               0               0               0               0               0       -8.416431               0       -0.775619        0.845067               0        1.059788               0        0.574007               0       -2.585871       -3.499882       -0.982203        0.338364       -3.056430       -4.984924       -4.303419       -1.603667       -5.042899       -8.350091       -0.329488       -7.701484        0.059948       -4.303419        2.551416        1.433922
K(-1)                      -0.009496       -0.003739       -0.001966        0.002027       -0.000026        0.022781       -0.023428        0.035782       -0.009190        0.000319        0.027604       -0.013752        0.966248        0.011485       -0.511631       -0.629263        1.595511       -0.612134       -0.009190        0.041071        0.113502        0.283047        0.099352        0.002785        0.001033               0               0               0               0               0        0.006866        0.003578        0.024592               0               0               0               0               0        0.027604               0       -0.001881       -0.008665               0       -0.020382               0        0.001429               0        0.018270        0.012283       -0.003739       -0.000026       -0.035143        0.001200        0.014114        0.022009       -0.020409       -0.148804       -0.001333       -0.136418        0.001517        0.014114        0.070939        0.020675
K_b(-1)                    -0.000253       -0.000390        0.000036        0.001154       -0.000372       -0.003892        0.028396        0.003484        0.002103        0.000182        0.009050        0.016668        0.016668       -0.001962        1.376807        2.787724       -2.771056        1.853069        0.002103       -0.103991       -0.243865       -0.608142       -0.214264       -0.005568       -0.002793               0               0               0               0               0       -0.012848       -0.007423        0.023330               0               0               0               0               0        0.009050               0        0.000020       -0.003005               0       -0.006082               0       -0.003730               0       -0.004150        0.001196       -0.000390       -0.000366        0.042594        0.000683        0.004627       -0.003760        0.004671        0.450463        0.000305        0.367104       -0.002970        0.004627       -0.152416       -0.004066
D(-1)                       0.000252        0.000388       -0.000036       -0.001149        0.000370        0.003874       -0.028265       -0.003468       -0.002094       -0.000181       -0.009008       -0.016591       -0.016591        0.001953       -1.370457       -2.774868        2.758277       -1.844523       -0.002094        0.103511        0.242740        0.605337        0.213275        0.005543        0.002780               0               0               0               0               0        0.012789        0.007389       -0.023223               0               0               0               0               0       -0.009008               0       -0.000019        0.002991               0        0.006053               0        0.003713               0        0.004131       -0.001191        0.000388        0.000364       -0.042397       -0.000680       -0.004606        0.003743       -0.004650       -0.448386       -0.000304       -0.365411        0.002956       -0.004606        0.151713        0.004047
D_star(-1)                 -0.003133        0.000337       -0.001030       -0.032860        0.002704        0.043864       -0.059709       -0.065286       -0.030761       -0.005168       -0.093422       -0.035048       -0.035048        0.022114       -2.108468       -3.911036        3.875989       -3.986615        0.977055        0.240840        0.385795        0.962083        0.338456        0.008117        0.006714               0               0               0               0               0        0.017977        0.023091       -0.094266               0               0               0               0               0       -0.093422               0       -0.001683        0.024551               0        0.050591               0        0.009107               0        0.042714       -0.022411        0.000337        0.002664       -0.089563       -0.019452       -0.047768        0.042377       -0.068313       -0.969108        0.141769       -0.562189        0.004258       -0.047768        0.241123        0.052876
A(-1)                      -0.555560       -0.219212        0.010777        0.343909       -0.009634        1.197664        0.933718        2.611435       -0.398793        0.054091        1.427615        0.548073        0.548073        0.603817        4.424603        1.844324       -1.296250        3.589032       -0.398793        0.020137       -0.196453       -0.489907       -0.158940       -0.009747        0.002454        0.950000               0               0               0               0       -0.006304        0.038235        2.452985               0               0               0               0               0        1.427615               0       -0.102614       -0.391456               0       -0.897789               0       -0.016975               0        0.937860        0.896451       -0.219212       -0.009492        1.400577        0.203585        0.729956        1.157071       -0.885625        0.872459       -0.057864        1.179749       -0.005358        0.729956       -0.122784        1.002610
R_star(-1)                  0.883756        0.617852       -0.027402       -0.874418        0.662552        7.423841       -5.690667       -4.906794       -3.540403       -0.137532       -7.616269       -3.340304       -3.340304        3.742818     -132.076615     -235.304630      231.964326     -241.788074        3.351492       13.859705       22.081605       55.066346       19.261672        0.496990        0.374442               0        0.900000               0               0               0        1.076548        1.230413       -6.892070               0               0               0               0               0       -7.616269               0       -0.195863        2.838095               0        4.895524               0        1.290479               0        7.790076       -1.684400        0.617852        0.652760       -8.536001       -0.517632       -3.894287        7.172223       -7.862400      -58.776347        0.486295      -35.216113        0.265555       -3.894287       13.801086        7.283222
Y_star(-1)                  0.235705        0.081985        0.032013        1.021557        0.002368       -0.468924        0.139937        1.576394        0.567076        0.160675        0.905682        0.082140        0.082140        0.695160        5.777641        9.990409       -9.908269        9.822571       -0.332924       -0.623963       -1.172735       -2.924527       -1.043433       -0.021481       -0.018681               0               0        0.900000               0               0       -0.045951       -0.060637        1.307166               0               0               0               0               0        0.905682               0        0.034185       -0.028486               0       -0.073686               0       -0.011826               0       -0.371046        0.541143        0.081985        0.002333        0.209905        0.604734        0.463086        1.332110        1.259342        2.387772       -0.048307        1.540515       -0.010967        0.463086       -0.732964        0.128084
P_c(-1)                            0               0               0               0               0               0               0               0               0               0               0               0               0               0               0               0               0               0               0               0               0               0               0               0               0               0               0               0               0               0               0               0               0               0               0               0               0               0               0       -1.000000               0               0               0               0               0        1.540878               0               0               0               0               0               0               0               0               0               0               0               0               0               0               0               0               0
theta_c(-1)                        0               0               0               0               0               0               0               0               0               0               0               0               0               0               0               0               0               0               0               0               0               0               0               0               0               0               0               0               0               0               0               0               0       -0.154393               0        0.950000               0               0               0       -0.154393               0               0               0               0               0        0.237901               0               0               0               0               0               0               0               0               0               0               0               0               0               0               0               0               0
sigma_Rc(-1)                       0               0               0               0               0               0               0               0               0               0               0               0               0               0               0               0               0               0               0               0               0               0               0               0               0               0               0               0               0               0               0               0               0               0               0               0               0               0               0               0               0               0               0               0        0.950000               0               0               0               0               0               0               0               0               0               0               0               0               0               0               0               0               0               0
epsilon(-1)                 0.205784        0.072352        0.019397        0.618969       -0.025148        0.123234        0.141432        0.748789        0.166381        0.097354        0.616301        0.083017        0.083017        0.062130        1.715786        2.598301       -2.515283        1.976451        0.166381       -0.081930       -0.227874       -0.568265       -0.198341       -0.005935       -0.001934               0               0               0               0               0       -0.011699       -0.000960        0.533738               0               0               0               0               0        0.616301               0        0.057037       -0.061259               0       -0.076138               0       -0.041108               0       -0.774698        0.257044        0.072352       -0.024776        0.212147        0.366413        0.315122        0.119057        0.369493        0.480456        0.024142        0.457487       -0.003528        0.315122       -0.142422       -0.104251
varepsilon_R               -3.550057       -1.248167       -0.334621      -10.678068        0.433837       -2.125956       -2.439888      -12.917629       -2.870304       -1.679493      -10.632028       -1.432164       -1.432164       -1.071826      -29.599651      -44.824247       43.392083      -34.096480       -2.870304        1.413411        3.931144        9.803351        3.421645        0.102393        0.033366               0               0               0               0               0        0.201823        0.016566       -9.207709               0               0               0               0               0      -10.632028               0       -0.983966        1.056799               0        1.313478               0        0.709177               0       -3.302067       -4.434354       -1.248167        0.427426       -3.659833       -6.321126       -5.436279       -2.053900       -6.374268       -8.288525       -0.416475       -7.892273        0.060859       -5.436279        2.456980        1.798478
varepsilon_A               -0.584800       -0.230749        0.011344        0.362009       -0.010141        1.260699        0.982861        2.748879       -0.419782        0.056938        1.502752        0.576919        0.576919        0.635596        4.657477        1.941393       -1.364474        3.777929       -0.419782        0.021197       -0.206792       -0.515692       -0.167305       -0.010259        0.002583        1.000000               0               0               0               0       -0.006636        0.040247        2.582090               0               0               0               0               0        1.502752               0       -0.108014       -0.412059               0       -0.945041               0       -0.017868               0        0.987221        0.943633       -0.230749       -0.009991        1.474291        0.214300        0.768375        1.217970       -0.932237        0.918378       -0.060910        1.241842       -0.005640        0.768375       -0.129246        1.055379
varepsilon_Rstar            1.005756        0.683943       -0.022622       -0.721897        0.715624        7.915423       -5.869281       -4.955928       -3.700050       -0.113543       -7.752677       -3.445147       -3.445147        3.990655     -130.731077     -231.732462      228.287315     -238.362025       -3.700049       13.569701       21.603739       53.874662       18.830174        0.490534        0.365034               0        1.000000               0               0               0        1.059569        1.191671       -6.941593               0               0               0               0               0       -7.752677               0       -0.204839        2.966893               0        5.055067               0        1.364672               0        8.331088       -1.701267        0.683943        0.705048       -8.803921       -0.427344       -3.964033        7.647144       -8.216936      -57.943508       -0.536870      -34.857347        0.262706       -3.964033       13.502419        7.690705
varepsilon_Ystar            0.261895        0.091094        0.035570        1.135063        0.002631       -0.521026        0.155485        1.751549        0.630085        0.178528        1.006313        0.091267        0.091267        0.772401        6.419601       11.100455      -11.009188       10.913968       -0.369915       -0.693292       -1.303039       -3.249474       -1.159370       -0.023868       -0.020756               0               0        1.000000               0               0       -0.051057       -0.067375        1.452407               0               0               0               0               0        1.006313               0        0.037984       -0.031651               0       -0.081873               0       -0.013140               0       -0.412273        0.601270        0.091094        0.002592        0.233228        0.671927        0.514540        1.480122        1.399269        2.653080       -0.053674        1.711684       -0.012185        0.514540       -0.814404        0.142316
eps_Rc                             0               0               0               0               0               0               0               0               0               0               0               0               0               0               0               0               0               0               0               0               0               0               0               0               0               0               0               0               0               0               0               0               0               0               0               0               0               0               0               0               0               0               0               0        0.030000               0               0               0               0               0               0               0               0               0               0               0               0               0               0               0               0               0               0
vol                                0               0               0               0               0               0               0               0               0               0               0               0               0               0               0               0               0               0               0               0               0               0               0               0               0               0               0               0               0               0               0               0               0       -0.162519               0        1.000000               0               0               0       -0.162519               0               0               0               0               0        0.250422               0               0               0               0               0               0               0               0               0               0               0               0               0               0               0               0               0
[Warning: Aggregate variance and sum of variances by shocks differ by more than 0.01 %] 
[> In <a href="matlab:matlab.internal.language.introspective.errorDocCallback('th_autocovariances', 'D:\5.2\matlab\th_autocovariances.m', 206)" style="font-weight:bold">th_autocovariances</a> (<a href="matlab: opentoline('D:\5.2\matlab\th_autocovariances.m',206,0)">line 206</a>)
In <a href="matlab:matlab.internal.language.introspective.errorDocCallback('disp_th_moments', 'D:\5.2\matlab\disp_th_moments.m', 40)" style="font-weight:bold">disp_th_moments</a> (<a href="matlab: opentoline('D:\5.2\matlab\disp_th_moments.m',40,0)">line 40</a>)
In <a href="matlab:matlab.internal.language.introspective.errorDocCallback('stoch_simul', 'D:\5.2\matlab\stoch_simul.m', 210)" style="font-weight:bold">stoch_simul</a> (<a href="matlab: opentoline('D:\5.2\matlab\stoch_simul.m',210,0)">line 210</a>)
In <a href="matlab:matlab.internal.language.introspective.errorDocCallback('cash.driver', 'D:\cryp\crypto_storage\cash\+cash\driver.m', 820)" style="font-weight:bold">cash.driver</a> (<a href="matlab: opentoline('D:\cryp\crypto_storage\cash\+cash\driver.m',820,0)">line 820</a>)
In <a href="matlab:matlab.internal.language.introspective.errorDocCallback('dynare', 'D:\5.2\matlab\dynare.m', 281)" style="font-weight:bold">dynare</a> (<a href="matlab: opentoline('D:\5.2\matlab\dynare.m',281,0)">line 281</a>)] 


THEORETICAL MOMENTS
VARIABLE          MEAN  STD. DEV.   VARIANCE
mc              0.8889     0.0124     0.0002
Pi              1.0000     0.0055     0.0000
Z               0.0397     0.0019     0.0000
w               5.0678     0.0846     0.0072
R               1.0150     0.0060     0.0000
epsilon         1.0351     0.0741     0.0055
Q               1.0000     0.0549     0.0030
Y               2.9131     0.1929     0.0372
M               0.4503     0.0295     0.0009
L               0.2657     0.0133     0.0002
C               1.9558     0.1525     0.0232
I               0.3913     0.0322     0.0010
K              19.5660     0.7730     0.5976
EX              0.5218     0.0373     0.0014
N               3.7505     0.9384     0.8806
K_b            14.9643     1.7337     3.0057
K_h             4.6016     1.4784     2.1855
D               4.1137     1.8212     3.3168
D_star          6.8919     0.3327     0.1107
x               0.4767     0.1031     0.0106
psi             1.6000     0.1478     0.0218
phi             3.9900     0.3685     0.1358
upsilon         1.5640     0.1290     0.0166
mu              0.0072     0.0033     0.0000
mu_star         0.0111     0.0028     0.0000
A               1.0000     0.0320     0.0010
R_star          1.0078     0.0057     0.0000
Y_star          0.5042     0.0000     0.0000
Phi             0.0000     0.0000     0.0000
Theta           0.4010     0.0000     0.0000
chi_h           0.0107     0.0069     0.0000
chi_b           0.0335     0.0097     0.0001
Ynet            2.4028     0.1671     0.0279
P_c             1.0000     0.0000     0.0000
R_dc            1.0000     0.0000     0.0000
theta_c         1.0000     0.0000     0.0000
cryp            0.0000     0.0000     0.0000
DC              0.0000     0.0000     0.0000
m               1.9558     0.1525     0.0232
R_c             1.0000     0.0000     0.0000
Lambda          0.9852     0.0042     0.0000
gam             0.3146     0.0346     0.0012
trs             1.0000     0.0000     0.0000
Lambda1         0.7426     0.0666     0.0044
sigma_Rc        0.0000     0.0000     0.0000
mu_cryp         0.0231     0.0107     0.0001
x_c             0.0000     0.0000     0.0000
DE              1.0000     0.0248     0.0006
logY            1.0692     0.0662     0.0044
logPi           0.0000     0.0055     0.0000
logR            0.0149     0.0059     0.0000
logI           -0.9382     0.0823     0.0068
logL           -1.3254     0.0501     0.0025
logC            0.6708     0.0780     0.0061
logEX          -0.6504     0.0715     0.0051
logM           -0.7979     0.0654     0.0043
logD            1.4143     0.4427     0.1960
logD_star       1.9303     0.0483     0.0023
logN            1.3219     0.2502     0.0626
spread          0.0047     0.0017     0.0000
logm            0.6708     0.0780     0.0061
leverage        1.3838     0.0924     0.0085
TB              0.0716     0.0585     0.0034



VARIANCE DECOMPOSITION (in percent)
                 varepsilon_R      varepsilon_A  varepsilon_Rstar  varepsilon_Ystar            eps_Rc               vol
mc                      64.90             28.51              6.59              0.00              0.00              0.00
Pi                      40.12             27.39             32.49              0.00              0.00              0.00
Z                       24.10             70.51              5.39              0.00              0.00              0.00
w                       12.61             73.39             14.00              0.00              0.00              0.00
R                        4.19             22.55             73.26              0.00              0.00              0.00
epsilon                  1.03             63.62             35.35              0.00              0.00              0.00
Q                        1.86             48.62             49.52              0.00              0.00              0.00
Y                        3.55             80.25             16.19              0.00              0.00              0.00
M                        7.62              2.53             89.85              0.00              0.00              0.00
L                       12.61             73.39             14.00              0.00              0.00              0.00
C                        3.84             61.32             34.84              0.00              0.00              0.00
I                        1.86             48.62             49.52              0.00              0.00              0.00
K                        0.44             55.49             44.07              0.00              0.00              0.00
EX                       1.03             63.62             35.35              0.00              0.00              0.00
N                        3.57              4.69             91.74              0.00              0.00              0.00
K_b                      4.55              4.02             91.44              0.00              0.00              0.00
K_h                      4.92              2.51             92.57              0.00              0.00              0.00
D                        0.94              1.62             97.44              0.00              0.00              0.00
D_star                   5.30              0.54             94.16              0.00              0.00              0.00
x                        0.63              0.09             99.27              0.00              0.00              0.00
psi                      3.47              0.11             96.42              0.00              0.00              0.00
phi                      3.47              0.11             96.42              0.00              0.00              0.00
upsilon                  3.52              0.10             96.38              0.00              0.00              0.00
mu                       4.40              0.60             95.00              0.00              0.00              0.00
mu_star                  0.53              0.21             99.25              0.00              0.00              0.00
A                        0.00            100.00              0.00              0.00              0.00              0.00
R_star                   0.00              0.00            100.00              0.00              0.00              0.00
Y_star                   0.00              0.00              0.00            100.00              0.00              0.00
Phi                      2.35              7.71             89.95              0.00              0.00              0.00
Theta                    0.79              3.24             95.97              0.00              0.00              0.00
chi_h                    4.99              1.27             93.74              0.00              0.00              0.00
chi_b                    0.31              3.49             96.20              0.00              0.00              0.00
Ynet                     2.47             74.29             23.24              0.00              0.00              0.00
P_c                      0.00              0.00              0.00              0.00              0.00            100.00
R_dc                     0.89              1.58             97.53              0.00              0.00              0.00
theta_c                  0.00              0.00              0.00              0.00              0.00            100.00
cryp                      NaN               NaN               NaN               NaN               NaN               NaN
DC                        NaN               NaN               NaN               NaN               NaN               NaN
m                        3.84             61.32             34.84              0.00              0.00              0.00
R_c                      0.00              0.00              0.04              0.00              0.00             99.96
Lambda                  43.91             23.21             32.87              0.00              0.00              0.00
gam                      0.75             43.75             55.49              0.00              0.00              0.00
trs                      0.52              1.83             97.65              0.00              0.00              0.00
Lambda1                  0.34             48.68             50.99              0.00              0.00              0.00
sigma_Rc                 0.00              0.02              0.00              0.00             99.98              0.00
mu_cryp                  3.73             15.99             80.28              0.00              0.00              0.00
x_c                       NaN               NaN               NaN               NaN               NaN               NaN
DE                      11.35             17.19             71.46              0.00              0.00              0.00
logY                     3.55             80.25             16.19              0.00              0.00              0.00
logPi                   40.12             27.39             32.49              0.00              0.00              0.00
logR                     4.19             22.55             73.26              0.00              0.00              0.00
logI                     1.86             48.62             49.52              0.00              0.00              0.00
logL                    12.61             73.39             14.00              0.00              0.00              0.00
logC                     3.84             61.32             34.84              0.00              0.00              0.00
logEX                    1.03             63.62             35.35              0.00              0.00              0.00
logM                     7.62              2.53             89.85              0.00              0.00              0.00
logD                     0.94              1.62             97.44              0.00              0.00              0.00
logD_star                5.30              0.54             94.16              0.00              0.00              0.00
logN                     3.57              4.69             91.74              0.00              0.00              0.00
spread                   4.72              0.81             94.46              0.00              0.00              0.00
logm                     3.84             61.32             34.84              0.00              0.00              0.00
leverage                 3.47              0.11             96.42              0.00              0.00              0.00
TB                       1.09             27.19             71.72              0.00              0.00              0.00



MATRIX OF CORRELATIONS
Variables           mc         Pi          Z          w          R    epsilon          Q          Y          M          L          C          I          K         EX          N        K_b        K_h          D     D_star          x        psi        phi    upsilon         mu    mu_star          A     R_star      chi_h      chi_b       Ynet          m     Lambda        gam    Lambda1    mu_cryp         DE       logY      logPi       logR       logI       logL       logC      logEX       logM       logD  logD_star       logN     spread       logm   leverage         TB
mc              1.0000     0.9083     0.2337     0.1433     0.0585     0.0306    -0.2155    -0.0661     0.1128     0.1433    -0.0590    -0.2155    -0.0510     0.0306    -0.1488    -0.1173     0.1109    -0.1559     0.0837     0.1463     0.1280     0.1280     0.1268     0.1336     0.1419    -0.2787     0.2193     0.1132     0.1306    -0.1152    -0.0590     0.5515     0.1873     0.2156     0.0719     0.1989    -0.0661     0.9083     0.0585    -0.2155     0.1433    -0.0590     0.0306     0.1128    -0.1559     0.0837    -0.1488     0.1276    -0.0590     0.1280    -0.0372
Pi              0.9083     1.0000     0.0072    -0.1619     0.4682     0.1085    -0.5640    -0.3545    -0.2839    -0.1619    -0.4048    -0.5640    -0.3003     0.1085    -0.5327    -0.4965     0.4252    -0.5345     0.2865     0.5087     0.4854     0.4854     0.4837     0.4887     0.5007    -0.3924     0.5552     0.4402     0.4537    -0.4237    -0.4048     0.1577     0.5532     0.5646     0.4814     0.2579    -0.3545     1.0000     0.4682    -0.5640    -0.1619    -0.4048     0.1085    -0.2839    -0.5345     0.2865    -0.5327     0.4838    -0.4048     0.4854     0.2122
Z               0.2337     0.0072     1.0000     0.8110    -0.5555     0.5201     0.7319     0.7685     0.2589     0.8110     0.6957     0.7319     0.1785     0.5201     0.3370     0.2239    -0.1692     0.2165     0.0397    -0.1247    -0.1972    -0.1972    -0.1936    -0.2620    -0.0974     0.7785    -0.1670    -0.1788     0.0419     0.7411     0.6957     0.6458    -0.5711    -0.5654    -0.5036     0.0706     0.7685     0.0072    -0.5555     0.7319     0.8110     0.6957     0.5201     0.2589     0.2165     0.0397     0.3370    -0.2823     0.6957    -0.1972     0.2016
w               0.1433    -0.1619     0.8110     1.0000    -0.7473     0.5545     0.8025     0.9781     0.4141     1.0000     0.9532     0.8025     0.7202     0.5545     0.5076     0.4619    -0.1651     0.4528    -0.3660    -0.3492    -0.3189    -0.3189    -0.3160    -0.3379    -0.3365     0.7977    -0.2518    -0.2078    -0.1845     0.9623     0.9532     0.7390    -0.8526    -0.8640    -0.6873     0.0145     0.9781    -0.1619    -0.7473     0.8025     1.0000     0.9532     0.5545     0.4141     0.4528    -0.3660     0.5076    -0.3483     0.9532    -0.3189     0.1454
R               0.0585     0.4682    -0.5555    -0.7473     1.0000     0.1028    -0.9282    -0.7658    -0.8752    -0.7473    -0.8803    -0.9282    -0.6124     0.1028    -0.9382    -0.9078     0.7443    -0.9108     0.4588     0.8579     0.8516     0.8516     0.8497     0.8565     0.8453    -0.4374     0.8284     0.7759     0.7414    -0.8201    -0.8803    -0.7984     0.9447     0.9154     0.9956     0.1875    -0.7658     0.4682     1.0000    -0.9282    -0.7473    -0.8803     0.1028    -0.8752    -0.9108     0.4588    -0.9382     0.8597    -0.8803     0.8516     0.5062
epsilon         0.0306     0.1085     0.5201     0.5545     0.1028     1.0000     0.1321     0.5526    -0.5278     0.5545     0.3554     0.1321     0.3023     1.0000    -0.3676    -0.4125     0.6418    -0.4441     0.1259     0.5462     0.5570     0.5570     0.5597     0.5196     0.5554     0.7738     0.5945     0.6183     0.6748     0.4700     0.3554    -0.0161    -0.1470    -0.2054     0.1863     0.1860     0.5526     0.1085     0.1028     0.1321     0.5545     0.3554     1.0000    -0.5278    -0.4441     0.1259    -0.3676     0.5063     0.3554     0.5570     0.9039
Q              -0.2155    -0.5640     0.7319     0.8025    -0.9282     0.1321     1.0000     0.8545     0.6746     0.8025     0.9008     1.0000     0.4961     0.1321     0.8332     0.7572    -0.6286     0.7608    -0.3085    -0.6843    -0.7132    -0.7132    -0.7102    -0.7466    -0.6626     0.6948    -0.6980    -0.6539    -0.5290     0.8949     0.9008     0.6618    -0.9290    -0.9136    -0.9102    -0.1417     0.8545    -0.5640    -0.9282     1.0000     0.8025     0.9008     0.1321     0.6746     0.7608    -0.3085     0.8332    -0.7557     0.9008    -0.7132    -0.2554
Y              -0.0661    -0.3545     0.7685     0.9781    -0.7658     0.5526     0.8545     1.0000     0.3938     0.9781     0.9735     0.8545     0.7369     0.5526     0.5431     0.4904    -0.1898     0.4894    -0.3866    -0.3829    -0.3485    -0.3485    -0.3452    -0.3688    -0.3692     0.8629    -0.3000    -0.2333    -0.2135     0.9944     0.9735     0.6290    -0.8990    -0.9165    -0.7081    -0.0273     1.0000    -0.3545    -0.7658     0.8545     0.9781     0.9735     0.5526     0.3938     0.4894    -0.3866     0.5431    -0.3780     0.9735    -0.3485     0.1544
M               0.1128    -0.2839     0.2589     0.4141    -0.8752    -0.5278     0.6746     0.3938     1.0000     0.4141     0.5842     0.6746     0.4045    -0.5278     0.9202     0.9226    -0.8705     0.9480    -0.5113    -0.9539    -0.9348    -0.9348    -0.9347    -0.9132    -0.9510    -0.0323    -0.9072    -0.8884    -0.9264     0.4681     0.5842     0.7719    -0.7094    -0.6572    -0.9053    -0.1886     0.3938    -0.2839    -0.8752     0.6746     0.4141     0.5842    -0.5278     1.0000     0.9480    -0.5113     0.9202    -0.9092     0.5842    -0.9348    -0.8403
L               0.1433    -0.1619     0.8110     1.0000    -0.7473     0.5545     0.8025     0.9781     0.4141     1.0000     0.9532     0.8025     0.7202     0.5545     0.5076     0.4619    -0.1651     0.4528    -0.3660    -0.3492    -0.3189    -0.3189    -0.3160    -0.3379    -0.3365     0.7977    -0.2518    -0.2078    -0.1845     0.9623     0.9532     0.7390    -0.8526    -0.8640    -0.6873     0.0145     0.9781    -0.1619    -0.7473     0.8025     1.0000     0.9532     0.5545     0.4141     0.4528    -0.3660     0.5076    -0.3483     0.9532    -0.3189     0.1454
C              -0.0590    -0.4048     0.6957     0.9532    -0.8803     0.3554     0.9008     0.9735     0.5842     0.9532     1.0000     0.9008     0.7847     0.3554     0.6988     0.6603    -0.3640     0.6681    -0.5047    -0.5772    -0.5298    -0.5298    -0.5271    -0.5367    -0.5664     0.7409    -0.4778    -0.4090    -0.4267     0.9881     1.0000     0.7170    -0.9699    -0.9756    -0.8372    -0.0727     0.9735    -0.4048    -0.8803     0.9008     0.9532     1.0000     0.3554     0.5842     0.6681    -0.5047     0.6988    -0.5424     1.0000    -0.5298    -0.0673
I              -0.2155    -0.5640     0.7319     0.8025    -0.9282     0.1321     1.0000     0.8545     0.6746     0.8025     0.9008     1.0000     0.4961     0.1321     0.8332     0.7572    -0.6286     0.7608    -0.3085    -0.6843    -0.7132    -0.7132    -0.7102    -0.7466    -0.6626     0.6948    -0.6980    -0.6539    -0.5290     0.8949     0.9008     0.6618    -0.9290    -0.9136    -0.9102    -0.1417     0.8545    -0.5640    -0.9282     1.0000     0.8025     0.9008     0.1321     0.6746     0.7608    -0.3085     0.8332    -0.7557     0.9008    -0.7132    -0.2554
K              -0.0510    -0.3003     0.1785     0.7202    -0.6124     0.3023     0.4961     0.7369     0.4045     0.7202     0.7847     0.4961     1.0000     0.3023     0.4726     0.5289    -0.0974     0.5229    -0.6664    -0.4578    -0.3221    -0.3221    -0.3214    -0.2775    -0.4685     0.4195    -0.2464    -0.1576    -0.3777     0.7451     0.7847     0.4796    -0.7681    -0.7932    -0.5743    -0.0663     0.7369    -0.3003    -0.6124     0.4961     0.7202     0.7847     0.3023     0.4045     0.5229    -0.6664     0.4726    -0.2708     0.7847    -0.3221    -0.0108
EX              0.0306     0.1085     0.5201     0.5545     0.1028     1.0000     0.1321     0.5526    -0.5278     0.5545     0.3554     0.1321     0.3023     1.0000    -0.3676    -0.4125     0.6418    -0.4441     0.1259     0.5462     0.5570     0.5570     0.5597     0.5196     0.5554     0.7738     0.5945     0.6183     0.6748     0.4700     0.3554    -0.0161    -0.1470    -0.2054     0.1863     0.1860     0.5526     0.1085     0.1028     0.1321     0.5545     0.3554     1.0000    -0.5278    -0.4441     0.1259    -0.3676     0.5063     0.3554     0.5570     0.9039
N              -0.1488    -0.5327     0.3370     0.5076    -0.9382    -0.3676     0.8332     0.5431     0.9202     0.5076     0.6988     0.8332     0.4726    -0.3676     1.0000     0.9876    -0.9111     0.9766    -0.4111    -0.9535    -0.9753    -0.9753    -0.9746    -0.9749    -0.9425     0.2066    -0.9370    -0.9328    -0.8700     0.6216     0.6988     0.6789    -0.8255    -0.7843    -0.9656    -0.2107     0.5431    -0.5327    -0.9382     0.8332     0.5076     0.6988    -0.3676     0.9202     0.9766    -0.4111     1.0000    -0.9743     0.6988    -0.9753    -0.6979
K_b            -0.1173    -0.4965     0.2239     0.4619    -0.9078    -0.4125     0.7572     0.4904     0.9226     0.4619     0.6603     0.7572     0.5289    -0.4125     0.9876     1.0000    -0.8961     0.9796    -0.4459    -0.9635    -0.9713    -0.9713    -0.9712    -0.9593    -0.9570     0.1115    -0.9225    -0.9214    -0.8943     0.5703     0.6603     0.6668    -0.7944    -0.7535    -0.9393    -0.2152     0.4904    -0.4965    -0.9078     0.7572     0.4619     0.6603    -0.4125     0.9226     0.9796    -0.4459     0.9876    -0.9559     0.6603    -0.9713    -0.7278
K_h             0.1109     0.4252    -0.1692    -0.1651     0.7443     0.6418    -0.6286    -0.1898    -0.8705    -0.1651    -0.3640    -0.6286    -0.0974     0.6418    -0.9111    -0.8961     1.0000    -0.8753     0.1745     0.8905     0.9706     0.9706     0.9708     0.9799     0.8773     0.0887     0.9530     0.9982     0.8513    -0.2792    -0.3640    -0.5311     0.5299     0.4688     0.8012     0.2177    -0.1898     0.4252     0.7443    -0.6286    -0.1651    -0.3640     0.6418    -0.8705    -0.8753     0.1745    -0.9111     0.9794    -0.3640     0.9706     0.8479
D              -0.1559    -0.5345     0.2165     0.4528    -0.9108    -0.4441     0.7608     0.4894     0.9480     0.4528     0.6681     0.7608     0.5229    -0.4441     0.9766     0.9796    -0.8753     1.0000    -0.5727    -0.9922    -0.9650    -0.9650    -0.9647    -0.9431    -0.9889     0.1097    -0.9261    -0.9004    -0.9446     0.5728     0.6681     0.6425    -0.8122    -0.7747    -0.9407    -0.2076     0.4894    -0.5345    -0.9108     0.7608     0.4528     0.6681    -0.4441     0.9480     1.0000    -0.5727     0.9766    -0.9374     0.6681    -0.9650    -0.7607
D_star          0.0837     0.2865     0.0397    -0.3660     0.4588     0.1259    -0.3085    -0.3866    -0.5113    -0.3660    -0.5047    -0.3085    -0.6664     0.1259    -0.4111    -0.4459     0.1745    -0.5727     1.0000     0.5818     0.3711     0.3711     0.3712     0.2896     0.6051    -0.0671     0.2863     0.2138     0.6312    -0.4238    -0.5047    -0.3037     0.5661     0.5828     0.4534    -0.0189    -0.3866     0.2865     0.4588    -0.3085    -0.3660    -0.5047     0.1259    -0.5113    -0.5727     1.0000    -0.4111     0.2723    -0.5047     0.3711     0.3378
x               0.1463     0.5087    -0.1247    -0.3492     0.8579     0.5462    -0.6843    -0.3829    -0.9539    -0.3492    -0.5772    -0.6843    -0.4578     0.5462    -0.9535    -0.9635     0.8905    -0.9922     0.5818     1.0000     0.9681     0.9681     0.9682     0.9395     0.9992     0.0050     0.9316     0.9115     0.9771    -0.4715    -0.5772    -0.5980     0.7387     0.6973     0.8967     0.2085    -0.3829     0.5087     0.8579    -0.6843    -0.3492    -0.5772     0.5462    -0.9539    -0.9922     0.5818    -0.9535     0.9318    -0.5772     0.9681     0.8288
psi             0.1280     0.4854    -0.1972    -0.3189     0.8516     0.5570    -0.7132    -0.3485    -0.9348    -0.3189    -0.5298    -0.7132    -0.3221     0.5570    -0.9753    -0.9713     0.9706    -0.9650     0.3711     0.9681     1.0000     1.0000     1.0000     0.9943     0.9593    -0.0071     0.9665     0.9827     0.9209    -0.4371    -0.5298    -0.6096     0.6881     0.6368     0.8969     0.2169    -0.3485     0.4854     0.8516    -0.7132    -0.3189    -0.5298     0.5570    -0.9348    -0.9650     0.3711    -0.9753     0.9914    -0.5298     1.0000     0.8261
phi             0.1280     0.4854    -0.1972    -0.3189     0.8516     0.5570    -0.7132    -0.3485    -0.9348    -0.3189    -0.5298    -0.7132    -0.3221     0.5570    -0.9753    -0.9713     0.9706    -0.9650     0.3711     0.9681     1.0000     1.0000     1.0000     0.9943     0.9593    -0.0071     0.9665     0.9827     0.9209    -0.4371    -0.5298    -0.6096     0.6881     0.6368     0.8969     0.2169    -0.3485     0.4854     0.8516    -0.7132    -0.3189    -0.5298     0.5570    -0.9348    -0.9650     0.3711    -0.9753     0.9914    -0.5298     1.0000     0.8261
upsilon         0.1268     0.4837    -0.1936    -0.3160     0.8497     0.5597    -0.7102    -0.3452    -0.9347    -0.3160    -0.5271    -0.7102    -0.3214     0.5597    -0.9746    -0.9712     0.9708    -0.9647     0.3712     0.9682     1.0000     1.0000     1.0000     0.9941     0.9595    -0.0031     0.9661     0.9829     0.9217    -0.4340    -0.5271    -0.6086     0.6857     0.6343     0.8954     0.2166    -0.3452     0.4837     0.8497    -0.7102    -0.3160    -0.5271     0.5597    -0.9347    -0.9647     0.3712    -0.9746     0.9910    -0.5271     1.0000     0.8278
mu              0.1336     0.4887    -0.2620    -0.3379     0.8565     0.5196    -0.7466    -0.3688    -0.9132    -0.3379    -0.5367    -0.7466    -0.2775     0.5196    -0.9749    -0.9593     0.9799    -0.9431     0.2896     0.9395     0.9943     0.9943     0.9941     1.0000     0.9268    -0.0590     0.9669     0.9892     0.8769    -0.4547    -0.5367    -0.6153     0.6867     0.6338     0.9001     0.2188    -0.3688     0.4887     0.8565    -0.7466    -0.3379    -0.5367     0.5196    -0.9132    -0.9431     0.2896    -0.9749     0.9997    -0.5367     0.9943     0.7914
mu_star         0.1419     0.5007    -0.0974    -0.3365     0.8453     0.5554    -0.6626    -0.3692    -0.9510    -0.3365    -0.5664    -0.6626    -0.4685     0.5554    -0.9425    -0.9570     0.8773    -0.9889     0.6051     0.9992     0.9593     0.9593     0.9595     0.9268     1.0000     0.0264     0.9207     0.8991     0.9827    -0.4578    -0.5664    -0.5886     0.7295     0.6890     0.8845     0.2053    -0.3692     0.5007     0.8453    -0.6626    -0.3365    -0.5664     0.5554    -0.9510    -0.9889     0.6051    -0.9425     0.9181    -0.5664     0.9593     0.8333
A              -0.2787    -0.3924     0.7785     0.7977    -0.4374     0.7738     0.6948     0.8629    -0.0323     0.7977     0.7409     0.6948     0.4195     0.7738     0.2066     0.1115     0.0887     0.1097    -0.0671     0.0050    -0.0071    -0.0071    -0.0031    -0.0590     0.0264     1.0000     0.0000     0.0624     0.1834     0.8344     0.7409     0.2452    -0.6295    -0.6658    -0.3699     0.0240     0.8629    -0.3924    -0.4374     0.6948     0.7977     0.7409     0.7738    -0.0323     0.1097    -0.0671     0.2066    -0.0738     0.7409    -0.0071     0.5101
R_star          0.2193     0.5552    -0.1670    -0.2518     0.8284     0.5945    -0.6980    -0.3000    -0.9072    -0.2518    -0.4778    -0.6980    -0.2464     0.5945    -0.9370    -0.9225     0.9530    -0.9261     0.2863     0.9316     0.9665     0.9665     0.9661     0.9669     0.9207     0.0000     1.0000     0.9606     0.8888    -0.3909    -0.4778    -0.5372     0.6523     0.5984     0.8714     0.2961    -0.3000     0.5552     0.8284    -0.6980    -0.2518    -0.4778     0.5945    -0.9072    -0.9261     0.2863    -0.9370     0.9649    -0.4778     0.9665     0.8362
chi_h           0.1132     0.4402    -0.1788    -0.2078     0.7759     0.6183    -0.6539    -0.2333    -0.8884    -0.2078    -0.4090    -0.6539    -0.1576     0.6183    -0.9328    -0.9214     0.9982    -0.9004     0.2138     0.9115     0.9827     0.9827     0.9829     0.9892     0.8991     0.0624     0.9606     1.0000     0.8677    -0.3225    -0.4090    -0.5563     0.5726     0.5136     0.8300     0.2200    -0.2333     0.4402     0.7759    -0.6539    -0.2078    -0.4090     0.6183    -0.8884    -0.9004     0.2138    -0.9328     0.9883    -0.4090     0.9827     0.8419
chi_b           0.1306     0.4537     0.0419    -0.1845     0.7414     0.6748    -0.5290    -0.2135    -0.9264    -0.1845    -0.4267    -0.5290    -0.3777     0.6748    -0.8700    -0.8943     0.8513    -0.9446     0.6312     0.9771     0.9209     0.9209     0.9217     0.8769     0.9827     0.1834     0.8888     0.8677     1.0000    -0.3062    -0.4267    -0.5004     0.6087     0.5663     0.7900     0.1982    -0.2135     0.4537     0.7414    -0.5290    -0.1845    -0.4267     0.6748    -0.9264    -0.9446     0.6312    -0.8700     0.8649    -0.4267     0.9209     0.8971
Ynet           -0.1152    -0.4237     0.7411     0.9623    -0.8201     0.4700     0.8949     0.9944     0.4681     0.9623     0.9881     0.8949     0.7451     0.4700     0.6216     0.5703    -0.2792     0.5728    -0.4238    -0.4715    -0.4371    -0.4371    -0.4340    -0.4547    -0.4578     0.8344    -0.3909    -0.3225    -0.3062     1.0000     0.9881     0.6406    -0.9382    -0.9514    -0.7698    -0.0548     0.9944    -0.4237    -0.8201     0.8949     0.9623     0.9881     0.4700     0.4681     0.5728    -0.4238     0.6216    -0.4627     0.9881    -0.4371     0.0643
m              -0.0590    -0.4048     0.6957     0.9532    -0.8803     0.3554     0.9008     0.9735     0.5842     0.9532     1.0000     0.9008     0.7847     0.3554     0.6988     0.6603    -0.3640     0.6681    -0.5047    -0.5772    -0.5298    -0.5298    -0.5271    -0.5367    -0.5664     0.7409    -0.4778    -0.4090    -0.4267     0.9881     1.0000     0.7170    -0.9699    -0.9756    -0.8372    -0.0727     0.9735    -0.4048    -0.8803     0.9008     0.9532     1.0000     0.3554     0.5842     0.6681    -0.5047     0.6988    -0.5424     1.0000    -0.5298    -0.0673
Lambda          0.5515     0.1577     0.6458     0.7390    -0.7984    -0.0161     0.6618     0.6290     0.7719     0.7390     0.7170     0.6618     0.4796    -0.0161     0.6789     0.6668    -0.5311     0.6425    -0.3037    -0.5980    -0.6096    -0.6096    -0.6086    -0.6153    -0.5886     0.2452    -0.5372    -0.5563    -0.5004     0.6406     0.7170     1.0000    -0.6827    -0.6432    -0.7824    -0.0317     0.6290     0.1577    -0.7984     0.6618     0.7390     0.7170    -0.0161     0.7719     0.6425    -0.3037     0.6789    -0.6229     0.7170    -0.6096    -0.3989
gam             0.1873     0.5532    -0.5711    -0.8526     0.9447    -0.1470    -0.9290    -0.8990    -0.7094    -0.8526    -0.9699    -0.9290    -0.7681    -0.1470    -0.8255    -0.7944     0.5299    -0.8122     0.5661     0.7387     0.6881     0.6881     0.6857     0.6867     0.7295    -0.6295     0.6523     0.5726     0.6087    -0.9382    -0.9699    -0.6827     1.0000     0.9968     0.9197     0.1420    -0.8990     0.5532     0.9447    -0.9290    -0.8526    -0.9699    -0.1470    -0.7094    -0.8122     0.5661    -0.8255     0.6887    -0.9699     0.6881     0.2633
Lambda1         0.2156     0.5646    -0.5654    -0.8640     0.9154    -0.2054    -0.9136    -0.9165    -0.6572    -0.8640    -0.9756    -0.9136    -0.7932    -0.2054    -0.7843    -0.7535     0.4688    -0.7747     0.5828     0.6973     0.6368     0.6368     0.6343     0.6338     0.6890    -0.6658     0.5984     0.5136     0.5663    -0.9514    -0.9756    -0.6432     0.9968     1.0000     0.8859     0.1286    -0.9165     0.5646     0.9154    -0.9136    -0.8640    -0.9756    -0.2054    -0.6572    -0.7747     0.5828    -0.7843     0.6356    -0.9756     0.6368     0.1998
mu_cryp         0.0719     0.4814    -0.5036    -0.6873     0.9956     0.1863    -0.9102    -0.7081    -0.9053    -0.6873    -0.8372    -0.9102    -0.5743     0.1863    -0.9656    -0.9393     0.8012    -0.9407     0.4534     0.8967     0.8969     0.8969     0.8954     0.9001     0.8845    -0.3699     0.8714     0.8300     0.7900    -0.7698    -0.8372    -0.7824     0.9197     0.8859     1.0000     0.1969    -0.7081     0.4814     0.9956    -0.9102    -0.6873    -0.8372     0.1863    -0.9053    -0.9407     0.4534    -0.9656     0.9023    -0.8372     0.8969     0.5747
DE              0.1989     0.2579     0.0706     0.0145     0.1875     0.1860    -0.1417    -0.0273    -0.1886     0.0145    -0.0727    -0.1417    -0.0663     0.1860    -0.2107    -0.2152     0.2177    -0.2076    -0.0189     0.2085     0.2169     0.2169     0.2166     0.2188     0.2053     0.0240     0.2961     0.2200     0.1982    -0.0548    -0.0727    -0.0317     0.1420     0.1286     0.1969     1.0000    -0.0273     0.2579     0.1875    -0.1417     0.0145    -0.0727     0.1860    -0.1886    -0.2076    -0.0189    -0.2107     0.2178    -0.0727     0.2169     0.2137
logY           -0.0661    -0.3545     0.7685     0.9781    -0.7658     0.5526     0.8545     1.0000     0.3938     0.9781     0.9735     0.8545     0.7369     0.5526     0.5431     0.4904    -0.1898     0.4894    -0.3866    -0.3829    -0.3485    -0.3485    -0.3452    -0.3688    -0.3692     0.8629    -0.3000    -0.2333    -0.2135     0.9944     0.9735     0.6290    -0.8990    -0.9165    -0.7081    -0.0273     1.0000    -0.3545    -0.7658     0.8545     0.9781     0.9735     0.5526     0.3938     0.4894    -0.3866     0.5431    -0.3780     0.9735    -0.3485     0.1544
logPi           0.9083     1.0000     0.0072    -0.1619     0.4682     0.1085    -0.5640    -0.3545    -0.2839    -0.1619    -0.4048    -0.5640    -0.3003     0.1085    -0.5327    -0.4965     0.4252    -0.5345     0.2865     0.5087     0.4854     0.4854     0.4837     0.4887     0.5007    -0.3924     0.5552     0.4402     0.4537    -0.4237    -0.4048     0.1577     0.5532     0.5646     0.4814     0.2579    -0.3545     1.0000     0.4682    -0.5640    -0.1619    -0.4048     0.1085    -0.2839    -0.5345     0.2865    -0.5327     0.4838    -0.4048     0.4854     0.2122
logR            0.0585     0.4682    -0.5555    -0.7473     1.0000     0.1028    -0.9282    -0.7658    -0.8752    -0.7473    -0.8803    -0.9282    -0.6124     0.1028    -0.9382    -0.9078     0.7443    -0.9108     0.4588     0.8579     0.8516     0.8516     0.8497     0.8565     0.8453    -0.4374     0.8284     0.7759     0.7414    -0.8201    -0.8803    -0.7984     0.9447     0.9154     0.9956     0.1875    -0.7658     0.4682     1.0000    -0.9282    -0.7473    -0.8803     0.1028    -0.8752    -0.9108     0.4588    -0.9382     0.8597    -0.8803     0.8516     0.5062
logI           -0.2155    -0.5640     0.7319     0.8025    -0.9282     0.1321     1.0000     0.8545     0.6746     0.8025     0.9008     1.0000     0.4961     0.1321     0.8332     0.7572    -0.6286     0.7608    -0.3085    -0.6843    -0.7132    -0.7132    -0.7102    -0.7466    -0.6626     0.6948    -0.6980    -0.6539    -0.5290     0.8949     0.9008     0.6618    -0.9290    -0.9136    -0.9102    -0.1417     0.8545    -0.5640    -0.9282     1.0000     0.8025     0.9008     0.1321     0.6746     0.7608    -0.3085     0.8332    -0.7557     0.9008    -0.7132    -0.2554
logL            0.1433    -0.1619     0.8110     1.0000    -0.7473     0.5545     0.8025     0.9781     0.4141     1.0000     0.9532     0.8025     0.7202     0.5545     0.5076     0.4619    -0.1651     0.4528    -0.3660    -0.3492    -0.3189    -0.3189    -0.3160    -0.3379    -0.3365     0.7977    -0.2518    -0.2078    -0.1845     0.9623     0.9532     0.7390    -0.8526    -0.8640    -0.6873     0.0145     0.9781    -0.1619    -0.7473     0.8025     1.0000     0.9532     0.5545     0.4141     0.4528    -0.3660     0.5076    -0.3483     0.9532    -0.3189     0.1454
logC           -0.0590    -0.4048     0.6957     0.9532    -0.8803     0.3554     0.9008     0.9735     0.5842     0.9532     1.0000     0.9008     0.7847     0.3554     0.6988     0.6603    -0.3640     0.6681    -0.5047    -0.5772    -0.5298    -0.5298    -0.5271    -0.5367    -0.5664     0.7409    -0.4778    -0.4090    -0.4267     0.9881     1.0000     0.7170    -0.9699    -0.9756    -0.8372    -0.0727     0.9735    -0.4048    -0.8803     0.9008     0.9532     1.0000     0.3554     0.5842     0.6681    -0.5047     0.6988    -0.5424     1.0000    -0.5298    -0.0673
logEX           0.0306     0.1085     0.5201     0.5545     0.1028     1.0000     0.1321     0.5526    -0.5278     0.5545     0.3554     0.1321     0.3023     1.0000    -0.3676    -0.4125     0.6418    -0.4441     0.1259     0.5462     0.5570     0.5570     0.5597     0.5196     0.5554     0.7738     0.5945     0.6183     0.6748     0.4700     0.3554    -0.0161    -0.1470    -0.2054     0.1863     0.1860     0.5526     0.1085     0.1028     0.1321     0.5545     0.3554     1.0000    -0.5278    -0.4441     0.1259    -0.3676     0.5063     0.3554     0.5570     0.9039
logM            0.1128    -0.2839     0.2589     0.4141    -0.8752    -0.5278     0.6746     0.3938     1.0000     0.4141     0.5842     0.6746     0.4045    -0.5278     0.9202     0.9226    -0.8705     0.9480    -0.5113    -0.9539    -0.9348    -0.9348    -0.9347    -0.9132    -0.9510    -0.0323    -0.9072    -0.8884    -0.9264     0.4681     0.5842     0.7719    -0.7094    -0.6572    -0.9053    -0.1886     0.3938    -0.2839    -0.8752     0.6746     0.4141     0.5842    -0.5278     1.0000     0.9480    -0.5113     0.9202    -0.9092     0.5842    -0.9348    -0.8403
logD           -0.1559    -0.5345     0.2165     0.4528    -0.9108    -0.4441     0.7608     0.4894     0.9480     0.4528     0.6681     0.7608     0.5229    -0.4441     0.9766     0.9796    -0.8753     1.0000    -0.5727    -0.9922    -0.9650    -0.9650    -0.9647    -0.9431    -0.9889     0.1097    -0.9261    -0.9004    -0.9446     0.5728     0.6681     0.6425    -0.8122    -0.7747    -0.9407    -0.2076     0.4894    -0.5345    -0.9108     0.7608     0.4528     0.6681    -0.4441     0.9480     1.0000    -0.5727     0.9766    -0.9374     0.6681    -0.9650    -0.7607
logD_star       0.0837     0.2865     0.0397    -0.3660     0.4588     0.1259    -0.3085    -0.3866    -0.5113    -0.3660    -0.5047    -0.3085    -0.6664     0.1259    -0.4111    -0.4459     0.1745    -0.5727     1.0000     0.5818     0.3711     0.3711     0.3712     0.2896     0.6051    -0.0671     0.2863     0.2138     0.6312    -0.4238    -0.5047    -0.3037     0.5661     0.5828     0.4534    -0.0189    -0.3866     0.2865     0.4588    -0.3085    -0.3660    -0.5047     0.1259    -0.5113    -0.5727     1.0000    -0.4111     0.2723    -0.5047     0.3711     0.3378
logN           -0.1488    -0.5327     0.3370     0.5076    -0.9382    -0.3676     0.8332     0.5431     0.9202     0.5076     0.6988     0.8332     0.4726    -0.3676     1.0000     0.9876    -0.9111     0.9766    -0.4111    -0.9535    -0.9753    -0.9753    -0.9746    -0.9749    -0.9425     0.2066    -0.9370    -0.9328    -0.8700     0.6216     0.6988     0.6789    -0.8255    -0.7843    -0.9656    -0.2107     0.5431    -0.5327    -0.9382     0.8332     0.5076     0.6988    -0.3676     0.9202     0.9766    -0.4111     1.0000    -0.9743     0.6988    -0.9753    -0.6979
spread          0.1276     0.4838    -0.2823    -0.3483     0.8597     0.5063    -0.7557    -0.3780    -0.9092    -0.3483    -0.5424    -0.7557    -0.2708     0.5063    -0.9743    -0.9559     0.9794    -0.9374     0.2723     0.9318     0.9914     0.9914     0.9910     0.9997     0.9181    -0.0738     0.9649     0.9883     0.8649    -0.4627    -0.5424    -0.6229     0.6887     0.6356     0.9023     0.2178    -0.3780     0.4838     0.8597    -0.7557    -0.3483    -0.5424     0.5063    -0.9092    -0.9374     0.2723    -0.9743     1.0000    -0.5424     0.9914     0.7809
logm           -0.0590    -0.4048     0.6957     0.9532    -0.8803     0.3554     0.9008     0.9735     0.5842     0.9532     1.0000     0.9008     0.7847     0.3554     0.6988     0.6603    -0.3640     0.6681    -0.5047    -0.5772    -0.5298    -0.5298    -0.5271    -0.5367    -0.5664     0.7409    -0.4778    -0.4090    -0.4267     0.9881     1.0000     0.7170    -0.9699    -0.9756    -0.8372    -0.0727     0.9735    -0.4048    -0.8803     0.9008     0.9532     1.0000     0.3554     0.5842     0.6681    -0.5047     0.6988    -0.5424     1.0000    -0.5298    -0.0673
leverage        0.1280     0.4854    -0.1972    -0.3189     0.8516     0.5570    -0.7132    -0.3485    -0.9348    -0.3189    -0.5298    -0.7132    -0.3221     0.5570    -0.9753    -0.9713     0.9706    -0.9650     0.3711     0.9681     1.0000     1.0000     1.0000     0.9943     0.9593    -0.0071     0.9665     0.9827     0.9209    -0.4371    -0.5298    -0.6096     0.6881     0.6368     0.8969     0.2169    -0.3485     0.4854     0.8516    -0.7132    -0.3189    -0.5298     0.5570    -0.9348    -0.9650     0.3711    -0.9753     0.9914    -0.5298     1.0000     0.8261
TB             -0.0372     0.2122     0.2016     0.1454     0.5062     0.9039    -0.2554     0.1544    -0.8403     0.1454    -0.0673    -0.2554    -0.0108     0.9039    -0.6979    -0.7278     0.8479    -0.7607     0.3378     0.8288     0.8261     0.8261     0.8278     0.7914     0.8333     0.5101     0.8362     0.8419     0.8971     0.0643    -0.0673    -0.3989     0.2633     0.1998     0.5747     0.2137     0.1544     0.2122     0.5062    -0.2554     0.1454    -0.0673     0.9039    -0.8403    -0.7607     0.3378    -0.6979     0.7809    -0.0673     0.8261     1.0000



COEFFICIENTS OF AUTOCORRELATION
Order              1        2        3        4        5
mc            0.4703   0.2266   0.1141   0.0618   0.0371
Pi            0.6170   0.4311   0.3365   0.2845   0.2527
Z             0.8527   0.7573   0.6872   0.6304   0.5812
w             0.9233   0.8724   0.8340   0.8019   0.7733
R             0.9284   0.8653   0.8088   0.7576   0.7111
epsilon       0.9440   0.8920   0.8435   0.7986   0.7568
Q             0.9381   0.8765   0.8175   0.7620   0.7102
Y             0.9666   0.9338   0.9020   0.8713   0.8419
M             0.8925   0.8127   0.7482   0.6934   0.6454
L             0.9233   0.8724   0.8340   0.8019   0.7733
C             0.9639   0.9303   0.8987   0.8687   0.8403
I             0.9381   0.8765   0.8175   0.7620   0.7102
K             0.9993   0.9974   0.9943   0.9902   0.9851
EX            0.9440   0.8920   0.8435   0.7986   0.7568
N             0.9326   0.8700   0.8119   0.7580   0.7080
K_b           0.9401   0.8844   0.8325   0.7842   0.7391
K_h           0.9193   0.8448   0.7760   0.7124   0.6537
D             0.9435   0.8908   0.8418   0.7964   0.7541
D_star        0.9981   0.9945   0.9895   0.9835   0.9766
x             0.9437   0.8913   0.8428   0.7977   0.7557
psi           0.9283   0.8620   0.8005   0.7435   0.6908
phi           0.9283   0.8620   0.8005   0.7435   0.6908
upsilon       0.9285   0.8623   0.8010   0.7442   0.6915
mu            0.9222   0.8503   0.7839   0.7225   0.6658
mu_star       0.9466   0.8970   0.8508   0.8079   0.7679
A             0.9500   0.9025   0.8574   0.8145   0.7738
R_star        0.9000   0.8100   0.7290   0.6561   0.5905
chi_h         0.9204   0.8468   0.7789   0.7161   0.6581
chi_b         0.9508   0.9052   0.8628   0.8232   0.7863
Ynet          0.9685   0.9358   0.9033   0.8718   0.8415
m             0.9639   0.9303   0.8987   0.8687   0.8403
Lambda        0.6933   0.5377   0.4527   0.4011   0.3659
gam           0.9650   0.9293   0.8947   0.8616   0.8303
Lambda1       0.9696   0.9384   0.9078   0.8784   0.8503
mu_cryp       0.9277   0.8630   0.8046   0.7514   0.7029
DE           -0.0336  -0.0254  -0.0206  -0.0173  -0.0148
logY          0.9666   0.9338   0.9020   0.8713   0.8419
logPi         0.6170   0.4311   0.3365   0.2845   0.2527
logR          0.9284   0.8653   0.8088   0.7576   0.7111
logI          0.9381   0.8765   0.8175   0.7620   0.7102
logL          0.9233   0.8724   0.8340   0.8019   0.7733
logC          0.9639   0.9303   0.8987   0.8687   0.8403
logEX         0.9440   0.8920   0.8435   0.7986   0.7568
logM          0.8925   0.8127   0.7482   0.6934   0.6454
logD          0.9435   0.8908   0.8418   0.7964   0.7541
logD_star     0.9981   0.9945   0.9895   0.9835   0.9766
logN          0.9326   0.8700   0.8119   0.7580   0.7080
spread        0.9210   0.8480   0.7805   0.7182   0.6607
logm          0.9639   0.9303   0.8987   0.8687   0.8403
leverage      0.9283   0.8620   0.8005   0.7435   0.6908
TB            0.9222   0.8545   0.7943   0.7400   0.6907
Total computing time : 0h00m03s
Note: warning(s) encountered in MATLAB/Octave code
