Starting Dynare (version 5.1).
Calling Dynare with arguments: none
Starting preprocessing of the model file ...
Found 67 equation(s).
Evaluating expressions...done
Computing static model derivatives (order 1).
Computing dynamic model derivatives (order 1).
Processing outputs ...
done
Preprocessing completed.


STEADY-STATE RESULTS:

mc        		 0.888889
Pi        		 1
Z         		 0.0399151
w         		 5.0796
R         		 1.015
epsilon   		 1.01905
Q         		 1
Y         		 2.94031
M         		 0.461656
L         		 0.267555
C         		 2.04543
I         		 0.392875
K         		 19.6437
EX        		 0.489346
N         		 3.73369
K_b       		 14.8151
K_h       		 4.82864
D         		 8.85181
D_star    		 1.17994
x         		 0.0811612
psi       		 1.59115
phi       		 3.96795
upsilon   		 1.55568
mu        		 0.00753332
mu_star   		 -0.00109713
A         		 1
R_star    		 1.01572
Y_star    		 0.4802
Phi       		 0
Theta     		 0.401
chi_h     		 0.0116913
chi_b     		 0.000961253
Ynet      		 2.4572
P_c       		 1
R_dc      		 1
P_dc      		 0.271794
theta_c   		 1
cryp      		 1.02814
DC        		 2.16362
DC_sup    		 0.588061
m         		 2.13046
R_c       		 1
Lambda    		 0.985222
gam       		 0.0293252
trs       		 0.496138
Lambda1   		 0.945213
sigma_Rc  		 0
mu_cryp   		 0.0229903
x_c       		 0.0693981
DE        		 1
logY      		 1.07851
logPi     		 0
logR      		 0.0148886
logI      		 -0.934265
logL      		 -1.31843
logC      		 0.71561
logEX     		 -0.714686
logM      		 -0.772936
logD      		 2.18062
logD_star 		 0.165461
logN      		 1.3174
spread    		 -5.31544
logDC     		 0.771785
logm      		 0.756338
leverage  		 1.37825
TB        		 0.02769
logcryp   		 0.0277508

EIGENVALUES:
         Modulus             Real        Imaginary

       2.044e-17       -2.044e-17                0
       1.289e-15        1.289e-15                0
       4.618e-14       -4.618e-14                0
       1.563e-09        2.267e-14        1.563e-09
       1.563e-09        2.267e-14       -1.563e-09
          0.4522           0.4522                0
          0.8403           0.8403                0
             0.9              0.9                0
             0.9              0.9                0
             0.9              0.9                0
          0.9375           0.9375                0
            0.95             0.95                0
            0.95             0.95                0
           0.975            0.975                0
          0.9859           0.9859                0
           1.027            1.027                0
           1.045            1.045                0
            1.07             1.07                0
           1.161            1.161                0
           1.612            1.612                0
             Inf              Inf                0
             Inf              Inf                0


There are 7 eigenvalue(s) larger than 1 in modulus 
for 7 forward-looking variable(s)

The rank condition is verified.

MODEL_DIAGNOSTICS:  The Jacobian of the static model is singular
MODEL_DIAGNOSTICS:  there is 2 colinear relationships between the variables and the equations
Relation 1
Colinear variables:
Z
w
epsilon
Y
M
L
C
I
K
EX
N
K_b
K_h
D
D_star
x
psi
phi
upsilon
mu
mu_star
R_star
Y_star
chi_h
chi_b
Ynet
P_dc
cryp
DC
DC_sup
m
gam
trs
Lambda1
mu_cryp
x_c
logY
logI
logL
logC
logEX
logM
logD
logD_star
logN
spread
logDC
logm
leverage
TB
logcryp
Relation 2
Colinear variables:
Z
w
epsilon
Y
M
L
C
I
K
EX
N
K_b
K_h
D
D_star
x
psi
phi
upsilon
mu
mu_star
R_star
Y_star
chi_h
chi_b
Ynet
P_dc
cryp
DC
DC_sup
m
gam
trs
Lambda1
mu_cryp
x_c
logY
logI
logL
logC
logEX
logM
logD
logD_star
logN
spread
logDC
logm
leverage
TB
logcryp
Relation 1
Colinear equations
    48

Relation 2
Colinear equations
    49

MODEL_DIAGNOSTICS:  The presence of a singularity problem typically indicates that there is one
MODEL_DIAGNOSTICS:  redundant equation entered in the model block, while another non-redundant equation
MODEL_DIAGNOSTICS:  is missing. The problem often derives from Walras Law.

MODEL SUMMARY

  Number of variables:         67
  Number of stochastic shocks: 6
  Number of state variables:   15
  Number of jumpers:           7
  Number of static variables:  46


MATRIX OF COVARIANCE OF EXOGENOUS SHOCKS
Variables               varepsilon_R      varepsilon_A  varepsilon_Rstar  varepsilon_Ystar            eps_Rc               vol
varepsilon_R                0.000006          0.000000          0.000000          0.000000          0.000000          0.000000
varepsilon_A                0.000000          0.000100          0.000000          0.000000          0.000000          0.000000
varepsilon_Rstar            0.000000          0.000000          0.000006          0.000000          0.000000          0.000000
varepsilon_Ystar            0.000000          0.000000          0.000000          0.000000          0.000000          0.000000
eps_Rc                      0.000000          0.000000          0.000000          0.000000          0.000000          0.000000
vol                         0.000000          0.000000          0.000000          0.000000          0.000000          0.000000

POLICY AND TRANSITION FUNCTIONS
                                logY           logPi            logR               R            logI            logL            logC           logEX            logM            logD       logD_star            logN          spread           logDC            logm        leverage              TB         logcryp            R_dc
Constant                    1.078514               0        0.014889        1.015000       -0.934265       -1.318428        0.715610       -0.714686       -0.772936        2.180622        0.165461        1.317398       -5.315441        0.771785        0.756338        1.378249        0.027690        0.027751        1.000000
R(-1)                      -3.618638       -1.045284        0.297648        0.302113       -3.358510       -5.212261       -4.314850       -1.903781       -5.045901       -7.695481       -1.974233      -13.555494       21.710104       -3.720335       -4.958792        5.156878        1.397863       -1.003458        0.101697
K(-1)                       0.011443       -0.004333       -0.000416       -0.000422       -0.028574       -0.000522        0.014534        0.019069       -0.019764       -0.032521       -0.007733       -0.093358        0.242202        0.011921        0.017364        0.051504        0.018455        0.002719       -0.000478
K_b(-1)                     0.001144        0.001180        0.000784        0.000796        0.030933        0.002922        0.000469        0.005981       -0.002085        0.185787       -0.000816        0.334354       -0.555282        0.001077       -0.000190       -0.138831        0.003889       -0.002560        0.000067
D(-1)                      -0.001139       -0.001175       -0.000780       -0.000792       -0.030784       -0.002908       -0.000466       -0.005952        0.002075       -0.184891        0.000812       -0.332742        0.552606       -0.001072        0.000189        0.138162       -0.003870        0.002547       -0.000067
D_star(-1)                 -0.029339       -0.003065        0.001006        0.001021       -0.077005       -0.030277       -0.044878        0.035159       -0.075528       -0.393940        0.831271       -0.474016        0.765825       -0.031860       -0.058978        0.188983        0.052073       -0.005577        0.002521
A(-1)                       0.610026       -0.271117       -0.041307       -0.041926        1.260819       -0.159326        0.429212        0.938259       -1.150694        1.382420       -0.450214        2.088166       -2.401716        0.577271        0.268844       -0.684036        0.990358        0.176607        0.032754
R_star(-1)                 -0.683427        0.523854        0.476083        0.483224       -3.661541        0.235606       -1.550260        4.791596       -4.477454       -6.266893       -0.751825       -9.387681       12.937350       -0.800125       -2.362760        3.490883        4.411791       -1.635548        0.116698
Y_star(-1)                  0.559072        0.091007        0.007309        0.007419        0.151368        0.635149        0.442691        1.450005        1.271082        0.582190       -0.265436        0.857931       -1.371667        0.540488        0.336764       -0.351206        0.122751       -0.021470        0.018585
P_c(-1)                    -0.006923       -0.000724       -0.001236       -0.001254        0.035326       -0.012957       -0.006644       -0.016251       -0.001026        0.665836       -0.000401        0.087214       -0.559445       -0.006952       -0.006311        0.110955       -0.007479       -3.174468        0.000029
P_dc(-1)                   -0.250286       -0.049309       -0.012506       -0.012694        0.108049       -0.308620       -0.401824        0.087416       -0.498908        0.087853       -0.195200        0.052144       -0.019771       -3.344846        2.785879        0.008102        0.273101        0.048173       -0.584691
theta_c(-1)                -0.001765       -0.000177       -0.000176       -0.000178        0.000340       -0.002765       -0.001715       -0.001867       -0.001819        0.078121       -0.000712        0.000410       -0.038360       -0.001768       -0.001658        0.012144       -0.000074       -0.490180        0.000003
cryp(-1)                   -0.001122       -0.001157       -0.000768       -0.000780       -0.030329       -0.002865       -0.000460       -0.005864        0.002044       -0.182159        0.000800       -0.327825        0.544439       -0.001056        0.000186        0.136121       -0.003813        0.002510       -0.000066
R_c(-1)                    -0.001153       -0.001190       -0.000790       -0.000802       -0.031183       -0.002946       -0.000473       -0.006029        0.002102       -0.187285        0.000822       -0.337050        0.559760       -0.001086        0.000192        0.139951       -0.003920        0.002580       -0.000068
epsilon(-1)                 0.269578        0.077320       -0.022743       -0.023084        0.230833        0.387473        0.322025        0.138339        0.378291        0.454417        0.148008        0.795851       -1.261781        0.277219        0.370556       -0.295220       -0.106945        0.076620       -0.007641
varepsilon_R               -4.578548       -1.313206        0.386272        0.392066       -3.920491       -6.580881       -5.469305       -2.349566       -6.424943       -7.717865       -2.513789      -13.516819       21.430241       -4.708316       -6.293562        5.014055        1.816362       -1.301321        0.129768
varepsilon_A                0.677806       -0.301242       -0.045896       -0.046585        1.400910       -0.177029        0.476903        1.042510       -1.278549        1.536022       -0.500238        2.320184       -2.668573        0.641412        0.298716       -0.760041        1.100398        0.196230        0.036394
varepsilon_Rstar           -0.721493        0.586017        0.527683        0.535598       -3.968984        0.300865       -1.664584        5.278614       -4.877461       -6.454734       -1.908330       -9.818918       13.386340       -0.847904       -2.549163        3.634828        4.834776       -1.810077        0.126411
varepsilon_Ystar            0.621191        0.101119        0.008122        0.008243        0.168187        0.705721        0.491879        1.611116        1.412313        0.646878       -0.294929        0.953257       -1.524074        0.600542        0.374182       -0.390229        0.136391       -0.023855        0.020650
vol                        -0.001858       -0.000186       -0.000185       -0.000188        0.000358       -0.002910       -0.001806       -0.001965       -0.001915        0.082233       -0.000749        0.000432       -0.040379       -0.001861       -0.001746        0.012783       -0.000078       -0.515978        0.000003


THEORETICAL MOMENTS
VARIABLE          MEAN  STD. DEV.   VARIANCE
logY            1.0785     0.0403     0.0016
logPi           0.0000     0.0056     0.0000
logR            0.0149     0.0045     0.0000
R               1.0150     0.0046     0.0000
logI           -0.9343     0.0495     0.0024
logL           -1.3184     0.0321     0.0010
logC            0.7156     0.0436     0.0019
logEX          -0.7147     0.0444     0.0020
logM           -0.7729     0.0394     0.0016
logD            2.1806     0.0774     0.0060
logD_star       0.1655     0.1959     0.0384
logN            1.3174     0.1235     0.0152
spread         -5.3154     0.1715     0.0294
logDC           0.7718     0.0412     0.0017
logm            0.7563     0.0466     0.0022
leverage        1.3782     0.0444     0.0020
TB              0.0277     0.0344     0.0012
logcryp         0.0278     0.0162     0.0003
R_dc            1.0000     0.0008     0.0000



VARIANCE DECOMPOSITION (in percent)
                 varepsilon_R      varepsilon_A  varepsilon_Rstar  varepsilon_Ystar            eps_Rc               vol
logY                    10.01             84.89              5.10              0.00              0.00              0.00
logPi                   43.73             39.21             17.06              0.00              0.00              0.00
logR                     5.49             39.45             55.06              0.00              0.00              0.00
R                        5.49             39.45             55.06              0.00              0.00              0.00
logI                     6.43             71.42             22.15              0.00              0.00              0.00
logL                    32.80             64.14              3.06              0.00              0.00              0.00
logC                    12.07             76.03             11.90              0.00              0.00              0.00
logEX                    4.07             59.98             35.94              0.00              0.00              0.00
logM                    21.20             13.01             65.80              0.00              0.00              0.00
logD                    31.69             43.19             25.12              0.00              0.00              0.00
logD_star                6.55              4.25             89.20              0.00              0.00              0.00
logN                    49.52             27.40             23.08              0.00              0.00              0.00
spread                  66.44             13.82             19.74              0.00              0.00              0.00
logDC                   10.40             79.69              9.91              0.00              0.00              0.00
logm                    13.68             71.74             14.58              0.00              0.00              0.00
leverage                61.64             15.81             22.55              0.00              0.00              0.00
TB                       3.88             31.56             64.56              0.00              0.00              0.00
logcryp                  4.91             44.70             50.39              0.00              0.00              0.00
R_dc                    21.62             28.97             49.41              0.00              0.00              0.00



MATRIX OF CORRELATIONS
Variables         logY      logPi       logR          R       logI       logL       logC      logEX       logM       logD  logD_star       logN     spread      logDC       logm   leverage         TB    logcryp       R_dc
logY            1.0000    -0.1645    -0.8086    -0.8086     0.9135     0.9275     0.9875     0.6440     0.2815     0.8017    -0.0806     0.6984    -0.5418     0.9934     0.9731    -0.5728     0.2580     0.8366    -0.2232
logPi          -0.1645     1.0000     0.3359     0.3359    -0.3784     0.2079    -0.1423     0.0328     0.1889    -0.1820    -0.0066    -0.1325     0.0276    -0.1676    -0.1169     0.0774    -0.0790    -0.3523    -0.3229
logR           -0.8086     0.3359     1.0000     1.0000    -0.8986    -0.7176    -0.8677    -0.1180    -0.6469    -0.7648    -0.1573    -0.7393     0.6129    -0.8419    -0.8847     0.6498     0.2670    -0.9981     0.4069
R              -0.8086     0.3359     1.0000     1.0000    -0.8986    -0.7176    -0.8677    -0.1180    -0.6469    -0.7648    -0.1573    -0.7393     0.6129    -0.8419    -0.8847     0.6498     0.2670    -0.9981     0.4069
logI            0.9135    -0.3784    -0.8986    -0.8986     1.0000     0.7768     0.9171     0.4087     0.3832     0.8604    -0.0251     0.7910    -0.6779     0.9137     0.9123    -0.7015     0.0558     0.9153    -0.2412
logL            0.9275     0.2079    -0.7176    -0.7176     0.7768     1.0000     0.9348     0.5930     0.4178     0.7427    -0.0582     0.6647    -0.5500     0.9261     0.9348    -0.5630     0.1539     0.7357    -0.3844
logC            0.9875    -0.1423    -0.8677    -0.8677     0.9171     0.9348     1.0000     0.5258     0.4228     0.8314    -0.0851     0.7202    -0.5655     0.9953     0.9957    -0.5973     0.1088     0.8902    -0.3192
logEX           0.6440     0.0328    -0.1180    -0.1180     0.4087     0.5930     0.5258     1.0000    -0.4837     0.3136    -0.0304     0.2868    -0.1805     0.5790     0.4701    -0.1955     0.8868     0.1618     0.2827
logM            0.2815     0.1889    -0.6469    -0.6469     0.3832     0.4178     0.4228    -0.4837     1.0000     0.4534    -0.0290     0.3989    -0.3941     0.3534     0.4857    -0.3914    -0.8334     0.6171    -0.7367
logD            0.8017    -0.1820    -0.7648    -0.7648     0.8604     0.7427     0.8314     0.3136     0.4534     1.0000    -0.1140     0.9196    -0.8502     0.8262     0.8290    -0.8664    -0.0413     0.7820    -0.2608
logD_star      -0.0806    -0.0066    -0.1573    -0.1573    -0.0251    -0.0582    -0.0851    -0.0304    -0.0290    -0.1140     1.0000     0.2665    -0.2970    -0.0809    -0.0885    -0.3144    -0.0039     0.1212     0.1525
logN            0.6984    -0.1325    -0.7393    -0.7393     0.7910     0.6647     0.7202     0.2868     0.3989     0.9196     0.2665     1.0000    -0.9706     0.7179     0.7161    -0.9844    -0.0296     0.7410    -0.1761
spread         -0.5418     0.0276     0.6129     0.6129    -0.6779    -0.5500    -0.5655    -0.1805    -0.3941    -0.8502    -0.2970    -0.9706     1.0000    -0.5589    -0.5668     0.9965     0.0940    -0.6064     0.1769
logDC           0.9934    -0.1676    -0.8419    -0.8419     0.9137     0.9261     0.9953     0.5790     0.3534     0.8262    -0.0809     0.7179    -0.5589     1.0000     0.9820    -0.5925     0.1790     0.8675    -0.2276
logm            0.9731    -0.1169    -0.8847    -0.8847     0.9123     0.9348     0.9957     0.4701     0.4857     0.8290    -0.0885     0.7161    -0.5668     0.9820     1.0000    -0.5966     0.0404     0.9040    -0.4043
leverage       -0.5728     0.0774     0.6498     0.6498    -0.7015    -0.5630    -0.5973    -0.1955    -0.3914    -0.8664    -0.3144    -0.9844     0.9965    -0.5925    -0.5966     1.0000     0.0832    -0.6448     0.1624
TB              0.2580    -0.0790     0.2670     0.2670     0.0558     0.1539     0.1088     0.8868    -0.8334    -0.0413    -0.0039    -0.0296     0.0940     0.1790     0.0404     0.0832     1.0000    -0.2237     0.5674
logcryp         0.8366    -0.3523    -0.9981    -0.9981     0.9153     0.7357     0.8902     0.1618     0.6171     0.7820     0.1212     0.7410    -0.6064     0.8675     0.9040    -0.6448    -0.2237     1.0000    -0.3879
R_dc           -0.2232    -0.3229     0.4069     0.4069    -0.2412    -0.3844    -0.3192     0.2827    -0.7367    -0.2608     0.1525    -0.1761     0.1769    -0.2276    -0.4043     0.1624     0.5674    -0.3879     1.0000



COEFFICIENTS OF AUTOCORRELATION
Order             1       2       3       4       5
logY         0.9214  0.8493  0.7837  0.7240  0.6698
logPi        0.5317  0.3124  0.2066  0.1526  0.1227
logR         0.9131  0.8301  0.7532  0.6830  0.6193
R            0.9131  0.8301  0.7532  0.6830  0.6193
logI         0.9108  0.8204  0.7345  0.6553  0.5833
logL         0.7882  0.6671  0.5893  0.5333  0.4890
logC         0.9107  0.8360  0.7710  0.7133  0.6614
logEX        0.9123  0.8307  0.7559  0.6878  0.6260
logM         0.7504  0.6023  0.5036  0.4304  0.3718
logD         0.9229  0.8529  0.7892  0.7313  0.6784
logD_star    0.9982  0.9942  0.9889  0.9824  0.9750
logN         0.9217  0.8512  0.7872  0.7289  0.6755
spread       0.9162  0.8416  0.7742  0.7129  0.6568
logDC        0.9241  0.8559  0.7941  0.7380  0.6869
logm         0.8933  0.8098  0.7403  0.6803  0.6273
leverage     0.9215  0.8501  0.7850  0.7255  0.6709
TB           0.8627  0.7567  0.6691  0.5939  0.5279
logcryp      0.9180  0.8377  0.7624  0.6931  0.6301
R_dc         0.5916  0.3595  0.2171  0.1236  0.0588
Total computing time : 0h00m00s
