Starting Dynare (version 5.1).
Calling Dynare with arguments: none
Starting preprocessing of the model file ...
Found 65 equation(s).
Evaluating expressions...done
Computing static model derivatives (order 1).
Computing dynamic model derivatives (order 1).
Processing outputs ...
done
Preprocessing completed.


STEADY-STATE RESULTS:

mc        		 0.888889
Pi        		 1
Z         		 0.0397052
w         		 5.04516
R         		 1.015
epsilon   		 1.04844
Q         		 1
Y         		 2.86138
M         		 0.436668
L         		 0.262151
C         		 1.94489
I         		 0.38435
K         		 19.2175
EX        		 0.508221
N         		 3.6833
K_b       		 14.6954
K_h       		 4.52213
D         		 5.62944
D_star    		 4.27123
x         		 0.304731
psi       		 1.59989
phi       		 3.98974
upsilon   		 1.56389
mu        		 0.00724967
mu_star   		 0.00577078
A         		 1
R_star    		 1.01125
Y_star    		 0.484739
Phi       		 0
Theta     		 0.401
chi_h     		 0.0104815
chi_b     		 0.0134416
Ynet      		 2.37964
P_c       		 1
R_dc      		 1
theta_c   		 1
cryp      		 0.91795
DC        		 1.9728
m         		 1.9545
R_c       		 1
Lambda    		 0.985222
gam       		 0.030408
trs       		 0.49767
Lambda1   		 1.01897
sigma_Rc  		 0
mu_cryp   		 0.0231117
x_c       		 0.0624652
DE        		 1
logY      		 1.05131
logPi     		 0
logR      		 0.0148886
logI      		 -0.956201
logL      		 -1.33883
logC      		 0.665205
logEX     		 -0.676838
logM      		 -0.828583
logD      		 1.72801
logD_star 		 1.4519
logN      		 1.30381
spread    		 0.0047052
logDC     		 0.679454
logm      		 0.670136
leverage  		 1.38373
TB        		 0.0715536
logcryp   		 -0.0856119

EIGENVALUES:
         Modulus             Real        Imaginary

       1.143e-16        1.143e-16                0
       3.657e-16       -3.657e-16                0
       8.193e-16       -8.193e-16                0
        2.46e-08         2.46e-08                0
        2.46e-08        -2.46e-08                0
          0.4491           0.4491                0
             0.9              0.9                0
             0.9              0.9                0
          0.9363           0.9363                0
            0.95             0.95                0
            0.95             0.95                0
            0.95             0.95                0
          0.9757           0.9757                0
          0.9846           0.9846                0
           1.024            1.024                0
           1.042            1.042                0
           1.071            1.071                0
            1.16             1.16                0
           1.618            1.618                0
       4.653e+16       -4.653e+16                0
       1.841e+18        1.841e+18                0


There are 7 eigenvalue(s) larger than 1 in modulus 
for 7 forward-looking variable(s)

The rank condition is verified.

MODEL_DIAGNOSTICS:  The Jacobian of the static model is singular
MODEL_DIAGNOSTICS:  there is 2 colinear relationships between the variables and the equations
Relation 1
Colinear variables:
Z
w
epsilon
Y
M
L
C
I
K
EX
N
K_b
K_h
D
D_star
x
psi
phi
upsilon
mu
mu_star
R_star
Y_star
chi_h
chi_b
Ynet
cryp
DC
m
gam
Lambda1
mu_cryp
x_c
logY
logI
logL
logC
logEX
logM
logD
logD_star
logN
spread
logDC
logm
leverage
TB
logcryp
Relation 2
Colinear variables:
Z
w
epsilon
Y
M
L
C
I
K
EX
N
K_b
K_h
D
D_star
x
psi
phi
upsilon
mu
mu_star
R_star
Y_star
chi_h
chi_b
Ynet
cryp
DC
m
gam
trs
Lambda1
mu_cryp
x_c
logY
logI
logL
logC
logEX
logM
logD
logD_star
logN
spread
logDC
logm
leverage
TB
logcryp
Relation 1
Colinear equations
    46    47

Relation 2
Colinear equations
    46    47

MODEL_DIAGNOSTICS:  The presence of a singularity problem typically indicates that there is one
MODEL_DIAGNOSTICS:  redundant equation entered in the model block, while another non-redundant equation
MODEL_DIAGNOSTICS:  is missing. The problem often derives from Walras Law.

MODEL SUMMARY

  Number of variables:         65
  Number of stochastic shocks: 6
  Number of state variables:   14
  Number of jumpers:           7
  Number of static variables:  45


MATRIX OF COVARIANCE OF EXOGENOUS SHOCKS
Variables               varepsilon_R      varepsilon_A  varepsilon_Rstar  varepsilon_Ystar            eps_Rc               vol
varepsilon_R                0.000006          0.000000          0.000000          0.000000          0.000000          0.000000
varepsilon_A                0.000000          0.000100          0.000000          0.000000          0.000000          0.000000
varepsilon_Rstar            0.000000          0.000000          0.000006          0.000000          0.000000          0.000000
varepsilon_Ystar            0.000000          0.000000          0.000000          0.000000          0.000000          0.000000
eps_Rc                      0.000000          0.000000          0.000000          0.000000          0.000000          0.000000
vol                         0.000000          0.000000          0.000000          0.000000          0.000000          0.000000

POLICY AND TRANSITION FUNCTIONS
                                  mc              Pi               Z               w               R         epsilon               Q               Y               M               L               C               I               K              EX               N             K_b             K_h               D          D_star               x             psi             phi         upsilon              mu         mu_star               A          R_star          Y_star             Phi           Theta           chi_h           chi_b            Ynet             P_c            R_dc         theta_c            cryp              DC               m             R_c          Lambda             gam             trs         Lambda1        sigma_Rc         mu_cryp             x_c              DE            logY           logPi            logR            logI            logL            logC           logEX            logM            logD       logD_star            logN          spread           logDC            logm        leverage              TB         logcryp
Constant                    0.888889        1.000000        0.039705        5.045165        1.015000        1.048443        1.000000        2.861383        0.436668        0.262151        1.944888        0.384350       19.217522        0.508221        3.683297       14.695395        4.522128        5.629441        4.271235        0.304731        1.599885        3.989739        1.563892        0.007250        0.005771        1.000000        1.011255        0.484739               0        0.401000        0.010482        0.013442        2.379639        1.000000        1.000000        1.000000        0.917950        1.972800        1.954502        1.000000        0.985222        0.030408        0.497670        1.018974               0        0.023112        0.062465        1.000000        1.051305               0        0.014889       -0.956201       -1.338835        0.665205       -0.676838       -0.828583        1.728011        1.451904        1.303808        0.004705        0.679454        0.670136        1.383726        0.071554       -0.085612
R(-1)                      -2.937773       -1.020717       -0.277224       -8.806412        0.324614       -1.763180       -2.107660      -10.521496       -2.314491       -1.372766       -8.766262       -1.215120       -1.215120       -0.854682      -37.060287      -63.236526       62.021406      -46.174565       -2.314491        1.275978        5.841027       14.566151        5.021610        0.138447        0.000307               0               0               0               0               0        0.288173        0.026394       -7.639527               0               0               0       -0.990605       -8.824862       -8.879507               0       -0.768694        0.688252       -0.017459        1.338436               0        0.566978        0.333043       -2.702430       -3.677067       -1.020717        0.319816       -3.161490       -5.236546       -4.507334       -1.681712       -5.300349       -8.202335       -0.541879      -10.061715        0.078418       -4.473266       -4.543103        3.650903        1.459809       -1.079149
K(-1)                      -0.010618       -0.004177       -0.002079       -0.000403       -0.000240        0.022151       -0.022183        0.033265       -0.009365       -0.000063        0.027673       -0.012789        0.967211        0.010737       -0.442467       -0.519162        1.486373       -0.488154       -0.009365        0.023296        0.100179        0.249823        0.087463        0.002584        0.000191               0               0               0               0               0        0.006363        0.001282        0.025767               0               0               0        0.001954        0.027957        0.027927               0       -0.001895       -0.001358        0.000029       -0.029465               0        0.000929        0.003725        0.016950        0.011626       -0.004177       -0.000236       -0.033275       -0.000240        0.014228        0.021127       -0.021447       -0.086715       -0.002193       -0.120128        0.001423        0.014171        0.014288        0.062616        0.020102        0.002129
K_b(-1)                     0.001300        0.000457        0.000127        0.004040        0.000196        0.000496        0.024714        0.004981        0.001192        0.000630        0.005519        0.014248        0.014248        0.000241        1.297780        2.661752       -2.647504        1.721477        0.001192       -0.062497       -0.234383       -0.584495       -0.206339       -0.005385       -0.000876               0               0               0               0               0       -0.012281       -0.002747        0.018542               0               0               0       -0.000439        0.005646        0.005497               0        0.000016        0.000305       -0.000012       -0.002883               0       -0.002752       -0.012888        0.000930        0.001741        0.000457        0.000193        0.037071        0.002403        0.002838        0.000474        0.002730        0.305799        0.000279        0.352342       -0.002875        0.002862        0.002812       -0.146500       -0.000951       -0.000478
D(-1)                      -0.001294       -0.000455       -0.000127       -0.004022       -0.000195       -0.000494       -0.024600       -0.004958       -0.001187       -0.000627       -0.005494       -0.014183       -0.014183       -0.000240       -1.291792       -2.649470        2.635288       -1.713533       -0.001187        0.062209        0.233301        0.581798        0.205387        0.005361        0.000872               0               0               0               0               0        0.012224        0.002734       -0.018456               0               0               0        0.000437       -0.005620       -0.005472               0       -0.000016       -0.000303        0.000012        0.002870               0        0.002740        0.012828       -0.000926       -0.001733       -0.000455       -0.000192       -0.036900       -0.002391       -0.002825       -0.000471       -0.002717       -0.304388       -0.000278       -0.350716        0.002861       -0.002849       -0.002799        0.145824        0.000947        0.000476
D_star(-1)                 -0.007329       -0.001577       -0.001447       -0.045978        0.001937        0.043276       -0.056871       -0.080714       -0.033942       -0.007167       -0.097531       -0.032788       -0.032788        0.020978       -1.976994       -3.735801        3.703013       -3.784382        0.977312        0.177103        0.361028        0.900320        0.317154        0.007831        0.003767               0               0               0               0               0        0.017184        0.011442       -0.092652               0               0               0       -0.008227       -0.098419       -0.098544               0       -0.002043        0.005716       -0.000133        0.061866               0        0.007628        0.018872        0.039700       -0.028208       -0.001577        0.001909       -0.085307       -0.027340       -0.050147        0.041277       -0.077730       -0.672248        0.228813       -0.536746        0.004138       -0.049888       -0.050419        0.225659        0.054920       -0.008962
A(-1)                      -0.569821       -0.220195        0.009113        0.289485       -0.009321        1.224698        0.941528        2.491016       -0.409854        0.045126        1.364665        0.542815        0.542815        0.593659        6.607176        5.136758       -4.593943        7.497683       -0.409854       -0.066713       -0.804333       -2.005817       -0.708061       -0.017678        0.001551        0.950000               0               0               0               0       -0.021592        0.011469        2.396062               0               0               0        0.078236        1.380224        1.375599               0       -0.101148       -0.054357        0.001046       -1.197708               0       -0.024614       -0.075323        0.947916        0.870564       -0.220195       -0.009184        1.412293        0.172136        0.701668        1.168111       -0.938596        1.331870       -0.095957        1.793821       -0.008860        0.699627        0.703810       -0.502744        1.003513        0.085229
R_star(-1)                  0.745176        0.509048       -0.023031       -0.731619        0.554027        6.335780       -4.017087       -4.058522       -2.892089       -0.114047       -5.804097       -2.315954       -2.315954        3.071199      -81.801786     -139.571505      137.255551     -143.170595        1.379146        6.058258       13.909605       34.687295       12.059713        0.305943        0.104567               0        0.900000               0               0               0        0.637533        0.352797       -4.783291               0               0               0       -1.786568       -5.747107       -5.978715               0       -0.172575        1.241265       -0.036442        4.516604               0        1.019241        0.722626        6.552083       -1.418378        0.509048        0.545839       -6.025631       -0.435041       -2.984283        6.043035       -6.623090      -25.432469        0.322892      -22.208848        0.163104       -2.913172       -3.058945        8.694126        5.963288       -1.946258
Y_star(-1)                  0.256031        0.089291        0.034206        1.086599        0.004745       -0.480006        0.129832        1.640895        0.576107        0.169382        0.918403        0.074851        0.074851        0.710921        4.749587        8.556997       -8.482146        8.091538       -0.323893       -0.379629       -0.923727       -2.303558       -0.822325       -0.018380       -0.008530               0               0        0.900000               0               0       -0.039361       -0.023919        1.309764               0               0               0       -0.010313        0.934208        0.920213               0        0.035260        0.007165       -0.000682       -0.077470               0       -0.004949       -0.045185       -0.368537        0.573462        0.089291        0.004675        0.194748        0.646123        0.472214        1.398842        1.319325        1.437361       -0.075831        1.289493       -0.009623        0.473544        0.470817       -0.577371        0.134815       -0.011235
P_c(-1)                    -0.009212       -0.001272       -0.000657       -0.020859       -0.001565       -0.018944        0.024505       -0.017668        0.000668       -0.003252       -0.008775        0.014128        0.014128       -0.009183        0.393672        2.357529       -2.343401        5.314170        0.000668       -0.061813        0.124873        0.311405       -0.182867       -0.004788       -0.033650               0               0               0               0               0       -0.010871       -0.002967        0.003742               0               0               0       -2.912952       -0.009317       -0.008385       -1.000000        0.002025       -0.003279        0.000108       -0.005124               0        1.535702       -0.209774       -0.019341       -0.006174       -0.001272       -0.001542        0.036758       -0.012404       -0.004512       -0.018068        0.001530        0.943996        0.000156        0.106880       -0.002567       -0.004723       -0.004290        0.078051       -0.009851       -3.173322
theta_c(-1)                -0.001604       -0.000186       -0.000141       -0.004493       -0.000160       -0.001590        0.000202       -0.005029       -0.000893       -0.000700       -0.003439        0.000117        0.000117       -0.000771        0.006089        0.159795       -0.159678        0.614231       -0.000893       -0.003901        0.015076        0.037596       -0.033695       -0.000414       -0.005190               0               0               0               0               0       -0.000740       -0.000195       -0.002462       -0.154393               0        0.950000       -0.450016       -0.003533       -0.003409       -0.154393        0.000279       -0.000314        0.000012        0.000210               0        0.237144       -0.031315       -0.001703       -0.001757       -0.000186       -0.000158        0.000304       -0.002672       -0.001768       -0.001517       -0.002045        0.109111       -0.000209        0.001653       -0.000168       -0.001791       -0.001744        0.009423        0.000122       -0.490240
cryp(-1)                   -0.001275       -0.000448       -0.000125       -0.003962       -0.000192       -0.000487       -0.024236       -0.004885       -0.001169       -0.000618       -0.005413       -0.013973       -0.013973       -0.000236       -1.272701       -2.610316        2.596343       -1.688210       -0.001169        0.061290        0.229853        0.573200        0.202352        0.005281        0.000859               0               0               0               0               0        0.012043        0.002694       -0.018183               0               0               0        0.000430       -0.005537       -0.005391               0       -0.000015       -0.000299        0.000012        0.002828               0        0.002699        0.012639       -0.000912       -0.001707       -0.000448       -0.000189       -0.036355       -0.002356       -0.002783       -0.000464       -0.002677       -0.299889       -0.000274       -0.345533        0.002819       -0.002807       -0.002758        0.143669        0.000933        0.000469
R_c(-1)                    -0.001170       -0.000411       -0.000114       -0.003637       -0.000176       -0.000447       -0.022248       -0.004484       -0.001073       -0.000567       -0.004968       -0.012826       -0.012826       -0.000217       -1.168277       -2.396140        2.383314       -1.549693       -0.001073        0.056261        0.210994        0.526169        0.185749        0.004848        0.000788               0               0               0               0               0        0.011055        0.002473       -0.016691               0               0               0        0.000395       -0.005083       -0.004948               0       -0.000014       -0.000274        0.000011        0.002596               0        0.002478        0.011602       -0.000837       -0.001567       -0.000411       -0.000174       -0.033372       -0.002163       -0.002555       -0.000426       -0.002457       -0.275284       -0.000251       -0.317182        0.002588       -0.002576       -0.002532        0.131881        0.000856        0.000430
sigma_Rc(-1)                       0               0               0               0               0               0               0               0               0               0               0               0               0               0               0               0               0               0               0               0               0               0               0               0               0               0               0               0               0               0               0               0               0               0               0               0               0               0               0               0               0               0               0               0        0.950000               0               0               0               0               0               0               0               0               0               0               0               0               0               0               0               0               0               0               0               0
epsilon(-1)                 0.212784        0.073929        0.020078        0.637793       -0.023648        0.127821        0.143126        0.761945        0.167572        0.099421        0.634285        0.082516        0.082516        0.061960        2.170656        3.524514       -3.441998        2.662587        0.167572       -0.067594       -0.330153       -0.823324       -0.281898       -0.007894        0.000329               0               0               0               0               0       -0.016001       -0.000815        0.547256               0               0               0        0.072101        0.638489        0.642517               0        0.055807       -0.050095        0.001273       -0.096025               0       -0.040064       -0.019016       -0.757951        0.266285        0.073929       -0.023298        0.214689        0.379250        0.326129        0.121915        0.383752        0.472975        0.039233        0.589324       -0.004541        0.323646        0.328737       -0.206360       -0.105612        0.078546
varepsilon_R               -3.718193       -1.291837       -0.350837      -11.144835        0.413224       -2.233557       -2.500988      -13.314261       -2.928161       -1.737285      -11.083536       -1.441884       -1.441884       -1.082692      -37.930158      -61.587545       60.145661      -46.526187       -2.928161        1.181145        5.769110       14.386807        4.925899        0.137933       -0.005744               0               0               0               0               0        0.279601        0.014250       -9.562779               0               0               0       -1.259903      -11.156996      -11.227372               0       -0.975171        0.875355       -0.022238        1.677945               0        0.700075        0.332278       -3.422192       -4.653086       -1.291837        0.407118       -3.751483       -6.627040       -5.698804       -2.130356       -6.705697       -8.264796       -0.685554      -10.297882        0.079358       -5.655410       -5.744363        3.605952        1.845469       -1.372517
varepsilon_A               -0.599812       -0.231784        0.009593        0.304721       -0.009812        1.289156        0.991083        2.622122       -0.431426        0.047501        1.436490        0.571385        0.571385        0.624904        6.954922        5.407114       -4.835729        7.892298       -0.431426       -0.070224       -0.846666       -2.111386       -0.745327       -0.018608        0.001633        1.000000               0               0               0               0       -0.022728        0.012072        2.522171               0               0               0        0.082354        1.452867        1.447999               0       -0.106472       -0.057218        0.001101       -1.260745               0       -0.025909       -0.079288        0.997806        0.916383       -0.231784       -0.009667        1.486624        0.181196        0.738597        1.229590       -0.987996        1.401968       -0.101007        1.888233       -0.009326        0.736449        0.740853       -0.529204        1.056330        0.089715
varepsilon_Rstar            0.862368        0.573010       -0.018798       -0.597134        0.606493        6.836660       -4.196534       -4.130676       -3.054142       -0.093083       -5.991286       -2.419410       -2.419410        3.313995      -81.612841     -137.547340      135.127930     -141.318340       -3.054142        5.900255       13.760811       34.316237       11.911280        0.303184        0.098508               0        1.000000               0               0               0        0.627727        0.338297       -4.879954               0               0               0       -1.946469       -5.923792       -6.180548               0       -0.182163        1.352360       -0.039869        4.728112               0        1.096691        0.714350        7.093782       -1.443594        0.573010        0.597530       -6.294801       -0.355073       -3.080530        6.520772       -6.994202      -25.103439       -0.715049      -22.157551        0.161806       -3.002733       -3.162211        8.601123        6.368137       -2.120451
varepsilon_Ystar            0.284479        0.099213        0.038007        1.207332        0.005273       -0.533341        0.144258        1.823217        0.640118        0.188202        1.020447        0.083168        0.083168        0.789912        5.277319        9.507774       -9.424606        8.990598       -0.359882       -0.421810       -1.026363       -2.559509       -0.913695       -0.020422       -0.009477               0               0        1.000000               0               0       -0.043735       -0.026576        1.455293               0               0               0       -0.011459        1.038009        1.022459               0        0.039178        0.007961       -0.000758       -0.086078               0       -0.005499       -0.050205       -0.409485        0.637180        0.099213        0.005195        0.216386        0.717914        0.524682        1.554269        1.465917        1.597068       -0.084257        1.432770       -0.010692        0.526160        0.523130       -0.641523        0.149794       -0.012484
eps_Rc                             0               0               0               0               0               0               0               0               0               0               0               0               0               0               0               0               0               0               0               0               0               0               0               0               0               0               0               0               0               0               0               0               0               0               0               0               0               0               0               0               0               0               0               0        0.030000               0               0               0               0               0               0               0               0               0               0               0               0               0               0               0               0               0               0               0               0
vol                        -0.001689       -0.000196       -0.000149       -0.004730       -0.000169       -0.001674        0.000213       -0.005293       -0.000940       -0.000737       -0.003620        0.000123        0.000123       -0.000812        0.006409        0.168205       -0.168082        0.646559       -0.000940       -0.004107        0.015870        0.039575       -0.035468       -0.000435       -0.005463               0               0               0               0               0       -0.000779       -0.000206       -0.002592       -0.162519               0        1.000000       -0.473701       -0.003719       -0.003589       -0.162519        0.000294       -0.000331        0.000012        0.000221               0        0.249626       -0.032963       -0.001793       -0.001850       -0.000196       -0.000166        0.000320       -0.002812       -0.001861       -0.001597       -0.002153        0.114853       -0.000220        0.001740       -0.000177       -0.001885       -0.001836        0.009919        0.000129       -0.516042


THEORETICAL MOMENTS
VARIABLE          MEAN  STD. DEV.   VARIANCE
mc              0.8889     0.0127     0.0002
Pi              1.0000     0.0053     0.0000
Z               0.0397     0.0019     0.0000
w               5.0452     0.0810     0.0066
R               1.0150     0.0050     0.0000
epsilon         1.0484     0.0703     0.0049
Q               1.0000     0.0465     0.0022
Y               2.8614     0.1806     0.0326
M               0.4367     0.0228     0.0005
L               0.2622     0.0126     0.0002
C               1.9449     0.1357     0.0184
I               0.3844     0.0268     0.0007
K              19.2175     0.6339     0.4019
EX              0.5082     0.0341     0.0012
N               3.6833     0.6408     0.4106
K_b            14.6954     1.1413     1.3025
K_h             4.5221     0.9707     0.9424
D               5.6294     1.0718     1.1488
D_star          4.2712     0.1265     0.0160
x               0.3047     0.0416     0.0017
psi             1.5999     0.0993     0.0099
phi             3.9897     0.2475     0.0613
upsilon         1.5639     0.0861     0.0074
mu              0.0072     0.0022     0.0000
mu_star         0.0058     0.0008     0.0000
A               1.0000     0.0320     0.0010
R_star          1.0113     0.0057     0.0000
Y_star          0.4847     0.0000     0.0000
Phi             0.0000     0.0000     0.0000
Theta           0.4010     0.0000     0.0000
chi_h           0.0105     0.0045     0.0000
chi_b           0.0134     0.0025     0.0000
Ynet            2.3796     0.1530     0.0234
P_c             1.0000     0.0000     0.0000
R_dc            1.0000     0.0000     0.0000
theta_c         1.0000     0.0000     0.0000
cryp            0.9180     0.0172     0.0003
DC              1.9728     0.1366     0.0186
m               1.9545     0.1374     0.0189
R_c             1.0000     0.0000     0.0000
Lambda          0.9852     0.0039     0.0000
gam             0.0304     0.0119     0.0001
trs             0.4977     0.0003     0.0000
Lambda1         1.0190     0.0726     0.0053
sigma_Rc        0.0000     0.0000     0.0000
mu_cryp         0.0231     0.0087     0.0001
x_c             0.0625     0.0061     0.0000
DE              1.0000     0.0224     0.0005
logY            1.0513     0.0631     0.0040
logPi           0.0000     0.0053     0.0000
logR            0.0149     0.0049     0.0000
logI           -0.9562     0.0698     0.0049
logL           -1.3388     0.0482     0.0023
logC            0.6652     0.0697     0.0049
logEX          -0.6768     0.0671     0.0045
logM           -0.8286     0.0523     0.0027
logD            1.7280     0.1904     0.0362
logD_star       1.4519     0.0296     0.0009
logN            1.3038     0.1740     0.0303
spread          0.0047     0.0012     0.0000
logDC           0.6795     0.0692     0.0048
logm            0.6701     0.0703     0.0049
leverage        1.3837     0.0620     0.0038
TB              0.0716     0.0487     0.0024
logcryp        -0.0856     0.0187     0.0003



VARIANCE DECOMPOSITION (in percent)
                 varepsilon_R      varepsilon_A  varepsilon_Rstar  varepsilon_Ystar            eps_Rc               vol
mc                      67.15             28.24              4.61              0.00              0.00              0.00
Pi                      47.28             29.87             22.85              0.00              0.00              0.00
Z                       26.21             70.35              3.43              0.00              0.00              0.00
w                       14.79             78.68              6.53              0.00              0.00              0.00
R                        5.25             30.23             64.52              0.00              0.00              0.00
epsilon                  1.38             71.89             26.73              0.00              0.00              0.00
Q                        2.82             65.39             31.79              0.00              0.00              0.00
Y                        4.24             87.58              8.18              0.00              0.00              0.00
M                       13.11              4.41             82.48              0.00              0.00              0.00
L                       14.79             78.68              6.53              0.00              0.00              0.00
C                        5.17             76.47             18.36              0.00              0.00              0.00
I                        2.82             65.39             31.79              0.00              0.00              0.00
K                        0.79             74.35             24.86              0.00              0.00              0.00
EX                       1.38             71.89             26.73              0.00              0.00              0.00
N                       13.49             14.26             72.25              0.00              0.00              0.00
K_b                     18.35              7.44             74.21              0.00              0.00              0.00
K_h                     21.05              7.67             71.28              0.00              0.00              0.00
D                        5.58              9.55             84.87              0.00              0.00              0.00
D_star                  32.14              7.22             60.64              0.00              0.00              0.00
x                        2.66              0.45             96.89              0.00              0.00              0.00
psi                     15.94              4.22             79.84              0.00              0.00              0.00
phi                     15.94              4.22             79.84              0.00              0.00              0.00
upsilon                 16.24              4.10             79.66              0.00              0.00              0.00
mu                      18.48              4.22             77.30              0.00              0.00              0.00
mu_star                  1.61              3.14             95.25              0.00              0.00              0.00
A                        0.00            100.00              0.00              0.00              0.00              0.00
R_star                   0.00              0.00            100.00              0.00              0.00              0.00
Y_star                   0.00              0.00              0.00            100.00              0.00              0.00
Phi                      4.29             46.77             48.94              0.00              0.00              0.00
Theta                    1.18             45.67             53.15              0.00              0.00              0.00
chi_h                   21.51              4.68             73.81              0.00              0.00              0.00
chi_b                    1.59              6.58             91.83              0.00              0.00              0.00
Ynet                     3.13             86.24             10.63              0.00              0.00              0.00
P_c                      0.00              0.00              0.00              0.00              0.00            100.00
R_dc                    14.12             69.62             16.25              0.00              0.00              0.00
theta_c                  0.00              0.00              0.00              0.00              0.00            100.00
cryp                     4.14             37.51             58.35              0.00              0.00              0.00
DC                       5.17             76.79             18.04              0.00              0.00              0.00
m                        5.17             76.14             18.69              0.00              0.00              0.00
R_c                      0.00              0.00              0.00              0.00              0.00            100.00
Lambda                  49.57             26.06             24.37              0.00              0.00              0.00
gam                      4.14             37.51             58.35              0.00              0.00              0.00
trs                      3.73             29.30             66.97              0.00              0.00              0.00
Lambda1                  0.45             72.18             27.37              0.00              0.00              0.00
sigma_Rc                 0.00              0.00              0.00              0.00            100.00              0.00
mu_cryp                  5.49             25.21             69.30              0.00              0.00              0.00
x_c                     14.76             20.06             65.19              0.00              0.00              0.00
DE                      14.89             21.45             63.66              0.00              0.00              0.00
logY                     4.24             87.58              8.18              0.00              0.00              0.00
logPi                   47.28             29.87             22.85              0.00              0.00              0.00
logR                     5.25             30.23             64.52              0.00              0.00              0.00
logI                     2.82             65.39             31.79              0.00              0.00              0.00
logL                    14.79             78.68              6.53              0.00              0.00              0.00
logC                     5.17             76.47             18.36              0.00              0.00              0.00
logEX                    1.38             71.89             26.73              0.00              0.00              0.00
logM                    13.11              4.41             82.48              0.00              0.00              0.00
logD                     5.58              9.55             84.87              0.00              0.00              0.00
logD_star               32.14              7.22             60.64              0.00              0.00              0.00
logN                    13.49             14.26             72.25              0.00              0.00              0.00
spread                  19.15              4.28             76.57              0.00              0.00              0.00
logDC                    5.17             76.79             18.04              0.00              0.00              0.00
logm                     5.17             76.14             18.69              0.00              0.00              0.00
leverage                15.94              4.22             79.84              0.00              0.00              0.00
TB                       1.78             37.23             60.99              0.00              0.00              0.00
logcryp                  4.14             37.51             58.35              0.00              0.00              0.00



MATRIX OF CORRELATIONS
Variables           mc         Pi          Z          w          R    epsilon          Q          Y          M          L          C          I          K         EX          N        K_b        K_h          D     D_star          x        psi        phi    upsilon         mu    mu_star          A     R_star      chi_h      chi_b       Ynet       cryp         DC          m     Lambda        gam        trs    Lambda1    mu_cryp        x_c         DE       logY      logPi       logR       logI       logL       logC      logEX       logM       logD  logD_star       logN     spread      logDC       logm   leverage         TB    logcryp
mc              1.0000     0.9357     0.2746     0.1892     0.0112    -0.0033    -0.1729    -0.0338     0.2368     0.1892    -0.0112    -0.1729    -0.0394    -0.0033    -0.0666    -0.0090    -0.0151    -0.0953     0.1385     0.0925     0.0459     0.0459     0.0472     0.0290     0.1351    -0.2740     0.1835    -0.0121     0.0895    -0.0773    -0.0454    -0.0109    -0.0116     0.6267     0.0454    -0.0514     0.1986     0.0167     0.0813     0.1806    -0.0338     0.9357     0.0112    -0.1729     0.1892    -0.0112    -0.0033     0.2368    -0.0953     0.1385    -0.0666     0.0147    -0.0109    -0.0116     0.0459    -0.1132    -0.0454
Pi              0.9357     1.0000     0.0633    -0.0654     0.3614     0.0047    -0.4611    -0.2784    -0.0864    -0.0654    -0.2946    -0.4611    -0.2350     0.0047    -0.3905    -0.3193     0.2219    -0.4246     0.2405     0.3934     0.3497     0.3497     0.3497     0.3209     0.3916    -0.4041     0.4690     0.2399     0.3316    -0.3284    -0.3896    -0.2933    -0.2960     0.3152     0.3896    -0.3992     0.4791     0.3671     0.4016     0.2304    -0.2784     1.0000     0.3614    -0.4611    -0.0654    -0.2946     0.0047    -0.0864    -0.4246     0.2405    -0.3905     0.3061    -0.2933    -0.2960     0.3497     0.0437    -0.3896
Z               0.2746     0.0633     1.0000     0.8657    -0.6168     0.5940     0.8053     0.8190     0.3012     0.8657     0.7869     0.8053     0.2541     0.5940     0.4773     0.3018    -0.1889     0.3791    -0.0499    -0.1650    -0.3570    -0.3570    -0.3518    -0.3532     0.0579     0.7787    -0.1353    -0.2084     0.0861     0.8047     0.6394     0.7876     0.7862     0.6868    -0.6394     0.5914    -0.6777    -0.5905    -0.5044     0.0912     0.8190     0.0633    -0.6168     0.8053     0.8657     0.7869     0.5940     0.3012     0.3791    -0.0499     0.4773    -0.3607     0.7876     0.7862    -0.3570     0.2747     0.6394
w               0.1892    -0.0654     0.8657     1.0000    -0.7496     0.6841     0.8386     0.9750     0.3507     1.0000     0.9658     0.8386     0.7039     0.6841     0.5882     0.4875    -0.1134     0.5354    -0.3046    -0.2931    -0.4104    -0.4104    -0.4060    -0.3638    -0.1248     0.8251    -0.1948    -0.1675    -0.0169     0.9634     0.7895     0.9666     0.9650     0.7324    -0.7895     0.7314    -0.8916    -0.7146    -0.6401     0.0310     0.9750    -0.0654    -0.7496     0.8386     1.0000     0.9658     0.6841     0.3507     0.5354    -0.3046     0.5882    -0.3622     0.9666     0.9650    -0.4104     0.3145     0.7895
R               0.0112     0.3614    -0.6168    -0.7496     1.0000    -0.0757    -0.8932    -0.7655    -0.8240    -0.7496    -0.8570    -0.8932    -0.5850    -0.0757    -0.9211    -0.8555     0.6238    -0.9288     0.3044     0.8203     0.8425     0.8425     0.8388     0.8046     0.6855    -0.5074     0.7945     0.6685     0.6286    -0.7891    -0.9961    -0.8545    -0.8595    -0.7706     0.9961    -0.9990     0.8756     0.9968     0.9211     0.1614    -0.7655     0.3614     1.0000    -0.8932    -0.7496    -0.8570    -0.0757    -0.8240    -0.9288     0.3044    -0.9211     0.8007    -0.8545    -0.8595     0.8425     0.3330    -0.9961
epsilon        -0.0033     0.0047     0.5940     0.6841    -0.0757     1.0000     0.3865     0.6970    -0.4432     0.6841     0.5722     0.3865     0.4710     1.0000    -0.0667    -0.1687     0.5059    -0.1600    -0.1177     0.4305     0.2656     0.2656     0.2680     0.3001     0.5451     0.8251     0.5136     0.4696     0.6638     0.6664     0.1526     0.5760     0.5682     0.1036    -0.1526     0.0602    -0.4914    -0.0269    -0.0208     0.1590     0.6970     0.0047    -0.0757     0.3865     0.6841     0.5722     1.0000    -0.4432    -0.1600    -0.1177    -0.0667     0.3024     0.5760     0.5682     0.2656     0.9076     0.1526
Q              -0.1729    -0.4611     0.8053     0.8386    -0.8932     0.3865     1.0000     0.8926     0.5343     0.8386     0.9163     1.0000     0.4893     0.3865     0.8212     0.6764    -0.4756     0.7702    -0.2188    -0.5833    -0.7065    -0.7065    -0.7025    -0.6794    -0.3903     0.8050    -0.5629    -0.5131    -0.3262     0.9125     0.9157     0.9152     0.9173     0.6032    -0.9157     0.8912    -0.9248    -0.8835    -0.8444    -0.0799     0.8926    -0.4611    -0.8932     1.0000     0.8386     0.9163     0.3865     0.5343     0.7702    -0.2188     0.8212    -0.6767     0.9152     0.9173    -0.7065     0.0203     0.9157
Y              -0.0338    -0.2784     0.8190     0.9750    -0.7655     0.6970     0.8926     1.0000     0.3033     0.9750     0.9856     0.8926     0.7254     0.6970     0.6137     0.4982    -0.1120     0.5665    -0.3413    -0.3192    -0.4281    -0.4281    -0.4239    -0.3768    -0.1576     0.9018    -0.2398    -0.1677    -0.0374     0.9981     0.8138     0.9863     0.9848     0.6036    -0.8138     0.7560    -0.9524    -0.7311    -0.6699    -0.0094     1.0000    -0.2784    -0.7655     0.8926     0.9750     0.9856     0.6970     0.3033     0.5665    -0.3413     0.6137    -0.3719     0.9863     0.9848    -0.4281     0.3458     0.8138
M               0.2368    -0.0864     0.3012     0.3507    -0.8240    -0.4432     0.5343     0.3033     1.0000     0.3507     0.4523     0.5343     0.2604    -0.4432     0.8084     0.8157    -0.7889     0.8634    -0.2232    -0.9129    -0.8454    -0.8454    -0.8430    -0.8323    -0.8533    -0.0453    -0.8988    -0.8087    -0.8729     0.3284     0.7742     0.4484     0.4564     0.7671    -0.7742     0.8215    -0.4647    -0.8436    -0.7599    -0.1661     0.3033    -0.0864    -0.8240     0.5343     0.3507     0.4523    -0.4432     1.0000     0.8634    -0.2232     0.8084    -0.8333     0.4484     0.4564    -0.8454    -0.7787     0.7742
L               0.1892    -0.0654     0.8657     1.0000    -0.7496     0.6841     0.8386     0.9750     0.3507     1.0000     0.9658     0.8386     0.7039     0.6841     0.5882     0.4875    -0.1134     0.5354    -0.3046    -0.2931    -0.4104    -0.4104    -0.4060    -0.3638    -0.1248     0.8251    -0.1948    -0.1675    -0.0169     0.9634     0.7895     0.9666     0.9650     0.7324    -0.7895     0.7314    -0.8916    -0.7146    -0.6401     0.0310     0.9750    -0.0654    -0.7496     0.8386     1.0000     0.9658     0.6841     0.3507     0.5354    -0.3046     0.5882    -0.3622     0.9666     0.9650    -0.4104     0.3145     0.7895
C              -0.0112    -0.2946     0.7869     0.9658    -0.8570     0.5722     0.9163     0.9856     0.4523     0.9658     1.0000     0.9163     0.7549     0.5722     0.7130     0.6147    -0.2297     0.6848    -0.3837    -0.4641    -0.5432    -0.5432    -0.5390    -0.4893    -0.3125     0.8278    -0.3820    -0.2876    -0.1969     0.9890     0.8949     1.0000     1.0000     0.6821    -0.8949     0.8491    -0.9776    -0.8279    -0.7589    -0.0441     0.9856    -0.2946    -0.8570     0.9163     0.9658     1.0000     0.5722     0.4523     0.6848    -0.3837     0.7130    -0.4838     1.0000     1.0000    -0.5432     0.1886     0.8949
I              -0.1729    -0.4611     0.8053     0.8386    -0.8932     0.3865     1.0000     0.8926     0.5343     0.8386     0.9163     1.0000     0.4893     0.3865     0.8212     0.6764    -0.4756     0.7702    -0.2188    -0.5833    -0.7065    -0.7065    -0.7025    -0.6794    -0.3903     0.8050    -0.5629    -0.5131    -0.3262     0.9125     0.9157     0.9152     0.9173     0.6032    -0.9157     0.8912    -0.9248    -0.8835    -0.8444    -0.0799     0.8926    -0.4611    -0.8932     1.0000     0.8386     0.9163     0.3865     0.5343     0.7702    -0.2188     0.8212    -0.6767     0.9152     0.9173    -0.7065     0.0203     0.9157
K              -0.0394    -0.2350     0.2541     0.7039    -0.5850     0.4710     0.4893     0.7254     0.2604     0.7039     0.7549     0.4893     1.0000     0.4710     0.4735     0.5266     0.0340     0.5114    -0.5189    -0.3476    -0.3018    -0.3018    -0.3006    -0.2171    -0.3376     0.4934    -0.2018    -0.0429    -0.1692     0.7247     0.6295     0.7554     0.7544     0.4396    -0.6295     0.5864    -0.7699    -0.5553    -0.5348    -0.0749     0.7254    -0.2350    -0.5850     0.4893     0.7039     0.7549     0.4710     0.2604     0.5114    -0.5189     0.4735    -0.2032     0.7554     0.7544    -0.3018     0.2077     0.6295
EX             -0.0033     0.0047     0.5940     0.6841    -0.0757     1.0000     0.3865     0.6970    -0.4432     0.6841     0.5722     0.3865     0.4710     1.0000    -0.0667    -0.1687     0.5059    -0.1600    -0.1177     0.4305     0.2656     0.2656     0.2680     0.3001     0.5451     0.8251     0.5136     0.4696     0.6638     0.6664     0.1526     0.5760     0.5682     0.1036    -0.1526     0.0602    -0.4914    -0.0269    -0.0208     0.1590     0.6970     0.0047    -0.0757     0.3865     0.6841     0.5722     1.0000    -0.4432    -0.1600    -0.1177    -0.0667     0.3024     0.5760     0.5682     0.2656     0.9076     0.1526
N              -0.0666    -0.3905     0.4773     0.5882    -0.9211    -0.0667     0.8212     0.6137     0.8084     0.5882     0.7130     0.8212     0.4735    -0.0667     1.0000     0.9699    -0.8310     0.9787    -0.1427    -0.8958    -0.9744    -0.9744    -0.9736    -0.9546    -0.7448     0.3734    -0.8351    -0.8671    -0.7103     0.6481     0.9073     0.7102     0.7160     0.6671    -0.9073     0.9241    -0.7500    -0.9476    -0.9953    -0.1327     0.6137    -0.3905    -0.9211     0.8212     0.5882     0.7130    -0.0667     0.8084     0.9787    -0.1427     1.0000    -0.9508     0.7102     0.7160    -0.9744    -0.4254     0.9073
K_b            -0.0090    -0.3193     0.3018     0.4875    -0.8555    -0.1687     0.6764     0.4982     0.8157     0.4875     0.6147     0.6764     0.5266    -0.1687     0.9699     1.0000    -0.8317     0.9665    -0.1466    -0.9146    -0.9610    -0.9610    -0.9614    -0.9362    -0.8018     0.2038    -0.8269    -0.8719    -0.7619     0.5322     0.8355     0.6117     0.6178     0.6452    -0.8355     0.8598    -0.6567    -0.8885    -0.9638    -0.1398     0.4982    -0.3193    -0.8555     0.6764     0.4875     0.6147    -0.1687     0.8157     0.9665    -0.1466     0.9699    -0.9309     0.6117     0.6178    -0.9610    -0.5002     0.8355
K_h            -0.0151     0.2219    -0.1889    -0.1134     0.6238     0.5059    -0.4756    -0.1120    -0.7889    -0.1134    -0.2297    -0.4756     0.0340     0.5059    -0.8310    -0.8317     1.0000    -0.8023    -0.1665     0.8482     0.9327     0.9327     0.9339     0.9588     0.7221     0.0827     0.8404     0.9970     0.7853    -0.1524    -0.5711    -0.2258    -0.2337    -0.4714     0.5711    -0.6278     0.2693     0.6819     0.7838     0.1154    -0.1120     0.2219     0.6238    -0.4756    -0.1134    -0.2297     0.5059    -0.7889    -0.8023    -0.1665    -0.8310     0.9617    -0.2258    -0.2337     0.9327     0.7237    -0.5711
D              -0.0953    -0.4246     0.3791     0.5354    -0.9288    -0.1600     0.7702     0.5665     0.8634     0.5354     0.6848     0.7702     0.5114    -0.1600     0.9787     0.9665    -0.8023     1.0000    -0.2949    -0.9554    -0.9573    -0.9573    -0.9562    -0.9271    -0.8550     0.2929    -0.8868    -0.8413    -0.8128     0.6035     0.9123     0.6816     0.6881     0.6485    -0.9123     0.9360    -0.7420    -0.9518    -0.9672    -0.1591     0.5665    -0.4246    -0.9288     0.7702     0.5354     0.6848    -0.1600     0.8634     1.0000    -0.2949     0.9787    -0.9210     0.6816     0.6881    -0.9573    -0.5164     0.9123
D_star          0.1385     0.2405    -0.0499    -0.3046     0.3044    -0.1177    -0.2188    -0.3413    -0.2232    -0.3046    -0.3837    -0.2188    -0.5189    -0.1177    -0.1427    -0.1466    -0.1665    -0.2949     1.0000     0.3173     0.0526     0.0526     0.0506    -0.0189     0.4654    -0.2081     0.1352    -0.1266     0.3528    -0.3462    -0.3348    -0.3838    -0.3836    -0.1424     0.3348    -0.3156     0.4404     0.2734     0.1577    -0.0242    -0.3413     0.2405     0.3044    -0.2188    -0.3046    -0.3837    -0.1177    -0.2232    -0.2949     1.0000    -0.1427    -0.0320    -0.3838    -0.3836     0.0526     0.0222    -0.3348
x               0.0925     0.3934    -0.1650    -0.2931     0.8203     0.4305    -0.5833    -0.3192    -0.9129    -0.2931    -0.4641    -0.5833    -0.3476     0.4305    -0.8958    -0.9146     0.8482    -0.9554     0.3173     1.0000     0.9298     0.9298     0.9295     0.9080     0.9585    -0.0298     0.9445     0.8746     0.9479    -0.3614    -0.7853    -0.4602    -0.4682    -0.5528     0.7853    -0.8321     0.5430     0.8530     0.8604     0.1797    -0.3192     0.3934     0.8203    -0.5833    -0.2931    -0.4641     0.4305    -0.9129    -0.9554     0.3173    -0.8958     0.9023    -0.4602    -0.4682     0.9298     0.7289    -0.7853
psi             0.0459     0.3497    -0.3570    -0.4104     0.8425     0.2656    -0.7065    -0.4281    -0.8454    -0.4104    -0.5432    -0.7065    -0.3018     0.2656    -0.9744    -0.9610     0.9327    -0.9573     0.0526     0.9298     1.0000     1.0000     1.0000     0.9956     0.7924    -0.1885     0.8847     0.9555     0.7934    -0.4672    -0.8120    -0.5397    -0.5467    -0.6108     0.8120    -0.8471     0.5878     0.8828     0.9515     0.1372    -0.4281     0.3497     0.8425    -0.7065    -0.4104    -0.5432     0.2656    -0.8454    -0.9573     0.0526    -0.9744     0.9937    -0.5397    -0.5467     1.0000     0.5819    -0.8120
phi             0.0459     0.3497    -0.3570    -0.4104     0.8425     0.2656    -0.7065    -0.4281    -0.8454    -0.4104    -0.5432    -0.7065    -0.3018     0.2656    -0.9744    -0.9610     0.9327    -0.9573     0.0526     0.9298     1.0000     1.0000     1.0000     0.9956     0.7924    -0.1885     0.8847     0.9555     0.7934    -0.4672    -0.8120    -0.5397    -0.5467    -0.6108     0.8120    -0.8471     0.5878     0.8828     0.9515     0.1372    -0.4281     0.3497     0.8425    -0.7065    -0.4104    -0.5432     0.2656    -0.8454    -0.9573     0.0526    -0.9744     0.9937    -0.5397    -0.5467     1.0000     0.5819    -0.8120
upsilon         0.0472     0.3497    -0.3518    -0.4060     0.8388     0.2680    -0.7025    -0.4239    -0.8430    -0.4060    -0.5390    -0.7025    -0.3006     0.2680    -0.9736    -0.9614     0.9339    -0.9562     0.0506     0.9295     1.0000     1.0000     1.0000     0.9957     0.7926    -0.1846     0.8834     0.9567     0.7937    -0.4632    -0.8083    -0.5355    -0.5425    -0.6069     0.8083    -0.8435     0.5841     0.8796     0.9506     0.1365    -0.4239     0.3497     0.8388    -0.7025    -0.4060    -0.5390     0.2680    -0.8430    -0.9562     0.0506    -0.9736     0.9938    -0.5355    -0.5425     1.0000     0.5825    -0.8083
mu              0.0290     0.3209    -0.3532    -0.3638     0.8046     0.3001    -0.6794    -0.3768    -0.8323    -0.3638    -0.4893    -0.6794    -0.2171     0.3001    -0.9546    -0.9362     0.9588    -0.9271    -0.0189     0.9080     0.9956     0.9956     0.9957     1.0000     0.7613    -0.1541     0.8747     0.9752     0.7783    -0.4160    -0.7697    -0.4857    -0.4929    -0.5917     0.7697    -0.8083     0.5289     0.8491     0.9269     0.1285    -0.3768     0.3209     0.8046    -0.6794    -0.3638    -0.4893     0.3001    -0.8323    -0.9271    -0.0189    -0.9546     0.9998    -0.4857    -0.4929     0.9956     0.5999    -0.7697
mu_star         0.1351     0.3916     0.0579    -0.1248     0.6855     0.5451    -0.3903    -0.1576    -0.8533    -0.1248    -0.3125    -0.3903    -0.3376     0.5451    -0.7448    -0.8018     0.7221    -0.8550     0.4654     0.9585     0.7924     0.7924     0.7926     0.7613     1.0000     0.1389     0.8887     0.7478     0.9828    -0.1999    -0.6493    -0.3085    -0.3165    -0.4131     0.6493    -0.7030     0.4157     0.7152     0.7038     0.1881    -0.1576     0.3916     0.6855    -0.3903    -0.1248    -0.3125     0.5451    -0.8533    -0.8550     0.4654    -0.7448     0.7528    -0.3085    -0.3165     0.7924     0.7813    -0.6493
A              -0.2740    -0.4041     0.7787     0.8251    -0.5074     0.8251     0.8050     0.9018    -0.0453     0.8251     0.8278     0.8050     0.4934     0.8251     0.3734     0.2038     0.0827     0.2929    -0.2081    -0.0298    -0.1885    -0.1885    -0.1846    -0.1541     0.1389     1.0000     0.0000     0.0448     0.2448     0.9003     0.5723     0.8296     0.8260     0.2605    -0.5723     0.5033    -0.8123    -0.4705    -0.4387     0.0286     0.9018    -0.4041    -0.5074     0.8050     0.8251     0.8278     0.8251    -0.0453     0.2929    -0.2081     0.3734    -0.1498     0.8296     0.8260    -0.1885     0.5988     0.5723
R_star          0.1835     0.4690    -0.1353    -0.1948     0.7945     0.5136    -0.5629    -0.2398    -0.8988    -0.1948    -0.3820    -0.5629    -0.2018     0.5136    -0.8351    -0.8269     0.8404    -0.8868     0.1352     0.9445     0.8847     0.8847     0.8834     0.8747     0.8887     0.0000     1.0000     0.8556     0.9078    -0.2854    -0.7513    -0.3776    -0.3865    -0.4752     0.7513    -0.8091     0.4744     0.8238     0.7871     0.2644    -0.2398     0.4690     0.7945    -0.5629    -0.1948    -0.3820     0.5136    -0.8988    -0.8868     0.1352    -0.8351     0.8710    -0.3776    -0.3865     0.8847     0.7805    -0.7513
chi_h          -0.0121     0.2399    -0.2084    -0.1675     0.6685     0.4696    -0.5131    -0.1677    -0.8087    -0.1675    -0.2876    -0.5131    -0.0429     0.4696    -0.8671    -0.8719     0.9970    -0.8413    -0.1266     0.8746     0.9555     0.9555     0.9567     0.9752     0.7478     0.0448     0.8556     1.0000     0.7980    -0.2080    -0.6192    -0.2837    -0.2916    -0.5050     0.6192    -0.6726     0.3283     0.7244     0.8246     0.1211    -0.1677     0.2399     0.6685    -0.5131    -0.1675    -0.2876     0.4696    -0.8087    -0.8413    -0.1266    -0.8671     0.9770    -0.2837    -0.2916     0.9555     0.7075    -0.6192
chi_b           0.0895     0.3316     0.0861    -0.0169     0.6286     0.6638    -0.3262    -0.0374    -0.8729    -0.0169    -0.1969    -0.3262    -0.1692     0.6638    -0.7103    -0.7619     0.7853    -0.8128     0.3528     0.9479     0.7934     0.7934     0.7937     0.7783     0.9828     0.2448     0.9078     0.7980     1.0000    -0.0806    -0.5795    -0.1926    -0.2014    -0.3944     0.5795    -0.6447     0.2938     0.6656     0.6547     0.1870    -0.0374     0.3316     0.6286    -0.3262    -0.0169    -0.1969     0.6638    -0.8729    -0.8128     0.3528    -0.7103     0.7729    -0.1926    -0.2014     0.7934     0.8735    -0.5795
Ynet           -0.0773    -0.3284     0.8047     0.9634    -0.7891     0.6664     0.9125     0.9981     0.3284     0.9634     0.9890     0.9125     0.7247     0.6664     0.6481     0.5322    -0.1524     0.6035    -0.3462    -0.3614    -0.4672    -0.4672    -0.4632    -0.4160    -0.1999     0.9003    -0.2854    -0.2080    -0.0806     1.0000     0.8361     0.9895     0.9884     0.5927    -0.8361     0.7818    -0.9669    -0.7574    -0.7023    -0.0236     0.9981    -0.3284    -0.7891     0.9125     0.9634     0.9890     0.6664     0.3284     0.6035    -0.3462     0.6481    -0.4105     0.9895     0.9884    -0.4672     0.3126     0.8361
cryp           -0.0454    -0.3896     0.6394     0.7895    -0.9961     0.1526     0.9157     0.8138     0.7742     0.7895     0.8949     0.9157     0.6295     0.1526     0.9073     0.8355    -0.5711     0.9123    -0.3348    -0.7853    -0.8120    -0.8120    -0.8083    -0.7697    -0.6493     0.5723    -0.7513    -0.6192    -0.5795     0.8361     1.0000     0.8928     0.8971     0.7492    -1.0000     0.9956    -0.9146    -0.9890    -0.9151    -0.1525     0.8138    -0.3896    -0.9961     0.9157     0.7895     0.8949     0.1526     0.7742     0.9123    -0.3348     0.9073    -0.7648     0.8928     0.8971    -0.8120    -0.2558     1.0000
DC             -0.0109    -0.2933     0.7876     0.9666    -0.8545     0.5760     0.9152     0.9863     0.4484     0.9666     1.0000     0.9152     0.7554     0.5760     0.7102     0.6117    -0.2258     0.6816    -0.3838    -0.4602    -0.5397    -0.5397    -0.5355    -0.4857    -0.3085     0.8296    -0.3776    -0.2837    -0.1926     0.9895     0.8928     1.0000     1.0000     0.6806    -0.8928     0.8465    -0.9772    -0.8252    -0.7563    -0.0429     0.9863    -0.2933    -0.8545     0.9152     0.9666     1.0000     0.5760     0.4484     0.6816    -0.3838     0.7102    -0.4803     1.0000     1.0000    -0.5397     0.1932     0.8928
m              -0.0116    -0.2960     0.7862     0.9650    -0.8595     0.5682     0.9173     0.9848     0.4564     0.9650     1.0000     0.9173     0.7544     0.5682     0.7160     0.6178    -0.2337     0.6881    -0.3836    -0.4682    -0.5467    -0.5467    -0.5425    -0.4929    -0.3165     0.8260    -0.3865    -0.2916    -0.2014     0.9884     0.8971     1.0000     1.0000     0.6836    -0.8971     0.8517    -0.9780    -0.8306    -0.7615    -0.0454     0.9848    -0.2960    -0.8595     0.9173     0.9650     1.0000     0.5682     0.4564     0.6881    -0.3836     0.7160    -0.4875     1.0000     1.0000    -0.5467     0.1840     0.8971
Lambda          0.6267     0.3152     0.6868     0.7324    -0.7706     0.1036     0.6032     0.6036     0.7671     0.7324     0.6821     0.6032     0.4396     0.1036     0.6671     0.6452    -0.4714     0.6485    -0.1424    -0.5528    -0.6108    -0.6108    -0.6069    -0.5917    -0.4131     0.2605    -0.4752    -0.5050    -0.3944     0.5927     0.7492     0.6806     0.6836     1.0000    -0.7492     0.7434    -0.5728    -0.7624    -0.6613    -0.0033     0.6036     0.3152    -0.7706     0.6032     0.7324     0.6821     0.1036     0.7671     0.6485    -0.1424     0.6671    -0.5979     0.6806     0.6836    -0.6108    -0.2869     0.7492
gam             0.0454     0.3896    -0.6394    -0.7895     0.9961    -0.1526    -0.9157    -0.8138    -0.7742    -0.7895    -0.8949    -0.9157    -0.6295    -0.1526    -0.9073    -0.8355     0.5711    -0.9123     0.3348     0.7853     0.8120     0.8120     0.8083     0.7697     0.6493    -0.5723     0.7513     0.6192     0.5795    -0.8361    -1.0000    -0.8928    -0.8971    -0.7492     1.0000    -0.9956     0.9146     0.9890     0.9150     0.1525    -0.8138     0.3896     0.9961    -0.9157    -0.7895    -0.8949    -0.1526    -0.7742    -0.9123     0.3348    -0.9073     0.7648    -0.8928    -0.8971     0.8120     0.2558    -1.0000
trs            -0.0514    -0.3992     0.5914     0.7314    -0.9990     0.0602     0.8912     0.7560     0.8215     0.7314     0.8491     0.8912     0.5864     0.0602     0.9241     0.8598    -0.6278     0.9360    -0.3156    -0.8321    -0.8471    -0.8471    -0.8435    -0.8083    -0.7030     0.5033    -0.8091    -0.6726    -0.6447     0.7818     0.9956     0.8465     0.8517     0.7434    -0.9956     1.0000    -0.8770    -0.9966    -0.9236    -0.1713     0.7560    -0.3992    -0.9990     0.8912     0.7314     0.8491     0.0602     0.8215     0.9360    -0.3156     0.9241    -0.8036     0.8465     0.8517    -0.8471    -0.3426     0.9956
Lambda1         0.1986     0.4791    -0.6777    -0.8916     0.8756    -0.4914    -0.9248    -0.9524    -0.4647    -0.8916    -0.9776    -0.9248    -0.7699    -0.4914    -0.7500    -0.6567     0.2693    -0.7420     0.4404     0.5430     0.5878     0.5878     0.5841     0.5289     0.4157    -0.8123     0.4744     0.3283     0.2938    -0.9669    -0.9146    -0.9772    -0.9780    -0.5728     0.9146    -0.8770     1.0000     0.8508     0.7928     0.0956    -0.9524     0.4791     0.8756    -0.9248    -0.8916    -0.9776    -0.4914    -0.4647    -0.7420     0.4404    -0.7500     0.5201    -0.9772    -0.9780     0.5878    -0.1263    -0.9146
mu_cryp         0.0167     0.3671    -0.5905    -0.7146     0.9968    -0.0269    -0.8835    -0.7311    -0.8436    -0.7146    -0.8279    -0.8835    -0.5553    -0.0269    -0.9476    -0.8885     0.6819    -0.9518     0.2734     0.8530     0.8828     0.8828     0.8796     0.8491     0.7152    -0.4705     0.8238     0.7244     0.6656    -0.7574    -0.9890    -0.8252    -0.8306    -0.7624     0.9890    -0.9966     0.8508     1.0000     0.9442     0.1611    -0.7311     0.3671     0.9968    -0.8835    -0.7146    -0.8279    -0.0269    -0.8436    -0.9518     0.2734    -0.9476     0.8454    -0.8252    -0.8306     0.8828     0.3764    -0.9890
x_c             0.0813     0.4016    -0.5044    -0.6401     0.9211    -0.0208    -0.8444    -0.6699    -0.7599    -0.6401    -0.7589    -0.8444    -0.5348    -0.0208    -0.9953    -0.9638     0.7838    -0.9672     0.1577     0.8604     0.9515     0.9515     0.9506     0.9269     0.7038    -0.4387     0.7871     0.8246     0.6547    -0.7023    -0.9151    -0.7563    -0.7615    -0.6613     0.9150    -0.9236     0.7928     0.9442     1.0000     0.1208    -0.6699     0.4016     0.9211    -0.8444    -0.6401    -0.7589    -0.0208    -0.7599    -0.9672     0.1577    -0.9953     0.9222    -0.7563    -0.7615     0.9515     0.3414    -0.9151
DE              0.1806     0.2304     0.0912     0.0310     0.1614     0.1590    -0.0799    -0.0094    -0.1661     0.0310    -0.0441    -0.0799    -0.0749     0.1590    -0.1327    -0.1398     0.1154    -0.1591    -0.0242     0.1797     0.1372     0.1372     0.1365     0.1285     0.1881     0.0286     0.2644     0.1211     0.1870    -0.0236    -0.1525    -0.0429    -0.0454    -0.0033     0.1525    -0.1713     0.0956     0.1611     0.1208     1.0000    -0.0094     0.2304     0.1614    -0.0799     0.0310    -0.0441     0.1590    -0.1661    -0.1591    -0.0242    -0.1327     0.1254    -0.0429    -0.0454     0.1372     0.1891    -0.1525
logY           -0.0338    -0.2784     0.8190     0.9750    -0.7655     0.6970     0.8926     1.0000     0.3033     0.9750     0.9856     0.8926     0.7254     0.6970     0.6137     0.4982    -0.1120     0.5665    -0.3413    -0.3192    -0.4281    -0.4281    -0.4239    -0.3768    -0.1576     0.9018    -0.2398    -0.1677    -0.0374     0.9981     0.8138     0.9863     0.9848     0.6036    -0.8138     0.7560    -0.9524    -0.7311    -0.6699    -0.0094     1.0000    -0.2784    -0.7655     0.8926     0.9750     0.9856     0.6970     0.3033     0.5665    -0.3413     0.6137    -0.3719     0.9863     0.9848    -0.4281     0.3458     0.8138
logPi           0.9357     1.0000     0.0633    -0.0654     0.3614     0.0047    -0.4611    -0.2784    -0.0864    -0.0654    -0.2946    -0.4611    -0.2350     0.0047    -0.3905    -0.3193     0.2219    -0.4246     0.2405     0.3934     0.3497     0.3497     0.3497     0.3209     0.3916    -0.4041     0.4690     0.2399     0.3316    -0.3284    -0.3896    -0.2933    -0.2960     0.3152     0.3896    -0.3992     0.4791     0.3671     0.4016     0.2304    -0.2784     1.0000     0.3614    -0.4611    -0.0654    -0.2946     0.0047    -0.0864    -0.4246     0.2405    -0.3905     0.3061    -0.2933    -0.2960     0.3497     0.0437    -0.3896
logR            0.0112     0.3614    -0.6168    -0.7496     1.0000    -0.0757    -0.8932    -0.7655    -0.8240    -0.7496    -0.8570    -0.8932    -0.5850    -0.0757    -0.9211    -0.8555     0.6238    -0.9288     0.3044     0.8203     0.8425     0.8425     0.8388     0.8046     0.6855    -0.5074     0.7945     0.6685     0.6286    -0.7891    -0.9961    -0.8545    -0.8595    -0.7706     0.9961    -0.9990     0.8756     0.9968     0.9211     0.1614    -0.7655     0.3614     1.0000    -0.8932    -0.7496    -0.8570    -0.0757    -0.8240    -0.9288     0.3044    -0.9211     0.8007    -0.8545    -0.8595     0.8425     0.3330    -0.9961
logI           -0.1729    -0.4611     0.8053     0.8386    -0.8932     0.3865     1.0000     0.8926     0.5343     0.8386     0.9163     1.0000     0.4893     0.3865     0.8212     0.6764    -0.4756     0.7702    -0.2188    -0.5833    -0.7065    -0.7065    -0.7025    -0.6794    -0.3903     0.8050    -0.5629    -0.5131    -0.3262     0.9125     0.9157     0.9152     0.9173     0.6032    -0.9157     0.8912    -0.9248    -0.8835    -0.8444    -0.0799     0.8926    -0.4611    -0.8932     1.0000     0.8386     0.9163     0.3865     0.5343     0.7702    -0.2188     0.8212    -0.6767     0.9152     0.9173    -0.7065     0.0203     0.9157
logL            0.1892    -0.0654     0.8657     1.0000    -0.7496     0.6841     0.8386     0.9750     0.3507     1.0000     0.9658     0.8386     0.7039     0.6841     0.5882     0.4875    -0.1134     0.5354    -0.3046    -0.2931    -0.4104    -0.4104    -0.4060    -0.3638    -0.1248     0.8251    -0.1948    -0.1675    -0.0169     0.9634     0.7895     0.9666     0.9650     0.7324    -0.7895     0.7314    -0.8916    -0.7146    -0.6401     0.0310     0.9750    -0.0654    -0.7496     0.8386     1.0000     0.9658     0.6841     0.3507     0.5354    -0.3046     0.5882    -0.3622     0.9666     0.9650    -0.4104     0.3145     0.7895
logC           -0.0112    -0.2946     0.7869     0.9658    -0.8570     0.5722     0.9163     0.9856     0.4523     0.9658     1.0000     0.9163     0.7549     0.5722     0.7130     0.6147    -0.2297     0.6848    -0.3837    -0.4641    -0.5432    -0.5432    -0.5390    -0.4893    -0.3125     0.8278    -0.3820    -0.2876    -0.1969     0.9890     0.8949     1.0000     1.0000     0.6821    -0.8949     0.8491    -0.9776    -0.8279    -0.7589    -0.0441     0.9856    -0.2946    -0.8570     0.9163     0.9658     1.0000     0.5722     0.4523     0.6848    -0.3837     0.7130    -0.4838     1.0000     1.0000    -0.5432     0.1886     0.8949
logEX          -0.0033     0.0047     0.5940     0.6841    -0.0757     1.0000     0.3865     0.6970    -0.4432     0.6841     0.5722     0.3865     0.4710     1.0000    -0.0667    -0.1687     0.5059    -0.1600    -0.1177     0.4305     0.2656     0.2656     0.2680     0.3001     0.5451     0.8251     0.5136     0.4696     0.6638     0.6664     0.1526     0.5760     0.5682     0.1036    -0.1526     0.0602    -0.4914    -0.0269    -0.0208     0.1590     0.6970     0.0047    -0.0757     0.3865     0.6841     0.5722     1.0000    -0.4432    -0.1600    -0.1177    -0.0667     0.3024     0.5760     0.5682     0.2656     0.9076     0.1526
logM            0.2368    -0.0864     0.3012     0.3507    -0.8240    -0.4432     0.5343     0.3033     1.0000     0.3507     0.4523     0.5343     0.2604    -0.4432     0.8084     0.8157    -0.7889     0.8634    -0.2232    -0.9129    -0.8454    -0.8454    -0.8430    -0.8323    -0.8533    -0.0453    -0.8988    -0.8087    -0.8729     0.3284     0.7742     0.4484     0.4564     0.7671    -0.7742     0.8215    -0.4647    -0.8436    -0.7599    -0.1661     0.3033    -0.0864    -0.8240     0.5343     0.3507     0.4523    -0.4432     1.0000     0.8634    -0.2232     0.8084    -0.8333     0.4484     0.4564    -0.8454    -0.7787     0.7742
logD           -0.0953    -0.4246     0.3791     0.5354    -0.9288    -0.1600     0.7702     0.5665     0.8634     0.5354     0.6848     0.7702     0.5114    -0.1600     0.9787     0.9665    -0.8023     1.0000    -0.2949    -0.9554    -0.9573    -0.9573    -0.9562    -0.9271    -0.8550     0.2929    -0.8868    -0.8413    -0.8128     0.6035     0.9123     0.6816     0.6881     0.6485    -0.9123     0.9360    -0.7420    -0.9518    -0.9672    -0.1591     0.5665    -0.4246    -0.9288     0.7702     0.5354     0.6848    -0.1600     0.8634     1.0000    -0.2949     0.9787    -0.9210     0.6816     0.6881    -0.9573    -0.5164     0.9123
logD_star       0.1385     0.2405    -0.0499    -0.3046     0.3044    -0.1177    -0.2188    -0.3413    -0.2232    -0.3046    -0.3837    -0.2188    -0.5189    -0.1177    -0.1427    -0.1466    -0.1665    -0.2949     1.0000     0.3173     0.0526     0.0526     0.0506    -0.0189     0.4654    -0.2081     0.1352    -0.1266     0.3528    -0.3462    -0.3348    -0.3838    -0.3836    -0.1424     0.3348    -0.3156     0.4404     0.2734     0.1577    -0.0242    -0.3413     0.2405     0.3044    -0.2188    -0.3046    -0.3837    -0.1177    -0.2232    -0.2949     1.0000    -0.1427    -0.0320    -0.3838    -0.3836     0.0526     0.0222    -0.3348
logN           -0.0666    -0.3905     0.4773     0.5882    -0.9211    -0.0667     0.8212     0.6137     0.8084     0.5882     0.7130     0.8212     0.4735    -0.0667     1.0000     0.9699    -0.8310     0.9787    -0.1427    -0.8958    -0.9744    -0.9744    -0.9736    -0.9546    -0.7448     0.3734    -0.8351    -0.8671    -0.7103     0.6481     0.9073     0.7102     0.7160     0.6671    -0.9073     0.9241    -0.7500    -0.9476    -0.9953    -0.1327     0.6137    -0.3905    -0.9211     0.8212     0.5882     0.7130    -0.0667     0.8084     0.9787    -0.1427     1.0000    -0.9508     0.7102     0.7160    -0.9744    -0.4254     0.9073
spread          0.0147     0.3061    -0.3607    -0.3622     0.8007     0.3024    -0.6767    -0.3719    -0.8333    -0.3622    -0.4838    -0.6767    -0.2032     0.3024    -0.9508    -0.9309     0.9617    -0.9210    -0.0320     0.9023     0.9937     0.9937     0.9938     0.9998     0.7528    -0.1498     0.8710     0.9770     0.7729    -0.4105    -0.7648    -0.4803    -0.4875    -0.5979     0.7648    -0.8036     0.5201     0.8454     0.9222     0.1254    -0.3719     0.3061     0.8007    -0.6767    -0.3622    -0.4838     0.3024    -0.8333    -0.9210    -0.0320    -0.9508     1.0000    -0.4803    -0.4875     0.9937     0.6020    -0.7648
logDC          -0.0109    -0.2933     0.7876     0.9666    -0.8545     0.5760     0.9152     0.9863     0.4484     0.9666     1.0000     0.9152     0.7554     0.5760     0.7102     0.6117    -0.2258     0.6816    -0.3838    -0.4602    -0.5397    -0.5397    -0.5355    -0.4857    -0.3085     0.8296    -0.3776    -0.2837    -0.1926     0.9895     0.8928     1.0000     1.0000     0.6806    -0.8928     0.8465    -0.9772    -0.8252    -0.7563    -0.0429     0.9863    -0.2933    -0.8545     0.9152     0.9666     1.0000     0.5760     0.4484     0.6816    -0.3838     0.7102    -0.4803     1.0000     1.0000    -0.5397     0.1932     0.8928
logm           -0.0116    -0.2960     0.7862     0.9650    -0.8595     0.5682     0.9173     0.9848     0.4564     0.9650     1.0000     0.9173     0.7544     0.5682     0.7160     0.6178    -0.2337     0.6881    -0.3836    -0.4682    -0.5467    -0.5467    -0.5425    -0.4929    -0.3165     0.8260    -0.3865    -0.2916    -0.2014     0.9884     0.8971     1.0000     1.0000     0.6836    -0.8971     0.8517    -0.9780    -0.8306    -0.7615    -0.0454     0.9848    -0.2960    -0.8595     0.9173     0.9650     1.0000     0.5682     0.4564     0.6881    -0.3836     0.7160    -0.4875     1.0000     1.0000    -0.5467     0.1840     0.8971
leverage        0.0459     0.3497    -0.3570    -0.4104     0.8425     0.2656    -0.7065    -0.4281    -0.8454    -0.4104    -0.5432    -0.7065    -0.3018     0.2656    -0.9744    -0.9610     0.9327    -0.9573     0.0526     0.9298     1.0000     1.0000     1.0000     0.9956     0.7924    -0.1885     0.8847     0.9555     0.7934    -0.4672    -0.8120    -0.5397    -0.5467    -0.6108     0.8120    -0.8471     0.5878     0.8828     0.9515     0.1372    -0.4281     0.3497     0.8425    -0.7065    -0.4104    -0.5432     0.2656    -0.8454    -0.9573     0.0526    -0.9744     0.9937    -0.5397    -0.5467     1.0000     0.5819    -0.8120
TB             -0.1132     0.0437     0.2747     0.3145     0.3330     0.9076     0.0203     0.3458    -0.7787     0.3145     0.1886     0.0203     0.2077     0.9076    -0.4254    -0.5002     0.7237    -0.5164     0.0222     0.7289     0.5819     0.5819     0.5825     0.5999     0.7813     0.5988     0.7805     0.7075     0.8735     0.3126    -0.2558     0.1932     0.1840    -0.2869     0.2558    -0.3426    -0.1263     0.3764     0.3414     0.1891     0.3458     0.0437     0.3330     0.0203     0.3145     0.1886     0.9076    -0.7787    -0.5164     0.0222    -0.4254     0.6020     0.1932     0.1840     0.5819     1.0000    -0.2558
logcryp        -0.0454    -0.3896     0.6394     0.7895    -0.9961     0.1526     0.9157     0.8138     0.7742     0.7895     0.8949     0.9157     0.6295     0.1526     0.9073     0.8355    -0.5711     0.9123    -0.3348    -0.7853    -0.8120    -0.8120    -0.8083    -0.7697    -0.6493     0.5723    -0.7513    -0.6192    -0.5795     0.8361     1.0000     0.8928     0.8971     0.7492    -1.0000     0.9956    -0.9146    -0.9890    -0.9151    -0.1525     0.8138    -0.3896    -0.9961     0.9157     0.7895     0.8949     0.1526     0.7742     0.9123    -0.3348     0.9073    -0.7648     0.8928     0.8971    -0.8120    -0.2558     1.0000



COEFFICIENTS OF AUTOCORRELATION
Order              1        2        3        4        5
mc            0.4589   0.2151   0.1049   0.0547   0.0316
Pi            0.5729   0.3722   0.2741   0.2228   0.1931
Z             0.8384   0.7383   0.6674   0.6113   0.5633
w             0.9091   0.8517   0.8100   0.7760   0.7462
R             0.9190   0.8503   0.7900   0.7360   0.6871
epsilon       0.9473   0.8977   0.8512   0.8078   0.7673
Q             0.9381   0.8765   0.8174   0.7618   0.7097
Y             0.9620   0.9261   0.8920   0.8595   0.8285
M             0.8424   0.7363   0.6570   0.5927   0.5380
L             0.9091   0.8517   0.8100   0.7760   0.7462
C             0.9563   0.9179   0.8829   0.8503   0.8196
I             0.9381   0.8765   0.8174   0.7618   0.7097
K             0.9993   0.9973   0.9941   0.9898   0.9845
EX            0.9473   0.8977   0.8512   0.8078   0.7673
N             0.9298   0.8653   0.8060   0.7514   0.7010
K_b           0.9426   0.8892   0.8395   0.7932   0.7502
K_h           0.9227   0.8514   0.7857   0.7251   0.6693
D             0.9347   0.8746   0.8193   0.7684   0.7217
D_star        0.9943   0.9859   0.9762   0.9657   0.9549
x             0.9320   0.8696   0.8125   0.7602   0.7122
psi           0.9227   0.8518   0.7867   0.7269   0.6719
phi           0.9227   0.8518   0.7867   0.7269   0.6719
upsilon       0.9232   0.8527   0.7879   0.7283   0.6735
mu            0.9194   0.8456   0.7779   0.7158   0.6587
mu_star       0.9463   0.8976   0.8531   0.8122   0.7743
A             0.9500   0.9025   0.8574   0.8145   0.7738
R_star        0.9000   0.8100   0.7290   0.6561   0.5905
chi_h         0.9226   0.8511   0.7852   0.7245   0.6685
chi_b         0.9383   0.8818   0.8299   0.7823   0.7385
Ynet          0.9650   0.9297   0.8952   0.8619   0.8300
cryp          0.9311   0.8702   0.8154   0.7657   0.7202
DC            0.9564   0.9182   0.8834   0.8509   0.8203
m             0.9561   0.9176   0.8824   0.8497   0.8189
Lambda        0.6481   0.4767   0.3875   0.3362   0.3030
gam           0.9311   0.8702   0.8154   0.7657   0.7202
trs           0.9251   0.8588   0.7991   0.7451   0.6960
Lambda1       0.9685   0.9354   0.9027   0.8710   0.8408
mu_cryp       0.9183   0.8482   0.7861   0.7303   0.6797
x_c           0.9365   0.8778   0.8234   0.7731   0.7265
DE           -0.0344  -0.0261  -0.0212  -0.0180  -0.0156
logY          0.9620   0.9261   0.8920   0.8595   0.8285
logPi         0.5729   0.3722   0.2741   0.2228   0.1931
logR          0.9190   0.8503   0.7900   0.7360   0.6871
logI          0.9381   0.8765   0.8174   0.7618   0.7097
logL          0.9091   0.8517   0.8100   0.7760   0.7462
logC          0.9563   0.9179   0.8829   0.8503   0.8196
logEX         0.9473   0.8977   0.8512   0.8078   0.7673
logM          0.8424   0.7363   0.6570   0.5927   0.5380
logD          0.9347   0.8746   0.8193   0.7684   0.7217
logD_star     0.9943   0.9859   0.9762   0.9657   0.9549
logN          0.9298   0.8653   0.8060   0.7514   0.7010
spread        0.9181   0.8435   0.7752   0.7126   0.6551
logDC         0.9564   0.9182   0.8834   0.8509   0.8203
logm          0.9561   0.9176   0.8824   0.8497   0.8189
leverage      0.9227   0.8518   0.7867   0.7269   0.6719
TB            0.9122   0.8388   0.7749   0.7179   0.6665
logcryp       0.9311   0.8702   0.8154   0.7657   0.7202
Total computing time : 0h00m00s
