Starting Dynare (version 5.1).
Calling Dynare with arguments: none
Starting preprocessing of the model file ...
Found 65 equation(s).
Evaluating expressions...done
Computing static model derivatives (order 1).
Computing dynamic model derivatives (order 1).
Processing outputs ...
done
Preprocessing completed.


STEADY-STATE RESULTS:

mc        		 0.888889
Pi        		 1
Z         		 0.0397052
w         		 5.04517
R         		 1.015
epsilon   		 1.04844
Q         		 1
Y         		 2.86139
M         		 0.436671
L         		 0.262152
C         		 1.94489
I         		 0.384351
K         		 19.2176
EX        		 0.508224
N         		 3.6833
K_b       		 14.6954
K_h       		 4.52218
D         		 5.62923
D_star    		 4.27157
x         		 0.304755
psi       		 1.59988
phi       		 3.98974
upsilon   		 1.56389
mu        		 0.00724973
mu_star   		 0.00577149
A         		 1
R_star    		 1.01125
Y_star    		 0.484744
Phi       		 0
Theta     		 0.401
chi_h     		 0.0104817
chi_b     		 0.0134437
Ynet      		 2.37964
P_c       		 1
R_dc      		 1
theta_c   		 1
cryp      		 0.917821
DC        		 1.77951
m         		 1.74718
R_c       		 1
Lambda    		 0.985222
gam       		 0.027387
trs       		 0.495416
Lambda1   		 1.02199
sigma_Rc  		 0
mu_cryp   		 0.0231117
x_c       		 0.0624564
DE        		 1
logY      		 1.05131
logPi     		 0
logR      		 0.0148886
logI      		 -0.956198
logL      		 -1.33883
logC      		 0.665206
logEX     		 -0.676832
logM      		 -0.828575
logD      		 1.72797
logD_star 		 1.45198
logN      		 1.30381
spread    		 0.00470524
logDC     		 0.576336
logm      		 0.558001
leverage  		 1.38372
TB        		 0.0715536
logcryp   		 -0.085753

EIGENVALUES:
         Modulus             Real        Imaginary

       1.091e-15        1.091e-15                0
       8.037e-15       -8.037e-15                0
       1.931e-14       -1.931e-14                0
        5.56e-09        1.456e-14         5.56e-09
        5.56e-09        1.456e-14        -5.56e-09
          0.4599           0.4599                0
             0.9              0.9                0
             0.9              0.9                0
          0.9363           0.9363                0
            0.95             0.95                0
            0.95             0.95                0
            0.95             0.95                0
          0.9756           0.9756                0
          0.9848           0.9848                0
           1.025            1.025                0
           1.042            1.042                0
           1.071            1.071                0
           1.183            1.183                0
           1.548            1.548                0
       4.519e+16       -4.519e+16                0
       1.841e+18       -1.841e+18                0


There are 7 eigenvalue(s) larger than 1 in modulus 
for 7 forward-looking variable(s)

The rank condition is verified.

MODEL_DIAGNOSTICS:  The Jacobian of the static model is singular
MODEL_DIAGNOSTICS:  there is 2 colinear relationships between the variables and the equations
Relation 1
Colinear variables:
Z
w
epsilon
Y
M
L
C
I
K
EX
N
K_b
K_h
D
D_star
x
psi
phi
upsilon
mu
mu_star
R_star
Y_star
chi_h
chi_b
Ynet
cryp
DC
m
gam
trs
Lambda1
mu_cryp
x_c
logY
logI
logL
logC
logEX
logM
logD
logD_star
logN
spread
logDC
logm
leverage
TB
logcryp
Relation 2
Colinear variables:
Z
w
epsilon
Y
M
L
C
I
K
EX
N
K_b
K_h
D
D_star
x
psi
phi
upsilon
mu
mu_star
R_star
Y_star
chi_h
chi_b
Ynet
cryp
DC
m
gam
trs
Lambda1
mu_cryp
x_c
logY
logI
logL
logC
logEX
logM
logD
logD_star
logN
spread
logDC
logm
leverage
TB
logcryp
Relation 1
Colinear equations
    46    47

Relation 2
Colinear equations
    46    47

MODEL_DIAGNOSTICS:  The presence of a singularity problem typically indicates that there is one
MODEL_DIAGNOSTICS:  redundant equation entered in the model block, while another non-redundant equation
MODEL_DIAGNOSTICS:  is missing. The problem often derives from Walras Law.

MODEL SUMMARY

  Number of variables:         65
  Number of stochastic shocks: 6
  Number of state variables:   14
  Number of jumpers:           7
  Number of static variables:  45


MATRIX OF COVARIANCE OF EXOGENOUS SHOCKS
Variables               varepsilon_R      varepsilon_A  varepsilon_Rstar  varepsilon_Ystar            eps_Rc               vol
varepsilon_R                0.000006          0.000000          0.000000          0.000000          0.000000          0.000000
varepsilon_A                0.000000          0.000100          0.000000          0.000000          0.000000          0.000000
varepsilon_Rstar            0.000000          0.000000          0.000006          0.000000          0.000000          0.000000
varepsilon_Ystar            0.000000          0.000000          0.000000          0.000000          0.000000          0.000000
eps_Rc                      0.000000          0.000000          0.000000          0.000000          0.000000          0.000000
vol                         0.000000          0.000000          0.000000          0.000000          0.000000          0.000000

POLICY AND TRANSITION FUNCTIONS
                                  mc              Pi               Z               w               R         epsilon               Q               Y               M               L               C               I               K              EX               N             K_b             K_h               D          D_star               x             psi             phi         upsilon              mu         mu_star               A          R_star          Y_star             Phi           Theta           chi_h           chi_b            Ynet             P_c            R_dc         theta_c            cryp              DC               m             R_c          Lambda             gam             trs         Lambda1        sigma_Rc         mu_cryp             x_c              DE            logY           logPi            logR            logI            logL            logC           logEX            logM            logD       logD_star            logN          spread           logDC            logm        leverage              TB         logcryp
Constant                    0.888889        1.000000        0.039705        5.045169        1.015000        1.048439        1.000000        2.861393        0.436671        0.262152        1.944891        0.384351       19.217566        0.508224        3.683300       14.695389        4.522177        5.629228        4.271574        0.304755        1.599884        3.989735        1.563891        0.007250        0.005771        1.000000        1.011254        0.484744               0        0.401000        0.010482        0.013444        2.379644        1.000000        1.000000        1.000000        0.917821        1.779506        1.747176        1.000000        0.985222        0.027387        0.495416        1.021995               0        0.023112        0.062456        1.000000        1.051308               0        0.014889       -0.956198       -1.338832        0.665206       -0.676832       -0.828575        1.727973        1.451984        1.303809        0.004705        0.576336        0.558001        1.383725        0.071554       -0.085753
R(-1)                      -2.805717       -0.993680       -0.263019       -8.355151        0.332705       -1.793950       -2.140180       -9.922871       -2.145456       -1.302424       -8.132285       -1.233872       -1.233872       -0.869606      -37.011236      -62.818794       61.584923      -46.303366       -2.145456        1.280449        5.813151       14.496635        4.993947        0.137862        0.000239               0               0               0               0               0        0.286162        0.026729       -7.203017               0        0.332705               0       -1.015873       -3.730989      -11.349063               0       -0.775004        0.326693       -1.099662        1.392652               0        0.578852        0.331523       -2.704748       -3.467847       -0.993680        0.327788       -3.210270       -4.968209       -4.181357       -1.711067       -4.913211       -8.225527       -0.502264      -10.048391        0.078151       -2.096643       -6.495662        3.633483        1.275850       -1.106831
K(-1)                      -0.010282       -0.004138       -0.002046        0.000647       -0.000219        0.022266       -0.022237        0.034567       -0.009050        0.000101        0.028941       -0.012820        0.967180        0.010793       -0.442963       -0.519605        1.486785       -0.489682       -0.009050        0.023379        0.100260        0.250025        0.087528        0.002586        0.000193               0               0               0               0               0        0.006365        0.001288        0.026679               0       -0.000219               0        0.001926        0.023811        0.028908               0       -0.001941       -0.001002        0.000791       -0.030308               0        0.000962        0.003728        0.017099        0.012080       -0.004138       -0.000215       -0.033356        0.000385        0.014881        0.021237       -0.020724       -0.086989       -0.002119       -0.120263        0.001424        0.013381        0.016546        0.062667        0.019843        0.002098
K_b(-1)                     0.001327        0.000478        0.000131        0.004164        0.000200        0.000428        0.024679        0.005175        0.001264        0.000649        0.005770        0.014228        0.014228        0.000207        1.297774        2.662038       -2.647810        1.721486        0.001264       -0.062512       -0.234404       -0.584548       -0.206360       -0.005386       -0.000876               0               0               0               0               0       -0.012282       -0.002748        0.018694               0        0.000200               0       -0.000452        0.007532        0.002728               0        0.000028        0.000097       -0.000668       -0.002844               0       -0.002747       -0.012886        0.000886        0.001808        0.000478        0.000197        0.037019        0.002476        0.002967        0.000408        0.002894        0.305812        0.000296        0.352340       -0.002875        0.004232        0.001561       -0.146513       -0.001056       -0.000493
D(-1)                      -0.001321       -0.000476       -0.000130       -0.004145       -0.000199       -0.000426       -0.024565       -0.005151       -0.001258       -0.000646       -0.005743       -0.014163       -0.014163       -0.000206       -1.291785       -2.649755        2.635592       -1.713543       -0.001258        0.062224        0.233322        0.581851        0.205408        0.005361        0.000872               0               0               0               0               0        0.012226        0.002735       -0.018607               0       -0.000199               0        0.000450       -0.007497       -0.002715               0       -0.000028       -0.000097        0.000665        0.002831               0        0.002734        0.012827       -0.000882       -0.001800       -0.000476       -0.000196       -0.036848       -0.002465       -0.002953       -0.000406       -0.002880       -0.304401       -0.000294       -0.350714        0.002861       -0.004213       -0.001554        0.145837        0.001051        0.000490
D_star(-1)                 -0.007043       -0.001525       -0.001416       -0.044967        0.001948        0.043140       -0.056898       -0.079340       -0.033535       -0.007010       -0.096063       -0.032803       -0.032803        0.020912       -1.976048       -3.733529        3.700726       -3.783213        0.977719        0.177061        0.360821        0.899803        0.316966        0.007827        0.003766               0               0               0               0               0        0.017173        0.011441       -0.091632               0        0.001948               0       -0.008317       -0.065760       -0.110422               0       -0.002057        0.003395       -0.006561        0.063447               0        0.007642        0.018855        0.039621       -0.027728       -0.001525        0.001920       -0.085347       -0.026738       -0.049392        0.041147       -0.076798       -0.672066        0.228890       -0.536488        0.004136       -0.036954       -0.063200        0.225529        0.054447       -0.009061
A(-1)                      -0.552468       -0.218366        0.010810        0.343409       -0.008268        1.231326        0.939277        2.557495       -0.393951        0.053532        1.428806        0.541519        0.541519        0.596878        6.584261        5.115420       -4.573902        7.422650       -0.393951       -0.062524       -0.800301       -1.995764       -0.704822       -0.017614        0.001629        0.950000               0               0               0               0       -0.021499        0.011791        2.442552               0       -0.008268               0        0.076672        1.207513        1.392327               0       -0.103692       -0.040299        0.029581       -1.235697               0       -0.022967       -0.075187        0.956071        0.893794       -0.218366       -0.008146        1.408915        0.204201        0.734646        1.174438       -0.902170        1.318591       -0.092226        1.787599       -0.008816        0.678566        0.796902       -0.500225        0.990829        0.083537
R_star(-1)                  0.835912        0.548751       -0.011902       -0.378090        0.562293        6.228310       -4.070159       -3.548600       -2.724966       -0.058938       -5.206573       -2.346556       -2.346556        3.019135      -81.688655     -138.872242      136.525686     -143.049985        1.546608        6.041098       13.851641       34.542747       12.004834        0.304915        0.103893               0        0.900000               0               0               0        0.634172        0.351222       -4.396755               0        0.562293               0       -1.821154        1.600508      -11.614161               0       -0.158412        0.617321       -1.886542        4.788726               0        1.030978        0.720497        6.489306       -1.240165        0.548751        0.553984       -6.105238       -0.224823       -2.677051        5.940555       -6.240319      -25.412008        0.362070      -22.178118        0.162534        0.899411       -6.647391        8.657905        5.744101       -1.984215
Y_star(-1)                  0.252553        0.089991        0.033913        1.077297        0.004750       -0.484320        0.128431        1.630992        0.574687        0.167932        0.911554        0.074044        0.074044        0.708824        4.748442        8.564660       -8.490616        8.099944       -0.325313       -0.380744       -0.924633       -2.305818       -0.823163       -0.018387       -0.008564               0               0        0.900000               0               0       -0.039400       -0.024030        1.303385               0        0.004750               0       -0.010528        0.893119        0.754491               0        0.036627        0.002172       -0.017513       -0.072988               0       -0.004954       -0.045138       -0.371953        0.569999        0.089991        0.004680        0.192647        0.640591        0.468691        1.394707        1.316065        1.438908       -0.076158        1.289182       -0.009632        0.501891        0.431835       -0.577938        0.134137       -0.011471
P_c(-1)                    -0.009971       -0.001370       -0.000736       -0.023395       -0.001597       -0.018879        0.024627       -0.020977       -0.000236       -0.003647       -0.012192        0.014198        0.014198       -0.009152        0.393356        2.355289       -2.341091        5.314198       -0.000236       -0.061854        0.124962        0.311625       -0.182734       -0.004784       -0.033646               0               0               0               0               0       -0.010860       -0.002971        0.001346               0       -0.001597               0       -2.912442       -0.029313        0.008838       -1.000000        0.002105       -0.001531        0.005382       -0.005304               0        1.535654       -0.209736       -0.019377       -0.007331       -0.001370       -0.001573        0.036941       -0.013911       -0.006269       -0.018007       -0.000541        0.944037       -0.000055        0.106794       -0.002565       -0.016472        0.005058        0.078107       -0.008915       -3.173214
theta_c(-1)                -0.001712       -0.000197       -0.000153       -0.004846       -0.000165       -0.001595        0.000217       -0.005483       -0.001013       -0.000755       -0.003899        0.000125        0.000125       -0.000773        0.006080        0.159589       -0.159464        0.614313       -0.001013       -0.003912        0.015080        0.037606       -0.033683       -0.000413       -0.005190               0               0               0               0               0       -0.000739       -0.000196       -0.002788       -0.154393       -0.000165        0.950000       -0.449941       -0.005447       -0.001455       -0.154393        0.000293       -0.000137        0.000557        0.000234               0        0.237138       -0.031310       -0.001718       -0.001916       -0.000197       -0.000162        0.000325       -0.002882       -0.002005       -0.001521       -0.002321        0.109129       -0.000237        0.001651       -0.000168       -0.003061       -0.000833        0.009426        0.000240       -0.490228
cryp(-1)                   -0.001302       -0.000469       -0.000129       -0.004084       -0.000196       -0.000419       -0.024202       -0.005075       -0.001239       -0.000637       -0.005658       -0.013953       -0.013953       -0.000203       -1.272695       -2.610596        2.596643       -1.688220       -0.001239        0.061304        0.229874        0.573252        0.202372        0.005282        0.000859               0               0               0               0               0        0.012045        0.002695       -0.018332               0       -0.000196               0        0.000443       -0.007386       -0.002675               0       -0.000028       -0.000096        0.000655        0.002789               0        0.002693        0.012637       -0.000869       -0.001774       -0.000469       -0.000193       -0.036303       -0.002428       -0.002909       -0.000400       -0.002838       -0.299902       -0.000290       -0.345531        0.002819       -0.004151       -0.001531        0.143682        0.001036        0.000483
R_c(-1)                    -0.001195       -0.000431       -0.000118       -0.003748       -0.000180       -0.000385       -0.022213       -0.004658       -0.001137       -0.000584       -0.005193       -0.012807       -0.012807       -0.000187       -1.168106       -2.396059        2.383253       -1.549483       -0.001137        0.056266        0.210983        0.526143        0.185741        0.004848        0.000789               0               0               0               0               0        0.011055        0.002474       -0.016826               0       -0.000180               0        0.000407       -0.006779       -0.002455               0       -0.000026       -0.000088        0.000601        0.002560               0        0.002472        0.011598       -0.000798       -0.001628       -0.000431       -0.000177       -0.033320       -0.002229       -0.002670       -0.000367       -0.002604       -0.275257       -0.000266       -0.317136        0.002588       -0.003810       -0.001405        0.131874        0.000951        0.000443
sigma_Rc(-1)                       0               0               0               0               0               0               0               0               0               0               0               0               0               0               0               0               0               0               0               0               0               0               0               0               0               0               0               0               0               0               0               0               0               0               0               0               0               0               0               0               0               0               0               0        0.950000               0               0               0               0               0               0               0               0               0               0               0               0               0               0               0               0               0               0               0               0
epsilon(-1)                 0.203185        0.071957        0.019045        0.604981       -0.024237        0.130084        0.145502        0.718405        0.155271        0.094306        0.588156        0.083886        0.083886        0.063057        2.167125        3.494123       -3.410237        2.671972        0.155271       -0.067914       -0.328125       -0.818267       -0.279885       -0.007851        0.000334               0               0               0               0               0       -0.015855       -0.000839        0.515503               0       -0.024237               0        0.073942        0.267881        0.822939               0        0.056260       -0.023760        0.080112       -0.099977               0       -0.040928       -0.018906       -0.757768        0.251068        0.071957       -0.023879        0.218253        0.359739        0.302411        0.124074        0.355578        0.474660        0.036350        0.588365       -0.004522        0.150536        0.471011       -0.205093       -0.092213        0.080562
varepsilon_R               -3.550458       -1.257381       -0.332787      -10.571432        0.423518       -2.273078       -2.542499      -12.553399       -2.713198       -1.647904      -10.277426       -1.465819       -1.465819       -1.101861      -37.868312      -61.056253       59.590433      -46.689992       -2.713198        1.186730        5.733656       14.298393        4.890711        0.137190       -0.005834               0               0               0               0               0        0.277043        0.014665       -9.007897               0        0.423518               0       -1.292056       -4.680940      -14.380019               0       -0.983087        0.415175       -1.399874        1.747005               0        0.715181        0.330366       -3.425440       -4.387164       -1.257381        0.417259       -3.813749       -6.286072       -5.284319       -2.168059       -6.213370       -8.294209       -0.635175      -10.281084        0.079020       -2.630471       -8.230437        3.583795        1.611337       -1.407743
varepsilon_A               -0.581545       -0.229859        0.011379        0.361483       -0.008703        1.296133        0.988713        2.692100       -0.414686        0.056349        1.504007        0.570019        0.570019        0.628293        6.930801        5.384653       -4.814633        7.813316       -0.414686       -0.065815       -0.842423       -2.100804       -0.741918       -0.018541        0.001715        1.000000               0               0               0               0       -0.022630        0.012411        2.571108               0       -0.008703               0        0.080707        1.271066        1.465607               0       -0.109149       -0.042420        0.031138       -1.300734               0       -0.024175       -0.079145        1.006391        0.940836       -0.229859       -0.008574        1.483069        0.214948        0.773311        1.236250       -0.949653        1.387991       -0.097080        1.881683       -0.009280        0.714280        0.838844       -0.526552        1.042978        0.087934
varepsilon_Rstar            0.961848        0.616883       -0.006581       -0.209055        0.615626        6.717872       -4.255356       -3.570518       -2.870345       -0.032588       -5.334223       -2.453327       -2.453327        3.256448      -81.490843     -136.779646      134.326318     -141.188397       -2.870345        5.881318       13.697246       34.157721       11.851065        0.302059        0.097761               0        1.000000               0               0               0        0.624035        0.336550       -4.455220               0        0.615626               0       -1.984470        2.086980      -12.386372               0       -0.166358        0.669980       -2.065365        5.023028               0        1.109664        0.712056        7.024382       -1.247825        0.616883        0.606528       -6.383034       -0.124310       -2.742684        6.407499       -6.573245      -25.081307       -0.671964      -22.124413        0.161182        1.172786       -7.089368        8.561401        6.126793       -2.162154
varepsilon_Ystar            0.280615        0.099990        0.037681        1.196997        0.005278       -0.538133        0.142702        1.812213        0.638542        0.186591        1.012837        0.082271        0.082271        0.787582        5.276047        9.516289       -9.434017        8.999938       -0.361458       -0.423048       -1.027370       -2.562020       -0.914626       -0.020430       -0.009516               0               0        1.000000               0               0       -0.043778       -0.026700        1.448206               0        0.005278               0       -0.011698        0.992355        0.838324               0        0.040696        0.002413       -0.019459       -0.081098               0       -0.005504       -0.050154       -0.413281        0.633333        0.099990        0.005200        0.214052        0.711768        0.520768        1.549674        1.462295        1.598787       -0.084619        1.432424       -0.010702        0.557657        0.479816       -0.642153        0.149041       -0.012746
eps_Rc                             0               0               0               0               0               0               0               0               0               0               0               0               0               0               0               0               0               0               0               0               0               0               0               0               0               0               0               0               0               0               0               0               0               0               0               0               0               0               0               0               0               0               0               0        0.030000               0               0               0               0               0               0               0               0               0               0               0               0               0               0               0               0               0               0               0               0
vol                        -0.001802       -0.000207       -0.000161       -0.005101       -0.000173       -0.001679        0.000228       -0.005771       -0.001067       -0.000795       -0.004104        0.000131        0.000131       -0.000814        0.006400        0.167989       -0.167857        0.646645       -0.001067       -0.004117        0.015874        0.039586       -0.035456       -0.000435       -0.005463               0               0               0               0               0       -0.000778       -0.000207       -0.002935       -0.162519       -0.000173        1.000000       -0.473623       -0.005733       -0.001531       -0.162519        0.000309       -0.000144        0.000586        0.000246               0        0.249619       -0.032958       -0.001808       -0.002017       -0.000207       -0.000171        0.000342       -0.003033       -0.002110       -0.001601       -0.002443        0.114873       -0.000250        0.001737       -0.000177       -0.003222       -0.000876        0.009922        0.000253       -0.516029


THEORETICAL MOMENTS
VARIABLE          MEAN  STD. DEV.   VARIANCE
mc              0.8889     0.0123     0.0002
Pi              1.0000     0.0053     0.0000
Z               0.0397     0.0019     0.0000
w               5.0452     0.0804     0.0065
R               1.0150     0.0052     0.0000
epsilon         1.0484     0.0703     0.0049
Q               1.0000     0.0472     0.0022
Y               2.8614     0.1801     0.0324
M               0.4367     0.0221     0.0005
L               0.2622     0.0125     0.0002
C               1.9449     0.1344     0.0181
I               0.3844     0.0272     0.0007
K              19.2176     0.6462     0.4175
EX              0.5082     0.0341     0.0012
N               3.6833     0.6382     0.4073
K_b            14.6954     1.1278     1.2719
K_h             4.5222     0.9606     0.9228
D               5.6292     1.0850     1.1773
D_star          4.2716     0.1443     0.0208
x               0.3048     0.0423     0.0018
psi             1.5999     0.0983     0.0097
phi             3.9897     0.2452     0.0601
upsilon         1.5639     0.0852     0.0073
mu              0.0072     0.0021     0.0000
mu_star         0.0058     0.0008     0.0000
A               1.0000     0.0320     0.0010
R_star          1.0113     0.0057     0.0000
Y_star          0.4847     0.0000     0.0000
Phi             0.0000     0.0000     0.0000
Theta           0.4010     0.0000     0.0000
chi_h           0.0105     0.0044     0.0000
chi_b           0.0134     0.0025     0.0000
Ynet            2.3796     0.1527     0.0233
P_c             1.0000     0.0000     0.0000
R_dc            1.0000     0.0052     0.0000
theta_c         1.0000     0.0000     0.0000
cryp            0.9178     0.0178     0.0003
DC              1.7795     0.0800     0.0064
m               1.7472     0.1776     0.0316
R_c             1.0000     0.0000     0.0000
Lambda          0.9852     0.0040     0.0000
gam             0.0274     0.0064     0.0000
trs             0.4954     0.0173     0.0003
Lambda1         1.0220     0.0766     0.0059
sigma_Rc        0.0000     0.0000     0.0000
mu_cryp         0.0231     0.0089     0.0001
x_c             0.0625     0.0060     0.0000
DE              1.0000     0.0223     0.0005
logY            1.0513     0.0629     0.0040
logPi           0.0000     0.0053     0.0000
logR            0.0149     0.0051     0.0000
logI           -0.9562     0.0708     0.0050
logL           -1.3388     0.0478     0.0023
logC            0.6652     0.0691     0.0048
logEX          -0.6768     0.0670     0.0045
logM           -0.8286     0.0505     0.0026
logD            1.7280     0.1928     0.0372
logD_star       1.4520     0.0338     0.0011
logN            1.3038     0.1733     0.0300
spread          0.0047     0.0012     0.0000
logDC           0.5763     0.0450     0.0020
logm            0.5580     0.1017     0.0103
leverage        1.3837     0.0615     0.0038
TB              0.0716     0.0480     0.0023
logcryp        -0.0858     0.0194     0.0004



VARIANCE DECOMPOSITION (in percent)
                 varepsilon_R      varepsilon_A  varepsilon_Rstar  varepsilon_Ystar            eps_Rc               vol
mc                      65.58             28.46              5.96              0.00              0.00              0.00
Pi                      45.03             29.88             25.09              0.00              0.00              0.00
Z                       24.76             72.12              3.12              0.00              0.00              0.00
w                       13.68             79.71              6.62              0.00              0.00              0.00
R                        5.24             29.73             65.03              0.00              0.00              0.00
epsilon                  1.39             73.06             25.55              0.00              0.00              0.00
Q                        2.85             64.55             32.60              0.00              0.00              0.00
Y                        3.84             87.99              8.17              0.00              0.00              0.00
M                       12.20              4.43             83.37              0.00              0.00              0.00
L                       13.68             79.71              6.62              0.00              0.00              0.00
C                        4.59             77.40             18.01              0.00              0.00              0.00
I                        2.85             64.55             32.60              0.00              0.00              0.00
K                        0.79             73.48             25.73              0.00              0.00              0.00
EX                       1.39             73.06             25.55              0.00              0.00              0.00
N                       13.42             14.32             72.26              0.00              0.00              0.00
K_b                     18.43              7.40             74.17              0.00              0.00              0.00
K_h                     20.97              8.49             70.54              0.00              0.00              0.00
D                        5.50              9.83             84.67              0.00              0.00              0.00
D_star                  22.20             10.13             67.67              0.00              0.00              0.00
x                        2.61              0.69             96.71              0.00              0.00              0.00
psi                     15.96              4.23             79.81              0.00              0.00              0.00
phi                     15.96              4.23             79.81              0.00              0.00              0.00
upsilon                 16.28              4.11             79.61              0.00              0.00              0.00
mu                      18.48              4.34             77.17              0.00              0.00              0.00
mu_star                  1.32              3.58             95.10              0.00              0.00              0.00
A                        0.00            100.00              0.00              0.00              0.00              0.00
R_star                   0.00              0.00            100.00              0.00              0.00              0.00
Y_star                   0.00              0.00              0.00            100.00              0.00              0.00
Phi                     34.54             50.57             14.89              0.00              0.00              0.00
Theta                    2.50             34.73             62.77              0.00              0.00              0.00
chi_h                   21.50              5.25             73.24              0.00              0.00              0.00
chi_b                    1.36              5.98             92.66              0.00              0.00              0.00
Ynet                     2.84             86.57             10.59              0.00              0.00              0.00
P_c                      0.00              0.00              0.00              0.00              0.00            100.00
R_dc                     5.24             29.73             65.03              0.00              0.00              0.00
theta_c                  0.00              0.00              0.00              0.00              0.00            100.00
cryp                     4.10             36.92             58.98              0.00              0.00              0.00
DC                       2.72             91.87              5.42              0.00              0.00              0.00
m                        5.12             62.67             32.21              0.00              0.00              0.00
R_c                      0.00              0.00              0.00              0.00              0.00            100.00
Lambda                  48.74             26.02             25.24              0.00              0.00              0.00
gam                      3.31             42.54             54.15              0.00              0.00              0.00
trs                      5.11             29.66             65.23              0.00              0.00              0.00
Lambda1                  0.43             70.62             28.95              0.00              0.00              0.00
sigma_Rc                 0.00              0.00              0.00              0.00            100.00              0.00
mu_cryp                  5.49             24.93             69.58              0.00              0.00              0.00
x_c                     14.73             20.17             65.10              0.00              0.00              0.00
DE                      15.07             22.04             62.89              0.00              0.00              0.00
logY                     3.84             87.99              8.17              0.00              0.00              0.00
logPi                   45.03             29.88             25.09              0.00              0.00              0.00
logR                     5.24             29.73             65.03              0.00              0.00              0.00
logI                     2.85             64.55             32.60              0.00              0.00              0.00
logL                    13.68             79.71              6.62              0.00              0.00              0.00
logC                     4.59             77.40             18.01              0.00              0.00              0.00
logEX                    1.39             73.06             25.55              0.00              0.00              0.00
logM                    12.20              4.43             83.37              0.00              0.00              0.00
logD                     5.50              9.83             84.67              0.00              0.00              0.00
logD_star               22.20             10.13             67.67              0.00              0.00              0.00
logN                    13.42             14.32             72.26              0.00              0.00              0.00
spread                  19.14              4.43             76.42              0.00              0.00              0.00
logDC                    2.72             91.87              5.42              0.00              0.00              0.00
logm                     5.12             62.67             32.21              0.00              0.00              0.00
leverage                15.96              4.23             79.81              0.00              0.00              0.00
TB                       1.52             39.16             59.32              0.00              0.00              0.00
logcryp                  4.10             36.92             58.98              0.00              0.00              0.00



MATRIX OF CORRELATIONS
Variables           mc         Pi          Z          w          R    epsilon          Q          Y          M          L          C          I          K         EX          N        K_b        K_h          D     D_star          x        psi        phi    upsilon         mu    mu_star          A     R_star      chi_h      chi_b       Ynet       R_dc       cryp         DC          m     Lambda        gam        trs    Lambda1    mu_cryp        x_c         DE       logY      logPi       logR       logI       logL       logC      logEX       logM       logD  logD_star       logN     spread      logDC       logm   leverage         TB    logcryp
mc              1.0000     0.9342     0.2499     0.1671     0.0290     0.0025    -0.1875    -0.0514     0.2077     0.1671    -0.0337    -0.1875    -0.0420     0.0025    -0.0863    -0.0266     0.0030    -0.1133     0.1232     0.1096     0.0660     0.0660     0.0673     0.0491     0.1460    -0.2787     0.2060     0.0063     0.1035    -0.0944     0.0290    -0.0629    -0.0284    -0.0344     0.6092     0.0881    -0.0322     0.2097     0.0350     0.1004     0.1927    -0.0514     0.9342     0.0290    -0.1875     0.1671    -0.0337     0.0025     0.2077    -0.1133     0.1232    -0.0863     0.0345    -0.0284    -0.0344     0.0660    -0.0936    -0.0629
Pi              0.9342     1.0000     0.0411    -0.0900     0.3822     0.0026    -0.4786    -0.2972    -0.1171    -0.0900    -0.3172    -0.4786    -0.2441     0.0026    -0.4120    -0.3397     0.2346    -0.4444     0.2490     0.4120     0.3700     0.3700     0.3700     0.3399     0.4033    -0.4092     0.4895     0.2542     0.3486    -0.3466     0.3822    -0.4102    -0.2070    -0.3532     0.2893     0.4291    -0.3852     0.4953     0.3880     0.4228     0.2405    -0.2972     1.0000     0.3822    -0.4786    -0.0900    -0.3172     0.0026    -0.1171    -0.4444     0.2490    -0.4120     0.3248    -0.2070    -0.3532     0.3700     0.0556    -0.4102
Z               0.2499     0.0411     1.0000     0.8574    -0.5982     0.6204     0.7996     0.8134     0.2592     0.8574     0.7755     0.7996     0.2478     0.6204     0.4671     0.2881    -0.1716     0.3608    -0.0488    -0.1433    -0.3434    -0.3434    -0.3381    -0.3404     0.0782     0.7905    -0.1180    -0.1914     0.1061     0.7993    -0.5982     0.6217     0.7575     0.7400     0.6625    -0.6362     0.5963    -0.6655    -0.5733    -0.4964     0.0991     0.8134     0.0411    -0.5982     0.7996     0.8574     0.7755     0.6204     0.2592     0.3608    -0.0488     0.4671    -0.3480     0.7575     0.7400    -0.3434     0.3209     0.6217
w               0.1671    -0.0900     0.8574     1.0000    -0.7404     0.7028     0.8353     0.9761     0.3298     1.0000     0.9664     0.8353     0.7109     0.7028     0.5822     0.4814    -0.0870     0.5343    -0.3583    -0.2976    -0.3990    -0.3990    -0.3944    -0.3484    -0.1424     0.8312    -0.1840    -0.1435    -0.0336     0.9648    -0.7404     0.7818     0.9470     0.9208     0.7173    -0.8090     0.7391    -0.8904    -0.7062    -0.6357     0.0333     0.9761    -0.0900    -0.7404     0.8353     1.0000     0.9664     0.7028     0.3298     0.5343    -0.3583     0.5822    -0.3460     0.9470     0.9208    -0.3990     0.3470     0.7818
R               0.0290     0.3822    -0.5982    -0.7404     1.0000    -0.0833    -0.8941    -0.7564    -0.8243    -0.7404    -0.8458    -0.8941    -0.5885    -0.0833    -0.9232    -0.8596     0.6133    -0.9310     0.3605     0.8260     0.8433     0.8433     0.8394     0.8027     0.6915    -0.5008     0.7962     0.6607     0.6426    -0.7806     1.0000    -0.9961    -0.5717    -0.9321    -0.7738     0.9881    -1.0000     0.8785     0.9970     0.9229     0.1627    -0.7564     0.3822     1.0000    -0.8941    -0.7404    -0.8458    -0.0833    -0.8243    -0.9310     0.3605    -0.9232     0.7984    -0.5717    -0.9321     0.8433     0.3194    -0.9961
epsilon         0.0025     0.0026     0.6204     0.7028    -0.0833     1.0000     0.3931     0.7114    -0.4398     0.7028     0.5931     0.3931     0.4670     1.0000    -0.0556    -0.1612     0.5034    -0.1438    -0.1267     0.4072     0.2571     0.2571     0.2597     0.2929     0.5088     0.8325     0.5025     0.4670     0.6319     0.6806    -0.0833     0.1596     0.8515     0.4323     0.1075    -0.2163     0.0821    -0.4886    -0.0365    -0.0320     0.1572     0.7114     0.0026    -0.0833     0.3931     0.7028     0.5931     1.0000    -0.4398    -0.1438    -0.1267    -0.0556     0.2953     0.8515     0.4323     0.2571     0.9110     0.1596
Q              -0.1875    -0.4786     0.7996     0.8353    -0.8941     0.3931     1.0000     0.8874     0.5329     0.8353     0.9108     1.0000     0.4915     0.3931     0.8274     0.6836    -0.4719     0.7735    -0.2534    -0.5892    -0.7115    -0.7115    -0.7074    -0.6830    -0.3972     0.8000    -0.5697    -0.5115    -0.3393     0.9076    -0.8941     0.9159     0.7487     0.9384     0.6062    -0.9277     0.8940    -0.9228    -0.8854    -0.8506    -0.0828     0.8874    -0.4786    -0.8941     1.0000     0.8353     0.9108     0.3931     0.5329     0.7735    -0.2534     0.8274    -0.6800     0.7487     0.9384    -0.7115     0.0341     0.9159
Y              -0.0514    -0.2972     0.8134     0.9761    -0.7564     0.7114     0.8874     1.0000     0.2882     0.9761     0.9864     0.8874     0.7294     0.7114     0.6087     0.4935    -0.0888     0.5662    -0.3901    -0.3257    -0.4187    -0.4187    -0.4143    -0.3637    -0.1764     0.9034    -0.2319    -0.1467    -0.0569     0.9981    -0.7564     0.8058     0.9655     0.9403     0.5922    -0.8389     0.7558    -0.9482    -0.7230    -0.6661    -0.0088     1.0000    -0.2972    -0.7564     0.8874     0.9761     0.9864     0.7114     0.2882     0.5662    -0.3901     0.6087    -0.3581     0.9655     0.9403    -0.4187     0.3721     0.8058
M               0.2077    -0.1171     0.2592     0.3298    -0.8243    -0.4398     0.5329     0.2882     1.0000     0.3298     0.4331     0.5329     0.2777    -0.4398     0.8088     0.8218    -0.7780     0.8654    -0.2841    -0.9162    -0.8450    -0.8450    -0.8426    -0.8286    -0.8550    -0.0554    -0.8993    -0.8010    -0.8810     0.3149    -0.8243     0.7753     0.0655     0.5889     0.7629    -0.7344     0.8242    -0.4757    -0.8432    -0.7602    -0.1666     0.2882    -0.1171    -0.8243     0.5329     0.3298     0.4331    -0.4398     1.0000     0.8654    -0.2841     0.8088    -0.8288     0.0655     0.5889    -0.8450    -0.7710     0.7753
L               0.1671    -0.0900     0.8574     1.0000    -0.7404     0.7028     0.8353     0.9761     0.3298     1.0000     0.9664     0.8353     0.7109     0.7028     0.5822     0.4814    -0.0870     0.5343    -0.3583    -0.2976    -0.3990    -0.3990    -0.3944    -0.3484    -0.1424     0.8312    -0.1840    -0.1435    -0.0336     0.9648    -0.7404     0.7818     0.9470     0.9208     0.7173    -0.8090     0.7391    -0.8904    -0.7062    -0.6357     0.0333     0.9761    -0.0900    -0.7404     0.8353     1.0000     0.9664     0.7028     0.3298     0.5343    -0.3583     0.5822    -0.3460     0.9470     0.9208    -0.3990     0.3470     0.7818
C              -0.0337    -0.3172     0.7755     0.9664    -0.8458     0.5931     0.9108     0.9864     0.4331     0.9664     1.0000     0.9108     0.7648     0.5931     0.7045     0.6072    -0.1985     0.6815    -0.4444    -0.4667    -0.5288    -0.5288    -0.5245    -0.4703    -0.3273     0.8319    -0.3680    -0.2593    -0.2124     0.9898    -0.8458     0.8857     0.9213     0.9816     0.6681    -0.9112     0.8453    -0.9773    -0.8171    -0.7521    -0.0425     0.9864    -0.3172    -0.8458     0.9108     0.9664     1.0000     0.5931     0.4331     0.6815    -0.4444     0.7045    -0.4639     0.9213     0.9816    -0.5288     0.2217     0.8857
I              -0.1875    -0.4786     0.7996     0.8353    -0.8941     0.3931     1.0000     0.8874     0.5329     0.8353     0.9108     1.0000     0.4915     0.3931     0.8274     0.6836    -0.4719     0.7735    -0.2534    -0.5892    -0.7115    -0.7115    -0.7074    -0.6830    -0.3972     0.8000    -0.5697    -0.5115    -0.3393     0.9076    -0.8941     0.9159     0.7487     0.9384     0.6062    -0.9277     0.8940    -0.9228    -0.8854    -0.8506    -0.0828     0.8874    -0.4786    -0.8941     1.0000     0.8353     0.9108     0.3931     0.5329     0.7735    -0.2534     0.8274    -0.6800     0.7487     0.9384    -0.7115     0.0341     0.9159
K              -0.0420    -0.2441     0.2478     0.7109    -0.5885     0.4670     0.4915     0.7294     0.2777     0.7109     0.7648     0.4915     1.0000     0.4670     0.4724     0.5260     0.0551     0.5277    -0.6091    -0.3803    -0.2978    -0.2978    -0.2964    -0.2066    -0.3891     0.4880    -0.2032    -0.0241    -0.2230     0.7288    -0.5885     0.6339     0.7466     0.7301     0.4448    -0.6649     0.5887    -0.7757    -0.5589    -0.5326    -0.0783     0.7294    -0.2441    -0.5885     0.4915     0.7109     0.7648     0.4670     0.2777     0.5277    -0.6091     0.4724    -0.1917     0.7466     0.7301    -0.2978     0.2037     0.6339
EX              0.0025     0.0026     0.6204     0.7028    -0.0833     1.0000     0.3931     0.7114    -0.4398     0.7028     0.5931     0.3931     0.4670     1.0000    -0.0556    -0.1612     0.5034    -0.1438    -0.1267     0.4072     0.2571     0.2571     0.2597     0.2929     0.5088     0.8325     0.5025     0.4670     0.6319     0.6806    -0.0833     0.1596     0.8515     0.4323     0.1075    -0.2163     0.0821    -0.4886    -0.0365    -0.0320     0.1572     0.7114     0.0026    -0.0833     0.3931     0.7028     0.5931     1.0000    -0.4398    -0.1438    -0.1267    -0.0556     0.2953     0.8515     0.4323     0.2571     0.9110     0.1596
N              -0.0863    -0.4120     0.4671     0.5822    -0.9232    -0.0556     0.8274     0.6087     0.8088     0.5822     0.7045     0.8274     0.4724    -0.0556     1.0000     0.9695    -0.8205     0.9763    -0.2105    -0.8946    -0.9736    -0.9736    -0.9727    -0.9519    -0.7410     0.3742    -0.8358    -0.8590    -0.7156     0.6436    -0.9232     0.9097     0.4102     0.8087     0.6712    -0.8948     0.9235    -0.7572    -0.9484    -0.9953    -0.1365     0.6087    -0.4120    -0.9232     0.8274     0.5822     0.7045    -0.0556     0.8088     0.9763    -0.2105     1.0000    -0.9478     0.4102     0.8087    -0.9736    -0.4107     0.9097
K_b            -0.0266    -0.3397     0.2881     0.4814    -0.8596    -0.1612     0.6836     0.4935     0.8218     0.4814     0.6072     0.6836     0.5260    -0.1612     0.9695     1.0000    -0.8202     0.9669    -0.2302    -0.9183    -0.9601    -0.9601    -0.9604    -0.9327    -0.8049     0.2032    -0.8279    -0.8629    -0.7741     0.5281    -0.8596     0.8400     0.3070     0.7199     0.6512    -0.8209     0.8600    -0.6670    -0.8908    -0.9631    -0.1446     0.4935    -0.3397    -0.8596     0.6836     0.4814     0.6072    -0.1612     0.8218     0.9669    -0.2302     0.9695    -0.9268     0.3070     0.7199    -0.9601    -0.4916     0.8400
K_h             0.0030     0.2346    -0.1716    -0.0870     0.6133     0.5034    -0.4719    -0.0888    -0.7780    -0.0870    -0.1985    -0.4719     0.0551     0.5034    -0.8205    -0.8202     1.0000    -0.7803    -0.1395     0.8224     0.9269     0.9269     0.9282     0.9560     0.6832     0.0897     0.8353     0.9969     0.7588    -0.1298     0.6133    -0.5597     0.1417    -0.3541    -0.4653     0.5165    -0.6136     0.2613     0.6699     0.7725     0.1171    -0.0888     0.2346     0.6133    -0.4719    -0.0870    -0.1985     0.5034    -0.7780    -0.7803    -0.1395    -0.8205     0.9592     0.1417    -0.3541     0.9269     0.7142    -0.5597
D              -0.1133    -0.4444     0.3608     0.5343    -0.9310    -0.1438     0.7735     0.5662     0.8654     0.5343     0.6815     0.7735     0.5277    -0.1438     0.9763     0.9669    -0.7803     1.0000    -0.3743    -0.9573    -0.9513    -0.9513    -0.9501    -0.9166    -0.8581     0.2932    -0.8813    -0.8230    -0.8223     0.6033    -0.9310     0.9160     0.3691     0.7961     0.6540    -0.8999     0.9316    -0.7560    -0.9521    -0.9655    -0.1617     0.5662    -0.4444    -0.9310     0.7735     0.5343     0.6815    -0.1438     0.8654     1.0000    -0.3743     0.9763    -0.9098     0.3691     0.7961    -0.9513    -0.4993     0.9160
D_star          0.1232     0.2490    -0.0488    -0.3583     0.3605    -0.1267    -0.2534    -0.3901    -0.2841    -0.3583    -0.4444    -0.2534    -0.6091    -0.1267    -0.2105    -0.2302    -0.1395    -0.3743     1.0000     0.3952     0.1114     0.1114     0.1096     0.0296     0.5449    -0.2155     0.1711    -0.0914     0.4247    -0.3960     0.3605    -0.3926    -0.4198    -0.4312    -0.1981     0.4147    -0.3614     0.4983     0.3322     0.2287    -0.0124    -0.3901     0.2490     0.3605    -0.2534    -0.3583    -0.4444    -0.1267    -0.2841    -0.3743     1.0000    -0.2105     0.0147    -0.4198    -0.4312     0.1114     0.0406    -0.3926
x               0.1096     0.4120    -0.1433    -0.2976     0.8260     0.4072    -0.5892    -0.3257    -0.9162    -0.2976    -0.4667    -0.5892    -0.3803     0.4072    -0.8946    -0.9183     0.8224    -0.9573     0.3952     1.0000     0.9232     0.9232     0.9228     0.8957     0.9575    -0.0347     0.9349     0.8535     0.9510    -0.3679     0.8260    -0.7935    -0.1151    -0.6126    -0.5619     0.7650    -0.8270     0.5673     0.8559     0.8611     0.1809    -0.3257     0.4120     0.8260    -0.5892    -0.2976    -0.4667     0.4072    -0.9162    -0.9573     0.3952    -0.8946     0.8890    -0.1151    -0.6126     0.9232     0.7094    -0.7935
psi             0.0660     0.3700    -0.3434    -0.3990     0.8433     0.2571    -0.7115    -0.4187    -0.8450    -0.3990    -0.5288    -0.7115    -0.2978     0.2571    -0.9736    -0.9601     0.9269    -0.9513     0.1114     0.9232     1.0000     1.0000     1.0000     0.9949     0.7792    -0.1873     0.8853     0.9516     0.7904    -0.4585     0.8433    -0.8128    -0.1985    -0.6609    -0.6138     0.7857    -0.8437     0.5935     0.8820     0.9504     0.1407    -0.4187     0.3700     0.8433    -0.7115    -0.3990    -0.5288     0.2571    -0.8450    -0.9513     0.1114    -0.9736     0.9928    -0.1985    -0.6609     1.0000     0.5703    -0.8128
phi             0.0660     0.3700    -0.3434    -0.3990     0.8433     0.2571    -0.7115    -0.4187    -0.8450    -0.3990    -0.5288    -0.7115    -0.2978     0.2571    -0.9736    -0.9601     0.9269    -0.9513     0.1114     0.9232     1.0000     1.0000     1.0000     0.9949     0.7792    -0.1873     0.8853     0.9516     0.7904    -0.4585     0.8433    -0.8128    -0.1985    -0.6609    -0.6138     0.7857    -0.8437     0.5935     0.8820     0.9504     0.1407    -0.4187     0.3700     0.8433    -0.7115    -0.3990    -0.5288     0.2571    -0.8450    -0.9513     0.1114    -0.9736     0.9928    -0.1985    -0.6609     1.0000     0.5703    -0.8128
upsilon         0.0673     0.3700    -0.3381    -0.3944     0.8394     0.2597    -0.7074    -0.4143    -0.8426    -0.3944    -0.5245    -0.7074    -0.2964     0.2597    -0.9727    -0.9604     0.9282    -0.9501     0.1096     0.9228     1.0000     1.0000     1.0000     0.9951     0.7795    -0.1833     0.8840     0.9528     0.7908    -0.4542     0.8394    -0.8089    -0.1946    -0.6565    -0.6097     0.7817    -0.8398     0.5896     0.8787     0.9495     0.1401    -0.4143     0.3700     0.8394    -0.7074    -0.3944    -0.5245     0.2597    -0.8426    -0.9501     0.1096    -0.9727     0.9930    -0.1946    -0.6565     1.0000     0.5711    -0.8089
mu              0.0491     0.3399    -0.3404    -0.3484     0.8027     0.2929    -0.6830    -0.3637    -0.8286    -0.3484    -0.4703    -0.6830    -0.2066     0.2929    -0.9519    -0.9327     0.9560    -0.9166     0.0296     0.8957     0.9949     0.9949     0.9951     1.0000     0.7402    -0.1520     0.8747     0.9735     0.7683    -0.4035     0.8027    -0.7674    -0.1380    -0.6065    -0.5924     0.7368    -0.8031     0.5304     0.8458     0.9238     0.1317    -0.3637     0.3399     0.8027    -0.6830    -0.3484    -0.4703     0.2929    -0.8286    -0.9166     0.0296    -0.9519     0.9997    -0.1380    -0.6065     0.9949     0.5882    -0.7674
mu_star         0.1460     0.4033     0.0782    -0.1424     0.6915     0.5088    -0.3972    -0.1764    -0.8550    -0.1424    -0.3273    -0.3972    -0.3891     0.5088    -0.7410    -0.8049     0.6832    -0.8581     0.5449     0.9575     0.7792     0.7792     0.7795     0.7402     1.0000     0.1262     0.8672     0.7149     0.9826    -0.2180     0.6915    -0.6598     0.0015    -0.4700    -0.4251     0.6325    -0.6929     0.4502     0.7175     0.7036     0.1861    -0.1764     0.4033     0.6915    -0.3972    -0.1424    -0.3273     0.5088    -0.8550    -0.8581     0.5449    -0.7410     0.7302     0.0015    -0.4700     0.7792     0.7533    -0.6598
A              -0.2787    -0.4092     0.7905     0.8312    -0.5008     0.8325     0.8000     0.9034    -0.0554     0.8312     0.8319     0.8000     0.4880     0.8325     0.3742     0.2032     0.0897     0.2932    -0.2155    -0.0347    -0.1873    -0.1873    -0.1833    -0.1520     0.1262     1.0000     0.0000     0.0512     0.2314     0.9014    -0.5008     0.5654     0.9139     0.7442     0.2556    -0.6111     0.5005    -0.8005    -0.4658    -0.4402     0.0282     0.9034    -0.4092    -0.5008     0.8000     0.8312     0.8319     0.8325    -0.0554     0.2932    -0.2155     0.3742    -0.1476     0.9139     0.7442    -0.1873     0.6158     0.5654
R_star          0.2060     0.4895    -0.1180    -0.1840     0.7962     0.5025    -0.5697    -0.2319    -0.8993    -0.1840    -0.3680    -0.5697    -0.2032     0.5025    -0.8358    -0.8279     0.8353    -0.8813     0.1711     0.9349     0.8853     0.8853     0.8840     0.8747     0.8672     0.0000     1.0000     0.8524     0.8968    -0.2781     0.7962    -0.7533     0.0149    -0.5350    -0.4787     0.7172    -0.7974     0.4840     0.8243     0.7876     0.2673    -0.2319     0.4895     0.7962    -0.5697    -0.1840    -0.3680     0.5025    -0.8993    -0.8813     0.1711    -0.8358     0.8708     0.0149    -0.5350     0.8853     0.7692    -0.7533
chi_h           0.0063     0.2542    -0.1914    -0.1435     0.6607     0.4670    -0.5115    -0.1467    -0.8010    -0.1435    -0.2593    -0.5115    -0.0241     0.4670    -0.8590    -0.8629     0.9969    -0.8230    -0.0914     0.8535     0.9516     0.9516     0.9528     0.9735     0.7149     0.0512     0.8524     1.0000     0.7774    -0.1877     0.6607    -0.6106     0.0827    -0.4124    -0.5012     0.5698    -0.6610     0.3231     0.7150     0.8156     0.1234    -0.1467     0.2542     0.6607    -0.5115    -0.1435    -0.2593     0.4670    -0.8010    -0.8230    -0.0914    -0.8590     0.9756     0.0827    -0.4124     0.9516     0.6989    -0.6106
chi_b           0.1035     0.3486     0.1061    -0.0336     0.6426     0.6319    -0.3393    -0.0569    -0.8810    -0.0336    -0.2124    -0.3393    -0.2230     0.6319    -0.7156    -0.7741     0.7588    -0.8223     0.4247     0.9510     0.7904     0.7904     0.7908     0.7683     0.9826     0.2314     0.8968     0.7774     1.0000    -0.0999     0.6426    -0.5974     0.1424    -0.3744    -0.4107     0.5603    -0.6440     0.3331     0.6762     0.6631     0.1867    -0.0569     0.3486     0.6426    -0.3393    -0.0336    -0.2124     0.6319    -0.8810    -0.8223     0.4247    -0.7156     0.7616     0.1424    -0.3744     0.7904     0.8526    -0.5974
Ynet           -0.0944    -0.3466     0.7993     0.9648    -0.7806     0.6806     0.9076     0.9981     0.3149     0.9648     0.9898     0.9076     0.7288     0.6806     0.6436     0.5281    -0.1298     0.6033    -0.3960    -0.3679    -0.4585    -0.4585    -0.4542    -0.4035    -0.2180     0.9014    -0.2781    -0.1877    -0.0999     1.0000    -0.7806     0.8287     0.9530     0.9513     0.5828    -0.8607     0.7801    -0.9631    -0.7499    -0.6989    -0.0234     0.9981    -0.3466    -0.7806     0.9076     0.9648     0.9898     0.6806     0.3149     0.6033    -0.3960     0.6436    -0.3973     0.9530     0.9513    -0.4585     0.3381     0.8287
R_dc            0.0290     0.3822    -0.5982    -0.7404     1.0000    -0.0833    -0.8941    -0.7564    -0.8243    -0.7404    -0.8458    -0.8941    -0.5885    -0.0833    -0.9232    -0.8596     0.6133    -0.9310     0.3605     0.8260     0.8433     0.8433     0.8394     0.8027     0.6915    -0.5008     0.7962     0.6607     0.6426    -0.7806     1.0000    -0.9961    -0.5717    -0.9321    -0.7738     0.9881    -1.0000     0.8785     0.9970     0.9229     0.1627    -0.7564     0.3822     1.0000    -0.8941    -0.7404    -0.8458    -0.0833    -0.8243    -0.9310     0.3605    -0.9232     0.7984    -0.5717    -0.9321     0.8433     0.3194    -0.9961
cryp           -0.0629    -0.4102     0.6217     0.7818    -0.9961     0.1596     0.9159     0.8058     0.7753     0.7818     0.8857     0.9159     0.6339     0.1596     0.9097     0.8400    -0.5597     0.9160    -0.3926    -0.7935    -0.8128    -0.8128    -0.8089    -0.7674    -0.6598     0.5654    -0.7533    -0.6106    -0.5974     0.8287    -0.9961     1.0000     0.6359     0.9579     0.7519    -0.9978     0.9961    -0.9172    -0.9893    -0.9172    -0.1542     0.8058    -0.4102    -0.9961     0.9159     0.7818     0.8857     0.1596     0.7753     0.9160    -0.3926     0.9097    -0.7620     0.6359     0.9579    -0.8128    -0.2428     1.0000
DC             -0.0284    -0.2070     0.7575     0.9470    -0.5717     0.8515     0.7487     0.9655     0.0655     0.9470     0.9213     0.7487     0.7466     0.8515     0.4102     0.3070     0.1417     0.3691    -0.4198    -0.1151    -0.1985    -0.1985    -0.1946    -0.1380     0.0015     0.9139     0.0149     0.0827     0.1424     0.9530    -0.5717     0.6359     1.0000     0.8301     0.4649    -0.6809     0.5710    -0.8620    -0.5297    -0.4837     0.0537     0.9655    -0.2070    -0.5717     0.7487     0.9470     0.9213     0.8515     0.0655     0.3691    -0.4198     0.4102    -0.1315     1.0000     0.8301    -0.1985     0.5738     0.6359
m              -0.0344    -0.3532     0.7400     0.9208    -0.9321     0.4323     0.9384     0.9403     0.5889     0.9208     0.9816     0.9384     0.7301     0.4323     0.8087     0.7199    -0.3541     0.7961    -0.4312    -0.6126    -0.6609    -0.6609    -0.6565    -0.6065    -0.4700     0.7442    -0.5350    -0.4124    -0.3744     0.9513    -0.9321     0.9579     0.8301     1.0000     0.7298    -0.9723     0.9318    -0.9781    -0.9116    -0.8410    -0.0873     0.9403    -0.3532    -0.9321     0.9384     0.9208     0.9816     0.4323     0.5889     0.7961    -0.4312     0.8087    -0.6007     0.8301     1.0000    -0.6609     0.0362     0.9579
Lambda          0.6092     0.2893     0.6625     0.7173    -0.7738     0.1075     0.6062     0.5922     0.7629     0.7173     0.6681     0.6062     0.4448     0.1075     0.6712     0.6512    -0.4653     0.6540    -0.1981    -0.5619    -0.6138    -0.6138    -0.6097    -0.5924    -0.4251     0.2556    -0.4787    -0.5012    -0.4107     0.5828    -0.7738     0.7519     0.4649     0.7298     1.0000    -0.7316     0.7717    -0.5776    -0.7659    -0.6649    -0.0009     0.5922     0.2893    -0.7738     0.6062     0.7173     0.6681     0.1075     0.7629     0.6540    -0.1981     0.6712    -0.5984     0.4649     0.7298    -0.6138    -0.2740     0.7519
gam             0.0881     0.4291    -0.6362    -0.8090     0.9881    -0.2163    -0.9277    -0.8389    -0.7344    -0.8090    -0.9112    -0.9277    -0.6649    -0.2163    -0.8948    -0.8209     0.5165    -0.8999     0.4147     0.7650     0.7857     0.7857     0.7817     0.7368     0.6325    -0.6111     0.7172     0.5698     0.5603    -0.8607     0.9881    -0.9978    -0.6809    -0.9723    -0.7316     1.0000    -0.9881     0.9416     0.9784     0.9082     0.1470    -0.8389     0.4291     0.9881    -0.9277    -0.8090    -0.9112    -0.2163    -0.7344    -0.8999     0.4147    -0.8948     0.7306    -0.6809    -0.9723     0.7857     0.1838    -0.9978
trs            -0.0322    -0.3852     0.5963     0.7391    -1.0000     0.0821     0.8940     0.7558     0.8242     0.7391     0.8453     0.8940     0.5887     0.0821     0.9235     0.8600    -0.6136     0.9316    -0.3614    -0.8270    -0.8437    -0.8437    -0.8398    -0.8031    -0.6929     0.5005    -0.7974    -0.6610    -0.6440     0.7801    -1.0000     0.9961     0.5710     0.9318     0.7717    -0.9881     1.0000    -0.8787    -0.9971    -0.9231    -0.1635     0.7558    -0.3852    -1.0000     0.8940     0.7391     0.8453     0.0821     0.8242     0.9316    -0.3614     0.9235    -0.7986     0.5710     0.9318    -0.8437    -0.3202     0.9961
Lambda1         0.2097     0.4953    -0.6655    -0.8904     0.8785    -0.4886    -0.9228    -0.9482    -0.4757    -0.8904    -0.9773    -0.9228    -0.7757    -0.4886    -0.7572    -0.6670     0.2613    -0.7560     0.4983     0.5673     0.5935     0.5935     0.5896     0.5304     0.4502    -0.8005     0.4840     0.3231     0.3331    -0.9631     0.8785    -0.9172    -0.8620    -0.9781    -0.5776     0.9416    -0.8787     1.0000     0.8550     0.7993     0.1002    -0.9482     0.4953     0.8785    -0.9228    -0.8904    -0.9773    -0.4886    -0.4757    -0.7560     0.4983    -0.7572     0.5208    -0.8620    -0.9781     0.5935    -0.1281    -0.9172
mu_cryp         0.0350     0.3880    -0.5733    -0.7062     0.9970    -0.0365    -0.8854    -0.7230    -0.8432    -0.7062    -0.8171    -0.8854    -0.5589    -0.0365    -0.9484    -0.8908     0.6699    -0.9521     0.3322     0.8559     0.8820     0.8820     0.8787     0.8458     0.7175    -0.4658     0.8243     0.7150     0.6762    -0.7499     0.9970    -0.9893    -0.5297    -0.9116    -0.7659     0.9784    -0.9971     0.8550     1.0000     0.9449     0.1627    -0.7230     0.3880     0.9970    -0.8854    -0.7062    -0.8171    -0.0365    -0.8432    -0.9521     0.3322    -0.9484     0.8416    -0.5297    -0.9116     0.8820     0.3613    -0.9893
x_c             0.1004     0.4228    -0.4964    -0.6357     0.9229    -0.0320    -0.8506    -0.6661    -0.7602    -0.6357    -0.7521    -0.8506    -0.5326    -0.0320    -0.9953    -0.9631     0.7725    -0.9655     0.2287     0.8611     0.9504     0.9504     0.9495     0.9238     0.7036    -0.4402     0.7876     0.8156     0.6631    -0.6989     0.9229    -0.9172    -0.4837    -0.8410    -0.6649     0.9082    -0.9231     0.7993     0.9449     1.0000     0.1248    -0.6661     0.4228     0.9229    -0.8506    -0.6357    -0.7521    -0.0320    -0.7602    -0.9655     0.2287    -0.9953     0.9187    -0.4837    -0.8410     0.9504     0.3263    -0.9172
DE              0.1927     0.2405     0.0991     0.0333     0.1627     0.1572    -0.0828    -0.0088    -0.1666     0.0333    -0.0425    -0.0828    -0.0783     0.1572    -0.1365    -0.1446     0.1171    -0.1617    -0.0124     0.1809     0.1407     0.1407     0.1401     0.1317     0.1861     0.0282     0.2673     0.1234     0.1867    -0.0234     0.1627    -0.1542     0.0537    -0.0873    -0.0009     0.1470    -0.1635     0.1002     0.1627     0.1248     1.0000    -0.0088     0.2405     0.1627    -0.0828     0.0333    -0.0425     0.1572    -0.1666    -0.1617    -0.0124    -0.1365     0.1284     0.0537    -0.0873     0.1407     0.1880    -0.1542
logY           -0.0514    -0.2972     0.8134     0.9761    -0.7564     0.7114     0.8874     1.0000     0.2882     0.9761     0.9864     0.8874     0.7294     0.7114     0.6087     0.4935    -0.0888     0.5662    -0.3901    -0.3257    -0.4187    -0.4187    -0.4143    -0.3637    -0.1764     0.9034    -0.2319    -0.1467    -0.0569     0.9981    -0.7564     0.8058     0.9655     0.9403     0.5922    -0.8389     0.7558    -0.9482    -0.7230    -0.6661    -0.0088     1.0000    -0.2972    -0.7564     0.8874     0.9761     0.9864     0.7114     0.2882     0.5662    -0.3901     0.6087    -0.3581     0.9655     0.9403    -0.4187     0.3721     0.8058
logPi           0.9342     1.0000     0.0411    -0.0900     0.3822     0.0026    -0.4786    -0.2972    -0.1171    -0.0900    -0.3172    -0.4786    -0.2441     0.0026    -0.4120    -0.3397     0.2346    -0.4444     0.2490     0.4120     0.3700     0.3700     0.3700     0.3399     0.4033    -0.4092     0.4895     0.2542     0.3486    -0.3466     0.3822    -0.4102    -0.2070    -0.3532     0.2893     0.4291    -0.3852     0.4953     0.3880     0.4228     0.2405    -0.2972     1.0000     0.3822    -0.4786    -0.0900    -0.3172     0.0026    -0.1171    -0.4444     0.2490    -0.4120     0.3248    -0.2070    -0.3532     0.3700     0.0556    -0.4102
logR            0.0290     0.3822    -0.5982    -0.7404     1.0000    -0.0833    -0.8941    -0.7564    -0.8243    -0.7404    -0.8458    -0.8941    -0.5885    -0.0833    -0.9232    -0.8596     0.6133    -0.9310     0.3605     0.8260     0.8433     0.8433     0.8394     0.8027     0.6915    -0.5008     0.7962     0.6607     0.6426    -0.7806     1.0000    -0.9961    -0.5717    -0.9321    -0.7738     0.9881    -1.0000     0.8785     0.9970     0.9229     0.1627    -0.7564     0.3822     1.0000    -0.8941    -0.7404    -0.8458    -0.0833    -0.8243    -0.9310     0.3605    -0.9232     0.7984    -0.5717    -0.9321     0.8433     0.3194    -0.9961
logI           -0.1875    -0.4786     0.7996     0.8353    -0.8941     0.3931     1.0000     0.8874     0.5329     0.8353     0.9108     1.0000     0.4915     0.3931     0.8274     0.6836    -0.4719     0.7735    -0.2534    -0.5892    -0.7115    -0.7115    -0.7074    -0.6830    -0.3972     0.8000    -0.5697    -0.5115    -0.3393     0.9076    -0.8941     0.9159     0.7487     0.9384     0.6062    -0.9277     0.8940    -0.9228    -0.8854    -0.8506    -0.0828     0.8874    -0.4786    -0.8941     1.0000     0.8353     0.9108     0.3931     0.5329     0.7735    -0.2534     0.8274    -0.6800     0.7487     0.9384    -0.7115     0.0341     0.9159
logL            0.1671    -0.0900     0.8574     1.0000    -0.7404     0.7028     0.8353     0.9761     0.3298     1.0000     0.9664     0.8353     0.7109     0.7028     0.5822     0.4814    -0.0870     0.5343    -0.3583    -0.2976    -0.3990    -0.3990    -0.3944    -0.3484    -0.1424     0.8312    -0.1840    -0.1435    -0.0336     0.9648    -0.7404     0.7818     0.9470     0.9208     0.7173    -0.8090     0.7391    -0.8904    -0.7062    -0.6357     0.0333     0.9761    -0.0900    -0.7404     0.8353     1.0000     0.9664     0.7028     0.3298     0.5343    -0.3583     0.5822    -0.3460     0.9470     0.9208    -0.3990     0.3470     0.7818
logC           -0.0337    -0.3172     0.7755     0.9664    -0.8458     0.5931     0.9108     0.9864     0.4331     0.9664     1.0000     0.9108     0.7648     0.5931     0.7045     0.6072    -0.1985     0.6815    -0.4444    -0.4667    -0.5288    -0.5288    -0.5245    -0.4703    -0.3273     0.8319    -0.3680    -0.2593    -0.2124     0.9898    -0.8458     0.8857     0.9213     0.9816     0.6681    -0.9112     0.8453    -0.9773    -0.8171    -0.7521    -0.0425     0.9864    -0.3172    -0.8458     0.9108     0.9664     1.0000     0.5931     0.4331     0.6815    -0.4444     0.7045    -0.4639     0.9213     0.9816    -0.5288     0.2217     0.8857
logEX           0.0025     0.0026     0.6204     0.7028    -0.0833     1.0000     0.3931     0.7114    -0.4398     0.7028     0.5931     0.3931     0.4670     1.0000    -0.0556    -0.1612     0.5034    -0.1438    -0.1267     0.4072     0.2571     0.2571     0.2597     0.2929     0.5088     0.8325     0.5025     0.4670     0.6319     0.6806    -0.0833     0.1596     0.8515     0.4323     0.1075    -0.2163     0.0821    -0.4886    -0.0365    -0.0320     0.1572     0.7114     0.0026    -0.0833     0.3931     0.7028     0.5931     1.0000    -0.4398    -0.1438    -0.1267    -0.0556     0.2953     0.8515     0.4323     0.2571     0.9110     0.1596
logM            0.2077    -0.1171     0.2592     0.3298    -0.8243    -0.4398     0.5329     0.2882     1.0000     0.3298     0.4331     0.5329     0.2777    -0.4398     0.8088     0.8218    -0.7780     0.8654    -0.2841    -0.9162    -0.8450    -0.8450    -0.8426    -0.8286    -0.8550    -0.0554    -0.8993    -0.8010    -0.8810     0.3149    -0.8243     0.7753     0.0655     0.5889     0.7629    -0.7344     0.8242    -0.4757    -0.8432    -0.7602    -0.1666     0.2882    -0.1171    -0.8243     0.5329     0.3298     0.4331    -0.4398     1.0000     0.8654    -0.2841     0.8088    -0.8288     0.0655     0.5889    -0.8450    -0.7710     0.7753
logD           -0.1133    -0.4444     0.3608     0.5343    -0.9310    -0.1438     0.7735     0.5662     0.8654     0.5343     0.6815     0.7735     0.5277    -0.1438     0.9763     0.9669    -0.7803     1.0000    -0.3743    -0.9573    -0.9513    -0.9513    -0.9501    -0.9166    -0.8581     0.2932    -0.8813    -0.8230    -0.8223     0.6033    -0.9310     0.9160     0.3691     0.7961     0.6540    -0.8999     0.9316    -0.7560    -0.9521    -0.9655    -0.1617     0.5662    -0.4444    -0.9310     0.7735     0.5343     0.6815    -0.1438     0.8654     1.0000    -0.3743     0.9763    -0.9098     0.3691     0.7961    -0.9513    -0.4993     0.9160
logD_star       0.1232     0.2490    -0.0488    -0.3583     0.3605    -0.1267    -0.2534    -0.3901    -0.2841    -0.3583    -0.4444    -0.2534    -0.6091    -0.1267    -0.2105    -0.2302    -0.1395    -0.3743     1.0000     0.3952     0.1114     0.1114     0.1096     0.0296     0.5449    -0.2155     0.1711    -0.0914     0.4247    -0.3960     0.3605    -0.3926    -0.4198    -0.4312    -0.1981     0.4147    -0.3614     0.4983     0.3322     0.2287    -0.0124    -0.3901     0.2490     0.3605    -0.2534    -0.3583    -0.4444    -0.1267    -0.2841    -0.3743     1.0000    -0.2105     0.0147    -0.4198    -0.4312     0.1114     0.0406    -0.3926
logN           -0.0863    -0.4120     0.4671     0.5822    -0.9232    -0.0556     0.8274     0.6087     0.8088     0.5822     0.7045     0.8274     0.4724    -0.0556     1.0000     0.9695    -0.8205     0.9763    -0.2105    -0.8946    -0.9736    -0.9736    -0.9727    -0.9519    -0.7410     0.3742    -0.8358    -0.8590    -0.7156     0.6436    -0.9232     0.9097     0.4102     0.8087     0.6712    -0.8948     0.9235    -0.7572    -0.9484    -0.9953    -0.1365     0.6087    -0.4120    -0.9232     0.8274     0.5822     0.7045    -0.0556     0.8088     0.9763    -0.2105     1.0000    -0.9478     0.4102     0.8087    -0.9736    -0.4107     0.9097
spread          0.0345     0.3248    -0.3480    -0.3460     0.7984     0.2953    -0.6800    -0.3581    -0.8288    -0.3460    -0.4639    -0.6800    -0.1917     0.2953    -0.9478    -0.9268     0.9592    -0.9098     0.0147     0.8890     0.9928     0.9928     0.9930     0.9997     0.7302    -0.1476     0.8708     0.9756     0.7616    -0.3973     0.7984    -0.7620    -0.1315    -0.6007    -0.5984     0.7306    -0.7986     0.5208     0.8416     0.9187     0.1284    -0.3581     0.3248     0.7984    -0.6800    -0.3460    -0.4639     0.2953    -0.8288    -0.9098     0.0147    -0.9478     1.0000    -0.1315    -0.6007     0.9928     0.5899    -0.7620
logDC          -0.0284    -0.2070     0.7575     0.9470    -0.5717     0.8515     0.7487     0.9655     0.0655     0.9470     0.9213     0.7487     0.7466     0.8515     0.4102     0.3070     0.1417     0.3691    -0.4198    -0.1151    -0.1985    -0.1985    -0.1946    -0.1380     0.0015     0.9139     0.0149     0.0827     0.1424     0.9530    -0.5717     0.6359     1.0000     0.8301     0.4649    -0.6809     0.5710    -0.8620    -0.5297    -0.4837     0.0537     0.9655    -0.2070    -0.5717     0.7487     0.9470     0.9213     0.8515     0.0655     0.3691    -0.4198     0.4102    -0.1315     1.0000     0.8301    -0.1985     0.5738     0.6359
logm           -0.0344    -0.3532     0.7400     0.9208    -0.9321     0.4323     0.9384     0.9403     0.5889     0.9208     0.9816     0.9384     0.7301     0.4323     0.8087     0.7199    -0.3541     0.7961    -0.4312    -0.6126    -0.6609    -0.6609    -0.6565    -0.6065    -0.4700     0.7442    -0.5350    -0.4124    -0.3744     0.9513    -0.9321     0.9579     0.8301     1.0000     0.7298    -0.9723     0.9318    -0.9781    -0.9116    -0.8410    -0.0873     0.9403    -0.3532    -0.9321     0.9384     0.9208     0.9816     0.4323     0.5889     0.7961    -0.4312     0.8087    -0.6007     0.8301     1.0000    -0.6609     0.0362     0.9579
leverage        0.0660     0.3700    -0.3434    -0.3990     0.8433     0.2571    -0.7115    -0.4187    -0.8450    -0.3990    -0.5288    -0.7115    -0.2978     0.2571    -0.9736    -0.9601     0.9269    -0.9513     0.1114     0.9232     1.0000     1.0000     1.0000     0.9949     0.7792    -0.1873     0.8853     0.9516     0.7904    -0.4585     0.8433    -0.8128    -0.1985    -0.6609    -0.6138     0.7857    -0.8437     0.5935     0.8820     0.9504     0.1407    -0.4187     0.3700     0.8433    -0.7115    -0.3990    -0.5288     0.2571    -0.8450    -0.9513     0.1114    -0.9736     0.9928    -0.1985    -0.6609     1.0000     0.5703    -0.8128
TB             -0.0936     0.0556     0.3209     0.3470     0.3194     0.9110     0.0341     0.3721    -0.7710     0.3470     0.2217     0.0341     0.2037     0.9110    -0.4107    -0.4916     0.7142    -0.4993     0.0406     0.7094     0.5703     0.5703     0.5711     0.5882     0.7533     0.6158     0.7692     0.6989     0.8526     0.3381     0.3194    -0.2428     0.5738     0.0362    -0.2740     0.1838    -0.3202    -0.1281     0.3613     0.3263     0.1880     0.3721     0.0556     0.3194     0.0341     0.3470     0.2217     0.9110    -0.7710    -0.4993     0.0406    -0.4107     0.5899     0.5738     0.0362     0.5703     1.0000    -0.2428
logcryp        -0.0629    -0.4102     0.6217     0.7818    -0.9961     0.1596     0.9159     0.8058     0.7753     0.7818     0.8857     0.9159     0.6339     0.1596     0.9097     0.8400    -0.5597     0.9160    -0.3926    -0.7935    -0.8128    -0.8128    -0.8089    -0.7674    -0.6598     0.5654    -0.7533    -0.6106    -0.5974     0.8287    -0.9961     1.0000     0.6359     0.9579     0.7519    -0.9978     0.9961    -0.9172    -0.9893    -0.9172    -0.1542     0.8058    -0.4102    -0.9961     0.9159     0.7818     0.8857     0.1596     0.7753     0.9160    -0.3926     0.9097    -0.7620     0.6359     0.9579    -0.8128    -0.2428     1.0000



COEFFICIENTS OF AUTOCORRELATION
Order              1        2        3        4        5
mc            0.4708   0.2265   0.1134   0.0606   0.0356
Pi            0.5873   0.3886   0.2890   0.2357   0.2044
Z             0.8496   0.7530   0.6828   0.6262   0.5775
w             0.9172   0.8629   0.8224   0.7888   0.7591
R             0.9214   0.8536   0.7936   0.7397   0.6909
epsilon       0.9479   0.8989   0.8530   0.8101   0.7700
Q             0.9389   0.8777   0.8188   0.7632   0.7112
Y             0.9647   0.9302   0.8970   0.8650   0.8344
M             0.8528   0.7509   0.6733   0.6099   0.5557
L             0.9172   0.8629   0.8224   0.7888   0.7591
C             0.9610   0.9252   0.8918   0.8603   0.8304
I             0.9389   0.8777   0.8188   0.7632   0.7112
K             0.9993   0.9973   0.9941   0.9899   0.9847
EX            0.9479   0.8989   0.8530   0.8101   0.7700
N             0.9295   0.8645   0.8048   0.7498   0.6991
K_b           0.9419   0.8879   0.8378   0.7912   0.7479
K_h           0.9220   0.8501   0.7840   0.7231   0.6670
D             0.9364   0.8778   0.8237   0.7740   0.7283
D_star        0.9959   0.9895   0.9819   0.9735   0.9647
x             0.9348   0.8751   0.8203   0.7700   0.7239
psi           0.9220   0.8505   0.7848   0.7245   0.6690
phi           0.9220   0.8505   0.7848   0.7245   0.6690
upsilon       0.9225   0.8513   0.7859   0.7258   0.6706
mu            0.9184   0.8437   0.7752   0.7123   0.6546
mu_star       0.9507   0.9062   0.8654   0.8278   0.7930
A             0.9500   0.9025   0.8574   0.8145   0.7738
R_star        0.9000   0.8100   0.7290   0.6561   0.5905
chi_h         0.9216   0.8494   0.7828   0.7216   0.6652
chi_b         0.9418   0.8885   0.8395   0.7945   0.7530
Ynet          0.9670   0.9329   0.8992   0.8665   0.8351
R_dc          0.9214   0.8536   0.7936   0.7397   0.6909
cryp          0.9333   0.8734   0.8191   0.7696   0.7243
DC            0.9686   0.9380   0.9082   0.8795   0.8518
m             0.9498   0.9052   0.8646   0.8270   0.7921
Lambda        0.6596   0.4896   0.3991   0.3462   0.3117
gam           0.9415   0.8873   0.8372   0.7910   0.7484
trs           0.9219   0.8543   0.7944   0.7406   0.6917
Lambda1       0.9691   0.9366   0.9044   0.8732   0.8434
mu_cryp       0.9204   0.8510   0.7892   0.7335   0.6830
x_c           0.9359   0.8767   0.8219   0.7711   0.7242
DE           -0.0339  -0.0252  -0.0202  -0.0169  -0.0145
logY          0.9647   0.9302   0.8970   0.8650   0.8344
logPi         0.5873   0.3886   0.2890   0.2357   0.2044
logR          0.9214   0.8536   0.7936   0.7397   0.6909
logI          0.9389   0.8777   0.8188   0.7632   0.7112
logL          0.9172   0.8629   0.8224   0.7888   0.7591
logC          0.9610   0.9252   0.8918   0.8603   0.8304
logEX         0.9479   0.8989   0.8530   0.8101   0.7700
logM          0.8528   0.7509   0.6733   0.6099   0.5557
logD          0.9364   0.8778   0.8237   0.7740   0.7283
logD_star     0.9959   0.9895   0.9819   0.9735   0.9647
logN          0.9295   0.8645   0.8048   0.7498   0.6991
spread        0.9172   0.8417   0.7725   0.7092   0.6511
logDC         0.9686   0.9380   0.9082   0.8795   0.8518
logm          0.9498   0.9052   0.8646   0.8270   0.7921
leverage      0.9220   0.8505   0.7848   0.7245   0.6690
TB            0.9165   0.8455   0.7831   0.7271   0.6766
logcryp       0.9333   0.8734   0.8191   0.7696   0.7243
Total computing time : 0h00m00s
