Starting Dynare (version 5.1).
Calling Dynare with arguments: none
Starting preprocessing of the model file ...
Found 67 equation(s).
Evaluating expressions...done
Computing static model derivatives (order 1).
Computing dynamic model derivatives (order 1).
Processing outputs ...
done
Preprocessing completed.


STEADY-STATE RESULTS:

mc        		 0.888889
Pi        		 1
Z         		 0.0397052
w         		 5.04517
R         		 1.015
epsilon   		 1.04844
Q         		 1
Y         		 2.86139
M         		 0.436671
L         		 0.262152
C         		 1.94489
I         		 0.384351
K         		 19.2176
EX        		 0.508224
N         		 3.6833
K_b       		 14.6954
K_h       		 4.52218
D         		 5.62923
D_star    		 4.27157
x         		 0.304755
psi       		 1.59988
phi       		 3.98974
upsilon   		 1.56389
mu        		 0.00724973
mu_star   		 0.00577149
A         		 1
R_star    		 1.01125
Y_star    		 0.484744
Phi       		 0
Theta     		 0.401
chi_h     		 0.0104817
chi_b     		 0.0134437
Ynet      		 2.37964
P_c       		 1
R_dc      		 1
P_dc      		 0.321594
theta_c   		 1
cryp      		 0.917821
DC        		 1.77951
DC_sup    		 0.572279
m         		 1.74718
R_c       		 1
Lambda    		 0.985222
gam       		 0.027387
trs       		 0.495416
Lambda1   		 1.02199
sigma_Rc  		 0
mu_cryp   		 0.0231117
x_c       		 0.0624564
DE        		 1
logY      		 1.05131
logPi     		 0
logR      		 0.0148886
logI      		 -0.956198
logL      		 -1.33883
logC      		 0.665206
logEX     		 -0.676832
logM      		 -0.828575
logD      		 1.72797
logD_star 		 1.45198
logN      		 1.30381
spread    		 0.00470524
logDC     		 0.576336
logm      		 0.558001
leverage  		 1.38372
TB        		 0.0715536
logcryp   		 -0.085753

EIGENVALUES:
         Modulus             Real        Imaginary

       5.246e-16        5.246e-16                0
       1.323e-15        1.323e-15                0
       2.498e-15       -2.498e-15                0
       3.462e-08        3.462e-08                0
       3.462e-08       -3.462e-08                0
          0.4544           0.4544                0
           0.858            0.858                0
             0.9              0.9                0
             0.9              0.9                0
          0.9363           0.9363                0
            0.95             0.95                0
            0.95             0.95                0
            0.95             0.95                0
          0.9757           0.9757                0
          0.9846           0.9846                0
           1.024            1.024                0
           1.042            1.042                0
           1.071            1.071                0
           1.164            1.164                0
           1.598            1.598                0
             Inf              Inf                0
             Inf              Inf                0


There are 7 eigenvalue(s) larger than 1 in modulus 
for 7 forward-looking variable(s)

The rank condition is verified.

MODEL_DIAGNOSTICS:  The Jacobian of the static model is singular
MODEL_DIAGNOSTICS:  there is 2 colinear relationships between the variables and the equations
Relation 1
Colinear variables:
Z
w
epsilon
Y
M
L
C
I
K
EX
N
K_b
K_h
D
D_star
x
psi
phi
upsilon
mu
mu_star
R_star
Y_star
chi_h
chi_b
Ynet
P_dc
cryp
DC
DC_sup
m
gam
trs
Lambda1
mu_cryp
x_c
logY
logI
logL
logC
logEX
logM
logD
logD_star
logN
spread
logDC
logm
leverage
TB
logcryp
Relation 2
Colinear variables:
Z
w
epsilon
Y
M
L
C
I
K
EX
N
K_b
K_h
D
D_star
x
psi
phi
upsilon
mu
mu_star
R_star
Y_star
chi_h
chi_b
Ynet
P_dc
cryp
DC
DC_sup
m
gam
trs
Lambda1
mu_cryp
x_c
logY
logI
logL
logC
logEX
logM
logD
logD_star
logN
spread
logDC
logm
leverage
TB
logcryp
Relation 1
Colinear equations
    48    49

Relation 2
Colinear equations
    48    49

MODEL_DIAGNOSTICS:  The presence of a singularity problem typically indicates that there is one
MODEL_DIAGNOSTICS:  redundant equation entered in the model block, while another non-redundant equation
MODEL_DIAGNOSTICS:  is missing. The problem often derives from Walras Law.

MODEL SUMMARY

  Number of variables:         67
  Number of stochastic shocks: 6
  Number of state variables:   15
  Number of jumpers:           7
  Number of static variables:  46


MATRIX OF COVARIANCE OF EXOGENOUS SHOCKS
Variables               varepsilon_R      varepsilon_A  varepsilon_Rstar  varepsilon_Ystar            eps_Rc               vol
varepsilon_R                0.000006          0.000000          0.000000          0.000000          0.000000          0.000000
varepsilon_A                0.000000          0.000100          0.000000          0.000000          0.000000          0.000000
varepsilon_Rstar            0.000000          0.000000          0.000006          0.000000          0.000000          0.000000
varepsilon_Ystar            0.000000          0.000000          0.000000          0.000000          0.000000          0.000000
eps_Rc                      0.000000          0.000000          0.000000          0.000000          0.000000          0.000000
vol                         0.000000          0.000000          0.000000          0.000000          0.000000          0.000000

POLICY AND TRANSITION FUNCTIONS
                                  mc              Pi               Z               w               R         epsilon               Q               Y               M               L               C               I               K              EX               N             K_b             K_h               D          D_star               x             psi             phi         upsilon              mu         mu_star               A          R_star          Y_star             Phi           Theta           chi_h           chi_b            Ynet             P_c            R_dc            P_dc         theta_c            cryp              DC          DC_sup               m             R_c          Lambda             gam             trs         Lambda1        sigma_Rc         mu_cryp             x_c              DE            logY           logPi            logR            logI            logL            logC           logEX            logM            logD       logD_star            logN          spread           logDC            logm        leverage              TB         logcryp
Constant                    0.888889        1.000000        0.039705        5.045169        1.015000        1.048439        1.000000        2.861393        0.436671        0.262152        1.944891        0.384351       19.217566        0.508224        3.683300       14.695389        4.522177        5.629228        4.271574        0.304755        1.599884        3.989735        1.563891        0.007250        0.005771        1.000000        1.011254        0.484744               0        0.401000        0.010482        0.013444        2.379644        1.000000        1.000000        0.321594        1.000000        0.917821        1.779506        0.572279        1.747176        1.000000        0.985222        0.027387        0.495416        1.021995               0        0.023112        0.062456        1.000000        1.051308               0        0.014889       -0.956198       -1.338832        0.665206       -0.676832       -0.828575        1.727973        1.451984        1.303809        0.004705        0.576336        0.558001        1.383725        0.071554       -0.085753
R(-1)                      -2.879691       -1.009985       -0.271032       -8.609716        0.327954       -1.773178       -2.120344      -10.262256       -2.242241       -1.342106       -8.494247       -1.222436       -1.222436       -0.859537      -37.038399      -63.065323       61.842887      -46.233751       -2.242241        1.278650        5.829845       14.538267        5.010511        0.138204        0.000307               0               0               0               0               0        0.287352        0.026612       -7.451072               0        0.093266        0.029994               0       -1.000731       -6.548087       -2.052451       -8.964677               0       -0.772417        0.539542       -0.362778        1.357934               0        0.571884        0.332363       -2.701240       -3.586455       -1.009985        0.323107       -3.180516       -5.119580       -4.367466       -1.691255       -5.134852       -8.213160       -0.524921      -10.055766        0.078311       -3.679721       -5.130953        3.643918        1.382704       -1.090334
K(-1)                      -0.010581       -0.004200       -0.002077       -0.000334       -0.000242        0.022253       -0.022150        0.033305       -0.009384       -0.000052        0.027639       -0.012770        0.967230        0.010787       -0.442545       -0.519579        1.486808       -0.488439       -0.009384        0.023324        0.100221        0.249927        0.087501        0.002585        0.000192               0               0               0               0               0        0.006365        0.001285        0.025777               0       -0.000342       -0.000110               0        0.001972        0.021321        0.006661        0.029154               0       -0.001922       -0.000917        0.001176       -0.029808               0        0.000925        0.003726        0.017024        0.011639       -0.004200       -0.000239       -0.033225       -0.000198        0.014211        0.021224       -0.021489       -0.086768       -0.002197       -0.120149        0.001424        0.011981        0.016686        0.062642        0.020170        0.002149
K_b(-1)                     0.001264        0.000448        0.000123        0.003917        0.000193        0.000507        0.024724        0.004816        0.001145        0.000611        0.005344        0.014254        0.014254        0.000246        1.297769        2.661639       -2.647385        1.721517        0.001145       -0.062503       -0.234374       -0.584473       -0.206330       -0.005385       -0.000876               0               0               0               0               0       -0.012280       -0.002747        0.018422               0       -0.000171       -0.000055               0       -0.000430        0.003299        0.000963        0.006535               0        0.000017        0.000428        0.000472       -0.002920               0       -0.002756       -0.012886        0.000932        0.001683        0.000448        0.000190        0.037086        0.002329        0.002748        0.000483        0.002623        0.305818        0.000268        0.352339       -0.002874        0.001854        0.003740       -0.146494       -0.000900       -0.000469
D(-1)                      -0.001259       -0.000446       -0.000123       -0.003899       -0.000192       -0.000504       -0.024610       -0.004794       -0.001140       -0.000608       -0.005320       -0.014188       -0.014188       -0.000244       -1.291781       -2.649357        2.635169       -1.713573       -0.001140        0.062215        0.233292        0.581776        0.205378        0.005360        0.000872               0               0               0               0               0        0.012224        0.002734       -0.018337               0        0.000170        0.000055               0        0.000428       -0.003284       -0.000959       -0.006505               0       -0.000017       -0.000426       -0.000469        0.002907               0        0.002743        0.012826       -0.000927       -0.001675       -0.000446       -0.000190       -0.036915       -0.002318       -0.002735       -0.000481       -0.002610       -0.304406       -0.000267       -0.350713        0.002861       -0.001845       -0.003723        0.145818        0.000896        0.000467
D_star(-1)                 -0.006624       -0.001352       -0.001367       -0.043432        0.001995        0.042840       -0.057159       -0.077207       -0.032879       -0.006770       -0.093628       -0.032954       -0.032954        0.020766       -1.976631       -3.732429        3.699476       -3.784664        0.978375        0.177077        0.360776        0.899691        0.316908        0.007827        0.003765               0               0               0               0               0        0.017168        0.011440       -0.090050               0        0.002937        0.000945               0       -0.008428       -0.053243       -0.015441       -0.119450               0       -0.002009        0.002546       -0.009611        0.062944               0        0.007711        0.018860        0.039509       -0.026982       -0.001352        0.001965       -0.085738       -0.025826       -0.048140        0.040861       -0.075295       -0.672324        0.229043       -0.536647        0.004136       -0.029920       -0.068367        0.225501        0.053646       -0.009182
A(-1)                      -0.558191       -0.218114        0.010329        0.328103       -0.008589        1.224215        0.939019        2.541196       -0.396289        0.051146        1.416526        0.541370        0.541370        0.593431        6.604507        5.156575       -4.615205        7.472758       -0.396289       -0.065533       -0.805027       -2.007548       -0.708933       -0.017697        0.001563        0.950000               0               0               0               0       -0.021690        0.011559        2.432232               0        0.024606        0.007913               0        0.076286        1.536590        0.508239        1.010367               0       -0.102023       -0.070581       -0.071296       -1.205148               0       -0.023514       -0.075372        0.949541        0.888098       -0.218114       -0.008462        1.408529        0.195099        0.728332        1.167655       -0.907522        1.327492       -0.092773        1.793095       -0.008866        0.863492        0.578286       -0.503178        0.989719        0.083116
R_star(-1)                  0.803101        0.530689       -0.016348       -0.519327        0.559496        6.293764       -4.045081       -3.763390       -2.801125       -0.080954       -5.470802       -2.332098       -2.332098        3.050864      -81.787205     -139.292165      136.960067     -143.217103        1.470449        6.055756       13.888853       34.635543       12.039145        0.305583        0.104343               0        0.900000               0               0               0        0.636178        0.352468       -4.563531               0        0.175434        0.056418               0       -1.805377       -2.652646       -0.752678       -7.479264               0       -0.167424        0.966651       -0.697469        4.608048               0        1.027238        0.721789        6.533675       -1.315230        0.530689        0.551227       -6.067621       -0.308807       -2.812909        6.002985       -6.414727      -25.441695        0.344241      -22.204874        0.162908       -1.490664       -4.280774        8.681164        5.851989       -1.967025
Y_star(-1)                  0.258956        0.090858        0.034548        1.097479        0.005176       -0.482439        0.127858        1.656165        0.580891        0.171078        0.936078        0.073714        0.073714        0.709736        4.747225        8.569262       -8.495549        8.084019       -0.319109       -0.379675       -0.924521       -2.305538       -0.823200       -0.018390       -0.008546               0               0        0.900000               0               0       -0.039423       -0.023939        1.321165               0        0.013441        0.004323               0       -0.011660        1.006054        0.331233        0.677885               0        0.035844       -0.005190       -0.044338       -0.075154               0       -0.004308       -0.045199       -0.369292        0.578797        0.090858        0.005100        0.191787        0.652592        0.481301        1.396501        1.330272        1.436079       -0.074705        1.288851       -0.009630        0.565356        0.387989       -0.577867        0.128845       -0.012704
P_c(-1)                    -0.009354       -0.001298       -0.000672       -0.021344       -0.001573       -0.018912        0.024535       -0.018310        0.000487       -0.003327       -0.009452        0.014145        0.014145       -0.009167        0.393574        2.356772       -2.342627        5.313564        0.000487       -0.061814        0.124880        0.311423       -0.182813       -0.004786       -0.033645               0               0               0               0               0       -0.010867       -0.002968        0.003273               0       -0.000095       -0.000031               0       -2.912517       -0.011217       -0.003662       -0.005691       -1.000000        0.002034       -0.002879        0.000761       -0.005197               0        1.535690       -0.209741       -0.019336       -0.006399       -0.001298       -0.001550        0.036802       -0.012692       -0.004860       -0.018038        0.001116        0.943924        0.000114        0.106854       -0.002566       -0.006304       -0.003257        0.078056       -0.009654       -3.173295
P_dc(-1)                   -0.085757       -0.030494       -0.009905       -0.314645       -0.007491        0.062860        0.039617       -0.437752       -0.135114       -0.049048       -0.493858        0.022840        0.022840        0.030471       -0.043335       -0.445509        0.468349        0.027097       -0.135114        0.005798        0.033704        0.084049        0.032876        0.000607        0.000369               0               0               0               0               0        0.002159        0.000637       -0.326337               0       -0.440346        0.858387               0        0.026703       -5.022035       -0.087550        4.537659               0       -0.006668        0.392157        1.354709       -0.120816               0       -0.010886        0.001236        0.029462       -0.152985       -0.030494       -0.007380        0.059426       -0.187097       -0.253926        0.059956       -0.309418        0.004814       -0.031631       -0.011765        0.000327       -2.822151        2.597140        0.021066        0.165585        0.029094
theta_c(-1)                -0.001616       -0.000187       -0.000143       -0.004531       -0.000161       -0.001592        0.000203       -0.005077       -0.000906       -0.000706       -0.003487        0.000117        0.000117       -0.000772        0.006085        0.159754       -0.159636        0.614161       -0.000906       -0.003902        0.015074        0.037592       -0.033689       -0.000414       -0.005190               0               0               0               0               0       -0.000740       -0.000195       -0.002497       -0.154393        0.000017        0.000005        0.950000       -0.449952       -0.003187       -0.001015       -0.003137       -0.154393        0.000281       -0.000299       -0.000001        0.000215               0        0.237144       -0.031310       -0.001705       -0.001774       -0.000187       -0.000158        0.000305       -0.002694       -0.001793       -0.001518       -0.002074        0.109102       -0.000212        0.001652       -0.000168       -0.001791       -0.001795        0.009422        0.000134       -0.490239
cryp(-1)                   -0.001240       -0.000440       -0.000121       -0.003841       -0.000190       -0.000497       -0.024246       -0.004723       -0.001123       -0.000599       -0.005241       -0.013979       -0.013979       -0.000241       -1.272690       -2.610204        2.596225       -1.688250       -0.001123        0.061295        0.229844        0.573178        0.202343        0.005281        0.000859               0               0               0               0               0        0.012043        0.002694       -0.018066               0        0.000167        0.000054               0        0.000422       -0.003235       -0.000945       -0.006409               0       -0.000016       -0.000419       -0.000462        0.002864               0        0.002703        0.012637       -0.000914       -0.001651       -0.000440       -0.000187       -0.036369       -0.002284       -0.002695       -0.000474       -0.002572       -0.299908       -0.000263       -0.345530        0.002819       -0.001818       -0.003668        0.143663        0.000882        0.000460
R_c(-1)                    -0.001138       -0.000404       -0.000111       -0.003526       -0.000174       -0.000456       -0.022254       -0.004335       -0.001031       -0.000550       -0.004810       -0.012830       -0.012830       -0.000221       -1.168102       -2.395700        2.382870       -1.549511       -0.001031        0.056258        0.210956        0.526075        0.185715        0.004847        0.000788               0               0               0               0               0        0.011053        0.002473       -0.016581               0        0.000154        0.000049               0        0.000387       -0.002969       -0.000867       -0.005882               0       -0.000015       -0.000385       -0.000424        0.002629               0        0.002480        0.011598       -0.000838       -0.001515       -0.000404       -0.000171       -0.033380       -0.002097       -0.002473       -0.000435       -0.002361       -0.275262       -0.000241       -0.317135        0.002587       -0.001669       -0.003367        0.131857        0.000810        0.000422
sigma_Rc(-1)                       0               0               0               0               0               0               0               0               0               0               0               0               0               0               0               0               0               0               0               0               0               0               0               0               0               0               0               0               0               0               0               0               0               0               0               0               0               0               0               0               0               0               0               0               0               0        0.950000               0               0               0               0               0               0               0               0               0               0               0               0               0               0               0               0               0               0               0               0
epsilon(-1)                 0.208582        0.073153        0.019630        0.623564       -0.023890        0.128544        0.144044        0.743191        0.162345        0.097203        0.614608        0.083045        0.083045        0.062311        2.169099        3.512183       -3.429138        2.666905        0.162345       -0.067787       -0.329350       -0.821321       -0.281100       -0.007876        0.000329               0               0               0               0               0       -0.015942       -0.000831        0.533623               0       -0.006703       -0.002156               0        0.072834        0.474121        0.148638        0.648287               0        0.056077       -0.039346        0.026152       -0.097426               0       -0.040419       -0.018967       -0.758041        0.259730        0.073153       -0.023536        0.216066        0.370789        0.316011        0.122605        0.371780        0.473760        0.038006        0.588901       -0.004534        0.266434        0.371049       -0.205858       -0.100035        0.079355
varepsilon_R               -3.644752       -1.278277       -0.343008      -10.896141        0.417446       -2.246171       -2.517018      -12.986503       -2.836822       -1.698521      -10.739645       -1.451129       -1.451129       -1.088818      -37.902808      -61.371835       59.920706      -46.601454       -2.836822        1.184511        5.755048       14.351741        4.911933        0.137627       -0.005744               0               0               0               0               0        0.278566        0.014523       -9.324519               0        0.117136        0.037670               0       -1.272693       -8.284778       -2.597301      -11.328163               0       -0.979886        0.687539       -0.456971        1.702423               0        0.706276        0.331433       -3.420673       -4.538525       -1.278277        0.411276       -3.775527       -6.479154       -5.521977       -2.142396       -6.496476       -8.278480       -0.664116      -10.290449        0.079225       -4.655661       -6.483700        3.597166        1.748004       -1.386646
varepsilon_A               -0.587570       -0.229593        0.010872        0.345371       -0.009041        1.288647        0.988441        2.674943       -0.417146        0.053837        1.491080        0.569863        0.569863        0.624664        6.952112        5.427973       -4.858110        7.866061       -0.417146       -0.068982       -0.847397       -2.113209       -0.746245       -0.018629        0.001645        1.000000               0               0               0               0       -0.022832        0.012168        2.560244               0        0.025901        0.008329               0        0.080301        1.617463        0.534989        1.063544               0       -0.107392       -0.074296       -0.075048       -1.268577               0       -0.024752       -0.079339        0.999517        0.934840       -0.229593       -0.008907        1.482662        0.205368        0.766665        1.229110       -0.955287        1.397361       -0.097656        1.887469       -0.009332        0.908939        0.608722       -0.529661        1.041810        0.087491
varepsilon_Rstar            0.923422        0.595999       -0.011748       -0.373190        0.612301        6.792007       -4.226266       -3.819182       -2.958047       -0.058174       -5.639239       -2.436557       -2.436557        3.292384      -81.597608     -137.251389      134.814832     -141.367276       -2.958047        5.897528       13.738802       34.261351       11.889462        0.302803        0.098267               0        1.000000               0               0               0        0.626290        0.337939       -4.647952               0        0.181140        0.058253               0       -1.966420       -2.697497       -0.763836       -7.749670               0       -0.176597        1.062109       -0.729857        4.824635               0        1.105184        0.713473        7.074207       -1.334729        0.595999        0.603252       -6.339399       -0.221909       -2.899514        6.478208       -6.774087      -25.113084       -0.692496      -22.153400        0.161598       -1.515868       -4.435541        8.587375        6.250431       -2.142487
varepsilon_Ystar            0.287729        0.100953        0.038387        1.219421        0.005751       -0.536043        0.142064        1.840183        0.645435        0.190087        1.040086        0.081904        0.081904        0.788595        5.274695        9.521403       -9.439499        8.982243       -0.354565       -0.421861       -1.027245       -2.561709       -0.914667       -0.020434       -0.009496               0               0        1.000000               0               0       -0.043803       -0.026599        1.467961               0        0.014935        0.004803               0       -0.012955        1.117838        0.368037        0.753205               0        0.039827       -0.005767       -0.049264       -0.083504               0       -0.004786       -0.050221       -0.410324        0.643108        0.100953        0.005666        0.213097        0.725102        0.534779        1.551667        1.478080        1.595644       -0.083006        1.432057       -0.010700        0.628173        0.431099       -0.642075        0.143161       -0.014115
eps_Rc                             0               0               0               0               0               0               0               0               0               0               0               0               0               0               0               0               0               0               0               0               0               0               0               0               0               0               0               0               0               0               0               0               0               0               0               0               0               0               0               0               0               0               0               0               0               0        0.030000               0               0               0               0               0               0               0               0               0               0               0               0               0               0               0               0               0               0               0               0
vol                        -0.001701       -0.000197       -0.000150       -0.004770       -0.000169       -0.001676        0.000214       -0.005345       -0.000953       -0.000744       -0.003671        0.000123        0.000123       -0.000812        0.006405        0.168162       -0.168038        0.646485       -0.000953       -0.004108        0.015868        0.039570       -0.035462       -0.000435       -0.005463               0               0               0               0               0       -0.000779       -0.000206       -0.002629       -0.162519        0.000018        0.000006        1.000000       -0.473633       -0.003355       -0.001069       -0.003302       -0.162519        0.000296       -0.000314       -0.000001        0.000226               0        0.249625       -0.032958       -0.001795       -0.001868       -0.000197       -0.000167        0.000321       -0.002836       -0.001887       -0.001598       -0.002183        0.114844       -0.000223        0.001739       -0.000177       -0.001885       -0.001890        0.009918        0.000141       -0.516041
[Warning: Aggregate variance and sum of variances by shocks differ by more than 0.01 %] 
[> In <a href="matlab:matlab.internal.language.introspective.errorDocCallback('th_autocovariances', 'C:\dynare\5.1\matlab\th_autocovariances.m', 206)" style="font-weight:bold">th_autocovariances</a> (<a href="matlab: opentoline('C:\dynare\5.1\matlab\th_autocovariances.m',206,0)">line 206</a>)
In <a href="matlab:matlab.internal.language.introspective.errorDocCallback('disp_th_moments', 'C:\dynare\5.1\matlab\disp_th_moments.m', 40)" style="font-weight:bold">disp_th_moments</a> (<a href="matlab: opentoline('C:\dynare\5.1\matlab\disp_th_moments.m',40,0)">line 40</a>)
In <a href="matlab:matlab.internal.language.introspective.errorDocCallback('stoch_simul', 'C:\dynare\5.1\matlab\stoch_simul.m', 210)" style="font-weight:bold">stoch_simul</a> (<a href="matlab: opentoline('C:\dynare\5.1\matlab\stoch_simul.m',210,0)">line 210</a>)
In <a href="matlab:matlab.internal.language.introspective.errorDocCallback('cdbc_quantity.driver', 'D:\crypto2\crypto_liquidity\cdbc_quantity_0.5\+cdbc_quantity\driver.m', 852)" style="font-weight:bold">cdbc_quantity.driver</a> (<a href="matlab: opentoline('D:\crypto2\crypto_liquidity\cdbc_quantity_0.5\+cdbc_quantity\driver.m',852,0)">line 852</a>)
In <a href="matlab:matlab.internal.language.introspective.errorDocCallback('dynare', 'C:\dynare\5.1\matlab\dynare.m', 281)" style="font-weight:bold">dynare</a> (<a href="matlab: opentoline('C:\dynare\5.1\matlab\dynare.m',281,0)">line 281</a>)
In <a href="matlab:matlab.internal.language.introspective.errorDocCallback('plotfile_sto', 'D:\crypto2\crypto_liquidity\plotfile_sto.m', 59)" style="font-weight:bold">plotfile_sto</a> (<a href="matlab: opentoline('D:\crypto2\crypto_liquidity\plotfile_sto.m',59,0)">line 59</a>)] 


THEORETICAL MOMENTS
VARIABLE          MEAN  STD. DEV.   VARIANCE
mc              0.8889     0.0125     0.0002
Pi              1.0000     0.0053     0.0000
Z               0.0397     0.0019     0.0000
w               5.0452     0.0808     0.0065
R               1.0150     0.0051     0.0000
epsilon         1.0484     0.0703     0.0049
Q               1.0000     0.0467     0.0022
Y               2.8614     0.1804     0.0325
M               0.4367     0.0225     0.0005
L               0.2622     0.0126     0.0002
C               1.9449     0.1352     0.0183
I               0.3844     0.0269     0.0007
K              19.2176     0.6366     0.4052
EX              0.5082     0.0341     0.0012
N               3.6833     0.6399     0.4095
K_b            14.6954     1.1369     1.2924
K_h             4.5222     0.9663     0.9338
D               5.6292     1.0755     1.1566
D_star          4.2716     0.1303     0.0170
x               0.3048     0.0418     0.0017
psi             1.5999     0.0989     0.0098
phi             3.9897     0.2467     0.0609
upsilon         1.5639     0.0858     0.0074
mu              0.0072     0.0022     0.0000
mu_star         0.0058     0.0008     0.0000
A               1.0000     0.0320     0.0010
R_star          1.0113     0.0057     0.0000
Y_star          0.4847     0.0000     0.0000
Phi             0.0000     0.0000     0.0000
Theta           0.4010     0.0000     0.0000
chi_h           0.0105     0.0045     0.0000
chi_b           0.0134     0.0025     0.0000
Ynet            2.3796     0.1529     0.0234
P_c             1.0000     0.0000     0.0000
R_dc            1.0000     0.0009     0.0000
P_dc            0.3216     0.0029     0.0000
theta_c         1.0000     0.0000     0.0000
cryp            0.9178     0.0173     0.0003
DC              1.7795     0.1178     0.0139
DC_sup          0.5723     0.0361     0.0013
m               1.7472     0.1290     0.0166
R_c             1.0000     0.0000     0.0000
Lambda          0.9852     0.0039     0.0000
gam             0.0274     0.0104     0.0001
trs             0.4954     0.0037     0.0000
Lambda1         1.0220     0.0735     0.0054
sigma_Rc        0.0000     0.0000     0.0000
mu_cryp         0.0231     0.0088     0.0001
x_c             0.0625     0.0060     0.0000
DE              1.0000     0.0223     0.0005
logY            1.0513     0.0630     0.0040
logPi           0.0000     0.0053     0.0000
logR            0.0149     0.0050     0.0000
logI           -0.9562     0.0700     0.0049
logL           -1.3388     0.0480     0.0023
logC            0.6652     0.0695     0.0048
logEX          -0.6768     0.0671     0.0045
logM           -0.8286     0.0516     0.0027
logD            1.7280     0.1910     0.0365
logD_star       1.4520     0.0305     0.0009
logN            1.3038     0.1737     0.0302
spread          0.0047     0.0012     0.0000
logDC           0.5763     0.0662     0.0044
logm            0.5580     0.0738     0.0055
leverage        1.3837     0.0618     0.0038
TB              0.0716     0.0484     0.0023
logcryp        -0.0858     0.0189     0.0004



VARIANCE DECOMPOSITION (in percent)
                 varepsilon_R      varepsilon_A  varepsilon_Rstar  varepsilon_Ystar            eps_Rc               vol
mc                      66.65             28.01              5.34              0.00              0.00              0.00
Pi                      46.56             29.62             23.81              0.00              0.00              0.00
Z                       25.55             71.17              3.28              0.00              0.00              0.00
w                       14.32             79.14              6.55              0.00              0.00              0.00
R                        5.26             29.82             64.91              0.00              0.00              0.00
epsilon                  1.38             72.21             26.40              0.00              0.00              0.00
Q                        2.83             65.03             32.13              0.00              0.00              0.00
Y                        4.07             87.78              8.15              0.00              0.00              0.00
M                       12.73              4.26             83.01              0.00              0.00              0.00
L                       14.32             79.14              6.55              0.00              0.00              0.00
C                        4.92             76.86             18.22              0.00              0.00              0.00
I                        2.83             65.03             32.13              0.00              0.00              0.00
K                        0.79             74.10             25.11              0.00              0.00              0.00
EX                       1.38             72.21             26.40              0.00              0.00              0.00
N                       13.45             14.33             72.22              0.00              0.00              0.00
K_b                     18.37              7.48             74.15              0.00              0.00              0.00
K_h                     21.07              7.85             71.07              0.00              0.00              0.00
D                        5.55              9.57             84.88              0.00              0.00              0.00
D_star                  29.45              7.50             63.05              0.00              0.00              0.00
x                        2.65              0.47             96.87              0.00              0.00              0.00
psi                     15.94              4.26             79.80              0.00              0.00              0.00
phi                     15.94              4.26             79.80              0.00              0.00              0.00
upsilon                 16.25              4.14             79.61              0.00              0.00              0.00
mu                      18.48              4.28             77.24              0.00              0.00              0.00
mu_star                  1.53              3.21             95.26              0.00              0.00              0.00
A                        0.00            100.00              0.00              0.00              0.00              0.00
R_star                   0.00              0.00            100.00              0.00              0.00              0.00
Y_star                   0.00              0.00              0.00            100.00              0.00              0.00
Phi                      1.28             81.45             17.27              0.00              0.00              0.00
Theta                    8.72              5.14             86.14              0.00              0.00              0.00
chi_h                   21.55              4.81             73.64              0.00              0.00              0.00
chi_b                    1.53              6.47             92.01              0.00              0.00              0.00
Ynet                     3.01             86.40             10.59              0.00              0.00              0.00
P_c                      0.00              0.00              0.00              0.00              0.00            100.00
R_dc                    13.26             11.84             74.90              0.00              0.00              0.00
P_dc                     1.44              9.15             89.41              0.00              0.00              0.00
theta_c                  0.00              0.00              0.00              0.00              0.00            100.00
cryp                     4.15             37.07             58.78              0.00              0.00              0.00
DC                       4.02             80.27             15.71              0.00              0.00              0.00
DC_sup                   4.07             87.78              8.15              0.00              0.00              0.00
m                        5.87             72.43             21.70              0.00              0.00              0.00
R_c                      0.00              0.00              0.00              0.00              0.00            100.00
Lambda                  49.34             25.81             24.85              0.00              0.00              0.00
gam                      3.46             39.48             57.05              0.00              0.00              0.00
trs                     11.32             12.72             75.96              0.00              0.00              0.00
Lambda1                  0.45             71.76             27.79              0.00              0.00              0.00
sigma_Rc                 0.00              0.01              0.00              0.00             99.99              0.00
mu_cryp                  5.50             24.93             69.57              0.00              0.00              0.00
x_c                     14.73             20.17             65.09              0.00              0.00              0.00
DE                      14.94             21.59             63.47              0.00              0.00              0.00
logY                     4.07             87.78              8.15              0.00              0.00              0.00
logPi                   46.56             29.62             23.81              0.00              0.00              0.00
logR                     5.26             29.82             64.91              0.00              0.00              0.00
logI                     2.83             65.03             32.13              0.00              0.00              0.00
logL                    14.32             79.14              6.55              0.00              0.00              0.00
logC                     4.92             76.86             18.22              0.00              0.00              0.00
logEX                    1.38             72.21             26.40              0.00              0.00              0.00
logM                    12.73              4.26             83.01              0.00              0.00              0.00
logD                     5.55              9.57             84.88              0.00              0.00              0.00
logD_star               29.45              7.50             63.05              0.00              0.00              0.00
logN                    13.45             14.33             72.22              0.00              0.00              0.00
spread                  19.15              4.35             76.50              0.00              0.00              0.00
logDC                    4.02             80.27             15.71              0.00              0.00              0.00
logm                     5.87             72.43             21.70              0.00              0.00              0.00
leverage                15.94              4.26             79.80              0.00              0.00              0.00
TB                       1.67             37.77             60.56              0.00              0.00              0.00
logcryp                  4.15             37.07             58.78              0.00              0.00              0.00



MATRIX OF CORRELATIONS
Variables           mc         Pi          Z          w          R    epsilon          Q          Y          M          L          C          I          K         EX          N        K_b        K_h          D     D_star          x        psi        phi    upsilon         mu    mu_star          A     R_star      chi_h      chi_b       Ynet       R_dc       P_dc       cryp         DC     DC_sup          m     Lambda        gam        trs    Lambda1    mu_cryp        x_c         DE       logY      logPi       logR       logI       logL       logC      logEX       logM       logD  logD_star       logN     spread      logDC       logm   leverage         TB    logcryp
mc              1.0000     0.9361     0.2634     0.1796     0.0199     0.0020    -0.1794    -0.0413     0.2204     0.1796    -0.0215    -0.1794    -0.0405     0.0020    -0.0760    -0.0178    -0.0057    -0.1045     0.1337     0.1018     0.0559     0.0559     0.0572     0.0390     0.1423    -0.2747     0.1955    -0.0026     0.0978    -0.0846    -0.2447     0.0032    -0.0536    -0.0397    -0.0413    -0.0033     0.6186     0.0755     0.1594     0.2037     0.0257     0.0903     0.1905    -0.0413     0.9361     0.0199    -0.1794     0.1796    -0.0215     0.0020     0.2204    -0.1045     0.1337    -0.0760     0.0246    -0.0397    -0.0033     0.0559    -0.1010    -0.0536
Pi              0.9361     1.0000     0.0541    -0.0743     0.3686     0.0065    -0.4669    -0.2848    -0.1007    -0.0743    -0.3031    -0.4669    -0.2371     0.0065    -0.3981    -0.3266     0.2280    -0.4317     0.2429     0.4002     0.3574     0.3574     0.3574     0.3284     0.3961    -0.4047     0.4775     0.2464     0.3377    -0.3345    -0.0208     0.2404    -0.3966    -0.3038    -0.2848    -0.2997     0.3060     0.4142    -0.1351     0.4842     0.3744     0.4089     0.2382    -0.2848     1.0000     0.3686    -0.4669    -0.0743    -0.3031     0.0065    -0.1007    -0.4317     0.2429    -0.3981     0.3135    -0.3038    -0.2997     0.3574     0.0514    -0.3966
Z               0.2634     0.0541     1.0000     0.8636    -0.6087     0.6049     0.8040     0.8182     0.2855     0.8636     0.7839     0.8040     0.2534     0.6049     0.4737     0.2972    -0.1827     0.3725    -0.0494    -0.1565    -0.3521    -0.3521    -0.3469    -0.3486     0.0662     0.7849    -0.1275    -0.2023     0.0947     0.8041    -0.3237     0.0358     0.6324     0.7744     0.8182     0.7867     0.6750    -0.6318     0.4568    -0.6763    -0.5830    -0.5020     0.0975     0.8182     0.0541    -0.6087     0.8040     0.8636     0.7839     0.6049     0.2855     0.3725    -0.0494     0.4737    -0.3561     0.7744     0.7867    -0.3521     0.2928     0.6324
w               0.1796    -0.0743     0.8636     1.0000    -0.7436     0.6915     0.8372     0.9755     0.3423     1.0000     0.9660     0.8372     0.7065     0.6915     0.5861     0.4857    -0.1060     0.5332    -0.3168    -0.2912    -0.4068    -0.4068    -0.4024    -0.3593    -0.1258     0.8287    -0.1898    -0.1607    -0.0174     0.9641    -0.2291    -0.2840     0.7844     0.9675     0.9755     0.9562     0.7232    -0.7975     0.4393    -0.8918    -0.7091    -0.6390     0.0348     0.9755    -0.0743    -0.7436     0.8372     1.0000     0.9660     0.6915     0.3423     0.5332    -0.3168     0.5861    -0.3575     0.9675     0.9562    -0.4068     0.3273     0.7844
R               0.0199     0.3686    -0.6087    -0.7436     1.0000    -0.0742    -0.8928    -0.7596    -0.8268    -0.7436    -0.8508    -0.8928    -0.5840    -0.0742    -0.9219    -0.8570     0.6235    -0.9295     0.3207     0.8222     0.8438     0.8438     0.8400     0.8056     0.6873    -0.5029     0.7970     0.6688     0.6329    -0.7836     0.5765     0.6241    -0.9961    -0.8080    -0.7596    -0.8861    -0.7719     0.9898    -0.7983     0.8751     0.9969     0.9214     0.1629    -0.7596     0.3686     1.0000    -0.8928    -0.7436    -0.8508    -0.0742    -0.8268    -0.9295     0.3207    -0.9219     0.8017    -0.8080    -0.8861     0.8438     0.3321    -0.9961
epsilon         0.0020     0.0065     0.6049     0.6915    -0.0742     1.0000     0.3867     0.7018    -0.4421     0.6915     0.5795     0.3867     0.4694     1.0000    -0.0637    -0.1661     0.5046    -0.1571    -0.1108     0.4263     0.2630     0.2630     0.2654     0.2976     0.5382     0.8270     0.5108     0.4682     0.6575     0.6710     0.3148     0.2732     0.1510     0.6314     0.7018     0.5230     0.1008    -0.1825    -0.2116    -0.4900    -0.0265    -0.0243     0.1587     0.7018     0.0065    -0.0742     0.3867     0.6915     0.5795     1.0000    -0.4421    -0.1571    -0.1108    -0.0637     0.3000     0.6314     0.5230     0.2630     0.9090     0.1510
Q              -0.1794    -0.4669     0.8040     0.8372    -0.8928     0.3867     1.0000     0.8904     0.5366     0.8372     0.9144     1.0000     0.4894     0.3867     0.8236     0.6793    -0.4768     0.7714    -0.2280    -0.5850    -0.7091    -0.7091    -0.7051    -0.6820    -0.3920     0.8028    -0.5660    -0.5147    -0.3298     0.9104    -0.3828    -0.3437     0.9154     0.8946     0.8904     0.9264     0.6035    -0.9214     0.6146    -0.9247    -0.8836    -0.8467    -0.0814     0.8904    -0.4669    -0.8928     1.0000     0.8372     0.9144     0.3867     0.5366     0.7714    -0.2280     0.8236    -0.6792     0.8946     0.9264    -0.7091     0.0226     0.9154
Y              -0.0413    -0.2848     0.8182     0.9755    -0.7596     0.7018     0.8904     1.0000     0.2984     0.9755     0.9859     0.8904     0.7266     0.7018     0.6123     0.4973    -0.1063     0.5649    -0.3517    -0.3185    -0.4257    -0.4257    -0.4215    -0.3737    -0.1596     0.9031    -0.2364    -0.1626    -0.0396     0.9981    -0.1780    -0.2892     0.8087     0.9916     1.0000     0.9720     0.5961    -0.8269     0.4105    -0.9513    -0.7259    -0.6692    -0.0072     1.0000    -0.2848    -0.7596     0.8904     0.9755     0.9859     0.7018     0.2984     0.5649    -0.3517     0.6123    -0.3686     0.9916     0.9720    -0.4257     0.3551     0.8087
M               0.2204    -0.1007     0.2855     0.3423    -0.8268    -0.4421     0.5366     0.2984     1.0000     0.3423     0.4456     0.5366     0.2667    -0.4421     0.8105     0.8190    -0.7879     0.8664    -0.2493    -0.9160    -0.8472    -0.8472    -0.8448    -0.8332    -0.8563    -0.0466    -0.8999    -0.8085    -0.8768     0.3244    -0.6939    -0.7079     0.7775     0.3801     0.2984     0.5071     0.7668    -0.7529     0.8207    -0.4700    -0.8460    -0.7618    -0.1631     0.2984    -0.1007    -0.8268     0.5366     0.3423     0.4456    -0.4421     1.0000     0.8664    -0.2493     0.8105    -0.8340     0.3801     0.5071    -0.8472    -0.7758     0.7775
L               0.1796    -0.0743     0.8636     1.0000    -0.7436     0.6915     0.8372     0.9755     0.3423     1.0000     0.9660     0.8372     0.7065     0.6915     0.5861     0.4857    -0.1060     0.5332    -0.3168    -0.2912    -0.4068    -0.4068    -0.4024    -0.3593    -0.1258     0.8287    -0.1898    -0.1607    -0.0174     0.9641    -0.2291    -0.2840     0.7844     0.9675     0.9755     0.9562     0.7232    -0.7975     0.4393    -0.8918    -0.7091    -0.6390     0.0348     0.9755    -0.0743    -0.7436     0.8372     1.0000     0.9660     0.6915     0.3423     0.5332    -0.3168     0.5861    -0.3575     0.9675     0.9562    -0.4068     0.3273     0.7844
C              -0.0215    -0.3031     0.7839     0.9660    -0.8508     0.5795     0.9144     0.9859     0.4456     0.9660     1.0000     0.9144     0.7582     0.5795     0.7106     0.6129    -0.2216     0.6825    -0.3992    -0.4623    -0.5393    -0.5393    -0.5351    -0.4844    -0.3133     0.8305    -0.3765    -0.2803    -0.1977     0.9894    -0.2651    -0.4191     0.8898     0.9957     0.9859     0.9958     0.6739    -0.9043     0.5095    -0.9779    -0.8222    -0.7574    -0.0409     0.9859    -0.3031    -0.8508     0.9144     0.9660     1.0000     0.5795     0.4456     0.6825    -0.3992     0.7106    -0.4787     0.9957     0.9958    -0.5393     0.2006     0.8898
I              -0.1794    -0.4669     0.8040     0.8372    -0.8928     0.3867     1.0000     0.8904     0.5366     0.8372     0.9144     1.0000     0.4894     0.3867     0.8236     0.6793    -0.4768     0.7714    -0.2280    -0.5850    -0.7091    -0.7091    -0.7051    -0.6820    -0.3920     0.8028    -0.5660    -0.5147    -0.3298     0.9104    -0.3828    -0.3437     0.9154     0.8946     0.8904     0.9264     0.6035    -0.9214     0.6146    -0.9247    -0.8836    -0.8467    -0.0814     0.8904    -0.4669    -0.8928     1.0000     0.8372     0.9144     0.3867     0.5366     0.7714    -0.2280     0.8236    -0.6792     0.8946     0.9264    -0.7091     0.0226     0.9154
K              -0.0405    -0.2371     0.2534     0.7065    -0.5840     0.4694     0.4894     0.7266     0.2667     0.7065     0.7582     0.4894     1.0000     0.4694     0.4740     0.5278     0.0379     0.5150    -0.5399    -0.3547    -0.3019    -0.3019    -0.3007    -0.2158    -0.3487     0.4920    -0.2028    -0.0396    -0.1811     0.7259     0.0083    -0.6032     0.6289     0.7737     0.7266     0.7363     0.4393    -0.6548     0.2112    -0.7704    -0.5548    -0.5352    -0.0756     0.7266    -0.2371    -0.5840     0.4894     0.7065     0.7582     0.4694     0.2667     0.5150    -0.5399     0.4740    -0.2016     0.7737     0.7363    -0.3019     0.2063     0.6289
EX              0.0020     0.0065     0.6049     0.6915    -0.0742     1.0000     0.3867     0.7018    -0.4421     0.6915     0.5795     0.3867     0.4694     1.0000    -0.0637    -0.1661     0.5046    -0.1571    -0.1108     0.4263     0.2630     0.2630     0.2654     0.2976     0.5382     0.8270     0.5108     0.4682     0.6575     0.6710     0.3148     0.2732     0.1510     0.6314     0.7018     0.5230     0.1008    -0.1825    -0.2116    -0.4900    -0.0265    -0.0243     0.1587     0.7018     0.0065    -0.0742     0.3867     0.6915     0.5795     1.0000    -0.4421    -0.1571    -0.1108    -0.0637     0.3000     0.6314     0.5230     0.2630     0.9090     0.1510
N              -0.0760    -0.3981     0.4737     0.5861    -0.9219    -0.0637     0.8236     0.6123     0.8105     0.5861     0.7106     0.8236     0.4740    -0.0637     1.0000     0.9698    -0.8287     0.9781    -0.1660    -0.8952    -0.9743    -0.9743    -0.9734    -0.9541    -0.7438     0.3742    -0.8352    -0.8654    -0.7112     0.6469    -0.4638    -0.6616     0.9085     0.6727     0.6123     0.7423     0.6688    -0.9077     0.6872    -0.7528    -0.9479    -0.9952    -0.1343     0.6123    -0.3981    -0.9219     0.8236     0.5861     0.7106    -0.0637     0.8105     0.9781    -0.1660     1.0000    -0.9502     0.6727     0.7423    -0.9743    -0.4215     0.9085
K_b            -0.0178    -0.3266     0.2972     0.4857    -0.8570    -0.1661     0.6793     0.4973     0.8190     0.4857     0.6129     0.6793     0.5278    -0.1661     0.9698     1.0000    -0.8288     0.9667    -0.1748    -0.9151    -0.9606    -0.9606    -0.9611    -0.9352    -0.8024     0.2047    -0.8268    -0.8696    -0.7644     0.5315    -0.4168    -0.7586     0.8374     0.5763     0.4973     0.6441     0.6477    -0.8375     0.6288    -0.6603    -0.8893    -0.9636    -0.1416     0.4973    -0.3266    -0.8570     0.6793     0.4857     0.6129    -0.1661     0.8190     0.9667    -0.1748     0.9698    -0.9298     0.5763     0.6441    -0.9606    -0.4975     0.8374
K_h            -0.0057     0.2280    -0.1827    -0.1060     0.6235     0.5046    -0.4768    -0.1063    -0.7879    -0.1060    -0.2216    -0.4768     0.0379     0.5046    -0.8287    -0.8288     1.0000    -0.7980    -0.1500     0.8429     0.9313     0.9313     0.9326     0.9581     0.7143     0.0833     0.8391     0.9970     0.7800    -0.1471     0.4958     0.4951    -0.5710    -0.1684    -0.1063    -0.2727    -0.4726     0.5540    -0.6006     0.2693     0.6808     0.7811     0.1168    -0.1063     0.2280     0.6235    -0.4768    -0.1060    -0.2216     0.5046    -0.7879    -0.7980    -0.1500    -0.8287     0.9611    -0.1684    -0.2727     0.9313     0.7212    -0.5710
D              -0.1045    -0.4317     0.3725     0.5332    -0.9295    -0.1571     0.7714     0.5649     0.8664     0.5332     0.6825     0.7714     0.5150    -0.1571     0.9781     0.9667    -0.7980     1.0000    -0.3210    -0.9558    -0.9562    -0.9562    -0.9551    -0.9251    -0.8558     0.2924    -0.8859    -0.8379    -0.8151     0.6021    -0.4647    -0.7720     0.9135     0.6426     0.5649     0.7163     0.6506    -0.9128     0.6922    -0.7453    -0.9518    -0.9666    -0.1602     0.5649    -0.4317    -0.9295     0.7714     0.5332     0.6825    -0.1571     0.8664     1.0000    -0.3210     0.9781    -0.9189     0.6426     0.7163    -0.9562    -0.5132     0.9135
D_star          0.1337     0.2429    -0.0494    -0.3168     0.3207    -0.1108    -0.2280    -0.3517    -0.2493    -0.3168    -0.3992    -0.2280    -0.5399    -0.1108    -0.1660    -0.1748    -0.1500    -0.3210     1.0000     0.3443     0.0755     0.0755     0.0736     0.0017     0.4922    -0.2051     0.1526    -0.1082     0.3783    -0.3572    -0.1777     0.6298    -0.3508    -0.4203    -0.3517    -0.3749    -0.1583     0.3792     0.0085     0.4533     0.2914     0.1812    -0.0221    -0.3517     0.2429     0.3207    -0.2280    -0.3168    -0.3992    -0.1108    -0.2493    -0.3210     1.0000    -0.1660    -0.0118    -0.4203    -0.3749     0.0755     0.0379    -0.3508
x               0.1018     0.4002    -0.1565    -0.2912     0.8222     0.4263    -0.5850    -0.3185    -0.9160    -0.2912    -0.4623    -0.5850    -0.3547     0.4263    -0.8952    -0.9151     0.8429    -0.9558     0.3443     1.0000     0.9284     0.9284     0.9280     0.9053     0.9584    -0.0300     0.9424     0.8704     0.9488    -0.3609     0.4797     0.8183    -0.7879    -0.4142    -0.3185    -0.5061    -0.5565     0.7809    -0.6652     0.5483     0.8540     0.8599     0.1802    -0.3185     0.4002     0.8222    -0.5850    -0.2912    -0.4623     0.4263    -0.9160    -0.9558     0.3443    -0.8952     0.8995    -0.4142    -0.5061     0.9284     0.7256    -0.7879
psi             0.0559     0.3574    -0.3521    -0.4068     0.8438     0.2630    -0.7091    -0.4257    -0.8472    -0.4068    -0.5393    -0.7091    -0.3019     0.2630    -0.9743    -0.9606     0.9313    -0.9562     0.0755     0.9284     1.0000     1.0000     1.0000     0.9954     0.7898    -0.1891     0.8847     0.9547     0.7928    -0.4651     0.4925     0.6503    -0.8137    -0.4935    -0.4257    -0.5802    -0.6130     0.8067    -0.6801     0.5906     0.8833     0.9512     0.1387    -0.4257     0.3574     0.8438    -0.7091    -0.4068    -0.5393     0.2630    -0.8472    -0.9562     0.0755    -0.9743     0.9935    -0.4935    -0.5802     1.0000     0.5787    -0.8137
phi             0.0559     0.3574    -0.3521    -0.4068     0.8438     0.2630    -0.7091    -0.4257    -0.8472    -0.4068    -0.5393    -0.7091    -0.3019     0.2630    -0.9743    -0.9606     0.9313    -0.9562     0.0755     0.9284     1.0000     1.0000     1.0000     0.9954     0.7898    -0.1891     0.8847     0.9547     0.7928    -0.4651     0.4925     0.6503    -0.8137    -0.4935    -0.4257    -0.5802    -0.6130     0.8067    -0.6801     0.5906     0.8833     0.9512     0.1387    -0.4257     0.3574     0.8438    -0.7091    -0.4068    -0.5393     0.2630    -0.8472    -0.9562     0.0755    -0.9743     0.9935    -0.4935    -0.5802     1.0000     0.5787    -0.8137
upsilon         0.0572     0.3574    -0.3469    -0.4024     0.8400     0.2654    -0.7051    -0.4215    -0.8448    -0.4024    -0.5351    -0.7051    -0.3007     0.2654    -0.9734    -0.9611     0.9326    -0.9551     0.0736     0.9280     1.0000     1.0000     1.0000     0.9956     0.7900    -0.1853     0.8834     0.9558     0.7931    -0.4611     0.4882     0.6511    -0.8099    -0.4896    -0.4215    -0.5758    -0.6091     0.8031    -0.6755     0.5869     0.8800     0.9503     0.1381    -0.4215     0.3574     0.8400    -0.7051    -0.4024    -0.5351     0.2654    -0.8448    -0.9551     0.0736    -0.9734     0.9936    -0.4896    -0.5758     1.0000     0.5793    -0.8099
mu              0.0390     0.3284    -0.3486    -0.3593     0.8056     0.2976    -0.6820    -0.3737    -0.8332    -0.3593    -0.4844    -0.6820    -0.2158     0.2976    -0.9541    -0.9352     0.9581    -0.9251     0.0017     0.9053     0.9954     0.9954     0.9956     1.0000     0.7570    -0.1547     0.8745     0.9748     0.7762    -0.4132     0.5039     0.5951    -0.7709    -0.4365    -0.3737    -0.5279    -0.5937     0.7614    -0.6740     0.5311     0.8493     0.9261     0.1301    -0.3737     0.3284     0.8056    -0.6820    -0.3593    -0.4844     0.2976    -0.8332    -0.9251     0.0017    -0.9541     0.9998    -0.4365    -0.5279     0.9954     0.5966    -0.7709
mu_star         0.1423     0.3961     0.0662    -0.1258     0.6873     0.5382    -0.3920    -0.1596    -0.8563    -0.1258    -0.3133    -0.3920    -0.3487     0.5382    -0.7438    -0.8024     0.7143    -0.8558     0.4922     0.9584     0.7898     0.7898     0.7900     0.7570     1.0000     0.1373     0.8839     0.7413     0.9828    -0.2019     0.3756     0.8793    -0.6522    -0.2711    -0.1596    -0.3525    -0.4175     0.6481    -0.5401     0.4227     0.7159     0.7033     0.1871    -0.1596     0.3961     0.6873    -0.3920    -0.1258    -0.3133     0.5382    -0.8563    -0.8558     0.4922    -0.7438     0.7482    -0.2711    -0.3525     0.7898     0.7766    -0.6522
A              -0.2747    -0.4047     0.7849     0.8287    -0.5029     0.8270     0.8028     0.9031    -0.0466     0.8287     0.8305     0.8028     0.4920     0.8270     0.3742     0.2047     0.0833     0.2924    -0.2051    -0.0300    -0.1891    -0.1891    -0.1853    -0.1547     0.1373     1.0000     0.0000     0.0451     0.2427     0.9013     0.0217     0.0438     0.5680     0.8542     0.9031     0.7999     0.2563    -0.5926     0.1691    -0.8094    -0.4670    -0.4401     0.0287     0.9031    -0.4047    -0.5029     0.8028     0.8287     0.8305     0.8270    -0.0466     0.2924    -0.2051     0.3742    -0.1503     0.8542     0.7999    -0.1891     0.6035     0.5680
R_star          0.1955     0.4775    -0.1275    -0.1898     0.7970     0.5108    -0.5660    -0.2364    -0.8999    -0.1898    -0.3765    -0.5660    -0.2028     0.5108    -0.8352    -0.8268     0.8391    -0.8859     0.1526     0.9424     0.8847     0.8847     0.8834     0.8745     0.8839     0.0000     1.0000     0.8548     0.9053    -0.2824     0.6388     0.6439    -0.7540    -0.3124    -0.2364    -0.4371    -0.4786     0.7329    -0.7748     0.4780     0.8255     0.7868     0.2659    -0.2364     0.4775     0.7970    -0.5660    -0.1898    -0.3765     0.5108    -0.8999    -0.8859     0.1526    -0.8352     0.8708    -0.3124    -0.4371     0.8847     0.7776    -0.7540
chi_h          -0.0026     0.2464    -0.2023    -0.1607     0.6688     0.4682    -0.5147    -0.1626    -0.8085    -0.1607    -0.2803    -0.5147    -0.0396     0.4682    -0.8654    -0.8696     0.9970    -0.8379    -0.1082     0.8704     0.9547     0.9547     0.9558     0.9748     0.7413     0.0451     0.8548     1.0000     0.7939    -0.2033     0.4952     0.5418    -0.6197    -0.2283    -0.1626    -0.3297    -0.5066     0.6047    -0.6169     0.3290     0.7237     0.8225     0.1226    -0.1626     0.2464     0.6688    -0.5147    -0.1607    -0.2803     0.4682    -0.8085    -0.8379    -0.1082    -0.8654     0.9767    -0.2283    -0.3297     0.9547     0.7051    -0.6197
chi_b           0.0978     0.3377     0.0947    -0.0174     0.6329     0.6575    -0.3298    -0.0396    -0.8768    -0.0174    -0.1977    -0.3298    -0.1811     0.6575    -0.7112    -0.7644     0.7800    -0.8151     0.3783     0.9488     0.7928     0.7928     0.7931     0.7762     0.9828     0.2427     0.9053     0.7939     1.0000    -0.0830     0.4387     0.8062    -0.5848    -0.1469    -0.0396    -0.2465    -0.4005     0.5730    -0.5662     0.3024     0.6688     0.6560     0.1867    -0.0396     0.3377     0.6329    -0.3298    -0.0174    -0.1977     0.6575    -0.8768    -0.8151     0.3783    -0.7112     0.7705    -0.1469    -0.2465     0.7928     0.8701    -0.5848
Ynet           -0.0846    -0.3345     0.8041     0.9641    -0.7836     0.6710     0.9104     0.9981     0.3244     0.9641     0.9894     0.9104     0.7259     0.6710     0.6469     0.5315    -0.1471     0.6021    -0.3572    -0.3609    -0.4651    -0.4651    -0.4611    -0.4132    -0.2019     0.9013    -0.2824    -0.2033    -0.0830     1.0000    -0.1877    -0.3158     0.8314     0.9934     0.9981     0.9770     0.5860    -0.8497     0.4274    -0.9659    -0.7526    -0.7018    -0.0218     0.9981    -0.3345    -0.7836     0.9104     0.9641     0.9894     0.6710     0.3244     0.6021    -0.3572     0.6469    -0.4075     0.9934     0.9770    -0.4651     0.3213     0.8314
R_dc           -0.2447    -0.0208    -0.3237    -0.2291     0.5765     0.3148    -0.3828    -0.1780    -0.6939    -0.2291    -0.2651    -0.3828     0.0083     0.3148    -0.4638    -0.4168     0.4958    -0.4647    -0.1777     0.4797     0.4925     0.4925     0.4882     0.5039     0.3756     0.0217     0.6388     0.4952     0.4387    -0.1877     1.0000     0.0504    -0.5285    -0.1763    -0.1780    -0.3511    -0.6011     0.4692    -0.9521     0.2522     0.5753     0.4147     0.3692    -0.1780    -0.0208     0.5765    -0.3828    -0.2291    -0.2651     0.3148    -0.6939    -0.4647    -0.1777    -0.4638     0.5116    -0.1763    -0.3511     0.4925     0.5440    -0.5285
P_dc            0.0032     0.2404     0.0358    -0.2840     0.6241     0.2732    -0.3437    -0.2892    -0.7079    -0.2840    -0.4191    -0.3437    -0.6032     0.2732    -0.6616    -0.7586     0.4951    -0.7720     0.6298     0.8183     0.6503     0.6503     0.6511     0.5951     0.8793     0.0438     0.6439     0.5418     0.8062    -0.3158     0.0504     1.0000    -0.6113    -0.4109    -0.2892    -0.4237    -0.4621     0.6318    -0.2731     0.4888     0.6405     0.6529    -0.0009    -0.2892     0.2404     0.6241    -0.3437    -0.2840    -0.4191     0.2732    -0.7079    -0.7720     0.6298    -0.6616     0.5836    -0.4109    -0.4237     0.6503     0.5212    -0.6113
cryp           -0.0536    -0.3966     0.6324     0.7844    -0.9961     0.1510     0.9154     0.8087     0.7775     0.7844     0.8898     0.9154     0.6289     0.1510     0.9085     0.8374    -0.5710     0.9135    -0.3508    -0.7879    -0.8137    -0.8137    -0.8099    -0.7709    -0.6522     0.5680    -0.7540    -0.6197    -0.5848     0.8314    -0.5285    -0.6113     1.0000     0.8530     0.8087     0.9189     0.7503    -0.9977     0.7615    -0.9143    -0.9892    -0.9158    -0.1541     0.8087    -0.3966    -0.9961     0.9154     0.7844     0.8898     0.1510     0.7775     0.9135    -0.3508     0.9085    -0.7660     0.8530     0.9189    -0.8137    -0.2551     1.0000
DC             -0.0397    -0.3038     0.7744     0.9675    -0.8080     0.6314     0.8946     0.9916     0.3801     0.9675     0.9957     0.8946     0.7737     0.6314     0.6727     0.5763    -0.1684     0.6426    -0.4203    -0.4142    -0.4935    -0.4935    -0.4896    -0.4365    -0.2711     0.8542    -0.3124    -0.2283    -0.1469     0.9934    -0.1763    -0.4109     0.8530     1.0000     0.9916     0.9831     0.6303    -0.8731     0.4280    -0.9722    -0.7781    -0.7258    -0.0068     0.9916    -0.3038    -0.8080     0.8946     0.9675     0.9957     0.6314     0.3801     0.6426    -0.4203     0.6727    -0.4301     1.0000     0.9831    -0.4935     0.2675     0.8530
DC_sup         -0.0413    -0.2848     0.8182     0.9755    -0.7596     0.7018     0.8904     1.0000     0.2984     0.9755     0.9859     0.8904     0.7266     0.7018     0.6123     0.4973    -0.1063     0.5649    -0.3517    -0.3185    -0.4257    -0.4257    -0.4215    -0.3737    -0.1596     0.9031    -0.2364    -0.1626    -0.0396     0.9981    -0.1780    -0.2892     0.8087     0.9916     1.0000     0.9720     0.5961    -0.8269     0.4105    -0.9513    -0.7259    -0.6692    -0.0072     1.0000    -0.2848    -0.7596     0.8904     0.9755     0.9859     0.7018     0.2984     0.5649    -0.3517     0.6123    -0.3686     0.9916     0.9720    -0.4257     0.3551     0.8087
m              -0.0033    -0.2997     0.7867     0.9562    -0.8861     0.5230     0.9264     0.9720     0.5071     0.9562     0.9958     0.9264     0.7363     0.5230     0.7423     0.6441    -0.2727     0.7163    -0.3749    -0.5061    -0.5802    -0.5802    -0.5758    -0.5279    -0.3525     0.7999    -0.4371    -0.3297    -0.2465     0.9770    -0.3511    -0.4237     0.9189     0.9831     0.9720     1.0000     0.7115    -0.9276     0.5864    -0.9753    -0.8590    -0.7824    -0.0746     0.9720    -0.2997    -0.8861     0.9264     0.9562     0.9958     0.5230     0.5071     0.7163    -0.3749     0.7423    -0.5230     0.9831     1.0000    -0.5802     0.1323     0.9189
Lambda          0.6186     0.3060     0.6750     0.7232    -0.7719     0.1008     0.6035     0.5961     0.7668     0.7232     0.6739     0.6035     0.4393     0.1008     0.6688     0.6477    -0.4726     0.6506    -0.1583    -0.5565    -0.6130    -0.6130    -0.6091    -0.5937    -0.4175     0.2563    -0.4786    -0.5066    -0.4005     0.5860    -0.6011    -0.4621     0.7503     0.6303     0.5961     0.7115     1.0000    -0.7321     0.7224    -0.5729    -0.7639    -0.6624    -0.0014     0.5961     0.3060    -0.7719     0.6035     0.7232     0.6739     0.1008     0.7668     0.6506    -0.1583     0.6688    -0.5999     0.6303     0.7115    -0.6130    -0.2855     0.7503
gam             0.0755     0.4142    -0.6318    -0.7975     0.9898    -0.1825    -0.9214    -0.8269    -0.7529    -0.7975    -0.9043    -0.9214    -0.6548    -0.1825    -0.9077    -0.8375     0.5540    -0.9128     0.3792     0.7809     0.8067     0.8067     0.8031     0.7614     0.6481    -0.5926     0.7329     0.6047     0.5730    -0.8497     0.4692     0.6318    -0.9977    -0.8731    -0.8269    -0.9276    -0.7321     1.0000    -0.7154     0.9307     0.9826     0.9193     0.1306    -0.8269     0.4142     0.9898    -0.9214    -0.7975    -0.9043    -0.1825    -0.7529    -0.9128     0.3792    -0.9077     0.7556    -0.8731    -0.9276     0.8067     0.2216    -0.9977
trs             0.1594    -0.1351     0.4568     0.4393    -0.7983    -0.2116     0.6146     0.4105     0.8207     0.4393     0.5095     0.6146     0.2112    -0.2116     0.6872     0.6288    -0.6006     0.6922     0.0085    -0.6652    -0.6801    -0.6801    -0.6755    -0.6740    -0.5401     0.1691    -0.7748    -0.6169    -0.5662     0.4274    -0.9521    -0.2731     0.7615     0.4280     0.4105     0.5864     0.7224    -0.7154     1.0000    -0.5125    -0.7966    -0.6505    -0.3380     0.4105    -0.1351    -0.7983     0.6146     0.4393     0.5095    -0.2116     0.8207     0.6922     0.0085     0.6872    -0.6780     0.4280     0.5864    -0.6801    -0.5303     0.7615
Lambda1         0.2037     0.4842    -0.6763    -0.8918     0.8751    -0.4900    -0.9247    -0.9513    -0.4700    -0.8918    -0.9779    -0.9247    -0.7704    -0.4900    -0.7528    -0.6603     0.2693    -0.7453     0.4533     0.5483     0.5906     0.5906     0.5869     0.5311     0.4227    -0.8094     0.4780     0.3290     0.3024    -0.9659     0.2522     0.4888    -0.9143    -0.9722    -0.9513    -0.9753    -0.5729     0.9307    -0.5125     1.0000     0.8510     0.7955     0.0975    -0.9513     0.4842     0.8751    -0.9247    -0.8918    -0.9779    -0.4900    -0.4700    -0.7453     0.4533    -0.7528     0.5221    -0.9722    -0.9753     0.5906    -0.1263    -0.9143
mu_cryp         0.0257     0.3744    -0.5830    -0.7091     0.9969    -0.0265    -0.8836    -0.7259    -0.8460    -0.7091    -0.8222    -0.8836    -0.5548    -0.0265    -0.9479    -0.8893     0.6808    -0.9518     0.2914     0.8540     0.8833     0.8833     0.8800     0.8493     0.7159    -0.4670     0.8255     0.7237     0.6688    -0.7526     0.5753     0.6405    -0.9892    -0.7781    -0.7259    -0.8590    -0.7639     0.9826    -0.7966     0.8510     1.0000     0.9440     0.1626    -0.7259     0.3744     0.9969    -0.8836    -0.7091    -0.8222    -0.0265    -0.8460    -0.9518     0.2914    -0.9479     0.8456    -0.7781    -0.8590     0.8833     0.3745    -0.9892
x_c             0.0903     0.4089    -0.5020    -0.6390     0.9214    -0.0243    -0.8467    -0.6692    -0.7618    -0.6390    -0.7574    -0.8467    -0.5352    -0.0243    -0.9952    -0.9636     0.7811    -0.9666     0.1812     0.8599     0.9512     0.9512     0.9503     0.9261     0.7033    -0.4401     0.7868     0.8225     0.6560    -0.7018     0.4147     0.6529    -0.9158    -0.7258    -0.6692    -0.7824    -0.6624     0.9193    -0.6505     0.7955     0.9440     1.0000     0.1223    -0.6692     0.4089     0.9214    -0.8467    -0.6390    -0.7574    -0.0243    -0.7618    -0.9666     0.1812    -0.9952     0.9214    -0.7258    -0.7824     0.9512     0.3370    -0.9158
DE              0.1905     0.2382     0.0975     0.0348     0.1629     0.1587    -0.0814    -0.0072    -0.1631     0.0348    -0.0409    -0.0814    -0.0756     0.1587    -0.1343    -0.1416     0.1168    -0.1602    -0.0221     0.1802     0.1387     0.1387     0.1381     0.1301     0.1871     0.0287     0.2659     0.1226     0.1867    -0.0218     0.3692    -0.0009    -0.1541    -0.0068    -0.0072    -0.0746    -0.0014     0.1306    -0.3380     0.0975     0.1626     0.1223     1.0000    -0.0072     0.2382     0.1629    -0.0814     0.0348    -0.0409     0.1587    -0.1631    -0.1602    -0.0221    -0.1343     0.1270    -0.0068    -0.0746     0.1387     0.1874    -0.1541
logY           -0.0413    -0.2848     0.8182     0.9755    -0.7596     0.7018     0.8904     1.0000     0.2984     0.9755     0.9859     0.8904     0.7266     0.7018     0.6123     0.4973    -0.1063     0.5649    -0.3517    -0.3185    -0.4257    -0.4257    -0.4215    -0.3737    -0.1596     0.9031    -0.2364    -0.1626    -0.0396     0.9981    -0.1780    -0.2892     0.8087     0.9916     1.0000     0.9720     0.5961    -0.8269     0.4105    -0.9513    -0.7259    -0.6692    -0.0072     1.0000    -0.2848    -0.7596     0.8904     0.9755     0.9859     0.7018     0.2984     0.5649    -0.3517     0.6123    -0.3686     0.9916     0.9720    -0.4257     0.3551     0.8087
logPi           0.9361     1.0000     0.0541    -0.0743     0.3686     0.0065    -0.4669    -0.2848    -0.1007    -0.0743    -0.3031    -0.4669    -0.2371     0.0065    -0.3981    -0.3266     0.2280    -0.4317     0.2429     0.4002     0.3574     0.3574     0.3574     0.3284     0.3961    -0.4047     0.4775     0.2464     0.3377    -0.3345    -0.0208     0.2404    -0.3966    -0.3038    -0.2848    -0.2997     0.3060     0.4142    -0.1351     0.4842     0.3744     0.4089     0.2382    -0.2848     1.0000     0.3686    -0.4669    -0.0743    -0.3031     0.0065    -0.1007    -0.4317     0.2429    -0.3981     0.3135    -0.3038    -0.2997     0.3574     0.0514    -0.3966
logR            0.0199     0.3686    -0.6087    -0.7436     1.0000    -0.0742    -0.8928    -0.7596    -0.8268    -0.7436    -0.8508    -0.8928    -0.5840    -0.0742    -0.9219    -0.8570     0.6235    -0.9295     0.3207     0.8222     0.8438     0.8438     0.8400     0.8056     0.6873    -0.5029     0.7970     0.6688     0.6329    -0.7836     0.5765     0.6241    -0.9961    -0.8080    -0.7596    -0.8861    -0.7719     0.9898    -0.7983     0.8751     0.9969     0.9214     0.1629    -0.7596     0.3686     1.0000    -0.8928    -0.7436    -0.8508    -0.0742    -0.8268    -0.9295     0.3207    -0.9219     0.8017    -0.8080    -0.8861     0.8438     0.3321    -0.9961
logI           -0.1794    -0.4669     0.8040     0.8372    -0.8928     0.3867     1.0000     0.8904     0.5366     0.8372     0.9144     1.0000     0.4894     0.3867     0.8236     0.6793    -0.4768     0.7714    -0.2280    -0.5850    -0.7091    -0.7091    -0.7051    -0.6820    -0.3920     0.8028    -0.5660    -0.5147    -0.3298     0.9104    -0.3828    -0.3437     0.9154     0.8946     0.8904     0.9264     0.6035    -0.9214     0.6146    -0.9247    -0.8836    -0.8467    -0.0814     0.8904    -0.4669    -0.8928     1.0000     0.8372     0.9144     0.3867     0.5366     0.7714    -0.2280     0.8236    -0.6792     0.8946     0.9264    -0.7091     0.0226     0.9154
logL            0.1796    -0.0743     0.8636     1.0000    -0.7436     0.6915     0.8372     0.9755     0.3423     1.0000     0.9660     0.8372     0.7065     0.6915     0.5861     0.4857    -0.1060     0.5332    -0.3168    -0.2912    -0.4068    -0.4068    -0.4024    -0.3593    -0.1258     0.8287    -0.1898    -0.1607    -0.0174     0.9641    -0.2291    -0.2840     0.7844     0.9675     0.9755     0.9562     0.7232    -0.7975     0.4393    -0.8918    -0.7091    -0.6390     0.0348     0.9755    -0.0743    -0.7436     0.8372     1.0000     0.9660     0.6915     0.3423     0.5332    -0.3168     0.5861    -0.3575     0.9675     0.9562    -0.4068     0.3273     0.7844
logC           -0.0215    -0.3031     0.7839     0.9660    -0.8508     0.5795     0.9144     0.9859     0.4456     0.9660     1.0000     0.9144     0.7582     0.5795     0.7106     0.6129    -0.2216     0.6825    -0.3992    -0.4623    -0.5393    -0.5393    -0.5351    -0.4844    -0.3133     0.8305    -0.3765    -0.2803    -0.1977     0.9894    -0.2651    -0.4191     0.8898     0.9957     0.9859     0.9958     0.6739    -0.9043     0.5095    -0.9779    -0.8222    -0.7574    -0.0409     0.9859    -0.3031    -0.8508     0.9144     0.9660     1.0000     0.5795     0.4456     0.6825    -0.3992     0.7106    -0.4787     0.9957     0.9958    -0.5393     0.2006     0.8898
logEX           0.0020     0.0065     0.6049     0.6915    -0.0742     1.0000     0.3867     0.7018    -0.4421     0.6915     0.5795     0.3867     0.4694     1.0000    -0.0637    -0.1661     0.5046    -0.1571    -0.1108     0.4263     0.2630     0.2630     0.2654     0.2976     0.5382     0.8270     0.5108     0.4682     0.6575     0.6710     0.3148     0.2732     0.1510     0.6314     0.7018     0.5230     0.1008    -0.1825    -0.2116    -0.4900    -0.0265    -0.0243     0.1587     0.7018     0.0065    -0.0742     0.3867     0.6915     0.5795     1.0000    -0.4421    -0.1571    -0.1108    -0.0637     0.3000     0.6314     0.5230     0.2630     0.9090     0.1510
logM            0.2204    -0.1007     0.2855     0.3423    -0.8268    -0.4421     0.5366     0.2984     1.0000     0.3423     0.4456     0.5366     0.2667    -0.4421     0.8105     0.8190    -0.7879     0.8664    -0.2493    -0.9160    -0.8472    -0.8472    -0.8448    -0.8332    -0.8563    -0.0466    -0.8999    -0.8085    -0.8768     0.3244    -0.6939    -0.7079     0.7775     0.3801     0.2984     0.5071     0.7668    -0.7529     0.8207    -0.4700    -0.8460    -0.7618    -0.1631     0.2984    -0.1007    -0.8268     0.5366     0.3423     0.4456    -0.4421     1.0000     0.8664    -0.2493     0.8105    -0.8340     0.3801     0.5071    -0.8472    -0.7758     0.7775
logD           -0.1045    -0.4317     0.3725     0.5332    -0.9295    -0.1571     0.7714     0.5649     0.8664     0.5332     0.6825     0.7714     0.5150    -0.1571     0.9781     0.9667    -0.7980     1.0000    -0.3210    -0.9558    -0.9562    -0.9562    -0.9551    -0.9251    -0.8558     0.2924    -0.8859    -0.8379    -0.8151     0.6021    -0.4647    -0.7720     0.9135     0.6426     0.5649     0.7163     0.6506    -0.9128     0.6922    -0.7453    -0.9518    -0.9666    -0.1602     0.5649    -0.4317    -0.9295     0.7714     0.5332     0.6825    -0.1571     0.8664     1.0000    -0.3210     0.9781    -0.9189     0.6426     0.7163    -0.9562    -0.5132     0.9135
logD_star       0.1337     0.2429    -0.0494    -0.3168     0.3207    -0.1108    -0.2280    -0.3517    -0.2493    -0.3168    -0.3992    -0.2280    -0.5399    -0.1108    -0.1660    -0.1748    -0.1500    -0.3210     1.0000     0.3443     0.0755     0.0755     0.0736     0.0017     0.4922    -0.2051     0.1526    -0.1082     0.3783    -0.3572    -0.1777     0.6298    -0.3508    -0.4203    -0.3517    -0.3749    -0.1583     0.3792     0.0085     0.4533     0.2914     0.1812    -0.0221    -0.3517     0.2429     0.3207    -0.2280    -0.3168    -0.3992    -0.1108    -0.2493    -0.3210     1.0000    -0.1660    -0.0118    -0.4203    -0.3749     0.0755     0.0379    -0.3508
logN           -0.0760    -0.3981     0.4737     0.5861    -0.9219    -0.0637     0.8236     0.6123     0.8105     0.5861     0.7106     0.8236     0.4740    -0.0637     1.0000     0.9698    -0.8287     0.9781    -0.1660    -0.8952    -0.9743    -0.9743    -0.9734    -0.9541    -0.7438     0.3742    -0.8352    -0.8654    -0.7112     0.6469    -0.4638    -0.6616     0.9085     0.6727     0.6123     0.7423     0.6688    -0.9077     0.6872    -0.7528    -0.9479    -0.9952    -0.1343     0.6123    -0.3981    -0.9219     0.8236     0.5861     0.7106    -0.0637     0.8105     0.9781    -0.1660     1.0000    -0.9502     0.6727     0.7423    -0.9743    -0.4215     0.9085
spread          0.0246     0.3135    -0.3561    -0.3575     0.8017     0.3000    -0.6792    -0.3686    -0.8340    -0.3575    -0.4787    -0.6792    -0.2016     0.3000    -0.9502    -0.9298     0.9611    -0.9189    -0.0118     0.8995     0.9935     0.9935     0.9936     0.9998     0.7482    -0.1503     0.8708     0.9767     0.7705    -0.4075     0.5116     0.5836    -0.7660    -0.4301    -0.3686    -0.5230    -0.5999     0.7556    -0.6780     0.5221     0.8456     0.9214     0.1270    -0.3686     0.3135     0.8017    -0.6792    -0.3575    -0.4787     0.3000    -0.8340    -0.9189    -0.0118    -0.9502     1.0000    -0.4301    -0.5230     0.9935     0.5986    -0.7660
logDC          -0.0397    -0.3038     0.7744     0.9675    -0.8080     0.6314     0.8946     0.9916     0.3801     0.9675     0.9957     0.8946     0.7737     0.6314     0.6727     0.5763    -0.1684     0.6426    -0.4203    -0.4142    -0.4935    -0.4935    -0.4896    -0.4365    -0.2711     0.8542    -0.3124    -0.2283    -0.1469     0.9934    -0.1763    -0.4109     0.8530     1.0000     0.9916     0.9831     0.6303    -0.8731     0.4280    -0.9722    -0.7781    -0.7258    -0.0068     0.9916    -0.3038    -0.8080     0.8946     0.9675     0.9957     0.6314     0.3801     0.6426    -0.4203     0.6727    -0.4301     1.0000     0.9831    -0.4935     0.2675     0.8530
logm           -0.0033    -0.2997     0.7867     0.9562    -0.8861     0.5230     0.9264     0.9720     0.5071     0.9562     0.9958     0.9264     0.7363     0.5230     0.7423     0.6441    -0.2727     0.7163    -0.3749    -0.5061    -0.5802    -0.5802    -0.5758    -0.5279    -0.3525     0.7999    -0.4371    -0.3297    -0.2465     0.9770    -0.3511    -0.4237     0.9189     0.9831     0.9720     1.0000     0.7115    -0.9276     0.5864    -0.9753    -0.8590    -0.7824    -0.0746     0.9720    -0.2997    -0.8861     0.9264     0.9562     0.9958     0.5230     0.5071     0.7163    -0.3749     0.7423    -0.5230     0.9831     1.0000    -0.5802     0.1323     0.9189
leverage        0.0559     0.3574    -0.3521    -0.4068     0.8438     0.2630    -0.7091    -0.4257    -0.8472    -0.4068    -0.5393    -0.7091    -0.3019     0.2630    -0.9743    -0.9606     0.9313    -0.9562     0.0755     0.9284     1.0000     1.0000     1.0000     0.9954     0.7898    -0.1891     0.8847     0.9547     0.7928    -0.4651     0.4925     0.6503    -0.8137    -0.4935    -0.4257    -0.5802    -0.6130     0.8067    -0.6801     0.5906     0.8833     0.9512     0.1387    -0.4257     0.3574     0.8438    -0.7091    -0.4068    -0.5393     0.2630    -0.8472    -0.9562     0.0755    -0.9743     0.9935    -0.4935    -0.5802     1.0000     0.5787    -0.8137
TB             -0.1010     0.0514     0.2928     0.3273     0.3321     0.9090     0.0226     0.3551    -0.7758     0.3273     0.2006     0.0226     0.2063     0.9090    -0.4215    -0.4975     0.7212    -0.5132     0.0379     0.7256     0.5787     0.5787     0.5793     0.5966     0.7766     0.6035     0.7776     0.7051     0.8701     0.3213     0.5440     0.5212    -0.2551     0.2675     0.3551     0.1323    -0.2855     0.2216    -0.5303    -0.1263     0.3745     0.3370     0.1874     0.3551     0.0514     0.3321     0.0226     0.3273     0.2006     0.9090    -0.7758    -0.5132     0.0379    -0.4215     0.5986     0.2675     0.1323     0.5787     1.0000    -0.2551
logcryp        -0.0536    -0.3966     0.6324     0.7844    -0.9961     0.1510     0.9154     0.8087     0.7775     0.7844     0.8898     0.9154     0.6289     0.1510     0.9085     0.8374    -0.5710     0.9135    -0.3508    -0.7879    -0.8137    -0.8137    -0.8099    -0.7709    -0.6522     0.5680    -0.7540    -0.6197    -0.5848     0.8314    -0.5285    -0.6113     1.0000     0.8530     0.8087     0.9189     0.7503    -0.9977     0.7615    -0.9143    -0.9892    -0.9158    -0.1541     0.8087    -0.3966    -0.9961     0.9154     0.7844     0.8898     0.1510     0.7775     0.9135    -0.3508     0.9085    -0.7660     0.8530     0.9189    -0.8137    -0.2551     1.0000



COEFFICIENTS OF AUTOCORRELATION
Order              1        2        3        4        5
mc            0.4647   0.2206   0.1089   0.0575   0.0335
Pi            0.5785   0.3782   0.2791   0.2268   0.1964
Z             0.8438   0.7454   0.6748   0.6185   0.5701
w             0.9128   0.8567   0.8154   0.7815   0.7517
R             0.9193   0.8503   0.7895   0.7350   0.6858
epsilon       0.9477   0.8984   0.8522   0.8091   0.7688
Q             0.9382   0.8765   0.8173   0.7615   0.7094
Y             0.9631   0.9278   0.8939   0.8616   0.8307
M             0.8486   0.7452   0.6668   0.6030   0.5484
L             0.9128   0.8567   0.8154   0.7815   0.7517
C             0.9584   0.9211   0.8867   0.8545   0.8240
I             0.9382   0.8765   0.8173   0.7615   0.7094
K             0.9993   0.9973   0.9941   0.9898   0.9845
EX            0.9477   0.8984   0.8522   0.8091   0.7688
N             0.9296   0.8650   0.8055   0.7507   0.7003
K_b           0.9424   0.8889   0.8391   0.7928   0.7497
K_h           0.9223   0.8508   0.7849   0.7242   0.6683
D             0.9351   0.8753   0.8203   0.7696   0.7230
D_star        0.9948   0.9871   0.9780   0.9682   0.9579
x             0.9328   0.8712   0.8147   0.7629   0.7153
psi           0.9225   0.8514   0.7861   0.7261   0.6710
phi           0.9225   0.8514   0.7861   0.7261   0.6710
upsilon       0.9230   0.8523   0.7873   0.7276   0.6726
mu            0.9190   0.8449   0.7770   0.7146   0.6573
mu_star       0.9476   0.9002   0.8568   0.8168   0.7797
A             0.9500   0.9025   0.8574   0.8145   0.7738
R_star        0.9000   0.8100   0.7290   0.6561   0.5905
chi_h         0.9221   0.8504   0.7843   0.7234   0.6673
chi_b         0.9394   0.8839   0.8329   0.7860   0.7428
Ynet          0.9658   0.9309   0.8967   0.8636   0.8318
R_dc          0.7122   0.5145   0.3701   0.2604   0.1751
P_dc          0.9949   0.9826   0.9651   0.9438   0.9198
cryp          0.9313   0.8701   0.8150   0.7648   0.7191
DC            0.9660   0.9336   0.9025   0.8726   0.8438
DC_sup        0.9631   0.9278   0.8939   0.8616   0.8307
m             0.9474   0.9029   0.8635   0.8276   0.7946
Lambda        0.6525   0.4810   0.3907   0.3384   0.3043
gam           0.9438   0.8914   0.8425   0.7970   0.7544
trs           0.7613   0.5902   0.4608   0.3594   0.2786
Lambda1       0.9685   0.9354   0.9026   0.8709   0.8407
mu_cryp       0.9186   0.8481   0.7857   0.7295   0.6787
x_c           0.9363   0.8774   0.8230   0.7725   0.7259
DE           -0.0341  -0.0256  -0.0207  -0.0175  -0.0151
logY          0.9631   0.9278   0.8939   0.8616   0.8307
logPi         0.5785   0.3782   0.2791   0.2268   0.1964
logR          0.9193   0.8503   0.7895   0.7350   0.6858
logI          0.9382   0.8765   0.8173   0.7615   0.7094
logL          0.9128   0.8567   0.8154   0.7815   0.7517
logC          0.9584   0.9211   0.8867   0.8545   0.8240
logEX         0.9477   0.8984   0.8522   0.8091   0.7688
logM          0.8486   0.7452   0.6668   0.6030   0.5484
logD          0.9351   0.8753   0.8203   0.7696   0.7230
logD_star     0.9948   0.9871   0.9780   0.9682   0.9579
logN          0.9296   0.8650   0.8055   0.7507   0.7003
spread        0.9178   0.8428   0.7742   0.7114   0.6537
logDC         0.9660   0.9336   0.9025   0.8726   0.8438
logm          0.9474   0.9029   0.8635   0.8276   0.7946
leverage      0.9225   0.8514   0.7861   0.7261   0.6710
TB            0.9149   0.8429   0.7798   0.7234   0.6724
logcryp       0.9313   0.8701   0.8150   0.7648   0.7191
Total computing time : 0h00m00s
Note: warning(s) encountered in MATLAB/Octave code
